[2025-07-31T13:08:00.681+0000] {local_task_job_runner.py:120} INFO - ::group::Pre task execution logs
[2025-07-31T13:08:00.867+0000] {taskinstance.py:2076} INFO - Dependencies all met for dep_context=non-requeueable deps ti=<TaskInstance: solar_ai_pipeline_2.predict_prophet scheduled__2023-08-21T00:00:00+00:00 [queued]>
[2025-07-31T13:08:00.937+0000] {taskinstance.py:2076} INFO - Dependencies all met for dep_context=requeueable deps ti=<TaskInstance: solar_ai_pipeline_2.predict_prophet scheduled__2023-08-21T00:00:00+00:00 [queued]>
[2025-07-31T13:08:00.942+0000] {taskinstance.py:2306} INFO - Starting attempt 1 of 2
[2025-07-31T13:08:01.064+0000] {taskinstance.py:2330} INFO - Executing <Task(PythonOperator): predict_prophet> on 2023-08-21 00:00:00+00:00
[2025-07-31T13:08:01.076+0000] {standard_task_runner.py:63} INFO - Started process 21938 to run task
[2025-07-31T13:08:01.085+0000] {standard_task_runner.py:90} INFO - Running: ['airflow', 'tasks', 'run', 'solar_ai_pipeline_2', 'predict_prophet', 'scheduled__2023-08-21T00:00:00+00:00', '--job-id', '3009', '--raw', '--subdir', 'DAGS_FOLDER/prophet_pipeline.py', '--cfg-path', '/tmp/tmpi_dpsblu']
[2025-07-31T13:08:01.090+0000] {standard_task_runner.py:91} INFO - Job 3009: Subtask predict_prophet
[2025-07-31T13:08:01.392+0000] {task_command.py:426} INFO - Running <TaskInstance: solar_ai_pipeline_2.predict_prophet scheduled__2023-08-21T00:00:00+00:00 [running]> on host a2a0dd314bdc
[2025-07-31T13:08:01.798+0000] {taskinstance.py:2648} INFO - Exporting env vars: AIRFLOW_CTX_DAG_OWNER='ensam' AIRFLOW_CTX_DAG_ID='solar_ai_pipeline_2' AIRFLOW_CTX_TASK_ID='predict_prophet' AIRFLOW_CTX_EXECUTION_DATE='2023-08-21T00:00:00+00:00' AIRFLOW_CTX_TRY_NUMBER='1' AIRFLOW_CTX_DAG_RUN_ID='scheduled__2023-08-21T00:00:00+00:00'
[2025-07-31T13:08:01.800+0000] {taskinstance.py:430} INFO - ::endgroup::
[2025-07-31T13:08:03.936+0000] {plot.py:39} ERROR - Importing plotly failed. Interactive plots will not work.
[2025-07-31T13:08:06.876+0000] {logging_mixin.py:188} WARNING - /opt/airflow/dags/scripts/predict_prophet.py:52 FutureWarning: In a future version of pandas, parsing datetimes with mixed time zones will raise an error unless `utc=True`. Please specify `utc=True` to opt in to the new behaviour and silence this warning. To create a `Series` with mixed offsets and `object` dtype, please use `apply` and `datetime.datetime.strptime`
[2025-07-31T13:08:06.884+0000] {logging_mixin.py:188} INFO - [ERROR] Invalid datetime values found in prediction data:
[2025-07-31T13:08:06.911+0000] {logging_mixin.py:188} INFO -    datetime  solar_irradiance  ...  saison_automne  saison_été
3       NaT          0.000000  ...             1.0         NaN
4       NaT          0.000000  ...             1.0         NaN
5       NaT          0.000000  ...             1.0         NaN
6       NaT          0.000000  ...             1.0         NaN
7       NaT          0.002754  ...             1.0         NaN
8       NaT          0.120262  ...             1.0         NaN
9       NaT          0.364251  ...             1.0         NaN
10      NaT          0.613748  ...             1.0         NaN
11      NaT          0.830968  ...             1.0         NaN
12      NaT          0.866028  ...             1.0         NaN
13      NaT          0.956529  ...             1.0         NaN
14      NaT          1.000000  ...             1.0         NaN
15      NaT          0.928750  ...             1.0         NaN
16      NaT          0.717218  ...             1.0         NaN
17      NaT          0.463567  ...             1.0         NaN
18      NaT          0.193782  ...             1.0         NaN
19      NaT          0.012190  ...             1.0         NaN
20      NaT          0.000000  ...             1.0         NaN
21      NaT          0.000000  ...             1.0         NaN
22      NaT          0.000000  ...             1.0         NaN
23      NaT          0.000000  ...             1.0         NaN
24      NaT          0.000000  ...             1.0         NaN
2       NaT          0.000000  ...             1.0         NaN
3       NaT          0.000000  ...             1.0         NaN
4       NaT          0.000000  ...             1.0         NaN
5       NaT          0.034096  ...             1.0         NaN
6       NaT          0.211904  ...             1.0         NaN
7       NaT          0.469315  ...             1.0         NaN
8       NaT          0.690518  ...             1.0         NaN
9       NaT          0.864540  ...             1.0         NaN
10      NaT          0.973981  ...             1.0         NaN
11      NaT          1.000000  ...             1.0         NaN
12      NaT          0.940227  ...             1.0         NaN
13      NaT          0.855419  ...             1.0         NaN
14      NaT          0.680863  ...             1.0         NaN
15      NaT          0.460492  ...             1.0         NaN
16      NaT          0.227185  ...             1.0         NaN
17      NaT          0.041804  ...             1.0         NaN
18      NaT          0.000000  ...             1.0         NaN
19      NaT          0.000000  ...             1.0         NaN
20      NaT          0.000000  ...             1.0         NaN
21      NaT          0.000000  ...             1.0         NaN
22      NaT          0.000000  ...             1.0         NaN

[43 rows x 15 columns]
[2025-07-31T13:08:06.912+0000] {taskinstance.py:441} INFO - ::group::Post task execution logs
[2025-07-31T13:08:06.913+0000] {taskinstance.py:2905} ERROR - Task failed with exception
Traceback (most recent call last):
  File "/home/airflow/.local/lib/python3.11/site-packages/airflow/models/taskinstance.py", line 465, in _execute_task
    result = _execute_callable(context=context, **execute_callable_kwargs)
             ^^^^^^^^^^^^^^^^^^^^^^^^^^^^^^^^^^^^^^^^^^^^^^^^^^^^^^^^^^^^^
  File "/home/airflow/.local/lib/python3.11/site-packages/airflow/models/taskinstance.py", line 432, in _execute_callable
    return execute_callable(context=context, **execute_callable_kwargs)
           ^^^^^^^^^^^^^^^^^^^^^^^^^^^^^^^^^^^^^^^^^^^^^^^^^^^^^^^^^^^^
  File "/home/airflow/.local/lib/python3.11/site-packages/airflow/models/baseoperator.py", line 401, in wrapper
    return func(self, *args, **kwargs)
           ^^^^^^^^^^^^^^^^^^^^^^^^^^^
  File "/home/airflow/.local/lib/python3.11/site-packages/airflow/operators/python.py", line 235, in execute
    return_value = self.execute_callable()
                   ^^^^^^^^^^^^^^^^^^^^^^^
  File "/home/airflow/.local/lib/python3.11/site-packages/airflow/operators/python.py", line 252, in execute_callable
    return self.python_callable(*self.op_args, **self.op_kwargs)
           ^^^^^^^^^^^^^^^^^^^^^^^^^^^^^^^^^^^^^^^^^^^^^^^^^^^^^
  File "/opt/airflow/dags/scripts/predict_prophet.py", line 58, in predict_prophet
    raise ValueError("Found invalid datetime entries. Fix the input data before continuing.")
ValueError: Found invalid datetime entries. Fix the input data before continuing.
[2025-07-31T13:08:06.965+0000] {taskinstance.py:1206} INFO - Marking task as UP_FOR_RETRY. dag_id=solar_ai_pipeline_2, task_id=predict_prophet, run_id=scheduled__2023-08-21T00:00:00+00:00, execution_date=20230821T000000, start_date=20250731T130800, end_date=20250731T130806
[2025-07-31T13:08:07.080+0000] {standard_task_runner.py:110} ERROR - Failed to execute job 3009 for task predict_prophet (Found invalid datetime entries. Fix the input data before continuing.; 21938)
[2025-07-31T13:08:07.144+0000] {local_task_job_runner.py:240} INFO - Task exited with return code 1
[2025-07-31T13:08:07.191+0000] {taskinstance.py:3503} INFO - 0 downstream tasks scheduled from follow-on schedule check
[2025-07-31T13:08:07.194+0000] {local_task_job_runner.py:222} INFO - ::endgroup::
