[2025-07-29T15:27:20.735+0000] {local_task_job_runner.py:120} INFO - ::group::Pre task execution logs
[2025-07-29T15:27:20.798+0000] {taskinstance.py:2076} INFO - Dependencies all met for dep_context=non-requeueable deps ti=<TaskInstance: solar_ai_pipeline_2.fetch_data scheduled__2023-01-21T00:00:00+00:00 [queued]>
[2025-07-29T15:27:20.839+0000] {taskinstance.py:2076} INFO - Dependencies all met for dep_context=requeueable deps ti=<TaskInstance: solar_ai_pipeline_2.fetch_data scheduled__2023-01-21T00:00:00+00:00 [queued]>
[2025-07-29T15:27:20.844+0000] {taskinstance.py:2306} INFO - Starting attempt 1 of 2
[2025-07-29T15:27:20.963+0000] {taskinstance.py:2330} INFO - Executing <Task(PythonOperator): fetch_data> on 2023-01-21 00:00:00+00:00
[2025-07-29T15:27:20.975+0000] {standard_task_runner.py:63} INFO - Started process 1488 to run task
[2025-07-29T15:27:20.988+0000] {standard_task_runner.py:90} INFO - Running: ['airflow', 'tasks', 'run', 'solar_ai_pipeline_2', 'fetch_data', 'scheduled__2023-01-21T00:00:00+00:00', '--job-id', '1356', '--raw', '--subdir', 'DAGS_FOLDER/prophet_pipeline.py', '--cfg-path', '/tmp/tmpqthvnyu5']
[2025-07-29T15:27:20.994+0000] {standard_task_runner.py:91} INFO - Job 1356: Subtask fetch_data
[2025-07-29T15:27:21.396+0000] {task_command.py:426} INFO - Running <TaskInstance: solar_ai_pipeline_2.fetch_data scheduled__2023-01-21T00:00:00+00:00 [running]> on host 4c586ddbbbe9
[2025-07-29T15:27:21.800+0000] {taskinstance.py:2648} INFO - Exporting env vars: AIRFLOW_CTX_DAG_OWNER='ensam' AIRFLOW_CTX_DAG_ID='solar_ai_pipeline_2' AIRFLOW_CTX_TASK_ID='fetch_data' AIRFLOW_CTX_EXECUTION_DATE='2023-01-21T00:00:00+00:00' AIRFLOW_CTX_TRY_NUMBER='1' AIRFLOW_CTX_DAG_RUN_ID='scheduled__2023-01-21T00:00:00+00:00'
[2025-07-29T15:27:21.802+0000] {taskinstance.py:430} INFO - ::endgroup::
[2025-07-29T15:27:33.110+0000] {logging_mixin.py:188} INFO - Données simulées pour 2023-01-21 sauvegardées dans dags/data/processed/simulated_solar_heating_2023-01-21.csv
[2025-07-29T15:27:33.116+0000] {logging_mixin.py:188} INFO - count     24.000000
mean      64.521167
std       95.071555
min        0.000000
25%        0.000000
50%        0.000000
75%      137.786750
max      261.301600
Name: solar_irradiance, dtype: float64
[2025-07-29T15:27:33.117+0000] {logging_mixin.py:188} INFO - 2023-01-21 00:00:00+01:00 → Altitude: -63.73
[2025-07-29T15:27:33.118+0000] {logging_mixin.py:188} INFO - NASA GHI response keys: ['2023012100', '2023012101', '2023012102', '2023012103', '2023012104', '2023012105', '2023012106', '2023012107', '2023012108', '2023012109', '2023012110', '2023012111', '2023012112', '2023012113', '2023012114', '2023012115', '2023012116', '2023012117', '2023012118', '2023012119', '2023012120', '2023012121', '2023012122', '2023012123']
[2025-07-29T15:27:33.119+0000] {logging_mixin.py:188} INFO - 2023-01-21 01:00:00+01:00 → Altitude: -73.60
[2025-07-29T15:27:33.120+0000] {logging_mixin.py:188} INFO - NASA GHI response keys: ['2023012100', '2023012101', '2023012102', '2023012103', '2023012104', '2023012105', '2023012106', '2023012107', '2023012108', '2023012109', '2023012110', '2023012111', '2023012112', '2023012113', '2023012114', '2023012115', '2023012116', '2023012117', '2023012118', '2023012119', '2023012120', '2023012121', '2023012122', '2023012123']
[2025-07-29T15:27:33.121+0000] {logging_mixin.py:188} INFO - 2023-01-21 02:00:00+01:00 → Altitude: -75.82
[2025-07-29T15:27:33.122+0000] {logging_mixin.py:188} INFO - NASA GHI response keys: ['2023012100', '2023012101', '2023012102', '2023012103', '2023012104', '2023012105', '2023012106', '2023012107', '2023012108', '2023012109', '2023012110', '2023012111', '2023012112', '2023012113', '2023012114', '2023012115', '2023012116', '2023012117', '2023012118', '2023012119', '2023012120', '2023012121', '2023012122', '2023012123']
[2025-07-29T15:27:33.123+0000] {logging_mixin.py:188} INFO - 2023-01-21 03:00:00+01:00 → Altitude: -67.90
[2025-07-29T15:27:33.124+0000] {logging_mixin.py:188} INFO - NASA GHI response keys: ['2023012100', '2023012101', '2023012102', '2023012103', '2023012104', '2023012105', '2023012106', '2023012107', '2023012108', '2023012109', '2023012110', '2023012111', '2023012112', '2023012113', '2023012114', '2023012115', '2023012116', '2023012117', '2023012118', '2023012119', '2023012120', '2023012121', '2023012122', '2023012123']
[2025-07-29T15:27:33.125+0000] {logging_mixin.py:188} INFO - 2023-01-21 04:00:00+01:00 → Altitude: -56.43
[2025-07-29T15:27:33.125+0000] {logging_mixin.py:188} INFO - NASA GHI response keys: ['2023012100', '2023012101', '2023012102', '2023012103', '2023012104', '2023012105', '2023012106', '2023012107', '2023012108', '2023012109', '2023012110', '2023012111', '2023012112', '2023012113', '2023012114', '2023012115', '2023012116', '2023012117', '2023012118', '2023012119', '2023012120', '2023012121', '2023012122', '2023012123']
[2025-07-29T15:27:33.126+0000] {logging_mixin.py:188} INFO - 2023-01-21 05:00:00+01:00 → Altitude: -44.11
[2025-07-29T15:27:33.127+0000] {logging_mixin.py:188} INFO - NASA GHI response keys: ['2023012100', '2023012101', '2023012102', '2023012103', '2023012104', '2023012105', '2023012106', '2023012107', '2023012108', '2023012109', '2023012110', '2023012111', '2023012112', '2023012113', '2023012114', '2023012115', '2023012116', '2023012117', '2023012118', '2023012119', '2023012120', '2023012121', '2023012122', '2023012123']
[2025-07-29T15:27:33.128+0000] {logging_mixin.py:188} INFO - 2023-01-21 06:00:00+01:00 → Altitude: -31.62
[2025-07-29T15:27:33.129+0000] {logging_mixin.py:188} INFO - NASA GHI response keys: ['2023012100', '2023012101', '2023012102', '2023012103', '2023012104', '2023012105', '2023012106', '2023012107', '2023012108', '2023012109', '2023012110', '2023012111', '2023012112', '2023012113', '2023012114', '2023012115', '2023012116', '2023012117', '2023012118', '2023012119', '2023012120', '2023012121', '2023012122', '2023012123']
[2025-07-29T15:27:33.130+0000] {logging_mixin.py:188} INFO - 2023-01-21 07:00:00+01:00 → Altitude: -19.24
[2025-07-29T15:27:33.131+0000] {logging_mixin.py:188} INFO - NASA GHI response keys: ['2023012100', '2023012101', '2023012102', '2023012103', '2023012104', '2023012105', '2023012106', '2023012107', '2023012108', '2023012109', '2023012110', '2023012111', '2023012112', '2023012113', '2023012114', '2023012115', '2023012116', '2023012117', '2023012118', '2023012119', '2023012120', '2023012121', '2023012122', '2023012123']
[2025-07-29T15:27:33.132+0000] {logging_mixin.py:188} INFO - 2023-01-21 08:00:00+01:00 → Altitude: -7.17
[2025-07-29T15:27:33.133+0000] {logging_mixin.py:188} INFO - NASA GHI response keys: ['2023012100', '2023012101', '2023012102', '2023012103', '2023012104', '2023012105', '2023012106', '2023012107', '2023012108', '2023012109', '2023012110', '2023012111', '2023012112', '2023012113', '2023012114', '2023012115', '2023012116', '2023012117', '2023012118', '2023012119', '2023012120', '2023012121', '2023012122', '2023012123']
[2025-07-29T15:27:33.134+0000] {logging_mixin.py:188} INFO - 2023-01-21 09:00:00+01:00 → Altitude: 4.45
[2025-07-29T15:27:33.135+0000] {logging_mixin.py:188} INFO - NASA GHI response keys: ['2023012100', '2023012101', '2023012102', '2023012103', '2023012104', '2023012105', '2023012106', '2023012107', '2023012108', '2023012109', '2023012110', '2023012111', '2023012112', '2023012113', '2023012114', '2023012115', '2023012116', '2023012117', '2023012118', '2023012119', '2023012120', '2023012121', '2023012122', '2023012123']
[2025-07-29T15:27:33.136+0000] {logging_mixin.py:188} INFO - 2023-01-21 10:00:00+01:00 → Altitude: 14.92
[2025-07-29T15:27:33.137+0000] {logging_mixin.py:188} INFO - NASA GHI response keys: ['2023012100', '2023012101', '2023012102', '2023012103', '2023012104', '2023012105', '2023012106', '2023012107', '2023012108', '2023012109', '2023012110', '2023012111', '2023012112', '2023012113', '2023012114', '2023012115', '2023012116', '2023012117', '2023012118', '2023012119', '2023012120', '2023012121', '2023012122', '2023012123']
[2025-07-29T15:27:33.138+0000] {logging_mixin.py:188} INFO - 2023-01-21 11:00:00+01:00 → Altitude: 24.13
[2025-07-29T15:27:33.139+0000] {logging_mixin.py:188} INFO - NASA GHI response keys: ['2023012100', '2023012101', '2023012102', '2023012103', '2023012104', '2023012105', '2023012106', '2023012107', '2023012108', '2023012109', '2023012110', '2023012111', '2023012112', '2023012113', '2023012114', '2023012115', '2023012116', '2023012117', '2023012118', '2023012119', '2023012120', '2023012121', '2023012122', '2023012123']
[2025-07-29T15:27:33.139+0000] {logging_mixin.py:188} INFO - 2023-01-21 12:00:00+01:00 → Altitude: 31.32
[2025-07-29T15:27:33.140+0000] {logging_mixin.py:188} INFO - NASA GHI response keys: ['2023012100', '2023012101', '2023012102', '2023012103', '2023012104', '2023012105', '2023012106', '2023012107', '2023012108', '2023012109', '2023012110', '2023012111', '2023012112', '2023012113', '2023012114', '2023012115', '2023012116', '2023012117', '2023012118', '2023012119', '2023012120', '2023012121', '2023012122', '2023012123']
[2025-07-29T15:27:33.141+0000] {logging_mixin.py:188} INFO - 2023-01-21 13:00:00+01:00 → Altitude: 35.64
[2025-07-29T15:27:33.142+0000] {logging_mixin.py:188} INFO - NASA GHI response keys: ['2023012100', '2023012101', '2023012102', '2023012103', '2023012104', '2023012105', '2023012106', '2023012107', '2023012108', '2023012109', '2023012110', '2023012111', '2023012112', '2023012113', '2023012114', '2023012115', '2023012116', '2023012117', '2023012118', '2023012119', '2023012120', '2023012121', '2023012122', '2023012123']
[2025-07-29T15:27:33.143+0000] {logging_mixin.py:188} INFO - 2023-01-21 14:00:00+01:00 → Altitude: 36.38
[2025-07-29T15:27:33.143+0000] {logging_mixin.py:188} INFO - NASA GHI response keys: ['2023012100', '2023012101', '2023012102', '2023012103', '2023012104', '2023012105', '2023012106', '2023012107', '2023012108', '2023012109', '2023012110', '2023012111', '2023012112', '2023012113', '2023012114', '2023012115', '2023012116', '2023012117', '2023012118', '2023012119', '2023012120', '2023012121', '2023012122', '2023012123']
[2025-07-29T15:27:33.144+0000] {logging_mixin.py:188} INFO - 2023-01-21 15:00:00+01:00 → Altitude: 33.40
[2025-07-29T15:27:33.145+0000] {logging_mixin.py:188} INFO - NASA GHI response keys: ['2023012100', '2023012101', '2023012102', '2023012103', '2023012104', '2023012105', '2023012106', '2023012107', '2023012108', '2023012109', '2023012110', '2023012111', '2023012112', '2023012113', '2023012114', '2023012115', '2023012116', '2023012117', '2023012118', '2023012119', '2023012120', '2023012121', '2023012122', '2023012123']
[2025-07-29T15:27:33.146+0000] {logging_mixin.py:188} INFO - 2023-01-21 16:00:00+01:00 → Altitude: 27.23
[2025-07-29T15:27:33.147+0000] {logging_mixin.py:188} INFO - NASA GHI response keys: ['2023012100', '2023012101', '2023012102', '2023012103', '2023012104', '2023012105', '2023012106', '2023012107', '2023012108', '2023012109', '2023012110', '2023012111', '2023012112', '2023012113', '2023012114', '2023012115', '2023012116', '2023012117', '2023012118', '2023012119', '2023012120', '2023012121', '2023012122', '2023012123']
[2025-07-29T15:27:33.147+0000] {logging_mixin.py:188} INFO - 2023-01-21 17:00:00+01:00 → Altitude: 18.72
[2025-07-29T15:27:33.148+0000] {logging_mixin.py:188} INFO - NASA GHI response keys: ['2023012100', '2023012101', '2023012102', '2023012103', '2023012104', '2023012105', '2023012106', '2023012107', '2023012108', '2023012109', '2023012110', '2023012111', '2023012112', '2023012113', '2023012114', '2023012115', '2023012116', '2023012117', '2023012118', '2023012119', '2023012120', '2023012121', '2023012122', '2023012123']
[2025-07-29T15:27:33.149+0000] {logging_mixin.py:188} INFO - 2023-01-21 18:00:00+01:00 → Altitude: 8.65
[2025-07-29T15:27:33.150+0000] {logging_mixin.py:188} INFO - NASA GHI response keys: ['2023012100', '2023012101', '2023012102', '2023012103', '2023012104', '2023012105', '2023012106', '2023012107', '2023012108', '2023012109', '2023012110', '2023012111', '2023012112', '2023012113', '2023012114', '2023012115', '2023012116', '2023012117', '2023012118', '2023012119', '2023012120', '2023012121', '2023012122', '2023012123']
[2025-07-29T15:27:33.150+0000] {logging_mixin.py:188} INFO - 2023-01-21 19:00:00+01:00 → Altitude: -2.51
[2025-07-29T15:27:33.151+0000] {logging_mixin.py:188} INFO - NASA GHI response keys: ['2023012100', '2023012101', '2023012102', '2023012103', '2023012104', '2023012105', '2023012106', '2023012107', '2023012108', '2023012109', '2023012110', '2023012111', '2023012112', '2023012113', '2023012114', '2023012115', '2023012116', '2023012117', '2023012118', '2023012119', '2023012120', '2023012121', '2023012122', '2023012123']
[2025-07-29T15:27:33.152+0000] {logging_mixin.py:188} INFO - 2023-01-21 20:00:00+01:00 → Altitude: -14.47
[2025-07-29T15:27:33.153+0000] {logging_mixin.py:188} INFO - NASA GHI response keys: ['2023012100', '2023012101', '2023012102', '2023012103', '2023012104', '2023012105', '2023012106', '2023012107', '2023012108', '2023012109', '2023012110', '2023012111', '2023012112', '2023012113', '2023012114', '2023012115', '2023012116', '2023012117', '2023012118', '2023012119', '2023012120', '2023012121', '2023012122', '2023012123']
[2025-07-29T15:27:33.154+0000] {logging_mixin.py:188} INFO - 2023-01-21 21:00:00+01:00 → Altitude: -26.74
[2025-07-29T15:27:33.155+0000] {logging_mixin.py:188} INFO - NASA GHI response keys: ['2023012100', '2023012101', '2023012102', '2023012103', '2023012104', '2023012105', '2023012106', '2023012107', '2023012108', '2023012109', '2023012110', '2023012111', '2023012112', '2023012113', '2023012114', '2023012115', '2023012116', '2023012117', '2023012118', '2023012119', '2023012120', '2023012121', '2023012122', '2023012123']
[2025-07-29T15:27:33.155+0000] {logging_mixin.py:188} INFO - 2023-01-21 22:00:00+01:00 → Altitude: -39.21
[2025-07-29T15:27:33.156+0000] {logging_mixin.py:188} INFO - NASA GHI response keys: ['2023012100', '2023012101', '2023012102', '2023012103', '2023012104', '2023012105', '2023012106', '2023012107', '2023012108', '2023012109', '2023012110', '2023012111', '2023012112', '2023012113', '2023012114', '2023012115', '2023012116', '2023012117', '2023012118', '2023012119', '2023012120', '2023012121', '2023012122', '2023012123']
[2025-07-29T15:27:33.157+0000] {logging_mixin.py:188} INFO - 2023-01-21 23:00:00+01:00 → Altitude: -51.63
[2025-07-29T15:27:33.158+0000] {logging_mixin.py:188} INFO - NASA GHI response keys: ['2023012100', '2023012101', '2023012102', '2023012103', '2023012104', '2023012105', '2023012106', '2023012107', '2023012108', '2023012109', '2023012110', '2023012111', '2023012112', '2023012113', '2023012114', '2023012115', '2023012116', '2023012117', '2023012118', '2023012119', '2023012120', '2023012121', '2023012122', '2023012123']
[2025-07-29T15:27:33.160+0000] {python.py:237} INFO - Done. Returned value was: None
[2025-07-29T15:27:33.161+0000] {taskinstance.py:441} INFO - ::group::Post task execution logs
[2025-07-29T15:27:33.184+0000] {taskinstance.py:1206} INFO - Marking task as SUCCESS. dag_id=solar_ai_pipeline_2, task_id=fetch_data, run_id=scheduled__2023-01-21T00:00:00+00:00, execution_date=20230121T000000, start_date=20250729T152720, end_date=20250729T152733
[2025-07-29T15:27:33.335+0000] {local_task_job_runner.py:240} INFO - Task exited with return code 0
[2025-07-29T15:27:33.399+0000] {taskinstance.py:3503} INFO - 1 downstream tasks scheduled from follow-on schedule check
[2025-07-29T15:27:33.464+0000] {local_task_job_runner.py:222} INFO - ::endgroup::
