[2025-07-31T15:29:58.424+0000] {local_task_job_runner.py:120} INFO - ::group::Pre task execution logs
[2025-07-31T15:29:58.496+0000] {taskinstance.py:2076} INFO - Dependencies all met for dep_context=non-requeueable deps ti=<TaskInstance: solar_ai_pipeline_2.predict_prophet scheduled__2024-01-16T00:00:00+00:00 [queued]>
[2025-07-31T15:29:58.520+0000] {taskinstance.py:2076} INFO - Dependencies all met for dep_context=requeueable deps ti=<TaskInstance: solar_ai_pipeline_2.predict_prophet scheduled__2024-01-16T00:00:00+00:00 [queued]>
[2025-07-31T15:29:58.520+0000] {taskinstance.py:2306} INFO - Starting attempt 1 of 2
[2025-07-31T15:29:58.654+0000] {taskinstance.py:2330} INFO - Executing <Task(PythonOperator): predict_prophet> on 2024-01-16 00:00:00+00:00
[2025-07-31T15:29:58.659+0000] {standard_task_runner.py:63} INFO - Started process 82801 to run task
[2025-07-31T15:29:58.663+0000] {standard_task_runner.py:90} INFO - Running: ['airflow', 'tasks', 'run', 'solar_ai_pipeline_2', 'predict_prophet', 'scheduled__2024-01-16T00:00:00+00:00', '--job-id', '3362', '--raw', '--subdir', 'DAGS_FOLDER/prophet_pipeline.py', '--cfg-path', '/tmp/tmpadpv_88h']
[2025-07-31T15:29:58.665+0000] {standard_task_runner.py:91} INFO - Job 3362: Subtask predict_prophet
[2025-07-31T15:29:58.793+0000] {task_command.py:426} INFO - Running <TaskInstance: solar_ai_pipeline_2.predict_prophet scheduled__2024-01-16T00:00:00+00:00 [running]> on host a2a0dd314bdc
[2025-07-31T15:29:59.022+0000] {taskinstance.py:2648} INFO - Exporting env vars: AIRFLOW_CTX_DAG_OWNER='ensam' AIRFLOW_CTX_DAG_ID='solar_ai_pipeline_2' AIRFLOW_CTX_TASK_ID='predict_prophet' AIRFLOW_CTX_EXECUTION_DATE='2024-01-16T00:00:00+00:00' AIRFLOW_CTX_TRY_NUMBER='1' AIRFLOW_CTX_DAG_RUN_ID='scheduled__2024-01-16T00:00:00+00:00'
[2025-07-31T15:29:59.023+0000] {taskinstance.py:430} INFO - ::endgroup::
[2025-07-31T15:30:01.073+0000] {plot.py:39} ERROR - Importing plotly failed. Interactive plots will not work.
[2025-07-31T15:30:02.593+0000] {logging_mixin.py:188} INFO - Prédictions temperature enregistrées (prophet_forecast_temperature_2024-01-16.csv) — MAE: 0.1183 | RMSE: 0.1666
[2025-07-31T15:30:04.745+0000] {logging_mixin.py:188} INFO - Prédictions flow enregistrées (prophet_forecast_flow_2024-01-16.csv) — MAE: 0.1734 | RMSE: 0.2358
[2025-07-31T15:30:04.749+0000] {python.py:237} INFO - Done. Returned value was: None
[2025-07-31T15:30:04.753+0000] {taskinstance.py:441} INFO - ::group::Post task execution logs
[2025-07-31T15:30:04.801+0000] {taskinstance.py:1206} INFO - Marking task as SUCCESS. dag_id=solar_ai_pipeline_2, task_id=predict_prophet, run_id=scheduled__2024-01-16T00:00:00+00:00, execution_date=20240116T000000, start_date=20250731T152958, end_date=20250731T153004
[2025-07-31T15:30:05.039+0000] {local_task_job_runner.py:240} INFO - Task exited with return code 0
[2025-07-31T15:30:05.229+0000] {taskinstance.py:3503} INFO - 1 downstream tasks scheduled from follow-on schedule check
[2025-07-31T15:30:05.281+0000] {local_task_job_runner.py:222} INFO - ::endgroup::
