[2025-07-31T11:54:27.416+0000] {local_task_job_runner.py:120} INFO - ::group::Pre task execution logs
[2025-07-31T11:54:27.562+0000] {taskinstance.py:2076} INFO - Dependencies all met for dep_context=non-requeueable deps ti=<TaskInstance: solar_ai_pipeline_2.train_prophet scheduled__2023-07-15T00:00:00+00:00 [queued]>
[2025-07-31T11:54:27.610+0000] {taskinstance.py:2076} INFO - Dependencies all met for dep_context=requeueable deps ti=<TaskInstance: solar_ai_pipeline_2.train_prophet scheduled__2023-07-15T00:00:00+00:00 [queued]>
[2025-07-31T11:54:27.615+0000] {taskinstance.py:2306} INFO - Starting attempt 3 of 4
[2025-07-31T11:54:27.825+0000] {taskinstance.py:2330} INFO - Executing <Task(PythonOperator): train_prophet> on 2023-07-15 00:00:00+00:00
[2025-07-31T11:54:27.835+0000] {standard_task_runner.py:63} INFO - Started process 3749 to run task
[2025-07-31T11:54:27.842+0000] {standard_task_runner.py:90} INFO - Running: ['airflow', 'tasks', 'run', 'solar_ai_pipeline_2', 'train_prophet', 'scheduled__2023-07-15T00:00:00+00:00', '--job-id', '2910', '--raw', '--subdir', 'DAGS_FOLDER/prophet_pipeline.py', '--cfg-path', '/tmp/tmpken5mbs6']
[2025-07-31T11:54:27.846+0000] {standard_task_runner.py:91} INFO - Job 2910: Subtask train_prophet
[2025-07-31T11:54:28.162+0000] {task_command.py:426} INFO - Running <TaskInstance: solar_ai_pipeline_2.train_prophet scheduled__2023-07-15T00:00:00+00:00 [running]> on host a2a0dd314bdc
[2025-07-31T11:54:28.572+0000] {taskinstance.py:2648} INFO - Exporting env vars: AIRFLOW_CTX_DAG_OWNER='ensam' AIRFLOW_CTX_DAG_ID='solar_ai_pipeline_2' AIRFLOW_CTX_TASK_ID='train_prophet' AIRFLOW_CTX_EXECUTION_DATE='2023-07-15T00:00:00+00:00' AIRFLOW_CTX_TRY_NUMBER='3' AIRFLOW_CTX_DAG_RUN_ID='scheduled__2023-07-15T00:00:00+00:00'
[2025-07-31T11:54:28.574+0000] {taskinstance.py:430} INFO - ::endgroup::
[2025-07-31T11:54:29.574+0000] {plot.py:39} ERROR - Importing plotly failed. Interactive plots will not work.
[2025-07-31T11:54:29.588+0000] {logging_mixin.py:188} INFO - Training from 2023-01-01 to 2023-01-16
[2025-07-31T11:54:29.854+0000] {logging_mixin.py:188} INFO - Test 1/18: {'changepoint_prior_scale': 0.01, 'seasonality_prior_scale': 1.0, 'seasonality_mode': 'additive'}
[2025-07-31T11:54:29.917+0000] {filesystem.py:118} DEBUG - input tempfile: /tmp/tmp1nfctwa6/sl7v9_4b.json
[2025-07-31T11:54:29.957+0000] {filesystem.py:118} DEBUG - input tempfile: /tmp/tmp1nfctwa6/df4j94f1.json
[2025-07-31T11:54:29.961+0000] {model.py:2042} DEBUG - idx 0
[2025-07-31T11:54:29.962+0000] {model.py:2043} DEBUG - running CmdStan, num_threads: None
[2025-07-31T11:54:29.963+0000] {model.py:2055} DEBUG - CmdStan args: ['/home/airflow/.local/lib/python3.11/site-packages/prophet/stan_model/prophet_model.bin', 'random', 'seed=14930', 'data', 'file=/tmp/tmp1nfctwa6/sl7v9_4b.json', 'init=/tmp/tmp1nfctwa6/df4j94f1.json', 'output', 'file=/tmp/tmp1nfctwa6/prophet_model28mt30ny/prophet_model-20250731115429.csv', 'method=optimize', 'algorithm=lbfgs', 'iter=10000']
[2025-07-31T11:54:29.963+0000] {logging_mixin.py:188} WARNING - 11:54:29 - cmdstanpy - INFO - Chain [1] start processing
[2025-07-31T11:54:29.963+0000] {model.py:2058} INFO - Chain [1] start processing
[2025-07-31T11:54:29.998+0000] {logging_mixin.py:188} WARNING - 11:54:29 - cmdstanpy - INFO - Chain [1] done processing
[2025-07-31T11:54:29.998+0000] {model.py:2115} INFO - Chain [1] done processing
[2025-07-31T11:54:30.002+0000] {logging_mixin.py:188} INFO - Erreur pour {'changepoint_prior_scale': 0.01, 'seasonality_prior_scale': 1.0, 'seasonality_mode': 'additive'}: Less data than horizon after initial window. Make horizon or initial shorter.
[2025-07-31T11:54:30.003+0000] {logging_mixin.py:188} INFO - Test 2/18: {'changepoint_prior_scale': 0.01, 'seasonality_prior_scale': 1.0, 'seasonality_mode': 'multiplicative'}
[2025-07-31T11:54:30.022+0000] {filesystem.py:118} DEBUG - input tempfile: /tmp/tmp1nfctwa6/ug20dprl.json
[2025-07-31T11:54:30.061+0000] {filesystem.py:118} DEBUG - input tempfile: /tmp/tmp1nfctwa6/8981cmpj.json
[2025-07-31T11:54:30.063+0000] {model.py:2042} DEBUG - idx 0
[2025-07-31T11:54:30.064+0000] {model.py:2043} DEBUG - running CmdStan, num_threads: None
[2025-07-31T11:54:30.064+0000] {model.py:2055} DEBUG - CmdStan args: ['/home/airflow/.local/lib/python3.11/site-packages/prophet/stan_model/prophet_model.bin', 'random', 'seed=59206', 'data', 'file=/tmp/tmp1nfctwa6/ug20dprl.json', 'init=/tmp/tmp1nfctwa6/8981cmpj.json', 'output', 'file=/tmp/tmp1nfctwa6/prophet_modelr1kpla1d/prophet_model-20250731115430.csv', 'method=optimize', 'algorithm=lbfgs', 'iter=10000']
[2025-07-31T11:54:30.065+0000] {logging_mixin.py:188} WARNING - 11:54:30 - cmdstanpy - INFO - Chain [1] start processing
[2025-07-31T11:54:30.065+0000] {model.py:2058} INFO - Chain [1] start processing
[2025-07-31T11:54:30.129+0000] {logging_mixin.py:188} WARNING - 11:54:30 - cmdstanpy - INFO - Chain [1] done processing
[2025-07-31T11:54:30.129+0000] {model.py:2115} INFO - Chain [1] done processing
[2025-07-31T11:54:30.133+0000] {logging_mixin.py:188} INFO - Erreur pour {'changepoint_prior_scale': 0.01, 'seasonality_prior_scale': 1.0, 'seasonality_mode': 'multiplicative'}: Less data than horizon after initial window. Make horizon or initial shorter.
[2025-07-31T11:54:30.134+0000] {logging_mixin.py:188} INFO - Test 3/18: {'changepoint_prior_scale': 0.01, 'seasonality_prior_scale': 5.0, 'seasonality_mode': 'additive'}
[2025-07-31T11:54:30.154+0000] {filesystem.py:118} DEBUG - input tempfile: /tmp/tmp1nfctwa6/0g_ejrac.json
[2025-07-31T11:54:30.209+0000] {filesystem.py:118} DEBUG - input tempfile: /tmp/tmp1nfctwa6/zftz14_x.json
[2025-07-31T11:54:30.211+0000] {model.py:2042} DEBUG - idx 0
[2025-07-31T11:54:30.211+0000] {model.py:2043} DEBUG - running CmdStan, num_threads: None
[2025-07-31T11:54:30.212+0000] {model.py:2055} DEBUG - CmdStan args: ['/home/airflow/.local/lib/python3.11/site-packages/prophet/stan_model/prophet_model.bin', 'random', 'seed=59953', 'data', 'file=/tmp/tmp1nfctwa6/0g_ejrac.json', 'init=/tmp/tmp1nfctwa6/zftz14_x.json', 'output', 'file=/tmp/tmp1nfctwa6/prophet_modelc91pz6rf/prophet_model-20250731115430.csv', 'method=optimize', 'algorithm=lbfgs', 'iter=10000']
[2025-07-31T11:54:30.212+0000] {logging_mixin.py:188} WARNING - 11:54:30 - cmdstanpy - INFO - Chain [1] start processing
[2025-07-31T11:54:30.212+0000] {model.py:2058} INFO - Chain [1] start processing
[2025-07-31T11:54:30.241+0000] {logging_mixin.py:188} WARNING - 11:54:30 - cmdstanpy - INFO - Chain [1] done processing
[2025-07-31T11:54:30.241+0000] {model.py:2115} INFO - Chain [1] done processing
[2025-07-31T11:54:30.246+0000] {logging_mixin.py:188} INFO - Erreur pour {'changepoint_prior_scale': 0.01, 'seasonality_prior_scale': 5.0, 'seasonality_mode': 'additive'}: Less data than horizon after initial window. Make horizon or initial shorter.
[2025-07-31T11:54:30.246+0000] {logging_mixin.py:188} INFO - Test 4/18: {'changepoint_prior_scale': 0.01, 'seasonality_prior_scale': 5.0, 'seasonality_mode': 'multiplicative'}
[2025-07-31T11:54:30.266+0000] {filesystem.py:118} DEBUG - input tempfile: /tmp/tmp1nfctwa6/wca2dqnu.json
[2025-07-31T11:54:30.318+0000] {filesystem.py:118} DEBUG - input tempfile: /tmp/tmp1nfctwa6/24lt7lkn.json
[2025-07-31T11:54:30.320+0000] {model.py:2042} DEBUG - idx 0
[2025-07-31T11:54:30.321+0000] {model.py:2043} DEBUG - running CmdStan, num_threads: None
[2025-07-31T11:54:30.321+0000] {model.py:2055} DEBUG - CmdStan args: ['/home/airflow/.local/lib/python3.11/site-packages/prophet/stan_model/prophet_model.bin', 'random', 'seed=90171', 'data', 'file=/tmp/tmp1nfctwa6/wca2dqnu.json', 'init=/tmp/tmp1nfctwa6/24lt7lkn.json', 'output', 'file=/tmp/tmp1nfctwa6/prophet_model36s7cy9d/prophet_model-20250731115430.csv', 'method=optimize', 'algorithm=lbfgs', 'iter=10000']
[2025-07-31T11:54:30.323+0000] {logging_mixin.py:188} WARNING - 11:54:30 - cmdstanpy - INFO - Chain [1] start processing
[2025-07-31T11:54:30.322+0000] {model.py:2058} INFO - Chain [1] start processing
[2025-07-31T11:54:30.362+0000] {logging_mixin.py:188} WARNING - 11:54:30 - cmdstanpy - INFO - Chain [1] done processing
[2025-07-31T11:54:30.362+0000] {model.py:2115} INFO - Chain [1] done processing
[2025-07-31T11:54:30.367+0000] {logging_mixin.py:188} INFO - Erreur pour {'changepoint_prior_scale': 0.01, 'seasonality_prior_scale': 5.0, 'seasonality_mode': 'multiplicative'}: Less data than horizon after initial window. Make horizon or initial shorter.
[2025-07-31T11:54:30.367+0000] {logging_mixin.py:188} INFO - Test 5/18: {'changepoint_prior_scale': 0.01, 'seasonality_prior_scale': 10.0, 'seasonality_mode': 'additive'}
[2025-07-31T11:54:30.386+0000] {filesystem.py:118} DEBUG - input tempfile: /tmp/tmp1nfctwa6/zts5ds6g.json
[2025-07-31T11:54:30.431+0000] {filesystem.py:118} DEBUG - input tempfile: /tmp/tmp1nfctwa6/mohlwfl6.json
[2025-07-31T11:54:30.433+0000] {model.py:2042} DEBUG - idx 0
[2025-07-31T11:54:30.434+0000] {model.py:2043} DEBUG - running CmdStan, num_threads: None
[2025-07-31T11:54:30.434+0000] {model.py:2055} DEBUG - CmdStan args: ['/home/airflow/.local/lib/python3.11/site-packages/prophet/stan_model/prophet_model.bin', 'random', 'seed=15626', 'data', 'file=/tmp/tmp1nfctwa6/zts5ds6g.json', 'init=/tmp/tmp1nfctwa6/mohlwfl6.json', 'output', 'file=/tmp/tmp1nfctwa6/prophet_modelfkyjeqj9/prophet_model-20250731115430.csv', 'method=optimize', 'algorithm=lbfgs', 'iter=10000']
[2025-07-31T11:54:30.435+0000] {logging_mixin.py:188} WARNING - 11:54:30 - cmdstanpy - INFO - Chain [1] start processing
[2025-07-31T11:54:30.435+0000] {model.py:2058} INFO - Chain [1] start processing
[2025-07-31T11:54:30.470+0000] {logging_mixin.py:188} WARNING - 11:54:30 - cmdstanpy - INFO - Chain [1] done processing
[2025-07-31T11:54:30.470+0000] {model.py:2115} INFO - Chain [1] done processing
[2025-07-31T11:54:30.474+0000] {logging_mixin.py:188} INFO - Erreur pour {'changepoint_prior_scale': 0.01, 'seasonality_prior_scale': 10.0, 'seasonality_mode': 'additive'}: Less data than horizon after initial window. Make horizon or initial shorter.
[2025-07-31T11:54:30.474+0000] {logging_mixin.py:188} INFO - Test 6/18: {'changepoint_prior_scale': 0.01, 'seasonality_prior_scale': 10.0, 'seasonality_mode': 'multiplicative'}
[2025-07-31T11:54:30.491+0000] {filesystem.py:118} DEBUG - input tempfile: /tmp/tmp1nfctwa6/nwty1x_4.json
[2025-07-31T11:54:30.531+0000] {filesystem.py:118} DEBUG - input tempfile: /tmp/tmp1nfctwa6/mtzlugq_.json
[2025-07-31T11:54:30.533+0000] {model.py:2042} DEBUG - idx 0
[2025-07-31T11:54:30.534+0000] {model.py:2043} DEBUG - running CmdStan, num_threads: None
[2025-07-31T11:54:30.534+0000] {model.py:2055} DEBUG - CmdStan args: ['/home/airflow/.local/lib/python3.11/site-packages/prophet/stan_model/prophet_model.bin', 'random', 'seed=62922', 'data', 'file=/tmp/tmp1nfctwa6/nwty1x_4.json', 'init=/tmp/tmp1nfctwa6/mtzlugq_.json', 'output', 'file=/tmp/tmp1nfctwa6/prophet_model48emcnmq/prophet_model-20250731115430.csv', 'method=optimize', 'algorithm=lbfgs', 'iter=10000']
[2025-07-31T11:54:30.535+0000] {logging_mixin.py:188} WARNING - 11:54:30 - cmdstanpy - INFO - Chain [1] start processing
[2025-07-31T11:54:30.535+0000] {model.py:2058} INFO - Chain [1] start processing
[2025-07-31T11:54:30.578+0000] {logging_mixin.py:188} WARNING - 11:54:30 - cmdstanpy - INFO - Chain [1] done processing
[2025-07-31T11:54:30.578+0000] {model.py:2115} INFO - Chain [1] done processing
[2025-07-31T11:54:30.583+0000] {logging_mixin.py:188} INFO - Erreur pour {'changepoint_prior_scale': 0.01, 'seasonality_prior_scale': 10.0, 'seasonality_mode': 'multiplicative'}: Less data than horizon after initial window. Make horizon or initial shorter.
[2025-07-31T11:54:30.584+0000] {logging_mixin.py:188} INFO - Test 7/18: {'changepoint_prior_scale': 0.05, 'seasonality_prior_scale': 1.0, 'seasonality_mode': 'additive'}
[2025-07-31T11:54:30.602+0000] {filesystem.py:118} DEBUG - input tempfile: /tmp/tmp1nfctwa6/mmgr0_ik.json
[2025-07-31T11:54:30.642+0000] {filesystem.py:118} DEBUG - input tempfile: /tmp/tmp1nfctwa6/lby87vk6.json
[2025-07-31T11:54:30.644+0000] {model.py:2042} DEBUG - idx 0
[2025-07-31T11:54:30.644+0000] {model.py:2043} DEBUG - running CmdStan, num_threads: None
[2025-07-31T11:54:30.645+0000] {model.py:2055} DEBUG - CmdStan args: ['/home/airflow/.local/lib/python3.11/site-packages/prophet/stan_model/prophet_model.bin', 'random', 'seed=17700', 'data', 'file=/tmp/tmp1nfctwa6/mmgr0_ik.json', 'init=/tmp/tmp1nfctwa6/lby87vk6.json', 'output', 'file=/tmp/tmp1nfctwa6/prophet_modelugo58o0r/prophet_model-20250731115430.csv', 'method=optimize', 'algorithm=lbfgs', 'iter=10000']
[2025-07-31T11:54:30.645+0000] {logging_mixin.py:188} WARNING - 11:54:30 - cmdstanpy - INFO - Chain [1] start processing
[2025-07-31T11:54:30.645+0000] {model.py:2058} INFO - Chain [1] start processing
[2025-07-31T11:54:30.699+0000] {logging_mixin.py:188} WARNING - 11:54:30 - cmdstanpy - INFO - Chain [1] done processing
[2025-07-31T11:54:30.699+0000] {model.py:2115} INFO - Chain [1] done processing
[2025-07-31T11:54:30.707+0000] {logging_mixin.py:188} INFO - Erreur pour {'changepoint_prior_scale': 0.05, 'seasonality_prior_scale': 1.0, 'seasonality_mode': 'additive'}: Less data than horizon after initial window. Make horizon or initial shorter.
[2025-07-31T11:54:30.708+0000] {logging_mixin.py:188} INFO - Test 8/18: {'changepoint_prior_scale': 0.05, 'seasonality_prior_scale': 1.0, 'seasonality_mode': 'multiplicative'}
[2025-07-31T11:54:30.736+0000] {filesystem.py:118} DEBUG - input tempfile: /tmp/tmp1nfctwa6/z8n4_wjf.json
[2025-07-31T11:54:30.788+0000] {filesystem.py:118} DEBUG - input tempfile: /tmp/tmp1nfctwa6/qmnmsedx.json
[2025-07-31T11:54:30.790+0000] {model.py:2042} DEBUG - idx 0
[2025-07-31T11:54:30.790+0000] {model.py:2043} DEBUG - running CmdStan, num_threads: None
[2025-07-31T11:54:30.791+0000] {model.py:2055} DEBUG - CmdStan args: ['/home/airflow/.local/lib/python3.11/site-packages/prophet/stan_model/prophet_model.bin', 'random', 'seed=49207', 'data', 'file=/tmp/tmp1nfctwa6/z8n4_wjf.json', 'init=/tmp/tmp1nfctwa6/qmnmsedx.json', 'output', 'file=/tmp/tmp1nfctwa6/prophet_modelkxm5xfl9/prophet_model-20250731115430.csv', 'method=optimize', 'algorithm=lbfgs', 'iter=10000']
[2025-07-31T11:54:30.792+0000] {logging_mixin.py:188} WARNING - 11:54:30 - cmdstanpy - INFO - Chain [1] start processing
[2025-07-31T11:54:30.792+0000] {model.py:2058} INFO - Chain [1] start processing
[2025-07-31T11:54:30.843+0000] {logging_mixin.py:188} WARNING - 11:54:30 - cmdstanpy - INFO - Chain [1] done processing
[2025-07-31T11:54:30.843+0000] {model.py:2115} INFO - Chain [1] done processing
[2025-07-31T11:54:30.849+0000] {logging_mixin.py:188} INFO - Erreur pour {'changepoint_prior_scale': 0.05, 'seasonality_prior_scale': 1.0, 'seasonality_mode': 'multiplicative'}: Less data than horizon after initial window. Make horizon or initial shorter.
[2025-07-31T11:54:30.850+0000] {logging_mixin.py:188} INFO - Test 9/18: {'changepoint_prior_scale': 0.05, 'seasonality_prior_scale': 5.0, 'seasonality_mode': 'additive'}
[2025-07-31T11:54:30.881+0000] {filesystem.py:118} DEBUG - input tempfile: /tmp/tmp1nfctwa6/qvg3eat6.json
[2025-07-31T11:54:30.921+0000] {filesystem.py:118} DEBUG - input tempfile: /tmp/tmp1nfctwa6/fqwkjju8.json
[2025-07-31T11:54:30.923+0000] {model.py:2042} DEBUG - idx 0
[2025-07-31T11:54:30.924+0000] {model.py:2043} DEBUG - running CmdStan, num_threads: None
[2025-07-31T11:54:30.925+0000] {model.py:2055} DEBUG - CmdStan args: ['/home/airflow/.local/lib/python3.11/site-packages/prophet/stan_model/prophet_model.bin', 'random', 'seed=73569', 'data', 'file=/tmp/tmp1nfctwa6/qvg3eat6.json', 'init=/tmp/tmp1nfctwa6/fqwkjju8.json', 'output', 'file=/tmp/tmp1nfctwa6/prophet_modelgwugnvc2/prophet_model-20250731115430.csv', 'method=optimize', 'algorithm=lbfgs', 'iter=10000']
[2025-07-31T11:54:30.925+0000] {logging_mixin.py:188} WARNING - 11:54:30 - cmdstanpy - INFO - Chain [1] start processing
[2025-07-31T11:54:30.925+0000] {model.py:2058} INFO - Chain [1] start processing
[2025-07-31T11:54:30.964+0000] {logging_mixin.py:188} WARNING - 11:54:30 - cmdstanpy - INFO - Chain [1] done processing
[2025-07-31T11:54:30.964+0000] {model.py:2115} INFO - Chain [1] done processing
[2025-07-31T11:54:30.968+0000] {logging_mixin.py:188} INFO - Erreur pour {'changepoint_prior_scale': 0.05, 'seasonality_prior_scale': 5.0, 'seasonality_mode': 'additive'}: Less data than horizon after initial window. Make horizon or initial shorter.
[2025-07-31T11:54:30.969+0000] {logging_mixin.py:188} INFO - Test 10/18: {'changepoint_prior_scale': 0.05, 'seasonality_prior_scale': 5.0, 'seasonality_mode': 'multiplicative'}
[2025-07-31T11:54:30.985+0000] {filesystem.py:118} DEBUG - input tempfile: /tmp/tmp1nfctwa6/g11dl6n6.json
[2025-07-31T11:54:31.023+0000] {filesystem.py:118} DEBUG - input tempfile: /tmp/tmp1nfctwa6/gx3uc7_k.json
[2025-07-31T11:54:31.025+0000] {model.py:2042} DEBUG - idx 0
[2025-07-31T11:54:31.025+0000] {model.py:2043} DEBUG - running CmdStan, num_threads: None
[2025-07-31T11:54:31.026+0000] {model.py:2055} DEBUG - CmdStan args: ['/home/airflow/.local/lib/python3.11/site-packages/prophet/stan_model/prophet_model.bin', 'random', 'seed=77463', 'data', 'file=/tmp/tmp1nfctwa6/g11dl6n6.json', 'init=/tmp/tmp1nfctwa6/gx3uc7_k.json', 'output', 'file=/tmp/tmp1nfctwa6/prophet_modelffjwqda3/prophet_model-20250731115431.csv', 'method=optimize', 'algorithm=lbfgs', 'iter=10000']
[2025-07-31T11:54:31.027+0000] {logging_mixin.py:188} WARNING - 11:54:31 - cmdstanpy - INFO - Chain [1] start processing
[2025-07-31T11:54:31.026+0000] {model.py:2058} INFO - Chain [1] start processing
[2025-07-31T11:54:31.072+0000] {logging_mixin.py:188} WARNING - 11:54:31 - cmdstanpy - INFO - Chain [1] done processing
[2025-07-31T11:54:31.072+0000] {model.py:2115} INFO - Chain [1] done processing
[2025-07-31T11:54:31.076+0000] {logging_mixin.py:188} INFO - Erreur pour {'changepoint_prior_scale': 0.05, 'seasonality_prior_scale': 5.0, 'seasonality_mode': 'multiplicative'}: Less data than horizon after initial window. Make horizon or initial shorter.
[2025-07-31T11:54:31.077+0000] {logging_mixin.py:188} INFO - Test 11/18: {'changepoint_prior_scale': 0.05, 'seasonality_prior_scale': 10.0, 'seasonality_mode': 'additive'}
[2025-07-31T11:54:31.096+0000] {filesystem.py:118} DEBUG - input tempfile: /tmp/tmp1nfctwa6/a79rxj81.json
[2025-07-31T11:54:31.133+0000] {filesystem.py:118} DEBUG - input tempfile: /tmp/tmp1nfctwa6/rxy13vwh.json
[2025-07-31T11:54:31.135+0000] {model.py:2042} DEBUG - idx 0
[2025-07-31T11:54:31.135+0000] {model.py:2043} DEBUG - running CmdStan, num_threads: None
[2025-07-31T11:54:31.136+0000] {model.py:2055} DEBUG - CmdStan args: ['/home/airflow/.local/lib/python3.11/site-packages/prophet/stan_model/prophet_model.bin', 'random', 'seed=79504', 'data', 'file=/tmp/tmp1nfctwa6/a79rxj81.json', 'init=/tmp/tmp1nfctwa6/rxy13vwh.json', 'output', 'file=/tmp/tmp1nfctwa6/prophet_modelprvkgit_/prophet_model-20250731115431.csv', 'method=optimize', 'algorithm=lbfgs', 'iter=10000']
[2025-07-31T11:54:31.137+0000] {logging_mixin.py:188} WARNING - 11:54:31 - cmdstanpy - INFO - Chain [1] start processing
[2025-07-31T11:54:31.136+0000] {model.py:2058} INFO - Chain [1] start processing
[2025-07-31T11:54:31.182+0000] {logging_mixin.py:188} WARNING - 11:54:31 - cmdstanpy - INFO - Chain [1] done processing
[2025-07-31T11:54:31.181+0000] {model.py:2115} INFO - Chain [1] done processing
[2025-07-31T11:54:31.186+0000] {logging_mixin.py:188} INFO - Erreur pour {'changepoint_prior_scale': 0.05, 'seasonality_prior_scale': 10.0, 'seasonality_mode': 'additive'}: Less data than horizon after initial window. Make horizon or initial shorter.
[2025-07-31T11:54:31.187+0000] {logging_mixin.py:188} INFO - Test 12/18: {'changepoint_prior_scale': 0.05, 'seasonality_prior_scale': 10.0, 'seasonality_mode': 'multiplicative'}
[2025-07-31T11:54:31.204+0000] {filesystem.py:118} DEBUG - input tempfile: /tmp/tmp1nfctwa6/rolm7l3u.json
[2025-07-31T11:54:31.266+0000] {filesystem.py:118} DEBUG - input tempfile: /tmp/tmp1nfctwa6/cv3dsbdb.json
[2025-07-31T11:54:31.268+0000] {model.py:2042} DEBUG - idx 0
[2025-07-31T11:54:31.269+0000] {model.py:2043} DEBUG - running CmdStan, num_threads: None
[2025-07-31T11:54:31.270+0000] {model.py:2055} DEBUG - CmdStan args: ['/home/airflow/.local/lib/python3.11/site-packages/prophet/stan_model/prophet_model.bin', 'random', 'seed=78671', 'data', 'file=/tmp/tmp1nfctwa6/rolm7l3u.json', 'init=/tmp/tmp1nfctwa6/cv3dsbdb.json', 'output', 'file=/tmp/tmp1nfctwa6/prophet_modelf0ycq3u9/prophet_model-20250731115431.csv', 'method=optimize', 'algorithm=lbfgs', 'iter=10000']
[2025-07-31T11:54:31.270+0000] {logging_mixin.py:188} WARNING - 11:54:31 - cmdstanpy - INFO - Chain [1] start processing
[2025-07-31T11:54:31.270+0000] {model.py:2058} INFO - Chain [1] start processing
[2025-07-31T11:54:31.306+0000] {logging_mixin.py:188} WARNING - 11:54:31 - cmdstanpy - INFO - Chain [1] done processing
[2025-07-31T11:54:31.306+0000] {model.py:2115} INFO - Chain [1] done processing
[2025-07-31T11:54:31.311+0000] {logging_mixin.py:188} INFO - Erreur pour {'changepoint_prior_scale': 0.05, 'seasonality_prior_scale': 10.0, 'seasonality_mode': 'multiplicative'}: Less data than horizon after initial window. Make horizon or initial shorter.
[2025-07-31T11:54:31.312+0000] {logging_mixin.py:188} INFO - Test 13/18: {'changepoint_prior_scale': 0.1, 'seasonality_prior_scale': 1.0, 'seasonality_mode': 'additive'}
[2025-07-31T11:54:31.334+0000] {filesystem.py:118} DEBUG - input tempfile: /tmp/tmp1nfctwa6/kav6b0rt.json
[2025-07-31T11:54:31.380+0000] {filesystem.py:118} DEBUG - input tempfile: /tmp/tmp1nfctwa6/_awveel3.json
[2025-07-31T11:54:31.382+0000] {model.py:2042} DEBUG - idx 0
[2025-07-31T11:54:31.382+0000] {model.py:2043} DEBUG - running CmdStan, num_threads: None
[2025-07-31T11:54:31.383+0000] {model.py:2055} DEBUG - CmdStan args: ['/home/airflow/.local/lib/python3.11/site-packages/prophet/stan_model/prophet_model.bin', 'random', 'seed=30308', 'data', 'file=/tmp/tmp1nfctwa6/kav6b0rt.json', 'init=/tmp/tmp1nfctwa6/_awveel3.json', 'output', 'file=/tmp/tmp1nfctwa6/prophet_modelg2jpsi9_/prophet_model-20250731115431.csv', 'method=optimize', 'algorithm=lbfgs', 'iter=10000']
[2025-07-31T11:54:31.383+0000] {logging_mixin.py:188} WARNING - 11:54:31 - cmdstanpy - INFO - Chain [1] start processing
[2025-07-31T11:54:31.383+0000] {model.py:2058} INFO - Chain [1] start processing
[2025-07-31T11:54:31.430+0000] {logging_mixin.py:188} WARNING - 11:54:31 - cmdstanpy - INFO - Chain [1] done processing
[2025-07-31T11:54:31.429+0000] {model.py:2115} INFO - Chain [1] done processing
[2025-07-31T11:54:31.434+0000] {logging_mixin.py:188} INFO - Erreur pour {'changepoint_prior_scale': 0.1, 'seasonality_prior_scale': 1.0, 'seasonality_mode': 'additive'}: Less data than horizon after initial window. Make horizon or initial shorter.
[2025-07-31T11:54:31.435+0000] {logging_mixin.py:188} INFO - Test 14/18: {'changepoint_prior_scale': 0.1, 'seasonality_prior_scale': 1.0, 'seasonality_mode': 'multiplicative'}
[2025-07-31T11:54:31.451+0000] {filesystem.py:118} DEBUG - input tempfile: /tmp/tmp1nfctwa6/sl79momx.json
[2025-07-31T11:54:31.497+0000] {filesystem.py:118} DEBUG - input tempfile: /tmp/tmp1nfctwa6/l3l83874.json
[2025-07-31T11:54:31.500+0000] {model.py:2042} DEBUG - idx 0
[2025-07-31T11:54:31.501+0000] {model.py:2043} DEBUG - running CmdStan, num_threads: None
[2025-07-31T11:54:31.502+0000] {model.py:2055} DEBUG - CmdStan args: ['/home/airflow/.local/lib/python3.11/site-packages/prophet/stan_model/prophet_model.bin', 'random', 'seed=41703', 'data', 'file=/tmp/tmp1nfctwa6/sl79momx.json', 'init=/tmp/tmp1nfctwa6/l3l83874.json', 'output', 'file=/tmp/tmp1nfctwa6/prophet_modelb6yxg1m1/prophet_model-20250731115431.csv', 'method=optimize', 'algorithm=lbfgs', 'iter=10000']
[2025-07-31T11:54:31.502+0000] {logging_mixin.py:188} WARNING - 11:54:31 - cmdstanpy - INFO - Chain [1] start processing
[2025-07-31T11:54:31.502+0000] {model.py:2058} INFO - Chain [1] start processing
[2025-07-31T11:54:31.581+0000] {logging_mixin.py:188} WARNING - 11:54:31 - cmdstanpy - INFO - Chain [1] done processing
[2025-07-31T11:54:31.581+0000] {model.py:2115} INFO - Chain [1] done processing
[2025-07-31T11:54:31.586+0000] {logging_mixin.py:188} INFO - Erreur pour {'changepoint_prior_scale': 0.1, 'seasonality_prior_scale': 1.0, 'seasonality_mode': 'multiplicative'}: Less data than horizon after initial window. Make horizon or initial shorter.
[2025-07-31T11:54:31.586+0000] {logging_mixin.py:188} INFO - Test 15/18: {'changepoint_prior_scale': 0.1, 'seasonality_prior_scale': 5.0, 'seasonality_mode': 'additive'}
[2025-07-31T11:54:31.605+0000] {filesystem.py:118} DEBUG - input tempfile: /tmp/tmp1nfctwa6/acc9pp1c.json
[2025-07-31T11:54:31.651+0000] {filesystem.py:118} DEBUG - input tempfile: /tmp/tmp1nfctwa6/8g1mppc_.json
[2025-07-31T11:54:31.653+0000] {model.py:2042} DEBUG - idx 0
[2025-07-31T11:54:31.654+0000] {model.py:2043} DEBUG - running CmdStan, num_threads: None
[2025-07-31T11:54:31.654+0000] {model.py:2055} DEBUG - CmdStan args: ['/home/airflow/.local/lib/python3.11/site-packages/prophet/stan_model/prophet_model.bin', 'random', 'seed=12944', 'data', 'file=/tmp/tmp1nfctwa6/acc9pp1c.json', 'init=/tmp/tmp1nfctwa6/8g1mppc_.json', 'output', 'file=/tmp/tmp1nfctwa6/prophet_modeldwk3j9qv/prophet_model-20250731115431.csv', 'method=optimize', 'algorithm=lbfgs', 'iter=10000']
[2025-07-31T11:54:31.655+0000] {logging_mixin.py:188} WARNING - 11:54:31 - cmdstanpy - INFO - Chain [1] start processing
[2025-07-31T11:54:31.655+0000] {model.py:2058} INFO - Chain [1] start processing
[2025-07-31T11:54:31.694+0000] {logging_mixin.py:188} WARNING - 11:54:31 - cmdstanpy - INFO - Chain [1] done processing
[2025-07-31T11:54:31.694+0000] {model.py:2115} INFO - Chain [1] done processing
[2025-07-31T11:54:31.698+0000] {logging_mixin.py:188} INFO - Erreur pour {'changepoint_prior_scale': 0.1, 'seasonality_prior_scale': 5.0, 'seasonality_mode': 'additive'}: Less data than horizon after initial window. Make horizon or initial shorter.
[2025-07-31T11:54:31.699+0000] {logging_mixin.py:188} INFO - Test 16/18: {'changepoint_prior_scale': 0.1, 'seasonality_prior_scale': 5.0, 'seasonality_mode': 'multiplicative'}
[2025-07-31T11:54:31.717+0000] {filesystem.py:118} DEBUG - input tempfile: /tmp/tmp1nfctwa6/uqcxuqb7.json
[2025-07-31T11:54:31.760+0000] {filesystem.py:118} DEBUG - input tempfile: /tmp/tmp1nfctwa6/o7axfkj7.json
[2025-07-31T11:54:31.761+0000] {model.py:2042} DEBUG - idx 0
[2025-07-31T11:54:31.762+0000] {model.py:2043} DEBUG - running CmdStan, num_threads: None
[2025-07-31T11:54:31.763+0000] {model.py:2055} DEBUG - CmdStan args: ['/home/airflow/.local/lib/python3.11/site-packages/prophet/stan_model/prophet_model.bin', 'random', 'seed=38235', 'data', 'file=/tmp/tmp1nfctwa6/uqcxuqb7.json', 'init=/tmp/tmp1nfctwa6/o7axfkj7.json', 'output', 'file=/tmp/tmp1nfctwa6/prophet_modelhinsyhjv/prophet_model-20250731115431.csv', 'method=optimize', 'algorithm=lbfgs', 'iter=10000']
[2025-07-31T11:54:31.763+0000] {logging_mixin.py:188} WARNING - 11:54:31 - cmdstanpy - INFO - Chain [1] start processing
[2025-07-31T11:54:31.763+0000] {model.py:2058} INFO - Chain [1] start processing
[2025-07-31T11:54:31.852+0000] {logging_mixin.py:188} WARNING - 11:54:31 - cmdstanpy - INFO - Chain [1] done processing
[2025-07-31T11:54:31.852+0000] {model.py:2115} INFO - Chain [1] done processing
[2025-07-31T11:54:31.857+0000] {logging_mixin.py:188} INFO - Erreur pour {'changepoint_prior_scale': 0.1, 'seasonality_prior_scale': 5.0, 'seasonality_mode': 'multiplicative'}: Less data than horizon after initial window. Make horizon or initial shorter.
[2025-07-31T11:54:31.858+0000] {logging_mixin.py:188} INFO - Test 17/18: {'changepoint_prior_scale': 0.1, 'seasonality_prior_scale': 10.0, 'seasonality_mode': 'additive'}
[2025-07-31T11:54:31.878+0000] {filesystem.py:118} DEBUG - input tempfile: /tmp/tmp1nfctwa6/x5v6npef.json
[2025-07-31T11:54:31.936+0000] {filesystem.py:118} DEBUG - input tempfile: /tmp/tmp1nfctwa6/gx8qxqw1.json
[2025-07-31T11:54:31.939+0000] {model.py:2042} DEBUG - idx 0
[2025-07-31T11:54:31.939+0000] {model.py:2043} DEBUG - running CmdStan, num_threads: None
[2025-07-31T11:54:31.940+0000] {model.py:2055} DEBUG - CmdStan args: ['/home/airflow/.local/lib/python3.11/site-packages/prophet/stan_model/prophet_model.bin', 'random', 'seed=44736', 'data', 'file=/tmp/tmp1nfctwa6/x5v6npef.json', 'init=/tmp/tmp1nfctwa6/gx8qxqw1.json', 'output', 'file=/tmp/tmp1nfctwa6/prophet_modeltba4m4we/prophet_model-20250731115431.csv', 'method=optimize', 'algorithm=lbfgs', 'iter=10000']
[2025-07-31T11:54:31.940+0000] {logging_mixin.py:188} WARNING - 11:54:31 - cmdstanpy - INFO - Chain [1] start processing
[2025-07-31T11:54:31.940+0000] {model.py:2058} INFO - Chain [1] start processing
[2025-07-31T11:54:31.975+0000] {logging_mixin.py:188} WARNING - 11:54:31 - cmdstanpy - INFO - Chain [1] done processing
[2025-07-31T11:54:31.975+0000] {model.py:2115} INFO - Chain [1] done processing
[2025-07-31T11:54:31.980+0000] {logging_mixin.py:188} INFO - Erreur pour {'changepoint_prior_scale': 0.1, 'seasonality_prior_scale': 10.0, 'seasonality_mode': 'additive'}: Less data than horizon after initial window. Make horizon or initial shorter.
[2025-07-31T11:54:31.981+0000] {logging_mixin.py:188} INFO - Test 18/18: {'changepoint_prior_scale': 0.1, 'seasonality_prior_scale': 10.0, 'seasonality_mode': 'multiplicative'}
[2025-07-31T11:54:32.004+0000] {filesystem.py:118} DEBUG - input tempfile: /tmp/tmp1nfctwa6/p3x9melu.json
[2025-07-31T11:54:32.047+0000] {filesystem.py:118} DEBUG - input tempfile: /tmp/tmp1nfctwa6/g4ve88fn.json
[2025-07-31T11:54:32.049+0000] {model.py:2042} DEBUG - idx 0
[2025-07-31T11:54:32.049+0000] {model.py:2043} DEBUG - running CmdStan, num_threads: None
[2025-07-31T11:54:32.050+0000] {model.py:2055} DEBUG - CmdStan args: ['/home/airflow/.local/lib/python3.11/site-packages/prophet/stan_model/prophet_model.bin', 'random', 'seed=34921', 'data', 'file=/tmp/tmp1nfctwa6/p3x9melu.json', 'init=/tmp/tmp1nfctwa6/g4ve88fn.json', 'output', 'file=/tmp/tmp1nfctwa6/prophet_modeliyu889k6/prophet_model-20250731115432.csv', 'method=optimize', 'algorithm=lbfgs', 'iter=10000']
[2025-07-31T11:54:32.051+0000] {logging_mixin.py:188} WARNING - 11:54:32 - cmdstanpy - INFO - Chain [1] start processing
[2025-07-31T11:54:32.051+0000] {model.py:2058} INFO - Chain [1] start processing
[2025-07-31T11:54:32.142+0000] {logging_mixin.py:188} WARNING - 11:54:32 - cmdstanpy - INFO - Chain [1] done processing
[2025-07-31T11:54:32.142+0000] {model.py:2115} INFO - Chain [1] done processing
[2025-07-31T11:54:32.148+0000] {logging_mixin.py:188} INFO - Erreur pour {'changepoint_prior_scale': 0.1, 'seasonality_prior_scale': 10.0, 'seasonality_mode': 'multiplicative'}: Less data than horizon after initial window. Make horizon or initial shorter.
[2025-07-31T11:54:32.148+0000] {taskinstance.py:441} INFO - ::group::Post task execution logs
[2025-07-31T11:54:32.149+0000] {taskinstance.py:2905} ERROR - Task failed with exception
Traceback (most recent call last):
  File "/home/airflow/.local/lib/python3.11/site-packages/airflow/models/taskinstance.py", line 465, in _execute_task
    result = _execute_callable(context=context, **execute_callable_kwargs)
             ^^^^^^^^^^^^^^^^^^^^^^^^^^^^^^^^^^^^^^^^^^^^^^^^^^^^^^^^^^^^^
  File "/home/airflow/.local/lib/python3.11/site-packages/airflow/models/taskinstance.py", line 432, in _execute_callable
    return execute_callable(context=context, **execute_callable_kwargs)
           ^^^^^^^^^^^^^^^^^^^^^^^^^^^^^^^^^^^^^^^^^^^^^^^^^^^^^^^^^^^^
  File "/home/airflow/.local/lib/python3.11/site-packages/airflow/models/baseoperator.py", line 401, in wrapper
    return func(self, *args, **kwargs)
           ^^^^^^^^^^^^^^^^^^^^^^^^^^^
  File "/home/airflow/.local/lib/python3.11/site-packages/airflow/operators/python.py", line 235, in execute
    return_value = self.execute_callable()
                   ^^^^^^^^^^^^^^^^^^^^^^^
  File "/home/airflow/.local/lib/python3.11/site-packages/airflow/operators/python.py", line 252, in execute_callable
    return self.python_callable(*self.op_args, **self.op_kwargs)
           ^^^^^^^^^^^^^^^^^^^^^^^^^^^^^^^^^^^^^^^^^^^^^^^^^^^^^
  File "/opt/airflow/dags/scripts/train_prophet.py", line 92, in train_prophet
    best_model_temp, scores_temp = optimize_prophet_model(temp_df)
                                   ^^^^^^^^^^^^^^^^^^^^^^^^^^^^^^^
  File "/opt/airflow/dags/scripts/train_prophet.py", line 44, in optimize_prophet_model
    best = min(results, key=lambda x: x[1])
           ^^^^^^^^^^^^^^^^^^^^^^^^^^^^^^^^
ValueError: min() arg is an empty sequence
[2025-07-31T11:54:32.205+0000] {taskinstance.py:1206} INFO - Marking task as UP_FOR_RETRY. dag_id=solar_ai_pipeline_2, task_id=train_prophet, run_id=scheduled__2023-07-15T00:00:00+00:00, execution_date=20230715T000000, start_date=20250731T115427, end_date=20250731T115432
[2025-07-31T11:54:32.333+0000] {standard_task_runner.py:110} ERROR - Failed to execute job 2910 for task train_prophet (min() arg is an empty sequence; 3749)
[2025-07-31T11:54:32.397+0000] {local_task_job_runner.py:240} INFO - Task exited with return code 1
[2025-07-31T11:54:32.488+0000] {taskinstance.py:3503} INFO - 0 downstream tasks scheduled from follow-on schedule check
[2025-07-31T11:54:32.493+0000] {local_task_job_runner.py:222} INFO - ::endgroup::
