[2025-07-31T12:06:09.205+0000] {local_task_job_runner.py:120} INFO - ::group::Pre task execution logs
[2025-07-31T12:06:09.351+0000] {taskinstance.py:2076} INFO - Dependencies all met for dep_context=non-requeueable deps ti=<TaskInstance: solar_ai_pipeline_2.train_prophet scheduled__2023-07-15T00:00:00+00:00 [queued]>
[2025-07-31T12:06:09.403+0000] {taskinstance.py:2076} INFO - Dependencies all met for dep_context=requeueable deps ti=<TaskInstance: solar_ai_pipeline_2.train_prophet scheduled__2023-07-15T00:00:00+00:00 [queued]>
[2025-07-31T12:06:09.407+0000] {taskinstance.py:2306} INFO - Starting attempt 4 of 4
[2025-07-31T12:06:09.562+0000] {taskinstance.py:2330} INFO - Executing <Task(PythonOperator): train_prophet> on 2023-07-15 00:00:00+00:00
[2025-07-31T12:06:09.571+0000] {standard_task_runner.py:63} INFO - Started process 6441 to run task
[2025-07-31T12:06:09.575+0000] {standard_task_runner.py:90} INFO - Running: ['airflow', 'tasks', 'run', 'solar_ai_pipeline_2', 'train_prophet', 'scheduled__2023-07-15T00:00:00+00:00', '--job-id', '2941', '--raw', '--subdir', 'DAGS_FOLDER/prophet_pipeline.py', '--cfg-path', '/tmp/tmpr_jaxa5q']
[2025-07-31T12:06:09.578+0000] {standard_task_runner.py:91} INFO - Job 2941: Subtask train_prophet
[2025-07-31T12:06:09.848+0000] {task_command.py:426} INFO - Running <TaskInstance: solar_ai_pipeline_2.train_prophet scheduled__2023-07-15T00:00:00+00:00 [running]> on host a2a0dd314bdc
[2025-07-31T12:06:10.236+0000] {taskinstance.py:2648} INFO - Exporting env vars: AIRFLOW_CTX_DAG_OWNER='ensam' AIRFLOW_CTX_DAG_ID='solar_ai_pipeline_2' AIRFLOW_CTX_TASK_ID='train_prophet' AIRFLOW_CTX_EXECUTION_DATE='2023-07-15T00:00:00+00:00' AIRFLOW_CTX_TRY_NUMBER='4' AIRFLOW_CTX_DAG_RUN_ID='scheduled__2023-07-15T00:00:00+00:00'
[2025-07-31T12:06:10.238+0000] {taskinstance.py:430} INFO - ::endgroup::
[2025-07-31T12:06:11.167+0000] {plot.py:39} ERROR - Importing plotly failed. Interactive plots will not work.
[2025-07-31T12:06:11.185+0000] {logging_mixin.py:188} INFO - Training from 2023-01-01 to 2023-01-16
[2025-07-31T12:06:11.596+0000] {logging_mixin.py:188} INFO - Test 1/18: {'changepoint_prior_scale': 0.01, 'seasonality_prior_scale': 1.0, 'seasonality_mode': 'additive'}
[2025-07-31T12:06:11.654+0000] {filesystem.py:118} DEBUG - input tempfile: /tmp/tmpewtoa5cq/duuzrg28.json
[2025-07-31T12:06:11.696+0000] {filesystem.py:118} DEBUG - input tempfile: /tmp/tmpewtoa5cq/nrfw4ta1.json
[2025-07-31T12:06:11.701+0000] {model.py:2042} DEBUG - idx 0
[2025-07-31T12:06:11.702+0000] {model.py:2043} DEBUG - running CmdStan, num_threads: None
[2025-07-31T12:06:11.703+0000] {model.py:2055} DEBUG - CmdStan args: ['/home/airflow/.local/lib/python3.11/site-packages/prophet/stan_model/prophet_model.bin', 'random', 'seed=35075', 'data', 'file=/tmp/tmpewtoa5cq/duuzrg28.json', 'init=/tmp/tmpewtoa5cq/nrfw4ta1.json', 'output', 'file=/tmp/tmpewtoa5cq/prophet_modelp84r0ges/prophet_model-20250731120611.csv', 'method=optimize', 'algorithm=lbfgs', 'iter=10000']
[2025-07-31T12:06:11.704+0000] {logging_mixin.py:188} WARNING - 12:06:11 - cmdstanpy - INFO - Chain [1] start processing
[2025-07-31T12:06:11.704+0000] {model.py:2058} INFO - Chain [1] start processing
[2025-07-31T12:06:11.764+0000] {logging_mixin.py:188} WARNING - 12:06:11 - cmdstanpy - INFO - Chain [1] done processing
[2025-07-31T12:06:11.764+0000] {model.py:2115} INFO - Chain [1] done processing
[2025-07-31T12:06:11.770+0000] {logging_mixin.py:188} INFO - Erreur pour {'changepoint_prior_scale': 0.01, 'seasonality_prior_scale': 1.0, 'seasonality_mode': 'additive'}: Less data than horizon after initial window. Make horizon or initial shorter.
[2025-07-31T12:06:11.770+0000] {logging_mixin.py:188} INFO - Test 2/18: {'changepoint_prior_scale': 0.01, 'seasonality_prior_scale': 1.0, 'seasonality_mode': 'multiplicative'}
[2025-07-31T12:06:11.807+0000] {filesystem.py:118} DEBUG - input tempfile: /tmp/tmpewtoa5cq/jsnqam5z.json
[2025-07-31T12:06:11.848+0000] {filesystem.py:118} DEBUG - input tempfile: /tmp/tmpewtoa5cq/hw3mccxy.json
[2025-07-31T12:06:11.853+0000] {model.py:2042} DEBUG - idx 0
[2025-07-31T12:06:11.855+0000] {model.py:2043} DEBUG - running CmdStan, num_threads: None
[2025-07-31T12:06:11.855+0000] {model.py:2055} DEBUG - CmdStan args: ['/home/airflow/.local/lib/python3.11/site-packages/prophet/stan_model/prophet_model.bin', 'random', 'seed=21728', 'data', 'file=/tmp/tmpewtoa5cq/jsnqam5z.json', 'init=/tmp/tmpewtoa5cq/hw3mccxy.json', 'output', 'file=/tmp/tmpewtoa5cq/prophet_modelrbbjsjtq/prophet_model-20250731120611.csv', 'method=optimize', 'algorithm=lbfgs', 'iter=10000']
[2025-07-31T12:06:11.857+0000] {logging_mixin.py:188} WARNING - 12:06:11 - cmdstanpy - INFO - Chain [1] start processing
[2025-07-31T12:06:11.856+0000] {model.py:2058} INFO - Chain [1] start processing
[2025-07-31T12:06:11.928+0000] {logging_mixin.py:188} WARNING - 12:06:11 - cmdstanpy - INFO - Chain [1] done processing
[2025-07-31T12:06:11.928+0000] {model.py:2115} INFO - Chain [1] done processing
[2025-07-31T12:06:11.932+0000] {logging_mixin.py:188} INFO - Erreur pour {'changepoint_prior_scale': 0.01, 'seasonality_prior_scale': 1.0, 'seasonality_mode': 'multiplicative'}: Less data than horizon after initial window. Make horizon or initial shorter.
[2025-07-31T12:06:11.933+0000] {logging_mixin.py:188} INFO - Test 3/18: {'changepoint_prior_scale': 0.01, 'seasonality_prior_scale': 5.0, 'seasonality_mode': 'additive'}
[2025-07-31T12:06:11.951+0000] {filesystem.py:118} DEBUG - input tempfile: /tmp/tmpewtoa5cq/lg8zy519.json
[2025-07-31T12:06:12.000+0000] {filesystem.py:118} DEBUG - input tempfile: /tmp/tmpewtoa5cq/9z8zgncn.json
[2025-07-31T12:06:12.001+0000] {model.py:2042} DEBUG - idx 0
[2025-07-31T12:06:12.002+0000] {model.py:2043} DEBUG - running CmdStan, num_threads: None
[2025-07-31T12:06:12.003+0000] {model.py:2055} DEBUG - CmdStan args: ['/home/airflow/.local/lib/python3.11/site-packages/prophet/stan_model/prophet_model.bin', 'random', 'seed=21250', 'data', 'file=/tmp/tmpewtoa5cq/lg8zy519.json', 'init=/tmp/tmpewtoa5cq/9z8zgncn.json', 'output', 'file=/tmp/tmpewtoa5cq/prophet_models7urt37z/prophet_model-20250731120612.csv', 'method=optimize', 'algorithm=lbfgs', 'iter=10000']
[2025-07-31T12:06:12.003+0000] {logging_mixin.py:188} WARNING - 12:06:12 - cmdstanpy - INFO - Chain [1] start processing
[2025-07-31T12:06:12.003+0000] {model.py:2058} INFO - Chain [1] start processing
[2025-07-31T12:06:12.040+0000] {logging_mixin.py:188} WARNING - 12:06:12 - cmdstanpy - INFO - Chain [1] done processing
[2025-07-31T12:06:12.040+0000] {model.py:2115} INFO - Chain [1] done processing
[2025-07-31T12:06:12.045+0000] {logging_mixin.py:188} INFO - Erreur pour {'changepoint_prior_scale': 0.01, 'seasonality_prior_scale': 5.0, 'seasonality_mode': 'additive'}: Less data than horizon after initial window. Make horizon or initial shorter.
[2025-07-31T12:06:12.046+0000] {logging_mixin.py:188} INFO - Test 4/18: {'changepoint_prior_scale': 0.01, 'seasonality_prior_scale': 5.0, 'seasonality_mode': 'multiplicative'}
[2025-07-31T12:06:12.065+0000] {filesystem.py:118} DEBUG - input tempfile: /tmp/tmpewtoa5cq/ac06ol3s.json
[2025-07-31T12:06:12.119+0000] {filesystem.py:118} DEBUG - input tempfile: /tmp/tmpewtoa5cq/t0vix7yw.json
[2025-07-31T12:06:12.121+0000] {model.py:2042} DEBUG - idx 0
[2025-07-31T12:06:12.122+0000] {model.py:2043} DEBUG - running CmdStan, num_threads: None
[2025-07-31T12:06:12.122+0000] {model.py:2055} DEBUG - CmdStan args: ['/home/airflow/.local/lib/python3.11/site-packages/prophet/stan_model/prophet_model.bin', 'random', 'seed=40147', 'data', 'file=/tmp/tmpewtoa5cq/ac06ol3s.json', 'init=/tmp/tmpewtoa5cq/t0vix7yw.json', 'output', 'file=/tmp/tmpewtoa5cq/prophet_model5zktlzsf/prophet_model-20250731120612.csv', 'method=optimize', 'algorithm=lbfgs', 'iter=10000']
[2025-07-31T12:06:12.123+0000] {logging_mixin.py:188} WARNING - 12:06:12 - cmdstanpy - INFO - Chain [1] start processing
[2025-07-31T12:06:12.123+0000] {model.py:2058} INFO - Chain [1] start processing
[2025-07-31T12:06:12.162+0000] {logging_mixin.py:188} WARNING - 12:06:12 - cmdstanpy - INFO - Chain [1] done processing
[2025-07-31T12:06:12.162+0000] {model.py:2115} INFO - Chain [1] done processing
[2025-07-31T12:06:12.166+0000] {logging_mixin.py:188} INFO - Erreur pour {'changepoint_prior_scale': 0.01, 'seasonality_prior_scale': 5.0, 'seasonality_mode': 'multiplicative'}: Less data than horizon after initial window. Make horizon or initial shorter.
[2025-07-31T12:06:12.167+0000] {logging_mixin.py:188} INFO - Test 5/18: {'changepoint_prior_scale': 0.01, 'seasonality_prior_scale': 10.0, 'seasonality_mode': 'additive'}
[2025-07-31T12:06:12.185+0000] {filesystem.py:118} DEBUG - input tempfile: /tmp/tmpewtoa5cq/zim2lwiz.json
[2025-07-31T12:06:12.231+0000] {filesystem.py:118} DEBUG - input tempfile: /tmp/tmpewtoa5cq/uh49oeqn.json
[2025-07-31T12:06:12.234+0000] {model.py:2042} DEBUG - idx 0
[2025-07-31T12:06:12.235+0000] {model.py:2043} DEBUG - running CmdStan, num_threads: None
[2025-07-31T12:06:12.235+0000] {model.py:2055} DEBUG - CmdStan args: ['/home/airflow/.local/lib/python3.11/site-packages/prophet/stan_model/prophet_model.bin', 'random', 'seed=2896', 'data', 'file=/tmp/tmpewtoa5cq/zim2lwiz.json', 'init=/tmp/tmpewtoa5cq/uh49oeqn.json', 'output', 'file=/tmp/tmpewtoa5cq/prophet_modelk8uk4vti/prophet_model-20250731120612.csv', 'method=optimize', 'algorithm=lbfgs', 'iter=10000']
[2025-07-31T12:06:12.237+0000] {logging_mixin.py:188} WARNING - 12:06:12 - cmdstanpy - INFO - Chain [1] start processing
[2025-07-31T12:06:12.237+0000] {model.py:2058} INFO - Chain [1] start processing
[2025-07-31T12:06:12.295+0000] {logging_mixin.py:188} WARNING - 12:06:12 - cmdstanpy - INFO - Chain [1] done processing
[2025-07-31T12:06:12.295+0000] {model.py:2115} INFO - Chain [1] done processing
[2025-07-31T12:06:12.300+0000] {logging_mixin.py:188} INFO - Erreur pour {'changepoint_prior_scale': 0.01, 'seasonality_prior_scale': 10.0, 'seasonality_mode': 'additive'}: Less data than horizon after initial window. Make horizon or initial shorter.
[2025-07-31T12:06:12.301+0000] {logging_mixin.py:188} INFO - Test 6/18: {'changepoint_prior_scale': 0.01, 'seasonality_prior_scale': 10.0, 'seasonality_mode': 'multiplicative'}
[2025-07-31T12:06:12.326+0000] {filesystem.py:118} DEBUG - input tempfile: /tmp/tmpewtoa5cq/e080zwpf.json
[2025-07-31T12:06:12.370+0000] {filesystem.py:118} DEBUG - input tempfile: /tmp/tmpewtoa5cq/nt_9nsu4.json
[2025-07-31T12:06:12.374+0000] {model.py:2042} DEBUG - idx 0
[2025-07-31T12:06:12.375+0000] {model.py:2043} DEBUG - running CmdStan, num_threads: None
[2025-07-31T12:06:12.375+0000] {model.py:2055} DEBUG - CmdStan args: ['/home/airflow/.local/lib/python3.11/site-packages/prophet/stan_model/prophet_model.bin', 'random', 'seed=69436', 'data', 'file=/tmp/tmpewtoa5cq/e080zwpf.json', 'init=/tmp/tmpewtoa5cq/nt_9nsu4.json', 'output', 'file=/tmp/tmpewtoa5cq/prophet_modellzhb0ign/prophet_model-20250731120612.csv', 'method=optimize', 'algorithm=lbfgs', 'iter=10000']
[2025-07-31T12:06:12.376+0000] {logging_mixin.py:188} WARNING - 12:06:12 - cmdstanpy - INFO - Chain [1] start processing
[2025-07-31T12:06:12.376+0000] {model.py:2058} INFO - Chain [1] start processing
[2025-07-31T12:06:12.420+0000] {logging_mixin.py:188} WARNING - 12:06:12 - cmdstanpy - INFO - Chain [1] done processing
[2025-07-31T12:06:12.420+0000] {model.py:2115} INFO - Chain [1] done processing
[2025-07-31T12:06:12.427+0000] {logging_mixin.py:188} INFO - Erreur pour {'changepoint_prior_scale': 0.01, 'seasonality_prior_scale': 10.0, 'seasonality_mode': 'multiplicative'}: Less data than horizon after initial window. Make horizon or initial shorter.
[2025-07-31T12:06:12.428+0000] {logging_mixin.py:188} INFO - Test 7/18: {'changepoint_prior_scale': 0.05, 'seasonality_prior_scale': 1.0, 'seasonality_mode': 'additive'}
[2025-07-31T12:06:12.455+0000] {filesystem.py:118} DEBUG - input tempfile: /tmp/tmpewtoa5cq/3wv56mk9.json
[2025-07-31T12:06:12.517+0000] {filesystem.py:118} DEBUG - input tempfile: /tmp/tmpewtoa5cq/nqxpy9ua.json
[2025-07-31T12:06:12.522+0000] {model.py:2042} DEBUG - idx 0
[2025-07-31T12:06:12.522+0000] {model.py:2043} DEBUG - running CmdStan, num_threads: None
[2025-07-31T12:06:12.523+0000] {model.py:2055} DEBUG - CmdStan args: ['/home/airflow/.local/lib/python3.11/site-packages/prophet/stan_model/prophet_model.bin', 'random', 'seed=10716', 'data', 'file=/tmp/tmpewtoa5cq/3wv56mk9.json', 'init=/tmp/tmpewtoa5cq/nqxpy9ua.json', 'output', 'file=/tmp/tmpewtoa5cq/prophet_modeli7vmwslj/prophet_model-20250731120612.csv', 'method=optimize', 'algorithm=lbfgs', 'iter=10000']
[2025-07-31T12:06:12.523+0000] {logging_mixin.py:188} WARNING - 12:06:12 - cmdstanpy - INFO - Chain [1] start processing
[2025-07-31T12:06:12.523+0000] {model.py:2058} INFO - Chain [1] start processing
[2025-07-31T12:06:12.578+0000] {logging_mixin.py:188} WARNING - 12:06:12 - cmdstanpy - INFO - Chain [1] done processing
[2025-07-31T12:06:12.578+0000] {model.py:2115} INFO - Chain [1] done processing
[2025-07-31T12:06:12.583+0000] {logging_mixin.py:188} INFO - Erreur pour {'changepoint_prior_scale': 0.05, 'seasonality_prior_scale': 1.0, 'seasonality_mode': 'additive'}: Less data than horizon after initial window. Make horizon or initial shorter.
[2025-07-31T12:06:12.584+0000] {logging_mixin.py:188} INFO - Test 8/18: {'changepoint_prior_scale': 0.05, 'seasonality_prior_scale': 1.0, 'seasonality_mode': 'multiplicative'}
[2025-07-31T12:06:12.600+0000] {filesystem.py:118} DEBUG - input tempfile: /tmp/tmpewtoa5cq/0vlzwpms.json
[2025-07-31T12:06:12.647+0000] {filesystem.py:118} DEBUG - input tempfile: /tmp/tmpewtoa5cq/l6dqb3_w.json
[2025-07-31T12:06:12.652+0000] {model.py:2042} DEBUG - idx 0
[2025-07-31T12:06:12.653+0000] {model.py:2043} DEBUG - running CmdStan, num_threads: None
[2025-07-31T12:06:12.653+0000] {model.py:2055} DEBUG - CmdStan args: ['/home/airflow/.local/lib/python3.11/site-packages/prophet/stan_model/prophet_model.bin', 'random', 'seed=58567', 'data', 'file=/tmp/tmpewtoa5cq/0vlzwpms.json', 'init=/tmp/tmpewtoa5cq/l6dqb3_w.json', 'output', 'file=/tmp/tmpewtoa5cq/prophet_model7k34p0tf/prophet_model-20250731120612.csv', 'method=optimize', 'algorithm=lbfgs', 'iter=10000']
[2025-07-31T12:06:12.654+0000] {logging_mixin.py:188} WARNING - 12:06:12 - cmdstanpy - INFO - Chain [1] start processing
[2025-07-31T12:06:12.654+0000] {model.py:2058} INFO - Chain [1] start processing
[2025-07-31T12:06:12.693+0000] {logging_mixin.py:188} WARNING - 12:06:12 - cmdstanpy - INFO - Chain [1] done processing
[2025-07-31T12:06:12.693+0000] {model.py:2115} INFO - Chain [1] done processing
[2025-07-31T12:06:12.697+0000] {logging_mixin.py:188} INFO - Erreur pour {'changepoint_prior_scale': 0.05, 'seasonality_prior_scale': 1.0, 'seasonality_mode': 'multiplicative'}: Less data than horizon after initial window. Make horizon or initial shorter.
[2025-07-31T12:06:12.698+0000] {logging_mixin.py:188} INFO - Test 9/18: {'changepoint_prior_scale': 0.05, 'seasonality_prior_scale': 5.0, 'seasonality_mode': 'additive'}
[2025-07-31T12:06:12.713+0000] {filesystem.py:118} DEBUG - input tempfile: /tmp/tmpewtoa5cq/l1o3jvxi.json
[2025-07-31T12:06:12.751+0000] {filesystem.py:118} DEBUG - input tempfile: /tmp/tmpewtoa5cq/9ili1_n4.json
[2025-07-31T12:06:12.754+0000] {model.py:2042} DEBUG - idx 0
[2025-07-31T12:06:12.755+0000] {model.py:2043} DEBUG - running CmdStan, num_threads: None
[2025-07-31T12:06:12.756+0000] {model.py:2055} DEBUG - CmdStan args: ['/home/airflow/.local/lib/python3.11/site-packages/prophet/stan_model/prophet_model.bin', 'random', 'seed=15391', 'data', 'file=/tmp/tmpewtoa5cq/l1o3jvxi.json', 'init=/tmp/tmpewtoa5cq/9ili1_n4.json', 'output', 'file=/tmp/tmpewtoa5cq/prophet_modelhpcd5n3d/prophet_model-20250731120612.csv', 'method=optimize', 'algorithm=lbfgs', 'iter=10000']
[2025-07-31T12:06:12.757+0000] {logging_mixin.py:188} WARNING - 12:06:12 - cmdstanpy - INFO - Chain [1] start processing
[2025-07-31T12:06:12.757+0000] {model.py:2058} INFO - Chain [1] start processing
[2025-07-31T12:06:12.812+0000] {logging_mixin.py:188} WARNING - 12:06:12 - cmdstanpy - INFO - Chain [1] done processing
[2025-07-31T12:06:12.812+0000] {model.py:2115} INFO - Chain [1] done processing
[2025-07-31T12:06:12.817+0000] {logging_mixin.py:188} INFO - Erreur pour {'changepoint_prior_scale': 0.05, 'seasonality_prior_scale': 5.0, 'seasonality_mode': 'additive'}: Less data than horizon after initial window. Make horizon or initial shorter.
[2025-07-31T12:06:12.818+0000] {logging_mixin.py:188} INFO - Test 10/18: {'changepoint_prior_scale': 0.05, 'seasonality_prior_scale': 5.0, 'seasonality_mode': 'multiplicative'}
[2025-07-31T12:06:12.838+0000] {filesystem.py:118} DEBUG - input tempfile: /tmp/tmpewtoa5cq/2fb_6393.json
[2025-07-31T12:06:12.901+0000] {filesystem.py:118} DEBUG - input tempfile: /tmp/tmpewtoa5cq/rzp222bi.json
[2025-07-31T12:06:12.904+0000] {model.py:2042} DEBUG - idx 0
[2025-07-31T12:06:12.905+0000] {model.py:2043} DEBUG - running CmdStan, num_threads: None
[2025-07-31T12:06:12.906+0000] {model.py:2055} DEBUG - CmdStan args: ['/home/airflow/.local/lib/python3.11/site-packages/prophet/stan_model/prophet_model.bin', 'random', 'seed=97988', 'data', 'file=/tmp/tmpewtoa5cq/2fb_6393.json', 'init=/tmp/tmpewtoa5cq/rzp222bi.json', 'output', 'file=/tmp/tmpewtoa5cq/prophet_modelqt4mlhzt/prophet_model-20250731120612.csv', 'method=optimize', 'algorithm=lbfgs', 'iter=10000']
[2025-07-31T12:06:12.906+0000] {logging_mixin.py:188} WARNING - 12:06:12 - cmdstanpy - INFO - Chain [1] start processing
[2025-07-31T12:06:12.906+0000] {model.py:2058} INFO - Chain [1] start processing
[2025-07-31T12:06:12.962+0000] {logging_mixin.py:188} WARNING - 12:06:12 - cmdstanpy - INFO - Chain [1] done processing
[2025-07-31T12:06:12.961+0000] {model.py:2115} INFO - Chain [1] done processing
[2025-07-31T12:06:12.966+0000] {logging_mixin.py:188} INFO - Erreur pour {'changepoint_prior_scale': 0.05, 'seasonality_prior_scale': 5.0, 'seasonality_mode': 'multiplicative'}: Less data than horizon after initial window. Make horizon or initial shorter.
[2025-07-31T12:06:12.967+0000] {logging_mixin.py:188} INFO - Test 11/18: {'changepoint_prior_scale': 0.05, 'seasonality_prior_scale': 10.0, 'seasonality_mode': 'additive'}
[2025-07-31T12:06:12.991+0000] {filesystem.py:118} DEBUG - input tempfile: /tmp/tmpewtoa5cq/2sr3s8h9.json
[2025-07-31T12:06:13.051+0000] {filesystem.py:118} DEBUG - input tempfile: /tmp/tmpewtoa5cq/p323az18.json
[2025-07-31T12:06:13.054+0000] {model.py:2042} DEBUG - idx 0
[2025-07-31T12:06:13.055+0000] {model.py:2043} DEBUG - running CmdStan, num_threads: None
[2025-07-31T12:06:13.056+0000] {model.py:2055} DEBUG - CmdStan args: ['/home/airflow/.local/lib/python3.11/site-packages/prophet/stan_model/prophet_model.bin', 'random', 'seed=75037', 'data', 'file=/tmp/tmpewtoa5cq/2sr3s8h9.json', 'init=/tmp/tmpewtoa5cq/p323az18.json', 'output', 'file=/tmp/tmpewtoa5cq/prophet_modelc28nvoix/prophet_model-20250731120613.csv', 'method=optimize', 'algorithm=lbfgs', 'iter=10000']
[2025-07-31T12:06:13.057+0000] {logging_mixin.py:188} WARNING - 12:06:13 - cmdstanpy - INFO - Chain [1] start processing
[2025-07-31T12:06:13.057+0000] {model.py:2058} INFO - Chain [1] start processing
[2025-07-31T12:06:13.117+0000] {logging_mixin.py:188} WARNING - 12:06:13 - cmdstanpy - INFO - Chain [1] done processing
[2025-07-31T12:06:13.117+0000] {model.py:2115} INFO - Chain [1] done processing
[2025-07-31T12:06:13.123+0000] {logging_mixin.py:188} INFO - Erreur pour {'changepoint_prior_scale': 0.05, 'seasonality_prior_scale': 10.0, 'seasonality_mode': 'additive'}: Less data than horizon after initial window. Make horizon or initial shorter.
[2025-07-31T12:06:13.124+0000] {logging_mixin.py:188} INFO - Test 12/18: {'changepoint_prior_scale': 0.05, 'seasonality_prior_scale': 10.0, 'seasonality_mode': 'multiplicative'}
[2025-07-31T12:06:13.154+0000] {filesystem.py:118} DEBUG - input tempfile: /tmp/tmpewtoa5cq/vt8puv2g.json
[2025-07-31T12:06:13.194+0000] {filesystem.py:118} DEBUG - input tempfile: /tmp/tmpewtoa5cq/3lb3mm_e.json
[2025-07-31T12:06:13.196+0000] {model.py:2042} DEBUG - idx 0
[2025-07-31T12:06:13.197+0000] {model.py:2043} DEBUG - running CmdStan, num_threads: None
[2025-07-31T12:06:13.198+0000] {model.py:2055} DEBUG - CmdStan args: ['/home/airflow/.local/lib/python3.11/site-packages/prophet/stan_model/prophet_model.bin', 'random', 'seed=15229', 'data', 'file=/tmp/tmpewtoa5cq/vt8puv2g.json', 'init=/tmp/tmpewtoa5cq/3lb3mm_e.json', 'output', 'file=/tmp/tmpewtoa5cq/prophet_model916wojfa/prophet_model-20250731120613.csv', 'method=optimize', 'algorithm=lbfgs', 'iter=10000']
[2025-07-31T12:06:13.199+0000] {logging_mixin.py:188} WARNING - 12:06:13 - cmdstanpy - INFO - Chain [1] start processing
[2025-07-31T12:06:13.199+0000] {model.py:2058} INFO - Chain [1] start processing
[2025-07-31T12:06:13.249+0000] {logging_mixin.py:188} WARNING - 12:06:13 - cmdstanpy - INFO - Chain [1] done processing
[2025-07-31T12:06:13.249+0000] {model.py:2115} INFO - Chain [1] done processing
[2025-07-31T12:06:13.255+0000] {logging_mixin.py:188} INFO - Erreur pour {'changepoint_prior_scale': 0.05, 'seasonality_prior_scale': 10.0, 'seasonality_mode': 'multiplicative'}: Less data than horizon after initial window. Make horizon or initial shorter.
[2025-07-31T12:06:13.256+0000] {logging_mixin.py:188} INFO - Test 13/18: {'changepoint_prior_scale': 0.1, 'seasonality_prior_scale': 1.0, 'seasonality_mode': 'additive'}
[2025-07-31T12:06:13.287+0000] {filesystem.py:118} DEBUG - input tempfile: /tmp/tmpewtoa5cq/5jse0bky.json
[2025-07-31T12:06:13.341+0000] {filesystem.py:118} DEBUG - input tempfile: /tmp/tmpewtoa5cq/4idlk7wm.json
[2025-07-31T12:06:13.342+0000] {model.py:2042} DEBUG - idx 0
[2025-07-31T12:06:13.343+0000] {model.py:2043} DEBUG - running CmdStan, num_threads: None
[2025-07-31T12:06:13.343+0000] {model.py:2055} DEBUG - CmdStan args: ['/home/airflow/.local/lib/python3.11/site-packages/prophet/stan_model/prophet_model.bin', 'random', 'seed=55385', 'data', 'file=/tmp/tmpewtoa5cq/5jse0bky.json', 'init=/tmp/tmpewtoa5cq/4idlk7wm.json', 'output', 'file=/tmp/tmpewtoa5cq/prophet_modelk25sgckq/prophet_model-20250731120613.csv', 'method=optimize', 'algorithm=lbfgs', 'iter=10000']
[2025-07-31T12:06:13.344+0000] {logging_mixin.py:188} WARNING - 12:06:13 - cmdstanpy - INFO - Chain [1] start processing
[2025-07-31T12:06:13.344+0000] {model.py:2058} INFO - Chain [1] start processing
[2025-07-31T12:06:13.390+0000] {logging_mixin.py:188} WARNING - 12:06:13 - cmdstanpy - INFO - Chain [1] done processing
[2025-07-31T12:06:13.390+0000] {model.py:2115} INFO - Chain [1] done processing
[2025-07-31T12:06:13.394+0000] {logging_mixin.py:188} INFO - Erreur pour {'changepoint_prior_scale': 0.1, 'seasonality_prior_scale': 1.0, 'seasonality_mode': 'additive'}: Less data than horizon after initial window. Make horizon or initial shorter.
[2025-07-31T12:06:13.395+0000] {logging_mixin.py:188} INFO - Test 14/18: {'changepoint_prior_scale': 0.1, 'seasonality_prior_scale': 1.0, 'seasonality_mode': 'multiplicative'}
[2025-07-31T12:06:13.415+0000] {filesystem.py:118} DEBUG - input tempfile: /tmp/tmpewtoa5cq/s3jbsz7m.json
[2025-07-31T12:06:13.468+0000] {filesystem.py:118} DEBUG - input tempfile: /tmp/tmpewtoa5cq/s3zf3p0k.json
[2025-07-31T12:06:13.470+0000] {model.py:2042} DEBUG - idx 0
[2025-07-31T12:06:13.471+0000] {model.py:2043} DEBUG - running CmdStan, num_threads: None
[2025-07-31T12:06:13.471+0000] {model.py:2055} DEBUG - CmdStan args: ['/home/airflow/.local/lib/python3.11/site-packages/prophet/stan_model/prophet_model.bin', 'random', 'seed=24371', 'data', 'file=/tmp/tmpewtoa5cq/s3jbsz7m.json', 'init=/tmp/tmpewtoa5cq/s3zf3p0k.json', 'output', 'file=/tmp/tmpewtoa5cq/prophet_modelamj7b__5/prophet_model-20250731120613.csv', 'method=optimize', 'algorithm=lbfgs', 'iter=10000']
[2025-07-31T12:06:13.472+0000] {logging_mixin.py:188} WARNING - 12:06:13 - cmdstanpy - INFO - Chain [1] start processing
[2025-07-31T12:06:13.472+0000] {model.py:2058} INFO - Chain [1] start processing
[2025-07-31T12:06:13.538+0000] {logging_mixin.py:188} WARNING - 12:06:13 - cmdstanpy - INFO - Chain [1] done processing
[2025-07-31T12:06:13.538+0000] {model.py:2115} INFO - Chain [1] done processing
[2025-07-31T12:06:13.542+0000] {logging_mixin.py:188} INFO - Erreur pour {'changepoint_prior_scale': 0.1, 'seasonality_prior_scale': 1.0, 'seasonality_mode': 'multiplicative'}: Less data than horizon after initial window. Make horizon or initial shorter.
[2025-07-31T12:06:13.544+0000] {logging_mixin.py:188} INFO - Test 15/18: {'changepoint_prior_scale': 0.1, 'seasonality_prior_scale': 5.0, 'seasonality_mode': 'additive'}
[2025-07-31T12:06:13.562+0000] {filesystem.py:118} DEBUG - input tempfile: /tmp/tmpewtoa5cq/inukqihh.json
[2025-07-31T12:06:13.603+0000] {filesystem.py:118} DEBUG - input tempfile: /tmp/tmpewtoa5cq/6kukvvpm.json
[2025-07-31T12:06:13.606+0000] {model.py:2042} DEBUG - idx 0
[2025-07-31T12:06:13.606+0000] {model.py:2043} DEBUG - running CmdStan, num_threads: None
[2025-07-31T12:06:13.607+0000] {model.py:2055} DEBUG - CmdStan args: ['/home/airflow/.local/lib/python3.11/site-packages/prophet/stan_model/prophet_model.bin', 'random', 'seed=85832', 'data', 'file=/tmp/tmpewtoa5cq/inukqihh.json', 'init=/tmp/tmpewtoa5cq/6kukvvpm.json', 'output', 'file=/tmp/tmpewtoa5cq/prophet_modelfe375xtp/prophet_model-20250731120613.csv', 'method=optimize', 'algorithm=lbfgs', 'iter=10000']
[2025-07-31T12:06:13.607+0000] {logging_mixin.py:188} WARNING - 12:06:13 - cmdstanpy - INFO - Chain [1] start processing
[2025-07-31T12:06:13.607+0000] {model.py:2058} INFO - Chain [1] start processing
[2025-07-31T12:06:13.652+0000] {logging_mixin.py:188} WARNING - 12:06:13 - cmdstanpy - INFO - Chain [1] done processing
[2025-07-31T12:06:13.652+0000] {model.py:2115} INFO - Chain [1] done processing
[2025-07-31T12:06:13.657+0000] {logging_mixin.py:188} INFO - Erreur pour {'changepoint_prior_scale': 0.1, 'seasonality_prior_scale': 5.0, 'seasonality_mode': 'additive'}: Less data than horizon after initial window. Make horizon or initial shorter.
[2025-07-31T12:06:13.657+0000] {logging_mixin.py:188} INFO - Test 16/18: {'changepoint_prior_scale': 0.1, 'seasonality_prior_scale': 5.0, 'seasonality_mode': 'multiplicative'}
[2025-07-31T12:06:13.680+0000] {filesystem.py:118} DEBUG - input tempfile: /tmp/tmpewtoa5cq/gkk89uqy.json
[2025-07-31T12:06:13.739+0000] {filesystem.py:118} DEBUG - input tempfile: /tmp/tmpewtoa5cq/lq72izya.json
[2025-07-31T12:06:13.741+0000] {model.py:2042} DEBUG - idx 0
[2025-07-31T12:06:13.742+0000] {model.py:2043} DEBUG - running CmdStan, num_threads: None
[2025-07-31T12:06:13.742+0000] {model.py:2055} DEBUG - CmdStan args: ['/home/airflow/.local/lib/python3.11/site-packages/prophet/stan_model/prophet_model.bin', 'random', 'seed=32438', 'data', 'file=/tmp/tmpewtoa5cq/gkk89uqy.json', 'init=/tmp/tmpewtoa5cq/lq72izya.json', 'output', 'file=/tmp/tmpewtoa5cq/prophet_model9e_et6fh/prophet_model-20250731120613.csv', 'method=optimize', 'algorithm=lbfgs', 'iter=10000']
[2025-07-31T12:06:13.743+0000] {logging_mixin.py:188} WARNING - 12:06:13 - cmdstanpy - INFO - Chain [1] start processing
[2025-07-31T12:06:13.743+0000] {model.py:2058} INFO - Chain [1] start processing
[2025-07-31T12:06:13.845+0000] {logging_mixin.py:188} WARNING - 12:06:13 - cmdstanpy - INFO - Chain [1] done processing
[2025-07-31T12:06:13.844+0000] {model.py:2115} INFO - Chain [1] done processing
[2025-07-31T12:06:13.850+0000] {logging_mixin.py:188} INFO - Erreur pour {'changepoint_prior_scale': 0.1, 'seasonality_prior_scale': 5.0, 'seasonality_mode': 'multiplicative'}: Less data than horizon after initial window. Make horizon or initial shorter.
[2025-07-31T12:06:13.851+0000] {logging_mixin.py:188} INFO - Test 17/18: {'changepoint_prior_scale': 0.1, 'seasonality_prior_scale': 10.0, 'seasonality_mode': 'additive'}
[2025-07-31T12:06:13.884+0000] {filesystem.py:118} DEBUG - input tempfile: /tmp/tmpewtoa5cq/5qccrixi.json
[2025-07-31T12:06:13.951+0000] {filesystem.py:118} DEBUG - input tempfile: /tmp/tmpewtoa5cq/leck7j_0.json
[2025-07-31T12:06:13.953+0000] {model.py:2042} DEBUG - idx 0
[2025-07-31T12:06:13.954+0000] {model.py:2043} DEBUG - running CmdStan, num_threads: None
[2025-07-31T12:06:13.954+0000] {model.py:2055} DEBUG - CmdStan args: ['/home/airflow/.local/lib/python3.11/site-packages/prophet/stan_model/prophet_model.bin', 'random', 'seed=97429', 'data', 'file=/tmp/tmpewtoa5cq/5qccrixi.json', 'init=/tmp/tmpewtoa5cq/leck7j_0.json', 'output', 'file=/tmp/tmpewtoa5cq/prophet_modelnr9air1m/prophet_model-20250731120613.csv', 'method=optimize', 'algorithm=lbfgs', 'iter=10000']
[2025-07-31T12:06:13.955+0000] {logging_mixin.py:188} WARNING - 12:06:13 - cmdstanpy - INFO - Chain [1] start processing
[2025-07-31T12:06:13.955+0000] {model.py:2058} INFO - Chain [1] start processing
[2025-07-31T12:06:14.008+0000] {logging_mixin.py:188} WARNING - 12:06:14 - cmdstanpy - INFO - Chain [1] done processing
[2025-07-31T12:06:14.008+0000] {model.py:2115} INFO - Chain [1] done processing
[2025-07-31T12:06:14.014+0000] {logging_mixin.py:188} INFO - Erreur pour {'changepoint_prior_scale': 0.1, 'seasonality_prior_scale': 10.0, 'seasonality_mode': 'additive'}: Less data than horizon after initial window. Make horizon or initial shorter.
[2025-07-31T12:06:14.015+0000] {logging_mixin.py:188} INFO - Test 18/18: {'changepoint_prior_scale': 0.1, 'seasonality_prior_scale': 10.0, 'seasonality_mode': 'multiplicative'}
[2025-07-31T12:06:14.049+0000] {filesystem.py:118} DEBUG - input tempfile: /tmp/tmpewtoa5cq/knw8fiqb.json
[2025-07-31T12:06:14.091+0000] {filesystem.py:118} DEBUG - input tempfile: /tmp/tmpewtoa5cq/4pgakehq.json
[2025-07-31T12:06:14.094+0000] {model.py:2042} DEBUG - idx 0
[2025-07-31T12:06:14.095+0000] {model.py:2043} DEBUG - running CmdStan, num_threads: None
[2025-07-31T12:06:14.095+0000] {model.py:2055} DEBUG - CmdStan args: ['/home/airflow/.local/lib/python3.11/site-packages/prophet/stan_model/prophet_model.bin', 'random', 'seed=16454', 'data', 'file=/tmp/tmpewtoa5cq/knw8fiqb.json', 'init=/tmp/tmpewtoa5cq/4pgakehq.json', 'output', 'file=/tmp/tmpewtoa5cq/prophet_modelb8qhq4ue/prophet_model-20250731120614.csv', 'method=optimize', 'algorithm=lbfgs', 'iter=10000']
[2025-07-31T12:06:14.097+0000] {logging_mixin.py:188} WARNING - 12:06:14 - cmdstanpy - INFO - Chain [1] start processing
[2025-07-31T12:06:14.096+0000] {model.py:2058} INFO - Chain [1] start processing
[2025-07-31T12:06:14.205+0000] {logging_mixin.py:188} WARNING - 12:06:14 - cmdstanpy - INFO - Chain [1] done processing
[2025-07-31T12:06:14.205+0000] {model.py:2115} INFO - Chain [1] done processing
[2025-07-31T12:06:14.209+0000] {logging_mixin.py:188} INFO - Erreur pour {'changepoint_prior_scale': 0.1, 'seasonality_prior_scale': 10.0, 'seasonality_mode': 'multiplicative'}: Less data than horizon after initial window. Make horizon or initial shorter.
[2025-07-31T12:06:14.210+0000] {taskinstance.py:441} INFO - ::group::Post task execution logs
[2025-07-31T12:06:14.211+0000] {taskinstance.py:2905} ERROR - Task failed with exception
Traceback (most recent call last):
  File "/home/airflow/.local/lib/python3.11/site-packages/airflow/models/taskinstance.py", line 465, in _execute_task
    result = _execute_callable(context=context, **execute_callable_kwargs)
             ^^^^^^^^^^^^^^^^^^^^^^^^^^^^^^^^^^^^^^^^^^^^^^^^^^^^^^^^^^^^^
  File "/home/airflow/.local/lib/python3.11/site-packages/airflow/models/taskinstance.py", line 432, in _execute_callable
    return execute_callable(context=context, **execute_callable_kwargs)
           ^^^^^^^^^^^^^^^^^^^^^^^^^^^^^^^^^^^^^^^^^^^^^^^^^^^^^^^^^^^^
  File "/home/airflow/.local/lib/python3.11/site-packages/airflow/models/baseoperator.py", line 401, in wrapper
    return func(self, *args, **kwargs)
           ^^^^^^^^^^^^^^^^^^^^^^^^^^^
  File "/home/airflow/.local/lib/python3.11/site-packages/airflow/operators/python.py", line 235, in execute
    return_value = self.execute_callable()
                   ^^^^^^^^^^^^^^^^^^^^^^^
  File "/home/airflow/.local/lib/python3.11/site-packages/airflow/operators/python.py", line 252, in execute_callable
    return self.python_callable(*self.op_args, **self.op_kwargs)
           ^^^^^^^^^^^^^^^^^^^^^^^^^^^^^^^^^^^^^^^^^^^^^^^^^^^^^
  File "/opt/airflow/dags/scripts/train_prophet.py", line 92, in train_prophet
    best_model_temp, scores_temp = optimize_prophet_model(temp_df)
                                   ^^^^^^^^^^^^^^^^^^^^^^^^^^^^^^^
  File "/opt/airflow/dags/scripts/train_prophet.py", line 44, in optimize_prophet_model
    best = min(results, key=lambda x: x[1])
           ^^^^^^^^^^^^^^^^^^^^^^^^^^^^^^^^
ValueError: min() arg is an empty sequence
[2025-07-31T12:06:14.244+0000] {taskinstance.py:1206} INFO - Marking task as FAILED. dag_id=solar_ai_pipeline_2, task_id=train_prophet, run_id=scheduled__2023-07-15T00:00:00+00:00, execution_date=20230715T000000, start_date=20250731T120609, end_date=20250731T120614
[2025-07-31T12:06:14.331+0000] {standard_task_runner.py:110} ERROR - Failed to execute job 2941 for task train_prophet (min() arg is an empty sequence; 6441)
[2025-07-31T12:06:14.374+0000] {local_task_job_runner.py:240} INFO - Task exited with return code 1
[2025-07-31T12:06:14.464+0000] {taskinstance.py:3503} INFO - 0 downstream tasks scheduled from follow-on schedule check
[2025-07-31T12:06:14.524+0000] {local_task_job_runner.py:222} INFO - ::endgroup::
