[2025-07-31T12:07:33.600+0000] {local_task_job_runner.py:120} INFO - ::group::Pre task execution logs
[2025-07-31T12:07:33.800+0000] {taskinstance.py:2076} INFO - Dependencies all met for dep_context=non-requeueable deps ti=<TaskInstance: solar_ai_pipeline_2.train_prophet scheduled__2023-07-18T00:00:00+00:00 [queued]>
[2025-07-31T12:07:33.870+0000] {taskinstance.py:2076} INFO - Dependencies all met for dep_context=requeueable deps ti=<TaskInstance: solar_ai_pipeline_2.train_prophet scheduled__2023-07-18T00:00:00+00:00 [queued]>
[2025-07-31T12:07:33.876+0000] {taskinstance.py:2306} INFO - Starting attempt 4 of 4
[2025-07-31T12:07:34.292+0000] {taskinstance.py:2330} INFO - Executing <Task(PythonOperator): train_prophet> on 2023-07-18 00:00:00+00:00
[2025-07-31T12:07:34.305+0000] {standard_task_runner.py:63} INFO - Started process 6620 to run task
[2025-07-31T12:07:34.313+0000] {standard_task_runner.py:90} INFO - Running: ['airflow', 'tasks', 'run', 'solar_ai_pipeline_2', 'train_prophet', 'scheduled__2023-07-18T00:00:00+00:00', '--job-id', '2947', '--raw', '--subdir', 'DAGS_FOLDER/prophet_pipeline.py', '--cfg-path', '/tmp/tmp71ajujfb']
[2025-07-31T12:07:34.317+0000] {standard_task_runner.py:91} INFO - Job 2947: Subtask train_prophet
[2025-07-31T12:07:34.589+0000] {task_command.py:426} INFO - Running <TaskInstance: solar_ai_pipeline_2.train_prophet scheduled__2023-07-18T00:00:00+00:00 [running]> on host a2a0dd314bdc
[2025-07-31T12:07:34.907+0000] {taskinstance.py:2648} INFO - Exporting env vars: AIRFLOW_CTX_DAG_OWNER='ensam' AIRFLOW_CTX_DAG_ID='solar_ai_pipeline_2' AIRFLOW_CTX_TASK_ID='train_prophet' AIRFLOW_CTX_EXECUTION_DATE='2023-07-18T00:00:00+00:00' AIRFLOW_CTX_TRY_NUMBER='4' AIRFLOW_CTX_DAG_RUN_ID='scheduled__2023-07-18T00:00:00+00:00'
[2025-07-31T12:07:34.910+0000] {taskinstance.py:430} INFO - ::endgroup::
[2025-07-31T12:07:35.870+0000] {plot.py:39} ERROR - Importing plotly failed. Interactive plots will not work.
[2025-07-31T12:07:35.878+0000] {logging_mixin.py:188} INFO - Training from 2023-01-01 to 2023-01-19
[2025-07-31T12:07:36.304+0000] {logging_mixin.py:188} INFO - Test 1/18: {'changepoint_prior_scale': 0.01, 'seasonality_prior_scale': 1.0, 'seasonality_mode': 'additive'}
[2025-07-31T12:07:36.358+0000] {filesystem.py:118} DEBUG - input tempfile: /tmp/tmp1jr6zc7x/0zixmmlk.json
[2025-07-31T12:07:36.406+0000] {filesystem.py:118} DEBUG - input tempfile: /tmp/tmp1jr6zc7x/z1wch6y_.json
[2025-07-31T12:07:36.408+0000] {model.py:2042} DEBUG - idx 0
[2025-07-31T12:07:36.409+0000] {model.py:2043} DEBUG - running CmdStan, num_threads: None
[2025-07-31T12:07:36.410+0000] {model.py:2055} DEBUG - CmdStan args: ['/home/airflow/.local/lib/python3.11/site-packages/prophet/stan_model/prophet_model.bin', 'random', 'seed=17721', 'data', 'file=/tmp/tmp1jr6zc7x/0zixmmlk.json', 'init=/tmp/tmp1jr6zc7x/z1wch6y_.json', 'output', 'file=/tmp/tmp1jr6zc7x/prophet_model8q4sr67h/prophet_model-20250731120736.csv', 'method=optimize', 'algorithm=lbfgs', 'iter=10000']
[2025-07-31T12:07:36.411+0000] {logging_mixin.py:188} WARNING - 12:07:36 - cmdstanpy - INFO - Chain [1] start processing
[2025-07-31T12:07:36.411+0000] {model.py:2058} INFO - Chain [1] start processing
[2025-07-31T12:07:36.457+0000] {logging_mixin.py:188} WARNING - 12:07:36 - cmdstanpy - INFO - Chain [1] done processing
[2025-07-31T12:07:36.457+0000] {model.py:2115} INFO - Chain [1] done processing
[2025-07-31T12:07:36.463+0000] {logging_mixin.py:188} INFO - Erreur pour {'changepoint_prior_scale': 0.01, 'seasonality_prior_scale': 1.0, 'seasonality_mode': 'additive'}: Less data than horizon after initial window. Make horizon or initial shorter.
[2025-07-31T12:07:36.464+0000] {logging_mixin.py:188} INFO - Test 2/18: {'changepoint_prior_scale': 0.01, 'seasonality_prior_scale': 1.0, 'seasonality_mode': 'multiplicative'}
[2025-07-31T12:07:36.489+0000] {filesystem.py:118} DEBUG - input tempfile: /tmp/tmp1jr6zc7x/t70lzjht.json
[2025-07-31T12:07:36.535+0000] {filesystem.py:118} DEBUG - input tempfile: /tmp/tmp1jr6zc7x/yjyrgkbx.json
[2025-07-31T12:07:36.540+0000] {model.py:2042} DEBUG - idx 0
[2025-07-31T12:07:36.541+0000] {model.py:2043} DEBUG - running CmdStan, num_threads: None
[2025-07-31T12:07:36.541+0000] {model.py:2055} DEBUG - CmdStan args: ['/home/airflow/.local/lib/python3.11/site-packages/prophet/stan_model/prophet_model.bin', 'random', 'seed=92688', 'data', 'file=/tmp/tmp1jr6zc7x/t70lzjht.json', 'init=/tmp/tmp1jr6zc7x/yjyrgkbx.json', 'output', 'file=/tmp/tmp1jr6zc7x/prophet_model5hld_xzd/prophet_model-20250731120736.csv', 'method=optimize', 'algorithm=lbfgs', 'iter=10000']
[2025-07-31T12:07:36.542+0000] {logging_mixin.py:188} WARNING - 12:07:36 - cmdstanpy - INFO - Chain [1] start processing
[2025-07-31T12:07:36.542+0000] {model.py:2058} INFO - Chain [1] start processing
[2025-07-31T12:07:36.616+0000] {logging_mixin.py:188} WARNING - 12:07:36 - cmdstanpy - INFO - Chain [1] done processing
[2025-07-31T12:07:36.616+0000] {model.py:2115} INFO - Chain [1] done processing
[2025-07-31T12:07:36.621+0000] {logging_mixin.py:188} INFO - Erreur pour {'changepoint_prior_scale': 0.01, 'seasonality_prior_scale': 1.0, 'seasonality_mode': 'multiplicative'}: Less data than horizon after initial window. Make horizon or initial shorter.
[2025-07-31T12:07:36.622+0000] {logging_mixin.py:188} INFO - Test 3/18: {'changepoint_prior_scale': 0.01, 'seasonality_prior_scale': 5.0, 'seasonality_mode': 'additive'}
[2025-07-31T12:07:36.642+0000] {filesystem.py:118} DEBUG - input tempfile: /tmp/tmp1jr6zc7x/52l31wni.json
[2025-07-31T12:07:36.708+0000] {filesystem.py:118} DEBUG - input tempfile: /tmp/tmp1jr6zc7x/4m724cxc.json
[2025-07-31T12:07:36.712+0000] {model.py:2042} DEBUG - idx 0
[2025-07-31T12:07:36.713+0000] {model.py:2043} DEBUG - running CmdStan, num_threads: None
[2025-07-31T12:07:36.714+0000] {model.py:2055} DEBUG - CmdStan args: ['/home/airflow/.local/lib/python3.11/site-packages/prophet/stan_model/prophet_model.bin', 'random', 'seed=73940', 'data', 'file=/tmp/tmp1jr6zc7x/52l31wni.json', 'init=/tmp/tmp1jr6zc7x/4m724cxc.json', 'output', 'file=/tmp/tmp1jr6zc7x/prophet_modelw71j1ufa/prophet_model-20250731120736.csv', 'method=optimize', 'algorithm=lbfgs', 'iter=10000']
[2025-07-31T12:07:36.715+0000] {logging_mixin.py:188} WARNING - 12:07:36 - cmdstanpy - INFO - Chain [1] start processing
[2025-07-31T12:07:36.715+0000] {model.py:2058} INFO - Chain [1] start processing
[2025-07-31T12:07:36.771+0000] {logging_mixin.py:188} WARNING - 12:07:36 - cmdstanpy - INFO - Chain [1] done processing
[2025-07-31T12:07:36.771+0000] {model.py:2115} INFO - Chain [1] done processing
[2025-07-31T12:07:36.776+0000] {logging_mixin.py:188} INFO - Erreur pour {'changepoint_prior_scale': 0.01, 'seasonality_prior_scale': 5.0, 'seasonality_mode': 'additive'}: Less data than horizon after initial window. Make horizon or initial shorter.
[2025-07-31T12:07:36.777+0000] {logging_mixin.py:188} INFO - Test 4/18: {'changepoint_prior_scale': 0.01, 'seasonality_prior_scale': 5.0, 'seasonality_mode': 'multiplicative'}
[2025-07-31T12:07:36.801+0000] {filesystem.py:118} DEBUG - input tempfile: /tmp/tmp1jr6zc7x/bb_uirwr.json
[2025-07-31T12:07:36.868+0000] {filesystem.py:118} DEBUG - input tempfile: /tmp/tmp1jr6zc7x/46l52e3p.json
[2025-07-31T12:07:36.869+0000] {model.py:2042} DEBUG - idx 0
[2025-07-31T12:07:36.870+0000] {model.py:2043} DEBUG - running CmdStan, num_threads: None
[2025-07-31T12:07:36.870+0000] {model.py:2055} DEBUG - CmdStan args: ['/home/airflow/.local/lib/python3.11/site-packages/prophet/stan_model/prophet_model.bin', 'random', 'seed=24281', 'data', 'file=/tmp/tmp1jr6zc7x/bb_uirwr.json', 'init=/tmp/tmp1jr6zc7x/46l52e3p.json', 'output', 'file=/tmp/tmp1jr6zc7x/prophet_modellcblajkl/prophet_model-20250731120736.csv', 'method=optimize', 'algorithm=lbfgs', 'iter=10000']
[2025-07-31T12:07:36.871+0000] {logging_mixin.py:188} WARNING - 12:07:36 - cmdstanpy - INFO - Chain [1] start processing
[2025-07-31T12:07:36.871+0000] {model.py:2058} INFO - Chain [1] start processing
[2025-07-31T12:07:36.937+0000] {logging_mixin.py:188} WARNING - 12:07:36 - cmdstanpy - INFO - Chain [1] done processing
[2025-07-31T12:07:36.937+0000] {model.py:2115} INFO - Chain [1] done processing
[2025-07-31T12:07:36.941+0000] {logging_mixin.py:188} INFO - Erreur pour {'changepoint_prior_scale': 0.01, 'seasonality_prior_scale': 5.0, 'seasonality_mode': 'multiplicative'}: Less data than horizon after initial window. Make horizon or initial shorter.
[2025-07-31T12:07:36.942+0000] {logging_mixin.py:188} INFO - Test 5/18: {'changepoint_prior_scale': 0.01, 'seasonality_prior_scale': 10.0, 'seasonality_mode': 'additive'}
[2025-07-31T12:07:36.959+0000] {filesystem.py:118} DEBUG - input tempfile: /tmp/tmp1jr6zc7x/pdl3cmyi.json
[2025-07-31T12:07:37.013+0000] {filesystem.py:118} DEBUG - input tempfile: /tmp/tmp1jr6zc7x/v7_ci59y.json
[2025-07-31T12:07:37.018+0000] {model.py:2042} DEBUG - idx 0
[2025-07-31T12:07:37.019+0000] {model.py:2043} DEBUG - running CmdStan, num_threads: None
[2025-07-31T12:07:37.020+0000] {model.py:2055} DEBUG - CmdStan args: ['/home/airflow/.local/lib/python3.11/site-packages/prophet/stan_model/prophet_model.bin', 'random', 'seed=84345', 'data', 'file=/tmp/tmp1jr6zc7x/pdl3cmyi.json', 'init=/tmp/tmp1jr6zc7x/v7_ci59y.json', 'output', 'file=/tmp/tmp1jr6zc7x/prophet_modelv9oon9oo/prophet_model-20250731120737.csv', 'method=optimize', 'algorithm=lbfgs', 'iter=10000']
[2025-07-31T12:07:37.020+0000] {logging_mixin.py:188} WARNING - 12:07:37 - cmdstanpy - INFO - Chain [1] start processing
[2025-07-31T12:07:37.020+0000] {model.py:2058} INFO - Chain [1] start processing
[2025-07-31T12:07:37.078+0000] {logging_mixin.py:188} WARNING - 12:07:37 - cmdstanpy - INFO - Chain [1] done processing
[2025-07-31T12:07:37.078+0000] {model.py:2115} INFO - Chain [1] done processing
[2025-07-31T12:07:37.084+0000] {logging_mixin.py:188} INFO - Erreur pour {'changepoint_prior_scale': 0.01, 'seasonality_prior_scale': 10.0, 'seasonality_mode': 'additive'}: Less data than horizon after initial window. Make horizon or initial shorter.
[2025-07-31T12:07:37.085+0000] {logging_mixin.py:188} INFO - Test 6/18: {'changepoint_prior_scale': 0.01, 'seasonality_prior_scale': 10.0, 'seasonality_mode': 'multiplicative'}
[2025-07-31T12:07:37.120+0000] {filesystem.py:118} DEBUG - input tempfile: /tmp/tmp1jr6zc7x/g6zi62lq.json
[2025-07-31T12:07:37.169+0000] {filesystem.py:118} DEBUG - input tempfile: /tmp/tmp1jr6zc7x/qbjzsxg9.json
[2025-07-31T12:07:37.173+0000] {model.py:2042} DEBUG - idx 0
[2025-07-31T12:07:37.174+0000] {model.py:2043} DEBUG - running CmdStan, num_threads: None
[2025-07-31T12:07:37.174+0000] {model.py:2055} DEBUG - CmdStan args: ['/home/airflow/.local/lib/python3.11/site-packages/prophet/stan_model/prophet_model.bin', 'random', 'seed=58206', 'data', 'file=/tmp/tmp1jr6zc7x/g6zi62lq.json', 'init=/tmp/tmp1jr6zc7x/qbjzsxg9.json', 'output', 'file=/tmp/tmp1jr6zc7x/prophet_model27ws__fx/prophet_model-20250731120737.csv', 'method=optimize', 'algorithm=lbfgs', 'iter=10000']
[2025-07-31T12:07:37.175+0000] {logging_mixin.py:188} WARNING - 12:07:37 - cmdstanpy - INFO - Chain [1] start processing
[2025-07-31T12:07:37.175+0000] {model.py:2058} INFO - Chain [1] start processing
[2025-07-31T12:07:37.235+0000] {logging_mixin.py:188} WARNING - 12:07:37 - cmdstanpy - INFO - Chain [1] done processing
[2025-07-31T12:07:37.235+0000] {model.py:2115} INFO - Chain [1] done processing
[2025-07-31T12:07:37.239+0000] {logging_mixin.py:188} INFO - Erreur pour {'changepoint_prior_scale': 0.01, 'seasonality_prior_scale': 10.0, 'seasonality_mode': 'multiplicative'}: Less data than horizon after initial window. Make horizon or initial shorter.
[2025-07-31T12:07:37.240+0000] {logging_mixin.py:188} INFO - Test 7/18: {'changepoint_prior_scale': 0.05, 'seasonality_prior_scale': 1.0, 'seasonality_mode': 'additive'}
[2025-07-31T12:07:37.261+0000] {filesystem.py:118} DEBUG - input tempfile: /tmp/tmp1jr6zc7x/sm0y_zcz.json
[2025-07-31T12:07:37.329+0000] {filesystem.py:118} DEBUG - input tempfile: /tmp/tmp1jr6zc7x/tdjos_bn.json
[2025-07-31T12:07:37.334+0000] {model.py:2042} DEBUG - idx 0
[2025-07-31T12:07:37.334+0000] {model.py:2043} DEBUG - running CmdStan, num_threads: None
[2025-07-31T12:07:37.335+0000] {model.py:2055} DEBUG - CmdStan args: ['/home/airflow/.local/lib/python3.11/site-packages/prophet/stan_model/prophet_model.bin', 'random', 'seed=82668', 'data', 'file=/tmp/tmp1jr6zc7x/sm0y_zcz.json', 'init=/tmp/tmp1jr6zc7x/tdjos_bn.json', 'output', 'file=/tmp/tmp1jr6zc7x/prophet_modelg7aztwfj/prophet_model-20250731120737.csv', 'method=optimize', 'algorithm=lbfgs', 'iter=10000']
[2025-07-31T12:07:37.336+0000] {logging_mixin.py:188} WARNING - 12:07:37 - cmdstanpy - INFO - Chain [1] start processing
[2025-07-31T12:07:37.336+0000] {model.py:2058} INFO - Chain [1] start processing
[2025-07-31T12:07:37.401+0000] {logging_mixin.py:188} WARNING - 12:07:37 - cmdstanpy - INFO - Chain [1] done processing
[2025-07-31T12:07:37.401+0000] {model.py:2115} INFO - Chain [1] done processing
[2025-07-31T12:07:37.406+0000] {logging_mixin.py:188} INFO - Erreur pour {'changepoint_prior_scale': 0.05, 'seasonality_prior_scale': 1.0, 'seasonality_mode': 'additive'}: Less data than horizon after initial window. Make horizon or initial shorter.
[2025-07-31T12:07:37.407+0000] {logging_mixin.py:188} INFO - Test 8/18: {'changepoint_prior_scale': 0.05, 'seasonality_prior_scale': 1.0, 'seasonality_mode': 'multiplicative'}
[2025-07-31T12:07:37.433+0000] {filesystem.py:118} DEBUG - input tempfile: /tmp/tmp1jr6zc7x/xszs8c28.json
[2025-07-31T12:07:37.480+0000] {filesystem.py:118} DEBUG - input tempfile: /tmp/tmp1jr6zc7x/zgcyj1en.json
[2025-07-31T12:07:37.481+0000] {model.py:2042} DEBUG - idx 0
[2025-07-31T12:07:37.482+0000] {model.py:2043} DEBUG - running CmdStan, num_threads: None
[2025-07-31T12:07:37.482+0000] {model.py:2055} DEBUG - CmdStan args: ['/home/airflow/.local/lib/python3.11/site-packages/prophet/stan_model/prophet_model.bin', 'random', 'seed=10396', 'data', 'file=/tmp/tmp1jr6zc7x/xszs8c28.json', 'init=/tmp/tmp1jr6zc7x/zgcyj1en.json', 'output', 'file=/tmp/tmp1jr6zc7x/prophet_model4ltvh01k/prophet_model-20250731120737.csv', 'method=optimize', 'algorithm=lbfgs', 'iter=10000']
[2025-07-31T12:07:37.483+0000] {logging_mixin.py:188} WARNING - 12:07:37 - cmdstanpy - INFO - Chain [1] start processing
[2025-07-31T12:07:37.483+0000] {model.py:2058} INFO - Chain [1] start processing
[2025-07-31T12:07:37.540+0000] {logging_mixin.py:188} WARNING - 12:07:37 - cmdstanpy - INFO - Chain [1] done processing
[2025-07-31T12:07:37.540+0000] {model.py:2115} INFO - Chain [1] done processing
[2025-07-31T12:07:37.546+0000] {logging_mixin.py:188} INFO - Erreur pour {'changepoint_prior_scale': 0.05, 'seasonality_prior_scale': 1.0, 'seasonality_mode': 'multiplicative'}: Less data than horizon after initial window. Make horizon or initial shorter.
[2025-07-31T12:07:37.546+0000] {logging_mixin.py:188} INFO - Test 9/18: {'changepoint_prior_scale': 0.05, 'seasonality_prior_scale': 5.0, 'seasonality_mode': 'additive'}
[2025-07-31T12:07:37.568+0000] {filesystem.py:118} DEBUG - input tempfile: /tmp/tmp1jr6zc7x/egdxn4zl.json
[2025-07-31T12:07:37.617+0000] {filesystem.py:118} DEBUG - input tempfile: /tmp/tmp1jr6zc7x/p7ezk_ff.json
[2025-07-31T12:07:37.619+0000] {model.py:2042} DEBUG - idx 0
[2025-07-31T12:07:37.619+0000] {model.py:2043} DEBUG - running CmdStan, num_threads: None
[2025-07-31T12:07:37.620+0000] {model.py:2055} DEBUG - CmdStan args: ['/home/airflow/.local/lib/python3.11/site-packages/prophet/stan_model/prophet_model.bin', 'random', 'seed=3978', 'data', 'file=/tmp/tmp1jr6zc7x/egdxn4zl.json', 'init=/tmp/tmp1jr6zc7x/p7ezk_ff.json', 'output', 'file=/tmp/tmp1jr6zc7x/prophet_modelm57cka2j/prophet_model-20250731120737.csv', 'method=optimize', 'algorithm=lbfgs', 'iter=10000']
[2025-07-31T12:07:37.620+0000] {logging_mixin.py:188} WARNING - 12:07:37 - cmdstanpy - INFO - Chain [1] start processing
[2025-07-31T12:07:37.620+0000] {model.py:2058} INFO - Chain [1] start processing
[2025-07-31T12:07:37.680+0000] {logging_mixin.py:188} WARNING - 12:07:37 - cmdstanpy - INFO - Chain [1] done processing
[2025-07-31T12:07:37.680+0000] {model.py:2115} INFO - Chain [1] done processing
[2025-07-31T12:07:37.685+0000] {logging_mixin.py:188} INFO - Erreur pour {'changepoint_prior_scale': 0.05, 'seasonality_prior_scale': 5.0, 'seasonality_mode': 'additive'}: Less data than horizon after initial window. Make horizon or initial shorter.
[2025-07-31T12:07:37.686+0000] {logging_mixin.py:188} INFO - Test 10/18: {'changepoint_prior_scale': 0.05, 'seasonality_prior_scale': 5.0, 'seasonality_mode': 'multiplicative'}
[2025-07-31T12:07:37.705+0000] {filesystem.py:118} DEBUG - input tempfile: /tmp/tmp1jr6zc7x/2w50ujps.json
[2025-07-31T12:07:37.753+0000] {filesystem.py:118} DEBUG - input tempfile: /tmp/tmp1jr6zc7x/sbctvutw.json
[2025-07-31T12:07:37.755+0000] {model.py:2042} DEBUG - idx 0
[2025-07-31T12:07:37.756+0000] {model.py:2043} DEBUG - running CmdStan, num_threads: None
[2025-07-31T12:07:37.757+0000] {model.py:2055} DEBUG - CmdStan args: ['/home/airflow/.local/lib/python3.11/site-packages/prophet/stan_model/prophet_model.bin', 'random', 'seed=47839', 'data', 'file=/tmp/tmp1jr6zc7x/2w50ujps.json', 'init=/tmp/tmp1jr6zc7x/sbctvutw.json', 'output', 'file=/tmp/tmp1jr6zc7x/prophet_modelf4c2_g6_/prophet_model-20250731120737.csv', 'method=optimize', 'algorithm=lbfgs', 'iter=10000']
[2025-07-31T12:07:37.758+0000] {logging_mixin.py:188} WARNING - 12:07:37 - cmdstanpy - INFO - Chain [1] start processing
[2025-07-31T12:07:37.758+0000] {model.py:2058} INFO - Chain [1] start processing
[2025-07-31T12:07:37.843+0000] {logging_mixin.py:188} WARNING - 12:07:37 - cmdstanpy - INFO - Chain [1] done processing
[2025-07-31T12:07:37.843+0000] {model.py:2115} INFO - Chain [1] done processing
[2025-07-31T12:07:37.848+0000] {logging_mixin.py:188} INFO - Erreur pour {'changepoint_prior_scale': 0.05, 'seasonality_prior_scale': 5.0, 'seasonality_mode': 'multiplicative'}: Less data than horizon after initial window. Make horizon or initial shorter.
[2025-07-31T12:07:37.849+0000] {logging_mixin.py:188} INFO - Test 11/18: {'changepoint_prior_scale': 0.05, 'seasonality_prior_scale': 10.0, 'seasonality_mode': 'additive'}
[2025-07-31T12:07:37.876+0000] {filesystem.py:118} DEBUG - input tempfile: /tmp/tmp1jr6zc7x/5lgm00cp.json
[2025-07-31T12:07:37.925+0000] {filesystem.py:118} DEBUG - input tempfile: /tmp/tmp1jr6zc7x/t2j_5lo6.json
[2025-07-31T12:07:37.927+0000] {model.py:2042} DEBUG - idx 0
[2025-07-31T12:07:37.927+0000] {model.py:2043} DEBUG - running CmdStan, num_threads: None
[2025-07-31T12:07:37.928+0000] {model.py:2055} DEBUG - CmdStan args: ['/home/airflow/.local/lib/python3.11/site-packages/prophet/stan_model/prophet_model.bin', 'random', 'seed=13998', 'data', 'file=/tmp/tmp1jr6zc7x/5lgm00cp.json', 'init=/tmp/tmp1jr6zc7x/t2j_5lo6.json', 'output', 'file=/tmp/tmp1jr6zc7x/prophet_modelk6qgfi9c/prophet_model-20250731120737.csv', 'method=optimize', 'algorithm=lbfgs', 'iter=10000']
[2025-07-31T12:07:37.929+0000] {logging_mixin.py:188} WARNING - 12:07:37 - cmdstanpy - INFO - Chain [1] start processing
[2025-07-31T12:07:37.928+0000] {model.py:2058} INFO - Chain [1] start processing
[2025-07-31T12:07:37.963+0000] {logging_mixin.py:188} WARNING - 12:07:37 - cmdstanpy - INFO - Chain [1] done processing
[2025-07-31T12:07:37.963+0000] {model.py:2115} INFO - Chain [1] done processing
[2025-07-31T12:07:37.967+0000] {logging_mixin.py:188} INFO - Erreur pour {'changepoint_prior_scale': 0.05, 'seasonality_prior_scale': 10.0, 'seasonality_mode': 'additive'}: Less data than horizon after initial window. Make horizon or initial shorter.
[2025-07-31T12:07:37.968+0000] {logging_mixin.py:188} INFO - Test 12/18: {'changepoint_prior_scale': 0.05, 'seasonality_prior_scale': 10.0, 'seasonality_mode': 'multiplicative'}
[2025-07-31T12:07:37.989+0000] {filesystem.py:118} DEBUG - input tempfile: /tmp/tmp1jr6zc7x/d32c4u19.json
[2025-07-31T12:07:38.051+0000] {filesystem.py:118} DEBUG - input tempfile: /tmp/tmp1jr6zc7x/9s9t24jb.json
[2025-07-31T12:07:38.053+0000] {model.py:2042} DEBUG - idx 0
[2025-07-31T12:07:38.054+0000] {model.py:2043} DEBUG - running CmdStan, num_threads: None
[2025-07-31T12:07:38.054+0000] {model.py:2055} DEBUG - CmdStan args: ['/home/airflow/.local/lib/python3.11/site-packages/prophet/stan_model/prophet_model.bin', 'random', 'seed=27413', 'data', 'file=/tmp/tmp1jr6zc7x/d32c4u19.json', 'init=/tmp/tmp1jr6zc7x/9s9t24jb.json', 'output', 'file=/tmp/tmp1jr6zc7x/prophet_modelnk0jq3ne/prophet_model-20250731120738.csv', 'method=optimize', 'algorithm=lbfgs', 'iter=10000']
[2025-07-31T12:07:38.055+0000] {logging_mixin.py:188} WARNING - 12:07:38 - cmdstanpy - INFO - Chain [1] start processing
[2025-07-31T12:07:38.055+0000] {model.py:2058} INFO - Chain [1] start processing
[2025-07-31T12:07:38.103+0000] {logging_mixin.py:188} WARNING - 12:07:38 - cmdstanpy - INFO - Chain [1] done processing
[2025-07-31T12:07:38.103+0000] {model.py:2115} INFO - Chain [1] done processing
[2025-07-31T12:07:38.107+0000] {logging_mixin.py:188} INFO - Erreur pour {'changepoint_prior_scale': 0.05, 'seasonality_prior_scale': 10.0, 'seasonality_mode': 'multiplicative'}: Less data than horizon after initial window. Make horizon or initial shorter.
[2025-07-31T12:07:38.108+0000] {logging_mixin.py:188} INFO - Test 13/18: {'changepoint_prior_scale': 0.1, 'seasonality_prior_scale': 1.0, 'seasonality_mode': 'additive'}
[2025-07-31T12:07:38.129+0000] {filesystem.py:118} DEBUG - input tempfile: /tmp/tmp1jr6zc7x/x2g1fh1e.json
[2025-07-31T12:07:38.186+0000] {filesystem.py:118} DEBUG - input tempfile: /tmp/tmp1jr6zc7x/g0nlmnmy.json
[2025-07-31T12:07:38.188+0000] {model.py:2042} DEBUG - idx 0
[2025-07-31T12:07:38.188+0000] {model.py:2043} DEBUG - running CmdStan, num_threads: None
[2025-07-31T12:07:38.189+0000] {model.py:2055} DEBUG - CmdStan args: ['/home/airflow/.local/lib/python3.11/site-packages/prophet/stan_model/prophet_model.bin', 'random', 'seed=68702', 'data', 'file=/tmp/tmp1jr6zc7x/x2g1fh1e.json', 'init=/tmp/tmp1jr6zc7x/g0nlmnmy.json', 'output', 'file=/tmp/tmp1jr6zc7x/prophet_modelh2x8w0jm/prophet_model-20250731120738.csv', 'method=optimize', 'algorithm=lbfgs', 'iter=10000']
[2025-07-31T12:07:38.190+0000] {logging_mixin.py:188} WARNING - 12:07:38 - cmdstanpy - INFO - Chain [1] start processing
[2025-07-31T12:07:38.189+0000] {model.py:2058} INFO - Chain [1] start processing
[2025-07-31T12:07:38.235+0000] {logging_mixin.py:188} WARNING - 12:07:38 - cmdstanpy - INFO - Chain [1] done processing
[2025-07-31T12:07:38.235+0000] {model.py:2115} INFO - Chain [1] done processing
[2025-07-31T12:07:38.240+0000] {logging_mixin.py:188} INFO - Erreur pour {'changepoint_prior_scale': 0.1, 'seasonality_prior_scale': 1.0, 'seasonality_mode': 'additive'}: Less data than horizon after initial window. Make horizon or initial shorter.
[2025-07-31T12:07:38.241+0000] {logging_mixin.py:188} INFO - Test 14/18: {'changepoint_prior_scale': 0.1, 'seasonality_prior_scale': 1.0, 'seasonality_mode': 'multiplicative'}
[2025-07-31T12:07:38.271+0000] {filesystem.py:118} DEBUG - input tempfile: /tmp/tmp1jr6zc7x/u3atfvoi.json
[2025-07-31T12:07:38.319+0000] {filesystem.py:118} DEBUG - input tempfile: /tmp/tmp1jr6zc7x/om7gv558.json
[2025-07-31T12:07:38.321+0000] {model.py:2042} DEBUG - idx 0
[2025-07-31T12:07:38.322+0000] {model.py:2043} DEBUG - running CmdStan, num_threads: None
[2025-07-31T12:07:38.323+0000] {model.py:2055} DEBUG - CmdStan args: ['/home/airflow/.local/lib/python3.11/site-packages/prophet/stan_model/prophet_model.bin', 'random', 'seed=17053', 'data', 'file=/tmp/tmp1jr6zc7x/u3atfvoi.json', 'init=/tmp/tmp1jr6zc7x/om7gv558.json', 'output', 'file=/tmp/tmp1jr6zc7x/prophet_model6uw0qahh/prophet_model-20250731120738.csv', 'method=optimize', 'algorithm=lbfgs', 'iter=10000']
[2025-07-31T12:07:38.323+0000] {logging_mixin.py:188} WARNING - 12:07:38 - cmdstanpy - INFO - Chain [1] start processing
[2025-07-31T12:07:38.323+0000] {model.py:2058} INFO - Chain [1] start processing
[2025-07-31T12:07:38.374+0000] {logging_mixin.py:188} WARNING - 12:07:38 - cmdstanpy - INFO - Chain [1] done processing
[2025-07-31T12:07:38.373+0000] {model.py:2115} INFO - Chain [1] done processing
[2025-07-31T12:07:38.378+0000] {logging_mixin.py:188} INFO - Erreur pour {'changepoint_prior_scale': 0.1, 'seasonality_prior_scale': 1.0, 'seasonality_mode': 'multiplicative'}: Less data than horizon after initial window. Make horizon or initial shorter.
[2025-07-31T12:07:38.379+0000] {logging_mixin.py:188} INFO - Test 15/18: {'changepoint_prior_scale': 0.1, 'seasonality_prior_scale': 5.0, 'seasonality_mode': 'additive'}
[2025-07-31T12:07:38.395+0000] {filesystem.py:118} DEBUG - input tempfile: /tmp/tmp1jr6zc7x/rntso28k.json
[2025-07-31T12:07:38.449+0000] {filesystem.py:118} DEBUG - input tempfile: /tmp/tmp1jr6zc7x/fg0d_0qp.json
[2025-07-31T12:07:38.451+0000] {model.py:2042} DEBUG - idx 0
[2025-07-31T12:07:38.451+0000] {model.py:2043} DEBUG - running CmdStan, num_threads: None
[2025-07-31T12:07:38.452+0000] {model.py:2055} DEBUG - CmdStan args: ['/home/airflow/.local/lib/python3.11/site-packages/prophet/stan_model/prophet_model.bin', 'random', 'seed=37735', 'data', 'file=/tmp/tmp1jr6zc7x/rntso28k.json', 'init=/tmp/tmp1jr6zc7x/fg0d_0qp.json', 'output', 'file=/tmp/tmp1jr6zc7x/prophet_modelbf0smsif/prophet_model-20250731120738.csv', 'method=optimize', 'algorithm=lbfgs', 'iter=10000']
[2025-07-31T12:07:38.452+0000] {logging_mixin.py:188} WARNING - 12:07:38 - cmdstanpy - INFO - Chain [1] start processing
[2025-07-31T12:07:38.452+0000] {model.py:2058} INFO - Chain [1] start processing
[2025-07-31T12:07:38.522+0000] {logging_mixin.py:188} WARNING - 12:07:38 - cmdstanpy - INFO - Chain [1] done processing
[2025-07-31T12:07:38.522+0000] {model.py:2115} INFO - Chain [1] done processing
[2025-07-31T12:07:38.527+0000] {logging_mixin.py:188} INFO - Erreur pour {'changepoint_prior_scale': 0.1, 'seasonality_prior_scale': 5.0, 'seasonality_mode': 'additive'}: Less data than horizon after initial window. Make horizon or initial shorter.
[2025-07-31T12:07:38.527+0000] {logging_mixin.py:188} INFO - Test 16/18: {'changepoint_prior_scale': 0.1, 'seasonality_prior_scale': 5.0, 'seasonality_mode': 'multiplicative'}
[2025-07-31T12:07:38.563+0000] {filesystem.py:118} DEBUG - input tempfile: /tmp/tmp1jr6zc7x/mvodpcgr.json
[2025-07-31T12:07:38.631+0000] {filesystem.py:118} DEBUG - input tempfile: /tmp/tmp1jr6zc7x/34drs5po.json
[2025-07-31T12:07:38.633+0000] {model.py:2042} DEBUG - idx 0
[2025-07-31T12:07:38.633+0000] {model.py:2043} DEBUG - running CmdStan, num_threads: None
[2025-07-31T12:07:38.634+0000] {model.py:2055} DEBUG - CmdStan args: ['/home/airflow/.local/lib/python3.11/site-packages/prophet/stan_model/prophet_model.bin', 'random', 'seed=26947', 'data', 'file=/tmp/tmp1jr6zc7x/mvodpcgr.json', 'init=/tmp/tmp1jr6zc7x/34drs5po.json', 'output', 'file=/tmp/tmp1jr6zc7x/prophet_model5_6i8iaz/prophet_model-20250731120738.csv', 'method=optimize', 'algorithm=lbfgs', 'iter=10000']
[2025-07-31T12:07:38.634+0000] {logging_mixin.py:188} WARNING - 12:07:38 - cmdstanpy - INFO - Chain [1] start processing
[2025-07-31T12:07:38.634+0000] {model.py:2058} INFO - Chain [1] start processing
[2025-07-31T12:07:38.696+0000] {logging_mixin.py:188} WARNING - 12:07:38 - cmdstanpy - INFO - Chain [1] done processing
[2025-07-31T12:07:38.696+0000] {model.py:2115} INFO - Chain [1] done processing
[2025-07-31T12:07:38.700+0000] {logging_mixin.py:188} INFO - Erreur pour {'changepoint_prior_scale': 0.1, 'seasonality_prior_scale': 5.0, 'seasonality_mode': 'multiplicative'}: Less data than horizon after initial window. Make horizon or initial shorter.
[2025-07-31T12:07:38.701+0000] {logging_mixin.py:188} INFO - Test 17/18: {'changepoint_prior_scale': 0.1, 'seasonality_prior_scale': 10.0, 'seasonality_mode': 'additive'}
[2025-07-31T12:07:38.719+0000] {filesystem.py:118} DEBUG - input tempfile: /tmp/tmp1jr6zc7x/j6r8q5iv.json
[2025-07-31T12:07:38.766+0000] {filesystem.py:118} DEBUG - input tempfile: /tmp/tmp1jr6zc7x/w23n267l.json
[2025-07-31T12:07:38.768+0000] {model.py:2042} DEBUG - idx 0
[2025-07-31T12:07:38.769+0000] {model.py:2043} DEBUG - running CmdStan, num_threads: None
[2025-07-31T12:07:38.770+0000] {model.py:2055} DEBUG - CmdStan args: ['/home/airflow/.local/lib/python3.11/site-packages/prophet/stan_model/prophet_model.bin', 'random', 'seed=21252', 'data', 'file=/tmp/tmp1jr6zc7x/j6r8q5iv.json', 'init=/tmp/tmp1jr6zc7x/w23n267l.json', 'output', 'file=/tmp/tmp1jr6zc7x/prophet_modelk4jkidzi/prophet_model-20250731120738.csv', 'method=optimize', 'algorithm=lbfgs', 'iter=10000']
[2025-07-31T12:07:38.770+0000] {logging_mixin.py:188} WARNING - 12:07:38 - cmdstanpy - INFO - Chain [1] start processing
[2025-07-31T12:07:38.770+0000] {model.py:2058} INFO - Chain [1] start processing
[2025-07-31T12:07:38.822+0000] {logging_mixin.py:188} WARNING - 12:07:38 - cmdstanpy - INFO - Chain [1] done processing
[2025-07-31T12:07:38.822+0000] {model.py:2115} INFO - Chain [1] done processing
[2025-07-31T12:07:38.830+0000] {logging_mixin.py:188} INFO - Erreur pour {'changepoint_prior_scale': 0.1, 'seasonality_prior_scale': 10.0, 'seasonality_mode': 'additive'}: Less data than horizon after initial window. Make horizon or initial shorter.
[2025-07-31T12:07:38.831+0000] {logging_mixin.py:188} INFO - Test 18/18: {'changepoint_prior_scale': 0.1, 'seasonality_prior_scale': 10.0, 'seasonality_mode': 'multiplicative'}
[2025-07-31T12:07:38.864+0000] {filesystem.py:118} DEBUG - input tempfile: /tmp/tmp1jr6zc7x/pcnmrd9y.json
[2025-07-31T12:07:38.910+0000] {filesystem.py:118} DEBUG - input tempfile: /tmp/tmp1jr6zc7x/tx90wtst.json
[2025-07-31T12:07:38.912+0000] {model.py:2042} DEBUG - idx 0
[2025-07-31T12:07:38.912+0000] {model.py:2043} DEBUG - running CmdStan, num_threads: None
[2025-07-31T12:07:38.913+0000] {model.py:2055} DEBUG - CmdStan args: ['/home/airflow/.local/lib/python3.11/site-packages/prophet/stan_model/prophet_model.bin', 'random', 'seed=3175', 'data', 'file=/tmp/tmp1jr6zc7x/pcnmrd9y.json', 'init=/tmp/tmp1jr6zc7x/tx90wtst.json', 'output', 'file=/tmp/tmp1jr6zc7x/prophet_modelwcss4ize/prophet_model-20250731120738.csv', 'method=optimize', 'algorithm=lbfgs', 'iter=10000']
[2025-07-31T12:07:38.914+0000] {logging_mixin.py:188} WARNING - 12:07:38 - cmdstanpy - INFO - Chain [1] start processing
[2025-07-31T12:07:38.914+0000] {model.py:2058} INFO - Chain [1] start processing
[2025-07-31T12:07:38.960+0000] {logging_mixin.py:188} WARNING - 12:07:38 - cmdstanpy - INFO - Chain [1] done processing
[2025-07-31T12:07:38.960+0000] {model.py:2115} INFO - Chain [1] done processing
[2025-07-31T12:07:38.964+0000] {logging_mixin.py:188} INFO - Erreur pour {'changepoint_prior_scale': 0.1, 'seasonality_prior_scale': 10.0, 'seasonality_mode': 'multiplicative'}: Less data than horizon after initial window. Make horizon or initial shorter.
[2025-07-31T12:07:38.965+0000] {taskinstance.py:441} INFO - ::group::Post task execution logs
[2025-07-31T12:07:38.966+0000] {taskinstance.py:2905} ERROR - Task failed with exception
Traceback (most recent call last):
  File "/home/airflow/.local/lib/python3.11/site-packages/airflow/models/taskinstance.py", line 465, in _execute_task
    result = _execute_callable(context=context, **execute_callable_kwargs)
             ^^^^^^^^^^^^^^^^^^^^^^^^^^^^^^^^^^^^^^^^^^^^^^^^^^^^^^^^^^^^^
  File "/home/airflow/.local/lib/python3.11/site-packages/airflow/models/taskinstance.py", line 432, in _execute_callable
    return execute_callable(context=context, **execute_callable_kwargs)
           ^^^^^^^^^^^^^^^^^^^^^^^^^^^^^^^^^^^^^^^^^^^^^^^^^^^^^^^^^^^^
  File "/home/airflow/.local/lib/python3.11/site-packages/airflow/models/baseoperator.py", line 401, in wrapper
    return func(self, *args, **kwargs)
           ^^^^^^^^^^^^^^^^^^^^^^^^^^^
  File "/home/airflow/.local/lib/python3.11/site-packages/airflow/operators/python.py", line 235, in execute
    return_value = self.execute_callable()
                   ^^^^^^^^^^^^^^^^^^^^^^^
  File "/home/airflow/.local/lib/python3.11/site-packages/airflow/operators/python.py", line 252, in execute_callable
    return self.python_callable(*self.op_args, **self.op_kwargs)
           ^^^^^^^^^^^^^^^^^^^^^^^^^^^^^^^^^^^^^^^^^^^^^^^^^^^^^
  File "/opt/airflow/dags/scripts/train_prophet.py", line 92, in train_prophet
    best_model_temp, scores_temp = optimize_prophet_model(temp_df)
                                   ^^^^^^^^^^^^^^^^^^^^^^^^^^^^^^^
  File "/opt/airflow/dags/scripts/train_prophet.py", line 44, in optimize_prophet_model
    best = min(results, key=lambda x: x[1])
           ^^^^^^^^^^^^^^^^^^^^^^^^^^^^^^^^
ValueError: min() arg is an empty sequence
[2025-07-31T12:07:39.021+0000] {taskinstance.py:1206} INFO - Marking task as FAILED. dag_id=solar_ai_pipeline_2, task_id=train_prophet, run_id=scheduled__2023-07-18T00:00:00+00:00, execution_date=20230718T000000, start_date=20250731T120733, end_date=20250731T120739
[2025-07-31T12:07:39.138+0000] {standard_task_runner.py:110} ERROR - Failed to execute job 2947 for task train_prophet (min() arg is an empty sequence; 6620)
[2025-07-31T12:07:39.192+0000] {local_task_job_runner.py:240} INFO - Task exited with return code 1
[2025-07-31T12:07:39.284+0000] {taskinstance.py:3503} INFO - 0 downstream tasks scheduled from follow-on schedule check
[2025-07-31T12:07:39.582+0000] {local_task_job_runner.py:222} INFO - ::endgroup::
