[2025-07-31T11:56:12.690+0000] {local_task_job_runner.py:120} INFO - ::group::Pre task execution logs
[2025-07-31T11:56:12.851+0000] {taskinstance.py:2076} INFO - Dependencies all met for dep_context=non-requeueable deps ti=<TaskInstance: solar_ai_pipeline_2.train_prophet scheduled__2023-07-18T00:00:00+00:00 [queued]>
[2025-07-31T11:56:12.924+0000] {taskinstance.py:2076} INFO - Dependencies all met for dep_context=requeueable deps ti=<TaskInstance: solar_ai_pipeline_2.train_prophet scheduled__2023-07-18T00:00:00+00:00 [queued]>
[2025-07-31T11:56:12.929+0000] {taskinstance.py:2306} INFO - Starting attempt 3 of 4
[2025-07-31T11:56:13.044+0000] {taskinstance.py:2330} INFO - Executing <Task(PythonOperator): train_prophet> on 2023-07-18 00:00:00+00:00
[2025-07-31T11:56:13.056+0000] {standard_task_runner.py:63} INFO - Started process 3932 to run task
[2025-07-31T11:56:13.064+0000] {standard_task_runner.py:90} INFO - Running: ['airflow', 'tasks', 'run', 'solar_ai_pipeline_2', 'train_prophet', 'scheduled__2023-07-18T00:00:00+00:00', '--job-id', '2916', '--raw', '--subdir', 'DAGS_FOLDER/prophet_pipeline.py', '--cfg-path', '/tmp/tmpu4c7cu_o']
[2025-07-31T11:56:13.069+0000] {standard_task_runner.py:91} INFO - Job 2916: Subtask train_prophet
[2025-07-31T11:56:13.352+0000] {task_command.py:426} INFO - Running <TaskInstance: solar_ai_pipeline_2.train_prophet scheduled__2023-07-18T00:00:00+00:00 [running]> on host a2a0dd314bdc
[2025-07-31T11:56:14.294+0000] {taskinstance.py:2648} INFO - Exporting env vars: AIRFLOW_CTX_DAG_OWNER='ensam' AIRFLOW_CTX_DAG_ID='solar_ai_pipeline_2' AIRFLOW_CTX_TASK_ID='train_prophet' AIRFLOW_CTX_EXECUTION_DATE='2023-07-18T00:00:00+00:00' AIRFLOW_CTX_TRY_NUMBER='3' AIRFLOW_CTX_DAG_RUN_ID='scheduled__2023-07-18T00:00:00+00:00'
[2025-07-31T11:56:14.297+0000] {taskinstance.py:430} INFO - ::endgroup::
[2025-07-31T11:56:15.315+0000] {plot.py:39} ERROR - Importing plotly failed. Interactive plots will not work.
[2025-07-31T11:56:15.324+0000] {logging_mixin.py:188} INFO - Training from 2023-01-01 to 2023-01-19
[2025-07-31T11:56:15.696+0000] {logging_mixin.py:188} INFO - Test 1/18: {'changepoint_prior_scale': 0.01, 'seasonality_prior_scale': 1.0, 'seasonality_mode': 'additive'}
[2025-07-31T11:56:15.762+0000] {filesystem.py:118} DEBUG - input tempfile: /tmp/tmpcyfydldp/9jlp3ymf.json
[2025-07-31T11:56:15.836+0000] {filesystem.py:118} DEBUG - input tempfile: /tmp/tmpcyfydldp/xbol913j.json
[2025-07-31T11:56:15.838+0000] {model.py:2042} DEBUG - idx 0
[2025-07-31T11:56:15.839+0000] {model.py:2043} DEBUG - running CmdStan, num_threads: None
[2025-07-31T11:56:15.839+0000] {model.py:2055} DEBUG - CmdStan args: ['/home/airflow/.local/lib/python3.11/site-packages/prophet/stan_model/prophet_model.bin', 'random', 'seed=52931', 'data', 'file=/tmp/tmpcyfydldp/9jlp3ymf.json', 'init=/tmp/tmpcyfydldp/xbol913j.json', 'output', 'file=/tmp/tmpcyfydldp/prophet_model974j0u8q/prophet_model-20250731115615.csv', 'method=optimize', 'algorithm=lbfgs', 'iter=10000']
[2025-07-31T11:56:15.840+0000] {logging_mixin.py:188} WARNING - 11:56:15 - cmdstanpy - INFO - Chain [1] start processing
[2025-07-31T11:56:15.840+0000] {model.py:2058} INFO - Chain [1] start processing
[2025-07-31T11:56:15.883+0000] {logging_mixin.py:188} WARNING - 11:56:15 - cmdstanpy - INFO - Chain [1] done processing
[2025-07-31T11:56:15.882+0000] {model.py:2115} INFO - Chain [1] done processing
[2025-07-31T11:56:15.887+0000] {logging_mixin.py:188} INFO - Erreur pour {'changepoint_prior_scale': 0.01, 'seasonality_prior_scale': 1.0, 'seasonality_mode': 'additive'}: Less data than horizon after initial window. Make horizon or initial shorter.
[2025-07-31T11:56:15.888+0000] {logging_mixin.py:188} INFO - Test 2/18: {'changepoint_prior_scale': 0.01, 'seasonality_prior_scale': 1.0, 'seasonality_mode': 'multiplicative'}
[2025-07-31T11:56:15.907+0000] {filesystem.py:118} DEBUG - input tempfile: /tmp/tmpcyfydldp/1cbttz5s.json
[2025-07-31T11:56:15.952+0000] {filesystem.py:118} DEBUG - input tempfile: /tmp/tmpcyfydldp/rl5txhas.json
[2025-07-31T11:56:15.954+0000] {model.py:2042} DEBUG - idx 0
[2025-07-31T11:56:15.955+0000] {model.py:2043} DEBUG - running CmdStan, num_threads: None
[2025-07-31T11:56:15.956+0000] {model.py:2055} DEBUG - CmdStan args: ['/home/airflow/.local/lib/python3.11/site-packages/prophet/stan_model/prophet_model.bin', 'random', 'seed=29945', 'data', 'file=/tmp/tmpcyfydldp/1cbttz5s.json', 'init=/tmp/tmpcyfydldp/rl5txhas.json', 'output', 'file=/tmp/tmpcyfydldp/prophet_modelwvvbs6he/prophet_model-20250731115615.csv', 'method=optimize', 'algorithm=lbfgs', 'iter=10000']
[2025-07-31T11:56:15.957+0000] {logging_mixin.py:188} WARNING - 11:56:15 - cmdstanpy - INFO - Chain [1] start processing
[2025-07-31T11:56:15.957+0000] {model.py:2058} INFO - Chain [1] start processing
[2025-07-31T11:56:16.019+0000] {logging_mixin.py:188} WARNING - 11:56:16 - cmdstanpy - INFO - Chain [1] done processing
[2025-07-31T11:56:16.019+0000] {model.py:2115} INFO - Chain [1] done processing
[2025-07-31T11:56:16.024+0000] {logging_mixin.py:188} INFO - Erreur pour {'changepoint_prior_scale': 0.01, 'seasonality_prior_scale': 1.0, 'seasonality_mode': 'multiplicative'}: Less data than horizon after initial window. Make horizon or initial shorter.
[2025-07-31T11:56:16.024+0000] {logging_mixin.py:188} INFO - Test 3/18: {'changepoint_prior_scale': 0.01, 'seasonality_prior_scale': 5.0, 'seasonality_mode': 'additive'}
[2025-07-31T11:56:16.050+0000] {filesystem.py:118} DEBUG - input tempfile: /tmp/tmpcyfydldp/l_6vakqd.json
[2025-07-31T11:56:16.108+0000] {filesystem.py:118} DEBUG - input tempfile: /tmp/tmpcyfydldp/_9fj7g3e.json
[2025-07-31T11:56:16.110+0000] {model.py:2042} DEBUG - idx 0
[2025-07-31T11:56:16.111+0000] {model.py:2043} DEBUG - running CmdStan, num_threads: None
[2025-07-31T11:56:16.111+0000] {model.py:2055} DEBUG - CmdStan args: ['/home/airflow/.local/lib/python3.11/site-packages/prophet/stan_model/prophet_model.bin', 'random', 'seed=86862', 'data', 'file=/tmp/tmpcyfydldp/l_6vakqd.json', 'init=/tmp/tmpcyfydldp/_9fj7g3e.json', 'output', 'file=/tmp/tmpcyfydldp/prophet_modelc5ym4p1f/prophet_model-20250731115616.csv', 'method=optimize', 'algorithm=lbfgs', 'iter=10000']
[2025-07-31T11:56:16.112+0000] {logging_mixin.py:188} WARNING - 11:56:16 - cmdstanpy - INFO - Chain [1] start processing
[2025-07-31T11:56:16.112+0000] {model.py:2058} INFO - Chain [1] start processing
[2025-07-31T11:56:16.172+0000] {logging_mixin.py:188} WARNING - 11:56:16 - cmdstanpy - INFO - Chain [1] done processing
[2025-07-31T11:56:16.172+0000] {model.py:2115} INFO - Chain [1] done processing
[2025-07-31T11:56:16.180+0000] {logging_mixin.py:188} INFO - Erreur pour {'changepoint_prior_scale': 0.01, 'seasonality_prior_scale': 5.0, 'seasonality_mode': 'additive'}: Less data than horizon after initial window. Make horizon or initial shorter.
[2025-07-31T11:56:16.181+0000] {logging_mixin.py:188} INFO - Test 4/18: {'changepoint_prior_scale': 0.01, 'seasonality_prior_scale': 5.0, 'seasonality_mode': 'multiplicative'}
[2025-07-31T11:56:16.218+0000] {filesystem.py:118} DEBUG - input tempfile: /tmp/tmpcyfydldp/1_4z8ocu.json
[2025-07-31T11:56:16.266+0000] {filesystem.py:118} DEBUG - input tempfile: /tmp/tmpcyfydldp/metj96hk.json
[2025-07-31T11:56:16.268+0000] {model.py:2042} DEBUG - idx 0
[2025-07-31T11:56:16.269+0000] {model.py:2043} DEBUG - running CmdStan, num_threads: None
[2025-07-31T11:56:16.269+0000] {model.py:2055} DEBUG - CmdStan args: ['/home/airflow/.local/lib/python3.11/site-packages/prophet/stan_model/prophet_model.bin', 'random', 'seed=14493', 'data', 'file=/tmp/tmpcyfydldp/1_4z8ocu.json', 'init=/tmp/tmpcyfydldp/metj96hk.json', 'output', 'file=/tmp/tmpcyfydldp/prophet_modelnt3y9wl0/prophet_model-20250731115616.csv', 'method=optimize', 'algorithm=lbfgs', 'iter=10000']
[2025-07-31T11:56:16.270+0000] {logging_mixin.py:188} WARNING - 11:56:16 - cmdstanpy - INFO - Chain [1] start processing
[2025-07-31T11:56:16.270+0000] {model.py:2058} INFO - Chain [1] start processing
[2025-07-31T11:56:16.323+0000] {logging_mixin.py:188} WARNING - 11:56:16 - cmdstanpy - INFO - Chain [1] done processing
[2025-07-31T11:56:16.323+0000] {model.py:2115} INFO - Chain [1] done processing
[2025-07-31T11:56:16.327+0000] {logging_mixin.py:188} INFO - Erreur pour {'changepoint_prior_scale': 0.01, 'seasonality_prior_scale': 5.0, 'seasonality_mode': 'multiplicative'}: Less data than horizon after initial window. Make horizon or initial shorter.
[2025-07-31T11:56:16.328+0000] {logging_mixin.py:188} INFO - Test 5/18: {'changepoint_prior_scale': 0.01, 'seasonality_prior_scale': 10.0, 'seasonality_mode': 'additive'}
[2025-07-31T11:56:16.346+0000] {filesystem.py:118} DEBUG - input tempfile: /tmp/tmpcyfydldp/dto94h5q.json
[2025-07-31T11:56:16.390+0000] {filesystem.py:118} DEBUG - input tempfile: /tmp/tmpcyfydldp/j09wr4gw.json
[2025-07-31T11:56:16.392+0000] {model.py:2042} DEBUG - idx 0
[2025-07-31T11:56:16.393+0000] {model.py:2043} DEBUG - running CmdStan, num_threads: None
[2025-07-31T11:56:16.394+0000] {model.py:2055} DEBUG - CmdStan args: ['/home/airflow/.local/lib/python3.11/site-packages/prophet/stan_model/prophet_model.bin', 'random', 'seed=41516', 'data', 'file=/tmp/tmpcyfydldp/dto94h5q.json', 'init=/tmp/tmpcyfydldp/j09wr4gw.json', 'output', 'file=/tmp/tmpcyfydldp/prophet_modelivyu1b26/prophet_model-20250731115616.csv', 'method=optimize', 'algorithm=lbfgs', 'iter=10000']
[2025-07-31T11:56:16.394+0000] {logging_mixin.py:188} WARNING - 11:56:16 - cmdstanpy - INFO - Chain [1] start processing
[2025-07-31T11:56:16.394+0000] {model.py:2058} INFO - Chain [1] start processing
[2025-07-31T11:56:16.448+0000] {logging_mixin.py:188} WARNING - 11:56:16 - cmdstanpy - INFO - Chain [1] done processing
[2025-07-31T11:56:16.448+0000] {model.py:2115} INFO - Chain [1] done processing
[2025-07-31T11:56:16.457+0000] {logging_mixin.py:188} INFO - Erreur pour {'changepoint_prior_scale': 0.01, 'seasonality_prior_scale': 10.0, 'seasonality_mode': 'additive'}: Less data than horizon after initial window. Make horizon or initial shorter.
[2025-07-31T11:56:16.458+0000] {logging_mixin.py:188} INFO - Test 6/18: {'changepoint_prior_scale': 0.01, 'seasonality_prior_scale': 10.0, 'seasonality_mode': 'multiplicative'}
[2025-07-31T11:56:16.487+0000] {filesystem.py:118} DEBUG - input tempfile: /tmp/tmpcyfydldp/liudiibi.json
[2025-07-31T11:56:16.546+0000] {filesystem.py:118} DEBUG - input tempfile: /tmp/tmpcyfydldp/hhhtp_3d.json
[2025-07-31T11:56:16.548+0000] {model.py:2042} DEBUG - idx 0
[2025-07-31T11:56:16.549+0000] {model.py:2043} DEBUG - running CmdStan, num_threads: None
[2025-07-31T11:56:16.549+0000] {model.py:2055} DEBUG - CmdStan args: ['/home/airflow/.local/lib/python3.11/site-packages/prophet/stan_model/prophet_model.bin', 'random', 'seed=4326', 'data', 'file=/tmp/tmpcyfydldp/liudiibi.json', 'init=/tmp/tmpcyfydldp/hhhtp_3d.json', 'output', 'file=/tmp/tmpcyfydldp/prophet_modelwfu25eft/prophet_model-20250731115616.csv', 'method=optimize', 'algorithm=lbfgs', 'iter=10000']
[2025-07-31T11:56:16.550+0000] {logging_mixin.py:188} WARNING - 11:56:16 - cmdstanpy - INFO - Chain [1] start processing
[2025-07-31T11:56:16.550+0000] {model.py:2058} INFO - Chain [1] start processing
[2025-07-31T11:56:16.601+0000] {logging_mixin.py:188} WARNING - 11:56:16 - cmdstanpy - INFO - Chain [1] done processing
[2025-07-31T11:56:16.601+0000] {model.py:2115} INFO - Chain [1] done processing
[2025-07-31T11:56:16.606+0000] {logging_mixin.py:188} INFO - Erreur pour {'changepoint_prior_scale': 0.01, 'seasonality_prior_scale': 10.0, 'seasonality_mode': 'multiplicative'}: Less data than horizon after initial window. Make horizon or initial shorter.
[2025-07-31T11:56:16.606+0000] {logging_mixin.py:188} INFO - Test 7/18: {'changepoint_prior_scale': 0.05, 'seasonality_prior_scale': 1.0, 'seasonality_mode': 'additive'}
[2025-07-31T11:56:16.622+0000] {filesystem.py:118} DEBUG - input tempfile: /tmp/tmpcyfydldp/0u0lrvjh.json
[2025-07-31T11:56:16.672+0000] {filesystem.py:118} DEBUG - input tempfile: /tmp/tmpcyfydldp/mq112zhg.json
[2025-07-31T11:56:16.674+0000] {model.py:2042} DEBUG - idx 0
[2025-07-31T11:56:16.674+0000] {model.py:2043} DEBUG - running CmdStan, num_threads: None
[2025-07-31T11:56:16.675+0000] {model.py:2055} DEBUG - CmdStan args: ['/home/airflow/.local/lib/python3.11/site-packages/prophet/stan_model/prophet_model.bin', 'random', 'seed=47632', 'data', 'file=/tmp/tmpcyfydldp/0u0lrvjh.json', 'init=/tmp/tmpcyfydldp/mq112zhg.json', 'output', 'file=/tmp/tmpcyfydldp/prophet_modelhtbk182o/prophet_model-20250731115616.csv', 'method=optimize', 'algorithm=lbfgs', 'iter=10000']
[2025-07-31T11:56:16.676+0000] {logging_mixin.py:188} WARNING - 11:56:16 - cmdstanpy - INFO - Chain [1] start processing
[2025-07-31T11:56:16.676+0000] {model.py:2058} INFO - Chain [1] start processing
[2025-07-31T11:56:16.717+0000] {logging_mixin.py:188} WARNING - 11:56:16 - cmdstanpy - INFO - Chain [1] done processing
[2025-07-31T11:56:16.717+0000] {model.py:2115} INFO - Chain [1] done processing
[2025-07-31T11:56:16.721+0000] {logging_mixin.py:188} INFO - Erreur pour {'changepoint_prior_scale': 0.05, 'seasonality_prior_scale': 1.0, 'seasonality_mode': 'additive'}: Less data than horizon after initial window. Make horizon or initial shorter.
[2025-07-31T11:56:16.722+0000] {logging_mixin.py:188} INFO - Test 8/18: {'changepoint_prior_scale': 0.05, 'seasonality_prior_scale': 1.0, 'seasonality_mode': 'multiplicative'}
[2025-07-31T11:56:16.741+0000] {filesystem.py:118} DEBUG - input tempfile: /tmp/tmpcyfydldp/4lwhsdyh.json
[2025-07-31T11:56:16.801+0000] {filesystem.py:118} DEBUG - input tempfile: /tmp/tmpcyfydldp/dv0n4cj2.json
[2025-07-31T11:56:16.802+0000] {model.py:2042} DEBUG - idx 0
[2025-07-31T11:56:16.803+0000] {model.py:2043} DEBUG - running CmdStan, num_threads: None
[2025-07-31T11:56:16.804+0000] {model.py:2055} DEBUG - CmdStan args: ['/home/airflow/.local/lib/python3.11/site-packages/prophet/stan_model/prophet_model.bin', 'random', 'seed=24260', 'data', 'file=/tmp/tmpcyfydldp/4lwhsdyh.json', 'init=/tmp/tmpcyfydldp/dv0n4cj2.json', 'output', 'file=/tmp/tmpcyfydldp/prophet_model9kg8pwjm/prophet_model-20250731115616.csv', 'method=optimize', 'algorithm=lbfgs', 'iter=10000']
[2025-07-31T11:56:16.804+0000] {logging_mixin.py:188} WARNING - 11:56:16 - cmdstanpy - INFO - Chain [1] start processing
[2025-07-31T11:56:16.804+0000] {model.py:2058} INFO - Chain [1] start processing
[2025-07-31T11:56:16.858+0000] {logging_mixin.py:188} WARNING - 11:56:16 - cmdstanpy - INFO - Chain [1] done processing
[2025-07-31T11:56:16.858+0000] {model.py:2115} INFO - Chain [1] done processing
[2025-07-31T11:56:16.862+0000] {logging_mixin.py:188} INFO - Erreur pour {'changepoint_prior_scale': 0.05, 'seasonality_prior_scale': 1.0, 'seasonality_mode': 'multiplicative'}: Less data than horizon after initial window. Make horizon or initial shorter.
[2025-07-31T11:56:16.863+0000] {logging_mixin.py:188} INFO - Test 9/18: {'changepoint_prior_scale': 0.05, 'seasonality_prior_scale': 5.0, 'seasonality_mode': 'additive'}
[2025-07-31T11:56:16.881+0000] {filesystem.py:118} DEBUG - input tempfile: /tmp/tmpcyfydldp/ycykikjp.json
[2025-07-31T11:56:16.937+0000] {filesystem.py:118} DEBUG - input tempfile: /tmp/tmpcyfydldp/d6snj9a3.json
[2025-07-31T11:56:16.939+0000] {model.py:2042} DEBUG - idx 0
[2025-07-31T11:56:16.940+0000] {model.py:2043} DEBUG - running CmdStan, num_threads: None
[2025-07-31T11:56:16.940+0000] {model.py:2055} DEBUG - CmdStan args: ['/home/airflow/.local/lib/python3.11/site-packages/prophet/stan_model/prophet_model.bin', 'random', 'seed=87021', 'data', 'file=/tmp/tmpcyfydldp/ycykikjp.json', 'init=/tmp/tmpcyfydldp/d6snj9a3.json', 'output', 'file=/tmp/tmpcyfydldp/prophet_modelb1wuofcb/prophet_model-20250731115616.csv', 'method=optimize', 'algorithm=lbfgs', 'iter=10000']
[2025-07-31T11:56:16.941+0000] {logging_mixin.py:188} WARNING - 11:56:16 - cmdstanpy - INFO - Chain [1] start processing
[2025-07-31T11:56:16.941+0000] {model.py:2058} INFO - Chain [1] start processing
[2025-07-31T11:56:16.986+0000] {logging_mixin.py:188} WARNING - 11:56:16 - cmdstanpy - INFO - Chain [1] done processing
[2025-07-31T11:56:16.986+0000] {model.py:2115} INFO - Chain [1] done processing
[2025-07-31T11:56:16.994+0000] {logging_mixin.py:188} INFO - Erreur pour {'changepoint_prior_scale': 0.05, 'seasonality_prior_scale': 5.0, 'seasonality_mode': 'additive'}: Less data than horizon after initial window. Make horizon or initial shorter.
[2025-07-31T11:56:16.995+0000] {logging_mixin.py:188} INFO - Test 10/18: {'changepoint_prior_scale': 0.05, 'seasonality_prior_scale': 5.0, 'seasonality_mode': 'multiplicative'}
[2025-07-31T11:56:17.029+0000] {filesystem.py:118} DEBUG - input tempfile: /tmp/tmpcyfydldp/xvek91nl.json
[2025-07-31T11:56:17.077+0000] {filesystem.py:118} DEBUG - input tempfile: /tmp/tmpcyfydldp/4_6ar77g.json
[2025-07-31T11:56:17.079+0000] {model.py:2042} DEBUG - idx 0
[2025-07-31T11:56:17.079+0000] {model.py:2043} DEBUG - running CmdStan, num_threads: None
[2025-07-31T11:56:17.080+0000] {model.py:2055} DEBUG - CmdStan args: ['/home/airflow/.local/lib/python3.11/site-packages/prophet/stan_model/prophet_model.bin', 'random', 'seed=17961', 'data', 'file=/tmp/tmpcyfydldp/xvek91nl.json', 'init=/tmp/tmpcyfydldp/4_6ar77g.json', 'output', 'file=/tmp/tmpcyfydldp/prophet_modeltql51jvo/prophet_model-20250731115617.csv', 'method=optimize', 'algorithm=lbfgs', 'iter=10000']
[2025-07-31T11:56:17.081+0000] {logging_mixin.py:188} WARNING - 11:56:17 - cmdstanpy - INFO - Chain [1] start processing
[2025-07-31T11:56:17.081+0000] {model.py:2058} INFO - Chain [1] start processing
[2025-07-31T11:56:17.149+0000] {logging_mixin.py:188} WARNING - 11:56:17 - cmdstanpy - INFO - Chain [1] done processing
[2025-07-31T11:56:17.149+0000] {model.py:2115} INFO - Chain [1] done processing
[2025-07-31T11:56:17.155+0000] {logging_mixin.py:188} INFO - Erreur pour {'changepoint_prior_scale': 0.05, 'seasonality_prior_scale': 5.0, 'seasonality_mode': 'multiplicative'}: Less data than horizon after initial window. Make horizon or initial shorter.
[2025-07-31T11:56:17.157+0000] {logging_mixin.py:188} INFO - Test 11/18: {'changepoint_prior_scale': 0.05, 'seasonality_prior_scale': 10.0, 'seasonality_mode': 'additive'}
[2025-07-31T11:56:17.192+0000] {filesystem.py:118} DEBUG - input tempfile: /tmp/tmpcyfydldp/futngdlr.json
[2025-07-31T11:56:17.241+0000] {filesystem.py:118} DEBUG - input tempfile: /tmp/tmpcyfydldp/ps61ft0o.json
[2025-07-31T11:56:17.243+0000] {model.py:2042} DEBUG - idx 0
[2025-07-31T11:56:17.244+0000] {model.py:2043} DEBUG - running CmdStan, num_threads: None
[2025-07-31T11:56:17.245+0000] {model.py:2055} DEBUG - CmdStan args: ['/home/airflow/.local/lib/python3.11/site-packages/prophet/stan_model/prophet_model.bin', 'random', 'seed=47314', 'data', 'file=/tmp/tmpcyfydldp/futngdlr.json', 'init=/tmp/tmpcyfydldp/ps61ft0o.json', 'output', 'file=/tmp/tmpcyfydldp/prophet_modelq2tqmt0i/prophet_model-20250731115617.csv', 'method=optimize', 'algorithm=lbfgs', 'iter=10000']
[2025-07-31T11:56:17.245+0000] {logging_mixin.py:188} WARNING - 11:56:17 - cmdstanpy - INFO - Chain [1] start processing
[2025-07-31T11:56:17.245+0000] {model.py:2058} INFO - Chain [1] start processing
[2025-07-31T11:56:17.278+0000] {logging_mixin.py:188} WARNING - 11:56:17 - cmdstanpy - INFO - Chain [1] done processing
[2025-07-31T11:56:17.278+0000] {model.py:2115} INFO - Chain [1] done processing
[2025-07-31T11:56:17.282+0000] {logging_mixin.py:188} INFO - Erreur pour {'changepoint_prior_scale': 0.05, 'seasonality_prior_scale': 10.0, 'seasonality_mode': 'additive'}: Less data than horizon after initial window. Make horizon or initial shorter.
[2025-07-31T11:56:17.283+0000] {logging_mixin.py:188} INFO - Test 12/18: {'changepoint_prior_scale': 0.05, 'seasonality_prior_scale': 10.0, 'seasonality_mode': 'multiplicative'}
[2025-07-31T11:56:17.298+0000] {filesystem.py:118} DEBUG - input tempfile: /tmp/tmpcyfydldp/ltgisolm.json
[2025-07-31T11:56:17.343+0000] {filesystem.py:118} DEBUG - input tempfile: /tmp/tmpcyfydldp/xmzth1d0.json
[2025-07-31T11:56:17.344+0000] {model.py:2042} DEBUG - idx 0
[2025-07-31T11:56:17.345+0000] {model.py:2043} DEBUG - running CmdStan, num_threads: None
[2025-07-31T11:56:17.346+0000] {model.py:2055} DEBUG - CmdStan args: ['/home/airflow/.local/lib/python3.11/site-packages/prophet/stan_model/prophet_model.bin', 'random', 'seed=87722', 'data', 'file=/tmp/tmpcyfydldp/ltgisolm.json', 'init=/tmp/tmpcyfydldp/xmzth1d0.json', 'output', 'file=/tmp/tmpcyfydldp/prophet_model8edmojt7/prophet_model-20250731115617.csv', 'method=optimize', 'algorithm=lbfgs', 'iter=10000']
[2025-07-31T11:56:17.346+0000] {logging_mixin.py:188} WARNING - 11:56:17 - cmdstanpy - INFO - Chain [1] start processing
[2025-07-31T11:56:17.346+0000] {model.py:2058} INFO - Chain [1] start processing
[2025-07-31T11:56:17.395+0000] {logging_mixin.py:188} WARNING - 11:56:17 - cmdstanpy - INFO - Chain [1] done processing
[2025-07-31T11:56:17.395+0000] {model.py:2115} INFO - Chain [1] done processing
[2025-07-31T11:56:17.401+0000] {logging_mixin.py:188} INFO - Erreur pour {'changepoint_prior_scale': 0.05, 'seasonality_prior_scale': 10.0, 'seasonality_mode': 'multiplicative'}: Less data than horizon after initial window. Make horizon or initial shorter.
[2025-07-31T11:56:17.401+0000] {logging_mixin.py:188} INFO - Test 13/18: {'changepoint_prior_scale': 0.1, 'seasonality_prior_scale': 1.0, 'seasonality_mode': 'additive'}
[2025-07-31T11:56:17.431+0000] {filesystem.py:118} DEBUG - input tempfile: /tmp/tmpcyfydldp/3ix4e6rf.json
[2025-07-31T11:56:17.480+0000] {filesystem.py:118} DEBUG - input tempfile: /tmp/tmpcyfydldp/xb4l4ok9.json
[2025-07-31T11:56:17.482+0000] {model.py:2042} DEBUG - idx 0
[2025-07-31T11:56:17.483+0000] {model.py:2043} DEBUG - running CmdStan, num_threads: None
[2025-07-31T11:56:17.483+0000] {model.py:2055} DEBUG - CmdStan args: ['/home/airflow/.local/lib/python3.11/site-packages/prophet/stan_model/prophet_model.bin', 'random', 'seed=89417', 'data', 'file=/tmp/tmpcyfydldp/3ix4e6rf.json', 'init=/tmp/tmpcyfydldp/xb4l4ok9.json', 'output', 'file=/tmp/tmpcyfydldp/prophet_modelzvhdab_6/prophet_model-20250731115617.csv', 'method=optimize', 'algorithm=lbfgs', 'iter=10000']
[2025-07-31T11:56:17.484+0000] {logging_mixin.py:188} WARNING - 11:56:17 - cmdstanpy - INFO - Chain [1] start processing
[2025-07-31T11:56:17.484+0000] {model.py:2058} INFO - Chain [1] start processing
[2025-07-31T11:56:17.521+0000] {logging_mixin.py:188} WARNING - 11:56:17 - cmdstanpy - INFO - Chain [1] done processing
[2025-07-31T11:56:17.520+0000] {model.py:2115} INFO - Chain [1] done processing
[2025-07-31T11:56:17.525+0000] {logging_mixin.py:188} INFO - Erreur pour {'changepoint_prior_scale': 0.1, 'seasonality_prior_scale': 1.0, 'seasonality_mode': 'additive'}: Less data than horizon after initial window. Make horizon or initial shorter.
[2025-07-31T11:56:17.525+0000] {logging_mixin.py:188} INFO - Test 14/18: {'changepoint_prior_scale': 0.1, 'seasonality_prior_scale': 1.0, 'seasonality_mode': 'multiplicative'}
[2025-07-31T11:56:17.543+0000] {filesystem.py:118} DEBUG - input tempfile: /tmp/tmpcyfydldp/m055yhfq.json
[2025-07-31T11:56:17.588+0000] {filesystem.py:118} DEBUG - input tempfile: /tmp/tmpcyfydldp/cccv1qin.json
[2025-07-31T11:56:17.591+0000] {model.py:2042} DEBUG - idx 0
[2025-07-31T11:56:17.591+0000] {model.py:2043} DEBUG - running CmdStan, num_threads: None
[2025-07-31T11:56:17.592+0000] {model.py:2055} DEBUG - CmdStan args: ['/home/airflow/.local/lib/python3.11/site-packages/prophet/stan_model/prophet_model.bin', 'random', 'seed=86375', 'data', 'file=/tmp/tmpcyfydldp/m055yhfq.json', 'init=/tmp/tmpcyfydldp/cccv1qin.json', 'output', 'file=/tmp/tmpcyfydldp/prophet_modelpa6619wh/prophet_model-20250731115617.csv', 'method=optimize', 'algorithm=lbfgs', 'iter=10000']
[2025-07-31T11:56:17.593+0000] {logging_mixin.py:188} WARNING - 11:56:17 - cmdstanpy - INFO - Chain [1] start processing
[2025-07-31T11:56:17.592+0000] {model.py:2058} INFO - Chain [1] start processing
[2025-07-31T11:56:17.641+0000] {logging_mixin.py:188} WARNING - 11:56:17 - cmdstanpy - INFO - Chain [1] done processing
[2025-07-31T11:56:17.641+0000] {model.py:2115} INFO - Chain [1] done processing
[2025-07-31T11:56:17.648+0000] {logging_mixin.py:188} INFO - Erreur pour {'changepoint_prior_scale': 0.1, 'seasonality_prior_scale': 1.0, 'seasonality_mode': 'multiplicative'}: Less data than horizon after initial window. Make horizon or initial shorter.
[2025-07-31T11:56:17.649+0000] {logging_mixin.py:188} INFO - Test 15/18: {'changepoint_prior_scale': 0.1, 'seasonality_prior_scale': 5.0, 'seasonality_mode': 'additive'}
[2025-07-31T11:56:17.684+0000] {filesystem.py:118} DEBUG - input tempfile: /tmp/tmpcyfydldp/txdvkhyi.json
[2025-07-31T11:56:17.754+0000] {filesystem.py:118} DEBUG - input tempfile: /tmp/tmpcyfydldp/172clxpd.json
[2025-07-31T11:56:17.756+0000] {model.py:2042} DEBUG - idx 0
[2025-07-31T11:56:17.757+0000] {model.py:2043} DEBUG - running CmdStan, num_threads: None
[2025-07-31T11:56:17.758+0000] {model.py:2055} DEBUG - CmdStan args: ['/home/airflow/.local/lib/python3.11/site-packages/prophet/stan_model/prophet_model.bin', 'random', 'seed=4135', 'data', 'file=/tmp/tmpcyfydldp/txdvkhyi.json', 'init=/tmp/tmpcyfydldp/172clxpd.json', 'output', 'file=/tmp/tmpcyfydldp/prophet_model8ohuetru/prophet_model-20250731115617.csv', 'method=optimize', 'algorithm=lbfgs', 'iter=10000']
[2025-07-31T11:56:17.758+0000] {logging_mixin.py:188} WARNING - 11:56:17 - cmdstanpy - INFO - Chain [1] start processing
[2025-07-31T11:56:17.758+0000] {model.py:2058} INFO - Chain [1] start processing
[2025-07-31T11:56:17.812+0000] {logging_mixin.py:188} WARNING - 11:56:17 - cmdstanpy - INFO - Chain [1] done processing
[2025-07-31T11:56:17.812+0000] {model.py:2115} INFO - Chain [1] done processing
[2025-07-31T11:56:17.816+0000] {logging_mixin.py:188} INFO - Erreur pour {'changepoint_prior_scale': 0.1, 'seasonality_prior_scale': 5.0, 'seasonality_mode': 'additive'}: Less data than horizon after initial window. Make horizon or initial shorter.
[2025-07-31T11:56:17.817+0000] {logging_mixin.py:188} INFO - Test 16/18: {'changepoint_prior_scale': 0.1, 'seasonality_prior_scale': 5.0, 'seasonality_mode': 'multiplicative'}
[2025-07-31T11:56:17.838+0000] {filesystem.py:118} DEBUG - input tempfile: /tmp/tmpcyfydldp/4oy3crwn.json
[2025-07-31T11:56:17.884+0000] {filesystem.py:118} DEBUG - input tempfile: /tmp/tmpcyfydldp/fqy0cf2d.json
[2025-07-31T11:56:17.886+0000] {model.py:2042} DEBUG - idx 0
[2025-07-31T11:56:17.887+0000] {model.py:2043} DEBUG - running CmdStan, num_threads: None
[2025-07-31T11:56:17.888+0000] {model.py:2055} DEBUG - CmdStan args: ['/home/airflow/.local/lib/python3.11/site-packages/prophet/stan_model/prophet_model.bin', 'random', 'seed=39527', 'data', 'file=/tmp/tmpcyfydldp/4oy3crwn.json', 'init=/tmp/tmpcyfydldp/fqy0cf2d.json', 'output', 'file=/tmp/tmpcyfydldp/prophet_model4pfi07w2/prophet_model-20250731115617.csv', 'method=optimize', 'algorithm=lbfgs', 'iter=10000']
[2025-07-31T11:56:17.889+0000] {logging_mixin.py:188} WARNING - 11:56:17 - cmdstanpy - INFO - Chain [1] start processing
[2025-07-31T11:56:17.889+0000] {model.py:2058} INFO - Chain [1] start processing
[2025-07-31T11:56:17.977+0000] {logging_mixin.py:188} WARNING - 11:56:17 - cmdstanpy - INFO - Chain [1] done processing
[2025-07-31T11:56:17.977+0000] {model.py:2115} INFO - Chain [1] done processing
[2025-07-31T11:56:17.981+0000] {logging_mixin.py:188} INFO - Erreur pour {'changepoint_prior_scale': 0.1, 'seasonality_prior_scale': 5.0, 'seasonality_mode': 'multiplicative'}: Less data than horizon after initial window. Make horizon or initial shorter.
[2025-07-31T11:56:17.982+0000] {logging_mixin.py:188} INFO - Test 17/18: {'changepoint_prior_scale': 0.1, 'seasonality_prior_scale': 10.0, 'seasonality_mode': 'additive'}
[2025-07-31T11:56:18.002+0000] {filesystem.py:118} DEBUG - input tempfile: /tmp/tmpcyfydldp/baqe7wrj.json
[2025-07-31T11:56:18.059+0000] {filesystem.py:118} DEBUG - input tempfile: /tmp/tmpcyfydldp/tf1lszp4.json
[2025-07-31T11:56:18.060+0000] {model.py:2042} DEBUG - idx 0
[2025-07-31T11:56:18.061+0000] {model.py:2043} DEBUG - running CmdStan, num_threads: None
[2025-07-31T11:56:18.061+0000] {model.py:2055} DEBUG - CmdStan args: ['/home/airflow/.local/lib/python3.11/site-packages/prophet/stan_model/prophet_model.bin', 'random', 'seed=31018', 'data', 'file=/tmp/tmpcyfydldp/baqe7wrj.json', 'init=/tmp/tmpcyfydldp/tf1lszp4.json', 'output', 'file=/tmp/tmpcyfydldp/prophet_modelbxgxukv2/prophet_model-20250731115618.csv', 'method=optimize', 'algorithm=lbfgs', 'iter=10000']
[2025-07-31T11:56:18.062+0000] {logging_mixin.py:188} WARNING - 11:56:18 - cmdstanpy - INFO - Chain [1] start processing
[2025-07-31T11:56:18.062+0000] {model.py:2058} INFO - Chain [1] start processing
[2025-07-31T11:56:18.109+0000] {logging_mixin.py:188} WARNING - 11:56:18 - cmdstanpy - INFO - Chain [1] done processing
[2025-07-31T11:56:18.109+0000] {model.py:2115} INFO - Chain [1] done processing
[2025-07-31T11:56:18.114+0000] {logging_mixin.py:188} INFO - Erreur pour {'changepoint_prior_scale': 0.1, 'seasonality_prior_scale': 10.0, 'seasonality_mode': 'additive'}: Less data than horizon after initial window. Make horizon or initial shorter.
[2025-07-31T11:56:18.115+0000] {logging_mixin.py:188} INFO - Test 18/18: {'changepoint_prior_scale': 0.1, 'seasonality_prior_scale': 10.0, 'seasonality_mode': 'multiplicative'}
[2025-07-31T11:56:18.137+0000] {filesystem.py:118} DEBUG - input tempfile: /tmp/tmpcyfydldp/w7_d5pyf.json
[2025-07-31T11:56:18.194+0000] {filesystem.py:118} DEBUG - input tempfile: /tmp/tmpcyfydldp/1oxhflt4.json
[2025-07-31T11:56:18.197+0000] {model.py:2042} DEBUG - idx 0
[2025-07-31T11:56:18.197+0000] {model.py:2043} DEBUG - running CmdStan, num_threads: None
[2025-07-31T11:56:18.198+0000] {model.py:2055} DEBUG - CmdStan args: ['/home/airflow/.local/lib/python3.11/site-packages/prophet/stan_model/prophet_model.bin', 'random', 'seed=72783', 'data', 'file=/tmp/tmpcyfydldp/w7_d5pyf.json', 'init=/tmp/tmpcyfydldp/1oxhflt4.json', 'output', 'file=/tmp/tmpcyfydldp/prophet_modelj76norcw/prophet_model-20250731115618.csv', 'method=optimize', 'algorithm=lbfgs', 'iter=10000']
[2025-07-31T11:56:18.199+0000] {logging_mixin.py:188} WARNING - 11:56:18 - cmdstanpy - INFO - Chain [1] start processing
[2025-07-31T11:56:18.199+0000] {model.py:2058} INFO - Chain [1] start processing
[2025-07-31T11:56:18.250+0000] {logging_mixin.py:188} WARNING - 11:56:18 - cmdstanpy - INFO - Chain [1] done processing
[2025-07-31T11:56:18.250+0000] {model.py:2115} INFO - Chain [1] done processing
[2025-07-31T11:56:18.254+0000] {logging_mixin.py:188} INFO - Erreur pour {'changepoint_prior_scale': 0.1, 'seasonality_prior_scale': 10.0, 'seasonality_mode': 'multiplicative'}: Less data than horizon after initial window. Make horizon or initial shorter.
[2025-07-31T11:56:18.255+0000] {taskinstance.py:441} INFO - ::group::Post task execution logs
[2025-07-31T11:56:18.256+0000] {taskinstance.py:2905} ERROR - Task failed with exception
Traceback (most recent call last):
  File "/home/airflow/.local/lib/python3.11/site-packages/airflow/models/taskinstance.py", line 465, in _execute_task
    result = _execute_callable(context=context, **execute_callable_kwargs)
             ^^^^^^^^^^^^^^^^^^^^^^^^^^^^^^^^^^^^^^^^^^^^^^^^^^^^^^^^^^^^^
  File "/home/airflow/.local/lib/python3.11/site-packages/airflow/models/taskinstance.py", line 432, in _execute_callable
    return execute_callable(context=context, **execute_callable_kwargs)
           ^^^^^^^^^^^^^^^^^^^^^^^^^^^^^^^^^^^^^^^^^^^^^^^^^^^^^^^^^^^^
  File "/home/airflow/.local/lib/python3.11/site-packages/airflow/models/baseoperator.py", line 401, in wrapper
    return func(self, *args, **kwargs)
           ^^^^^^^^^^^^^^^^^^^^^^^^^^^
  File "/home/airflow/.local/lib/python3.11/site-packages/airflow/operators/python.py", line 235, in execute
    return_value = self.execute_callable()
                   ^^^^^^^^^^^^^^^^^^^^^^^
  File "/home/airflow/.local/lib/python3.11/site-packages/airflow/operators/python.py", line 252, in execute_callable
    return self.python_callable(*self.op_args, **self.op_kwargs)
           ^^^^^^^^^^^^^^^^^^^^^^^^^^^^^^^^^^^^^^^^^^^^^^^^^^^^^
  File "/opt/airflow/dags/scripts/train_prophet.py", line 92, in train_prophet
    best_model_temp, scores_temp = optimize_prophet_model(temp_df)
                                   ^^^^^^^^^^^^^^^^^^^^^^^^^^^^^^^
  File "/opt/airflow/dags/scripts/train_prophet.py", line 44, in optimize_prophet_model
    best = min(results, key=lambda x: x[1])
           ^^^^^^^^^^^^^^^^^^^^^^^^^^^^^^^^
ValueError: min() arg is an empty sequence
[2025-07-31T11:56:18.301+0000] {taskinstance.py:1206} INFO - Marking task as UP_FOR_RETRY. dag_id=solar_ai_pipeline_2, task_id=train_prophet, run_id=scheduled__2023-07-18T00:00:00+00:00, execution_date=20230718T000000, start_date=20250731T115612, end_date=20250731T115618
[2025-07-31T11:56:18.430+0000] {standard_task_runner.py:110} ERROR - Failed to execute job 2916 for task train_prophet (min() arg is an empty sequence; 3932)
[2025-07-31T11:56:18.471+0000] {local_task_job_runner.py:240} INFO - Task exited with return code 1
[2025-07-31T11:56:18.549+0000] {taskinstance.py:3503} INFO - 0 downstream tasks scheduled from follow-on schedule check
[2025-07-31T11:56:18.555+0000] {local_task_job_runner.py:222} INFO - ::endgroup::
