[2025-07-29T15:26:16.529+0000] {local_task_job_runner.py:120} INFO - ::group::Pre task execution logs
[2025-07-29T15:26:16.617+0000] {taskinstance.py:2076} INFO - Dependencies all met for dep_context=non-requeueable deps ti=<TaskInstance: solar_ai_pipeline_2.fetch_data scheduled__2023-01-19T00:00:00+00:00 [queued]>
[2025-07-29T15:26:16.657+0000] {taskinstance.py:2076} INFO - Dependencies all met for dep_context=requeueable deps ti=<TaskInstance: solar_ai_pipeline_2.fetch_data scheduled__2023-01-19T00:00:00+00:00 [queued]>
[2025-07-29T15:26:16.659+0000] {taskinstance.py:2306} INFO - Starting attempt 1 of 2
[2025-07-29T15:26:16.773+0000] {taskinstance.py:2330} INFO - Executing <Task(PythonOperator): fetch_data> on 2023-01-19 00:00:00+00:00
[2025-07-29T15:26:16.785+0000] {standard_task_runner.py:63} INFO - Started process 1378 to run task
[2025-07-29T15:26:16.793+0000] {standard_task_runner.py:90} INFO - Running: ['airflow', 'tasks', 'run', 'solar_ai_pipeline_2', 'fetch_data', 'scheduled__2023-01-19T00:00:00+00:00', '--job-id', '1350', '--raw', '--subdir', 'DAGS_FOLDER/prophet_pipeline.py', '--cfg-path', '/tmp/tmp5jl08i6m']
[2025-07-29T15:26:16.797+0000] {standard_task_runner.py:91} INFO - Job 1350: Subtask fetch_data
[2025-07-29T15:26:16.986+0000] {task_command.py:426} INFO - Running <TaskInstance: solar_ai_pipeline_2.fetch_data scheduled__2023-01-19T00:00:00+00:00 [running]> on host 4c586ddbbbe9
[2025-07-29T15:26:17.384+0000] {taskinstance.py:2648} INFO - Exporting env vars: AIRFLOW_CTX_DAG_OWNER='ensam' AIRFLOW_CTX_DAG_ID='solar_ai_pipeline_2' AIRFLOW_CTX_TASK_ID='fetch_data' AIRFLOW_CTX_EXECUTION_DATE='2023-01-19T00:00:00+00:00' AIRFLOW_CTX_TRY_NUMBER='1' AIRFLOW_CTX_DAG_RUN_ID='scheduled__2023-01-19T00:00:00+00:00'
[2025-07-29T15:26:17.386+0000] {taskinstance.py:430} INFO - ::endgroup::
[2025-07-29T15:26:28.326+0000] {logging_mixin.py:188} INFO - Données simulées pour 2023-01-19 sauvegardées dans dags/data/processed/simulated_solar_heating_2023-01-19.csv
[2025-07-29T15:26:28.335+0000] {logging_mixin.py:188} INFO - count     24.000000
mean     114.247242
std      170.007765
min        0.000000
25%        0.000000
50%        0.000000
75%      224.580425
max      454.197200
Name: solar_irradiance, dtype: float64
[2025-07-29T15:26:28.337+0000] {logging_mixin.py:188} INFO - 2023-01-19 00:00:00+01:00 → Altitude: -64.09
[2025-07-29T15:26:28.339+0000] {logging_mixin.py:188} INFO - NASA GHI response keys: ['2023011900', '2023011901', '2023011902', '2023011903', '2023011904', '2023011905', '2023011906', '2023011907', '2023011908', '2023011909', '2023011910', '2023011911', '2023011912', '2023011913', '2023011914', '2023011915', '2023011916', '2023011917', '2023011918', '2023011919', '2023011920', '2023011921', '2023011922', '2023011923']
[2025-07-29T15:26:28.340+0000] {logging_mixin.py:188} INFO - 2023-01-19 01:00:00+01:00 → Altitude: -74.04
[2025-07-29T15:26:28.341+0000] {logging_mixin.py:188} INFO - NASA GHI response keys: ['2023011900', '2023011901', '2023011902', '2023011903', '2023011904', '2023011905', '2023011906', '2023011907', '2023011908', '2023011909', '2023011910', '2023011911', '2023011912', '2023011913', '2023011914', '2023011915', '2023011916', '2023011917', '2023011918', '2023011919', '2023011920', '2023011921', '2023011922', '2023011923']
[2025-07-29T15:26:28.342+0000] {logging_mixin.py:188} INFO - 2023-01-19 02:00:00+01:00 → Altitude: -76.19
[2025-07-29T15:26:28.343+0000] {logging_mixin.py:188} INFO - NASA GHI response keys: ['2023011900', '2023011901', '2023011902', '2023011903', '2023011904', '2023011905', '2023011906', '2023011907', '2023011908', '2023011909', '2023011910', '2023011911', '2023011912', '2023011913', '2023011914', '2023011915', '2023011916', '2023011917', '2023011918', '2023011919', '2023011920', '2023011921', '2023011922', '2023011923']
[2025-07-29T15:26:28.345+0000] {logging_mixin.py:188} INFO - 2023-01-19 03:00:00+01:00 → Altitude: -68.07
[2025-07-29T15:26:28.346+0000] {logging_mixin.py:188} INFO - NASA GHI response keys: ['2023011900', '2023011901', '2023011902', '2023011903', '2023011904', '2023011905', '2023011906', '2023011907', '2023011908', '2023011909', '2023011910', '2023011911', '2023011912', '2023011913', '2023011914', '2023011915', '2023011916', '2023011917', '2023011918', '2023011919', '2023011920', '2023011921', '2023011922', '2023011923']
[2025-07-29T15:26:28.347+0000] {logging_mixin.py:188} INFO - 2023-01-19 04:00:00+01:00 → Altitude: -56.53
[2025-07-29T15:26:28.348+0000] {logging_mixin.py:188} INFO - NASA GHI response keys: ['2023011900', '2023011901', '2023011902', '2023011903', '2023011904', '2023011905', '2023011906', '2023011907', '2023011908', '2023011909', '2023011910', '2023011911', '2023011912', '2023011913', '2023011914', '2023011915', '2023011916', '2023011917', '2023011918', '2023011919', '2023011920', '2023011921', '2023011922', '2023011923']
[2025-07-29T15:26:28.350+0000] {logging_mixin.py:188} INFO - 2023-01-19 05:00:00+01:00 → Altitude: -44.19
[2025-07-29T15:26:28.351+0000] {logging_mixin.py:188} INFO - NASA GHI response keys: ['2023011900', '2023011901', '2023011902', '2023011903', '2023011904', '2023011905', '2023011906', '2023011907', '2023011908', '2023011909', '2023011910', '2023011911', '2023011912', '2023011913', '2023011914', '2023011915', '2023011916', '2023011917', '2023011918', '2023011919', '2023011920', '2023011921', '2023011922', '2023011923']
[2025-07-29T15:26:28.352+0000] {logging_mixin.py:188} INFO - 2023-01-19 06:00:00+01:00 → Altitude: -31.70
[2025-07-29T15:26:28.353+0000] {logging_mixin.py:188} INFO - NASA GHI response keys: ['2023011900', '2023011901', '2023011902', '2023011903', '2023011904', '2023011905', '2023011906', '2023011907', '2023011908', '2023011909', '2023011910', '2023011911', '2023011912', '2023011913', '2023011914', '2023011915', '2023011916', '2023011917', '2023011918', '2023011919', '2023011920', '2023011921', '2023011922', '2023011923']
[2025-07-29T15:26:28.354+0000] {logging_mixin.py:188} INFO - 2023-01-19 07:00:00+01:00 → Altitude: -19.33
[2025-07-29T15:26:28.355+0000] {logging_mixin.py:188} INFO - NASA GHI response keys: ['2023011900', '2023011901', '2023011902', '2023011903', '2023011904', '2023011905', '2023011906', '2023011907', '2023011908', '2023011909', '2023011910', '2023011911', '2023011912', '2023011913', '2023011914', '2023011915', '2023011916', '2023011917', '2023011918', '2023011919', '2023011920', '2023011921', '2023011922', '2023011923']
[2025-07-29T15:26:28.357+0000] {logging_mixin.py:188} INFO - 2023-01-19 08:00:00+01:00 → Altitude: -7.29
[2025-07-29T15:26:28.358+0000] {logging_mixin.py:188} INFO - NASA GHI response keys: ['2023011900', '2023011901', '2023011902', '2023011903', '2023011904', '2023011905', '2023011906', '2023011907', '2023011908', '2023011909', '2023011910', '2023011911', '2023011912', '2023011913', '2023011914', '2023011915', '2023011916', '2023011917', '2023011918', '2023011919', '2023011920', '2023011921', '2023011922', '2023011923']
[2025-07-29T15:26:28.359+0000] {logging_mixin.py:188} INFO - 2023-01-19 09:00:00+01:00 → Altitude: 4.30
[2025-07-29T15:26:28.360+0000] {logging_mixin.py:188} INFO - NASA GHI response keys: ['2023011900', '2023011901', '2023011902', '2023011903', '2023011904', '2023011905', '2023011906', '2023011907', '2023011908', '2023011909', '2023011910', '2023011911', '2023011912', '2023011913', '2023011914', '2023011915', '2023011916', '2023011917', '2023011918', '2023011919', '2023011920', '2023011921', '2023011922', '2023011923']
[2025-07-29T15:26:28.361+0000] {logging_mixin.py:188} INFO - 2023-01-19 10:00:00+01:00 → Altitude: 14.72
[2025-07-29T15:26:28.362+0000] {logging_mixin.py:188} INFO - NASA GHI response keys: ['2023011900', '2023011901', '2023011902', '2023011903', '2023011904', '2023011905', '2023011906', '2023011907', '2023011908', '2023011909', '2023011910', '2023011911', '2023011912', '2023011913', '2023011914', '2023011915', '2023011916', '2023011917', '2023011918', '2023011919', '2023011920', '2023011921', '2023011922', '2023011923']
[2025-07-29T15:26:28.364+0000] {logging_mixin.py:188} INFO - 2023-01-19 11:00:00+01:00 → Altitude: 23.87
[2025-07-29T15:26:28.365+0000] {logging_mixin.py:188} INFO - NASA GHI response keys: ['2023011900', '2023011901', '2023011902', '2023011903', '2023011904', '2023011905', '2023011906', '2023011907', '2023011908', '2023011909', '2023011910', '2023011911', '2023011912', '2023011913', '2023011914', '2023011915', '2023011916', '2023011917', '2023011918', '2023011919', '2023011920', '2023011921', '2023011922', '2023011923']
[2025-07-29T15:26:28.366+0000] {logging_mixin.py:188} INFO - 2023-01-19 12:00:00+01:00 → Altitude: 30.99
[2025-07-29T15:26:28.367+0000] {logging_mixin.py:188} INFO - NASA GHI response keys: ['2023011900', '2023011901', '2023011902', '2023011903', '2023011904', '2023011905', '2023011906', '2023011907', '2023011908', '2023011909', '2023011910', '2023011911', '2023011912', '2023011913', '2023011914', '2023011915', '2023011916', '2023011917', '2023011918', '2023011919', '2023011920', '2023011921', '2023011922', '2023011923']
[2025-07-29T15:26:28.369+0000] {logging_mixin.py:188} INFO - 2023-01-19 13:00:00+01:00 → Altitude: 35.24
[2025-07-29T15:26:28.370+0000] {logging_mixin.py:188} INFO - NASA GHI response keys: ['2023011900', '2023011901', '2023011902', '2023011903', '2023011904', '2023011905', '2023011906', '2023011907', '2023011908', '2023011909', '2023011910', '2023011911', '2023011912', '2023011913', '2023011914', '2023011915', '2023011916', '2023011917', '2023011918', '2023011919', '2023011920', '2023011921', '2023011922', '2023011923']
[2025-07-29T15:26:28.371+0000] {logging_mixin.py:188} INFO - 2023-01-19 14:00:00+01:00 → Altitude: 35.94
[2025-07-29T15:26:28.372+0000] {logging_mixin.py:188} INFO - NASA GHI response keys: ['2023011900', '2023011901', '2023011902', '2023011903', '2023011904', '2023011905', '2023011906', '2023011907', '2023011908', '2023011909', '2023011910', '2023011911', '2023011912', '2023011913', '2023011914', '2023011915', '2023011916', '2023011917', '2023011918', '2023011919', '2023011920', '2023011921', '2023011922', '2023011923']
[2025-07-29T15:26:28.373+0000] {logging_mixin.py:188} INFO - 2023-01-19 15:00:00+01:00 → Altitude: 32.95
[2025-07-29T15:26:28.375+0000] {logging_mixin.py:188} INFO - NASA GHI response keys: ['2023011900', '2023011901', '2023011902', '2023011903', '2023011904', '2023011905', '2023011906', '2023011907', '2023011908', '2023011909', '2023011910', '2023011911', '2023011912', '2023011913', '2023011914', '2023011915', '2023011916', '2023011917', '2023011918', '2023011919', '2023011920', '2023011921', '2023011922', '2023011923']
[2025-07-29T15:26:28.376+0000] {logging_mixin.py:188} INFO - 2023-01-19 16:00:00+01:00 → Altitude: 26.79
[2025-07-29T15:26:28.377+0000] {logging_mixin.py:188} INFO - NASA GHI response keys: ['2023011900', '2023011901', '2023011902', '2023011903', '2023011904', '2023011905', '2023011906', '2023011907', '2023011908', '2023011909', '2023011910', '2023011911', '2023011912', '2023011913', '2023011914', '2023011915', '2023011916', '2023011917', '2023011918', '2023011919', '2023011920', '2023011921', '2023011922', '2023011923']
[2025-07-29T15:26:28.379+0000] {logging_mixin.py:188} INFO - 2023-01-19 17:00:00+01:00 → Altitude: 18.31
[2025-07-29T15:26:28.380+0000] {logging_mixin.py:188} INFO - NASA GHI response keys: ['2023011900', '2023011901', '2023011902', '2023011903', '2023011904', '2023011905', '2023011906', '2023011907', '2023011908', '2023011909', '2023011910', '2023011911', '2023011912', '2023011913', '2023011914', '2023011915', '2023011916', '2023011917', '2023011918', '2023011919', '2023011920', '2023011921', '2023011922', '2023011923']
[2025-07-29T15:26:28.381+0000] {logging_mixin.py:188} INFO - 2023-01-19 18:00:00+01:00 → Altitude: 8.26
[2025-07-29T15:26:28.382+0000] {logging_mixin.py:188} INFO - NASA GHI response keys: ['2023011900', '2023011901', '2023011902', '2023011903', '2023011904', '2023011905', '2023011906', '2023011907', '2023011908', '2023011909', '2023011910', '2023011911', '2023011912', '2023011913', '2023011914', '2023011915', '2023011916', '2023011917', '2023011918', '2023011919', '2023011920', '2023011921', '2023011922', '2023011923']
[2025-07-29T15:26:28.383+0000] {logging_mixin.py:188} INFO - 2023-01-19 19:00:00+01:00 → Altitude: -2.89
[2025-07-29T15:26:28.385+0000] {logging_mixin.py:188} INFO - NASA GHI response keys: ['2023011900', '2023011901', '2023011902', '2023011903', '2023011904', '2023011905', '2023011906', '2023011907', '2023011908', '2023011909', '2023011910', '2023011911', '2023011912', '2023011913', '2023011914', '2023011915', '2023011916', '2023011917', '2023011918', '2023011919', '2023011920', '2023011921', '2023011922', '2023011923']
[2025-07-29T15:26:28.386+0000] {logging_mixin.py:188} INFO - 2023-01-19 20:00:00+01:00 → Altitude: -14.81
[2025-07-29T15:26:28.387+0000] {logging_mixin.py:188} INFO - NASA GHI response keys: ['2023011900', '2023011901', '2023011902', '2023011903', '2023011904', '2023011905', '2023011906', '2023011907', '2023011908', '2023011909', '2023011910', '2023011911', '2023011912', '2023011913', '2023011914', '2023011915', '2023011916', '2023011917', '2023011918', '2023011919', '2023011920', '2023011921', '2023011922', '2023011923']
[2025-07-29T15:26:28.388+0000] {logging_mixin.py:188} INFO - 2023-01-19 21:00:00+01:00 → Altitude: -27.07
[2025-07-29T15:26:28.389+0000] {logging_mixin.py:188} INFO - NASA GHI response keys: ['2023011900', '2023011901', '2023011902', '2023011903', '2023011904', '2023011905', '2023011906', '2023011907', '2023011908', '2023011909', '2023011910', '2023011911', '2023011912', '2023011913', '2023011914', '2023011915', '2023011916', '2023011917', '2023011918', '2023011919', '2023011920', '2023011921', '2023011922', '2023011923']
[2025-07-29T15:26:28.391+0000] {logging_mixin.py:188} INFO - 2023-01-19 22:00:00+01:00 → Altitude: -39.53
[2025-07-29T15:26:28.392+0000] {logging_mixin.py:188} INFO - NASA GHI response keys: ['2023011900', '2023011901', '2023011902', '2023011903', '2023011904', '2023011905', '2023011906', '2023011907', '2023011908', '2023011909', '2023011910', '2023011911', '2023011912', '2023011913', '2023011914', '2023011915', '2023011916', '2023011917', '2023011918', '2023011919', '2023011920', '2023011921', '2023011922', '2023011923']
[2025-07-29T15:26:28.394+0000] {logging_mixin.py:188} INFO - 2023-01-19 23:00:00+01:00 → Altitude: -51.97
[2025-07-29T15:26:28.396+0000] {logging_mixin.py:188} INFO - NASA GHI response keys: ['2023011900', '2023011901', '2023011902', '2023011903', '2023011904', '2023011905', '2023011906', '2023011907', '2023011908', '2023011909', '2023011910', '2023011911', '2023011912', '2023011913', '2023011914', '2023011915', '2023011916', '2023011917', '2023011918', '2023011919', '2023011920', '2023011921', '2023011922', '2023011923']
[2025-07-29T15:26:28.402+0000] {python.py:237} INFO - Done. Returned value was: None
[2025-07-29T15:26:28.404+0000] {taskinstance.py:441} INFO - ::group::Post task execution logs
[2025-07-29T15:26:28.433+0000] {taskinstance.py:1206} INFO - Marking task as SUCCESS. dag_id=solar_ai_pipeline_2, task_id=fetch_data, run_id=scheduled__2023-01-19T00:00:00+00:00, execution_date=20230119T000000, start_date=20250729T152616, end_date=20250729T152628
[2025-07-29T15:26:28.559+0000] {local_task_job_runner.py:240} INFO - Task exited with return code 0
[2025-07-29T15:26:28.625+0000] {taskinstance.py:3503} INFO - 1 downstream tasks scheduled from follow-on schedule check
[2025-07-29T15:26:28.665+0000] {local_task_job_runner.py:222} INFO - ::endgroup::
