[2025-07-31T16:43:25.241+0000] {local_task_job_runner.py:120} INFO - ::group::Pre task execution logs
[2025-07-31T16:43:25.312+0000] {taskinstance.py:2076} INFO - Dependencies all met for dep_context=non-requeueable deps ti=<TaskInstance: solar_ai_pipeline_2.train_rl scheduled__2024-01-19T00:00:00+00:00 [queued]>
[2025-07-31T16:43:25.334+0000] {taskinstance.py:2076} INFO - Dependencies all met for dep_context=requeueable deps ti=<TaskInstance: solar_ai_pipeline_2.train_rl scheduled__2024-01-19T00:00:00+00:00 [queued]>
[2025-07-31T16:43:25.335+0000] {taskinstance.py:2306} INFO - Starting attempt 1 of 2
[2025-07-31T16:43:25.413+0000] {taskinstance.py:2330} INFO - Executing <Task(PythonOperator): train_rl> on 2024-01-19 00:00:00+00:00
[2025-07-31T16:43:25.419+0000] {standard_task_runner.py:63} INFO - Started process 91243 to run task
[2025-07-31T16:43:25.422+0000] {standard_task_runner.py:90} INFO - Running: ['airflow', 'tasks', 'run', 'solar_ai_pipeline_2', 'train_rl', 'scheduled__2024-01-19T00:00:00+00:00', '--job-id', '3434', '--raw', '--subdir', 'DAGS_FOLDER/prophet_pipeline.py', '--cfg-path', '/tmp/tmp1mn89qm8']
[2025-07-31T16:43:25.424+0000] {standard_task_runner.py:91} INFO - Job 3434: Subtask train_rl
[2025-07-31T16:43:25.540+0000] {task_command.py:426} INFO - Running <TaskInstance: solar_ai_pipeline_2.train_rl scheduled__2024-01-19T00:00:00+00:00 [running]> on host a2a0dd314bdc
[2025-07-31T16:43:25.716+0000] {taskinstance.py:2648} INFO - Exporting env vars: AIRFLOW_CTX_DAG_OWNER='ensam' AIRFLOW_CTX_DAG_ID='solar_ai_pipeline_2' AIRFLOW_CTX_TASK_ID='train_rl' AIRFLOW_CTX_EXECUTION_DATE='2024-01-19T00:00:00+00:00' AIRFLOW_CTX_TRY_NUMBER='1' AIRFLOW_CTX_DAG_RUN_ID='scheduled__2024-01-19T00:00:00+00:00'
[2025-07-31T16:43:25.717+0000] {taskinstance.py:430} INFO - ::endgroup::
[2025-07-31T16:43:26.386+0000] {logging_mixin.py:188} INFO - [INFO] Starting Q-learning process...
[2025-07-31T16:43:26.487+0000] {logging_mixin.py:188} INFO - [INFO] Loading data files...
[2025-07-31T16:43:27.094+0000] {logging_mixin.py:188} INFO - [INFO] Merged dataset contains 432 rows
[2025-07-31T16:43:27.102+0000] {logging_mixin.py:188} INFO - [INFO] Loaded existing Q-table
[2025-07-31T16:43:27.115+0000] {logging_mixin.py:188} INFO - [INFO] Starting Q-learning training...
[2025-07-31T16:43:27.199+0000] {logging_mixin.py:188} INFO - [DEBUG] Reward counters snapshot: {'low_temp_low_solar': 127, 'high_temp_high_solar': 8, 'high_flow_low_temp': 0, 'other': 35}
[2025-07-31T16:43:27.200+0000] {logging_mixin.py:188} INFO - [DEBUG] Epoch 0: Total reward = -103.40, Epsilon = 0.9950
[2025-07-31T16:43:31.450+0000] {logging_mixin.py:188} INFO - [DEBUG] Epoch 50: Total reward = -16.00, Epsilon = 0.7744
[2025-07-31T16:43:35.614+0000] {logging_mixin.py:188} INFO - [DEBUG] Epoch 100: Total reward = 45.90, Epsilon = 0.6027
[2025-07-31T16:43:39.758+0000] {logging_mixin.py:188} INFO - [DEBUG] Epoch 150: Total reward = 160.40, Epsilon = 0.4691
[2025-07-31T16:43:44.313+0000] {logging_mixin.py:188} INFO - [DEBUG] Reward counters snapshot: {'low_temp_low_solar': 25527, 'high_temp_high_solar': 1608, 'high_flow_low_temp': 0, 'other': 7035}
[2025-07-31T16:43:44.313+0000] {logging_mixin.py:188} INFO - [DEBUG] Epoch 200: Total reward = 167.00, Epsilon = 0.3651
[2025-07-31T16:43:48.490+0000] {logging_mixin.py:188} INFO - [DEBUG] Epoch 250: Total reward = 220.20, Epsilon = 0.2842
[2025-07-31T16:43:52.927+0000] {logging_mixin.py:188} INFO - [DEBUG] Epoch 300: Total reward = 208.70, Epsilon = 0.2212
[2025-07-31T16:43:57.435+0000] {logging_mixin.py:188} INFO - [DEBUG] Epoch 350: Total reward = 261.60, Epsilon = 0.1721
[2025-07-31T16:44:01.762+0000] {logging_mixin.py:188} INFO - [DEBUG] Reward counters snapshot: {'low_temp_low_solar': 50927, 'high_temp_high_solar': 3208, 'high_flow_low_temp': 0, 'other': 14035}
[2025-07-31T16:44:01.763+0000] {logging_mixin.py:188} INFO - [DEBUG] Epoch 400: Total reward = 276.80, Epsilon = 0.1340
[2025-07-31T16:44:05.927+0000] {logging_mixin.py:188} INFO - [DEBUG] Epoch 450: Total reward = 278.30, Epsilon = 0.1043
[2025-07-31T16:44:09.968+0000] {logging_mixin.py:188} INFO - [DEBUG] Epoch 500: Total reward = 275.80, Epsilon = 0.1000
[2025-07-31T16:44:13.964+0000] {logging_mixin.py:188} INFO - [DEBUG] Epoch 550: Total reward = 270.80, Epsilon = 0.1000
[2025-07-31T16:44:18.021+0000] {logging_mixin.py:188} INFO - [DEBUG] Reward counters snapshot: {'low_temp_low_solar': 76327, 'high_temp_high_solar': 4808, 'high_flow_low_temp': 0, 'other': 21035}
[2025-07-31T16:44:18.021+0000] {logging_mixin.py:188} INFO - [DEBUG] Epoch 600: Total reward = 282.10, Epsilon = 0.1000
[2025-07-31T16:44:22.014+0000] {logging_mixin.py:188} INFO - [DEBUG] Epoch 650: Total reward = 279.80, Epsilon = 0.1000
[2025-07-31T16:44:25.982+0000] {logging_mixin.py:188} INFO - [DEBUG] Epoch 700: Total reward = 272.40, Epsilon = 0.1000
[2025-07-31T16:44:30.062+0000] {logging_mixin.py:188} INFO - [DEBUG] Epoch 750: Total reward = 279.80, Epsilon = 0.1000
[2025-07-31T16:44:34.073+0000] {logging_mixin.py:188} INFO - [DEBUG] Reward counters snapshot: {'low_temp_low_solar': 101727, 'high_temp_high_solar': 6408, 'high_flow_low_temp': 0, 'other': 28035}
[2025-07-31T16:44:34.073+0000] {logging_mixin.py:188} INFO - [DEBUG] Epoch 800: Total reward = 308.60, Epsilon = 0.1000
[2025-07-31T16:44:38.078+0000] {logging_mixin.py:188} INFO - [DEBUG] Epoch 850: Total reward = 282.50, Epsilon = 0.1000
[2025-07-31T16:44:42.126+0000] {logging_mixin.py:188} INFO - [DEBUG] Epoch 900: Total reward = 281.30, Epsilon = 0.1000
[2025-07-31T16:44:46.269+0000] {logging_mixin.py:188} INFO - [DEBUG] Epoch 950: Total reward = 304.80, Epsilon = 0.1000
[2025-07-31T16:44:50.161+0000] {logging_mixin.py:188} INFO - 
[DEBUG] Reward rule trigger counts during training:
[2025-07-31T16:44:50.162+0000] {logging_mixin.py:188} INFO -  - low_temp_low_solar: 127000 times
[2025-07-31T16:44:50.162+0000] {logging_mixin.py:188} INFO -  - high_temp_high_solar: 8000 times
[2025-07-31T16:44:50.163+0000] {logging_mixin.py:188} INFO -  - high_flow_low_temp: 0 times
[2025-07-31T16:44:50.163+0000] {logging_mixin.py:188} INFO -  - other: 35000 times
[2025-07-31T16:44:50.169+0000] {logging_mixin.py:188} INFO - [INFO] Global Q-table saved (continuous learning)
[2025-07-31T16:44:50.170+0000] {logging_mixin.py:188} INFO - [INFO] Starting policy evaluation on last available day...
[2025-07-31T16:44:50.176+0000] {logging_mixin.py:188} INFO - 
[RESULT] Policy Evaluation on Last Day
[2025-07-31T16:44:50.180+0000] {logging_mixin.py:188} INFO -            datetime  yhat_temp  solar_irradiance  yhat_flow  action  reward
2024-01-17 23:00:00   0.064695          0.000000   0.451786       0     1.0
2024-01-18 00:00:00   0.064746          0.000000   0.366796       0     1.0
2024-01-18 01:00:00   0.082064          0.000000   0.244493       0     1.0
2024-01-18 02:00:00   0.106818          0.000000   0.105117       0     1.0
2024-01-18 03:00:00   0.117876          0.000000   0.006903       0     1.0
2024-01-18 04:00:00   0.106994          0.000000  -0.000368       0     1.0
2024-01-18 05:00:00   0.094230          0.000000   0.076628       0     1.0
2024-01-18 06:00:00   0.118631          0.003034   0.172841       0     1.0
2024-01-18 07:00:00   0.210506          0.128576   0.215686       0     1.0
2024-01-18 08:00:00   0.367907          0.424020   0.185207       0     1.0
2024-01-18 09:00:00   0.555630          0.714756   0.129624       0     1.0
2024-01-18 10:00:00   0.725172          0.934306   0.122414       0     1.0
2024-01-18 11:00:00   0.837842          1.000000   0.200148       0     1.0
2024-01-18 12:00:00   0.874738          0.986857   0.336260       0     1.0
2024-01-18 13:00:00   0.832839          0.749227   0.470489       0     1.0
2024-01-18 14:00:00   0.718987          0.507393   0.562013       0     0.1
2024-01-18 15:00:00   0.550986          0.208171   0.615724       0     0.1
2024-01-18 16:00:00   0.361852          0.015919   0.661410       1     0.5
2024-01-18 17:00:00   0.195395          0.000000   0.712706       1     0.5
2024-01-18 18:00:00   0.088487          0.000000   0.749746       1     0.5
2024-01-18 19:00:00   0.050896          0.000000   0.741431       1     0.5
2024-01-18 20:00:00   0.060440          0.000000   0.680785       1     0.5
2024-01-18 21:00:00   0.080374          0.000000   0.594021       1     0.5
2024-01-18 22:00:00   0.086250          0.000000   0.513171       1     0.5
[2025-07-31T16:44:50.183+0000] {logging_mixin.py:188} INFO - 
[RESULT] Q-learning Q-table (Top non-zero rows):
[2025-07-31T16:44:50.185+0000] {logging_mixin.py:188} INFO -  state  Q_action_0  Q_action_1 best_action
     0    9.023970    6.086168  Q_action_0
     1    0.007320    0.005987  Q_action_0
     2    0.001560    0.001560  Q_action_0
     3    0.000581    0.008662  Q_action_1
     4    0.006011    0.007081  Q_action_1
     5    8.582621    5.680111  Q_action_0
     6    8.248814    5.254184  Q_action_0
     7    8.187684    5.188612  Q_action_0
     8    0.003042    0.005248  Q_action_1
     9    0.004319    0.002912  Q_action_0
    10    8.808730    5.811992  Q_action_0
    11    0.002921    0.003664  Q_action_1
    12    0.004561    0.007852  Q_action_1
    13    0.001997    0.005142  Q_action_1
    14    0.005924    0.000465  Q_action_0
    15    7.256085    7.793976  Q_action_1
    16    0.000651    0.009489  Q_action_1
    17    0.009656    0.008084  Q_action_0
    18    0.003046    0.000977  Q_action_0
    19    0.006842    0.004402  Q_action_0
[2025-07-31T16:44:50.186+0000] {logging_mixin.py:188} INFO - 
[DEBUG] Total states explored: 125 / 125
[2025-07-31T16:44:50.186+0000] {logging_mixin.py:188} INFO - [DEBUG] Best action counts:
[2025-07-31T16:44:50.187+0000] {logging_mixin.py:188} INFO - best_action
Q_action_0    87
Q_action_1    38
Name: count, dtype: int64
[2025-07-31T16:44:50.196+0000] {logging_mixin.py:188} INFO - [INFO] Q-table exported to /opt/airflow/dags/models/q_table_readable_2024-01-19.csv
[2025-07-31T16:44:50.197+0000] {logging_mixin.py:188} INFO - [DEBUG] Q-table stats:
[2025-07-31T16:44:50.197+0000] {logging_mixin.py:188} INFO - Mean Q-value for action 0: 3.5586
[2025-07-31T16:44:50.198+0000] {logging_mixin.py:188} INFO - Mean Q-value for action 1: 2.6443
[2025-07-31T16:44:50.233+0000] {logging_mixin.py:188} INFO - [DEBUG] Unique states in data: 41 / 125
[2025-07-31T16:44:50.269+0000] {logging_mixin.py:188} INFO - [DEBUG] Top 5 most frequent states: [(0, 72), (20, 70), (15, 39), (5, 37), (10, 30)]
[2025-07-31T16:44:50.276+0000] {logging_mixin.py:188} INFO -         yhat_temp  solar_irradiance   yhat_flow
count  432.000000        432.000000  432.000000
mean     0.302184          0.220726    0.375120
std      0.292173          0.338309    0.248974
min      0.016268          0.000000   -0.025550
25%      0.076282          0.000000    0.151289
50%      0.118134          0.000000    0.355316
75%      0.551112          0.426130    0.609211
max      0.888662          1.000000    0.781802
[2025-07-31T16:44:50.631+0000] {python.py:237} INFO - Done. Returned value was: None
[2025-07-31T16:44:50.632+0000] {taskinstance.py:441} INFO - ::group::Post task execution logs
[2025-07-31T16:44:50.648+0000] {taskinstance.py:1206} INFO - Marking task as SUCCESS. dag_id=solar_ai_pipeline_2, task_id=train_rl, run_id=scheduled__2024-01-19T00:00:00+00:00, execution_date=20240119T000000, start_date=20250731T164325, end_date=20250731T164450
[2025-07-31T16:44:50.765+0000] {local_task_job_runner.py:240} INFO - Task exited with return code 0
[2025-07-31T16:44:50.802+0000] {taskinstance.py:3503} INFO - 1 downstream tasks scheduled from follow-on schedule check
[2025-07-31T16:44:50.821+0000] {local_task_job_runner.py:222} INFO - ::endgroup::
