[2025-07-29T15:39:06.330+0000] {local_task_job_runner.py:120} INFO - ::group::Pre task execution logs
[2025-07-29T15:39:06.377+0000] {taskinstance.py:2076} INFO - Dependencies all met for dep_context=non-requeueable deps ti=<TaskInstance: solar_ai_pipeline_2.fetch_data scheduled__2023-01-08T00:00:00+00:00 [queued]>
[2025-07-29T15:39:06.399+0000] {taskinstance.py:2076} INFO - Dependencies all met for dep_context=requeueable deps ti=<TaskInstance: solar_ai_pipeline_2.fetch_data scheduled__2023-01-08T00:00:00+00:00 [queued]>
[2025-07-29T15:39:06.411+0000] {taskinstance.py:2306} INFO - Starting attempt 3 of 4
[2025-07-29T15:39:06.473+0000] {taskinstance.py:2330} INFO - Executing <Task(PythonOperator): fetch_data> on 2023-01-08 00:00:00+00:00
[2025-07-29T15:39:06.479+0000] {standard_task_runner.py:63} INFO - Started process 2448 to run task
[2025-07-29T15:39:06.483+0000] {standard_task_runner.py:90} INFO - Running: ['airflow', 'tasks', 'run', 'solar_ai_pipeline_2', 'fetch_data', 'scheduled__2023-01-08T00:00:00+00:00', '--job-id', '1409', '--raw', '--subdir', 'DAGS_FOLDER/prophet_pipeline.py', '--cfg-path', '/tmp/tmpbk54nin0']
[2025-07-29T15:39:06.485+0000] {standard_task_runner.py:91} INFO - Job 1409: Subtask fetch_data
[2025-07-29T15:39:06.637+0000] {task_command.py:426} INFO - Running <TaskInstance: solar_ai_pipeline_2.fetch_data scheduled__2023-01-08T00:00:00+00:00 [running]> on host 4c586ddbbbe9
[2025-07-29T15:39:06.997+0000] {taskinstance.py:2648} INFO - Exporting env vars: AIRFLOW_CTX_DAG_OWNER='ensam' AIRFLOW_CTX_DAG_ID='solar_ai_pipeline_2' AIRFLOW_CTX_TASK_ID='fetch_data' AIRFLOW_CTX_EXECUTION_DATE='2023-01-08T00:00:00+00:00' AIRFLOW_CTX_TRY_NUMBER='3' AIRFLOW_CTX_DAG_RUN_ID='scheduled__2023-01-08T00:00:00+00:00'
[2025-07-29T15:39:06.998+0000] {taskinstance.py:430} INFO - ::endgroup::
[2025-07-29T15:39:16.786+0000] {logging_mixin.py:188} INFO - Données simulées pour 2023-01-08 sauvegardées dans dags/data/processed/simulated_solar_heating_2023-01-08.csv
[2025-07-29T15:39:16.789+0000] {logging_mixin.py:188} INFO - count     24.000000
mean      97.158338
std      149.255553
min        0.000000
25%        0.000000
50%        0.000000
75%      192.031075
max      409.356000
Name: solar_irradiance, dtype: float64
[2025-07-29T15:39:16.790+0000] {logging_mixin.py:188} INFO - 2023-01-08 00:00:00+01:00 → Altitude: -65.94
[2025-07-29T15:39:16.790+0000] {logging_mixin.py:188} INFO - NASA GHI response keys: ['2023010800', '2023010801', '2023010802', '2023010803', '2023010804', '2023010805', '2023010806', '2023010807', '2023010808', '2023010809', '2023010810', '2023010811', '2023010812', '2023010813', '2023010814', '2023010815', '2023010816', '2023010817', '2023010818', '2023010819', '2023010820', '2023010821', '2023010822', '2023010823']
[2025-07-29T15:39:16.791+0000] {logging_mixin.py:188} INFO - 2023-01-08 01:00:00+01:00 → Altitude: -76.13
[2025-07-29T15:39:16.792+0000] {logging_mixin.py:188} INFO - NASA GHI response keys: ['2023010800', '2023010801', '2023010802', '2023010803', '2023010804', '2023010805', '2023010806', '2023010807', '2023010808', '2023010809', '2023010810', '2023010811', '2023010812', '2023010813', '2023010814', '2023010815', '2023010816', '2023010817', '2023010818', '2023010819', '2023010820', '2023010821', '2023010822', '2023010823']
[2025-07-29T15:39:16.792+0000] {logging_mixin.py:188} INFO - 2023-01-08 02:00:00+01:00 → Altitude: -77.62
[2025-07-29T15:39:16.793+0000] {logging_mixin.py:188} INFO - NASA GHI response keys: ['2023010800', '2023010801', '2023010802', '2023010803', '2023010804', '2023010805', '2023010806', '2023010807', '2023010808', '2023010809', '2023010810', '2023010811', '2023010812', '2023010813', '2023010814', '2023010815', '2023010816', '2023010817', '2023010818', '2023010819', '2023010820', '2023010821', '2023010822', '2023010823']
[2025-07-29T15:39:16.793+0000] {logging_mixin.py:188} INFO - 2023-01-08 03:00:00+01:00 → Altitude: -68.50
[2025-07-29T15:39:16.794+0000] {logging_mixin.py:188} INFO - NASA GHI response keys: ['2023010800', '2023010801', '2023010802', '2023010803', '2023010804', '2023010805', '2023010806', '2023010807', '2023010808', '2023010809', '2023010810', '2023010811', '2023010812', '2023010813', '2023010814', '2023010815', '2023010816', '2023010817', '2023010818', '2023010819', '2023010820', '2023010821', '2023010822', '2023010823']
[2025-07-29T15:39:16.795+0000] {logging_mixin.py:188} INFO - 2023-01-08 04:00:00+01:00 → Altitude: -56.61
[2025-07-29T15:39:16.795+0000] {logging_mixin.py:188} INFO - NASA GHI response keys: ['2023010800', '2023010801', '2023010802', '2023010803', '2023010804', '2023010805', '2023010806', '2023010807', '2023010808', '2023010809', '2023010810', '2023010811', '2023010812', '2023010813', '2023010814', '2023010815', '2023010816', '2023010817', '2023010818', '2023010819', '2023010820', '2023010821', '2023010822', '2023010823']
[2025-07-29T15:39:16.796+0000] {logging_mixin.py:188} INFO - 2023-01-08 05:00:00+01:00 → Altitude: -44.18
[2025-07-29T15:39:16.797+0000] {logging_mixin.py:188} INFO - NASA GHI response keys: ['2023010800', '2023010801', '2023010802', '2023010803', '2023010804', '2023010805', '2023010806', '2023010807', '2023010808', '2023010809', '2023010810', '2023010811', '2023010812', '2023010813', '2023010814', '2023010815', '2023010816', '2023010817', '2023010818', '2023010819', '2023010820', '2023010821', '2023010822', '2023010823']
[2025-07-29T15:39:16.797+0000] {logging_mixin.py:188} INFO - 2023-01-08 06:00:00+01:00 → Altitude: -31.71
[2025-07-29T15:39:16.798+0000] {logging_mixin.py:188} INFO - NASA GHI response keys: ['2023010800', '2023010801', '2023010802', '2023010803', '2023010804', '2023010805', '2023010806', '2023010807', '2023010808', '2023010809', '2023010810', '2023010811', '2023010812', '2023010813', '2023010814', '2023010815', '2023010816', '2023010817', '2023010818', '2023010819', '2023010820', '2023010821', '2023010822', '2023010823']
[2025-07-29T15:39:16.799+0000] {logging_mixin.py:188} INFO - 2023-01-08 07:00:00+01:00 → Altitude: -19.43
[2025-07-29T15:39:16.800+0000] {logging_mixin.py:188} INFO - NASA GHI response keys: ['2023010800', '2023010801', '2023010802', '2023010803', '2023010804', '2023010805', '2023010806', '2023010807', '2023010808', '2023010809', '2023010810', '2023010811', '2023010812', '2023010813', '2023010814', '2023010815', '2023010816', '2023010817', '2023010818', '2023010819', '2023010820', '2023010821', '2023010822', '2023010823']
[2025-07-29T15:39:16.801+0000] {logging_mixin.py:188} INFO - 2023-01-08 08:00:00+01:00 → Altitude: -7.53
[2025-07-29T15:39:16.801+0000] {logging_mixin.py:188} INFO - NASA GHI response keys: ['2023010800', '2023010801', '2023010802', '2023010803', '2023010804', '2023010805', '2023010806', '2023010807', '2023010808', '2023010809', '2023010810', '2023010811', '2023010812', '2023010813', '2023010814', '2023010815', '2023010816', '2023010817', '2023010818', '2023010819', '2023010820', '2023010821', '2023010822', '2023010823']
[2025-07-29T15:39:16.802+0000] {logging_mixin.py:188} INFO - 2023-01-08 09:00:00+01:00 → Altitude: 3.88
[2025-07-29T15:39:16.803+0000] {logging_mixin.py:188} INFO - NASA GHI response keys: ['2023010800', '2023010801', '2023010802', '2023010803', '2023010804', '2023010805', '2023010806', '2023010807', '2023010808', '2023010809', '2023010810', '2023010811', '2023010812', '2023010813', '2023010814', '2023010815', '2023010816', '2023010817', '2023010818', '2023010819', '2023010820', '2023010821', '2023010822', '2023010823']
[2025-07-29T15:39:16.803+0000] {logging_mixin.py:188} INFO - 2023-01-08 10:00:00+01:00 → Altitude: 14.03
[2025-07-29T15:39:16.804+0000] {logging_mixin.py:188} INFO - NASA GHI response keys: ['2023010800', '2023010801', '2023010802', '2023010803', '2023010804', '2023010805', '2023010806', '2023010807', '2023010808', '2023010809', '2023010810', '2023010811', '2023010812', '2023010813', '2023010814', '2023010815', '2023010816', '2023010817', '2023010818', '2023010819', '2023010820', '2023010821', '2023010822', '2023010823']
[2025-07-29T15:39:16.804+0000] {logging_mixin.py:188} INFO - 2023-01-08 11:00:00+01:00 → Altitude: 22.87
[2025-07-29T15:39:16.805+0000] {logging_mixin.py:188} INFO - NASA GHI response keys: ['2023010800', '2023010801', '2023010802', '2023010803', '2023010804', '2023010805', '2023010806', '2023010807', '2023010808', '2023010809', '2023010810', '2023010811', '2023010812', '2023010813', '2023010814', '2023010815', '2023010816', '2023010817', '2023010818', '2023010819', '2023010820', '2023010821', '2023010822', '2023010823']
[2025-07-29T15:39:16.806+0000] {logging_mixin.py:188} INFO - 2023-01-08 12:00:00+01:00 → Altitude: 29.63
[2025-07-29T15:39:16.806+0000] {logging_mixin.py:188} INFO - NASA GHI response keys: ['2023010800', '2023010801', '2023010802', '2023010803', '2023010804', '2023010805', '2023010806', '2023010807', '2023010808', '2023010809', '2023010810', '2023010811', '2023010812', '2023010813', '2023010814', '2023010815', '2023010816', '2023010817', '2023010818', '2023010819', '2023010820', '2023010821', '2023010822', '2023010823']
[2025-07-29T15:39:16.807+0000] {logging_mixin.py:188} INFO - 2023-01-08 13:00:00+01:00 → Altitude: 33.53
[2025-07-29T15:39:16.808+0000] {logging_mixin.py:188} INFO - NASA GHI response keys: ['2023010800', '2023010801', '2023010802', '2023010803', '2023010804', '2023010805', '2023010806', '2023010807', '2023010808', '2023010809', '2023010810', '2023010811', '2023010812', '2023010813', '2023010814', '2023010815', '2023010816', '2023010817', '2023010818', '2023010819', '2023010820', '2023010821', '2023010822', '2023010823']
[2025-07-29T15:39:16.808+0000] {logging_mixin.py:188} INFO - 2023-01-08 14:00:00+01:00 → Altitude: 33.95
[2025-07-29T15:39:16.809+0000] {logging_mixin.py:188} INFO - NASA GHI response keys: ['2023010800', '2023010801', '2023010802', '2023010803', '2023010804', '2023010805', '2023010806', '2023010807', '2023010808', '2023010809', '2023010810', '2023010811', '2023010812', '2023010813', '2023010814', '2023010815', '2023010816', '2023010817', '2023010818', '2023010819', '2023010820', '2023010821', '2023010822', '2023010823']
[2025-07-29T15:39:16.809+0000] {logging_mixin.py:188} INFO - 2023-01-08 15:00:00+01:00 → Altitude: 30.83
[2025-07-29T15:39:16.810+0000] {logging_mixin.py:188} INFO - NASA GHI response keys: ['2023010800', '2023010801', '2023010802', '2023010803', '2023010804', '2023010805', '2023010806', '2023010807', '2023010808', '2023010809', '2023010810', '2023010811', '2023010812', '2023010813', '2023010814', '2023010815', '2023010816', '2023010817', '2023010818', '2023010819', '2023010820', '2023010821', '2023010822', '2023010823']
[2025-07-29T15:39:16.811+0000] {logging_mixin.py:188} INFO - 2023-01-08 16:00:00+01:00 → Altitude: 24.67
[2025-07-29T15:39:16.811+0000] {logging_mixin.py:188} INFO - NASA GHI response keys: ['2023010800', '2023010801', '2023010802', '2023010803', '2023010804', '2023010805', '2023010806', '2023010807', '2023010808', '2023010809', '2023010810', '2023010811', '2023010812', '2023010813', '2023010814', '2023010815', '2023010816', '2023010817', '2023010818', '2023010819', '2023010820', '2023010821', '2023010822', '2023010823']
[2025-07-29T15:39:16.812+0000] {logging_mixin.py:188} INFO - 2023-01-08 17:00:00+01:00 → Altitude: 16.26
[2025-07-29T15:39:16.812+0000] {logging_mixin.py:188} INFO - NASA GHI response keys: ['2023010800', '2023010801', '2023010802', '2023010803', '2023010804', '2023010805', '2023010806', '2023010807', '2023010808', '2023010809', '2023010810', '2023010811', '2023010812', '2023010813', '2023010814', '2023010815', '2023010816', '2023010817', '2023010818', '2023010819', '2023010820', '2023010821', '2023010822', '2023010823']
[2025-07-29T15:39:16.813+0000] {logging_mixin.py:188} INFO - 2023-01-08 18:00:00+01:00 → Altitude: 6.33
[2025-07-29T15:39:16.813+0000] {logging_mixin.py:188} INFO - NASA GHI response keys: ['2023010800', '2023010801', '2023010802', '2023010803', '2023010804', '2023010805', '2023010806', '2023010807', '2023010808', '2023010809', '2023010810', '2023010811', '2023010812', '2023010813', '2023010814', '2023010815', '2023010816', '2023010817', '2023010818', '2023010819', '2023010820', '2023010821', '2023010822', '2023010823']
[2025-07-29T15:39:16.814+0000] {logging_mixin.py:188} INFO - 2023-01-08 19:00:00+01:00 → Altitude: -4.80
[2025-07-29T15:39:16.815+0000] {logging_mixin.py:188} INFO - NASA GHI response keys: ['2023010800', '2023010801', '2023010802', '2023010803', '2023010804', '2023010805', '2023010806', '2023010807', '2023010808', '2023010809', '2023010810', '2023010811', '2023010812', '2023010813', '2023010814', '2023010815', '2023010816', '2023010817', '2023010818', '2023010819', '2023010820', '2023010821', '2023010822', '2023010823']
[2025-07-29T15:39:16.816+0000] {logging_mixin.py:188} INFO - 2023-01-08 20:00:00+01:00 → Altitude: -16.60
[2025-07-29T15:39:16.816+0000] {logging_mixin.py:188} INFO - NASA GHI response keys: ['2023010800', '2023010801', '2023010802', '2023010803', '2023010804', '2023010805', '2023010806', '2023010807', '2023010808', '2023010809', '2023010810', '2023010811', '2023010812', '2023010813', '2023010814', '2023010815', '2023010816', '2023010817', '2023010818', '2023010819', '2023010820', '2023010821', '2023010822', '2023010823']
[2025-07-29T15:39:16.817+0000] {logging_mixin.py:188} INFO - 2023-01-08 21:00:00+01:00 → Altitude: -28.80
[2025-07-29T15:39:16.818+0000] {logging_mixin.py:188} INFO - NASA GHI response keys: ['2023010800', '2023010801', '2023010802', '2023010803', '2023010804', '2023010805', '2023010806', '2023010807', '2023010808', '2023010809', '2023010810', '2023010811', '2023010812', '2023010813', '2023010814', '2023010815', '2023010816', '2023010817', '2023010818', '2023010819', '2023010820', '2023010821', '2023010822', '2023010823']
[2025-07-29T15:39:16.819+0000] {logging_mixin.py:188} INFO - 2023-01-08 22:00:00+01:00 → Altitude: -41.24
[2025-07-29T15:39:16.819+0000] {logging_mixin.py:188} INFO - NASA GHI response keys: ['2023010800', '2023010801', '2023010802', '2023010803', '2023010804', '2023010805', '2023010806', '2023010807', '2023010808', '2023010809', '2023010810', '2023010811', '2023010812', '2023010813', '2023010814', '2023010815', '2023010816', '2023010817', '2023010818', '2023010819', '2023010820', '2023010821', '2023010822', '2023010823']
[2025-07-29T15:39:16.820+0000] {logging_mixin.py:188} INFO - 2023-01-08 23:00:00+01:00 → Altitude: -53.70
[2025-07-29T15:39:16.820+0000] {logging_mixin.py:188} INFO - NASA GHI response keys: ['2023010800', '2023010801', '2023010802', '2023010803', '2023010804', '2023010805', '2023010806', '2023010807', '2023010808', '2023010809', '2023010810', '2023010811', '2023010812', '2023010813', '2023010814', '2023010815', '2023010816', '2023010817', '2023010818', '2023010819', '2023010820', '2023010821', '2023010822', '2023010823']
[2025-07-29T15:39:16.822+0000] {python.py:237} INFO - Done. Returned value was: None
[2025-07-29T15:39:16.823+0000] {taskinstance.py:441} INFO - ::group::Post task execution logs
[2025-07-29T15:39:16.844+0000] {taskinstance.py:1206} INFO - Marking task as SUCCESS. dag_id=solar_ai_pipeline_2, task_id=fetch_data, run_id=scheduled__2023-01-08T00:00:00+00:00, execution_date=20230108T000000, start_date=20250729T153906, end_date=20250729T153916
[2025-07-29T15:39:16.939+0000] {local_task_job_runner.py:240} INFO - Task exited with return code 0
[2025-07-29T15:39:17.005+0000] {taskinstance.py:3503} INFO - 1 downstream tasks scheduled from follow-on schedule check
[2025-07-29T15:39:17.067+0000] {local_task_job_runner.py:222} INFO - ::endgroup::
