[2025-07-31T11:52:33.076+0000] {local_task_job_runner.py:120} INFO - ::group::Pre task execution logs
[2025-07-31T11:52:33.209+0000] {taskinstance.py:2076} INFO - Dependencies all met for dep_context=non-requeueable deps ti=<TaskInstance: solar_ai_pipeline_2.train_prophet scheduled__2023-07-13T00:00:00+00:00 [queued]>
[2025-07-31T11:52:33.333+0000] {taskinstance.py:2076} INFO - Dependencies all met for dep_context=requeueable deps ti=<TaskInstance: solar_ai_pipeline_2.train_prophet scheduled__2023-07-13T00:00:00+00:00 [queued]>
[2025-07-31T11:52:33.338+0000] {taskinstance.py:2306} INFO - Starting attempt 3 of 4
[2025-07-31T11:52:33.458+0000] {taskinstance.py:2330} INFO - Executing <Task(PythonOperator): train_prophet> on 2023-07-13 00:00:00+00:00
[2025-07-31T11:52:33.465+0000] {standard_task_runner.py:63} INFO - Started process 3650 to run task
[2025-07-31T11:52:33.470+0000] {standard_task_runner.py:90} INFO - Running: ['airflow', 'tasks', 'run', 'solar_ai_pipeline_2', 'train_prophet', 'scheduled__2023-07-13T00:00:00+00:00', '--job-id', '2906', '--raw', '--subdir', 'DAGS_FOLDER/prophet_pipeline.py', '--cfg-path', '/tmp/tmpd1gpw274']
[2025-07-31T11:52:33.472+0000] {standard_task_runner.py:91} INFO - Job 2906: Subtask train_prophet
[2025-07-31T11:52:33.682+0000] {task_command.py:426} INFO - Running <TaskInstance: solar_ai_pipeline_2.train_prophet scheduled__2023-07-13T00:00:00+00:00 [running]> on host a2a0dd314bdc
[2025-07-31T11:52:34.097+0000] {taskinstance.py:2648} INFO - Exporting env vars: AIRFLOW_CTX_DAG_OWNER='ensam' AIRFLOW_CTX_DAG_ID='solar_ai_pipeline_2' AIRFLOW_CTX_TASK_ID='train_prophet' AIRFLOW_CTX_EXECUTION_DATE='2023-07-13T00:00:00+00:00' AIRFLOW_CTX_TRY_NUMBER='3' AIRFLOW_CTX_DAG_RUN_ID='scheduled__2023-07-13T00:00:00+00:00'
[2025-07-31T11:52:34.099+0000] {taskinstance.py:430} INFO - ::endgroup::
[2025-07-31T11:52:35.050+0000] {plot.py:39} ERROR - Importing plotly failed. Interactive plots will not work.
[2025-07-31T11:52:35.059+0000] {logging_mixin.py:188} INFO - Training from 2023-01-01 to 2023-01-14
[2025-07-31T11:52:35.415+0000] {logging_mixin.py:188} INFO - Test 1/18: {'changepoint_prior_scale': 0.01, 'seasonality_prior_scale': 1.0, 'seasonality_mode': 'additive'}
[2025-07-31T11:52:35.501+0000] {filesystem.py:118} DEBUG - input tempfile: /tmp/tmp8c9oajor/x7zuumsk.json
[2025-07-31T11:52:35.536+0000] {filesystem.py:118} DEBUG - input tempfile: /tmp/tmp8c9oajor/reylsh62.json
[2025-07-31T11:52:35.541+0000] {model.py:2042} DEBUG - idx 0
[2025-07-31T11:52:35.542+0000] {model.py:2043} DEBUG - running CmdStan, num_threads: None
[2025-07-31T11:52:35.542+0000] {model.py:2055} DEBUG - CmdStan args: ['/home/airflow/.local/lib/python3.11/site-packages/prophet/stan_model/prophet_model.bin', 'random', 'seed=67915', 'data', 'file=/tmp/tmp8c9oajor/x7zuumsk.json', 'init=/tmp/tmp8c9oajor/reylsh62.json', 'output', 'file=/tmp/tmp8c9oajor/prophet_model2uda4ov3/prophet_model-20250731115235.csv', 'method=optimize', 'algorithm=lbfgs', 'iter=10000']
[2025-07-31T11:52:35.543+0000] {logging_mixin.py:188} WARNING - 11:52:35 - cmdstanpy - INFO - Chain [1] start processing
[2025-07-31T11:52:35.543+0000] {model.py:2058} INFO - Chain [1] start processing
[2025-07-31T11:52:35.586+0000] {logging_mixin.py:188} WARNING - 11:52:35 - cmdstanpy - INFO - Chain [1] done processing
[2025-07-31T11:52:35.585+0000] {model.py:2115} INFO - Chain [1] done processing
[2025-07-31T11:52:35.590+0000] {logging_mixin.py:188} INFO - Erreur pour {'changepoint_prior_scale': 0.01, 'seasonality_prior_scale': 1.0, 'seasonality_mode': 'additive'}: Less data than horizon after initial window. Make horizon or initial shorter.
[2025-07-31T11:52:35.590+0000] {logging_mixin.py:188} INFO - Test 2/18: {'changepoint_prior_scale': 0.01, 'seasonality_prior_scale': 1.0, 'seasonality_mode': 'multiplicative'}
[2025-07-31T11:52:35.608+0000] {filesystem.py:118} DEBUG - input tempfile: /tmp/tmp8c9oajor/pgb9swe5.json
[2025-07-31T11:52:35.644+0000] {filesystem.py:118} DEBUG - input tempfile: /tmp/tmp8c9oajor/kdmhkzpa.json
[2025-07-31T11:52:35.646+0000] {model.py:2042} DEBUG - idx 0
[2025-07-31T11:52:35.647+0000] {model.py:2043} DEBUG - running CmdStan, num_threads: None
[2025-07-31T11:52:35.649+0000] {model.py:2055} DEBUG - CmdStan args: ['/home/airflow/.local/lib/python3.11/site-packages/prophet/stan_model/prophet_model.bin', 'random', 'seed=67370', 'data', 'file=/tmp/tmp8c9oajor/pgb9swe5.json', 'init=/tmp/tmp8c9oajor/kdmhkzpa.json', 'output', 'file=/tmp/tmp8c9oajor/prophet_modelh_if2akk/prophet_model-20250731115235.csv', 'method=optimize', 'algorithm=lbfgs', 'iter=10000']
[2025-07-31T11:52:35.650+0000] {logging_mixin.py:188} WARNING - 11:52:35 - cmdstanpy - INFO - Chain [1] start processing
[2025-07-31T11:52:35.650+0000] {model.py:2058} INFO - Chain [1] start processing
[2025-07-31T11:52:35.726+0000] {logging_mixin.py:188} WARNING - 11:52:35 - cmdstanpy - INFO - Chain [1] done processing
[2025-07-31T11:52:35.726+0000] {model.py:2115} INFO - Chain [1] done processing
[2025-07-31T11:52:35.731+0000] {logging_mixin.py:188} INFO - Erreur pour {'changepoint_prior_scale': 0.01, 'seasonality_prior_scale': 1.0, 'seasonality_mode': 'multiplicative'}: Less data than horizon after initial window. Make horizon or initial shorter.
[2025-07-31T11:52:35.732+0000] {logging_mixin.py:188} INFO - Test 3/18: {'changepoint_prior_scale': 0.01, 'seasonality_prior_scale': 5.0, 'seasonality_mode': 'additive'}
[2025-07-31T11:52:35.749+0000] {filesystem.py:118} DEBUG - input tempfile: /tmp/tmp8c9oajor/3em8nzu1.json
[2025-07-31T11:52:35.796+0000] {filesystem.py:118} DEBUG - input tempfile: /tmp/tmp8c9oajor/61w9xc74.json
[2025-07-31T11:52:35.798+0000] {model.py:2042} DEBUG - idx 0
[2025-07-31T11:52:35.798+0000] {model.py:2043} DEBUG - running CmdStan, num_threads: None
[2025-07-31T11:52:35.799+0000] {model.py:2055} DEBUG - CmdStan args: ['/home/airflow/.local/lib/python3.11/site-packages/prophet/stan_model/prophet_model.bin', 'random', 'seed=19632', 'data', 'file=/tmp/tmp8c9oajor/3em8nzu1.json', 'init=/tmp/tmp8c9oajor/61w9xc74.json', 'output', 'file=/tmp/tmp8c9oajor/prophet_modelwz9p260t/prophet_model-20250731115235.csv', 'method=optimize', 'algorithm=lbfgs', 'iter=10000']
[2025-07-31T11:52:35.800+0000] {logging_mixin.py:188} WARNING - 11:52:35 - cmdstanpy - INFO - Chain [1] start processing
[2025-07-31T11:52:35.800+0000] {model.py:2058} INFO - Chain [1] start processing
[2025-07-31T11:52:35.836+0000] {logging_mixin.py:188} WARNING - 11:52:35 - cmdstanpy - INFO - Chain [1] done processing
[2025-07-31T11:52:35.836+0000] {model.py:2115} INFO - Chain [1] done processing
[2025-07-31T11:52:35.840+0000] {logging_mixin.py:188} INFO - Erreur pour {'changepoint_prior_scale': 0.01, 'seasonality_prior_scale': 5.0, 'seasonality_mode': 'additive'}: Less data than horizon after initial window. Make horizon or initial shorter.
[2025-07-31T11:52:35.840+0000] {logging_mixin.py:188} INFO - Test 4/18: {'changepoint_prior_scale': 0.01, 'seasonality_prior_scale': 5.0, 'seasonality_mode': 'multiplicative'}
[2025-07-31T11:52:35.858+0000] {filesystem.py:118} DEBUG - input tempfile: /tmp/tmp8c9oajor/c4dujst7.json
[2025-07-31T11:52:35.904+0000] {filesystem.py:118} DEBUG - input tempfile: /tmp/tmp8c9oajor/_a67ycx3.json
[2025-07-31T11:52:35.906+0000] {model.py:2042} DEBUG - idx 0
[2025-07-31T11:52:35.906+0000] {model.py:2043} DEBUG - running CmdStan, num_threads: None
[2025-07-31T11:52:35.907+0000] {model.py:2055} DEBUG - CmdStan args: ['/home/airflow/.local/lib/python3.11/site-packages/prophet/stan_model/prophet_model.bin', 'random', 'seed=90952', 'data', 'file=/tmp/tmp8c9oajor/c4dujst7.json', 'init=/tmp/tmp8c9oajor/_a67ycx3.json', 'output', 'file=/tmp/tmp8c9oajor/prophet_model1p6jul83/prophet_model-20250731115235.csv', 'method=optimize', 'algorithm=lbfgs', 'iter=10000']
[2025-07-31T11:52:35.907+0000] {logging_mixin.py:188} WARNING - 11:52:35 - cmdstanpy - INFO - Chain [1] start processing
[2025-07-31T11:52:35.907+0000] {model.py:2058} INFO - Chain [1] start processing
[2025-07-31T11:52:35.945+0000] {logging_mixin.py:188} WARNING - 11:52:35 - cmdstanpy - INFO - Chain [1] done processing
[2025-07-31T11:52:35.945+0000] {model.py:2115} INFO - Chain [1] done processing
[2025-07-31T11:52:35.949+0000] {logging_mixin.py:188} INFO - Erreur pour {'changepoint_prior_scale': 0.01, 'seasonality_prior_scale': 5.0, 'seasonality_mode': 'multiplicative'}: Less data than horizon after initial window. Make horizon or initial shorter.
[2025-07-31T11:52:35.950+0000] {logging_mixin.py:188} INFO - Test 5/18: {'changepoint_prior_scale': 0.01, 'seasonality_prior_scale': 10.0, 'seasonality_mode': 'additive'}
[2025-07-31T11:52:35.967+0000] {filesystem.py:118} DEBUG - input tempfile: /tmp/tmp8c9oajor/gco0kq2k.json
[2025-07-31T11:52:36.005+0000] {filesystem.py:118} DEBUG - input tempfile: /tmp/tmp8c9oajor/2tc0g7w4.json
[2025-07-31T11:52:36.007+0000] {model.py:2042} DEBUG - idx 0
[2025-07-31T11:52:36.008+0000] {model.py:2043} DEBUG - running CmdStan, num_threads: None
[2025-07-31T11:52:36.009+0000] {model.py:2055} DEBUG - CmdStan args: ['/home/airflow/.local/lib/python3.11/site-packages/prophet/stan_model/prophet_model.bin', 'random', 'seed=34824', 'data', 'file=/tmp/tmp8c9oajor/gco0kq2k.json', 'init=/tmp/tmp8c9oajor/2tc0g7w4.json', 'output', 'file=/tmp/tmp8c9oajor/prophet_modelxsqt9st4/prophet_model-20250731115236.csv', 'method=optimize', 'algorithm=lbfgs', 'iter=10000']
[2025-07-31T11:52:36.010+0000] {logging_mixin.py:188} WARNING - 11:52:36 - cmdstanpy - INFO - Chain [1] start processing
[2025-07-31T11:52:36.009+0000] {model.py:2058} INFO - Chain [1] start processing
[2025-07-31T11:52:36.056+0000] {logging_mixin.py:188} WARNING - 11:52:36 - cmdstanpy - INFO - Chain [1] done processing
[2025-07-31T11:52:36.056+0000] {model.py:2115} INFO - Chain [1] done processing
[2025-07-31T11:52:36.062+0000] {logging_mixin.py:188} INFO - Erreur pour {'changepoint_prior_scale': 0.01, 'seasonality_prior_scale': 10.0, 'seasonality_mode': 'additive'}: Less data than horizon after initial window. Make horizon or initial shorter.
[2025-07-31T11:52:36.063+0000] {logging_mixin.py:188} INFO - Test 6/18: {'changepoint_prior_scale': 0.01, 'seasonality_prior_scale': 10.0, 'seasonality_mode': 'multiplicative'}
[2025-07-31T11:52:36.097+0000] {filesystem.py:118} DEBUG - input tempfile: /tmp/tmp8c9oajor/kj5iasjb.json
[2025-07-31T11:52:36.152+0000] {filesystem.py:118} DEBUG - input tempfile: /tmp/tmp8c9oajor/vuu4ysqn.json
[2025-07-31T11:52:36.157+0000] {model.py:2042} DEBUG - idx 0
[2025-07-31T11:52:36.158+0000] {model.py:2043} DEBUG - running CmdStan, num_threads: None
[2025-07-31T11:52:36.158+0000] {model.py:2055} DEBUG - CmdStan args: ['/home/airflow/.local/lib/python3.11/site-packages/prophet/stan_model/prophet_model.bin', 'random', 'seed=18225', 'data', 'file=/tmp/tmp8c9oajor/kj5iasjb.json', 'init=/tmp/tmp8c9oajor/vuu4ysqn.json', 'output', 'file=/tmp/tmp8c9oajor/prophet_model7yaynk8c/prophet_model-20250731115236.csv', 'method=optimize', 'algorithm=lbfgs', 'iter=10000']
[2025-07-31T11:52:36.159+0000] {logging_mixin.py:188} WARNING - 11:52:36 - cmdstanpy - INFO - Chain [1] start processing
[2025-07-31T11:52:36.159+0000] {model.py:2058} INFO - Chain [1] start processing
[2025-07-31T11:52:36.213+0000] {logging_mixin.py:188} WARNING - 11:52:36 - cmdstanpy - INFO - Chain [1] done processing
[2025-07-31T11:52:36.213+0000] {model.py:2115} INFO - Chain [1] done processing
[2025-07-31T11:52:36.218+0000] {logging_mixin.py:188} INFO - Erreur pour {'changepoint_prior_scale': 0.01, 'seasonality_prior_scale': 10.0, 'seasonality_mode': 'multiplicative'}: Less data than horizon after initial window. Make horizon or initial shorter.
[2025-07-31T11:52:36.219+0000] {logging_mixin.py:188} INFO - Test 7/18: {'changepoint_prior_scale': 0.05, 'seasonality_prior_scale': 1.0, 'seasonality_mode': 'additive'}
[2025-07-31T11:52:36.254+0000] {filesystem.py:118} DEBUG - input tempfile: /tmp/tmp8c9oajor/qzq970xk.json
[2025-07-31T11:52:36.294+0000] {filesystem.py:118} DEBUG - input tempfile: /tmp/tmp8c9oajor/07fk8orp.json
[2025-07-31T11:52:36.298+0000] {model.py:2042} DEBUG - idx 0
[2025-07-31T11:52:36.299+0000] {model.py:2043} DEBUG - running CmdStan, num_threads: None
[2025-07-31T11:52:36.299+0000] {model.py:2055} DEBUG - CmdStan args: ['/home/airflow/.local/lib/python3.11/site-packages/prophet/stan_model/prophet_model.bin', 'random', 'seed=35939', 'data', 'file=/tmp/tmp8c9oajor/qzq970xk.json', 'init=/tmp/tmp8c9oajor/07fk8orp.json', 'output', 'file=/tmp/tmp8c9oajor/prophet_modelwrum7o0z/prophet_model-20250731115236.csv', 'method=optimize', 'algorithm=lbfgs', 'iter=10000']
[2025-07-31T11:52:36.300+0000] {logging_mixin.py:188} WARNING - 11:52:36 - cmdstanpy - INFO - Chain [1] start processing
[2025-07-31T11:52:36.300+0000] {model.py:2058} INFO - Chain [1] start processing
[2025-07-31T11:52:36.357+0000] {logging_mixin.py:188} WARNING - 11:52:36 - cmdstanpy - INFO - Chain [1] done processing
[2025-07-31T11:52:36.357+0000] {model.py:2115} INFO - Chain [1] done processing
[2025-07-31T11:52:36.361+0000] {logging_mixin.py:188} INFO - Erreur pour {'changepoint_prior_scale': 0.05, 'seasonality_prior_scale': 1.0, 'seasonality_mode': 'additive'}: Less data than horizon after initial window. Make horizon or initial shorter.
[2025-07-31T11:52:36.362+0000] {logging_mixin.py:188} INFO - Test 8/18: {'changepoint_prior_scale': 0.05, 'seasonality_prior_scale': 1.0, 'seasonality_mode': 'multiplicative'}
[2025-07-31T11:52:36.381+0000] {filesystem.py:118} DEBUG - input tempfile: /tmp/tmp8c9oajor/taip34_j.json
[2025-07-31T11:52:36.418+0000] {filesystem.py:118} DEBUG - input tempfile: /tmp/tmp8c9oajor/m3gq2lul.json
[2025-07-31T11:52:36.423+0000] {model.py:2042} DEBUG - idx 0
[2025-07-31T11:52:36.423+0000] {model.py:2043} DEBUG - running CmdStan, num_threads: None
[2025-07-31T11:52:36.424+0000] {model.py:2055} DEBUG - CmdStan args: ['/home/airflow/.local/lib/python3.11/site-packages/prophet/stan_model/prophet_model.bin', 'random', 'seed=75468', 'data', 'file=/tmp/tmp8c9oajor/taip34_j.json', 'init=/tmp/tmp8c9oajor/m3gq2lul.json', 'output', 'file=/tmp/tmp8c9oajor/prophet_modelb4bb8jzd/prophet_model-20250731115236.csv', 'method=optimize', 'algorithm=lbfgs', 'iter=10000']
[2025-07-31T11:52:36.424+0000] {logging_mixin.py:188} WARNING - 11:52:36 - cmdstanpy - INFO - Chain [1] start processing
[2025-07-31T11:52:36.424+0000] {model.py:2058} INFO - Chain [1] start processing
[2025-07-31T11:52:36.458+0000] {logging_mixin.py:188} WARNING - 11:52:36 - cmdstanpy - INFO - Chain [1] done processing
[2025-07-31T11:52:36.458+0000] {model.py:2115} INFO - Chain [1] done processing
[2025-07-31T11:52:36.462+0000] {logging_mixin.py:188} INFO - Erreur pour {'changepoint_prior_scale': 0.05, 'seasonality_prior_scale': 1.0, 'seasonality_mode': 'multiplicative'}: Less data than horizon after initial window. Make horizon or initial shorter.
[2025-07-31T11:52:36.463+0000] {logging_mixin.py:188} INFO - Test 9/18: {'changepoint_prior_scale': 0.05, 'seasonality_prior_scale': 5.0, 'seasonality_mode': 'additive'}
[2025-07-31T11:52:36.479+0000] {filesystem.py:118} DEBUG - input tempfile: /tmp/tmp8c9oajor/vvs8aqn1.json
[2025-07-31T11:52:36.521+0000] {filesystem.py:118} DEBUG - input tempfile: /tmp/tmp8c9oajor/c8_h93s2.json
[2025-07-31T11:52:36.523+0000] {model.py:2042} DEBUG - idx 0
[2025-07-31T11:52:36.523+0000] {model.py:2043} DEBUG - running CmdStan, num_threads: None
[2025-07-31T11:52:36.524+0000] {model.py:2055} DEBUG - CmdStan args: ['/home/airflow/.local/lib/python3.11/site-packages/prophet/stan_model/prophet_model.bin', 'random', 'seed=14205', 'data', 'file=/tmp/tmp8c9oajor/vvs8aqn1.json', 'init=/tmp/tmp8c9oajor/c8_h93s2.json', 'output', 'file=/tmp/tmp8c9oajor/prophet_model7rah6uql/prophet_model-20250731115236.csv', 'method=optimize', 'algorithm=lbfgs', 'iter=10000']
[2025-07-31T11:52:36.525+0000] {logging_mixin.py:188} WARNING - 11:52:36 - cmdstanpy - INFO - Chain [1] start processing
[2025-07-31T11:52:36.524+0000] {model.py:2058} INFO - Chain [1] start processing
[2025-07-31T11:52:36.555+0000] {logging_mixin.py:188} WARNING - 11:52:36 - cmdstanpy - INFO - Chain [1] done processing
[2025-07-31T11:52:36.555+0000] {model.py:2115} INFO - Chain [1] done processing
[2025-07-31T11:52:36.558+0000] {logging_mixin.py:188} INFO - Erreur pour {'changepoint_prior_scale': 0.05, 'seasonality_prior_scale': 5.0, 'seasonality_mode': 'additive'}: Less data than horizon after initial window. Make horizon or initial shorter.
[2025-07-31T11:52:36.559+0000] {logging_mixin.py:188} INFO - Test 10/18: {'changepoint_prior_scale': 0.05, 'seasonality_prior_scale': 5.0, 'seasonality_mode': 'multiplicative'}
[2025-07-31T11:52:36.578+0000] {filesystem.py:118} DEBUG - input tempfile: /tmp/tmp8c9oajor/ligofn0i.json
[2025-07-31T11:52:36.616+0000] {filesystem.py:118} DEBUG - input tempfile: /tmp/tmp8c9oajor/ka3httre.json
[2025-07-31T11:52:36.618+0000] {model.py:2042} DEBUG - idx 0
[2025-07-31T11:52:36.619+0000] {model.py:2043} DEBUG - running CmdStan, num_threads: None
[2025-07-31T11:52:36.619+0000] {model.py:2055} DEBUG - CmdStan args: ['/home/airflow/.local/lib/python3.11/site-packages/prophet/stan_model/prophet_model.bin', 'random', 'seed=60935', 'data', 'file=/tmp/tmp8c9oajor/ligofn0i.json', 'init=/tmp/tmp8c9oajor/ka3httre.json', 'output', 'file=/tmp/tmp8c9oajor/prophet_modeluvpwbgt_/prophet_model-20250731115236.csv', 'method=optimize', 'algorithm=lbfgs', 'iter=10000']
[2025-07-31T11:52:36.620+0000] {logging_mixin.py:188} WARNING - 11:52:36 - cmdstanpy - INFO - Chain [1] start processing
[2025-07-31T11:52:36.620+0000] {model.py:2058} INFO - Chain [1] start processing
[2025-07-31T11:52:36.666+0000] {logging_mixin.py:188} WARNING - 11:52:36 - cmdstanpy - INFO - Chain [1] done processing
[2025-07-31T11:52:36.666+0000] {model.py:2115} INFO - Chain [1] done processing
[2025-07-31T11:52:36.670+0000] {logging_mixin.py:188} INFO - Erreur pour {'changepoint_prior_scale': 0.05, 'seasonality_prior_scale': 5.0, 'seasonality_mode': 'multiplicative'}: Less data than horizon after initial window. Make horizon or initial shorter.
[2025-07-31T11:52:36.671+0000] {logging_mixin.py:188} INFO - Test 11/18: {'changepoint_prior_scale': 0.05, 'seasonality_prior_scale': 10.0, 'seasonality_mode': 'additive'}
[2025-07-31T11:52:36.688+0000] {filesystem.py:118} DEBUG - input tempfile: /tmp/tmp8c9oajor/3db9yejm.json
[2025-07-31T11:52:36.731+0000] {filesystem.py:118} DEBUG - input tempfile: /tmp/tmp8c9oajor/86ubc_aq.json
[2025-07-31T11:52:36.736+0000] {model.py:2042} DEBUG - idx 0
[2025-07-31T11:52:36.737+0000] {model.py:2043} DEBUG - running CmdStan, num_threads: None
[2025-07-31T11:52:36.737+0000] {model.py:2055} DEBUG - CmdStan args: ['/home/airflow/.local/lib/python3.11/site-packages/prophet/stan_model/prophet_model.bin', 'random', 'seed=86688', 'data', 'file=/tmp/tmp8c9oajor/3db9yejm.json', 'init=/tmp/tmp8c9oajor/86ubc_aq.json', 'output', 'file=/tmp/tmp8c9oajor/prophet_modelqjtmkiu8/prophet_model-20250731115236.csv', 'method=optimize', 'algorithm=lbfgs', 'iter=10000']
[2025-07-31T11:52:36.738+0000] {logging_mixin.py:188} WARNING - 11:52:36 - cmdstanpy - INFO - Chain [1] start processing
[2025-07-31T11:52:36.738+0000] {model.py:2058} INFO - Chain [1] start processing
[2025-07-31T11:52:36.789+0000] {logging_mixin.py:188} WARNING - 11:52:36 - cmdstanpy - INFO - Chain [1] done processing
[2025-07-31T11:52:36.788+0000] {model.py:2115} INFO - Chain [1] done processing
[2025-07-31T11:52:36.794+0000] {logging_mixin.py:188} INFO - Erreur pour {'changepoint_prior_scale': 0.05, 'seasonality_prior_scale': 10.0, 'seasonality_mode': 'additive'}: Less data than horizon after initial window. Make horizon or initial shorter.
[2025-07-31T11:52:36.795+0000] {logging_mixin.py:188} INFO - Test 12/18: {'changepoint_prior_scale': 0.05, 'seasonality_prior_scale': 10.0, 'seasonality_mode': 'multiplicative'}
[2025-07-31T11:52:36.829+0000] {filesystem.py:118} DEBUG - input tempfile: /tmp/tmp8c9oajor/b1h1d0qx.json
[2025-07-31T11:52:36.866+0000] {filesystem.py:118} DEBUG - input tempfile: /tmp/tmp8c9oajor/p379hx4m.json
[2025-07-31T11:52:36.868+0000] {model.py:2042} DEBUG - idx 0
[2025-07-31T11:52:36.869+0000] {model.py:2043} DEBUG - running CmdStan, num_threads: None
[2025-07-31T11:52:36.870+0000] {model.py:2055} DEBUG - CmdStan args: ['/home/airflow/.local/lib/python3.11/site-packages/prophet/stan_model/prophet_model.bin', 'random', 'seed=44047', 'data', 'file=/tmp/tmp8c9oajor/b1h1d0qx.json', 'init=/tmp/tmp8c9oajor/p379hx4m.json', 'output', 'file=/tmp/tmp8c9oajor/prophet_model9l6krb0f/prophet_model-20250731115236.csv', 'method=optimize', 'algorithm=lbfgs', 'iter=10000']
[2025-07-31T11:52:36.871+0000] {logging_mixin.py:188} WARNING - 11:52:36 - cmdstanpy - INFO - Chain [1] start processing
[2025-07-31T11:52:36.870+0000] {model.py:2058} INFO - Chain [1] start processing
[2025-07-31T11:52:36.932+0000] {logging_mixin.py:188} WARNING - 11:52:36 - cmdstanpy - INFO - Chain [1] done processing
[2025-07-31T11:52:36.931+0000] {model.py:2115} INFO - Chain [1] done processing
[2025-07-31T11:52:36.938+0000] {logging_mixin.py:188} INFO - Erreur pour {'changepoint_prior_scale': 0.05, 'seasonality_prior_scale': 10.0, 'seasonality_mode': 'multiplicative'}: Less data than horizon after initial window. Make horizon or initial shorter.
[2025-07-31T11:52:36.939+0000] {logging_mixin.py:188} INFO - Test 13/18: {'changepoint_prior_scale': 0.1, 'seasonality_prior_scale': 1.0, 'seasonality_mode': 'additive'}
[2025-07-31T11:52:36.968+0000] {filesystem.py:118} DEBUG - input tempfile: /tmp/tmp8c9oajor/xzl6sjl8.json
[2025-07-31T11:52:37.005+0000] {filesystem.py:118} DEBUG - input tempfile: /tmp/tmp8c9oajor/mxquvoec.json
[2025-07-31T11:52:37.007+0000] {model.py:2042} DEBUG - idx 0
[2025-07-31T11:52:37.007+0000] {model.py:2043} DEBUG - running CmdStan, num_threads: None
[2025-07-31T11:52:37.008+0000] {model.py:2055} DEBUG - CmdStan args: ['/home/airflow/.local/lib/python3.11/site-packages/prophet/stan_model/prophet_model.bin', 'random', 'seed=57914', 'data', 'file=/tmp/tmp8c9oajor/xzl6sjl8.json', 'init=/tmp/tmp8c9oajor/mxquvoec.json', 'output', 'file=/tmp/tmp8c9oajor/prophet_modeljptazf6l/prophet_model-20250731115237.csv', 'method=optimize', 'algorithm=lbfgs', 'iter=10000']
[2025-07-31T11:52:37.009+0000] {logging_mixin.py:188} WARNING - 11:52:37 - cmdstanpy - INFO - Chain [1] start processing
[2025-07-31T11:52:37.008+0000] {model.py:2058} INFO - Chain [1] start processing
[2025-07-31T11:52:37.044+0000] {logging_mixin.py:188} WARNING - 11:52:37 - cmdstanpy - INFO - Chain [1] done processing
[2025-07-31T11:52:37.044+0000] {model.py:2115} INFO - Chain [1] done processing
[2025-07-31T11:52:37.048+0000] {logging_mixin.py:188} INFO - Erreur pour {'changepoint_prior_scale': 0.1, 'seasonality_prior_scale': 1.0, 'seasonality_mode': 'additive'}: Less data than horizon after initial window. Make horizon or initial shorter.
[2025-07-31T11:52:37.049+0000] {logging_mixin.py:188} INFO - Test 14/18: {'changepoint_prior_scale': 0.1, 'seasonality_prior_scale': 1.0, 'seasonality_mode': 'multiplicative'}
[2025-07-31T11:52:37.069+0000] {filesystem.py:118} DEBUG - input tempfile: /tmp/tmp8c9oajor/ffpwjlw2.json
[2025-07-31T11:52:37.110+0000] {filesystem.py:118} DEBUG - input tempfile: /tmp/tmp8c9oajor/3fm3717r.json
[2025-07-31T11:52:37.112+0000] {model.py:2042} DEBUG - idx 0
[2025-07-31T11:52:37.112+0000] {model.py:2043} DEBUG - running CmdStan, num_threads: None
[2025-07-31T11:52:37.113+0000] {model.py:2055} DEBUG - CmdStan args: ['/home/airflow/.local/lib/python3.11/site-packages/prophet/stan_model/prophet_model.bin', 'random', 'seed=80913', 'data', 'file=/tmp/tmp8c9oajor/ffpwjlw2.json', 'init=/tmp/tmp8c9oajor/3fm3717r.json', 'output', 'file=/tmp/tmp8c9oajor/prophet_model6fsmgtvu/prophet_model-20250731115237.csv', 'method=optimize', 'algorithm=lbfgs', 'iter=10000']
[2025-07-31T11:52:37.113+0000] {logging_mixin.py:188} WARNING - 11:52:37 - cmdstanpy - INFO - Chain [1] start processing
[2025-07-31T11:52:37.113+0000] {model.py:2058} INFO - Chain [1] start processing
[2025-07-31T11:52:37.234+0000] {logging_mixin.py:188} WARNING - 11:52:37 - cmdstanpy - INFO - Chain [1] done processing
[2025-07-31T11:52:37.234+0000] {model.py:2115} INFO - Chain [1] done processing
[2025-07-31T11:52:37.238+0000] {logging_mixin.py:188} INFO - Erreur pour {'changepoint_prior_scale': 0.1, 'seasonality_prior_scale': 1.0, 'seasonality_mode': 'multiplicative'}: Less data than horizon after initial window. Make horizon or initial shorter.
[2025-07-31T11:52:37.239+0000] {logging_mixin.py:188} INFO - Test 15/18: {'changepoint_prior_scale': 0.1, 'seasonality_prior_scale': 5.0, 'seasonality_mode': 'additive'}
[2025-07-31T11:52:37.257+0000] {filesystem.py:118} DEBUG - input tempfile: /tmp/tmp8c9oajor/7t3_kf2i.json
[2025-07-31T11:52:37.303+0000] {filesystem.py:118} DEBUG - input tempfile: /tmp/tmp8c9oajor/till_yt9.json
[2025-07-31T11:52:37.306+0000] {model.py:2042} DEBUG - idx 0
[2025-07-31T11:52:37.307+0000] {model.py:2043} DEBUG - running CmdStan, num_threads: None
[2025-07-31T11:52:37.308+0000] {model.py:2055} DEBUG - CmdStan args: ['/home/airflow/.local/lib/python3.11/site-packages/prophet/stan_model/prophet_model.bin', 'random', 'seed=95234', 'data', 'file=/tmp/tmp8c9oajor/7t3_kf2i.json', 'init=/tmp/tmp8c9oajor/till_yt9.json', 'output', 'file=/tmp/tmp8c9oajor/prophet_modelvh1jxtto/prophet_model-20250731115237.csv', 'method=optimize', 'algorithm=lbfgs', 'iter=10000']
[2025-07-31T11:52:37.309+0000] {logging_mixin.py:188} WARNING - 11:52:37 - cmdstanpy - INFO - Chain [1] start processing
[2025-07-31T11:52:37.309+0000] {model.py:2058} INFO - Chain [1] start processing
[2025-07-31T11:52:37.360+0000] {logging_mixin.py:188} WARNING - 11:52:37 - cmdstanpy - INFO - Chain [1] done processing
[2025-07-31T11:52:37.360+0000] {model.py:2115} INFO - Chain [1] done processing
[2025-07-31T11:52:37.364+0000] {logging_mixin.py:188} INFO - Erreur pour {'changepoint_prior_scale': 0.1, 'seasonality_prior_scale': 5.0, 'seasonality_mode': 'additive'}: Less data than horizon after initial window. Make horizon or initial shorter.
[2025-07-31T11:52:37.365+0000] {logging_mixin.py:188} INFO - Test 16/18: {'changepoint_prior_scale': 0.1, 'seasonality_prior_scale': 5.0, 'seasonality_mode': 'multiplicative'}
[2025-07-31T11:52:37.384+0000] {filesystem.py:118} DEBUG - input tempfile: /tmp/tmp8c9oajor/3dbe06ui.json
[2025-07-31T11:52:37.420+0000] {filesystem.py:118} DEBUG - input tempfile: /tmp/tmp8c9oajor/4np4hvqy.json
[2025-07-31T11:52:37.422+0000] {model.py:2042} DEBUG - idx 0
[2025-07-31T11:52:37.423+0000] {model.py:2043} DEBUG - running CmdStan, num_threads: None
[2025-07-31T11:52:37.423+0000] {model.py:2055} DEBUG - CmdStan args: ['/home/airflow/.local/lib/python3.11/site-packages/prophet/stan_model/prophet_model.bin', 'random', 'seed=56066', 'data', 'file=/tmp/tmp8c9oajor/3dbe06ui.json', 'init=/tmp/tmp8c9oajor/4np4hvqy.json', 'output', 'file=/tmp/tmp8c9oajor/prophet_modelg4d3dod6/prophet_model-20250731115237.csv', 'method=optimize', 'algorithm=lbfgs', 'iter=10000']
[2025-07-31T11:52:37.424+0000] {logging_mixin.py:188} WARNING - 11:52:37 - cmdstanpy - INFO - Chain [1] start processing
[2025-07-31T11:52:37.424+0000] {model.py:2058} INFO - Chain [1] start processing
[2025-07-31T11:52:37.492+0000] {logging_mixin.py:188} WARNING - 11:52:37 - cmdstanpy - INFO - Chain [1] done processing
[2025-07-31T11:52:37.492+0000] {model.py:2115} INFO - Chain [1] done processing
[2025-07-31T11:52:37.496+0000] {logging_mixin.py:188} INFO - Erreur pour {'changepoint_prior_scale': 0.1, 'seasonality_prior_scale': 5.0, 'seasonality_mode': 'multiplicative'}: Less data than horizon after initial window. Make horizon or initial shorter.
[2025-07-31T11:52:37.497+0000] {logging_mixin.py:188} INFO - Test 17/18: {'changepoint_prior_scale': 0.1, 'seasonality_prior_scale': 10.0, 'seasonality_mode': 'additive'}
[2025-07-31T11:52:37.514+0000] {filesystem.py:118} DEBUG - input tempfile: /tmp/tmp8c9oajor/_v9nth48.json
[2025-07-31T11:52:37.549+0000] {filesystem.py:118} DEBUG - input tempfile: /tmp/tmp8c9oajor/99ok64qs.json
[2025-07-31T11:52:37.551+0000] {model.py:2042} DEBUG - idx 0
[2025-07-31T11:52:37.552+0000] {model.py:2043} DEBUG - running CmdStan, num_threads: None
[2025-07-31T11:52:37.553+0000] {model.py:2055} DEBUG - CmdStan args: ['/home/airflow/.local/lib/python3.11/site-packages/prophet/stan_model/prophet_model.bin', 'random', 'seed=71468', 'data', 'file=/tmp/tmp8c9oajor/_v9nth48.json', 'init=/tmp/tmp8c9oajor/99ok64qs.json', 'output', 'file=/tmp/tmp8c9oajor/prophet_model4_d6j93a/prophet_model-20250731115237.csv', 'method=optimize', 'algorithm=lbfgs', 'iter=10000']
[2025-07-31T11:52:37.554+0000] {logging_mixin.py:188} WARNING - 11:52:37 - cmdstanpy - INFO - Chain [1] start processing
[2025-07-31T11:52:37.554+0000] {model.py:2058} INFO - Chain [1] start processing
[2025-07-31T11:52:37.610+0000] {logging_mixin.py:188} WARNING - 11:52:37 - cmdstanpy - INFO - Chain [1] done processing
[2025-07-31T11:52:37.610+0000] {model.py:2115} INFO - Chain [1] done processing
[2025-07-31T11:52:37.615+0000] {logging_mixin.py:188} INFO - Erreur pour {'changepoint_prior_scale': 0.1, 'seasonality_prior_scale': 10.0, 'seasonality_mode': 'additive'}: Less data than horizon after initial window. Make horizon or initial shorter.
[2025-07-31T11:52:37.616+0000] {logging_mixin.py:188} INFO - Test 18/18: {'changepoint_prior_scale': 0.1, 'seasonality_prior_scale': 10.0, 'seasonality_mode': 'multiplicative'}
[2025-07-31T11:52:37.649+0000] {filesystem.py:118} DEBUG - input tempfile: /tmp/tmp8c9oajor/8rmlpvp6.json
[2025-07-31T11:52:37.703+0000] {filesystem.py:118} DEBUG - input tempfile: /tmp/tmp8c9oajor/9emv4c66.json
[2025-07-31T11:52:37.706+0000] {model.py:2042} DEBUG - idx 0
[2025-07-31T11:52:37.707+0000] {model.py:2043} DEBUG - running CmdStan, num_threads: None
[2025-07-31T11:52:37.708+0000] {model.py:2055} DEBUG - CmdStan args: ['/home/airflow/.local/lib/python3.11/site-packages/prophet/stan_model/prophet_model.bin', 'random', 'seed=11284', 'data', 'file=/tmp/tmp8c9oajor/8rmlpvp6.json', 'init=/tmp/tmp8c9oajor/9emv4c66.json', 'output', 'file=/tmp/tmp8c9oajor/prophet_modeltam60mma/prophet_model-20250731115237.csv', 'method=optimize', 'algorithm=lbfgs', 'iter=10000']
[2025-07-31T11:52:37.709+0000] {logging_mixin.py:188} WARNING - 11:52:37 - cmdstanpy - INFO - Chain [1] start processing
[2025-07-31T11:52:37.709+0000] {model.py:2058} INFO - Chain [1] start processing
[2025-07-31T11:52:37.800+0000] {logging_mixin.py:188} WARNING - 11:52:37 - cmdstanpy - INFO - Chain [1] done processing
[2025-07-31T11:52:37.800+0000] {model.py:2115} INFO - Chain [1] done processing
[2025-07-31T11:52:37.804+0000] {logging_mixin.py:188} INFO - Erreur pour {'changepoint_prior_scale': 0.1, 'seasonality_prior_scale': 10.0, 'seasonality_mode': 'multiplicative'}: Less data than horizon after initial window. Make horizon or initial shorter.
[2025-07-31T11:52:37.805+0000] {taskinstance.py:441} INFO - ::group::Post task execution logs
[2025-07-31T11:52:37.805+0000] {taskinstance.py:2905} ERROR - Task failed with exception
Traceback (most recent call last):
  File "/home/airflow/.local/lib/python3.11/site-packages/airflow/models/taskinstance.py", line 465, in _execute_task
    result = _execute_callable(context=context, **execute_callable_kwargs)
             ^^^^^^^^^^^^^^^^^^^^^^^^^^^^^^^^^^^^^^^^^^^^^^^^^^^^^^^^^^^^^
  File "/home/airflow/.local/lib/python3.11/site-packages/airflow/models/taskinstance.py", line 432, in _execute_callable
    return execute_callable(context=context, **execute_callable_kwargs)
           ^^^^^^^^^^^^^^^^^^^^^^^^^^^^^^^^^^^^^^^^^^^^^^^^^^^^^^^^^^^^
  File "/home/airflow/.local/lib/python3.11/site-packages/airflow/models/baseoperator.py", line 401, in wrapper
    return func(self, *args, **kwargs)
           ^^^^^^^^^^^^^^^^^^^^^^^^^^^
  File "/home/airflow/.local/lib/python3.11/site-packages/airflow/operators/python.py", line 235, in execute
    return_value = self.execute_callable()
                   ^^^^^^^^^^^^^^^^^^^^^^^
  File "/home/airflow/.local/lib/python3.11/site-packages/airflow/operators/python.py", line 252, in execute_callable
    return self.python_callable(*self.op_args, **self.op_kwargs)
           ^^^^^^^^^^^^^^^^^^^^^^^^^^^^^^^^^^^^^^^^^^^^^^^^^^^^^
  File "/opt/airflow/dags/scripts/train_prophet.py", line 92, in train_prophet
    best_model_temp, scores_temp = optimize_prophet_model(temp_df)
                                   ^^^^^^^^^^^^^^^^^^^^^^^^^^^^^^^
  File "/opt/airflow/dags/scripts/train_prophet.py", line 44, in optimize_prophet_model
    best = min(results, key=lambda x: x[1])
           ^^^^^^^^^^^^^^^^^^^^^^^^^^^^^^^^
ValueError: min() arg is an empty sequence
[2025-07-31T11:52:37.836+0000] {taskinstance.py:1206} INFO - Marking task as UP_FOR_RETRY. dag_id=solar_ai_pipeline_2, task_id=train_prophet, run_id=scheduled__2023-07-13T00:00:00+00:00, execution_date=20230713T000000, start_date=20250731T115233, end_date=20250731T115237
[2025-07-31T11:52:37.952+0000] {standard_task_runner.py:110} ERROR - Failed to execute job 2906 for task train_prophet (min() arg is an empty sequence; 3650)
[2025-07-31T11:52:37.990+0000] {local_task_job_runner.py:240} INFO - Task exited with return code 1
[2025-07-31T11:52:38.080+0000] {taskinstance.py:3503} INFO - 0 downstream tasks scheduled from follow-on schedule check
[2025-07-31T11:52:38.085+0000] {local_task_job_runner.py:222} INFO - ::endgroup::
