[2025-07-31T12:03:49.190+0000] {local_task_job_runner.py:120} INFO - ::group::Pre task execution logs
[2025-07-31T12:03:49.370+0000] {taskinstance.py:2076} INFO - Dependencies all met for dep_context=non-requeueable deps ti=<TaskInstance: solar_ai_pipeline_2.train_prophet scheduled__2023-07-13T00:00:00+00:00 [queued]>
[2025-07-31T12:03:49.441+0000] {taskinstance.py:2076} INFO - Dependencies all met for dep_context=requeueable deps ti=<TaskInstance: solar_ai_pipeline_2.train_prophet scheduled__2023-07-13T00:00:00+00:00 [queued]>
[2025-07-31T12:03:49.446+0000] {taskinstance.py:2306} INFO - Starting attempt 4 of 4
[2025-07-31T12:03:49.947+0000] {taskinstance.py:2330} INFO - Executing <Task(PythonOperator): train_prophet> on 2023-07-13 00:00:00+00:00
[2025-07-31T12:03:49.964+0000] {standard_task_runner.py:63} INFO - Started process 4599 to run task
[2025-07-31T12:03:49.971+0000] {standard_task_runner.py:90} INFO - Running: ['airflow', 'tasks', 'run', 'solar_ai_pipeline_2', 'train_prophet', 'scheduled__2023-07-13T00:00:00+00:00', '--job-id', '2936', '--raw', '--subdir', 'DAGS_FOLDER/prophet_pipeline.py', '--cfg-path', '/tmp/tmp57wpid3c']
[2025-07-31T12:03:49.975+0000] {standard_task_runner.py:91} INFO - Job 2936: Subtask train_prophet
[2025-07-31T12:03:50.196+0000] {task_command.py:426} INFO - Running <TaskInstance: solar_ai_pipeline_2.train_prophet scheduled__2023-07-13T00:00:00+00:00 [running]> on host a2a0dd314bdc
[2025-07-31T12:03:50.592+0000] {taskinstance.py:2648} INFO - Exporting env vars: AIRFLOW_CTX_DAG_OWNER='ensam' AIRFLOW_CTX_DAG_ID='solar_ai_pipeline_2' AIRFLOW_CTX_TASK_ID='train_prophet' AIRFLOW_CTX_EXECUTION_DATE='2023-07-13T00:00:00+00:00' AIRFLOW_CTX_TRY_NUMBER='4' AIRFLOW_CTX_DAG_RUN_ID='scheduled__2023-07-13T00:00:00+00:00'
[2025-07-31T12:03:50.594+0000] {taskinstance.py:430} INFO - ::endgroup::
[2025-07-31T12:03:51.622+0000] {plot.py:39} ERROR - Importing plotly failed. Interactive plots will not work.
[2025-07-31T12:03:51.636+0000] {logging_mixin.py:188} INFO - Training from 2023-01-01 to 2023-01-14
[2025-07-31T12:03:52.005+0000] {logging_mixin.py:188} INFO - Test 1/18: {'changepoint_prior_scale': 0.01, 'seasonality_prior_scale': 1.0, 'seasonality_mode': 'additive'}
[2025-07-31T12:03:52.081+0000] {filesystem.py:118} DEBUG - input tempfile: /tmp/tmpzh12c7nd/wb8wsy_q.json
[2025-07-31T12:03:52.120+0000] {filesystem.py:118} DEBUG - input tempfile: /tmp/tmpzh12c7nd/_at7_b1v.json
[2025-07-31T12:03:52.122+0000] {model.py:2042} DEBUG - idx 0
[2025-07-31T12:03:52.123+0000] {model.py:2043} DEBUG - running CmdStan, num_threads: None
[2025-07-31T12:03:52.124+0000] {model.py:2055} DEBUG - CmdStan args: ['/home/airflow/.local/lib/python3.11/site-packages/prophet/stan_model/prophet_model.bin', 'random', 'seed=93735', 'data', 'file=/tmp/tmpzh12c7nd/wb8wsy_q.json', 'init=/tmp/tmpzh12c7nd/_at7_b1v.json', 'output', 'file=/tmp/tmpzh12c7nd/prophet_modelst4kj2cu/prophet_model-20250731120352.csv', 'method=optimize', 'algorithm=lbfgs', 'iter=10000']
[2025-07-31T12:03:52.124+0000] {logging_mixin.py:188} WARNING - 12:03:52 - cmdstanpy - INFO - Chain [1] start processing
[2025-07-31T12:03:52.124+0000] {model.py:2058} INFO - Chain [1] start processing
[2025-07-31T12:03:52.188+0000] {logging_mixin.py:188} WARNING - 12:03:52 - cmdstanpy - INFO - Chain [1] done processing
[2025-07-31T12:03:52.188+0000] {model.py:2115} INFO - Chain [1] done processing
[2025-07-31T12:03:52.193+0000] {logging_mixin.py:188} INFO - Erreur pour {'changepoint_prior_scale': 0.01, 'seasonality_prior_scale': 1.0, 'seasonality_mode': 'additive'}: Less data than horizon after initial window. Make horizon or initial shorter.
[2025-07-31T12:03:52.195+0000] {logging_mixin.py:188} INFO - Test 2/18: {'changepoint_prior_scale': 0.01, 'seasonality_prior_scale': 1.0, 'seasonality_mode': 'multiplicative'}
[2025-07-31T12:03:52.220+0000] {filesystem.py:118} DEBUG - input tempfile: /tmp/tmpzh12c7nd/c1ii01z4.json
[2025-07-31T12:03:52.258+0000] {filesystem.py:118} DEBUG - input tempfile: /tmp/tmpzh12c7nd/717x6vgi.json
[2025-07-31T12:03:52.260+0000] {model.py:2042} DEBUG - idx 0
[2025-07-31T12:03:52.261+0000] {model.py:2043} DEBUG - running CmdStan, num_threads: None
[2025-07-31T12:03:52.261+0000] {model.py:2055} DEBUG - CmdStan args: ['/home/airflow/.local/lib/python3.11/site-packages/prophet/stan_model/prophet_model.bin', 'random', 'seed=19032', 'data', 'file=/tmp/tmpzh12c7nd/c1ii01z4.json', 'init=/tmp/tmpzh12c7nd/717x6vgi.json', 'output', 'file=/tmp/tmpzh12c7nd/prophet_modelzjs1mdp1/prophet_model-20250731120352.csv', 'method=optimize', 'algorithm=lbfgs', 'iter=10000']
[2025-07-31T12:03:52.262+0000] {logging_mixin.py:188} WARNING - 12:03:52 - cmdstanpy - INFO - Chain [1] start processing
[2025-07-31T12:03:52.262+0000] {model.py:2058} INFO - Chain [1] start processing
[2025-07-31T12:03:52.321+0000] {logging_mixin.py:188} WARNING - 12:03:52 - cmdstanpy - INFO - Chain [1] done processing
[2025-07-31T12:03:52.321+0000] {model.py:2115} INFO - Chain [1] done processing
[2025-07-31T12:03:52.325+0000] {logging_mixin.py:188} INFO - Erreur pour {'changepoint_prior_scale': 0.01, 'seasonality_prior_scale': 1.0, 'seasonality_mode': 'multiplicative'}: Less data than horizon after initial window. Make horizon or initial shorter.
[2025-07-31T12:03:52.326+0000] {logging_mixin.py:188} INFO - Test 3/18: {'changepoint_prior_scale': 0.01, 'seasonality_prior_scale': 5.0, 'seasonality_mode': 'additive'}
[2025-07-31T12:03:52.344+0000] {filesystem.py:118} DEBUG - input tempfile: /tmp/tmpzh12c7nd/kzxym9nb.json
[2025-07-31T12:03:52.386+0000] {filesystem.py:118} DEBUG - input tempfile: /tmp/tmpzh12c7nd/dl1f4x2b.json
[2025-07-31T12:03:52.389+0000] {model.py:2042} DEBUG - idx 0
[2025-07-31T12:03:52.389+0000] {model.py:2043} DEBUG - running CmdStan, num_threads: None
[2025-07-31T12:03:52.390+0000] {model.py:2055} DEBUG - CmdStan args: ['/home/airflow/.local/lib/python3.11/site-packages/prophet/stan_model/prophet_model.bin', 'random', 'seed=62426', 'data', 'file=/tmp/tmpzh12c7nd/kzxym9nb.json', 'init=/tmp/tmpzh12c7nd/dl1f4x2b.json', 'output', 'file=/tmp/tmpzh12c7nd/prophet_modelkt4u1fcu/prophet_model-20250731120352.csv', 'method=optimize', 'algorithm=lbfgs', 'iter=10000']
[2025-07-31T12:03:52.390+0000] {logging_mixin.py:188} WARNING - 12:03:52 - cmdstanpy - INFO - Chain [1] start processing
[2025-07-31T12:03:52.390+0000] {model.py:2058} INFO - Chain [1] start processing
[2025-07-31T12:03:52.427+0000] {logging_mixin.py:188} WARNING - 12:03:52 - cmdstanpy - INFO - Chain [1] done processing
[2025-07-31T12:03:52.426+0000] {model.py:2115} INFO - Chain [1] done processing
[2025-07-31T12:03:52.431+0000] {logging_mixin.py:188} INFO - Erreur pour {'changepoint_prior_scale': 0.01, 'seasonality_prior_scale': 5.0, 'seasonality_mode': 'additive'}: Less data than horizon after initial window. Make horizon or initial shorter.
[2025-07-31T12:03:52.431+0000] {logging_mixin.py:188} INFO - Test 4/18: {'changepoint_prior_scale': 0.01, 'seasonality_prior_scale': 5.0, 'seasonality_mode': 'multiplicative'}
[2025-07-31T12:03:52.450+0000] {filesystem.py:118} DEBUG - input tempfile: /tmp/tmpzh12c7nd/r5tatux1.json
[2025-07-31T12:03:52.490+0000] {filesystem.py:118} DEBUG - input tempfile: /tmp/tmpzh12c7nd/sxs0nhjt.json
[2025-07-31T12:03:52.491+0000] {model.py:2042} DEBUG - idx 0
[2025-07-31T12:03:52.492+0000] {model.py:2043} DEBUG - running CmdStan, num_threads: None
[2025-07-31T12:03:52.493+0000] {model.py:2055} DEBUG - CmdStan args: ['/home/airflow/.local/lib/python3.11/site-packages/prophet/stan_model/prophet_model.bin', 'random', 'seed=96727', 'data', 'file=/tmp/tmpzh12c7nd/r5tatux1.json', 'init=/tmp/tmpzh12c7nd/sxs0nhjt.json', 'output', 'file=/tmp/tmpzh12c7nd/prophet_modeln32ackln/prophet_model-20250731120352.csv', 'method=optimize', 'algorithm=lbfgs', 'iter=10000']
[2025-07-31T12:03:52.494+0000] {logging_mixin.py:188} WARNING - 12:03:52 - cmdstanpy - INFO - Chain [1] start processing
[2025-07-31T12:03:52.494+0000] {model.py:2058} INFO - Chain [1] start processing
[2025-07-31T12:03:52.536+0000] {logging_mixin.py:188} WARNING - 12:03:52 - cmdstanpy - INFO - Chain [1] done processing
[2025-07-31T12:03:52.536+0000] {model.py:2115} INFO - Chain [1] done processing
[2025-07-31T12:03:52.546+0000] {logging_mixin.py:188} INFO - Erreur pour {'changepoint_prior_scale': 0.01, 'seasonality_prior_scale': 5.0, 'seasonality_mode': 'multiplicative'}: Less data than horizon after initial window. Make horizon or initial shorter.
[2025-07-31T12:03:52.547+0000] {logging_mixin.py:188} INFO - Test 5/18: {'changepoint_prior_scale': 0.01, 'seasonality_prior_scale': 10.0, 'seasonality_mode': 'additive'}
[2025-07-31T12:03:52.584+0000] {filesystem.py:118} DEBUG - input tempfile: /tmp/tmpzh12c7nd/td8ojq0k.json
[2025-07-31T12:03:52.651+0000] {filesystem.py:118} DEBUG - input tempfile: /tmp/tmpzh12c7nd/uxeu_spx.json
[2025-07-31T12:03:52.653+0000] {model.py:2042} DEBUG - idx 0
[2025-07-31T12:03:52.654+0000] {model.py:2043} DEBUG - running CmdStan, num_threads: None
[2025-07-31T12:03:52.655+0000] {model.py:2055} DEBUG - CmdStan args: ['/home/airflow/.local/lib/python3.11/site-packages/prophet/stan_model/prophet_model.bin', 'random', 'seed=72402', 'data', 'file=/tmp/tmpzh12c7nd/td8ojq0k.json', 'init=/tmp/tmpzh12c7nd/uxeu_spx.json', 'output', 'file=/tmp/tmpzh12c7nd/prophet_model3is19axl/prophet_model-20250731120352.csv', 'method=optimize', 'algorithm=lbfgs', 'iter=10000']
[2025-07-31T12:03:52.656+0000] {logging_mixin.py:188} WARNING - 12:03:52 - cmdstanpy - INFO - Chain [1] start processing
[2025-07-31T12:03:52.656+0000] {model.py:2058} INFO - Chain [1] start processing
[2025-07-31T12:03:52.699+0000] {logging_mixin.py:188} WARNING - 12:03:52 - cmdstanpy - INFO - Chain [1] done processing
[2025-07-31T12:03:52.699+0000] {model.py:2115} INFO - Chain [1] done processing
[2025-07-31T12:03:52.704+0000] {logging_mixin.py:188} INFO - Erreur pour {'changepoint_prior_scale': 0.01, 'seasonality_prior_scale': 10.0, 'seasonality_mode': 'additive'}: Less data than horizon after initial window. Make horizon or initial shorter.
[2025-07-31T12:03:52.704+0000] {logging_mixin.py:188} INFO - Test 6/18: {'changepoint_prior_scale': 0.01, 'seasonality_prior_scale': 10.0, 'seasonality_mode': 'multiplicative'}
[2025-07-31T12:03:52.725+0000] {filesystem.py:118} DEBUG - input tempfile: /tmp/tmpzh12c7nd/hy3vjur2.json
[2025-07-31T12:03:52.770+0000] {filesystem.py:118} DEBUG - input tempfile: /tmp/tmpzh12c7nd/9vmoytir.json
[2025-07-31T12:03:52.771+0000] {model.py:2042} DEBUG - idx 0
[2025-07-31T12:03:52.772+0000] {model.py:2043} DEBUG - running CmdStan, num_threads: None
[2025-07-31T12:03:52.772+0000] {model.py:2055} DEBUG - CmdStan args: ['/home/airflow/.local/lib/python3.11/site-packages/prophet/stan_model/prophet_model.bin', 'random', 'seed=29731', 'data', 'file=/tmp/tmpzh12c7nd/hy3vjur2.json', 'init=/tmp/tmpzh12c7nd/9vmoytir.json', 'output', 'file=/tmp/tmpzh12c7nd/prophet_model1pwzjum9/prophet_model-20250731120352.csv', 'method=optimize', 'algorithm=lbfgs', 'iter=10000']
[2025-07-31T12:03:52.773+0000] {logging_mixin.py:188} WARNING - 12:03:52 - cmdstanpy - INFO - Chain [1] start processing
[2025-07-31T12:03:52.773+0000] {model.py:2058} INFO - Chain [1] start processing
[2025-07-31T12:03:52.810+0000] {logging_mixin.py:188} WARNING - 12:03:52 - cmdstanpy - INFO - Chain [1] done processing
[2025-07-31T12:03:52.809+0000] {model.py:2115} INFO - Chain [1] done processing
[2025-07-31T12:03:52.814+0000] {logging_mixin.py:188} INFO - Erreur pour {'changepoint_prior_scale': 0.01, 'seasonality_prior_scale': 10.0, 'seasonality_mode': 'multiplicative'}: Less data than horizon after initial window. Make horizon or initial shorter.
[2025-07-31T12:03:52.815+0000] {logging_mixin.py:188} INFO - Test 7/18: {'changepoint_prior_scale': 0.05, 'seasonality_prior_scale': 1.0, 'seasonality_mode': 'additive'}
[2025-07-31T12:03:52.836+0000] {filesystem.py:118} DEBUG - input tempfile: /tmp/tmpzh12c7nd/mi7aqbn9.json
[2025-07-31T12:03:52.878+0000] {filesystem.py:118} DEBUG - input tempfile: /tmp/tmpzh12c7nd/ig3yxnoa.json
[2025-07-31T12:03:52.880+0000] {model.py:2042} DEBUG - idx 0
[2025-07-31T12:03:52.881+0000] {model.py:2043} DEBUG - running CmdStan, num_threads: None
[2025-07-31T12:03:52.881+0000] {model.py:2055} DEBUG - CmdStan args: ['/home/airflow/.local/lib/python3.11/site-packages/prophet/stan_model/prophet_model.bin', 'random', 'seed=57859', 'data', 'file=/tmp/tmpzh12c7nd/mi7aqbn9.json', 'init=/tmp/tmpzh12c7nd/ig3yxnoa.json', 'output', 'file=/tmp/tmpzh12c7nd/prophet_modelcf4tmprz/prophet_model-20250731120352.csv', 'method=optimize', 'algorithm=lbfgs', 'iter=10000']
[2025-07-31T12:03:52.882+0000] {logging_mixin.py:188} WARNING - 12:03:52 - cmdstanpy - INFO - Chain [1] start processing
[2025-07-31T12:03:52.882+0000] {model.py:2058} INFO - Chain [1] start processing
[2025-07-31T12:03:52.915+0000] {logging_mixin.py:188} WARNING - 12:03:52 - cmdstanpy - INFO - Chain [1] done processing
[2025-07-31T12:03:52.915+0000] {model.py:2115} INFO - Chain [1] done processing
[2025-07-31T12:03:52.922+0000] {logging_mixin.py:188} INFO - Erreur pour {'changepoint_prior_scale': 0.05, 'seasonality_prior_scale': 1.0, 'seasonality_mode': 'additive'}: Less data than horizon after initial window. Make horizon or initial shorter.
[2025-07-31T12:03:52.923+0000] {logging_mixin.py:188} INFO - Test 8/18: {'changepoint_prior_scale': 0.05, 'seasonality_prior_scale': 1.0, 'seasonality_mode': 'multiplicative'}
[2025-07-31T12:03:52.958+0000] {filesystem.py:118} DEBUG - input tempfile: /tmp/tmpzh12c7nd/e_izlfai.json
[2025-07-31T12:03:53.013+0000] {filesystem.py:118} DEBUG - input tempfile: /tmp/tmpzh12c7nd/lxtsl5yk.json
[2025-07-31T12:03:53.015+0000] {model.py:2042} DEBUG - idx 0
[2025-07-31T12:03:53.016+0000] {model.py:2043} DEBUG - running CmdStan, num_threads: None
[2025-07-31T12:03:53.017+0000] {model.py:2055} DEBUG - CmdStan args: ['/home/airflow/.local/lib/python3.11/site-packages/prophet/stan_model/prophet_model.bin', 'random', 'seed=86810', 'data', 'file=/tmp/tmpzh12c7nd/e_izlfai.json', 'init=/tmp/tmpzh12c7nd/lxtsl5yk.json', 'output', 'file=/tmp/tmpzh12c7nd/prophet_modelnn_02o8c/prophet_model-20250731120353.csv', 'method=optimize', 'algorithm=lbfgs', 'iter=10000']
[2025-07-31T12:03:53.017+0000] {logging_mixin.py:188} WARNING - 12:03:53 - cmdstanpy - INFO - Chain [1] start processing
[2025-07-31T12:03:53.017+0000] {model.py:2058} INFO - Chain [1] start processing
[2025-07-31T12:03:53.055+0000] {logging_mixin.py:188} WARNING - 12:03:53 - cmdstanpy - INFO - Chain [1] done processing
[2025-07-31T12:03:53.055+0000] {model.py:2115} INFO - Chain [1] done processing
[2025-07-31T12:03:53.060+0000] {logging_mixin.py:188} INFO - Erreur pour {'changepoint_prior_scale': 0.05, 'seasonality_prior_scale': 1.0, 'seasonality_mode': 'multiplicative'}: Less data than horizon after initial window. Make horizon or initial shorter.
[2025-07-31T12:03:53.060+0000] {logging_mixin.py:188} INFO - Test 9/18: {'changepoint_prior_scale': 0.05, 'seasonality_prior_scale': 5.0, 'seasonality_mode': 'additive'}
[2025-07-31T12:03:53.076+0000] {filesystem.py:118} DEBUG - input tempfile: /tmp/tmpzh12c7nd/ogvkl68p.json
[2025-07-31T12:03:53.113+0000] {filesystem.py:118} DEBUG - input tempfile: /tmp/tmpzh12c7nd/3ldyapjl.json
[2025-07-31T12:03:53.115+0000] {model.py:2042} DEBUG - idx 0
[2025-07-31T12:03:53.116+0000] {model.py:2043} DEBUG - running CmdStan, num_threads: None
[2025-07-31T12:03:53.117+0000] {model.py:2055} DEBUG - CmdStan args: ['/home/airflow/.local/lib/python3.11/site-packages/prophet/stan_model/prophet_model.bin', 'random', 'seed=17933', 'data', 'file=/tmp/tmpzh12c7nd/ogvkl68p.json', 'init=/tmp/tmpzh12c7nd/3ldyapjl.json', 'output', 'file=/tmp/tmpzh12c7nd/prophet_modeld9fjd75a/prophet_model-20250731120353.csv', 'method=optimize', 'algorithm=lbfgs', 'iter=10000']
[2025-07-31T12:03:53.117+0000] {logging_mixin.py:188} WARNING - 12:03:53 - cmdstanpy - INFO - Chain [1] start processing
[2025-07-31T12:03:53.117+0000] {model.py:2058} INFO - Chain [1] start processing
[2025-07-31T12:03:53.154+0000] {logging_mixin.py:188} WARNING - 12:03:53 - cmdstanpy - INFO - Chain [1] done processing
[2025-07-31T12:03:53.154+0000] {model.py:2115} INFO - Chain [1] done processing
[2025-07-31T12:03:53.161+0000] {logging_mixin.py:188} INFO - Erreur pour {'changepoint_prior_scale': 0.05, 'seasonality_prior_scale': 5.0, 'seasonality_mode': 'additive'}: Less data than horizon after initial window. Make horizon or initial shorter.
[2025-07-31T12:03:53.162+0000] {logging_mixin.py:188} INFO - Test 10/18: {'changepoint_prior_scale': 0.05, 'seasonality_prior_scale': 5.0, 'seasonality_mode': 'multiplicative'}
[2025-07-31T12:03:53.195+0000] {filesystem.py:118} DEBUG - input tempfile: /tmp/tmpzh12c7nd/pdf5fp81.json
[2025-07-31T12:03:53.235+0000] {filesystem.py:118} DEBUG - input tempfile: /tmp/tmpzh12c7nd/vsgpq0mo.json
[2025-07-31T12:03:53.237+0000] {model.py:2042} DEBUG - idx 0
[2025-07-31T12:03:53.238+0000] {model.py:2043} DEBUG - running CmdStan, num_threads: None
[2025-07-31T12:03:53.238+0000] {model.py:2055} DEBUG - CmdStan args: ['/home/airflow/.local/lib/python3.11/site-packages/prophet/stan_model/prophet_model.bin', 'random', 'seed=76382', 'data', 'file=/tmp/tmpzh12c7nd/pdf5fp81.json', 'init=/tmp/tmpzh12c7nd/vsgpq0mo.json', 'output', 'file=/tmp/tmpzh12c7nd/prophet_modelq3b_5_48/prophet_model-20250731120353.csv', 'method=optimize', 'algorithm=lbfgs', 'iter=10000']
[2025-07-31T12:03:53.239+0000] {logging_mixin.py:188} WARNING - 12:03:53 - cmdstanpy - INFO - Chain [1] start processing
[2025-07-31T12:03:53.239+0000] {model.py:2058} INFO - Chain [1] start processing
[2025-07-31T12:03:53.279+0000] {logging_mixin.py:188} WARNING - 12:03:53 - cmdstanpy - INFO - Chain [1] done processing
[2025-07-31T12:03:53.279+0000] {model.py:2115} INFO - Chain [1] done processing
[2025-07-31T12:03:53.283+0000] {logging_mixin.py:188} INFO - Erreur pour {'changepoint_prior_scale': 0.05, 'seasonality_prior_scale': 5.0, 'seasonality_mode': 'multiplicative'}: Less data than horizon after initial window. Make horizon or initial shorter.
[2025-07-31T12:03:53.284+0000] {logging_mixin.py:188} INFO - Test 11/18: {'changepoint_prior_scale': 0.05, 'seasonality_prior_scale': 10.0, 'seasonality_mode': 'additive'}
[2025-07-31T12:03:53.305+0000] {filesystem.py:118} DEBUG - input tempfile: /tmp/tmpzh12c7nd/1do9vy8b.json
[2025-07-31T12:03:53.341+0000] {filesystem.py:118} DEBUG - input tempfile: /tmp/tmpzh12c7nd/iigyhbhw.json
[2025-07-31T12:03:53.343+0000] {model.py:2042} DEBUG - idx 0
[2025-07-31T12:03:53.343+0000] {model.py:2043} DEBUG - running CmdStan, num_threads: None
[2025-07-31T12:03:53.344+0000] {model.py:2055} DEBUG - CmdStan args: ['/home/airflow/.local/lib/python3.11/site-packages/prophet/stan_model/prophet_model.bin', 'random', 'seed=61244', 'data', 'file=/tmp/tmpzh12c7nd/1do9vy8b.json', 'init=/tmp/tmpzh12c7nd/iigyhbhw.json', 'output', 'file=/tmp/tmpzh12c7nd/prophet_model0htrobh1/prophet_model-20250731120353.csv', 'method=optimize', 'algorithm=lbfgs', 'iter=10000']
[2025-07-31T12:03:53.345+0000] {logging_mixin.py:188} WARNING - 12:03:53 - cmdstanpy - INFO - Chain [1] start processing
[2025-07-31T12:03:53.345+0000] {model.py:2058} INFO - Chain [1] start processing
[2025-07-31T12:03:53.398+0000] {logging_mixin.py:188} WARNING - 12:03:53 - cmdstanpy - INFO - Chain [1] done processing
[2025-07-31T12:03:53.398+0000] {model.py:2115} INFO - Chain [1] done processing
[2025-07-31T12:03:53.405+0000] {logging_mixin.py:188} INFO - Erreur pour {'changepoint_prior_scale': 0.05, 'seasonality_prior_scale': 10.0, 'seasonality_mode': 'additive'}: Less data than horizon after initial window. Make horizon or initial shorter.
[2025-07-31T12:03:53.406+0000] {logging_mixin.py:188} INFO - Test 12/18: {'changepoint_prior_scale': 0.05, 'seasonality_prior_scale': 10.0, 'seasonality_mode': 'multiplicative'}
[2025-07-31T12:03:53.441+0000] {filesystem.py:118} DEBUG - input tempfile: /tmp/tmpzh12c7nd/uyc4a4p4.json
[2025-07-31T12:03:53.499+0000] {filesystem.py:118} DEBUG - input tempfile: /tmp/tmpzh12c7nd/2xolatpq.json
[2025-07-31T12:03:53.500+0000] {model.py:2042} DEBUG - idx 0
[2025-07-31T12:03:53.501+0000] {model.py:2043} DEBUG - running CmdStan, num_threads: None
[2025-07-31T12:03:53.502+0000] {model.py:2055} DEBUG - CmdStan args: ['/home/airflow/.local/lib/python3.11/site-packages/prophet/stan_model/prophet_model.bin', 'random', 'seed=66939', 'data', 'file=/tmp/tmpzh12c7nd/uyc4a4p4.json', 'init=/tmp/tmpzh12c7nd/2xolatpq.json', 'output', 'file=/tmp/tmpzh12c7nd/prophet_model_3n4003s/prophet_model-20250731120353.csv', 'method=optimize', 'algorithm=lbfgs', 'iter=10000']
[2025-07-31T12:03:53.502+0000] {logging_mixin.py:188} WARNING - 12:03:53 - cmdstanpy - INFO - Chain [1] start processing
[2025-07-31T12:03:53.502+0000] {model.py:2058} INFO - Chain [1] start processing
[2025-07-31T12:03:53.563+0000] {logging_mixin.py:188} WARNING - 12:03:53 - cmdstanpy - INFO - Chain [1] done processing
[2025-07-31T12:03:53.563+0000] {model.py:2115} INFO - Chain [1] done processing
[2025-07-31T12:03:53.567+0000] {logging_mixin.py:188} INFO - Erreur pour {'changepoint_prior_scale': 0.05, 'seasonality_prior_scale': 10.0, 'seasonality_mode': 'multiplicative'}: Less data than horizon after initial window. Make horizon or initial shorter.
[2025-07-31T12:03:53.568+0000] {logging_mixin.py:188} INFO - Test 13/18: {'changepoint_prior_scale': 0.1, 'seasonality_prior_scale': 1.0, 'seasonality_mode': 'additive'}
[2025-07-31T12:03:53.593+0000] {filesystem.py:118} DEBUG - input tempfile: /tmp/tmpzh12c7nd/2psdfkng.json
[2025-07-31T12:03:53.643+0000] {filesystem.py:118} DEBUG - input tempfile: /tmp/tmpzh12c7nd/rpzsxdpi.json
[2025-07-31T12:03:53.645+0000] {model.py:2042} DEBUG - idx 0
[2025-07-31T12:03:53.646+0000] {model.py:2043} DEBUG - running CmdStan, num_threads: None
[2025-07-31T12:03:53.646+0000] {model.py:2055} DEBUG - CmdStan args: ['/home/airflow/.local/lib/python3.11/site-packages/prophet/stan_model/prophet_model.bin', 'random', 'seed=81134', 'data', 'file=/tmp/tmpzh12c7nd/2psdfkng.json', 'init=/tmp/tmpzh12c7nd/rpzsxdpi.json', 'output', 'file=/tmp/tmpzh12c7nd/prophet_modelwkzvkqu2/prophet_model-20250731120353.csv', 'method=optimize', 'algorithm=lbfgs', 'iter=10000']
[2025-07-31T12:03:53.647+0000] {logging_mixin.py:188} WARNING - 12:03:53 - cmdstanpy - INFO - Chain [1] start processing
[2025-07-31T12:03:53.647+0000] {model.py:2058} INFO - Chain [1] start processing
[2025-07-31T12:03:53.684+0000] {logging_mixin.py:188} WARNING - 12:03:53 - cmdstanpy - INFO - Chain [1] done processing
[2025-07-31T12:03:53.683+0000] {model.py:2115} INFO - Chain [1] done processing
[2025-07-31T12:03:53.688+0000] {logging_mixin.py:188} INFO - Erreur pour {'changepoint_prior_scale': 0.1, 'seasonality_prior_scale': 1.0, 'seasonality_mode': 'additive'}: Less data than horizon after initial window. Make horizon or initial shorter.
[2025-07-31T12:03:53.688+0000] {logging_mixin.py:188} INFO - Test 14/18: {'changepoint_prior_scale': 0.1, 'seasonality_prior_scale': 1.0, 'seasonality_mode': 'multiplicative'}
[2025-07-31T12:03:53.706+0000] {filesystem.py:118} DEBUG - input tempfile: /tmp/tmpzh12c7nd/baypu16v.json
[2025-07-31T12:03:53.743+0000] {filesystem.py:118} DEBUG - input tempfile: /tmp/tmpzh12c7nd/1_e4tlfx.json
[2025-07-31T12:03:53.745+0000] {model.py:2042} DEBUG - idx 0
[2025-07-31T12:03:53.746+0000] {model.py:2043} DEBUG - running CmdStan, num_threads: None
[2025-07-31T12:03:53.746+0000] {model.py:2055} DEBUG - CmdStan args: ['/home/airflow/.local/lib/python3.11/site-packages/prophet/stan_model/prophet_model.bin', 'random', 'seed=42451', 'data', 'file=/tmp/tmpzh12c7nd/baypu16v.json', 'init=/tmp/tmpzh12c7nd/1_e4tlfx.json', 'output', 'file=/tmp/tmpzh12c7nd/prophet_modelac_pkku6/prophet_model-20250731120353.csv', 'method=optimize', 'algorithm=lbfgs', 'iter=10000']
[2025-07-31T12:03:53.747+0000] {logging_mixin.py:188} WARNING - 12:03:53 - cmdstanpy - INFO - Chain [1] start processing
[2025-07-31T12:03:53.747+0000] {model.py:2058} INFO - Chain [1] start processing
[2025-07-31T12:03:53.852+0000] {logging_mixin.py:188} WARNING - 12:03:53 - cmdstanpy - INFO - Chain [1] done processing
[2025-07-31T12:03:53.852+0000] {model.py:2115} INFO - Chain [1] done processing
[2025-07-31T12:03:53.856+0000] {logging_mixin.py:188} INFO - Erreur pour {'changepoint_prior_scale': 0.1, 'seasonality_prior_scale': 1.0, 'seasonality_mode': 'multiplicative'}: Less data than horizon after initial window. Make horizon or initial shorter.
[2025-07-31T12:03:53.856+0000] {logging_mixin.py:188} INFO - Test 15/18: {'changepoint_prior_scale': 0.1, 'seasonality_prior_scale': 5.0, 'seasonality_mode': 'additive'}
[2025-07-31T12:03:53.872+0000] {filesystem.py:118} DEBUG - input tempfile: /tmp/tmpzh12c7nd/oqg4y4yj.json
[2025-07-31T12:03:53.906+0000] {filesystem.py:118} DEBUG - input tempfile: /tmp/tmpzh12c7nd/awgcb5gx.json
[2025-07-31T12:03:53.908+0000] {model.py:2042} DEBUG - idx 0
[2025-07-31T12:03:53.909+0000] {model.py:2043} DEBUG - running CmdStan, num_threads: None
[2025-07-31T12:03:53.910+0000] {model.py:2055} DEBUG - CmdStan args: ['/home/airflow/.local/lib/python3.11/site-packages/prophet/stan_model/prophet_model.bin', 'random', 'seed=86484', 'data', 'file=/tmp/tmpzh12c7nd/oqg4y4yj.json', 'init=/tmp/tmpzh12c7nd/awgcb5gx.json', 'output', 'file=/tmp/tmpzh12c7nd/prophet_modell2me9at9/prophet_model-20250731120353.csv', 'method=optimize', 'algorithm=lbfgs', 'iter=10000']
[2025-07-31T12:03:53.910+0000] {logging_mixin.py:188} WARNING - 12:03:53 - cmdstanpy - INFO - Chain [1] start processing
[2025-07-31T12:03:53.910+0000] {model.py:2058} INFO - Chain [1] start processing
[2025-07-31T12:03:53.947+0000] {logging_mixin.py:188} WARNING - 12:03:53 - cmdstanpy - INFO - Chain [1] done processing
[2025-07-31T12:03:53.946+0000] {model.py:2115} INFO - Chain [1] done processing
[2025-07-31T12:03:53.951+0000] {logging_mixin.py:188} INFO - Erreur pour {'changepoint_prior_scale': 0.1, 'seasonality_prior_scale': 5.0, 'seasonality_mode': 'additive'}: Less data than horizon after initial window. Make horizon or initial shorter.
[2025-07-31T12:03:53.951+0000] {logging_mixin.py:188} INFO - Test 16/18: {'changepoint_prior_scale': 0.1, 'seasonality_prior_scale': 5.0, 'seasonality_mode': 'multiplicative'}
[2025-07-31T12:03:53.971+0000] {filesystem.py:118} DEBUG - input tempfile: /tmp/tmpzh12c7nd/28py02gx.json
[2025-07-31T12:03:54.011+0000] {filesystem.py:118} DEBUG - input tempfile: /tmp/tmpzh12c7nd/hlp0xpaz.json
[2025-07-31T12:03:54.013+0000] {model.py:2042} DEBUG - idx 0
[2025-07-31T12:03:54.014+0000] {model.py:2043} DEBUG - running CmdStan, num_threads: None
[2025-07-31T12:03:54.014+0000] {model.py:2055} DEBUG - CmdStan args: ['/home/airflow/.local/lib/python3.11/site-packages/prophet/stan_model/prophet_model.bin', 'random', 'seed=79284', 'data', 'file=/tmp/tmpzh12c7nd/28py02gx.json', 'init=/tmp/tmpzh12c7nd/hlp0xpaz.json', 'output', 'file=/tmp/tmpzh12c7nd/prophet_modeltosy29u8/prophet_model-20250731120354.csv', 'method=optimize', 'algorithm=lbfgs', 'iter=10000']
[2025-07-31T12:03:54.015+0000] {logging_mixin.py:188} WARNING - 12:03:54 - cmdstanpy - INFO - Chain [1] start processing
[2025-07-31T12:03:54.015+0000] {model.py:2058} INFO - Chain [1] start processing
[2025-07-31T12:03:54.081+0000] {logging_mixin.py:188} WARNING - 12:03:54 - cmdstanpy - INFO - Chain [1] done processing
[2025-07-31T12:03:54.081+0000] {model.py:2115} INFO - Chain [1] done processing
[2025-07-31T12:03:54.085+0000] {logging_mixin.py:188} INFO - Erreur pour {'changepoint_prior_scale': 0.1, 'seasonality_prior_scale': 5.0, 'seasonality_mode': 'multiplicative'}: Less data than horizon after initial window. Make horizon or initial shorter.
[2025-07-31T12:03:54.086+0000] {logging_mixin.py:188} INFO - Test 17/18: {'changepoint_prior_scale': 0.1, 'seasonality_prior_scale': 10.0, 'seasonality_mode': 'additive'}
[2025-07-31T12:03:54.102+0000] {filesystem.py:118} DEBUG - input tempfile: /tmp/tmpzh12c7nd/q685nbos.json
[2025-07-31T12:03:54.151+0000] {filesystem.py:118} DEBUG - input tempfile: /tmp/tmpzh12c7nd/01191y1_.json
[2025-07-31T12:03:54.153+0000] {model.py:2042} DEBUG - idx 0
[2025-07-31T12:03:54.153+0000] {model.py:2043} DEBUG - running CmdStan, num_threads: None
[2025-07-31T12:03:54.154+0000] {model.py:2055} DEBUG - CmdStan args: ['/home/airflow/.local/lib/python3.11/site-packages/prophet/stan_model/prophet_model.bin', 'random', 'seed=90346', 'data', 'file=/tmp/tmpzh12c7nd/q685nbos.json', 'init=/tmp/tmpzh12c7nd/01191y1_.json', 'output', 'file=/tmp/tmpzh12c7nd/prophet_modelvss4xouc/prophet_model-20250731120354.csv', 'method=optimize', 'algorithm=lbfgs', 'iter=10000']
[2025-07-31T12:03:54.154+0000] {logging_mixin.py:188} WARNING - 12:03:54 - cmdstanpy - INFO - Chain [1] start processing
[2025-07-31T12:03:54.154+0000] {model.py:2058} INFO - Chain [1] start processing
[2025-07-31T12:03:54.192+0000] {logging_mixin.py:188} WARNING - 12:03:54 - cmdstanpy - INFO - Chain [1] done processing
[2025-07-31T12:03:54.192+0000] {model.py:2115} INFO - Chain [1] done processing
[2025-07-31T12:03:54.197+0000] {logging_mixin.py:188} INFO - Erreur pour {'changepoint_prior_scale': 0.1, 'seasonality_prior_scale': 10.0, 'seasonality_mode': 'additive'}: Less data than horizon after initial window. Make horizon or initial shorter.
[2025-07-31T12:03:54.198+0000] {logging_mixin.py:188} INFO - Test 18/18: {'changepoint_prior_scale': 0.1, 'seasonality_prior_scale': 10.0, 'seasonality_mode': 'multiplicative'}
[2025-07-31T12:03:54.220+0000] {filesystem.py:118} DEBUG - input tempfile: /tmp/tmpzh12c7nd/ogwccki9.json
[2025-07-31T12:03:54.280+0000] {filesystem.py:118} DEBUG - input tempfile: /tmp/tmpzh12c7nd/83fxso7z.json
[2025-07-31T12:03:54.282+0000] {model.py:2042} DEBUG - idx 0
[2025-07-31T12:03:54.283+0000] {model.py:2043} DEBUG - running CmdStan, num_threads: None
[2025-07-31T12:03:54.283+0000] {model.py:2055} DEBUG - CmdStan args: ['/home/airflow/.local/lib/python3.11/site-packages/prophet/stan_model/prophet_model.bin', 'random', 'seed=65992', 'data', 'file=/tmp/tmpzh12c7nd/ogwccki9.json', 'init=/tmp/tmpzh12c7nd/83fxso7z.json', 'output', 'file=/tmp/tmpzh12c7nd/prophet_model30041fh7/prophet_model-20250731120354.csv', 'method=optimize', 'algorithm=lbfgs', 'iter=10000']
[2025-07-31T12:03:54.284+0000] {logging_mixin.py:188} WARNING - 12:03:54 - cmdstanpy - INFO - Chain [1] start processing
[2025-07-31T12:03:54.284+0000] {model.py:2058} INFO - Chain [1] start processing
[2025-07-31T12:03:54.355+0000] {logging_mixin.py:188} WARNING - 12:03:54 - cmdstanpy - INFO - Chain [1] done processing
[2025-07-31T12:03:54.355+0000] {model.py:2115} INFO - Chain [1] done processing
[2025-07-31T12:03:54.359+0000] {logging_mixin.py:188} INFO - Erreur pour {'changepoint_prior_scale': 0.1, 'seasonality_prior_scale': 10.0, 'seasonality_mode': 'multiplicative'}: Less data than horizon after initial window. Make horizon or initial shorter.
[2025-07-31T12:03:54.360+0000] {taskinstance.py:441} INFO - ::group::Post task execution logs
[2025-07-31T12:03:54.361+0000] {taskinstance.py:2905} ERROR - Task failed with exception
Traceback (most recent call last):
  File "/home/airflow/.local/lib/python3.11/site-packages/airflow/models/taskinstance.py", line 465, in _execute_task
    result = _execute_callable(context=context, **execute_callable_kwargs)
             ^^^^^^^^^^^^^^^^^^^^^^^^^^^^^^^^^^^^^^^^^^^^^^^^^^^^^^^^^^^^^
  File "/home/airflow/.local/lib/python3.11/site-packages/airflow/models/taskinstance.py", line 432, in _execute_callable
    return execute_callable(context=context, **execute_callable_kwargs)
           ^^^^^^^^^^^^^^^^^^^^^^^^^^^^^^^^^^^^^^^^^^^^^^^^^^^^^^^^^^^^
  File "/home/airflow/.local/lib/python3.11/site-packages/airflow/models/baseoperator.py", line 401, in wrapper
    return func(self, *args, **kwargs)
           ^^^^^^^^^^^^^^^^^^^^^^^^^^^
  File "/home/airflow/.local/lib/python3.11/site-packages/airflow/operators/python.py", line 235, in execute
    return_value = self.execute_callable()
                   ^^^^^^^^^^^^^^^^^^^^^^^
  File "/home/airflow/.local/lib/python3.11/site-packages/airflow/operators/python.py", line 252, in execute_callable
    return self.python_callable(*self.op_args, **self.op_kwargs)
           ^^^^^^^^^^^^^^^^^^^^^^^^^^^^^^^^^^^^^^^^^^^^^^^^^^^^^
  File "/opt/airflow/dags/scripts/train_prophet.py", line 92, in train_prophet
    best_model_temp, scores_temp = optimize_prophet_model(temp_df)
                                   ^^^^^^^^^^^^^^^^^^^^^^^^^^^^^^^
  File "/opt/airflow/dags/scripts/train_prophet.py", line 44, in optimize_prophet_model
    best = min(results, key=lambda x: x[1])
           ^^^^^^^^^^^^^^^^^^^^^^^^^^^^^^^^
ValueError: min() arg is an empty sequence
[2025-07-31T12:03:54.391+0000] {taskinstance.py:1206} INFO - Marking task as FAILED. dag_id=solar_ai_pipeline_2, task_id=train_prophet, run_id=scheduled__2023-07-13T00:00:00+00:00, execution_date=20230713T000000, start_date=20250731T120349, end_date=20250731T120354
[2025-07-31T12:03:54.480+0000] {standard_task_runner.py:110} ERROR - Failed to execute job 2936 for task train_prophet (min() arg is an empty sequence; 4599)
[2025-07-31T12:03:54.525+0000] {local_task_job_runner.py:240} INFO - Task exited with return code 1
[2025-07-31T12:03:54.583+0000] {taskinstance.py:3503} INFO - 0 downstream tasks scheduled from follow-on schedule check
[2025-07-31T12:03:54.644+0000] {local_task_job_runner.py:222} INFO - ::endgroup::
