[2025-07-29T15:28:54.589+0000] {local_task_job_runner.py:120} INFO - ::group::Pre task execution logs
[2025-07-29T15:28:54.652+0000] {taskinstance.py:2076} INFO - Dependencies all met for dep_context=non-requeueable deps ti=<TaskInstance: solar_ai_pipeline_2.fetch_data scheduled__2023-01-24T00:00:00+00:00 [queued]>
[2025-07-29T15:28:54.672+0000] {taskinstance.py:2076} INFO - Dependencies all met for dep_context=requeueable deps ti=<TaskInstance: solar_ai_pipeline_2.fetch_data scheduled__2023-01-24T00:00:00+00:00 [queued]>
[2025-07-29T15:28:54.673+0000] {taskinstance.py:2306} INFO - Starting attempt 1 of 2
[2025-07-29T15:28:54.787+0000] {taskinstance.py:2330} INFO - Executing <Task(PythonOperator): fetch_data> on 2023-01-24 00:00:00+00:00
[2025-07-29T15:28:54.798+0000] {standard_task_runner.py:63} INFO - Started process 1653 to run task
[2025-07-29T15:28:54.809+0000] {standard_task_runner.py:90} INFO - Running: ['airflow', 'tasks', 'run', 'solar_ai_pipeline_2', 'fetch_data', 'scheduled__2023-01-24T00:00:00+00:00', '--job-id', '1365', '--raw', '--subdir', 'DAGS_FOLDER/prophet_pipeline.py', '--cfg-path', '/tmp/tmpg5th69zr']
[2025-07-29T15:28:54.816+0000] {standard_task_runner.py:91} INFO - Job 1365: Subtask fetch_data
[2025-07-29T15:28:55.150+0000] {task_command.py:426} INFO - Running <TaskInstance: solar_ai_pipeline_2.fetch_data scheduled__2023-01-24T00:00:00+00:00 [running]> on host 4c586ddbbbe9
[2025-07-29T15:28:55.493+0000] {taskinstance.py:2648} INFO - Exporting env vars: AIRFLOW_CTX_DAG_OWNER='ensam' AIRFLOW_CTX_DAG_ID='solar_ai_pipeline_2' AIRFLOW_CTX_TASK_ID='fetch_data' AIRFLOW_CTX_EXECUTION_DATE='2023-01-24T00:00:00+00:00' AIRFLOW_CTX_TRY_NUMBER='1' AIRFLOW_CTX_DAG_RUN_ID='scheduled__2023-01-24T00:00:00+00:00'
[2025-07-29T15:28:55.494+0000] {taskinstance.py:430} INFO - ::endgroup::
[2025-07-29T15:29:06.683+0000] {logging_mixin.py:188} INFO - Données simulées pour 2023-01-24 sauvegardées dans dags/data/processed/simulated_solar_heating_2023-01-24.csv
[2025-07-29T15:29:06.686+0000] {logging_mixin.py:188} INFO - count     24.000000
mean     119.838733
std      178.147262
min        0.000000
25%        0.000000
50%        0.000000
75%      234.150375
max      465.178800
Name: solar_irradiance, dtype: float64
[2025-07-29T15:29:06.687+0000] {logging_mixin.py:188} INFO - 2023-01-24 00:00:00+01:00 → Altitude: -63.16
[2025-07-29T15:29:06.688+0000] {logging_mixin.py:188} INFO - NASA GHI response keys: ['2023012400', '2023012401', '2023012402', '2023012403', '2023012404', '2023012405', '2023012406', '2023012407', '2023012408', '2023012409', '2023012410', '2023012411', '2023012412', '2023012413', '2023012414', '2023012415', '2023012416', '2023012417', '2023012418', '2023012419', '2023012420', '2023012421', '2023012422', '2023012423']
[2025-07-29T15:29:06.688+0000] {logging_mixin.py:188} INFO - 2023-01-24 01:00:00+01:00 → Altitude: -72.92
[2025-07-29T15:29:06.689+0000] {logging_mixin.py:188} INFO - NASA GHI response keys: ['2023012400', '2023012401', '2023012402', '2023012403', '2023012404', '2023012405', '2023012406', '2023012407', '2023012408', '2023012409', '2023012410', '2023012411', '2023012412', '2023012413', '2023012414', '2023012415', '2023012416', '2023012417', '2023012418', '2023012419', '2023012420', '2023012421', '2023012422', '2023012423']
[2025-07-29T15:29:06.690+0000] {logging_mixin.py:188} INFO - 2023-01-24 02:00:00+01:00 → Altitude: -75.20
[2025-07-29T15:29:06.690+0000] {logging_mixin.py:188} INFO - NASA GHI response keys: ['2023012400', '2023012401', '2023012402', '2023012403', '2023012404', '2023012405', '2023012406', '2023012407', '2023012408', '2023012409', '2023012410', '2023012411', '2023012412', '2023012413', '2023012414', '2023012415', '2023012416', '2023012417', '2023012418', '2023012419', '2023012420', '2023012421', '2023012422', '2023012423']
[2025-07-29T15:29:06.691+0000] {logging_mixin.py:188} INFO - 2023-01-24 03:00:00+01:00 → Altitude: -67.57
[2025-07-29T15:29:06.692+0000] {logging_mixin.py:188} INFO - NASA GHI response keys: ['2023012400', '2023012401', '2023012402', '2023012403', '2023012404', '2023012405', '2023012406', '2023012407', '2023012408', '2023012409', '2023012410', '2023012411', '2023012412', '2023012413', '2023012414', '2023012415', '2023012416', '2023012417', '2023012418', '2023012419', '2023012420', '2023012421', '2023012422', '2023012423']
[2025-07-29T15:29:06.693+0000] {logging_mixin.py:188} INFO - 2023-01-24 04:00:00+01:00 → Altitude: -56.23
[2025-07-29T15:29:06.693+0000] {logging_mixin.py:188} INFO - NASA GHI response keys: ['2023012400', '2023012401', '2023012402', '2023012403', '2023012404', '2023012405', '2023012406', '2023012407', '2023012408', '2023012409', '2023012410', '2023012411', '2023012412', '2023012413', '2023012414', '2023012415', '2023012416', '2023012417', '2023012418', '2023012419', '2023012420', '2023012421', '2023012422', '2023012423']
[2025-07-29T15:29:06.694+0000] {logging_mixin.py:188} INFO - 2023-01-24 05:00:00+01:00 → Altitude: -43.95
[2025-07-29T15:29:06.694+0000] {logging_mixin.py:188} INFO - NASA GHI response keys: ['2023012400', '2023012401', '2023012402', '2023012403', '2023012404', '2023012405', '2023012406', '2023012407', '2023012408', '2023012409', '2023012410', '2023012411', '2023012412', '2023012413', '2023012414', '2023012415', '2023012416', '2023012417', '2023012418', '2023012419', '2023012420', '2023012421', '2023012422', '2023012423']
[2025-07-29T15:29:06.695+0000] {logging_mixin.py:188} INFO - 2023-01-24 06:00:00+01:00 → Altitude: -31.46
[2025-07-29T15:29:06.696+0000] {logging_mixin.py:188} INFO - NASA GHI response keys: ['2023012400', '2023012401', '2023012402', '2023012403', '2023012404', '2023012405', '2023012406', '2023012407', '2023012408', '2023012409', '2023012410', '2023012411', '2023012412', '2023012413', '2023012414', '2023012415', '2023012416', '2023012417', '2023012418', '2023012419', '2023012420', '2023012421', '2023012422', '2023012423']
[2025-07-29T15:29:06.696+0000] {logging_mixin.py:188} INFO - 2023-01-24 07:00:00+01:00 → Altitude: -19.06
[2025-07-29T15:29:06.697+0000] {logging_mixin.py:188} INFO - NASA GHI response keys: ['2023012400', '2023012401', '2023012402', '2023012403', '2023012404', '2023012405', '2023012406', '2023012407', '2023012408', '2023012409', '2023012410', '2023012411', '2023012412', '2023012413', '2023012414', '2023012415', '2023012416', '2023012417', '2023012418', '2023012419', '2023012420', '2023012421', '2023012422', '2023012423']
[2025-07-29T15:29:06.698+0000] {logging_mixin.py:188} INFO - 2023-01-24 08:00:00+01:00 → Altitude: -6.95
[2025-07-29T15:29:06.698+0000] {logging_mixin.py:188} INFO - NASA GHI response keys: ['2023012400', '2023012401', '2023012402', '2023012403', '2023012404', '2023012405', '2023012406', '2023012407', '2023012408', '2023012409', '2023012410', '2023012411', '2023012412', '2023012413', '2023012414', '2023012415', '2023012416', '2023012417', '2023012418', '2023012419', '2023012420', '2023012421', '2023012422', '2023012423']
[2025-07-29T15:29:06.699+0000] {logging_mixin.py:188} INFO - 2023-01-24 09:00:00+01:00 → Altitude: 4.72
[2025-07-29T15:29:06.699+0000] {logging_mixin.py:188} INFO - NASA GHI response keys: ['2023012400', '2023012401', '2023012402', '2023012403', '2023012404', '2023012405', '2023012406', '2023012407', '2023012408', '2023012409', '2023012410', '2023012411', '2023012412', '2023012413', '2023012414', '2023012415', '2023012416', '2023012417', '2023012418', '2023012419', '2023012420', '2023012421', '2023012422', '2023012423']
[2025-07-29T15:29:06.700+0000] {logging_mixin.py:188} INFO - 2023-01-24 10:00:00+01:00 → Altitude: 15.28
[2025-07-29T15:29:06.700+0000] {logging_mixin.py:188} INFO - NASA GHI response keys: ['2023012400', '2023012401', '2023012402', '2023012403', '2023012404', '2023012405', '2023012406', '2023012407', '2023012408', '2023012409', '2023012410', '2023012411', '2023012412', '2023012413', '2023012414', '2023012415', '2023012416', '2023012417', '2023012418', '2023012419', '2023012420', '2023012421', '2023012422', '2023012423']
[2025-07-29T15:29:06.701+0000] {logging_mixin.py:188} INFO - 2023-01-24 11:00:00+01:00 → Altitude: 24.58
[2025-07-29T15:29:06.702+0000] {logging_mixin.py:188} INFO - NASA GHI response keys: ['2023012400', '2023012401', '2023012402', '2023012403', '2023012404', '2023012405', '2023012406', '2023012407', '2023012408', '2023012409', '2023012410', '2023012411', '2023012412', '2023012413', '2023012414', '2023012415', '2023012416', '2023012417', '2023012418', '2023012419', '2023012420', '2023012421', '2023012422', '2023012423']
[2025-07-29T15:29:06.702+0000] {logging_mixin.py:188} INFO - 2023-01-24 12:00:00+01:00 → Altitude: 31.87
[2025-07-29T15:29:06.703+0000] {logging_mixin.py:188} INFO - NASA GHI response keys: ['2023012400', '2023012401', '2023012402', '2023012403', '2023012404', '2023012405', '2023012406', '2023012407', '2023012408', '2023012409', '2023012410', '2023012411', '2023012412', '2023012413', '2023012414', '2023012415', '2023012416', '2023012417', '2023012418', '2023012419', '2023012420', '2023012421', '2023012422', '2023012423']
[2025-07-29T15:29:06.703+0000] {logging_mixin.py:188} INFO - 2023-01-24 13:00:00+01:00 → Altitude: 36.29
[2025-07-29T15:29:06.704+0000] {logging_mixin.py:188} INFO - NASA GHI response keys: ['2023012400', '2023012401', '2023012402', '2023012403', '2023012404', '2023012405', '2023012406', '2023012407', '2023012408', '2023012409', '2023012410', '2023012411', '2023012412', '2023012413', '2023012414', '2023012415', '2023012416', '2023012417', '2023012418', '2023012419', '2023012420', '2023012421', '2023012422', '2023012423']
[2025-07-29T15:29:06.704+0000] {logging_mixin.py:188} INFO - 2023-01-24 14:00:00+01:00 → Altitude: 37.09
[2025-07-29T15:29:06.705+0000] {logging_mixin.py:188} INFO - NASA GHI response keys: ['2023012400', '2023012401', '2023012402', '2023012403', '2023012404', '2023012405', '2023012406', '2023012407', '2023012408', '2023012409', '2023012410', '2023012411', '2023012412', '2023012413', '2023012414', '2023012415', '2023012416', '2023012417', '2023012418', '2023012419', '2023012420', '2023012421', '2023012422', '2023012423']
[2025-07-29T15:29:06.706+0000] {logging_mixin.py:188} INFO - 2023-01-24 15:00:00+01:00 → Altitude: 34.12
[2025-07-29T15:29:06.707+0000] {logging_mixin.py:188} INFO - NASA GHI response keys: ['2023012400', '2023012401', '2023012402', '2023012403', '2023012404', '2023012405', '2023012406', '2023012407', '2023012408', '2023012409', '2023012410', '2023012411', '2023012412', '2023012413', '2023012414', '2023012415', '2023012416', '2023012417', '2023012418', '2023012419', '2023012420', '2023012421', '2023012422', '2023012423']
[2025-07-29T15:29:06.707+0000] {logging_mixin.py:188} INFO - 2023-01-24 16:00:00+01:00 → Altitude: 27.92
[2025-07-29T15:29:06.708+0000] {logging_mixin.py:188} INFO - NASA GHI response keys: ['2023012400', '2023012401', '2023012402', '2023012403', '2023012404', '2023012405', '2023012406', '2023012407', '2023012408', '2023012409', '2023012410', '2023012411', '2023012412', '2023012413', '2023012414', '2023012415', '2023012416', '2023012417', '2023012418', '2023012419', '2023012420', '2023012421', '2023012422', '2023012423']
[2025-07-29T15:29:06.709+0000] {logging_mixin.py:188} INFO - 2023-01-24 17:00:00+01:00 → Altitude: 19.36
[2025-07-29T15:29:06.711+0000] {logging_mixin.py:188} INFO - NASA GHI response keys: ['2023012400', '2023012401', '2023012402', '2023012403', '2023012404', '2023012405', '2023012406', '2023012407', '2023012408', '2023012409', '2023012410', '2023012411', '2023012412', '2023012413', '2023012414', '2023012415', '2023012416', '2023012417', '2023012418', '2023012419', '2023012420', '2023012421', '2023012422', '2023012423']
[2025-07-29T15:29:06.712+0000] {logging_mixin.py:188} INFO - 2023-01-24 18:00:00+01:00 → Altitude: 9.23
[2025-07-29T15:29:06.713+0000] {logging_mixin.py:188} INFO - NASA GHI response keys: ['2023012400', '2023012401', '2023012402', '2023012403', '2023012404', '2023012405', '2023012406', '2023012407', '2023012408', '2023012409', '2023012410', '2023012411', '2023012412', '2023012413', '2023012414', '2023012415', '2023012416', '2023012417', '2023012418', '2023012419', '2023012420', '2023012421', '2023012422', '2023012423']
[2025-07-29T15:29:06.714+0000] {logging_mixin.py:188} INFO - 2023-01-24 19:00:00+01:00 → Altitude: -1.92
[2025-07-29T15:29:06.715+0000] {logging_mixin.py:188} INFO - NASA GHI response keys: ['2023012400', '2023012401', '2023012402', '2023012403', '2023012404', '2023012405', '2023012406', '2023012407', '2023012408', '2023012409', '2023012410', '2023012411', '2023012412', '2023012413', '2023012414', '2023012415', '2023012416', '2023012417', '2023012418', '2023012419', '2023012420', '2023012421', '2023012422', '2023012423']
[2025-07-29T15:29:06.717+0000] {logging_mixin.py:188} INFO - 2023-01-24 20:00:00+01:00 → Altitude: -13.95
[2025-07-29T15:29:06.718+0000] {logging_mixin.py:188} INFO - NASA GHI response keys: ['2023012400', '2023012401', '2023012402', '2023012403', '2023012404', '2023012405', '2023012406', '2023012407', '2023012408', '2023012409', '2023012410', '2023012411', '2023012412', '2023012413', '2023012414', '2023012415', '2023012416', '2023012417', '2023012418', '2023012419', '2023012420', '2023012421', '2023012422', '2023012423']
[2025-07-29T15:29:06.719+0000] {logging_mixin.py:188} INFO - 2023-01-24 21:00:00+01:00 → Altitude: -26.25
[2025-07-29T15:29:06.720+0000] {logging_mixin.py:188} INFO - NASA GHI response keys: ['2023012400', '2023012401', '2023012402', '2023012403', '2023012404', '2023012405', '2023012406', '2023012407', '2023012408', '2023012409', '2023012410', '2023012411', '2023012412', '2023012413', '2023012414', '2023012415', '2023012416', '2023012417', '2023012418', '2023012419', '2023012420', '2023012421', '2023012422', '2023012423']
[2025-07-29T15:29:06.722+0000] {logging_mixin.py:188} INFO - 2023-01-24 22:00:00+01:00 → Altitude: -38.72
[2025-07-29T15:29:06.723+0000] {logging_mixin.py:188} INFO - NASA GHI response keys: ['2023012400', '2023012401', '2023012402', '2023012403', '2023012404', '2023012405', '2023012406', '2023012407', '2023012408', '2023012409', '2023012410', '2023012411', '2023012412', '2023012413', '2023012414', '2023012415', '2023012416', '2023012417', '2023012418', '2023012419', '2023012420', '2023012421', '2023012422', '2023012423']
[2025-07-29T15:29:06.724+0000] {logging_mixin.py:188} INFO - 2023-01-24 23:00:00+01:00 → Altitude: -51.12
[2025-07-29T15:29:06.725+0000] {logging_mixin.py:188} INFO - NASA GHI response keys: ['2023012400', '2023012401', '2023012402', '2023012403', '2023012404', '2023012405', '2023012406', '2023012407', '2023012408', '2023012409', '2023012410', '2023012411', '2023012412', '2023012413', '2023012414', '2023012415', '2023012416', '2023012417', '2023012418', '2023012419', '2023012420', '2023012421', '2023012422', '2023012423']
[2025-07-29T15:29:06.728+0000] {python.py:237} INFO - Done. Returned value was: None
[2025-07-29T15:29:06.730+0000] {taskinstance.py:441} INFO - ::group::Post task execution logs
[2025-07-29T15:29:06.767+0000] {taskinstance.py:1206} INFO - Marking task as SUCCESS. dag_id=solar_ai_pipeline_2, task_id=fetch_data, run_id=scheduled__2023-01-24T00:00:00+00:00, execution_date=20230124T000000, start_date=20250729T152854, end_date=20250729T152906
[2025-07-29T15:29:06.965+0000] {local_task_job_runner.py:240} INFO - Task exited with return code 0
[2025-07-29T15:29:07.044+0000] {taskinstance.py:3503} INFO - 1 downstream tasks scheduled from follow-on schedule check
[2025-07-29T15:29:07.086+0000] {local_task_job_runner.py:222} INFO - ::endgroup::
