[2025-07-31T11:52:22.539+0000] {local_task_job_runner.py:120} INFO - ::group::Pre task execution logs
[2025-07-31T11:52:22.709+0000] {taskinstance.py:2076} INFO - Dependencies all met for dep_context=non-requeueable deps ti=<TaskInstance: solar_ai_pipeline_2.train_prophet scheduled__2023-07-12T00:00:00+00:00 [queued]>
[2025-07-31T11:52:22.780+0000] {taskinstance.py:2076} INFO - Dependencies all met for dep_context=requeueable deps ti=<TaskInstance: solar_ai_pipeline_2.train_prophet scheduled__2023-07-12T00:00:00+00:00 [queued]>
[2025-07-31T11:52:22.784+0000] {taskinstance.py:2306} INFO - Starting attempt 3 of 4
[2025-07-31T11:52:22.885+0000] {taskinstance.py:2330} INFO - Executing <Task(PythonOperator): train_prophet> on 2023-07-12 00:00:00+00:00
[2025-07-31T11:52:22.897+0000] {standard_task_runner.py:63} INFO - Started process 3617 to run task
[2025-07-31T11:52:22.910+0000] {standard_task_runner.py:90} INFO - Running: ['airflow', 'tasks', 'run', 'solar_ai_pipeline_2', 'train_prophet', 'scheduled__2023-07-12T00:00:00+00:00', '--job-id', '2905', '--raw', '--subdir', 'DAGS_FOLDER/prophet_pipeline.py', '--cfg-path', '/tmp/tmpva59mztl']
[2025-07-31T11:52:22.918+0000] {standard_task_runner.py:91} INFO - Job 2905: Subtask train_prophet
[2025-07-31T11:52:23.168+0000] {task_command.py:426} INFO - Running <TaskInstance: solar_ai_pipeline_2.train_prophet scheduled__2023-07-12T00:00:00+00:00 [running]> on host a2a0dd314bdc
[2025-07-31T11:52:23.741+0000] {taskinstance.py:2648} INFO - Exporting env vars: AIRFLOW_CTX_DAG_OWNER='ensam' AIRFLOW_CTX_DAG_ID='solar_ai_pipeline_2' AIRFLOW_CTX_TASK_ID='train_prophet' AIRFLOW_CTX_EXECUTION_DATE='2023-07-12T00:00:00+00:00' AIRFLOW_CTX_TRY_NUMBER='3' AIRFLOW_CTX_DAG_RUN_ID='scheduled__2023-07-12T00:00:00+00:00'
[2025-07-31T11:52:23.743+0000] {taskinstance.py:430} INFO - ::endgroup::
[2025-07-31T11:52:24.755+0000] {plot.py:39} ERROR - Importing plotly failed. Interactive plots will not work.
[2025-07-31T11:52:24.769+0000] {logging_mixin.py:188} INFO - Training from 2023-01-01 to 2023-01-13
[2025-07-31T11:52:25.066+0000] {logging_mixin.py:188} INFO - Test 1/18: {'changepoint_prior_scale': 0.01, 'seasonality_prior_scale': 1.0, 'seasonality_mode': 'additive'}
[2025-07-31T11:52:25.136+0000] {filesystem.py:118} DEBUG - input tempfile: /tmp/tmp86bl783a/z95847s8.json
[2025-07-31T11:52:25.169+0000] {filesystem.py:118} DEBUG - input tempfile: /tmp/tmp86bl783a/atoo7va0.json
[2025-07-31T11:52:25.174+0000] {model.py:2042} DEBUG - idx 0
[2025-07-31T11:52:25.175+0000] {model.py:2043} DEBUG - running CmdStan, num_threads: None
[2025-07-31T11:52:25.176+0000] {model.py:2055} DEBUG - CmdStan args: ['/home/airflow/.local/lib/python3.11/site-packages/prophet/stan_model/prophet_model.bin', 'random', 'seed=75063', 'data', 'file=/tmp/tmp86bl783a/z95847s8.json', 'init=/tmp/tmp86bl783a/atoo7va0.json', 'output', 'file=/tmp/tmp86bl783a/prophet_modellfxn8k5p/prophet_model-20250731115225.csv', 'method=optimize', 'algorithm=lbfgs', 'iter=10000']
[2025-07-31T11:52:25.177+0000] {logging_mixin.py:188} WARNING - 11:52:25 - cmdstanpy - INFO - Chain [1] start processing
[2025-07-31T11:52:25.177+0000] {model.py:2058} INFO - Chain [1] start processing
[2025-07-31T11:52:25.245+0000] {logging_mixin.py:188} WARNING - 11:52:25 - cmdstanpy - INFO - Chain [1] done processing
[2025-07-31T11:52:25.245+0000] {model.py:2115} INFO - Chain [1] done processing
[2025-07-31T11:52:25.250+0000] {logging_mixin.py:188} INFO - Erreur pour {'changepoint_prior_scale': 0.01, 'seasonality_prior_scale': 1.0, 'seasonality_mode': 'additive'}: Less data than horizon after initial window. Make horizon or initial shorter.
[2025-07-31T11:52:25.250+0000] {logging_mixin.py:188} INFO - Test 2/18: {'changepoint_prior_scale': 0.01, 'seasonality_prior_scale': 1.0, 'seasonality_mode': 'multiplicative'}
[2025-07-31T11:52:25.278+0000] {filesystem.py:118} DEBUG - input tempfile: /tmp/tmp86bl783a/jplivmp1.json
[2025-07-31T11:52:25.314+0000] {filesystem.py:118} DEBUG - input tempfile: /tmp/tmp86bl783a/nq2swdi2.json
[2025-07-31T11:52:25.319+0000] {model.py:2042} DEBUG - idx 0
[2025-07-31T11:52:25.320+0000] {model.py:2043} DEBUG - running CmdStan, num_threads: None
[2025-07-31T11:52:25.321+0000] {model.py:2055} DEBUG - CmdStan args: ['/home/airflow/.local/lib/python3.11/site-packages/prophet/stan_model/prophet_model.bin', 'random', 'seed=38126', 'data', 'file=/tmp/tmp86bl783a/jplivmp1.json', 'init=/tmp/tmp86bl783a/nq2swdi2.json', 'output', 'file=/tmp/tmp86bl783a/prophet_model_m0y9tmr/prophet_model-20250731115225.csv', 'method=optimize', 'algorithm=lbfgs', 'iter=10000']
[2025-07-31T11:52:25.322+0000] {logging_mixin.py:188} WARNING - 11:52:25 - cmdstanpy - INFO - Chain [1] start processing
[2025-07-31T11:52:25.322+0000] {model.py:2058} INFO - Chain [1] start processing
[2025-07-31T11:52:25.382+0000] {logging_mixin.py:188} WARNING - 11:52:25 - cmdstanpy - INFO - Chain [1] done processing
[2025-07-31T11:52:25.382+0000] {model.py:2115} INFO - Chain [1] done processing
[2025-07-31T11:52:25.387+0000] {logging_mixin.py:188} INFO - Erreur pour {'changepoint_prior_scale': 0.01, 'seasonality_prior_scale': 1.0, 'seasonality_mode': 'multiplicative'}: Less data than horizon after initial window. Make horizon or initial shorter.
[2025-07-31T11:52:25.388+0000] {logging_mixin.py:188} INFO - Test 3/18: {'changepoint_prior_scale': 0.01, 'seasonality_prior_scale': 5.0, 'seasonality_mode': 'additive'}
[2025-07-31T11:52:25.417+0000] {filesystem.py:118} DEBUG - input tempfile: /tmp/tmp86bl783a/bhkrj_lu.json
[2025-07-31T11:52:25.452+0000] {filesystem.py:118} DEBUG - input tempfile: /tmp/tmp86bl783a/y8c9gtw0.json
[2025-07-31T11:52:25.457+0000] {model.py:2042} DEBUG - idx 0
[2025-07-31T11:52:25.458+0000] {model.py:2043} DEBUG - running CmdStan, num_threads: None
[2025-07-31T11:52:25.458+0000] {model.py:2055} DEBUG - CmdStan args: ['/home/airflow/.local/lib/python3.11/site-packages/prophet/stan_model/prophet_model.bin', 'random', 'seed=95139', 'data', 'file=/tmp/tmp86bl783a/bhkrj_lu.json', 'init=/tmp/tmp86bl783a/y8c9gtw0.json', 'output', 'file=/tmp/tmp86bl783a/prophet_model3jufp2xw/prophet_model-20250731115225.csv', 'method=optimize', 'algorithm=lbfgs', 'iter=10000']
[2025-07-31T11:52:25.459+0000] {logging_mixin.py:188} WARNING - 11:52:25 - cmdstanpy - INFO - Chain [1] start processing
[2025-07-31T11:52:25.459+0000] {model.py:2058} INFO - Chain [1] start processing
[2025-07-31T11:52:25.492+0000] {logging_mixin.py:188} WARNING - 11:52:25 - cmdstanpy - INFO - Chain [1] done processing
[2025-07-31T11:52:25.492+0000] {model.py:2115} INFO - Chain [1] done processing
[2025-07-31T11:52:25.496+0000] {logging_mixin.py:188} INFO - Erreur pour {'changepoint_prior_scale': 0.01, 'seasonality_prior_scale': 5.0, 'seasonality_mode': 'additive'}: Less data than horizon after initial window. Make horizon or initial shorter.
[2025-07-31T11:52:25.497+0000] {logging_mixin.py:188} INFO - Test 4/18: {'changepoint_prior_scale': 0.01, 'seasonality_prior_scale': 5.0, 'seasonality_mode': 'multiplicative'}
[2025-07-31T11:52:25.516+0000] {filesystem.py:118} DEBUG - input tempfile: /tmp/tmp86bl783a/54pnp2ao.json
[2025-07-31T11:52:25.549+0000] {filesystem.py:118} DEBUG - input tempfile: /tmp/tmp86bl783a/w8v2o0d7.json
[2025-07-31T11:52:25.551+0000] {model.py:2042} DEBUG - idx 0
[2025-07-31T11:52:25.552+0000] {model.py:2043} DEBUG - running CmdStan, num_threads: None
[2025-07-31T11:52:25.553+0000] {model.py:2055} DEBUG - CmdStan args: ['/home/airflow/.local/lib/python3.11/site-packages/prophet/stan_model/prophet_model.bin', 'random', 'seed=83069', 'data', 'file=/tmp/tmp86bl783a/54pnp2ao.json', 'init=/tmp/tmp86bl783a/w8v2o0d7.json', 'output', 'file=/tmp/tmp86bl783a/prophet_modelts0hngnj/prophet_model-20250731115225.csv', 'method=optimize', 'algorithm=lbfgs', 'iter=10000']
[2025-07-31T11:52:25.554+0000] {logging_mixin.py:188} WARNING - 11:52:25 - cmdstanpy - INFO - Chain [1] start processing
[2025-07-31T11:52:25.554+0000] {model.py:2058} INFO - Chain [1] start processing
[2025-07-31T11:52:25.599+0000] {logging_mixin.py:188} WARNING - 11:52:25 - cmdstanpy - INFO - Chain [1] done processing
[2025-07-31T11:52:25.599+0000] {model.py:2115} INFO - Chain [1] done processing
[2025-07-31T11:52:25.604+0000] {logging_mixin.py:188} INFO - Erreur pour {'changepoint_prior_scale': 0.01, 'seasonality_prior_scale': 5.0, 'seasonality_mode': 'multiplicative'}: Less data than horizon after initial window. Make horizon or initial shorter.
[2025-07-31T11:52:25.605+0000] {logging_mixin.py:188} INFO - Test 5/18: {'changepoint_prior_scale': 0.01, 'seasonality_prior_scale': 10.0, 'seasonality_mode': 'additive'}
[2025-07-31T11:52:25.636+0000] {filesystem.py:118} DEBUG - input tempfile: /tmp/tmp86bl783a/gngbm8cm.json
[2025-07-31T11:52:25.670+0000] {filesystem.py:118} DEBUG - input tempfile: /tmp/tmp86bl783a/ekfzyxcl.json
[2025-07-31T11:52:25.674+0000] {model.py:2042} DEBUG - idx 0
[2025-07-31T11:52:25.675+0000] {model.py:2043} DEBUG - running CmdStan, num_threads: None
[2025-07-31T11:52:25.675+0000] {model.py:2055} DEBUG - CmdStan args: ['/home/airflow/.local/lib/python3.11/site-packages/prophet/stan_model/prophet_model.bin', 'random', 'seed=42749', 'data', 'file=/tmp/tmp86bl783a/gngbm8cm.json', 'init=/tmp/tmp86bl783a/ekfzyxcl.json', 'output', 'file=/tmp/tmp86bl783a/prophet_modelulredkob/prophet_model-20250731115225.csv', 'method=optimize', 'algorithm=lbfgs', 'iter=10000']
[2025-07-31T11:52:25.676+0000] {logging_mixin.py:188} WARNING - 11:52:25 - cmdstanpy - INFO - Chain [1] start processing
[2025-07-31T11:52:25.676+0000] {model.py:2058} INFO - Chain [1] start processing
[2025-07-31T11:52:25.708+0000] {logging_mixin.py:188} WARNING - 11:52:25 - cmdstanpy - INFO - Chain [1] done processing
[2025-07-31T11:52:25.708+0000] {model.py:2115} INFO - Chain [1] done processing
[2025-07-31T11:52:25.713+0000] {logging_mixin.py:188} INFO - Erreur pour {'changepoint_prior_scale': 0.01, 'seasonality_prior_scale': 10.0, 'seasonality_mode': 'additive'}: Less data than horizon after initial window. Make horizon or initial shorter.
[2025-07-31T11:52:25.714+0000] {logging_mixin.py:188} INFO - Test 6/18: {'changepoint_prior_scale': 0.01, 'seasonality_prior_scale': 10.0, 'seasonality_mode': 'multiplicative'}
[2025-07-31T11:52:25.734+0000] {filesystem.py:118} DEBUG - input tempfile: /tmp/tmp86bl783a/c5d50429.json
[2025-07-31T11:52:25.766+0000] {filesystem.py:118} DEBUG - input tempfile: /tmp/tmp86bl783a/j8gg5yv5.json
[2025-07-31T11:52:25.768+0000] {model.py:2042} DEBUG - idx 0
[2025-07-31T11:52:25.768+0000] {model.py:2043} DEBUG - running CmdStan, num_threads: None
[2025-07-31T11:52:25.769+0000] {model.py:2055} DEBUG - CmdStan args: ['/home/airflow/.local/lib/python3.11/site-packages/prophet/stan_model/prophet_model.bin', 'random', 'seed=68657', 'data', 'file=/tmp/tmp86bl783a/c5d50429.json', 'init=/tmp/tmp86bl783a/j8gg5yv5.json', 'output', 'file=/tmp/tmp86bl783a/prophet_model_l0l73ac/prophet_model-20250731115225.csv', 'method=optimize', 'algorithm=lbfgs', 'iter=10000']
[2025-07-31T11:52:25.770+0000] {logging_mixin.py:188} WARNING - 11:52:25 - cmdstanpy - INFO - Chain [1] start processing
[2025-07-31T11:52:25.770+0000] {model.py:2058} INFO - Chain [1] start processing
[2025-07-31T11:52:25.831+0000] {logging_mixin.py:188} WARNING - 11:52:25 - cmdstanpy - INFO - Chain [1] done processing
[2025-07-31T11:52:25.831+0000] {model.py:2115} INFO - Chain [1] done processing
[2025-07-31T11:52:25.835+0000] {logging_mixin.py:188} INFO - Erreur pour {'changepoint_prior_scale': 0.01, 'seasonality_prior_scale': 10.0, 'seasonality_mode': 'multiplicative'}: Less data than horizon after initial window. Make horizon or initial shorter.
[2025-07-31T11:52:25.836+0000] {logging_mixin.py:188} INFO - Test 7/18: {'changepoint_prior_scale': 0.05, 'seasonality_prior_scale': 1.0, 'seasonality_mode': 'additive'}
[2025-07-31T11:52:25.871+0000] {filesystem.py:118} DEBUG - input tempfile: /tmp/tmp86bl783a/_t17hgv0.json
[2025-07-31T11:52:25.926+0000] {filesystem.py:118} DEBUG - input tempfile: /tmp/tmp86bl783a/85pewb36.json
[2025-07-31T11:52:25.930+0000] {model.py:2042} DEBUG - idx 0
[2025-07-31T11:52:25.931+0000] {model.py:2043} DEBUG - running CmdStan, num_threads: None
[2025-07-31T11:52:25.931+0000] {model.py:2055} DEBUG - CmdStan args: ['/home/airflow/.local/lib/python3.11/site-packages/prophet/stan_model/prophet_model.bin', 'random', 'seed=89658', 'data', 'file=/tmp/tmp86bl783a/_t17hgv0.json', 'init=/tmp/tmp86bl783a/85pewb36.json', 'output', 'file=/tmp/tmp86bl783a/prophet_modelpnr00xd6/prophet_model-20250731115225.csv', 'method=optimize', 'algorithm=lbfgs', 'iter=10000']
[2025-07-31T11:52:25.932+0000] {logging_mixin.py:188} WARNING - 11:52:25 - cmdstanpy - INFO - Chain [1] start processing
[2025-07-31T11:52:25.932+0000] {model.py:2058} INFO - Chain [1] start processing
[2025-07-31T11:52:25.975+0000] {logging_mixin.py:188} WARNING - 11:52:25 - cmdstanpy - INFO - Chain [1] done processing
[2025-07-31T11:52:25.975+0000] {model.py:2115} INFO - Chain [1] done processing
[2025-07-31T11:52:25.980+0000] {logging_mixin.py:188} INFO - Erreur pour {'changepoint_prior_scale': 0.05, 'seasonality_prior_scale': 1.0, 'seasonality_mode': 'additive'}: Less data than horizon after initial window. Make horizon or initial shorter.
[2025-07-31T11:52:25.981+0000] {logging_mixin.py:188} INFO - Test 8/18: {'changepoint_prior_scale': 0.05, 'seasonality_prior_scale': 1.0, 'seasonality_mode': 'multiplicative'}
[2025-07-31T11:52:26.006+0000] {filesystem.py:118} DEBUG - input tempfile: /tmp/tmp86bl783a/c025xjti.json
[2025-07-31T11:52:26.039+0000] {filesystem.py:118} DEBUG - input tempfile: /tmp/tmp86bl783a/gyhmh_4f.json
[2025-07-31T11:52:26.043+0000] {model.py:2042} DEBUG - idx 0
[2025-07-31T11:52:26.044+0000] {model.py:2043} DEBUG - running CmdStan, num_threads: None
[2025-07-31T11:52:26.045+0000] {model.py:2055} DEBUG - CmdStan args: ['/home/airflow/.local/lib/python3.11/site-packages/prophet/stan_model/prophet_model.bin', 'random', 'seed=76890', 'data', 'file=/tmp/tmp86bl783a/c025xjti.json', 'init=/tmp/tmp86bl783a/gyhmh_4f.json', 'output', 'file=/tmp/tmp86bl783a/prophet_model0z_xml2y/prophet_model-20250731115226.csv', 'method=optimize', 'algorithm=lbfgs', 'iter=10000']
[2025-07-31T11:52:26.045+0000] {logging_mixin.py:188} WARNING - 11:52:26 - cmdstanpy - INFO - Chain [1] start processing
[2025-07-31T11:52:26.045+0000] {model.py:2058} INFO - Chain [1] start processing
[2025-07-31T11:52:26.118+0000] {logging_mixin.py:188} WARNING - 11:52:26 - cmdstanpy - INFO - Chain [1] done processing
[2025-07-31T11:52:26.118+0000] {model.py:2115} INFO - Chain [1] done processing
[2025-07-31T11:52:26.123+0000] {logging_mixin.py:188} INFO - Erreur pour {'changepoint_prior_scale': 0.05, 'seasonality_prior_scale': 1.0, 'seasonality_mode': 'multiplicative'}: Less data than horizon after initial window. Make horizon or initial shorter.
[2025-07-31T11:52:26.124+0000] {logging_mixin.py:188} INFO - Test 9/18: {'changepoint_prior_scale': 0.05, 'seasonality_prior_scale': 5.0, 'seasonality_mode': 'additive'}
[2025-07-31T11:52:26.142+0000] {filesystem.py:118} DEBUG - input tempfile: /tmp/tmp86bl783a/8z3utsw0.json
[2025-07-31T11:52:26.184+0000] {filesystem.py:118} DEBUG - input tempfile: /tmp/tmp86bl783a/ewxprvef.json
[2025-07-31T11:52:26.186+0000] {model.py:2042} DEBUG - idx 0
[2025-07-31T11:52:26.186+0000] {model.py:2043} DEBUG - running CmdStan, num_threads: None
[2025-07-31T11:52:26.187+0000] {model.py:2055} DEBUG - CmdStan args: ['/home/airflow/.local/lib/python3.11/site-packages/prophet/stan_model/prophet_model.bin', 'random', 'seed=79424', 'data', 'file=/tmp/tmp86bl783a/8z3utsw0.json', 'init=/tmp/tmp86bl783a/ewxprvef.json', 'output', 'file=/tmp/tmp86bl783a/prophet_modelhm6j8eoc/prophet_model-20250731115226.csv', 'method=optimize', 'algorithm=lbfgs', 'iter=10000']
[2025-07-31T11:52:26.188+0000] {logging_mixin.py:188} WARNING - 11:52:26 - cmdstanpy - INFO - Chain [1] start processing
[2025-07-31T11:52:26.187+0000] {model.py:2058} INFO - Chain [1] start processing
[2025-07-31T11:52:26.228+0000] {logging_mixin.py:188} WARNING - 11:52:26 - cmdstanpy - INFO - Chain [1] done processing
[2025-07-31T11:52:26.227+0000] {model.py:2115} INFO - Chain [1] done processing
[2025-07-31T11:52:26.231+0000] {logging_mixin.py:188} INFO - Erreur pour {'changepoint_prior_scale': 0.05, 'seasonality_prior_scale': 5.0, 'seasonality_mode': 'additive'}: Less data than horizon after initial window. Make horizon or initial shorter.
[2025-07-31T11:52:26.232+0000] {logging_mixin.py:188} INFO - Test 10/18: {'changepoint_prior_scale': 0.05, 'seasonality_prior_scale': 5.0, 'seasonality_mode': 'multiplicative'}
[2025-07-31T11:52:26.250+0000] {filesystem.py:118} DEBUG - input tempfile: /tmp/tmp86bl783a/e68ryup2.json
[2025-07-31T11:52:26.286+0000] {filesystem.py:118} DEBUG - input tempfile: /tmp/tmp86bl783a/bn2pvc5v.json
[2025-07-31T11:52:26.288+0000] {model.py:2042} DEBUG - idx 0
[2025-07-31T11:52:26.288+0000] {model.py:2043} DEBUG - running CmdStan, num_threads: None
[2025-07-31T11:52:26.288+0000] {model.py:2055} DEBUG - CmdStan args: ['/home/airflow/.local/lib/python3.11/site-packages/prophet/stan_model/prophet_model.bin', 'random', 'seed=93277', 'data', 'file=/tmp/tmp86bl783a/e68ryup2.json', 'init=/tmp/tmp86bl783a/bn2pvc5v.json', 'output', 'file=/tmp/tmp86bl783a/prophet_models3v7vq7x/prophet_model-20250731115226.csv', 'method=optimize', 'algorithm=lbfgs', 'iter=10000']
[2025-07-31T11:52:26.289+0000] {logging_mixin.py:188} WARNING - 11:52:26 - cmdstanpy - INFO - Chain [1] start processing
[2025-07-31T11:52:26.289+0000] {model.py:2058} INFO - Chain [1] start processing
[2025-07-31T11:52:26.355+0000] {logging_mixin.py:188} WARNING - 11:52:26 - cmdstanpy - INFO - Chain [1] done processing
[2025-07-31T11:52:26.355+0000] {model.py:2115} INFO - Chain [1] done processing
[2025-07-31T11:52:26.359+0000] {logging_mixin.py:188} INFO - Erreur pour {'changepoint_prior_scale': 0.05, 'seasonality_prior_scale': 5.0, 'seasonality_mode': 'multiplicative'}: Less data than horizon after initial window. Make horizon or initial shorter.
[2025-07-31T11:52:26.359+0000] {logging_mixin.py:188} INFO - Test 11/18: {'changepoint_prior_scale': 0.05, 'seasonality_prior_scale': 10.0, 'seasonality_mode': 'additive'}
[2025-07-31T11:52:26.376+0000] {filesystem.py:118} DEBUG - input tempfile: /tmp/tmp86bl783a/5xk1nkn6.json
[2025-07-31T11:52:26.414+0000] {filesystem.py:118} DEBUG - input tempfile: /tmp/tmp86bl783a/budahxw1.json
[2025-07-31T11:52:26.417+0000] {model.py:2042} DEBUG - idx 0
[2025-07-31T11:52:26.418+0000] {model.py:2043} DEBUG - running CmdStan, num_threads: None
[2025-07-31T11:52:26.420+0000] {model.py:2055} DEBUG - CmdStan args: ['/home/airflow/.local/lib/python3.11/site-packages/prophet/stan_model/prophet_model.bin', 'random', 'seed=21827', 'data', 'file=/tmp/tmp86bl783a/5xk1nkn6.json', 'init=/tmp/tmp86bl783a/budahxw1.json', 'output', 'file=/tmp/tmp86bl783a/prophet_modeld7vgepx2/prophet_model-20250731115226.csv', 'method=optimize', 'algorithm=lbfgs', 'iter=10000']
[2025-07-31T11:52:26.421+0000] {logging_mixin.py:188} WARNING - 11:52:26 - cmdstanpy - INFO - Chain [1] start processing
[2025-07-31T11:52:26.421+0000] {model.py:2058} INFO - Chain [1] start processing
[2025-07-31T11:52:26.471+0000] {logging_mixin.py:188} WARNING - 11:52:26 - cmdstanpy - INFO - Chain [1] done processing
[2025-07-31T11:52:26.471+0000] {model.py:2115} INFO - Chain [1] done processing
[2025-07-31T11:52:26.476+0000] {logging_mixin.py:188} INFO - Erreur pour {'changepoint_prior_scale': 0.05, 'seasonality_prior_scale': 10.0, 'seasonality_mode': 'additive'}: Less data than horizon after initial window. Make horizon or initial shorter.
[2025-07-31T11:52:26.476+0000] {logging_mixin.py:188} INFO - Test 12/18: {'changepoint_prior_scale': 0.05, 'seasonality_prior_scale': 10.0, 'seasonality_mode': 'multiplicative'}
[2025-07-31T11:52:26.500+0000] {filesystem.py:118} DEBUG - input tempfile: /tmp/tmp86bl783a/hmovfct4.json
[2025-07-31T11:52:26.555+0000] {filesystem.py:118} DEBUG - input tempfile: /tmp/tmp86bl783a/jkcb9u10.json
[2025-07-31T11:52:26.557+0000] {model.py:2042} DEBUG - idx 0
[2025-07-31T11:52:26.558+0000] {model.py:2043} DEBUG - running CmdStan, num_threads: None
[2025-07-31T11:52:26.559+0000] {model.py:2055} DEBUG - CmdStan args: ['/home/airflow/.local/lib/python3.11/site-packages/prophet/stan_model/prophet_model.bin', 'random', 'seed=20770', 'data', 'file=/tmp/tmp86bl783a/hmovfct4.json', 'init=/tmp/tmp86bl783a/jkcb9u10.json', 'output', 'file=/tmp/tmp86bl783a/prophet_model6_au3equ/prophet_model-20250731115226.csv', 'method=optimize', 'algorithm=lbfgs', 'iter=10000']
[2025-07-31T11:52:26.559+0000] {logging_mixin.py:188} WARNING - 11:52:26 - cmdstanpy - INFO - Chain [1] start processing
[2025-07-31T11:52:26.559+0000] {model.py:2058} INFO - Chain [1] start processing
[2025-07-31T11:52:26.621+0000] {logging_mixin.py:188} WARNING - 11:52:26 - cmdstanpy - INFO - Chain [1] done processing
[2025-07-31T11:52:26.621+0000] {model.py:2115} INFO - Chain [1] done processing
[2025-07-31T11:52:26.624+0000] {logging_mixin.py:188} INFO - Erreur pour {'changepoint_prior_scale': 0.05, 'seasonality_prior_scale': 10.0, 'seasonality_mode': 'multiplicative'}: Less data than horizon after initial window. Make horizon or initial shorter.
[2025-07-31T11:52:26.625+0000] {logging_mixin.py:188} INFO - Test 13/18: {'changepoint_prior_scale': 0.1, 'seasonality_prior_scale': 1.0, 'seasonality_mode': 'additive'}
[2025-07-31T11:52:26.641+0000] {filesystem.py:118} DEBUG - input tempfile: /tmp/tmp86bl783a/57lo_m_h.json
[2025-07-31T11:52:26.675+0000] {filesystem.py:118} DEBUG - input tempfile: /tmp/tmp86bl783a/iuq4n6od.json
[2025-07-31T11:52:26.677+0000] {model.py:2042} DEBUG - idx 0
[2025-07-31T11:52:26.678+0000] {model.py:2043} DEBUG - running CmdStan, num_threads: None
[2025-07-31T11:52:26.678+0000] {model.py:2055} DEBUG - CmdStan args: ['/home/airflow/.local/lib/python3.11/site-packages/prophet/stan_model/prophet_model.bin', 'random', 'seed=72951', 'data', 'file=/tmp/tmp86bl783a/57lo_m_h.json', 'init=/tmp/tmp86bl783a/iuq4n6od.json', 'output', 'file=/tmp/tmp86bl783a/prophet_model49guw_mf/prophet_model-20250731115226.csv', 'method=optimize', 'algorithm=lbfgs', 'iter=10000']
[2025-07-31T11:52:26.679+0000] {logging_mixin.py:188} WARNING - 11:52:26 - cmdstanpy - INFO - Chain [1] start processing
[2025-07-31T11:52:26.679+0000] {model.py:2058} INFO - Chain [1] start processing
[2025-07-31T11:52:26.726+0000] {logging_mixin.py:188} WARNING - 11:52:26 - cmdstanpy - INFO - Chain [1] done processing
[2025-07-31T11:52:26.726+0000] {model.py:2115} INFO - Chain [1] done processing
[2025-07-31T11:52:26.733+0000] {logging_mixin.py:188} INFO - Erreur pour {'changepoint_prior_scale': 0.1, 'seasonality_prior_scale': 1.0, 'seasonality_mode': 'additive'}: Less data than horizon after initial window. Make horizon or initial shorter.
[2025-07-31T11:52:26.734+0000] {logging_mixin.py:188} INFO - Test 14/18: {'changepoint_prior_scale': 0.1, 'seasonality_prior_scale': 1.0, 'seasonality_mode': 'multiplicative'}
[2025-07-31T11:52:26.767+0000] {filesystem.py:118} DEBUG - input tempfile: /tmp/tmp86bl783a/jh8exukj.json
[2025-07-31T11:52:26.821+0000] {filesystem.py:118} DEBUG - input tempfile: /tmp/tmp86bl783a/1yr3_w1_.json
[2025-07-31T11:52:26.823+0000] {model.py:2042} DEBUG - idx 0
[2025-07-31T11:52:26.824+0000] {model.py:2043} DEBUG - running CmdStan, num_threads: None
[2025-07-31T11:52:26.824+0000] {model.py:2055} DEBUG - CmdStan args: ['/home/airflow/.local/lib/python3.11/site-packages/prophet/stan_model/prophet_model.bin', 'random', 'seed=55388', 'data', 'file=/tmp/tmp86bl783a/jh8exukj.json', 'init=/tmp/tmp86bl783a/1yr3_w1_.json', 'output', 'file=/tmp/tmp86bl783a/prophet_modeldk1mrg6s/prophet_model-20250731115226.csv', 'method=optimize', 'algorithm=lbfgs', 'iter=10000']
[2025-07-31T11:52:26.825+0000] {logging_mixin.py:188} WARNING - 11:52:26 - cmdstanpy - INFO - Chain [1] start processing
[2025-07-31T11:52:26.825+0000] {model.py:2058} INFO - Chain [1] start processing
[2025-07-31T11:52:26.897+0000] {logging_mixin.py:188} WARNING - 11:52:26 - cmdstanpy - INFO - Chain [1] done processing
[2025-07-31T11:52:26.897+0000] {model.py:2115} INFO - Chain [1] done processing
[2025-07-31T11:52:26.901+0000] {logging_mixin.py:188} INFO - Erreur pour {'changepoint_prior_scale': 0.1, 'seasonality_prior_scale': 1.0, 'seasonality_mode': 'multiplicative'}: Less data than horizon after initial window. Make horizon or initial shorter.
[2025-07-31T11:52:26.902+0000] {logging_mixin.py:188} INFO - Test 15/18: {'changepoint_prior_scale': 0.1, 'seasonality_prior_scale': 5.0, 'seasonality_mode': 'additive'}
[2025-07-31T11:52:26.919+0000] {filesystem.py:118} DEBUG - input tempfile: /tmp/tmp86bl783a/0j2irwos.json
[2025-07-31T11:52:26.953+0000] {filesystem.py:118} DEBUG - input tempfile: /tmp/tmp86bl783a/h4mzaa7m.json
[2025-07-31T11:52:26.955+0000] {model.py:2042} DEBUG - idx 0
[2025-07-31T11:52:26.955+0000] {model.py:2043} DEBUG - running CmdStan, num_threads: None
[2025-07-31T11:52:26.956+0000] {model.py:2055} DEBUG - CmdStan args: ['/home/airflow/.local/lib/python3.11/site-packages/prophet/stan_model/prophet_model.bin', 'random', 'seed=76018', 'data', 'file=/tmp/tmp86bl783a/0j2irwos.json', 'init=/tmp/tmp86bl783a/h4mzaa7m.json', 'output', 'file=/tmp/tmp86bl783a/prophet_model9ige71le/prophet_model-20250731115226.csv', 'method=optimize', 'algorithm=lbfgs', 'iter=10000']
[2025-07-31T11:52:26.956+0000] {logging_mixin.py:188} WARNING - 11:52:26 - cmdstanpy - INFO - Chain [1] start processing
[2025-07-31T11:52:26.956+0000] {model.py:2058} INFO - Chain [1] start processing
[2025-07-31T11:52:26.988+0000] {logging_mixin.py:188} WARNING - 11:52:26 - cmdstanpy - INFO - Chain [1] done processing
[2025-07-31T11:52:26.988+0000] {model.py:2115} INFO - Chain [1] done processing
[2025-07-31T11:52:26.992+0000] {logging_mixin.py:188} INFO - Erreur pour {'changepoint_prior_scale': 0.1, 'seasonality_prior_scale': 5.0, 'seasonality_mode': 'additive'}: Less data than horizon after initial window. Make horizon or initial shorter.
[2025-07-31T11:52:26.993+0000] {logging_mixin.py:188} INFO - Test 16/18: {'changepoint_prior_scale': 0.1, 'seasonality_prior_scale': 5.0, 'seasonality_mode': 'multiplicative'}
[2025-07-31T11:52:27.010+0000] {filesystem.py:118} DEBUG - input tempfile: /tmp/tmp86bl783a/lksbpn_5.json
[2025-07-31T11:52:27.056+0000] {filesystem.py:118} DEBUG - input tempfile: /tmp/tmp86bl783a/3mqss13c.json
[2025-07-31T11:52:27.057+0000] {model.py:2042} DEBUG - idx 0
[2025-07-31T11:52:27.058+0000] {model.py:2043} DEBUG - running CmdStan, num_threads: None
[2025-07-31T11:52:27.058+0000] {model.py:2055} DEBUG - CmdStan args: ['/home/airflow/.local/lib/python3.11/site-packages/prophet/stan_model/prophet_model.bin', 'random', 'seed=601', 'data', 'file=/tmp/tmp86bl783a/lksbpn_5.json', 'init=/tmp/tmp86bl783a/3mqss13c.json', 'output', 'file=/tmp/tmp86bl783a/prophet_model5jen5mcb/prophet_model-20250731115227.csv', 'method=optimize', 'algorithm=lbfgs', 'iter=10000']
[2025-07-31T11:52:27.059+0000] {logging_mixin.py:188} WARNING - 11:52:27 - cmdstanpy - INFO - Chain [1] start processing
[2025-07-31T11:52:27.059+0000] {model.py:2058} INFO - Chain [1] start processing
[2025-07-31T11:52:27.101+0000] {logging_mixin.py:188} WARNING - 11:52:27 - cmdstanpy - INFO - Chain [1] done processing
[2025-07-31T11:52:27.100+0000] {model.py:2115} INFO - Chain [1] done processing
[2025-07-31T11:52:27.104+0000] {logging_mixin.py:188} INFO - Erreur pour {'changepoint_prior_scale': 0.1, 'seasonality_prior_scale': 5.0, 'seasonality_mode': 'multiplicative'}: Less data than horizon after initial window. Make horizon or initial shorter.
[2025-07-31T11:52:27.105+0000] {logging_mixin.py:188} INFO - Test 17/18: {'changepoint_prior_scale': 0.1, 'seasonality_prior_scale': 10.0, 'seasonality_mode': 'additive'}
[2025-07-31T11:52:27.130+0000] {filesystem.py:118} DEBUG - input tempfile: /tmp/tmp86bl783a/2pk8577s.json
[2025-07-31T11:52:27.166+0000] {filesystem.py:118} DEBUG - input tempfile: /tmp/tmp86bl783a/kilxsl70.json
[2025-07-31T11:52:27.168+0000] {model.py:2042} DEBUG - idx 0
[2025-07-31T11:52:27.169+0000] {model.py:2043} DEBUG - running CmdStan, num_threads: None
[2025-07-31T11:52:27.169+0000] {model.py:2055} DEBUG - CmdStan args: ['/home/airflow/.local/lib/python3.11/site-packages/prophet/stan_model/prophet_model.bin', 'random', 'seed=55718', 'data', 'file=/tmp/tmp86bl783a/2pk8577s.json', 'init=/tmp/tmp86bl783a/kilxsl70.json', 'output', 'file=/tmp/tmp86bl783a/prophet_modelat1ri_qh/prophet_model-20250731115227.csv', 'method=optimize', 'algorithm=lbfgs', 'iter=10000']
[2025-07-31T11:52:27.170+0000] {logging_mixin.py:188} WARNING - 11:52:27 - cmdstanpy - INFO - Chain [1] start processing
[2025-07-31T11:52:27.170+0000] {model.py:2058} INFO - Chain [1] start processing
[2025-07-31T11:52:27.203+0000] {logging_mixin.py:188} WARNING - 11:52:27 - cmdstanpy - INFO - Chain [1] done processing
[2025-07-31T11:52:27.203+0000] {model.py:2115} INFO - Chain [1] done processing
[2025-07-31T11:52:27.208+0000] {logging_mixin.py:188} INFO - Erreur pour {'changepoint_prior_scale': 0.1, 'seasonality_prior_scale': 10.0, 'seasonality_mode': 'additive'}: Less data than horizon after initial window. Make horizon or initial shorter.
[2025-07-31T11:52:27.209+0000] {logging_mixin.py:188} INFO - Test 18/18: {'changepoint_prior_scale': 0.1, 'seasonality_prior_scale': 10.0, 'seasonality_mode': 'multiplicative'}
[2025-07-31T11:52:27.232+0000] {filesystem.py:118} DEBUG - input tempfile: /tmp/tmp86bl783a/9lldaw8m.json
[2025-07-31T11:52:27.286+0000] {filesystem.py:118} DEBUG - input tempfile: /tmp/tmp86bl783a/clc7koxx.json
[2025-07-31T11:52:27.288+0000] {model.py:2042} DEBUG - idx 0
[2025-07-31T11:52:27.289+0000] {model.py:2043} DEBUG - running CmdStan, num_threads: None
[2025-07-31T11:52:27.290+0000] {model.py:2055} DEBUG - CmdStan args: ['/home/airflow/.local/lib/python3.11/site-packages/prophet/stan_model/prophet_model.bin', 'random', 'seed=26259', 'data', 'file=/tmp/tmp86bl783a/9lldaw8m.json', 'init=/tmp/tmp86bl783a/clc7koxx.json', 'output', 'file=/tmp/tmp86bl783a/prophet_model07lvyueh/prophet_model-20250731115227.csv', 'method=optimize', 'algorithm=lbfgs', 'iter=10000']
[2025-07-31T11:52:27.290+0000] {logging_mixin.py:188} WARNING - 11:52:27 - cmdstanpy - INFO - Chain [1] start processing
[2025-07-31T11:52:27.290+0000] {model.py:2058} INFO - Chain [1] start processing
[2025-07-31T11:52:27.347+0000] {logging_mixin.py:188} WARNING - 11:52:27 - cmdstanpy - INFO - Chain [1] done processing
[2025-07-31T11:52:27.347+0000] {model.py:2115} INFO - Chain [1] done processing
[2025-07-31T11:52:27.350+0000] {logging_mixin.py:188} INFO - Erreur pour {'changepoint_prior_scale': 0.1, 'seasonality_prior_scale': 10.0, 'seasonality_mode': 'multiplicative'}: Less data than horizon after initial window. Make horizon or initial shorter.
[2025-07-31T11:52:27.351+0000] {taskinstance.py:441} INFO - ::group::Post task execution logs
[2025-07-31T11:52:27.351+0000] {taskinstance.py:2905} ERROR - Task failed with exception
Traceback (most recent call last):
  File "/home/airflow/.local/lib/python3.11/site-packages/airflow/models/taskinstance.py", line 465, in _execute_task
    result = _execute_callable(context=context, **execute_callable_kwargs)
             ^^^^^^^^^^^^^^^^^^^^^^^^^^^^^^^^^^^^^^^^^^^^^^^^^^^^^^^^^^^^^
  File "/home/airflow/.local/lib/python3.11/site-packages/airflow/models/taskinstance.py", line 432, in _execute_callable
    return execute_callable(context=context, **execute_callable_kwargs)
           ^^^^^^^^^^^^^^^^^^^^^^^^^^^^^^^^^^^^^^^^^^^^^^^^^^^^^^^^^^^^
  File "/home/airflow/.local/lib/python3.11/site-packages/airflow/models/baseoperator.py", line 401, in wrapper
    return func(self, *args, **kwargs)
           ^^^^^^^^^^^^^^^^^^^^^^^^^^^
  File "/home/airflow/.local/lib/python3.11/site-packages/airflow/operators/python.py", line 235, in execute
    return_value = self.execute_callable()
                   ^^^^^^^^^^^^^^^^^^^^^^^
  File "/home/airflow/.local/lib/python3.11/site-packages/airflow/operators/python.py", line 252, in execute_callable
    return self.python_callable(*self.op_args, **self.op_kwargs)
           ^^^^^^^^^^^^^^^^^^^^^^^^^^^^^^^^^^^^^^^^^^^^^^^^^^^^^
  File "/opt/airflow/dags/scripts/train_prophet.py", line 92, in train_prophet
    best_model_temp, scores_temp = optimize_prophet_model(temp_df)
                                   ^^^^^^^^^^^^^^^^^^^^^^^^^^^^^^^
  File "/opt/airflow/dags/scripts/train_prophet.py", line 44, in optimize_prophet_model
    best = min(results, key=lambda x: x[1])
           ^^^^^^^^^^^^^^^^^^^^^^^^^^^^^^^^
ValueError: min() arg is an empty sequence
[2025-07-31T11:52:27.384+0000] {taskinstance.py:1206} INFO - Marking task as UP_FOR_RETRY. dag_id=solar_ai_pipeline_2, task_id=train_prophet, run_id=scheduled__2023-07-12T00:00:00+00:00, execution_date=20230712T000000, start_date=20250731T115222, end_date=20250731T115227
[2025-07-31T11:52:27.458+0000] {standard_task_runner.py:110} ERROR - Failed to execute job 2905 for task train_prophet (min() arg is an empty sequence; 3617)
[2025-07-31T11:52:27.506+0000] {local_task_job_runner.py:240} INFO - Task exited with return code 1
[2025-07-31T11:52:27.554+0000] {taskinstance.py:3503} INFO - 0 downstream tasks scheduled from follow-on schedule check
[2025-07-31T11:52:27.557+0000] {local_task_job_runner.py:222} INFO - ::endgroup::
