[2025-07-31T12:03:40.079+0000] {local_task_job_runner.py:120} INFO - ::group::Pre task execution logs
[2025-07-31T12:03:40.184+0000] {taskinstance.py:2076} INFO - Dependencies all met for dep_context=non-requeueable deps ti=<TaskInstance: solar_ai_pipeline_2.train_prophet scheduled__2023-07-12T00:00:00+00:00 [queued]>
[2025-07-31T12:03:40.211+0000] {taskinstance.py:2076} INFO - Dependencies all met for dep_context=requeueable deps ti=<TaskInstance: solar_ai_pipeline_2.train_prophet scheduled__2023-07-12T00:00:00+00:00 [queued]>
[2025-07-31T12:03:40.216+0000] {taskinstance.py:2306} INFO - Starting attempt 4 of 4
[2025-07-31T12:03:40.308+0000] {taskinstance.py:2330} INFO - Executing <Task(PythonOperator): train_prophet> on 2023-07-12 00:00:00+00:00
[2025-07-31T12:03:40.319+0000] {standard_task_runner.py:63} INFO - Started process 4566 to run task
[2025-07-31T12:03:40.327+0000] {standard_task_runner.py:90} INFO - Running: ['airflow', 'tasks', 'run', 'solar_ai_pipeline_2', 'train_prophet', 'scheduled__2023-07-12T00:00:00+00:00', '--job-id', '2935', '--raw', '--subdir', 'DAGS_FOLDER/prophet_pipeline.py', '--cfg-path', '/tmp/tmpcowbvgvm']
[2025-07-31T12:03:40.332+0000] {standard_task_runner.py:91} INFO - Job 2935: Subtask train_prophet
[2025-07-31T12:03:40.563+0000] {task_command.py:426} INFO - Running <TaskInstance: solar_ai_pipeline_2.train_prophet scheduled__2023-07-12T00:00:00+00:00 [running]> on host a2a0dd314bdc
[2025-07-31T12:03:40.991+0000] {taskinstance.py:2648} INFO - Exporting env vars: AIRFLOW_CTX_DAG_OWNER='ensam' AIRFLOW_CTX_DAG_ID='solar_ai_pipeline_2' AIRFLOW_CTX_TASK_ID='train_prophet' AIRFLOW_CTX_EXECUTION_DATE='2023-07-12T00:00:00+00:00' AIRFLOW_CTX_TRY_NUMBER='4' AIRFLOW_CTX_DAG_RUN_ID='scheduled__2023-07-12T00:00:00+00:00'
[2025-07-31T12:03:40.993+0000] {taskinstance.py:430} INFO - ::endgroup::
[2025-07-31T12:03:42.035+0000] {plot.py:39} ERROR - Importing plotly failed. Interactive plots will not work.
[2025-07-31T12:03:42.044+0000] {logging_mixin.py:188} INFO - Training from 2023-01-01 to 2023-01-13
[2025-07-31T12:03:42.382+0000] {logging_mixin.py:188} INFO - Test 1/18: {'changepoint_prior_scale': 0.01, 'seasonality_prior_scale': 1.0, 'seasonality_mode': 'additive'}
[2025-07-31T12:03:42.454+0000] {filesystem.py:118} DEBUG - input tempfile: /tmp/tmpjepmgbl_/c7qei5cc.json
[2025-07-31T12:03:42.508+0000] {filesystem.py:118} DEBUG - input tempfile: /tmp/tmpjepmgbl_/hc7qclf1.json
[2025-07-31T12:03:42.510+0000] {model.py:2042} DEBUG - idx 0
[2025-07-31T12:03:42.511+0000] {model.py:2043} DEBUG - running CmdStan, num_threads: None
[2025-07-31T12:03:42.512+0000] {model.py:2055} DEBUG - CmdStan args: ['/home/airflow/.local/lib/python3.11/site-packages/prophet/stan_model/prophet_model.bin', 'random', 'seed=78685', 'data', 'file=/tmp/tmpjepmgbl_/c7qei5cc.json', 'init=/tmp/tmpjepmgbl_/hc7qclf1.json', 'output', 'file=/tmp/tmpjepmgbl_/prophet_modeli8dr51ee/prophet_model-20250731120342.csv', 'method=optimize', 'algorithm=lbfgs', 'iter=10000']
[2025-07-31T12:03:42.513+0000] {logging_mixin.py:188} WARNING - 12:03:42 - cmdstanpy - INFO - Chain [1] start processing
[2025-07-31T12:03:42.513+0000] {model.py:2058} INFO - Chain [1] start processing
[2025-07-31T12:03:42.570+0000] {logging_mixin.py:188} WARNING - 12:03:42 - cmdstanpy - INFO - Chain [1] done processing
[2025-07-31T12:03:42.569+0000] {model.py:2115} INFO - Chain [1] done processing
[2025-07-31T12:03:42.574+0000] {logging_mixin.py:188} INFO - Erreur pour {'changepoint_prior_scale': 0.01, 'seasonality_prior_scale': 1.0, 'seasonality_mode': 'additive'}: Less data than horizon after initial window. Make horizon or initial shorter.
[2025-07-31T12:03:42.575+0000] {logging_mixin.py:188} INFO - Test 2/18: {'changepoint_prior_scale': 0.01, 'seasonality_prior_scale': 1.0, 'seasonality_mode': 'multiplicative'}
[2025-07-31T12:03:42.598+0000] {filesystem.py:118} DEBUG - input tempfile: /tmp/tmpjepmgbl_/higahoxw.json
[2025-07-31T12:03:42.636+0000] {filesystem.py:118} DEBUG - input tempfile: /tmp/tmpjepmgbl_/b760koql.json
[2025-07-31T12:03:42.638+0000] {model.py:2042} DEBUG - idx 0
[2025-07-31T12:03:42.639+0000] {model.py:2043} DEBUG - running CmdStan, num_threads: None
[2025-07-31T12:03:42.639+0000] {model.py:2055} DEBUG - CmdStan args: ['/home/airflow/.local/lib/python3.11/site-packages/prophet/stan_model/prophet_model.bin', 'random', 'seed=54940', 'data', 'file=/tmp/tmpjepmgbl_/higahoxw.json', 'init=/tmp/tmpjepmgbl_/b760koql.json', 'output', 'file=/tmp/tmpjepmgbl_/prophet_modelfcjzry_v/prophet_model-20250731120342.csv', 'method=optimize', 'algorithm=lbfgs', 'iter=10000']
[2025-07-31T12:03:42.640+0000] {logging_mixin.py:188} WARNING - 12:03:42 - cmdstanpy - INFO - Chain [1] start processing
[2025-07-31T12:03:42.640+0000] {model.py:2058} INFO - Chain [1] start processing
[2025-07-31T12:03:42.677+0000] {logging_mixin.py:188} WARNING - 12:03:42 - cmdstanpy - INFO - Chain [1] done processing
[2025-07-31T12:03:42.677+0000] {model.py:2115} INFO - Chain [1] done processing
[2025-07-31T12:03:42.681+0000] {logging_mixin.py:188} INFO - Erreur pour {'changepoint_prior_scale': 0.01, 'seasonality_prior_scale': 1.0, 'seasonality_mode': 'multiplicative'}: Less data than horizon after initial window. Make horizon or initial shorter.
[2025-07-31T12:03:42.682+0000] {logging_mixin.py:188} INFO - Test 3/18: {'changepoint_prior_scale': 0.01, 'seasonality_prior_scale': 5.0, 'seasonality_mode': 'additive'}
[2025-07-31T12:03:42.704+0000] {filesystem.py:118} DEBUG - input tempfile: /tmp/tmpjepmgbl_/9zm4c6ls.json
[2025-07-31T12:03:42.768+0000] {filesystem.py:118} DEBUG - input tempfile: /tmp/tmpjepmgbl_/xbrme1vx.json
[2025-07-31T12:03:42.771+0000] {model.py:2042} DEBUG - idx 0
[2025-07-31T12:03:42.772+0000] {model.py:2043} DEBUG - running CmdStan, num_threads: None
[2025-07-31T12:03:42.773+0000] {model.py:2055} DEBUG - CmdStan args: ['/home/airflow/.local/lib/python3.11/site-packages/prophet/stan_model/prophet_model.bin', 'random', 'seed=669', 'data', 'file=/tmp/tmpjepmgbl_/9zm4c6ls.json', 'init=/tmp/tmpjepmgbl_/xbrme1vx.json', 'output', 'file=/tmp/tmpjepmgbl_/prophet_modeljbanh8zk/prophet_model-20250731120342.csv', 'method=optimize', 'algorithm=lbfgs', 'iter=10000']
[2025-07-31T12:03:42.773+0000] {logging_mixin.py:188} WARNING - 12:03:42 - cmdstanpy - INFO - Chain [1] start processing
[2025-07-31T12:03:42.773+0000] {model.py:2058} INFO - Chain [1] start processing
[2025-07-31T12:03:42.810+0000] {logging_mixin.py:188} WARNING - 12:03:42 - cmdstanpy - INFO - Chain [1] done processing
[2025-07-31T12:03:42.809+0000] {model.py:2115} INFO - Chain [1] done processing
[2025-07-31T12:03:42.813+0000] {logging_mixin.py:188} INFO - Erreur pour {'changepoint_prior_scale': 0.01, 'seasonality_prior_scale': 5.0, 'seasonality_mode': 'additive'}: Less data than horizon after initial window. Make horizon or initial shorter.
[2025-07-31T12:03:42.814+0000] {logging_mixin.py:188} INFO - Test 4/18: {'changepoint_prior_scale': 0.01, 'seasonality_prior_scale': 5.0, 'seasonality_mode': 'multiplicative'}
[2025-07-31T12:03:42.833+0000] {filesystem.py:118} DEBUG - input tempfile: /tmp/tmpjepmgbl_/ta77j8hc.json
[2025-07-31T12:03:42.867+0000] {filesystem.py:118} DEBUG - input tempfile: /tmp/tmpjepmgbl_/zkiib2hz.json
[2025-07-31T12:03:42.868+0000] {model.py:2042} DEBUG - idx 0
[2025-07-31T12:03:42.869+0000] {model.py:2043} DEBUG - running CmdStan, num_threads: None
[2025-07-31T12:03:42.869+0000] {model.py:2055} DEBUG - CmdStan args: ['/home/airflow/.local/lib/python3.11/site-packages/prophet/stan_model/prophet_model.bin', 'random', 'seed=24418', 'data', 'file=/tmp/tmpjepmgbl_/ta77j8hc.json', 'init=/tmp/tmpjepmgbl_/zkiib2hz.json', 'output', 'file=/tmp/tmpjepmgbl_/prophet_modelkgtj701g/prophet_model-20250731120342.csv', 'method=optimize', 'algorithm=lbfgs', 'iter=10000']
[2025-07-31T12:03:42.870+0000] {logging_mixin.py:188} WARNING - 12:03:42 - cmdstanpy - INFO - Chain [1] start processing
[2025-07-31T12:03:42.870+0000] {model.py:2058} INFO - Chain [1] start processing
[2025-07-31T12:03:42.907+0000] {logging_mixin.py:188} WARNING - 12:03:42 - cmdstanpy - INFO - Chain [1] done processing
[2025-07-31T12:03:42.907+0000] {model.py:2115} INFO - Chain [1] done processing
[2025-07-31T12:03:42.911+0000] {logging_mixin.py:188} INFO - Erreur pour {'changepoint_prior_scale': 0.01, 'seasonality_prior_scale': 5.0, 'seasonality_mode': 'multiplicative'}: Less data than horizon after initial window. Make horizon or initial shorter.
[2025-07-31T12:03:42.912+0000] {logging_mixin.py:188} INFO - Test 5/18: {'changepoint_prior_scale': 0.01, 'seasonality_prior_scale': 10.0, 'seasonality_mode': 'additive'}
[2025-07-31T12:03:42.927+0000] {filesystem.py:118} DEBUG - input tempfile: /tmp/tmpjepmgbl_/qu9mjtaj.json
[2025-07-31T12:03:42.962+0000] {filesystem.py:118} DEBUG - input tempfile: /tmp/tmpjepmgbl_/tre7tnei.json
[2025-07-31T12:03:42.964+0000] {model.py:2042} DEBUG - idx 0
[2025-07-31T12:03:42.965+0000] {model.py:2043} DEBUG - running CmdStan, num_threads: None
[2025-07-31T12:03:42.965+0000] {model.py:2055} DEBUG - CmdStan args: ['/home/airflow/.local/lib/python3.11/site-packages/prophet/stan_model/prophet_model.bin', 'random', 'seed=48815', 'data', 'file=/tmp/tmpjepmgbl_/qu9mjtaj.json', 'init=/tmp/tmpjepmgbl_/tre7tnei.json', 'output', 'file=/tmp/tmpjepmgbl_/prophet_modelhmohf11u/prophet_model-20250731120342.csv', 'method=optimize', 'algorithm=lbfgs', 'iter=10000']
[2025-07-31T12:03:42.966+0000] {logging_mixin.py:188} WARNING - 12:03:42 - cmdstanpy - INFO - Chain [1] start processing
[2025-07-31T12:03:42.966+0000] {model.py:2058} INFO - Chain [1] start processing
[2025-07-31T12:03:42.993+0000] {logging_mixin.py:188} WARNING - 12:03:42 - cmdstanpy - INFO - Chain [1] done processing
[2025-07-31T12:03:42.993+0000] {model.py:2115} INFO - Chain [1] done processing
[2025-07-31T12:03:42.997+0000] {logging_mixin.py:188} INFO - Erreur pour {'changepoint_prior_scale': 0.01, 'seasonality_prior_scale': 10.0, 'seasonality_mode': 'additive'}: Less data than horizon after initial window. Make horizon or initial shorter.
[2025-07-31T12:03:42.998+0000] {logging_mixin.py:188} INFO - Test 6/18: {'changepoint_prior_scale': 0.01, 'seasonality_prior_scale': 10.0, 'seasonality_mode': 'multiplicative'}
[2025-07-31T12:03:43.017+0000] {filesystem.py:118} DEBUG - input tempfile: /tmp/tmpjepmgbl_/r8_gizrh.json
[2025-07-31T12:03:43.056+0000] {filesystem.py:118} DEBUG - input tempfile: /tmp/tmpjepmgbl_/fi9gknbs.json
[2025-07-31T12:03:43.058+0000] {model.py:2042} DEBUG - idx 0
[2025-07-31T12:03:43.059+0000] {model.py:2043} DEBUG - running CmdStan, num_threads: None
[2025-07-31T12:03:43.060+0000] {model.py:2055} DEBUG - CmdStan args: ['/home/airflow/.local/lib/python3.11/site-packages/prophet/stan_model/prophet_model.bin', 'random', 'seed=41422', 'data', 'file=/tmp/tmpjepmgbl_/r8_gizrh.json', 'init=/tmp/tmpjepmgbl_/fi9gknbs.json', 'output', 'file=/tmp/tmpjepmgbl_/prophet_modell0l8e7xv/prophet_model-20250731120343.csv', 'method=optimize', 'algorithm=lbfgs', 'iter=10000']
[2025-07-31T12:03:43.061+0000] {logging_mixin.py:188} WARNING - 12:03:43 - cmdstanpy - INFO - Chain [1] start processing
[2025-07-31T12:03:43.061+0000] {model.py:2058} INFO - Chain [1] start processing
[2025-07-31T12:03:43.109+0000] {logging_mixin.py:188} WARNING - 12:03:43 - cmdstanpy - INFO - Chain [1] done processing
[2025-07-31T12:03:43.109+0000] {model.py:2115} INFO - Chain [1] done processing
[2025-07-31T12:03:43.112+0000] {logging_mixin.py:188} INFO - Erreur pour {'changepoint_prior_scale': 0.01, 'seasonality_prior_scale': 10.0, 'seasonality_mode': 'multiplicative'}: Less data than horizon after initial window. Make horizon or initial shorter.
[2025-07-31T12:03:43.113+0000] {logging_mixin.py:188} INFO - Test 7/18: {'changepoint_prior_scale': 0.05, 'seasonality_prior_scale': 1.0, 'seasonality_mode': 'additive'}
[2025-07-31T12:03:43.131+0000] {filesystem.py:118} DEBUG - input tempfile: /tmp/tmpjepmgbl_/rczxnvnx.json
[2025-07-31T12:03:43.170+0000] {filesystem.py:118} DEBUG - input tempfile: /tmp/tmpjepmgbl_/v6z5dshj.json
[2025-07-31T12:03:43.172+0000] {model.py:2042} DEBUG - idx 0
[2025-07-31T12:03:43.172+0000] {model.py:2043} DEBUG - running CmdStan, num_threads: None
[2025-07-31T12:03:43.173+0000] {model.py:2055} DEBUG - CmdStan args: ['/home/airflow/.local/lib/python3.11/site-packages/prophet/stan_model/prophet_model.bin', 'random', 'seed=15279', 'data', 'file=/tmp/tmpjepmgbl_/rczxnvnx.json', 'init=/tmp/tmpjepmgbl_/v6z5dshj.json', 'output', 'file=/tmp/tmpjepmgbl_/prophet_model1o8_o006/prophet_model-20250731120343.csv', 'method=optimize', 'algorithm=lbfgs', 'iter=10000']
[2025-07-31T12:03:43.173+0000] {logging_mixin.py:188} WARNING - 12:03:43 - cmdstanpy - INFO - Chain [1] start processing
[2025-07-31T12:03:43.173+0000] {model.py:2058} INFO - Chain [1] start processing
[2025-07-31T12:03:43.209+0000] {logging_mixin.py:188} WARNING - 12:03:43 - cmdstanpy - INFO - Chain [1] done processing
[2025-07-31T12:03:43.209+0000] {model.py:2115} INFO - Chain [1] done processing
[2025-07-31T12:03:43.212+0000] {logging_mixin.py:188} INFO - Erreur pour {'changepoint_prior_scale': 0.05, 'seasonality_prior_scale': 1.0, 'seasonality_mode': 'additive'}: Less data than horizon after initial window. Make horizon or initial shorter.
[2025-07-31T12:03:43.213+0000] {logging_mixin.py:188} INFO - Test 8/18: {'changepoint_prior_scale': 0.05, 'seasonality_prior_scale': 1.0, 'seasonality_mode': 'multiplicative'}
[2025-07-31T12:03:43.233+0000] {filesystem.py:118} DEBUG - input tempfile: /tmp/tmpjepmgbl_/b9l4ros_.json
[2025-07-31T12:03:43.276+0000] {filesystem.py:118} DEBUG - input tempfile: /tmp/tmpjepmgbl_/xonciq9x.json
[2025-07-31T12:03:43.277+0000] {model.py:2042} DEBUG - idx 0
[2025-07-31T12:03:43.278+0000] {model.py:2043} DEBUG - running CmdStan, num_threads: None
[2025-07-31T12:03:43.279+0000] {model.py:2055} DEBUG - CmdStan args: ['/home/airflow/.local/lib/python3.11/site-packages/prophet/stan_model/prophet_model.bin', 'random', 'seed=60250', 'data', 'file=/tmp/tmpjepmgbl_/b9l4ros_.json', 'init=/tmp/tmpjepmgbl_/xonciq9x.json', 'output', 'file=/tmp/tmpjepmgbl_/prophet_modeli9qpxmjl/prophet_model-20250731120343.csv', 'method=optimize', 'algorithm=lbfgs', 'iter=10000']
[2025-07-31T12:03:43.279+0000] {logging_mixin.py:188} WARNING - 12:03:43 - cmdstanpy - INFO - Chain [1] start processing
[2025-07-31T12:03:43.279+0000] {model.py:2058} INFO - Chain [1] start processing
[2025-07-31T12:03:43.346+0000] {logging_mixin.py:188} WARNING - 12:03:43 - cmdstanpy - INFO - Chain [1] done processing
[2025-07-31T12:03:43.345+0000] {model.py:2115} INFO - Chain [1] done processing
[2025-07-31T12:03:43.350+0000] {logging_mixin.py:188} INFO - Erreur pour {'changepoint_prior_scale': 0.05, 'seasonality_prior_scale': 1.0, 'seasonality_mode': 'multiplicative'}: Less data than horizon after initial window. Make horizon or initial shorter.
[2025-07-31T12:03:43.350+0000] {logging_mixin.py:188} INFO - Test 9/18: {'changepoint_prior_scale': 0.05, 'seasonality_prior_scale': 5.0, 'seasonality_mode': 'additive'}
[2025-07-31T12:03:43.371+0000] {filesystem.py:118} DEBUG - input tempfile: /tmp/tmpjepmgbl_/4u8ku4mn.json
[2025-07-31T12:03:43.403+0000] {filesystem.py:118} DEBUG - input tempfile: /tmp/tmpjepmgbl_/pumo13cc.json
[2025-07-31T12:03:43.406+0000] {model.py:2042} DEBUG - idx 0
[2025-07-31T12:03:43.406+0000] {model.py:2043} DEBUG - running CmdStan, num_threads: None
[2025-07-31T12:03:43.407+0000] {model.py:2055} DEBUG - CmdStan args: ['/home/airflow/.local/lib/python3.11/site-packages/prophet/stan_model/prophet_model.bin', 'random', 'seed=71261', 'data', 'file=/tmp/tmpjepmgbl_/4u8ku4mn.json', 'init=/tmp/tmpjepmgbl_/pumo13cc.json', 'output', 'file=/tmp/tmpjepmgbl_/prophet_model3_8yd2fi/prophet_model-20250731120343.csv', 'method=optimize', 'algorithm=lbfgs', 'iter=10000']
[2025-07-31T12:03:43.407+0000] {logging_mixin.py:188} WARNING - 12:03:43 - cmdstanpy - INFO - Chain [1] start processing
[2025-07-31T12:03:43.407+0000] {model.py:2058} INFO - Chain [1] start processing
[2025-07-31T12:03:43.459+0000] {logging_mixin.py:188} WARNING - 12:03:43 - cmdstanpy - INFO - Chain [1] done processing
[2025-07-31T12:03:43.459+0000] {model.py:2115} INFO - Chain [1] done processing
[2025-07-31T12:03:43.466+0000] {logging_mixin.py:188} INFO - Erreur pour {'changepoint_prior_scale': 0.05, 'seasonality_prior_scale': 5.0, 'seasonality_mode': 'additive'}: Less data than horizon after initial window. Make horizon or initial shorter.
[2025-07-31T12:03:43.467+0000] {logging_mixin.py:188} INFO - Test 10/18: {'changepoint_prior_scale': 0.05, 'seasonality_prior_scale': 5.0, 'seasonality_mode': 'multiplicative'}
[2025-07-31T12:03:43.497+0000] {filesystem.py:118} DEBUG - input tempfile: /tmp/tmpjepmgbl_/vudhae3s.json
[2025-07-31T12:03:43.534+0000] {filesystem.py:118} DEBUG - input tempfile: /tmp/tmpjepmgbl_/8mpvu4nd.json
[2025-07-31T12:03:43.536+0000] {model.py:2042} DEBUG - idx 0
[2025-07-31T12:03:43.536+0000] {model.py:2043} DEBUG - running CmdStan, num_threads: None
[2025-07-31T12:03:43.537+0000] {model.py:2055} DEBUG - CmdStan args: ['/home/airflow/.local/lib/python3.11/site-packages/prophet/stan_model/prophet_model.bin', 'random', 'seed=18999', 'data', 'file=/tmp/tmpjepmgbl_/vudhae3s.json', 'init=/tmp/tmpjepmgbl_/8mpvu4nd.json', 'output', 'file=/tmp/tmpjepmgbl_/prophet_modelv9tqh1qb/prophet_model-20250731120343.csv', 'method=optimize', 'algorithm=lbfgs', 'iter=10000']
[2025-07-31T12:03:43.538+0000] {logging_mixin.py:188} WARNING - 12:03:43 - cmdstanpy - INFO - Chain [1] start processing
[2025-07-31T12:03:43.537+0000] {model.py:2058} INFO - Chain [1] start processing
[2025-07-31T12:03:43.619+0000] {logging_mixin.py:188} WARNING - 12:03:43 - cmdstanpy - INFO - Chain [1] done processing
[2025-07-31T12:03:43.619+0000] {model.py:2115} INFO - Chain [1] done processing
[2025-07-31T12:03:43.625+0000] {logging_mixin.py:188} INFO - Erreur pour {'changepoint_prior_scale': 0.05, 'seasonality_prior_scale': 5.0, 'seasonality_mode': 'multiplicative'}: Less data than horizon after initial window. Make horizon or initial shorter.
[2025-07-31T12:03:43.626+0000] {logging_mixin.py:188} INFO - Test 11/18: {'changepoint_prior_scale': 0.05, 'seasonality_prior_scale': 10.0, 'seasonality_mode': 'additive'}
[2025-07-31T12:03:43.661+0000] {filesystem.py:118} DEBUG - input tempfile: /tmp/tmpjepmgbl_/1vkfuopu.json
[2025-07-31T12:03:43.713+0000] {filesystem.py:118} DEBUG - input tempfile: /tmp/tmpjepmgbl_/jm6i2jte.json
[2025-07-31T12:03:43.715+0000] {model.py:2042} DEBUG - idx 0
[2025-07-31T12:03:43.716+0000] {model.py:2043} DEBUG - running CmdStan, num_threads: None
[2025-07-31T12:03:43.717+0000] {model.py:2055} DEBUG - CmdStan args: ['/home/airflow/.local/lib/python3.11/site-packages/prophet/stan_model/prophet_model.bin', 'random', 'seed=38284', 'data', 'file=/tmp/tmpjepmgbl_/1vkfuopu.json', 'init=/tmp/tmpjepmgbl_/jm6i2jte.json', 'output', 'file=/tmp/tmpjepmgbl_/prophet_modelzl53nmwp/prophet_model-20250731120343.csv', 'method=optimize', 'algorithm=lbfgs', 'iter=10000']
[2025-07-31T12:03:43.717+0000] {logging_mixin.py:188} WARNING - 12:03:43 - cmdstanpy - INFO - Chain [1] start processing
[2025-07-31T12:03:43.717+0000] {model.py:2058} INFO - Chain [1] start processing
[2025-07-31T12:03:43.759+0000] {logging_mixin.py:188} WARNING - 12:03:43 - cmdstanpy - INFO - Chain [1] done processing
[2025-07-31T12:03:43.758+0000] {model.py:2115} INFO - Chain [1] done processing
[2025-07-31T12:03:43.762+0000] {logging_mixin.py:188} INFO - Erreur pour {'changepoint_prior_scale': 0.05, 'seasonality_prior_scale': 10.0, 'seasonality_mode': 'additive'}: Less data than horizon after initial window. Make horizon or initial shorter.
[2025-07-31T12:03:43.763+0000] {logging_mixin.py:188} INFO - Test 12/18: {'changepoint_prior_scale': 0.05, 'seasonality_prior_scale': 10.0, 'seasonality_mode': 'multiplicative'}
[2025-07-31T12:03:43.780+0000] {filesystem.py:118} DEBUG - input tempfile: /tmp/tmpjepmgbl_/3asarqj5.json
[2025-07-31T12:03:43.821+0000] {filesystem.py:118} DEBUG - input tempfile: /tmp/tmpjepmgbl_/_fc20m0t.json
[2025-07-31T12:03:43.822+0000] {model.py:2042} DEBUG - idx 0
[2025-07-31T12:03:43.823+0000] {model.py:2043} DEBUG - running CmdStan, num_threads: None
[2025-07-31T12:03:43.823+0000] {model.py:2055} DEBUG - CmdStan args: ['/home/airflow/.local/lib/python3.11/site-packages/prophet/stan_model/prophet_model.bin', 'random', 'seed=14899', 'data', 'file=/tmp/tmpjepmgbl_/3asarqj5.json', 'init=/tmp/tmpjepmgbl_/_fc20m0t.json', 'output', 'file=/tmp/tmpjepmgbl_/prophet_modelgd4thhtx/prophet_model-20250731120343.csv', 'method=optimize', 'algorithm=lbfgs', 'iter=10000']
[2025-07-31T12:03:43.824+0000] {logging_mixin.py:188} WARNING - 12:03:43 - cmdstanpy - INFO - Chain [1] start processing
[2025-07-31T12:03:43.824+0000] {model.py:2058} INFO - Chain [1] start processing
[2025-07-31T12:03:43.880+0000] {logging_mixin.py:188} WARNING - 12:03:43 - cmdstanpy - INFO - Chain [1] done processing
[2025-07-31T12:03:43.879+0000] {model.py:2115} INFO - Chain [1] done processing
[2025-07-31T12:03:43.883+0000] {logging_mixin.py:188} INFO - Erreur pour {'changepoint_prior_scale': 0.05, 'seasonality_prior_scale': 10.0, 'seasonality_mode': 'multiplicative'}: Less data than horizon after initial window. Make horizon or initial shorter.
[2025-07-31T12:03:43.884+0000] {logging_mixin.py:188} INFO - Test 13/18: {'changepoint_prior_scale': 0.1, 'seasonality_prior_scale': 1.0, 'seasonality_mode': 'additive'}
[2025-07-31T12:03:43.902+0000] {filesystem.py:118} DEBUG - input tempfile: /tmp/tmpjepmgbl_/ac4oahcx.json
[2025-07-31T12:03:43.947+0000] {filesystem.py:118} DEBUG - input tempfile: /tmp/tmpjepmgbl_/yl9s7wan.json
[2025-07-31T12:03:43.949+0000] {model.py:2042} DEBUG - idx 0
[2025-07-31T12:03:43.949+0000] {model.py:2043} DEBUG - running CmdStan, num_threads: None
[2025-07-31T12:03:43.950+0000] {model.py:2055} DEBUG - CmdStan args: ['/home/airflow/.local/lib/python3.11/site-packages/prophet/stan_model/prophet_model.bin', 'random', 'seed=8770', 'data', 'file=/tmp/tmpjepmgbl_/ac4oahcx.json', 'init=/tmp/tmpjepmgbl_/yl9s7wan.json', 'output', 'file=/tmp/tmpjepmgbl_/prophet_modelr71dc0x_/prophet_model-20250731120343.csv', 'method=optimize', 'algorithm=lbfgs', 'iter=10000']
[2025-07-31T12:03:43.951+0000] {logging_mixin.py:188} WARNING - 12:03:43 - cmdstanpy - INFO - Chain [1] start processing
[2025-07-31T12:03:43.951+0000] {model.py:2058} INFO - Chain [1] start processing
[2025-07-31T12:03:43.991+0000] {logging_mixin.py:188} WARNING - 12:03:43 - cmdstanpy - INFO - Chain [1] done processing
[2025-07-31T12:03:43.991+0000] {model.py:2115} INFO - Chain [1] done processing
[2025-07-31T12:03:43.997+0000] {logging_mixin.py:188} INFO - Erreur pour {'changepoint_prior_scale': 0.1, 'seasonality_prior_scale': 1.0, 'seasonality_mode': 'additive'}: Less data than horizon after initial window. Make horizon or initial shorter.
[2025-07-31T12:03:43.998+0000] {logging_mixin.py:188} INFO - Test 14/18: {'changepoint_prior_scale': 0.1, 'seasonality_prior_scale': 1.0, 'seasonality_mode': 'multiplicative'}
[2025-07-31T12:03:44.032+0000] {filesystem.py:118} DEBUG - input tempfile: /tmp/tmpjepmgbl_/1_axkh25.json
[2025-07-31T12:03:44.086+0000] {filesystem.py:118} DEBUG - input tempfile: /tmp/tmpjepmgbl_/c_843qj2.json
[2025-07-31T12:03:44.089+0000] {model.py:2042} DEBUG - idx 0
[2025-07-31T12:03:44.090+0000] {model.py:2043} DEBUG - running CmdStan, num_threads: None
[2025-07-31T12:03:44.090+0000] {model.py:2055} DEBUG - CmdStan args: ['/home/airflow/.local/lib/python3.11/site-packages/prophet/stan_model/prophet_model.bin', 'random', 'seed=23743', 'data', 'file=/tmp/tmpjepmgbl_/1_axkh25.json', 'init=/tmp/tmpjepmgbl_/c_843qj2.json', 'output', 'file=/tmp/tmpjepmgbl_/prophet_modelu_saufc5/prophet_model-20250731120344.csv', 'method=optimize', 'algorithm=lbfgs', 'iter=10000']
[2025-07-31T12:03:44.091+0000] {logging_mixin.py:188} WARNING - 12:03:44 - cmdstanpy - INFO - Chain [1] start processing
[2025-07-31T12:03:44.091+0000] {model.py:2058} INFO - Chain [1] start processing
[2025-07-31T12:03:44.159+0000] {logging_mixin.py:188} WARNING - 12:03:44 - cmdstanpy - INFO - Chain [1] done processing
[2025-07-31T12:03:44.159+0000] {model.py:2115} INFO - Chain [1] done processing
[2025-07-31T12:03:44.166+0000] {logging_mixin.py:188} INFO - Erreur pour {'changepoint_prior_scale': 0.1, 'seasonality_prior_scale': 1.0, 'seasonality_mode': 'multiplicative'}: Less data than horizon after initial window. Make horizon or initial shorter.
[2025-07-31T12:03:44.167+0000] {logging_mixin.py:188} INFO - Test 15/18: {'changepoint_prior_scale': 0.1, 'seasonality_prior_scale': 5.0, 'seasonality_mode': 'additive'}
[2025-07-31T12:03:44.201+0000] {filesystem.py:118} DEBUG - input tempfile: /tmp/tmpjepmgbl_/pznqt2mx.json
[2025-07-31T12:03:44.256+0000] {filesystem.py:118} DEBUG - input tempfile: /tmp/tmpjepmgbl_/grx00am1.json
[2025-07-31T12:03:44.258+0000] {model.py:2042} DEBUG - idx 0
[2025-07-31T12:03:44.258+0000] {model.py:2043} DEBUG - running CmdStan, num_threads: None
[2025-07-31T12:03:44.259+0000] {model.py:2055} DEBUG - CmdStan args: ['/home/airflow/.local/lib/python3.11/site-packages/prophet/stan_model/prophet_model.bin', 'random', 'seed=34219', 'data', 'file=/tmp/tmpjepmgbl_/pznqt2mx.json', 'init=/tmp/tmpjepmgbl_/grx00am1.json', 'output', 'file=/tmp/tmpjepmgbl_/prophet_model6n_x7yrj/prophet_model-20250731120344.csv', 'method=optimize', 'algorithm=lbfgs', 'iter=10000']
[2025-07-31T12:03:44.260+0000] {logging_mixin.py:188} WARNING - 12:03:44 - cmdstanpy - INFO - Chain [1] start processing
[2025-07-31T12:03:44.260+0000] {model.py:2058} INFO - Chain [1] start processing
[2025-07-31T12:03:44.299+0000] {logging_mixin.py:188} WARNING - 12:03:44 - cmdstanpy - INFO - Chain [1] done processing
[2025-07-31T12:03:44.298+0000] {model.py:2115} INFO - Chain [1] done processing
[2025-07-31T12:03:44.303+0000] {logging_mixin.py:188} INFO - Erreur pour {'changepoint_prior_scale': 0.1, 'seasonality_prior_scale': 5.0, 'seasonality_mode': 'additive'}: Less data than horizon after initial window. Make horizon or initial shorter.
[2025-07-31T12:03:44.303+0000] {logging_mixin.py:188} INFO - Test 16/18: {'changepoint_prior_scale': 0.1, 'seasonality_prior_scale': 5.0, 'seasonality_mode': 'multiplicative'}
[2025-07-31T12:03:44.329+0000] {filesystem.py:118} DEBUG - input tempfile: /tmp/tmpjepmgbl_/610wvlzq.json
[2025-07-31T12:03:44.365+0000] {filesystem.py:118} DEBUG - input tempfile: /tmp/tmpjepmgbl_/trdpy8k7.json
[2025-07-31T12:03:44.367+0000] {model.py:2042} DEBUG - idx 0
[2025-07-31T12:03:44.368+0000] {model.py:2043} DEBUG - running CmdStan, num_threads: None
[2025-07-31T12:03:44.368+0000] {model.py:2055} DEBUG - CmdStan args: ['/home/airflow/.local/lib/python3.11/site-packages/prophet/stan_model/prophet_model.bin', 'random', 'seed=7653', 'data', 'file=/tmp/tmpjepmgbl_/610wvlzq.json', 'init=/tmp/tmpjepmgbl_/trdpy8k7.json', 'output', 'file=/tmp/tmpjepmgbl_/prophet_modelovmcevxs/prophet_model-20250731120344.csv', 'method=optimize', 'algorithm=lbfgs', 'iter=10000']
[2025-07-31T12:03:44.369+0000] {logging_mixin.py:188} WARNING - 12:03:44 - cmdstanpy - INFO - Chain [1] start processing
[2025-07-31T12:03:44.369+0000] {model.py:2058} INFO - Chain [1] start processing
[2025-07-31T12:03:44.411+0000] {logging_mixin.py:188} WARNING - 12:03:44 - cmdstanpy - INFO - Chain [1] done processing
[2025-07-31T12:03:44.411+0000] {model.py:2115} INFO - Chain [1] done processing
[2025-07-31T12:03:44.415+0000] {logging_mixin.py:188} INFO - Erreur pour {'changepoint_prior_scale': 0.1, 'seasonality_prior_scale': 5.0, 'seasonality_mode': 'multiplicative'}: Less data than horizon after initial window. Make horizon or initial shorter.
[2025-07-31T12:03:44.416+0000] {logging_mixin.py:188} INFO - Test 17/18: {'changepoint_prior_scale': 0.1, 'seasonality_prior_scale': 10.0, 'seasonality_mode': 'additive'}
[2025-07-31T12:03:44.431+0000] {filesystem.py:118} DEBUG - input tempfile: /tmp/tmpjepmgbl_/y5bvi09d.json
[2025-07-31T12:03:44.470+0000] {filesystem.py:118} DEBUG - input tempfile: /tmp/tmpjepmgbl_/dkwfxprc.json
[2025-07-31T12:03:44.472+0000] {model.py:2042} DEBUG - idx 0
[2025-07-31T12:03:44.472+0000] {model.py:2043} DEBUG - running CmdStan, num_threads: None
[2025-07-31T12:03:44.473+0000] {model.py:2055} DEBUG - CmdStan args: ['/home/airflow/.local/lib/python3.11/site-packages/prophet/stan_model/prophet_model.bin', 'random', 'seed=65283', 'data', 'file=/tmp/tmpjepmgbl_/y5bvi09d.json', 'init=/tmp/tmpjepmgbl_/dkwfxprc.json', 'output', 'file=/tmp/tmpjepmgbl_/prophet_modelc8jnp4c2/prophet_model-20250731120344.csv', 'method=optimize', 'algorithm=lbfgs', 'iter=10000']
[2025-07-31T12:03:44.473+0000] {logging_mixin.py:188} WARNING - 12:03:44 - cmdstanpy - INFO - Chain [1] start processing
[2025-07-31T12:03:44.473+0000] {model.py:2058} INFO - Chain [1] start processing
[2025-07-31T12:03:44.506+0000] {logging_mixin.py:188} WARNING - 12:03:44 - cmdstanpy - INFO - Chain [1] done processing
[2025-07-31T12:03:44.506+0000] {model.py:2115} INFO - Chain [1] done processing
[2025-07-31T12:03:44.510+0000] {logging_mixin.py:188} INFO - Erreur pour {'changepoint_prior_scale': 0.1, 'seasonality_prior_scale': 10.0, 'seasonality_mode': 'additive'}: Less data than horizon after initial window. Make horizon or initial shorter.
[2025-07-31T12:03:44.511+0000] {logging_mixin.py:188} INFO - Test 18/18: {'changepoint_prior_scale': 0.1, 'seasonality_prior_scale': 10.0, 'seasonality_mode': 'multiplicative'}
[2025-07-31T12:03:44.530+0000] {filesystem.py:118} DEBUG - input tempfile: /tmp/tmpjepmgbl_/acunbrzn.json
[2025-07-31T12:03:44.565+0000] {filesystem.py:118} DEBUG - input tempfile: /tmp/tmpjepmgbl_/fiahke5t.json
[2025-07-31T12:03:44.567+0000] {model.py:2042} DEBUG - idx 0
[2025-07-31T12:03:44.568+0000] {model.py:2043} DEBUG - running CmdStan, num_threads: None
[2025-07-31T12:03:44.569+0000] {model.py:2055} DEBUG - CmdStan args: ['/home/airflow/.local/lib/python3.11/site-packages/prophet/stan_model/prophet_model.bin', 'random', 'seed=98279', 'data', 'file=/tmp/tmpjepmgbl_/acunbrzn.json', 'init=/tmp/tmpjepmgbl_/fiahke5t.json', 'output', 'file=/tmp/tmpjepmgbl_/prophet_modell7opm9yf/prophet_model-20250731120344.csv', 'method=optimize', 'algorithm=lbfgs', 'iter=10000']
[2025-07-31T12:03:44.569+0000] {logging_mixin.py:188} WARNING - 12:03:44 - cmdstanpy - INFO - Chain [1] start processing
[2025-07-31T12:03:44.569+0000] {model.py:2058} INFO - Chain [1] start processing
[2025-07-31T12:03:44.625+0000] {logging_mixin.py:188} WARNING - 12:03:44 - cmdstanpy - INFO - Chain [1] done processing
[2025-07-31T12:03:44.625+0000] {model.py:2115} INFO - Chain [1] done processing
[2025-07-31T12:03:44.629+0000] {logging_mixin.py:188} INFO - Erreur pour {'changepoint_prior_scale': 0.1, 'seasonality_prior_scale': 10.0, 'seasonality_mode': 'multiplicative'}: Less data than horizon after initial window. Make horizon or initial shorter.
[2025-07-31T12:03:44.629+0000] {taskinstance.py:441} INFO - ::group::Post task execution logs
[2025-07-31T12:03:44.630+0000] {taskinstance.py:2905} ERROR - Task failed with exception
Traceback (most recent call last):
  File "/home/airflow/.local/lib/python3.11/site-packages/airflow/models/taskinstance.py", line 465, in _execute_task
    result = _execute_callable(context=context, **execute_callable_kwargs)
             ^^^^^^^^^^^^^^^^^^^^^^^^^^^^^^^^^^^^^^^^^^^^^^^^^^^^^^^^^^^^^
  File "/home/airflow/.local/lib/python3.11/site-packages/airflow/models/taskinstance.py", line 432, in _execute_callable
    return execute_callable(context=context, **execute_callable_kwargs)
           ^^^^^^^^^^^^^^^^^^^^^^^^^^^^^^^^^^^^^^^^^^^^^^^^^^^^^^^^^^^^
  File "/home/airflow/.local/lib/python3.11/site-packages/airflow/models/baseoperator.py", line 401, in wrapper
    return func(self, *args, **kwargs)
           ^^^^^^^^^^^^^^^^^^^^^^^^^^^
  File "/home/airflow/.local/lib/python3.11/site-packages/airflow/operators/python.py", line 235, in execute
    return_value = self.execute_callable()
                   ^^^^^^^^^^^^^^^^^^^^^^^
  File "/home/airflow/.local/lib/python3.11/site-packages/airflow/operators/python.py", line 252, in execute_callable
    return self.python_callable(*self.op_args, **self.op_kwargs)
           ^^^^^^^^^^^^^^^^^^^^^^^^^^^^^^^^^^^^^^^^^^^^^^^^^^^^^
  File "/opt/airflow/dags/scripts/train_prophet.py", line 92, in train_prophet
    best_model_temp, scores_temp = optimize_prophet_model(temp_df)
                                   ^^^^^^^^^^^^^^^^^^^^^^^^^^^^^^^
  File "/opt/airflow/dags/scripts/train_prophet.py", line 44, in optimize_prophet_model
    best = min(results, key=lambda x: x[1])
           ^^^^^^^^^^^^^^^^^^^^^^^^^^^^^^^^
ValueError: min() arg is an empty sequence
[2025-07-31T12:03:44.678+0000] {taskinstance.py:1206} INFO - Marking task as FAILED. dag_id=solar_ai_pipeline_2, task_id=train_prophet, run_id=scheduled__2023-07-12T00:00:00+00:00, execution_date=20230712T000000, start_date=20250731T120340, end_date=20250731T120344
[2025-07-31T12:03:44.789+0000] {standard_task_runner.py:110} ERROR - Failed to execute job 2935 for task train_prophet (min() arg is an empty sequence; 4566)
[2025-07-31T12:03:44.846+0000] {local_task_job_runner.py:240} INFO - Task exited with return code 1
[2025-07-31T12:03:44.936+0000] {taskinstance.py:3503} INFO - 0 downstream tasks scheduled from follow-on schedule check
[2025-07-31T12:03:45.023+0000] {local_task_job_runner.py:222} INFO - ::endgroup::
