[2025-07-31T08:31:57.704+0000] {local_task_job_runner.py:120} INFO - ::group::Pre task execution logs
[2025-07-31T08:31:57.801+0000] {taskinstance.py:2076} INFO - Dependencies all met for dep_context=non-requeueable deps ti=<TaskInstance: solar_ai_pipeline_2.train_prophet scheduled__2023-07-25T00:00:00+00:00 [queued]>
[2025-07-31T08:31:57.848+0000] {taskinstance.py:2076} INFO - Dependencies all met for dep_context=requeueable deps ti=<TaskInstance: solar_ai_pipeline_2.train_prophet scheduled__2023-07-25T00:00:00+00:00 [queued]>
[2025-07-31T08:31:57.849+0000] {taskinstance.py:2306} INFO - Starting attempt 1 of 2
[2025-07-31T08:31:58.220+0000] {taskinstance.py:2330} INFO - Executing <Task(PythonOperator): train_prophet> on 2023-07-25 00:00:00+00:00
[2025-07-31T08:31:58.236+0000] {standard_task_runner.py:63} INFO - Started process 5177 to run task
[2025-07-31T08:31:58.244+0000] {standard_task_runner.py:90} INFO - Running: ['airflow', 'tasks', 'run', 'solar_ai_pipeline_2', 'train_prophet', 'scheduled__2023-07-25T00:00:00+00:00', '--job-id', '2157', '--raw', '--subdir', 'DAGS_FOLDER/prophet_pipeline.py', '--cfg-path', '/tmp/tmp8ntdisk6']
[2025-07-31T08:31:58.248+0000] {standard_task_runner.py:91} INFO - Job 2157: Subtask train_prophet
[2025-07-31T08:31:58.489+0000] {task_command.py:426} INFO - Running <TaskInstance: solar_ai_pipeline_2.train_prophet scheduled__2023-07-25T00:00:00+00:00 [running]> on host 4c586ddbbbe9
[2025-07-31T08:31:58.913+0000] {taskinstance.py:2648} INFO - Exporting env vars: AIRFLOW_CTX_DAG_OWNER='ensam' AIRFLOW_CTX_DAG_ID='solar_ai_pipeline_2' AIRFLOW_CTX_TASK_ID='train_prophet' AIRFLOW_CTX_EXECUTION_DATE='2023-07-25T00:00:00+00:00' AIRFLOW_CTX_TRY_NUMBER='1' AIRFLOW_CTX_DAG_RUN_ID='scheduled__2023-07-25T00:00:00+00:00'
[2025-07-31T08:31:58.915+0000] {taskinstance.py:430} INFO - ::endgroup::
[2025-07-31T08:31:59.855+0000] {plot.py:39} ERROR - Importing plotly failed. Interactive plots will not work.
[2025-07-31T08:31:59.863+0000] {logging_mixin.py:188} INFO - Training from 2023-01-01 to 2023-01-26
[2025-07-31T08:32:00.281+0000] {logging_mixin.py:188} INFO - Test 1/18: {'changepoint_prior_scale': 0.01, 'seasonality_prior_scale': 1.0, 'seasonality_mode': 'additive'}
[2025-07-31T08:32:00.331+0000] {logging_mixin.py:188} INFO - Erreur pour {'changepoint_prior_scale': 0.01, 'seasonality_prior_scale': 1.0, 'seasonality_mode': 'additive'}: Column ds has timezone specified, which is not supported. Remove timezone.
[2025-07-31T08:32:00.332+0000] {logging_mixin.py:188} INFO - Test 2/18: {'changepoint_prior_scale': 0.01, 'seasonality_prior_scale': 1.0, 'seasonality_mode': 'multiplicative'}
[2025-07-31T08:32:00.335+0000] {logging_mixin.py:188} INFO - Erreur pour {'changepoint_prior_scale': 0.01, 'seasonality_prior_scale': 1.0, 'seasonality_mode': 'multiplicative'}: Column ds has timezone specified, which is not supported. Remove timezone.
[2025-07-31T08:32:00.336+0000] {logging_mixin.py:188} INFO - Test 3/18: {'changepoint_prior_scale': 0.01, 'seasonality_prior_scale': 5.0, 'seasonality_mode': 'additive'}
[2025-07-31T08:32:00.340+0000] {logging_mixin.py:188} INFO - Erreur pour {'changepoint_prior_scale': 0.01, 'seasonality_prior_scale': 5.0, 'seasonality_mode': 'additive'}: Column ds has timezone specified, which is not supported. Remove timezone.
[2025-07-31T08:32:00.340+0000] {logging_mixin.py:188} INFO - Test 4/18: {'changepoint_prior_scale': 0.01, 'seasonality_prior_scale': 5.0, 'seasonality_mode': 'multiplicative'}
[2025-07-31T08:32:00.344+0000] {logging_mixin.py:188} INFO - Erreur pour {'changepoint_prior_scale': 0.01, 'seasonality_prior_scale': 5.0, 'seasonality_mode': 'multiplicative'}: Column ds has timezone specified, which is not supported. Remove timezone.
[2025-07-31T08:32:00.344+0000] {logging_mixin.py:188} INFO - Test 5/18: {'changepoint_prior_scale': 0.01, 'seasonality_prior_scale': 10.0, 'seasonality_mode': 'additive'}
[2025-07-31T08:32:00.347+0000] {logging_mixin.py:188} INFO - Erreur pour {'changepoint_prior_scale': 0.01, 'seasonality_prior_scale': 10.0, 'seasonality_mode': 'additive'}: Column ds has timezone specified, which is not supported. Remove timezone.
[2025-07-31T08:32:00.348+0000] {logging_mixin.py:188} INFO - Test 6/18: {'changepoint_prior_scale': 0.01, 'seasonality_prior_scale': 10.0, 'seasonality_mode': 'multiplicative'}
[2025-07-31T08:32:00.351+0000] {logging_mixin.py:188} INFO - Erreur pour {'changepoint_prior_scale': 0.01, 'seasonality_prior_scale': 10.0, 'seasonality_mode': 'multiplicative'}: Column ds has timezone specified, which is not supported. Remove timezone.
[2025-07-31T08:32:00.352+0000] {logging_mixin.py:188} INFO - Test 7/18: {'changepoint_prior_scale': 0.05, 'seasonality_prior_scale': 1.0, 'seasonality_mode': 'additive'}
[2025-07-31T08:32:00.355+0000] {logging_mixin.py:188} INFO - Erreur pour {'changepoint_prior_scale': 0.05, 'seasonality_prior_scale': 1.0, 'seasonality_mode': 'additive'}: Column ds has timezone specified, which is not supported. Remove timezone.
[2025-07-31T08:32:00.357+0000] {logging_mixin.py:188} INFO - Test 8/18: {'changepoint_prior_scale': 0.05, 'seasonality_prior_scale': 1.0, 'seasonality_mode': 'multiplicative'}
[2025-07-31T08:32:00.361+0000] {logging_mixin.py:188} INFO - Erreur pour {'changepoint_prior_scale': 0.05, 'seasonality_prior_scale': 1.0, 'seasonality_mode': 'multiplicative'}: Column ds has timezone specified, which is not supported. Remove timezone.
[2025-07-31T08:32:00.361+0000] {logging_mixin.py:188} INFO - Test 9/18: {'changepoint_prior_scale': 0.05, 'seasonality_prior_scale': 5.0, 'seasonality_mode': 'additive'}
[2025-07-31T08:32:00.365+0000] {logging_mixin.py:188} INFO - Erreur pour {'changepoint_prior_scale': 0.05, 'seasonality_prior_scale': 5.0, 'seasonality_mode': 'additive'}: Column ds has timezone specified, which is not supported. Remove timezone.
[2025-07-31T08:32:00.366+0000] {logging_mixin.py:188} INFO - Test 10/18: {'changepoint_prior_scale': 0.05, 'seasonality_prior_scale': 5.0, 'seasonality_mode': 'multiplicative'}
[2025-07-31T08:32:00.369+0000] {logging_mixin.py:188} INFO - Erreur pour {'changepoint_prior_scale': 0.05, 'seasonality_prior_scale': 5.0, 'seasonality_mode': 'multiplicative'}: Column ds has timezone specified, which is not supported. Remove timezone.
[2025-07-31T08:32:00.370+0000] {logging_mixin.py:188} INFO - Test 11/18: {'changepoint_prior_scale': 0.05, 'seasonality_prior_scale': 10.0, 'seasonality_mode': 'additive'}
[2025-07-31T08:32:00.373+0000] {logging_mixin.py:188} INFO - Erreur pour {'changepoint_prior_scale': 0.05, 'seasonality_prior_scale': 10.0, 'seasonality_mode': 'additive'}: Column ds has timezone specified, which is not supported. Remove timezone.
[2025-07-31T08:32:00.374+0000] {logging_mixin.py:188} INFO - Test 12/18: {'changepoint_prior_scale': 0.05, 'seasonality_prior_scale': 10.0, 'seasonality_mode': 'multiplicative'}
[2025-07-31T08:32:00.378+0000] {logging_mixin.py:188} INFO - Erreur pour {'changepoint_prior_scale': 0.05, 'seasonality_prior_scale': 10.0, 'seasonality_mode': 'multiplicative'}: Column ds has timezone specified, which is not supported. Remove timezone.
[2025-07-31T08:32:00.378+0000] {logging_mixin.py:188} INFO - Test 13/18: {'changepoint_prior_scale': 0.1, 'seasonality_prior_scale': 1.0, 'seasonality_mode': 'additive'}
[2025-07-31T08:32:00.382+0000] {logging_mixin.py:188} INFO - Erreur pour {'changepoint_prior_scale': 0.1, 'seasonality_prior_scale': 1.0, 'seasonality_mode': 'additive'}: Column ds has timezone specified, which is not supported. Remove timezone.
[2025-07-31T08:32:00.382+0000] {logging_mixin.py:188} INFO - Test 14/18: {'changepoint_prior_scale': 0.1, 'seasonality_prior_scale': 1.0, 'seasonality_mode': 'multiplicative'}
[2025-07-31T08:32:00.385+0000] {logging_mixin.py:188} INFO - Erreur pour {'changepoint_prior_scale': 0.1, 'seasonality_prior_scale': 1.0, 'seasonality_mode': 'multiplicative'}: Column ds has timezone specified, which is not supported. Remove timezone.
[2025-07-31T08:32:00.386+0000] {logging_mixin.py:188} INFO - Test 15/18: {'changepoint_prior_scale': 0.1, 'seasonality_prior_scale': 5.0, 'seasonality_mode': 'additive'}
[2025-07-31T08:32:00.390+0000] {logging_mixin.py:188} INFO - Erreur pour {'changepoint_prior_scale': 0.1, 'seasonality_prior_scale': 5.0, 'seasonality_mode': 'additive'}: Column ds has timezone specified, which is not supported. Remove timezone.
[2025-07-31T08:32:00.391+0000] {logging_mixin.py:188} INFO - Test 16/18: {'changepoint_prior_scale': 0.1, 'seasonality_prior_scale': 5.0, 'seasonality_mode': 'multiplicative'}
[2025-07-31T08:32:00.394+0000] {logging_mixin.py:188} INFO - Erreur pour {'changepoint_prior_scale': 0.1, 'seasonality_prior_scale': 5.0, 'seasonality_mode': 'multiplicative'}: Column ds has timezone specified, which is not supported. Remove timezone.
[2025-07-31T08:32:00.395+0000] {logging_mixin.py:188} INFO - Test 17/18: {'changepoint_prior_scale': 0.1, 'seasonality_prior_scale': 10.0, 'seasonality_mode': 'additive'}
[2025-07-31T08:32:00.398+0000] {logging_mixin.py:188} INFO - Erreur pour {'changepoint_prior_scale': 0.1, 'seasonality_prior_scale': 10.0, 'seasonality_mode': 'additive'}: Column ds has timezone specified, which is not supported. Remove timezone.
[2025-07-31T08:32:00.399+0000] {logging_mixin.py:188} INFO - Test 18/18: {'changepoint_prior_scale': 0.1, 'seasonality_prior_scale': 10.0, 'seasonality_mode': 'multiplicative'}
[2025-07-31T08:32:00.402+0000] {logging_mixin.py:188} INFO - Erreur pour {'changepoint_prior_scale': 0.1, 'seasonality_prior_scale': 10.0, 'seasonality_mode': 'multiplicative'}: Column ds has timezone specified, which is not supported. Remove timezone.
[2025-07-31T08:32:00.403+0000] {taskinstance.py:441} INFO - ::group::Post task execution logs
[2025-07-31T08:32:00.403+0000] {taskinstance.py:2905} ERROR - Task failed with exception
Traceback (most recent call last):
  File "/home/airflow/.local/lib/python3.11/site-packages/airflow/models/taskinstance.py", line 465, in _execute_task
    result = _execute_callable(context=context, **execute_callable_kwargs)
             ^^^^^^^^^^^^^^^^^^^^^^^^^^^^^^^^^^^^^^^^^^^^^^^^^^^^^^^^^^^^^
  File "/home/airflow/.local/lib/python3.11/site-packages/airflow/models/taskinstance.py", line 432, in _execute_callable
    return execute_callable(context=context, **execute_callable_kwargs)
           ^^^^^^^^^^^^^^^^^^^^^^^^^^^^^^^^^^^^^^^^^^^^^^^^^^^^^^^^^^^^
  File "/home/airflow/.local/lib/python3.11/site-packages/airflow/models/baseoperator.py", line 401, in wrapper
    return func(self, *args, **kwargs)
           ^^^^^^^^^^^^^^^^^^^^^^^^^^^
  File "/home/airflow/.local/lib/python3.11/site-packages/airflow/operators/python.py", line 235, in execute
    return_value = self.execute_callable()
                   ^^^^^^^^^^^^^^^^^^^^^^^
  File "/home/airflow/.local/lib/python3.11/site-packages/airflow/operators/python.py", line 252, in execute_callable
    return self.python_callable(*self.op_args, **self.op_kwargs)
           ^^^^^^^^^^^^^^^^^^^^^^^^^^^^^^^^^^^^^^^^^^^^^^^^^^^^^
  File "/opt/airflow/dags/scripts/train_prophet.py", line 88, in train_prophet
    best_model_temp, scores_temp = optimize_prophet_model(temp_df)
                                   ^^^^^^^^^^^^^^^^^^^^^^^^^^^^^^^
  File "/opt/airflow/dags/scripts/train_prophet.py", line 44, in optimize_prophet_model
    best = min(results, key=lambda x: x[1])
           ^^^^^^^^^^^^^^^^^^^^^^^^^^^^^^^^
ValueError: min() arg is an empty sequence
[2025-07-31T08:32:00.445+0000] {taskinstance.py:1206} INFO - Marking task as UP_FOR_RETRY. dag_id=solar_ai_pipeline_2, task_id=train_prophet, run_id=scheduled__2023-07-25T00:00:00+00:00, execution_date=20230725T000000, start_date=20250731T083157, end_date=20250731T083200
[2025-07-31T08:32:00.539+0000] {standard_task_runner.py:110} ERROR - Failed to execute job 2157 for task train_prophet (min() arg is an empty sequence; 5177)
[2025-07-31T08:32:00.590+0000] {local_task_job_runner.py:240} INFO - Task exited with return code 1
[2025-07-31T08:32:00.643+0000] {taskinstance.py:3503} INFO - 0 downstream tasks scheduled from follow-on schedule check
[2025-07-31T08:32:00.646+0000] {local_task_job_runner.py:222} INFO - ::endgroup::
