[2025-07-31T12:49:34.888+0000] {local_task_job_runner.py:120} INFO - ::group::Pre task execution logs
[2025-07-31T12:49:34.986+0000] {taskinstance.py:2076} INFO - Dependencies all met for dep_context=non-requeueable deps ti=<TaskInstance: solar_ai_pipeline_2.train_prophet scheduled__2023-07-25T00:00:00+00:00 [queued]>
[2025-07-31T12:49:35.025+0000] {taskinstance.py:2076} INFO - Dependencies all met for dep_context=requeueable deps ti=<TaskInstance: solar_ai_pipeline_2.train_prophet scheduled__2023-07-25T00:00:00+00:00 [queued]>
[2025-07-31T12:49:35.030+0000] {taskinstance.py:2306} INFO - Starting attempt 4 of 4
[2025-07-31T12:49:35.269+0000] {taskinstance.py:2330} INFO - Executing <Task(PythonOperator): train_prophet> on 2023-07-25 00:00:00+00:00
[2025-07-31T12:49:35.276+0000] {standard_task_runner.py:63} INFO - Started process 9925 to run task
[2025-07-31T12:49:35.280+0000] {standard_task_runner.py:90} INFO - Running: ['airflow', 'tasks', 'run', 'solar_ai_pipeline_2', 'train_prophet', 'scheduled__2023-07-25T00:00:00+00:00', '--job-id', '2962', '--raw', '--subdir', 'DAGS_FOLDER/prophet_pipeline.py', '--cfg-path', '/tmp/tmpyjn79klo']
[2025-07-31T12:49:35.284+0000] {standard_task_runner.py:91} INFO - Job 2962: Subtask train_prophet
[2025-07-31T12:49:35.441+0000] {task_command.py:426} INFO - Running <TaskInstance: solar_ai_pipeline_2.train_prophet scheduled__2023-07-25T00:00:00+00:00 [running]> on host a2a0dd314bdc
[2025-07-31T12:49:35.669+0000] {taskinstance.py:2648} INFO - Exporting env vars: AIRFLOW_CTX_DAG_OWNER='ensam' AIRFLOW_CTX_DAG_ID='solar_ai_pipeline_2' AIRFLOW_CTX_TASK_ID='train_prophet' AIRFLOW_CTX_EXECUTION_DATE='2023-07-25T00:00:00+00:00' AIRFLOW_CTX_TRY_NUMBER='4' AIRFLOW_CTX_DAG_RUN_ID='scheduled__2023-07-25T00:00:00+00:00'
[2025-07-31T12:49:35.670+0000] {taskinstance.py:430} INFO - ::endgroup::
[2025-07-31T12:49:36.726+0000] {plot.py:39} ERROR - Importing plotly failed. Interactive plots will not work.
[2025-07-31T12:49:36.735+0000] {logging_mixin.py:188} INFO - Training from 2023-01-01 to 2023-01-26
[2025-07-31T12:49:37.071+0000] {logging_mixin.py:188} INFO - Test 1/18: {'changepoint_prior_scale': 0.01, 'seasonality_prior_scale': 1.0, 'seasonality_mode': 'additive'}
[2025-07-31T12:49:37.123+0000] {filesystem.py:118} DEBUG - input tempfile: /tmp/tmpwd_x8_7l/5lltz272.json
[2025-07-31T12:49:37.188+0000] {filesystem.py:118} DEBUG - input tempfile: /tmp/tmpwd_x8_7l/hvm5jpp3.json
[2025-07-31T12:49:37.193+0000] {model.py:2042} DEBUG - idx 0
[2025-07-31T12:49:37.193+0000] {model.py:2043} DEBUG - running CmdStan, num_threads: None
[2025-07-31T12:49:37.194+0000] {model.py:2055} DEBUG - CmdStan args: ['/home/airflow/.local/lib/python3.11/site-packages/prophet/stan_model/prophet_model.bin', 'random', 'seed=1780', 'data', 'file=/tmp/tmpwd_x8_7l/5lltz272.json', 'init=/tmp/tmpwd_x8_7l/hvm5jpp3.json', 'output', 'file=/tmp/tmpwd_x8_7l/prophet_model78ec9tik/prophet_model-20250731124937.csv', 'method=optimize', 'algorithm=lbfgs', 'iter=10000']
[2025-07-31T12:49:37.195+0000] {logging_mixin.py:188} WARNING - 12:49:37 - cmdstanpy - INFO - Chain [1] start processing
[2025-07-31T12:49:37.194+0000] {model.py:2058} INFO - Chain [1] start processing
[2025-07-31T12:49:37.239+0000] {logging_mixin.py:188} WARNING - 12:49:37 - cmdstanpy - INFO - Chain [1] done processing
[2025-07-31T12:49:37.239+0000] {model.py:2115} INFO - Chain [1] done processing
[2025-07-31T12:49:37.244+0000] {logging_mixin.py:188} INFO - Erreur pour {'changepoint_prior_scale': 0.01, 'seasonality_prior_scale': 1.0, 'seasonality_mode': 'additive'}: Less data than horizon after initial window. Make horizon or initial shorter.
[2025-07-31T12:49:37.244+0000] {logging_mixin.py:188} INFO - Test 2/18: {'changepoint_prior_scale': 0.01, 'seasonality_prior_scale': 1.0, 'seasonality_mode': 'multiplicative'}
[2025-07-31T12:49:37.263+0000] {filesystem.py:118} DEBUG - input tempfile: /tmp/tmpwd_x8_7l/puruxlel.json
[2025-07-31T12:49:37.328+0000] {filesystem.py:118} DEBUG - input tempfile: /tmp/tmpwd_x8_7l/kqq9u8j1.json
[2025-07-31T12:49:37.330+0000] {model.py:2042} DEBUG - idx 0
[2025-07-31T12:49:37.331+0000] {model.py:2043} DEBUG - running CmdStan, num_threads: None
[2025-07-31T12:49:37.331+0000] {model.py:2055} DEBUG - CmdStan args: ['/home/airflow/.local/lib/python3.11/site-packages/prophet/stan_model/prophet_model.bin', 'random', 'seed=85382', 'data', 'file=/tmp/tmpwd_x8_7l/puruxlel.json', 'init=/tmp/tmpwd_x8_7l/kqq9u8j1.json', 'output', 'file=/tmp/tmpwd_x8_7l/prophet_modelw6a_pqy7/prophet_model-20250731124937.csv', 'method=optimize', 'algorithm=lbfgs', 'iter=10000']
[2025-07-31T12:49:37.332+0000] {logging_mixin.py:188} WARNING - 12:49:37 - cmdstanpy - INFO - Chain [1] start processing
[2025-07-31T12:49:37.332+0000] {model.py:2058} INFO - Chain [1] start processing
[2025-07-31T12:49:37.379+0000] {logging_mixin.py:188} WARNING - 12:49:37 - cmdstanpy - INFO - Chain [1] done processing
[2025-07-31T12:49:37.379+0000] {model.py:2115} INFO - Chain [1] done processing
[2025-07-31T12:49:37.384+0000] {logging_mixin.py:188} INFO - Erreur pour {'changepoint_prior_scale': 0.01, 'seasonality_prior_scale': 1.0, 'seasonality_mode': 'multiplicative'}: Less data than horizon after initial window. Make horizon or initial shorter.
[2025-07-31T12:49:37.385+0000] {logging_mixin.py:188} INFO - Test 3/18: {'changepoint_prior_scale': 0.01, 'seasonality_prior_scale': 5.0, 'seasonality_mode': 'additive'}
[2025-07-31T12:49:37.402+0000] {filesystem.py:118} DEBUG - input tempfile: /tmp/tmpwd_x8_7l/nac4cp1k.json
[2025-07-31T12:49:37.471+0000] {filesystem.py:118} DEBUG - input tempfile: /tmp/tmpwd_x8_7l/juuhtwhu.json
[2025-07-31T12:49:37.473+0000] {model.py:2042} DEBUG - idx 0
[2025-07-31T12:49:37.474+0000] {model.py:2043} DEBUG - running CmdStan, num_threads: None
[2025-07-31T12:49:37.474+0000] {model.py:2055} DEBUG - CmdStan args: ['/home/airflow/.local/lib/python3.11/site-packages/prophet/stan_model/prophet_model.bin', 'random', 'seed=41796', 'data', 'file=/tmp/tmpwd_x8_7l/nac4cp1k.json', 'init=/tmp/tmpwd_x8_7l/juuhtwhu.json', 'output', 'file=/tmp/tmpwd_x8_7l/prophet_modell1g6h69s/prophet_model-20250731124937.csv', 'method=optimize', 'algorithm=lbfgs', 'iter=10000']
[2025-07-31T12:49:37.475+0000] {logging_mixin.py:188} WARNING - 12:49:37 - cmdstanpy - INFO - Chain [1] start processing
[2025-07-31T12:49:37.475+0000] {model.py:2058} INFO - Chain [1] start processing
[2025-07-31T12:49:37.523+0000] {logging_mixin.py:188} WARNING - 12:49:37 - cmdstanpy - INFO - Chain [1] done processing
[2025-07-31T12:49:37.523+0000] {model.py:2115} INFO - Chain [1] done processing
[2025-07-31T12:49:37.528+0000] {logging_mixin.py:188} INFO - Erreur pour {'changepoint_prior_scale': 0.01, 'seasonality_prior_scale': 5.0, 'seasonality_mode': 'additive'}: Less data than horizon after initial window. Make horizon or initial shorter.
[2025-07-31T12:49:37.529+0000] {logging_mixin.py:188} INFO - Test 4/18: {'changepoint_prior_scale': 0.01, 'seasonality_prior_scale': 5.0, 'seasonality_mode': 'multiplicative'}
[2025-07-31T12:49:37.546+0000] {filesystem.py:118} DEBUG - input tempfile: /tmp/tmpwd_x8_7l/b6l07rq9.json
[2025-07-31T12:49:37.620+0000] {filesystem.py:118} DEBUG - input tempfile: /tmp/tmpwd_x8_7l/f9z34ej7.json
[2025-07-31T12:49:37.625+0000] {model.py:2042} DEBUG - idx 0
[2025-07-31T12:49:37.625+0000] {model.py:2043} DEBUG - running CmdStan, num_threads: None
[2025-07-31T12:49:37.626+0000] {model.py:2055} DEBUG - CmdStan args: ['/home/airflow/.local/lib/python3.11/site-packages/prophet/stan_model/prophet_model.bin', 'random', 'seed=53036', 'data', 'file=/tmp/tmpwd_x8_7l/b6l07rq9.json', 'init=/tmp/tmpwd_x8_7l/f9z34ej7.json', 'output', 'file=/tmp/tmpwd_x8_7l/prophet_modelna0pg4c6/prophet_model-20250731124937.csv', 'method=optimize', 'algorithm=lbfgs', 'iter=10000']
[2025-07-31T12:49:37.627+0000] {logging_mixin.py:188} WARNING - 12:49:37 - cmdstanpy - INFO - Chain [1] start processing
[2025-07-31T12:49:37.627+0000] {model.py:2058} INFO - Chain [1] start processing
[2025-07-31T12:49:37.713+0000] {logging_mixin.py:188} WARNING - 12:49:37 - cmdstanpy - INFO - Chain [1] done processing
[2025-07-31T12:49:37.713+0000] {model.py:2115} INFO - Chain [1] done processing
[2025-07-31T12:49:37.720+0000] {logging_mixin.py:188} INFO - Erreur pour {'changepoint_prior_scale': 0.01, 'seasonality_prior_scale': 5.0, 'seasonality_mode': 'multiplicative'}: Less data than horizon after initial window. Make horizon or initial shorter.
[2025-07-31T12:49:37.721+0000] {logging_mixin.py:188} INFO - Test 5/18: {'changepoint_prior_scale': 0.01, 'seasonality_prior_scale': 10.0, 'seasonality_mode': 'additive'}
[2025-07-31T12:49:37.746+0000] {filesystem.py:118} DEBUG - input tempfile: /tmp/tmpwd_x8_7l/qaxco0um.json
[2025-07-31T12:49:37.819+0000] {filesystem.py:118} DEBUG - input tempfile: /tmp/tmpwd_x8_7l/h_qxttbm.json
[2025-07-31T12:49:37.821+0000] {model.py:2042} DEBUG - idx 0
[2025-07-31T12:49:37.821+0000] {model.py:2043} DEBUG - running CmdStan, num_threads: None
[2025-07-31T12:49:37.822+0000] {model.py:2055} DEBUG - CmdStan args: ['/home/airflow/.local/lib/python3.11/site-packages/prophet/stan_model/prophet_model.bin', 'random', 'seed=19800', 'data', 'file=/tmp/tmpwd_x8_7l/qaxco0um.json', 'init=/tmp/tmpwd_x8_7l/h_qxttbm.json', 'output', 'file=/tmp/tmpwd_x8_7l/prophet_model1ugd_hi2/prophet_model-20250731124937.csv', 'method=optimize', 'algorithm=lbfgs', 'iter=10000']
[2025-07-31T12:49:37.822+0000] {logging_mixin.py:188} WARNING - 12:49:37 - cmdstanpy - INFO - Chain [1] start processing
[2025-07-31T12:49:37.822+0000] {model.py:2058} INFO - Chain [1] start processing
[2025-07-31T12:49:37.876+0000] {logging_mixin.py:188} WARNING - 12:49:37 - cmdstanpy - INFO - Chain [1] done processing
[2025-07-31T12:49:37.876+0000] {model.py:2115} INFO - Chain [1] done processing
[2025-07-31T12:49:37.881+0000] {logging_mixin.py:188} INFO - Erreur pour {'changepoint_prior_scale': 0.01, 'seasonality_prior_scale': 10.0, 'seasonality_mode': 'additive'}: Less data than horizon after initial window. Make horizon or initial shorter.
[2025-07-31T12:49:37.882+0000] {logging_mixin.py:188} INFO - Test 6/18: {'changepoint_prior_scale': 0.01, 'seasonality_prior_scale': 10.0, 'seasonality_mode': 'multiplicative'}
[2025-07-31T12:49:37.900+0000] {filesystem.py:118} DEBUG - input tempfile: /tmp/tmpwd_x8_7l/1q3dg5l0.json
[2025-07-31T12:49:37.968+0000] {filesystem.py:118} DEBUG - input tempfile: /tmp/tmpwd_x8_7l/8lvdshk7.json
[2025-07-31T12:49:37.970+0000] {model.py:2042} DEBUG - idx 0
[2025-07-31T12:49:37.970+0000] {model.py:2043} DEBUG - running CmdStan, num_threads: None
[2025-07-31T12:49:37.971+0000] {model.py:2055} DEBUG - CmdStan args: ['/home/airflow/.local/lib/python3.11/site-packages/prophet/stan_model/prophet_model.bin', 'random', 'seed=90596', 'data', 'file=/tmp/tmpwd_x8_7l/1q3dg5l0.json', 'init=/tmp/tmpwd_x8_7l/8lvdshk7.json', 'output', 'file=/tmp/tmpwd_x8_7l/prophet_modelpyekvcnf/prophet_model-20250731124937.csv', 'method=optimize', 'algorithm=lbfgs', 'iter=10000']
[2025-07-31T12:49:37.971+0000] {logging_mixin.py:188} WARNING - 12:49:37 - cmdstanpy - INFO - Chain [1] start processing
[2025-07-31T12:49:37.971+0000] {model.py:2058} INFO - Chain [1] start processing
[2025-07-31T12:49:38.014+0000] {logging_mixin.py:188} WARNING - 12:49:38 - cmdstanpy - INFO - Chain [1] done processing
[2025-07-31T12:49:38.014+0000] {model.py:2115} INFO - Chain [1] done processing
[2025-07-31T12:49:38.018+0000] {logging_mixin.py:188} INFO - Erreur pour {'changepoint_prior_scale': 0.01, 'seasonality_prior_scale': 10.0, 'seasonality_mode': 'multiplicative'}: Less data than horizon after initial window. Make horizon or initial shorter.
[2025-07-31T12:49:38.018+0000] {logging_mixin.py:188} INFO - Test 7/18: {'changepoint_prior_scale': 0.05, 'seasonality_prior_scale': 1.0, 'seasonality_mode': 'additive'}
[2025-07-31T12:49:38.034+0000] {filesystem.py:118} DEBUG - input tempfile: /tmp/tmpwd_x8_7l/6d93u7i4.json
[2025-07-31T12:49:38.098+0000] {filesystem.py:118} DEBUG - input tempfile: /tmp/tmpwd_x8_7l/9a9demyn.json
[2025-07-31T12:49:38.099+0000] {model.py:2042} DEBUG - idx 0
[2025-07-31T12:49:38.100+0000] {model.py:2043} DEBUG - running CmdStan, num_threads: None
[2025-07-31T12:49:38.100+0000] {model.py:2055} DEBUG - CmdStan args: ['/home/airflow/.local/lib/python3.11/site-packages/prophet/stan_model/prophet_model.bin', 'random', 'seed=19262', 'data', 'file=/tmp/tmpwd_x8_7l/6d93u7i4.json', 'init=/tmp/tmpwd_x8_7l/9a9demyn.json', 'output', 'file=/tmp/tmpwd_x8_7l/prophet_model49arr9bw/prophet_model-20250731124938.csv', 'method=optimize', 'algorithm=lbfgs', 'iter=10000']
[2025-07-31T12:49:38.101+0000] {logging_mixin.py:188} WARNING - 12:49:38 - cmdstanpy - INFO - Chain [1] start processing
[2025-07-31T12:49:38.101+0000] {model.py:2058} INFO - Chain [1] start processing
[2025-07-31T12:49:38.140+0000] {logging_mixin.py:188} WARNING - 12:49:38 - cmdstanpy - INFO - Chain [1] done processing
[2025-07-31T12:49:38.140+0000] {model.py:2115} INFO - Chain [1] done processing
[2025-07-31T12:49:38.145+0000] {logging_mixin.py:188} INFO - Erreur pour {'changepoint_prior_scale': 0.05, 'seasonality_prior_scale': 1.0, 'seasonality_mode': 'additive'}: Less data than horizon after initial window. Make horizon or initial shorter.
[2025-07-31T12:49:38.145+0000] {logging_mixin.py:188} INFO - Test 8/18: {'changepoint_prior_scale': 0.05, 'seasonality_prior_scale': 1.0, 'seasonality_mode': 'multiplicative'}
[2025-07-31T12:49:38.162+0000] {filesystem.py:118} DEBUG - input tempfile: /tmp/tmpwd_x8_7l/53unwv47.json
[2025-07-31T12:49:38.225+0000] {filesystem.py:118} DEBUG - input tempfile: /tmp/tmpwd_x8_7l/rrar6t8h.json
[2025-07-31T12:49:38.227+0000] {model.py:2042} DEBUG - idx 0
[2025-07-31T12:49:38.227+0000] {model.py:2043} DEBUG - running CmdStan, num_threads: None
[2025-07-31T12:49:38.228+0000] {model.py:2055} DEBUG - CmdStan args: ['/home/airflow/.local/lib/python3.11/site-packages/prophet/stan_model/prophet_model.bin', 'random', 'seed=73871', 'data', 'file=/tmp/tmpwd_x8_7l/53unwv47.json', 'init=/tmp/tmpwd_x8_7l/rrar6t8h.json', 'output', 'file=/tmp/tmpwd_x8_7l/prophet_model0_ho51w2/prophet_model-20250731124938.csv', 'method=optimize', 'algorithm=lbfgs', 'iter=10000']
[2025-07-31T12:49:38.228+0000] {logging_mixin.py:188} WARNING - 12:49:38 - cmdstanpy - INFO - Chain [1] start processing
[2025-07-31T12:49:38.228+0000] {model.py:2058} INFO - Chain [1] start processing
[2025-07-31T12:49:38.348+0000] {logging_mixin.py:188} WARNING - 12:49:38 - cmdstanpy - INFO - Chain [1] done processing
[2025-07-31T12:49:38.348+0000] {model.py:2115} INFO - Chain [1] done processing
[2025-07-31T12:49:38.353+0000] {logging_mixin.py:188} INFO - Erreur pour {'changepoint_prior_scale': 0.05, 'seasonality_prior_scale': 1.0, 'seasonality_mode': 'multiplicative'}: Less data than horizon after initial window. Make horizon or initial shorter.
[2025-07-31T12:49:38.353+0000] {logging_mixin.py:188} INFO - Test 9/18: {'changepoint_prior_scale': 0.05, 'seasonality_prior_scale': 5.0, 'seasonality_mode': 'additive'}
[2025-07-31T12:49:38.370+0000] {filesystem.py:118} DEBUG - input tempfile: /tmp/tmpwd_x8_7l/xsopfbfp.json
[2025-07-31T12:49:38.436+0000] {filesystem.py:118} DEBUG - input tempfile: /tmp/tmpwd_x8_7l/hpfc5hyk.json
[2025-07-31T12:49:38.437+0000] {model.py:2042} DEBUG - idx 0
[2025-07-31T12:49:38.438+0000] {model.py:2043} DEBUG - running CmdStan, num_threads: None
[2025-07-31T12:49:38.439+0000] {model.py:2055} DEBUG - CmdStan args: ['/home/airflow/.local/lib/python3.11/site-packages/prophet/stan_model/prophet_model.bin', 'random', 'seed=37598', 'data', 'file=/tmp/tmpwd_x8_7l/xsopfbfp.json', 'init=/tmp/tmpwd_x8_7l/hpfc5hyk.json', 'output', 'file=/tmp/tmpwd_x8_7l/prophet_modelivrhegwy/prophet_model-20250731124938.csv', 'method=optimize', 'algorithm=lbfgs', 'iter=10000']
[2025-07-31T12:49:38.439+0000] {logging_mixin.py:188} WARNING - 12:49:38 - cmdstanpy - INFO - Chain [1] start processing
[2025-07-31T12:49:38.439+0000] {model.py:2058} INFO - Chain [1] start processing
[2025-07-31T12:49:38.478+0000] {logging_mixin.py:188} WARNING - 12:49:38 - cmdstanpy - INFO - Chain [1] done processing
[2025-07-31T12:49:38.478+0000] {model.py:2115} INFO - Chain [1] done processing
[2025-07-31T12:49:38.483+0000] {logging_mixin.py:188} INFO - Erreur pour {'changepoint_prior_scale': 0.05, 'seasonality_prior_scale': 5.0, 'seasonality_mode': 'additive'}: Less data than horizon after initial window. Make horizon or initial shorter.
[2025-07-31T12:49:38.484+0000] {logging_mixin.py:188} INFO - Test 10/18: {'changepoint_prior_scale': 0.05, 'seasonality_prior_scale': 5.0, 'seasonality_mode': 'multiplicative'}
[2025-07-31T12:49:38.501+0000] {filesystem.py:118} DEBUG - input tempfile: /tmp/tmpwd_x8_7l/d85ngfep.json
[2025-07-31T12:49:38.567+0000] {filesystem.py:118} DEBUG - input tempfile: /tmp/tmpwd_x8_7l/sljgnxof.json
[2025-07-31T12:49:38.568+0000] {model.py:2042} DEBUG - idx 0
[2025-07-31T12:49:38.569+0000] {model.py:2043} DEBUG - running CmdStan, num_threads: None
[2025-07-31T12:49:38.569+0000] {model.py:2055} DEBUG - CmdStan args: ['/home/airflow/.local/lib/python3.11/site-packages/prophet/stan_model/prophet_model.bin', 'random', 'seed=58392', 'data', 'file=/tmp/tmpwd_x8_7l/d85ngfep.json', 'init=/tmp/tmpwd_x8_7l/sljgnxof.json', 'output', 'file=/tmp/tmpwd_x8_7l/prophet_modelqw9xpurw/prophet_model-20250731124938.csv', 'method=optimize', 'algorithm=lbfgs', 'iter=10000']
[2025-07-31T12:49:38.570+0000] {logging_mixin.py:188} WARNING - 12:49:38 - cmdstanpy - INFO - Chain [1] start processing
[2025-07-31T12:49:38.570+0000] {model.py:2058} INFO - Chain [1] start processing
[2025-07-31T12:49:38.639+0000] {logging_mixin.py:188} WARNING - 12:49:38 - cmdstanpy - INFO - Chain [1] done processing
[2025-07-31T12:49:38.639+0000] {model.py:2115} INFO - Chain [1] done processing
[2025-07-31T12:49:38.643+0000] {logging_mixin.py:188} INFO - Erreur pour {'changepoint_prior_scale': 0.05, 'seasonality_prior_scale': 5.0, 'seasonality_mode': 'multiplicative'}: Less data than horizon after initial window. Make horizon or initial shorter.
[2025-07-31T12:49:38.644+0000] {logging_mixin.py:188} INFO - Test 11/18: {'changepoint_prior_scale': 0.05, 'seasonality_prior_scale': 10.0, 'seasonality_mode': 'additive'}
[2025-07-31T12:49:38.660+0000] {filesystem.py:118} DEBUG - input tempfile: /tmp/tmpwd_x8_7l/rarfjec_.json
[2025-07-31T12:49:38.726+0000] {filesystem.py:118} DEBUG - input tempfile: /tmp/tmpwd_x8_7l/z8seju2e.json
[2025-07-31T12:49:38.728+0000] {model.py:2042} DEBUG - idx 0
[2025-07-31T12:49:38.728+0000] {model.py:2043} DEBUG - running CmdStan, num_threads: None
[2025-07-31T12:49:38.729+0000] {model.py:2055} DEBUG - CmdStan args: ['/home/airflow/.local/lib/python3.11/site-packages/prophet/stan_model/prophet_model.bin', 'random', 'seed=17560', 'data', 'file=/tmp/tmpwd_x8_7l/rarfjec_.json', 'init=/tmp/tmpwd_x8_7l/z8seju2e.json', 'output', 'file=/tmp/tmpwd_x8_7l/prophet_model1pbk0gvp/prophet_model-20250731124938.csv', 'method=optimize', 'algorithm=lbfgs', 'iter=10000']
[2025-07-31T12:49:38.729+0000] {logging_mixin.py:188} WARNING - 12:49:38 - cmdstanpy - INFO - Chain [1] start processing
[2025-07-31T12:49:38.729+0000] {model.py:2058} INFO - Chain [1] start processing
[2025-07-31T12:49:38.781+0000] {logging_mixin.py:188} WARNING - 12:49:38 - cmdstanpy - INFO - Chain [1] done processing
[2025-07-31T12:49:38.781+0000] {model.py:2115} INFO - Chain [1] done processing
[2025-07-31T12:49:38.785+0000] {logging_mixin.py:188} INFO - Erreur pour {'changepoint_prior_scale': 0.05, 'seasonality_prior_scale': 10.0, 'seasonality_mode': 'additive'}: Less data than horizon after initial window. Make horizon or initial shorter.
[2025-07-31T12:49:38.786+0000] {logging_mixin.py:188} INFO - Test 12/18: {'changepoint_prior_scale': 0.05, 'seasonality_prior_scale': 10.0, 'seasonality_mode': 'multiplicative'}
[2025-07-31T12:49:38.803+0000] {filesystem.py:118} DEBUG - input tempfile: /tmp/tmpwd_x8_7l/h_po1jfb.json
[2025-07-31T12:49:38.866+0000] {filesystem.py:118} DEBUG - input tempfile: /tmp/tmpwd_x8_7l/c2crysxk.json
[2025-07-31T12:49:38.867+0000] {model.py:2042} DEBUG - idx 0
[2025-07-31T12:49:38.868+0000] {model.py:2043} DEBUG - running CmdStan, num_threads: None
[2025-07-31T12:49:38.869+0000] {model.py:2055} DEBUG - CmdStan args: ['/home/airflow/.local/lib/python3.11/site-packages/prophet/stan_model/prophet_model.bin', 'random', 'seed=4600', 'data', 'file=/tmp/tmpwd_x8_7l/h_po1jfb.json', 'init=/tmp/tmpwd_x8_7l/c2crysxk.json', 'output', 'file=/tmp/tmpwd_x8_7l/prophet_model6mnu3od9/prophet_model-20250731124938.csv', 'method=optimize', 'algorithm=lbfgs', 'iter=10000']
[2025-07-31T12:49:38.869+0000] {logging_mixin.py:188} WARNING - 12:49:38 - cmdstanpy - INFO - Chain [1] start processing
[2025-07-31T12:49:38.869+0000] {model.py:2058} INFO - Chain [1] start processing
[2025-07-31T12:49:38.945+0000] {logging_mixin.py:188} WARNING - 12:49:38 - cmdstanpy - INFO - Chain [1] done processing
[2025-07-31T12:49:38.944+0000] {model.py:2115} INFO - Chain [1] done processing
[2025-07-31T12:49:38.950+0000] {logging_mixin.py:188} INFO - Erreur pour {'changepoint_prior_scale': 0.05, 'seasonality_prior_scale': 10.0, 'seasonality_mode': 'multiplicative'}: Less data than horizon after initial window. Make horizon or initial shorter.
[2025-07-31T12:49:38.951+0000] {logging_mixin.py:188} INFO - Test 13/18: {'changepoint_prior_scale': 0.1, 'seasonality_prior_scale': 1.0, 'seasonality_mode': 'additive'}
[2025-07-31T12:49:38.967+0000] {filesystem.py:118} DEBUG - input tempfile: /tmp/tmpwd_x8_7l/fwzwp6d_.json
[2025-07-31T12:49:39.039+0000] {filesystem.py:118} DEBUG - input tempfile: /tmp/tmpwd_x8_7l/pinqk02c.json
[2025-07-31T12:49:39.041+0000] {model.py:2042} DEBUG - idx 0
[2025-07-31T12:49:39.042+0000] {model.py:2043} DEBUG - running CmdStan, num_threads: None
[2025-07-31T12:49:39.043+0000] {model.py:2055} DEBUG - CmdStan args: ['/home/airflow/.local/lib/python3.11/site-packages/prophet/stan_model/prophet_model.bin', 'random', 'seed=90456', 'data', 'file=/tmp/tmpwd_x8_7l/fwzwp6d_.json', 'init=/tmp/tmpwd_x8_7l/pinqk02c.json', 'output', 'file=/tmp/tmpwd_x8_7l/prophet_modelvfm2plmt/prophet_model-20250731124939.csv', 'method=optimize', 'algorithm=lbfgs', 'iter=10000']
[2025-07-31T12:49:39.043+0000] {logging_mixin.py:188} WARNING - 12:49:39 - cmdstanpy - INFO - Chain [1] start processing
[2025-07-31T12:49:39.043+0000] {model.py:2058} INFO - Chain [1] start processing
[2025-07-31T12:49:39.108+0000] {logging_mixin.py:188} WARNING - 12:49:39 - cmdstanpy - INFO - Chain [1] done processing
[2025-07-31T12:49:39.107+0000] {model.py:2115} INFO - Chain [1] done processing
[2025-07-31T12:49:39.115+0000] {logging_mixin.py:188} INFO - Erreur pour {'changepoint_prior_scale': 0.1, 'seasonality_prior_scale': 1.0, 'seasonality_mode': 'additive'}: Less data than horizon after initial window. Make horizon or initial shorter.
[2025-07-31T12:49:39.116+0000] {logging_mixin.py:188} INFO - Test 14/18: {'changepoint_prior_scale': 0.1, 'seasonality_prior_scale': 1.0, 'seasonality_mode': 'multiplicative'}
[2025-07-31T12:49:39.137+0000] {filesystem.py:118} DEBUG - input tempfile: /tmp/tmpwd_x8_7l/jx2uv63m.json
[2025-07-31T12:49:39.242+0000] {filesystem.py:118} DEBUG - input tempfile: /tmp/tmpwd_x8_7l/r_ghldqx.json
[2025-07-31T12:49:39.244+0000] {model.py:2042} DEBUG - idx 0
[2025-07-31T12:49:39.245+0000] {model.py:2043} DEBUG - running CmdStan, num_threads: None
[2025-07-31T12:49:39.245+0000] {model.py:2055} DEBUG - CmdStan args: ['/home/airflow/.local/lib/python3.11/site-packages/prophet/stan_model/prophet_model.bin', 'random', 'seed=36471', 'data', 'file=/tmp/tmpwd_x8_7l/jx2uv63m.json', 'init=/tmp/tmpwd_x8_7l/r_ghldqx.json', 'output', 'file=/tmp/tmpwd_x8_7l/prophet_model8n0dypzj/prophet_model-20250731124939.csv', 'method=optimize', 'algorithm=lbfgs', 'iter=10000']
[2025-07-31T12:49:39.247+0000] {logging_mixin.py:188} WARNING - 12:49:39 - cmdstanpy - INFO - Chain [1] start processing
[2025-07-31T12:49:39.247+0000] {model.py:2058} INFO - Chain [1] start processing
[2025-07-31T12:49:39.390+0000] {logging_mixin.py:188} WARNING - 12:49:39 - cmdstanpy - INFO - Chain [1] done processing
[2025-07-31T12:49:39.390+0000] {model.py:2115} INFO - Chain [1] done processing
[2025-07-31T12:49:39.395+0000] {logging_mixin.py:188} INFO - Erreur pour {'changepoint_prior_scale': 0.1, 'seasonality_prior_scale': 1.0, 'seasonality_mode': 'multiplicative'}: Less data than horizon after initial window. Make horizon or initial shorter.
[2025-07-31T12:49:39.395+0000] {logging_mixin.py:188} INFO - Test 15/18: {'changepoint_prior_scale': 0.1, 'seasonality_prior_scale': 5.0, 'seasonality_mode': 'additive'}
[2025-07-31T12:49:39.413+0000] {filesystem.py:118} DEBUG - input tempfile: /tmp/tmpwd_x8_7l/uq40ezd3.json
[2025-07-31T12:49:39.483+0000] {filesystem.py:118} DEBUG - input tempfile: /tmp/tmpwd_x8_7l/_e1rj_am.json
[2025-07-31T12:49:39.485+0000] {model.py:2042} DEBUG - idx 0
[2025-07-31T12:49:39.485+0000] {model.py:2043} DEBUG - running CmdStan, num_threads: None
[2025-07-31T12:49:39.486+0000] {model.py:2055} DEBUG - CmdStan args: ['/home/airflow/.local/lib/python3.11/site-packages/prophet/stan_model/prophet_model.bin', 'random', 'seed=33462', 'data', 'file=/tmp/tmpwd_x8_7l/uq40ezd3.json', 'init=/tmp/tmpwd_x8_7l/_e1rj_am.json', 'output', 'file=/tmp/tmpwd_x8_7l/prophet_modelxu4e5d2a/prophet_model-20250731124939.csv', 'method=optimize', 'algorithm=lbfgs', 'iter=10000']
[2025-07-31T12:49:39.487+0000] {logging_mixin.py:188} WARNING - 12:49:39 - cmdstanpy - INFO - Chain [1] start processing
[2025-07-31T12:49:39.486+0000] {model.py:2058} INFO - Chain [1] start processing
[2025-07-31T12:49:39.534+0000] {logging_mixin.py:188} WARNING - 12:49:39 - cmdstanpy - INFO - Chain [1] done processing
[2025-07-31T12:49:39.534+0000] {model.py:2115} INFO - Chain [1] done processing
[2025-07-31T12:49:39.538+0000] {logging_mixin.py:188} INFO - Erreur pour {'changepoint_prior_scale': 0.1, 'seasonality_prior_scale': 5.0, 'seasonality_mode': 'additive'}: Less data than horizon after initial window. Make horizon or initial shorter.
[2025-07-31T12:49:39.539+0000] {logging_mixin.py:188} INFO - Test 16/18: {'changepoint_prior_scale': 0.1, 'seasonality_prior_scale': 5.0, 'seasonality_mode': 'multiplicative'}
[2025-07-31T12:49:39.557+0000] {filesystem.py:118} DEBUG - input tempfile: /tmp/tmpwd_x8_7l/isszupcf.json
[2025-07-31T12:49:39.625+0000] {filesystem.py:118} DEBUG - input tempfile: /tmp/tmpwd_x8_7l/qinq6q3t.json
[2025-07-31T12:49:39.627+0000] {model.py:2042} DEBUG - idx 0
[2025-07-31T12:49:39.627+0000] {model.py:2043} DEBUG - running CmdStan, num_threads: None
[2025-07-31T12:49:39.628+0000] {model.py:2055} DEBUG - CmdStan args: ['/home/airflow/.local/lib/python3.11/site-packages/prophet/stan_model/prophet_model.bin', 'random', 'seed=43208', 'data', 'file=/tmp/tmpwd_x8_7l/isszupcf.json', 'init=/tmp/tmpwd_x8_7l/qinq6q3t.json', 'output', 'file=/tmp/tmpwd_x8_7l/prophet_model0tthc_62/prophet_model-20250731124939.csv', 'method=optimize', 'algorithm=lbfgs', 'iter=10000']
[2025-07-31T12:49:39.629+0000] {logging_mixin.py:188} WARNING - 12:49:39 - cmdstanpy - INFO - Chain [1] start processing
[2025-07-31T12:49:39.628+0000] {model.py:2058} INFO - Chain [1] start processing
[2025-07-31T12:49:39.741+0000] {logging_mixin.py:188} WARNING - 12:49:39 - cmdstanpy - INFO - Chain [1] done processing
[2025-07-31T12:49:39.741+0000] {model.py:2115} INFO - Chain [1] done processing
[2025-07-31T12:49:39.746+0000] {logging_mixin.py:188} INFO - Erreur pour {'changepoint_prior_scale': 0.1, 'seasonality_prior_scale': 5.0, 'seasonality_mode': 'multiplicative'}: Less data than horizon after initial window. Make horizon or initial shorter.
[2025-07-31T12:49:39.747+0000] {logging_mixin.py:188} INFO - Test 17/18: {'changepoint_prior_scale': 0.1, 'seasonality_prior_scale': 10.0, 'seasonality_mode': 'additive'}
[2025-07-31T12:49:39.770+0000] {filesystem.py:118} DEBUG - input tempfile: /tmp/tmpwd_x8_7l/8cv6fx39.json
[2025-07-31T12:49:39.849+0000] {filesystem.py:118} DEBUG - input tempfile: /tmp/tmpwd_x8_7l/wpqlkfro.json
[2025-07-31T12:49:39.852+0000] {model.py:2042} DEBUG - idx 0
[2025-07-31T12:49:39.852+0000] {model.py:2043} DEBUG - running CmdStan, num_threads: None
[2025-07-31T12:49:39.853+0000] {model.py:2055} DEBUG - CmdStan args: ['/home/airflow/.local/lib/python3.11/site-packages/prophet/stan_model/prophet_model.bin', 'random', 'seed=34664', 'data', 'file=/tmp/tmpwd_x8_7l/8cv6fx39.json', 'init=/tmp/tmpwd_x8_7l/wpqlkfro.json', 'output', 'file=/tmp/tmpwd_x8_7l/prophet_modelsv3hw40m/prophet_model-20250731124939.csv', 'method=optimize', 'algorithm=lbfgs', 'iter=10000']
[2025-07-31T12:49:39.853+0000] {logging_mixin.py:188} WARNING - 12:49:39 - cmdstanpy - INFO - Chain [1] start processing
[2025-07-31T12:49:39.853+0000] {model.py:2058} INFO - Chain [1] start processing
[2025-07-31T12:49:39.903+0000] {logging_mixin.py:188} WARNING - 12:49:39 - cmdstanpy - INFO - Chain [1] done processing
[2025-07-31T12:49:39.903+0000] {model.py:2115} INFO - Chain [1] done processing
[2025-07-31T12:49:39.907+0000] {logging_mixin.py:188} INFO - Erreur pour {'changepoint_prior_scale': 0.1, 'seasonality_prior_scale': 10.0, 'seasonality_mode': 'additive'}: Less data than horizon after initial window. Make horizon or initial shorter.
[2025-07-31T12:49:39.908+0000] {logging_mixin.py:188} INFO - Test 18/18: {'changepoint_prior_scale': 0.1, 'seasonality_prior_scale': 10.0, 'seasonality_mode': 'multiplicative'}
[2025-07-31T12:49:39.924+0000] {filesystem.py:118} DEBUG - input tempfile: /tmp/tmpwd_x8_7l/0voszex5.json
[2025-07-31T12:49:39.989+0000] {filesystem.py:118} DEBUG - input tempfile: /tmp/tmpwd_x8_7l/63e68u9n.json
[2025-07-31T12:49:39.990+0000] {model.py:2042} DEBUG - idx 0
[2025-07-31T12:49:39.991+0000] {model.py:2043} DEBUG - running CmdStan, num_threads: None
[2025-07-31T12:49:39.991+0000] {model.py:2055} DEBUG - CmdStan args: ['/home/airflow/.local/lib/python3.11/site-packages/prophet/stan_model/prophet_model.bin', 'random', 'seed=35051', 'data', 'file=/tmp/tmpwd_x8_7l/0voszex5.json', 'init=/tmp/tmpwd_x8_7l/63e68u9n.json', 'output', 'file=/tmp/tmpwd_x8_7l/prophet_modela4mcge2b/prophet_model-20250731124939.csv', 'method=optimize', 'algorithm=lbfgs', 'iter=10000']
[2025-07-31T12:49:39.992+0000] {logging_mixin.py:188} WARNING - 12:49:39 - cmdstanpy - INFO - Chain [1] start processing
[2025-07-31T12:49:39.992+0000] {model.py:2058} INFO - Chain [1] start processing
[2025-07-31T12:49:40.121+0000] {logging_mixin.py:188} WARNING - 12:49:40 - cmdstanpy - INFO - Chain [1] done processing
[2025-07-31T12:49:40.121+0000] {model.py:2115} INFO - Chain [1] done processing
[2025-07-31T12:49:40.126+0000] {logging_mixin.py:188} INFO - Erreur pour {'changepoint_prior_scale': 0.1, 'seasonality_prior_scale': 10.0, 'seasonality_mode': 'multiplicative'}: Less data than horizon after initial window. Make horizon or initial shorter.
[2025-07-31T12:49:40.126+0000] {taskinstance.py:441} INFO - ::group::Post task execution logs
[2025-07-31T12:49:40.127+0000] {taskinstance.py:2905} ERROR - Task failed with exception
Traceback (most recent call last):
  File "/home/airflow/.local/lib/python3.11/site-packages/airflow/models/taskinstance.py", line 465, in _execute_task
    result = _execute_callable(context=context, **execute_callable_kwargs)
             ^^^^^^^^^^^^^^^^^^^^^^^^^^^^^^^^^^^^^^^^^^^^^^^^^^^^^^^^^^^^^
  File "/home/airflow/.local/lib/python3.11/site-packages/airflow/models/taskinstance.py", line 432, in _execute_callable
    return execute_callable(context=context, **execute_callable_kwargs)
           ^^^^^^^^^^^^^^^^^^^^^^^^^^^^^^^^^^^^^^^^^^^^^^^^^^^^^^^^^^^^
  File "/home/airflow/.local/lib/python3.11/site-packages/airflow/models/baseoperator.py", line 401, in wrapper
    return func(self, *args, **kwargs)
           ^^^^^^^^^^^^^^^^^^^^^^^^^^^
  File "/home/airflow/.local/lib/python3.11/site-packages/airflow/operators/python.py", line 235, in execute
    return_value = self.execute_callable()
                   ^^^^^^^^^^^^^^^^^^^^^^^
  File "/home/airflow/.local/lib/python3.11/site-packages/airflow/operators/python.py", line 252, in execute_callable
    return self.python_callable(*self.op_args, **self.op_kwargs)
           ^^^^^^^^^^^^^^^^^^^^^^^^^^^^^^^^^^^^^^^^^^^^^^^^^^^^^
  File "/opt/airflow/dags/scripts/train_prophet.py", line 92, in train_prophet
    best_model_temp, scores_temp = optimize_prophet_model(temp_df)
                                   ^^^^^^^^^^^^^^^^^^^^^^^^^^^^^^^
  File "/opt/airflow/dags/scripts/train_prophet.py", line 44, in optimize_prophet_model
    best = min(results, key=lambda x: x[1])
           ^^^^^^^^^^^^^^^^^^^^^^^^^^^^^^^^
ValueError: min() arg is an empty sequence
[2025-07-31T12:49:40.159+0000] {taskinstance.py:1206} INFO - Marking task as FAILED. dag_id=solar_ai_pipeline_2, task_id=train_prophet, run_id=scheduled__2023-07-25T00:00:00+00:00, execution_date=20230725T000000, start_date=20250731T124934, end_date=20250731T124940
[2025-07-31T12:49:40.216+0000] {standard_task_runner.py:110} ERROR - Failed to execute job 2962 for task train_prophet (min() arg is an empty sequence; 9925)
[2025-07-31T12:49:40.277+0000] {local_task_job_runner.py:240} INFO - Task exited with return code 1
[2025-07-31T12:49:40.328+0000] {taskinstance.py:3503} INFO - 0 downstream tasks scheduled from follow-on schedule check
[2025-07-31T12:49:40.653+0000] {local_task_job_runner.py:222} INFO - ::endgroup::
