[2025-07-31T15:59:55.655+0000] {local_task_job_runner.py:120} INFO - ::group::Pre task execution logs
[2025-07-31T15:59:55.777+0000] {taskinstance.py:2076} INFO - Dependencies all met for dep_context=non-requeueable deps ti=<TaskInstance: solar_ai_pipeline_2.decide backfill__2024-01-10T00:00:00+00:00 [queued]>
[2025-07-31T15:59:55.822+0000] {taskinstance.py:2076} INFO - Dependencies all met for dep_context=requeueable deps ti=<TaskInstance: solar_ai_pipeline_2.decide backfill__2024-01-10T00:00:00+00:00 [queued]>
[2025-07-31T15:59:55.823+0000] {taskinstance.py:2306} INFO - Starting attempt 1 of 2
[2025-07-31T15:59:55.898+0000] {taskinstance.py:2330} INFO - Executing <Task(PythonOperator): decide> on 2024-01-10 00:00:00+00:00
[2025-07-31T15:59:55.904+0000] {standard_task_runner.py:63} INFO - Started process 89365 to run task
[2025-07-31T15:59:55.909+0000] {standard_task_runner.py:90} INFO - Running: ['airflow', 'tasks', 'run', 'solar_ai_pipeline_2', 'decide', 'backfill__2024-01-10T00:00:00+00:00', '--job-id', '3418', '--pool', 'default_pool', '--raw', '--subdir', 'DAGS_FOLDER/prophet_pipeline.py', '--cfg-path', '/tmp/tmpmuwxb54_']
[2025-07-31T15:59:55.912+0000] {standard_task_runner.py:91} INFO - Job 3418: Subtask decide
[2025-07-31T15:59:56.067+0000] {task_command.py:426} INFO - Running <TaskInstance: solar_ai_pipeline_2.decide backfill__2024-01-10T00:00:00+00:00 [running]> on host a2a0dd314bdc
[2025-07-31T15:59:56.313+0000] {taskinstance.py:2648} INFO - Exporting env vars: AIRFLOW_CTX_DAG_OWNER='ensam' AIRFLOW_CTX_DAG_ID='solar_ai_pipeline_2' AIRFLOW_CTX_TASK_ID='decide' AIRFLOW_CTX_EXECUTION_DATE='2024-01-10T00:00:00+00:00' AIRFLOW_CTX_TRY_NUMBER='1' AIRFLOW_CTX_DAG_RUN_ID='backfill__2024-01-10T00:00:00+00:00'
[2025-07-31T15:59:56.315+0000] {taskinstance.py:430} INFO - ::endgroup::
[2025-07-31T15:59:56.974+0000] {logging_mixin.py:188} INFO - [INFO] Starting decision-making process...
[2025-07-31T15:59:56.996+0000] {logging_mixin.py:188} INFO - 📥 [INFO] Loading data...
[2025-07-31T15:59:57.070+0000] {logging_mixin.py:188} INFO - [INFO] 2024-01-09 23:00:00 → Ne pas chauffer (solaire ou inutilisé) | Temp: 0.07°C, Débit: 0.4567 m³/s, Irrad: 0.00 W/m²
[2025-07-31T15:59:57.071+0000] {logging_mixin.py:188} INFO - [INFO] 2024-01-10 00:00:00 → Ne pas chauffer (solaire ou inutilisé) | Temp: 0.07°C, Débit: 0.3708 m³/s, Irrad: 0.00 W/m²
[2025-07-31T15:59:57.073+0000] {logging_mixin.py:188} INFO - [INFO] 2024-01-10 01:00:00 → Ne pas chauffer (solaire ou inutilisé) | Temp: 0.09°C, Débit: 0.2476 m³/s, Irrad: 0.00 W/m²
[2025-07-31T15:59:57.074+0000] {logging_mixin.py:188} INFO - [INFO] 2024-01-10 02:00:00 → Ne pas chauffer (solaire ou inutilisé) | Temp: 0.11°C, Débit: 0.1075 m³/s, Irrad: 0.00 W/m²
[2025-07-31T15:59:57.076+0000] {logging_mixin.py:188} INFO - [INFO] 2024-01-10 03:00:00 → Ne pas chauffer (solaire ou inutilisé) | Temp: 0.12°C, Débit: 0.0087 m³/s, Irrad: 0.00 W/m²
[2025-07-31T15:59:57.077+0000] {logging_mixin.py:188} INFO - [INFO] 2024-01-10 04:00:00 → Ne pas chauffer (solaire ou inutilisé) | Temp: 0.11°C, Débit: 0.0010 m³/s, Irrad: 0.00 W/m²
[2025-07-31T15:59:57.079+0000] {logging_mixin.py:188} INFO - [INFO] 2024-01-10 05:00:00 → Ne pas chauffer (solaire ou inutilisé) | Temp: 0.10°C, Débit: 0.0777 m³/s, Irrad: 0.00 W/m²
[2025-07-31T15:59:57.081+0000] {logging_mixin.py:188} INFO - [INFO] 2024-01-10 06:00:00 → Ne pas chauffer (solaire ou inutilisé) | Temp: 0.12°C, Débit: 0.1737 m³/s, Irrad: 0.01 W/m²
[2025-07-31T15:59:57.083+0000] {logging_mixin.py:188} INFO - [INFO] 2024-01-10 07:00:00 → Ne pas chauffer (solaire ou inutilisé) | Temp: 0.21°C, Débit: 0.2165 m³/s, Irrad: 0.19 W/m²
[2025-07-31T15:59:57.084+0000] {logging_mixin.py:188} INFO - [INFO] 2024-01-10 08:00:00 → Chauffer (résistance activée) | Temp: 0.37°C, Débit: 0.1862 m³/s, Irrad: 0.51 W/m²
[2025-07-31T15:59:57.085+0000] {logging_mixin.py:188} INFO - [INFO] 2024-01-10 09:00:00 → Ne pas chauffer (solaire ou inutilisé) | Temp: 0.56°C, Débit: 0.1308 m³/s, Irrad: 0.79 W/m²
[2025-07-31T15:59:57.086+0000] {logging_mixin.py:188} INFO - [INFO] 2024-01-10 10:00:00 → Ne pas chauffer (solaire ou inutilisé) | Temp: 0.73°C, Débit: 0.1239 m³/s, Irrad: 1.00 W/m²
[2025-07-31T15:59:57.088+0000] {logging_mixin.py:188} INFO - [INFO] 2024-01-10 11:00:00 → Ne pas chauffer (solaire ou inutilisé) | Temp: 0.84°C, Débit: 0.2021 m³/s, Irrad: 0.96 W/m²
[2025-07-31T15:59:57.089+0000] {logging_mixin.py:188} INFO - [INFO] 2024-01-10 12:00:00 → Ne pas chauffer (solaire ou inutilisé) | Temp: 0.88°C, Débit: 0.3388 m³/s, Irrad: 0.77 W/m²
[2025-07-31T15:59:57.090+0000] {logging_mixin.py:188} INFO - [INFO] 2024-01-10 13:00:00 → Ne pas chauffer (solaire ou inutilisé) | Temp: 0.83°C, Débit: 0.4737 m³/s, Irrad: 0.72 W/m²
[2025-07-31T15:59:57.091+0000] {logging_mixin.py:188} INFO - [INFO] 2024-01-10 14:00:00 → Ne pas chauffer (solaire ou inutilisé) | Temp: 0.72°C, Débit: 0.5660 m³/s, Irrad: 0.52 W/m²
[2025-07-31T15:59:57.092+0000] {logging_mixin.py:188} INFO - [INFO] 2024-01-10 15:00:00 → Chauffer (résistance activée) | Temp: 0.55°C, Débit: 0.6205 m³/s, Irrad: 0.25 W/m²
[2025-07-31T15:59:57.093+0000] {logging_mixin.py:188} INFO - [INFO] 2024-01-10 16:00:00 → Ne pas chauffer (solaire ou inutilisé) | Temp: 0.36°C, Débit: 0.6671 m³/s, Irrad: 0.02 W/m²
[2025-07-31T15:59:57.094+0000] {logging_mixin.py:188} INFO - [INFO] 2024-01-10 17:00:00 → Ne pas chauffer (solaire ou inutilisé) | Temp: 0.19°C, Débit: 0.7194 m³/s, Irrad: 0.00 W/m²
[2025-07-31T15:59:57.095+0000] {logging_mixin.py:188} INFO - [INFO] 2024-01-10 18:00:00 → Ne pas chauffer (solaire ou inutilisé) | Temp: 0.08°C, Débit: 0.7574 m³/s, Irrad: 0.00 W/m²
[2025-07-31T15:59:57.098+0000] {logging_mixin.py:188} INFO - [INFO] 2024-01-10 19:00:00 → Ne pas chauffer (solaire ou inutilisé) | Temp: 0.04°C, Débit: 0.7501 m³/s, Irrad: 0.00 W/m²
[2025-07-31T15:59:57.099+0000] {logging_mixin.py:188} INFO - [INFO] 2024-01-10 20:00:00 → Ne pas chauffer (solaire ou inutilisé) | Temp: 0.05°C, Débit: 0.6905 m³/s, Irrad: 0.00 W/m²
[2025-07-31T15:59:57.100+0000] {logging_mixin.py:188} INFO - [INFO] 2024-01-10 21:00:00 → Ne pas chauffer (solaire ou inutilisé) | Temp: 0.07°C, Débit: 0.6048 m³/s, Irrad: 0.00 W/m²
[2025-07-31T15:59:57.101+0000] {logging_mixin.py:188} INFO - [INFO] 2024-01-10 22:00:00 → Ne pas chauffer (solaire ou inutilisé) | Temp: 0.07°C, Débit: 0.5250 m³/s, Irrad: 0.00 W/m²
[2025-07-31T15:59:57.119+0000] {logging_mixin.py:188} INFO - [INFO] All hourly decisions saved to /opt/airflow/dags/logs/decision_2024-01-10.csv
[2025-07-31T15:59:57.197+0000] {python.py:237} INFO - Done. Returned value was: [{'datetime': '2024-01-09 23:00:00', 'temp': 0.07, 'flow': 0.4567, 'irradiance': 0.0, 'action': 0, 'text': 'Ne pas chauffer (solaire ou inutilisé)'}, {'datetime': '2024-01-10 00:00:00', 'temp': 0.07, 'flow': 0.3708, 'irradiance': 0.0, 'action': 0, 'text': 'Ne pas chauffer (solaire ou inutilisé)'}, {'datetime': '2024-01-10 01:00:00', 'temp': 0.09, 'flow': 0.2476, 'irradiance': 0.0, 'action': 0, 'text': 'Ne pas chauffer (solaire ou inutilisé)'}, {'datetime': '2024-01-10 02:00:00', 'temp': 0.11, 'flow': 0.1075, 'irradiance': 0.0, 'action': 0, 'text': 'Ne pas chauffer (solaire ou inutilisé)'}, {'datetime': '2024-01-10 03:00:00', 'temp': 0.12, 'flow': 0.0087, 'irradiance': 0.0, 'action': 0, 'text': 'Ne pas chauffer (solaire ou inutilisé)'}, {'datetime': '2024-01-10 04:00:00', 'temp': 0.11, 'flow': 0.001, 'irradiance': 0.0, 'action': 0, 'text': 'Ne pas chauffer (solaire ou inutilisé)'}, {'datetime': '2024-01-10 05:00:00', 'temp': 0.1, 'flow': 0.0777, 'irradiance': 0.0, 'action': 0, 'text': 'Ne pas chauffer (solaire ou inutilisé)'}, {'datetime': '2024-01-10 06:00:00', 'temp': 0.12, 'flow': 0.1737, 'irradiance': 0.01, 'action': 0, 'text': 'Ne pas chauffer (solaire ou inutilisé)'}, {'datetime': '2024-01-10 07:00:00', 'temp': 0.21, 'flow': 0.2165, 'irradiance': 0.19, 'action': 0, 'text': 'Ne pas chauffer (solaire ou inutilisé)'}, {'datetime': '2024-01-10 08:00:00', 'temp': 0.37, 'flow': 0.1862, 'irradiance': 0.51, 'action': 1, 'text': 'Chauffer (résistance activée)'}, {'datetime': '2024-01-10 09:00:00', 'temp': 0.56, 'flow': 0.1308, 'irradiance': 0.79, 'action': 0, 'text': 'Ne pas chauffer (solaire ou inutilisé)'}, {'datetime': '2024-01-10 10:00:00', 'temp': 0.73, 'flow': 0.1239, 'irradiance': 1.0, 'action': 0, 'text': 'Ne pas chauffer (solaire ou inutilisé)'}, {'datetime': '2024-01-10 11:00:00', 'temp': 0.84, 'flow': 0.2021, 'irradiance': 0.96, 'action': 0, 'text': 'Ne pas chauffer (solaire ou inutilisé)'}, {'datetime': '2024-01-10 12:00:00', 'temp': 0.88, 'flow': 0.3388, 'irradiance': 0.77, 'action': 0, 'text': 'Ne pas chauffer (solaire ou inutilisé)'}, {'datetime': '2024-01-10 13:00:00', 'temp': 0.83, 'flow': 0.4737, 'irradiance': 0.72, 'action': 0, 'text': 'Ne pas chauffer (solaire ou inutilisé)'}, {'datetime': '2024-01-10 14:00:00', 'temp': 0.72, 'flow': 0.566, 'irradiance': 0.52, 'action': 0, 'text': 'Ne pas chauffer (solaire ou inutilisé)'}, {'datetime': '2024-01-10 15:00:00', 'temp': 0.55, 'flow': 0.6205, 'irradiance': 0.25, 'action': 1, 'text': 'Chauffer (résistance activée)'}, {'datetime': '2024-01-10 16:00:00', 'temp': 0.36, 'flow': 0.6671, 'irradiance': 0.02, 'action': 0, 'text': 'Ne pas chauffer (solaire ou inutilisé)'}, {'datetime': '2024-01-10 17:00:00', 'temp': 0.19, 'flow': 0.7194, 'irradiance': 0.0, 'action': 0, 'text': 'Ne pas chauffer (solaire ou inutilisé)'}, {'datetime': '2024-01-10 18:00:00', 'temp': 0.08, 'flow': 0.7574, 'irradiance': 0.0, 'action': 0, 'text': 'Ne pas chauffer (solaire ou inutilisé)'}, {'datetime': '2024-01-10 19:00:00', 'temp': 0.04, 'flow': 0.7501, 'irradiance': 0.0, 'action': 0, 'text': 'Ne pas chauffer (solaire ou inutilisé)'}, {'datetime': '2024-01-10 20:00:00', 'temp': 0.05, 'flow': 0.6905, 'irradiance': 0.0, 'action': 0, 'text': 'Ne pas chauffer (solaire ou inutilisé)'}, {'datetime': '2024-01-10 21:00:00', 'temp': 0.07, 'flow': 0.6048, 'irradiance': 0.0, 'action': 0, 'text': 'Ne pas chauffer (solaire ou inutilisé)'}, {'datetime': '2024-01-10 22:00:00', 'temp': 0.07, 'flow': 0.525, 'irradiance': 0.0, 'action': 0, 'text': 'Ne pas chauffer (solaire ou inutilisé)'}]
[2025-07-31T15:59:57.198+0000] {taskinstance.py:441} INFO - ::group::Post task execution logs
[2025-07-31T15:59:57.280+0000] {taskinstance.py:1206} INFO - Marking task as SUCCESS. dag_id=solar_ai_pipeline_2, task_id=decide, run_id=backfill__2024-01-10T00:00:00+00:00, execution_date=20240110T000000, start_date=20250731T155955, end_date=20250731T155957
[2025-07-31T15:59:57.409+0000] {local_task_job_runner.py:240} INFO - Task exited with return code 0
[2025-07-31T15:59:57.441+0000] {taskinstance.py:3503} INFO - 0 downstream tasks scheduled from follow-on schedule check
[2025-07-31T15:59:57.444+0000] {local_task_job_runner.py:222} INFO - ::endgroup::
