[2025-07-31T16:53:10.886+0000] {local_task_job_runner.py:120} INFO - ::group::Pre task execution logs
[2025-07-31T16:53:10.944+0000] {taskinstance.py:2076} INFO - Dependencies all met for dep_context=non-requeueable deps ti=<TaskInstance: solar_ai_pipeline_2.decide scheduled__2024-01-19T00:00:00+00:00 [queued]>
[2025-07-31T16:53:10.978+0000] {taskinstance.py:2076} INFO - Dependencies all met for dep_context=requeueable deps ti=<TaskInstance: solar_ai_pipeline_2.decide scheduled__2024-01-19T00:00:00+00:00 [queued]>
[2025-07-31T16:53:10.978+0000] {taskinstance.py:2306} INFO - Starting attempt 1 of 2
[2025-07-31T16:53:11.039+0000] {taskinstance.py:2330} INFO - Executing <Task(PythonOperator): decide> on 2024-01-19 00:00:00+00:00
[2025-07-31T16:53:11.045+0000] {standard_task_runner.py:63} INFO - Started process 93274 to run task
[2025-07-31T16:53:11.048+0000] {standard_task_runner.py:90} INFO - Running: ['airflow', 'tasks', 'run', 'solar_ai_pipeline_2', 'decide', 'scheduled__2024-01-19T00:00:00+00:00', '--job-id', '3441', '--raw', '--subdir', 'DAGS_FOLDER/prophet_pipeline.py', '--cfg-path', '/tmp/tmpxoikhmsq']
[2025-07-31T16:53:11.051+0000] {standard_task_runner.py:91} INFO - Job 3441: Subtask decide
[2025-07-31T16:53:11.158+0000] {task_command.py:426} INFO - Running <TaskInstance: solar_ai_pipeline_2.decide scheduled__2024-01-19T00:00:00+00:00 [running]> on host a2a0dd314bdc
[2025-07-31T16:53:11.347+0000] {taskinstance.py:2648} INFO - Exporting env vars: AIRFLOW_CTX_DAG_OWNER='ensam' AIRFLOW_CTX_DAG_ID='solar_ai_pipeline_2' AIRFLOW_CTX_TASK_ID='decide' AIRFLOW_CTX_EXECUTION_DATE='2024-01-19T00:00:00+00:00' AIRFLOW_CTX_TRY_NUMBER='1' AIRFLOW_CTX_DAG_RUN_ID='scheduled__2024-01-19T00:00:00+00:00'
[2025-07-31T16:53:11.347+0000] {taskinstance.py:430} INFO - ::endgroup::
[2025-07-31T16:53:11.757+0000] {logging_mixin.py:188} INFO - [INFO] Starting decision-making process...
[2025-07-31T16:53:11.768+0000] {logging_mixin.py:188} INFO - 📥 [INFO] Loading data...
[2025-07-31T16:53:11.802+0000] {logging_mixin.py:188} INFO - [INFO] 2024-01-18 23:00:00 → Ne pas chauffer (solaire ou inutilisé) | Temp: 0.08°C, Débit: 0.4422 m³/s, Irrad: 0.00 W/m²
[2025-07-31T16:53:11.802+0000] {logging_mixin.py:188} INFO - [INFO] 2024-01-19 00:00:00 → Ne pas chauffer (solaire ou inutilisé) | Temp: 0.08°C, Débit: 0.3552 m³/s, Irrad: 0.00 W/m²
[2025-07-31T16:53:11.803+0000] {logging_mixin.py:188} INFO - [INFO] 2024-01-19 01:00:00 → Ne pas chauffer (solaire ou inutilisé) | Temp: 0.10°C, Débit: 0.2309 m³/s, Irrad: 0.00 W/m²
[2025-07-31T16:53:11.803+0000] {logging_mixin.py:188} INFO - [INFO] 2024-01-19 02:00:00 → Ne pas chauffer (solaire ou inutilisé) | Temp: 0.12°C, Débit: 0.0896 m³/s, Irrad: 0.00 W/m²
[2025-07-31T16:53:11.804+0000] {logging_mixin.py:188} INFO - [INFO] 2024-01-19 03:00:00 → Ne pas chauffer (solaire ou inutilisé) | Temp: 0.13°C, Débit: -0.0104 m³/s, Irrad: 0.00 W/m²
[2025-07-31T16:53:11.804+0000] {logging_mixin.py:188} INFO - [INFO] 2024-01-19 04:00:00 → Ne pas chauffer (solaire ou inutilisé) | Temp: 0.12°C, Débit: -0.0194 m³/s, Irrad: 0.00 W/m²
[2025-07-31T16:53:11.805+0000] {logging_mixin.py:188} INFO - [INFO] 2024-01-19 05:00:00 → Ne pas chauffer (solaire ou inutilisé) | Temp: 0.11°C, Débit: 0.0561 m³/s, Irrad: 0.00 W/m²
[2025-07-31T16:53:11.805+0000] {logging_mixin.py:188} INFO - [INFO] 2024-01-19 06:00:00 → Ne pas chauffer (solaire ou inutilisé) | Temp: 0.13°C, Débit: 0.1509 m³/s, Irrad: 0.00 W/m²
[2025-07-31T16:53:11.806+0000] {logging_mixin.py:188} INFO - [INFO] 2024-01-19 07:00:00 → Ne pas chauffer (solaire ou inutilisé) | Temp: 0.22°C, Débit: 0.1925 m³/s, Irrad: 0.03 W/m²
[2025-07-31T16:53:11.807+0000] {logging_mixin.py:188} INFO - [INFO] 2024-01-19 08:00:00 → Ne pas chauffer (solaire ou inutilisé) | Temp: 0.38°C, Débit: 0.1609 m³/s, Irrad: 0.14 W/m²
[2025-07-31T16:53:11.808+0000] {logging_mixin.py:188} INFO - [INFO] 2024-01-19 09:00:00 → Chauffer (résistance activée) | Temp: 0.56°C, Débit: 0.1044 m³/s, Irrad: 0.23 W/m²
[2025-07-31T16:53:11.808+0000] {logging_mixin.py:188} INFO - [INFO] 2024-01-19 10:00:00 → Chauffer (résistance activée) | Temp: 0.73°C, Débit: 0.0964 m³/s, Irrad: 0.37 W/m²
[2025-07-31T16:53:11.809+0000] {logging_mixin.py:188} INFO - [INFO] 2024-01-19 11:00:00 → Ne pas chauffer (solaire ou inutilisé) | Temp: 0.84°C, Débit: 0.1735 m³/s, Irrad: 0.58 W/m²
[2025-07-31T16:53:11.809+0000] {logging_mixin.py:188} INFO - [INFO] 2024-01-19 12:00:00 → Ne pas chauffer (solaire ou inutilisé) | Temp: 0.88°C, Débit: 0.3092 m³/s, Irrad: 0.64 W/m²
[2025-07-31T16:53:11.810+0000] {logging_mixin.py:188} INFO - [INFO] 2024-01-19 13:00:00 → Ne pas chauffer (solaire ou inutilisé) | Temp: 0.84°C, Débit: 0.4432 m³/s, Irrad: 1.00 W/m²
[2025-07-31T16:53:11.811+0000] {logging_mixin.py:188} INFO - [INFO] 2024-01-19 14:00:00 → Ne pas chauffer (solaire ou inutilisé) | Temp: 0.72°C, Débit: 0.5346 m³/s, Irrad: 0.69 W/m²
[2025-07-31T16:53:11.811+0000] {logging_mixin.py:188} INFO - [INFO] 2024-01-19 15:00:00 → Ne pas chauffer (solaire ou inutilisé) | Temp: 0.55°C, Débit: 0.5884 m³/s, Irrad: 0.33 W/m²
[2025-07-31T16:53:11.812+0000] {logging_mixin.py:188} INFO - [INFO] 2024-01-19 16:00:00 → Chauffer (résistance activée) | Temp: 0.36°C, Débit: 0.6343 m³/s, Irrad: 0.04 W/m²
[2025-07-31T16:53:11.812+0000] {logging_mixin.py:188} INFO - [INFO] 2024-01-19 17:00:00 → Chauffer (résistance activée) | Temp: 0.19°C, Débit: 0.6860 m³/s, Irrad: 0.00 W/m²
[2025-07-31T16:53:11.813+0000] {logging_mixin.py:188} INFO - [INFO] 2024-01-19 18:00:00 → Chauffer (résistance activée) | Temp: 0.09°C, Débit: 0.7237 m³/s, Irrad: 0.00 W/m²
[2025-07-31T16:53:11.813+0000] {logging_mixin.py:188} INFO - [INFO] 2024-01-19 19:00:00 → Chauffer (résistance activée) | Temp: 0.05°C, Débit: 0.7160 m³/s, Irrad: 0.00 W/m²
[2025-07-31T16:53:11.814+0000] {logging_mixin.py:188} INFO - [INFO] 2024-01-19 20:00:00 → Chauffer (résistance activée) | Temp: 0.05°C, Débit: 0.6562 m³/s, Irrad: 0.00 W/m²
[2025-07-31T16:53:11.814+0000] {logging_mixin.py:188} INFO - [INFO] 2024-01-19 21:00:00 → Ne pas chauffer (solaire ou inutilisé) | Temp: 0.07°C, Débit: 0.5705 m³/s, Irrad: 0.00 W/m²
[2025-07-31T16:53:11.815+0000] {logging_mixin.py:188} INFO - [INFO] 2024-01-19 22:00:00 → Ne pas chauffer (solaire ou inutilisé) | Temp: 0.08°C, Débit: 0.4907 m³/s, Irrad: 0.00 W/m²
[2025-07-31T16:53:11.824+0000] {logging_mixin.py:188} INFO - [INFO] All hourly decisions saved to /opt/airflow/dags/logs/decision_2024-01-19.csv
[2025-07-31T16:53:11.873+0000] {python.py:237} INFO - Done. Returned value was: [{'datetime': '2024-01-18 23:00:00', 'temp': 0.08, 'flow': 0.4422, 'irradiance': 0.0, 'action': 0, 'text': 'Ne pas chauffer (solaire ou inutilisé)'}, {'datetime': '2024-01-19 00:00:00', 'temp': 0.08, 'flow': 0.3552, 'irradiance': 0.0, 'action': 0, 'text': 'Ne pas chauffer (solaire ou inutilisé)'}, {'datetime': '2024-01-19 01:00:00', 'temp': 0.1, 'flow': 0.2309, 'irradiance': 0.0, 'action': 0, 'text': 'Ne pas chauffer (solaire ou inutilisé)'}, {'datetime': '2024-01-19 02:00:00', 'temp': 0.12, 'flow': 0.0896, 'irradiance': 0.0, 'action': 0, 'text': 'Ne pas chauffer (solaire ou inutilisé)'}, {'datetime': '2024-01-19 03:00:00', 'temp': 0.13, 'flow': -0.0104, 'irradiance': 0.0, 'action': 0, 'text': 'Ne pas chauffer (solaire ou inutilisé)'}, {'datetime': '2024-01-19 04:00:00', 'temp': 0.12, 'flow': -0.0194, 'irradiance': 0.0, 'action': 0, 'text': 'Ne pas chauffer (solaire ou inutilisé)'}, {'datetime': '2024-01-19 05:00:00', 'temp': 0.11, 'flow': 0.0561, 'irradiance': 0.0, 'action': 0, 'text': 'Ne pas chauffer (solaire ou inutilisé)'}, {'datetime': '2024-01-19 06:00:00', 'temp': 0.13, 'flow': 0.1509, 'irradiance': 0.0, 'action': 0, 'text': 'Ne pas chauffer (solaire ou inutilisé)'}, {'datetime': '2024-01-19 07:00:00', 'temp': 0.22, 'flow': 0.1925, 'irradiance': 0.03, 'action': 0, 'text': 'Ne pas chauffer (solaire ou inutilisé)'}, {'datetime': '2024-01-19 08:00:00', 'temp': 0.38, 'flow': 0.1609, 'irradiance': 0.14, 'action': 0, 'text': 'Ne pas chauffer (solaire ou inutilisé)'}, {'datetime': '2024-01-19 09:00:00', 'temp': 0.56, 'flow': 0.1044, 'irradiance': 0.23, 'action': 1, 'text': 'Chauffer (résistance activée)'}, {'datetime': '2024-01-19 10:00:00', 'temp': 0.73, 'flow': 0.0964, 'irradiance': 0.37, 'action': 1, 'text': 'Chauffer (résistance activée)'}, {'datetime': '2024-01-19 11:00:00', 'temp': 0.84, 'flow': 0.1735, 'irradiance': 0.58, 'action': 0, 'text': 'Ne pas chauffer (solaire ou inutilisé)'}, {'datetime': '2024-01-19 12:00:00', 'temp': 0.88, 'flow': 0.3092, 'irradiance': 0.64, 'action': 0, 'text': 'Ne pas chauffer (solaire ou inutilisé)'}, {'datetime': '2024-01-19 13:00:00', 'temp': 0.84, 'flow': 0.4432, 'irradiance': 1.0, 'action': 0, 'text': 'Ne pas chauffer (solaire ou inutilisé)'}, {'datetime': '2024-01-19 14:00:00', 'temp': 0.72, 'flow': 0.5346, 'irradiance': 0.69, 'action': 0, 'text': 'Ne pas chauffer (solaire ou inutilisé)'}, {'datetime': '2024-01-19 15:00:00', 'temp': 0.55, 'flow': 0.5884, 'irradiance': 0.33, 'action': 0, 'text': 'Ne pas chauffer (solaire ou inutilisé)'}, {'datetime': '2024-01-19 16:00:00', 'temp': 0.36, 'flow': 0.6343, 'irradiance': 0.04, 'action': 1, 'text': 'Chauffer (résistance activée)'}, {'datetime': '2024-01-19 17:00:00', 'temp': 0.19, 'flow': 0.686, 'irradiance': 0.0, 'action': 1, 'text': 'Chauffer (résistance activée)'}, {'datetime': '2024-01-19 18:00:00', 'temp': 0.09, 'flow': 0.7237, 'irradiance': 0.0, 'action': 1, 'text': 'Chauffer (résistance activée)'}, {'datetime': '2024-01-19 19:00:00', 'temp': 0.05, 'flow': 0.716, 'irradiance': 0.0, 'action': 1, 'text': 'Chauffer (résistance activée)'}, {'datetime': '2024-01-19 20:00:00', 'temp': 0.05, 'flow': 0.6562, 'irradiance': 0.0, 'action': 1, 'text': 'Chauffer (résistance activée)'}, {'datetime': '2024-01-19 21:00:00', 'temp': 0.07, 'flow': 0.5705, 'irradiance': 0.0, 'action': 0, 'text': 'Ne pas chauffer (solaire ou inutilisé)'}, {'datetime': '2024-01-19 22:00:00', 'temp': 0.08, 'flow': 0.4907, 'irradiance': 0.0, 'action': 0, 'text': 'Ne pas chauffer (solaire ou inutilisé)'}]
[2025-07-31T16:53:11.874+0000] {taskinstance.py:441} INFO - ::group::Post task execution logs
[2025-07-31T16:53:11.942+0000] {taskinstance.py:1206} INFO - Marking task as SUCCESS. dag_id=solar_ai_pipeline_2, task_id=decide, run_id=scheduled__2024-01-19T00:00:00+00:00, execution_date=20240119T000000, start_date=20250731T165310, end_date=20250731T165311
[2025-07-31T16:53:12.025+0000] {local_task_job_runner.py:240} INFO - Task exited with return code 0
[2025-07-31T16:53:12.052+0000] {taskinstance.py:3503} INFO - 0 downstream tasks scheduled from follow-on schedule check
[2025-07-31T16:53:12.055+0000] {local_task_job_runner.py:222} INFO - ::endgroup::
