[2025-07-29T15:48:27.020+0000] {local_task_job_runner.py:120} INFO - ::group::Pre task execution logs
[2025-07-29T15:48:27.093+0000] {taskinstance.py:2076} INFO - Dependencies all met for dep_context=non-requeueable deps ti=<TaskInstance: solar_ai_pipeline_2.fetch_data scheduled__2023-02-03T00:00:00+00:00 [queued]>
[2025-07-29T15:48:27.124+0000] {taskinstance.py:2076} INFO - Dependencies all met for dep_context=requeueable deps ti=<TaskInstance: solar_ai_pipeline_2.fetch_data scheduled__2023-02-03T00:00:00+00:00 [queued]>
[2025-07-29T15:48:27.129+0000] {taskinstance.py:2306} INFO - Starting attempt 1 of 2
[2025-07-29T15:48:27.220+0000] {taskinstance.py:2330} INFO - Executing <Task(PythonOperator): fetch_data> on 2023-02-03 00:00:00+00:00
[2025-07-29T15:48:27.232+0000] {standard_task_runner.py:63} INFO - Started process 3360 to run task
[2025-07-29T15:48:27.243+0000] {standard_task_runner.py:90} INFO - Running: ['airflow', 'tasks', 'run', 'solar_ai_pipeline_2', 'fetch_data', 'scheduled__2023-02-03T00:00:00+00:00', '--job-id', '1461', '--raw', '--subdir', 'DAGS_FOLDER/prophet_pipeline.py', '--cfg-path', '/tmp/tmpescrimi3']
[2025-07-29T15:48:27.249+0000] {standard_task_runner.py:91} INFO - Job 1461: Subtask fetch_data
[2025-07-29T15:48:27.584+0000] {task_command.py:426} INFO - Running <TaskInstance: solar_ai_pipeline_2.fetch_data scheduled__2023-02-03T00:00:00+00:00 [running]> on host 4c586ddbbbe9
[2025-07-29T15:48:28.039+0000] {taskinstance.py:2648} INFO - Exporting env vars: AIRFLOW_CTX_DAG_OWNER='ensam' AIRFLOW_CTX_DAG_ID='solar_ai_pipeline_2' AIRFLOW_CTX_TASK_ID='fetch_data' AIRFLOW_CTX_EXECUTION_DATE='2023-02-03T00:00:00+00:00' AIRFLOW_CTX_TRY_NUMBER='1' AIRFLOW_CTX_DAG_RUN_ID='scheduled__2023-02-03T00:00:00+00:00'
[2025-07-29T15:48:28.042+0000] {taskinstance.py:430} INFO - ::endgroup::
[2025-07-29T15:48:39.900+0000] {logging_mixin.py:188} INFO - Données simulées pour 2023-02-03 sauvegardées dans dags/data/processed/simulated_solar_heating_2023-02-03.csv
[2025-07-29T15:48:39.903+0000] {logging_mixin.py:188} INFO - count     24.000000
mean     134.746813
std      200.138298
min        0.000000
25%        0.000000
50%        0.000000
75%      263.186000
max      542.427600
Name: solar_irradiance, dtype: float64
[2025-07-29T15:48:39.904+0000] {logging_mixin.py:188} INFO - 2023-02-03 00:00:00+01:00 → Altitude: -61.15
[2025-07-29T15:48:39.904+0000] {logging_mixin.py:188} INFO - NASA GHI response keys: ['2023020300', '2023020301', '2023020302', '2023020303', '2023020304', '2023020305', '2023020306', '2023020307', '2023020308', '2023020309', '2023020310', '2023020311', '2023020312', '2023020313', '2023020314', '2023020315', '2023020316', '2023020317', '2023020318', '2023020319', '2023020320', '2023020321', '2023020322', '2023020323']
[2025-07-29T15:48:39.905+0000] {logging_mixin.py:188} INFO - 2023-02-03 01:00:00+01:00 → Altitude: -70.39
[2025-07-29T15:48:39.905+0000] {logging_mixin.py:188} INFO - NASA GHI response keys: ['2023020300', '2023020301', '2023020302', '2023020303', '2023020304', '2023020305', '2023020306', '2023020307', '2023020308', '2023020309', '2023020310', '2023020311', '2023020312', '2023020313', '2023020314', '2023020315', '2023020316', '2023020317', '2023020318', '2023020319', '2023020320', '2023020321', '2023020322', '2023020323']
[2025-07-29T15:48:39.906+0000] {logging_mixin.py:188} INFO - 2023-02-03 02:00:00+01:00 → Altitude: -72.70
[2025-07-29T15:48:39.907+0000] {logging_mixin.py:188} INFO - NASA GHI response keys: ['2023020300', '2023020301', '2023020302', '2023020303', '2023020304', '2023020305', '2023020306', '2023020307', '2023020308', '2023020309', '2023020310', '2023020311', '2023020312', '2023020313', '2023020314', '2023020315', '2023020316', '2023020317', '2023020318', '2023020319', '2023020320', '2023020321', '2023020322', '2023020323']
[2025-07-29T15:48:39.907+0000] {logging_mixin.py:188} INFO - 2023-02-03 03:00:00+01:00 → Altitude: -65.96
[2025-07-29T15:48:39.908+0000] {logging_mixin.py:188} INFO - NASA GHI response keys: ['2023020300', '2023020301', '2023020302', '2023020303', '2023020304', '2023020305', '2023020306', '2023020307', '2023020308', '2023020309', '2023020310', '2023020311', '2023020312', '2023020313', '2023020314', '2023020315', '2023020316', '2023020317', '2023020318', '2023020319', '2023020320', '2023020321', '2023020322', '2023020323']
[2025-07-29T15:48:39.909+0000] {logging_mixin.py:188} INFO - 2023-02-03 04:00:00+01:00 → Altitude: -55.11
[2025-07-29T15:48:39.909+0000] {logging_mixin.py:188} INFO - NASA GHI response keys: ['2023020300', '2023020301', '2023020302', '2023020303', '2023020304', '2023020305', '2023020306', '2023020307', '2023020308', '2023020309', '2023020310', '2023020311', '2023020312', '2023020313', '2023020314', '2023020315', '2023020316', '2023020317', '2023020318', '2023020319', '2023020320', '2023020321', '2023020322', '2023020323']
[2025-07-29T15:48:39.910+0000] {logging_mixin.py:188} INFO - 2023-02-03 05:00:00+01:00 → Altitude: -43.01
[2025-07-29T15:48:39.910+0000] {logging_mixin.py:188} INFO - NASA GHI response keys: ['2023020300', '2023020301', '2023020302', '2023020303', '2023020304', '2023020305', '2023020306', '2023020307', '2023020308', '2023020309', '2023020310', '2023020311', '2023020312', '2023020313', '2023020314', '2023020315', '2023020316', '2023020317', '2023020318', '2023020319', '2023020320', '2023020321', '2023020322', '2023020323']
[2025-07-29T15:48:39.911+0000] {logging_mixin.py:188} INFO - 2023-02-03 06:00:00+01:00 → Altitude: -30.55
[2025-07-29T15:48:39.912+0000] {logging_mixin.py:188} INFO - NASA GHI response keys: ['2023020300', '2023020301', '2023020302', '2023020303', '2023020304', '2023020305', '2023020306', '2023020307', '2023020308', '2023020309', '2023020310', '2023020311', '2023020312', '2023020313', '2023020314', '2023020315', '2023020316', '2023020317', '2023020318', '2023020319', '2023020320', '2023020321', '2023020322', '2023020323']
[2025-07-29T15:48:39.912+0000] {logging_mixin.py:188} INFO - 2023-02-03 07:00:00+01:00 → Altitude: -18.08
[2025-07-29T15:48:39.913+0000] {logging_mixin.py:188} INFO - NASA GHI response keys: ['2023020300', '2023020301', '2023020302', '2023020303', '2023020304', '2023020305', '2023020306', '2023020307', '2023020308', '2023020309', '2023020310', '2023020311', '2023020312', '2023020313', '2023020314', '2023020315', '2023020316', '2023020317', '2023020318', '2023020319', '2023020320', '2023020321', '2023020322', '2023020323']
[2025-07-29T15:48:39.914+0000] {logging_mixin.py:188} INFO - 2023-02-03 08:00:00+01:00 → Altitude: -5.83
[2025-07-29T15:48:39.914+0000] {logging_mixin.py:188} INFO - NASA GHI response keys: ['2023020300', '2023020301', '2023020302', '2023020303', '2023020304', '2023020305', '2023020306', '2023020307', '2023020308', '2023020309', '2023020310', '2023020311', '2023020312', '2023020313', '2023020314', '2023020315', '2023020316', '2023020317', '2023020318', '2023020319', '2023020320', '2023020321', '2023020322', '2023020323']
[2025-07-29T15:48:39.915+0000] {logging_mixin.py:188} INFO - 2023-02-03 09:00:00+01:00 → Altitude: 5.99
[2025-07-29T15:48:39.915+0000] {logging_mixin.py:188} INFO - NASA GHI response keys: ['2023020300', '2023020301', '2023020302', '2023020303', '2023020304', '2023020305', '2023020306', '2023020307', '2023020308', '2023020309', '2023020310', '2023020311', '2023020312', '2023020313', '2023020314', '2023020315', '2023020316', '2023020317', '2023020318', '2023020319', '2023020320', '2023020321', '2023020322', '2023020323']
[2025-07-29T15:48:39.916+0000] {logging_mixin.py:188} INFO - 2023-02-03 10:00:00+01:00 → Altitude: 16.83
[2025-07-29T15:48:39.917+0000] {logging_mixin.py:188} INFO - NASA GHI response keys: ['2023020300', '2023020301', '2023020302', '2023020303', '2023020304', '2023020305', '2023020306', '2023020307', '2023020308', '2023020309', '2023020310', '2023020311', '2023020312', '2023020313', '2023020314', '2023020315', '2023020316', '2023020317', '2023020318', '2023020319', '2023020320', '2023020321', '2023020322', '2023020323']
[2025-07-29T15:48:39.917+0000] {logging_mixin.py:188} INFO - 2023-02-03 11:00:00+01:00 → Altitude: 26.46
[2025-07-29T15:48:39.918+0000] {logging_mixin.py:188} INFO - NASA GHI response keys: ['2023020300', '2023020301', '2023020302', '2023020303', '2023020304', '2023020305', '2023020306', '2023020307', '2023020308', '2023020309', '2023020310', '2023020311', '2023020312', '2023020313', '2023020314', '2023020315', '2023020316', '2023020317', '2023020318', '2023020319', '2023020320', '2023020321', '2023020322', '2023020323']
[2025-07-29T15:48:39.918+0000] {logging_mixin.py:188} INFO - 2023-02-03 12:00:00+01:00 → Altitude: 34.11
[2025-07-29T15:48:39.919+0000] {logging_mixin.py:188} INFO - NASA GHI response keys: ['2023020300', '2023020301', '2023020302', '2023020303', '2023020304', '2023020305', '2023020306', '2023020307', '2023020308', '2023020309', '2023020310', '2023020311', '2023020312', '2023020313', '2023020314', '2023020315', '2023020316', '2023020317', '2023020318', '2023020319', '2023020320', '2023020321', '2023020322', '2023020323']
[2025-07-29T15:48:39.920+0000] {logging_mixin.py:188} INFO - 2023-02-03 13:00:00+01:00 → Altitude: 38.84
[2025-07-29T15:48:39.920+0000] {logging_mixin.py:188} INFO - NASA GHI response keys: ['2023020300', '2023020301', '2023020302', '2023020303', '2023020304', '2023020305', '2023020306', '2023020307', '2023020308', '2023020309', '2023020310', '2023020311', '2023020312', '2023020313', '2023020314', '2023020315', '2023020316', '2023020317', '2023020318', '2023020319', '2023020320', '2023020321', '2023020322', '2023020323']
[2025-07-29T15:48:39.921+0000] {logging_mixin.py:188} INFO - 2023-02-03 14:00:00+01:00 → Altitude: 39.80
[2025-07-29T15:48:39.921+0000] {logging_mixin.py:188} INFO - NASA GHI response keys: ['2023020300', '2023020301', '2023020302', '2023020303', '2023020304', '2023020305', '2023020306', '2023020307', '2023020308', '2023020309', '2023020310', '2023020311', '2023020312', '2023020313', '2023020314', '2023020315', '2023020316', '2023020317', '2023020318', '2023020319', '2023020320', '2023020321', '2023020322', '2023020323']
[2025-07-29T15:48:39.922+0000] {logging_mixin.py:188} INFO - 2023-02-03 15:00:00+01:00 → Altitude: 36.79
[2025-07-29T15:48:39.923+0000] {logging_mixin.py:188} INFO - NASA GHI response keys: ['2023020300', '2023020301', '2023020302', '2023020303', '2023020304', '2023020305', '2023020306', '2023020307', '2023020308', '2023020309', '2023020310', '2023020311', '2023020312', '2023020313', '2023020314', '2023020315', '2023020316', '2023020317', '2023020318', '2023020319', '2023020320', '2023020321', '2023020322', '2023020323']
[2025-07-29T15:48:39.923+0000] {logging_mixin.py:188} INFO - 2023-02-03 16:00:00+01:00 → Altitude: 30.42
[2025-07-29T15:48:39.924+0000] {logging_mixin.py:188} INFO - NASA GHI response keys: ['2023020300', '2023020301', '2023020302', '2023020303', '2023020304', '2023020305', '2023020306', '2023020307', '2023020308', '2023020309', '2023020310', '2023020311', '2023020312', '2023020313', '2023020314', '2023020315', '2023020316', '2023020317', '2023020318', '2023020319', '2023020320', '2023020321', '2023020322', '2023020323']
[2025-07-29T15:48:39.924+0000] {logging_mixin.py:188} INFO - 2023-02-03 17:00:00+01:00 → Altitude: 21.63
[2025-07-29T15:48:39.925+0000] {logging_mixin.py:188} INFO - NASA GHI response keys: ['2023020300', '2023020301', '2023020302', '2023020303', '2023020304', '2023020305', '2023020306', '2023020307', '2023020308', '2023020309', '2023020310', '2023020311', '2023020312', '2023020313', '2023020314', '2023020315', '2023020316', '2023020317', '2023020318', '2023020319', '2023020320', '2023020321', '2023020322', '2023020323']
[2025-07-29T15:48:39.926+0000] {logging_mixin.py:188} INFO - 2023-02-03 18:00:00+01:00 → Altitude: 11.28
[2025-07-29T15:48:39.926+0000] {logging_mixin.py:188} INFO - NASA GHI response keys: ['2023020300', '2023020301', '2023020302', '2023020303', '2023020304', '2023020305', '2023020306', '2023020307', '2023020308', '2023020309', '2023020310', '2023020311', '2023020312', '2023020313', '2023020314', '2023020315', '2023020316', '2023020317', '2023020318', '2023020319', '2023020320', '2023020321', '2023020322', '2023020323']
[2025-07-29T15:48:39.927+0000] {logging_mixin.py:188} INFO - 2023-02-03 19:00:00+01:00 → Altitude: 0.32
[2025-07-29T15:48:39.927+0000] {logging_mixin.py:188} INFO - NASA GHI response keys: ['2023020300', '2023020301', '2023020302', '2023020303', '2023020304', '2023020305', '2023020306', '2023020307', '2023020308', '2023020309', '2023020310', '2023020311', '2023020312', '2023020313', '2023020314', '2023020315', '2023020316', '2023020317', '2023020318', '2023020319', '2023020320', '2023020321', '2023020322', '2023020323']
[2025-07-29T15:48:39.928+0000] {logging_mixin.py:188} INFO - 2023-02-03 20:00:00+01:00 → Altitude: -12.18
[2025-07-29T15:48:39.929+0000] {logging_mixin.py:188} INFO - NASA GHI response keys: ['2023020300', '2023020301', '2023020302', '2023020303', '2023020304', '2023020305', '2023020306', '2023020307', '2023020308', '2023020309', '2023020310', '2023020311', '2023020312', '2023020313', '2023020314', '2023020315', '2023020316', '2023020317', '2023020318', '2023020319', '2023020320', '2023020321', '2023020322', '2023020323']
[2025-07-29T15:48:39.929+0000] {logging_mixin.py:188} INFO - 2023-02-03 21:00:00+01:00 → Altitude: -24.56
[2025-07-29T15:48:39.930+0000] {logging_mixin.py:188} INFO - NASA GHI response keys: ['2023020300', '2023020301', '2023020302', '2023020303', '2023020304', '2023020305', '2023020306', '2023020307', '2023020308', '2023020309', '2023020310', '2023020311', '2023020312', '2023020313', '2023020314', '2023020315', '2023020316', '2023020317', '2023020318', '2023020319', '2023020320', '2023020321', '2023020322', '2023020323']
[2025-07-29T15:48:39.930+0000] {logging_mixin.py:188} INFO - 2023-02-03 22:00:00+01:00 → Altitude: -37.05
[2025-07-29T15:48:39.931+0000] {logging_mixin.py:188} INFO - NASA GHI response keys: ['2023020300', '2023020301', '2023020302', '2023020303', '2023020304', '2023020305', '2023020306', '2023020307', '2023020308', '2023020309', '2023020310', '2023020311', '2023020312', '2023020313', '2023020314', '2023020315', '2023020316', '2023020317', '2023020318', '2023020319', '2023020320', '2023020321', '2023020322', '2023020323']
[2025-07-29T15:48:39.932+0000] {logging_mixin.py:188} INFO - 2023-02-03 23:00:00+01:00 → Altitude: -49.36
[2025-07-29T15:48:39.933+0000] {logging_mixin.py:188} INFO - NASA GHI response keys: ['2023020300', '2023020301', '2023020302', '2023020303', '2023020304', '2023020305', '2023020306', '2023020307', '2023020308', '2023020309', '2023020310', '2023020311', '2023020312', '2023020313', '2023020314', '2023020315', '2023020316', '2023020317', '2023020318', '2023020319', '2023020320', '2023020321', '2023020322', '2023020323']
[2025-07-29T15:48:39.934+0000] {python.py:237} INFO - Done. Returned value was: None
[2025-07-29T15:48:39.935+0000] {taskinstance.py:441} INFO - ::group::Post task execution logs
[2025-07-29T15:48:39.963+0000] {taskinstance.py:1206} INFO - Marking task as SUCCESS. dag_id=solar_ai_pipeline_2, task_id=fetch_data, run_id=scheduled__2023-02-03T00:00:00+00:00, execution_date=20230203T000000, start_date=20250729T154827, end_date=20250729T154839
[2025-07-29T15:48:40.117+0000] {local_task_job_runner.py:240} INFO - Task exited with return code 0
[2025-07-29T15:48:40.213+0000] {taskinstance.py:3503} INFO - 1 downstream tasks scheduled from follow-on schedule check
[2025-07-29T15:48:40.272+0000] {local_task_job_runner.py:222} INFO - ::endgroup::
