[2025-07-29T15:40:26.837+0000] {local_task_job_runner.py:120} INFO - ::group::Pre task execution logs
[2025-07-29T15:40:26.921+0000] {taskinstance.py:2076} INFO - Dependencies all met for dep_context=non-requeueable deps ti=<TaskInstance: solar_ai_pipeline_2.fetch_data scheduled__2023-01-10T00:00:00+00:00 [queued]>
[2025-07-29T15:40:26.961+0000] {taskinstance.py:2076} INFO - Dependencies all met for dep_context=requeueable deps ti=<TaskInstance: solar_ai_pipeline_2.fetch_data scheduled__2023-01-10T00:00:00+00:00 [queued]>
[2025-07-29T15:40:26.966+0000] {taskinstance.py:2306} INFO - Starting attempt 3 of 4
[2025-07-29T15:40:27.072+0000] {taskinstance.py:2330} INFO - Executing <Task(PythonOperator): fetch_data> on 2023-01-10 00:00:00+00:00
[2025-07-29T15:40:27.084+0000] {standard_task_runner.py:63} INFO - Started process 2588 to run task
[2025-07-29T15:40:27.091+0000] {standard_task_runner.py:90} INFO - Running: ['airflow', 'tasks', 'run', 'solar_ai_pipeline_2', 'fetch_data', 'scheduled__2023-01-10T00:00:00+00:00', '--job-id', '1417', '--raw', '--subdir', 'DAGS_FOLDER/prophet_pipeline.py', '--cfg-path', '/tmp/tmpxsmbzgzm']
[2025-07-29T15:40:27.097+0000] {standard_task_runner.py:91} INFO - Job 1417: Subtask fetch_data
[2025-07-29T15:40:27.363+0000] {task_command.py:426} INFO - Running <TaskInstance: solar_ai_pipeline_2.fetch_data scheduled__2023-01-10T00:00:00+00:00 [running]> on host 4c586ddbbbe9
[2025-07-29T15:40:27.844+0000] {taskinstance.py:2648} INFO - Exporting env vars: AIRFLOW_CTX_DAG_OWNER='ensam' AIRFLOW_CTX_DAG_ID='solar_ai_pipeline_2' AIRFLOW_CTX_TASK_ID='fetch_data' AIRFLOW_CTX_EXECUTION_DATE='2023-01-10T00:00:00+00:00' AIRFLOW_CTX_TRY_NUMBER='3' AIRFLOW_CTX_DAG_RUN_ID='scheduled__2023-01-10T00:00:00+00:00'
[2025-07-29T15:40:27.846+0000] {taskinstance.py:430} INFO - ::endgroup::
[2025-07-29T15:40:37.573+0000] {logging_mixin.py:188} INFO - Données simulées pour 2023-01-10 sauvegardées dans dags/data/processed/simulated_solar_heating_2023-01-10.csv
[2025-07-29T15:40:37.577+0000] {logging_mixin.py:188} INFO - count     24.000000
mean     104.020392
std      157.530893
min        0.000000
25%        0.000000
50%        0.000000
75%      208.076875
max      424.071600
Name: solar_irradiance, dtype: float64
[2025-07-29T15:40:37.578+0000] {logging_mixin.py:188} INFO - 2023-01-10 00:00:00+01:00 → Altitude: -65.62
[2025-07-29T15:40:37.579+0000] {logging_mixin.py:188} INFO - NASA GHI response keys: ['2023011000', '2023011001', '2023011002', '2023011003', '2023011004', '2023011005', '2023011006', '2023011007', '2023011008', '2023011009', '2023011010', '2023011011', '2023011012', '2023011013', '2023011014', '2023011015', '2023011016', '2023011017', '2023011018', '2023011019', '2023011020', '2023011021', '2023011022', '2023011023']
[2025-07-29T15:40:37.580+0000] {logging_mixin.py:188} INFO - 2023-01-10 01:00:00+01:00 → Altitude: -75.79
[2025-07-29T15:40:37.580+0000] {logging_mixin.py:188} INFO - NASA GHI response keys: ['2023011000', '2023011001', '2023011002', '2023011003', '2023011004', '2023011005', '2023011006', '2023011007', '2023011008', '2023011009', '2023011010', '2023011011', '2023011012', '2023011013', '2023011014', '2023011015', '2023011016', '2023011017', '2023011018', '2023011019', '2023011020', '2023011021', '2023011022', '2023011023']
[2025-07-29T15:40:37.581+0000] {logging_mixin.py:188} INFO - 2023-01-10 02:00:00+01:00 → Altitude: -77.44
[2025-07-29T15:40:37.582+0000] {logging_mixin.py:188} INFO - NASA GHI response keys: ['2023011000', '2023011001', '2023011002', '2023011003', '2023011004', '2023011005', '2023011006', '2023011007', '2023011008', '2023011009', '2023011010', '2023011011', '2023011012', '2023011013', '2023011014', '2023011015', '2023011016', '2023011017', '2023011018', '2023011019', '2023011020', '2023011021', '2023011022', '2023011023']
[2025-07-29T15:40:37.583+0000] {logging_mixin.py:188} INFO - 2023-01-10 03:00:00+01:00 → Altitude: -68.49
[2025-07-29T15:40:37.583+0000] {logging_mixin.py:188} INFO - NASA GHI response keys: ['2023011000', '2023011001', '2023011002', '2023011003', '2023011004', '2023011005', '2023011006', '2023011007', '2023011008', '2023011009', '2023011010', '2023011011', '2023011012', '2023011013', '2023011014', '2023011015', '2023011016', '2023011017', '2023011018', '2023011019', '2023011020', '2023011021', '2023011022', '2023011023']
[2025-07-29T15:40:37.584+0000] {logging_mixin.py:188} INFO - 2023-01-10 04:00:00+01:00 → Altitude: -56.65
[2025-07-29T15:40:37.585+0000] {logging_mixin.py:188} INFO - NASA GHI response keys: ['2023011000', '2023011001', '2023011002', '2023011003', '2023011004', '2023011005', '2023011006', '2023011007', '2023011008', '2023011009', '2023011010', '2023011011', '2023011012', '2023011013', '2023011014', '2023011015', '2023011016', '2023011017', '2023011018', '2023011019', '2023011020', '2023011021', '2023011022', '2023011023']
[2025-07-29T15:40:37.586+0000] {logging_mixin.py:188} INFO - 2023-01-10 05:00:00+01:00 → Altitude: -44.23
[2025-07-29T15:40:37.586+0000] {logging_mixin.py:188} INFO - NASA GHI response keys: ['2023011000', '2023011001', '2023011002', '2023011003', '2023011004', '2023011005', '2023011006', '2023011007', '2023011008', '2023011009', '2023011010', '2023011011', '2023011012', '2023011013', '2023011014', '2023011015', '2023011016', '2023011017', '2023011018', '2023011019', '2023011020', '2023011021', '2023011022', '2023011023']
[2025-07-29T15:40:37.587+0000] {logging_mixin.py:188} INFO - 2023-01-10 06:00:00+01:00 → Altitude: -31.76
[2025-07-29T15:40:37.588+0000] {logging_mixin.py:188} INFO - NASA GHI response keys: ['2023011000', '2023011001', '2023011002', '2023011003', '2023011004', '2023011005', '2023011006', '2023011007', '2023011008', '2023011009', '2023011010', '2023011011', '2023011012', '2023011013', '2023011014', '2023011015', '2023011016', '2023011017', '2023011018', '2023011019', '2023011020', '2023011021', '2023011022', '2023011023']
[2025-07-29T15:40:37.588+0000] {logging_mixin.py:188} INFO - 2023-01-10 07:00:00+01:00 → Altitude: -19.46
[2025-07-29T15:40:37.589+0000] {logging_mixin.py:188} INFO - NASA GHI response keys: ['2023011000', '2023011001', '2023011002', '2023011003', '2023011004', '2023011005', '2023011006', '2023011007', '2023011008', '2023011009', '2023011010', '2023011011', '2023011012', '2023011013', '2023011014', '2023011015', '2023011016', '2023011017', '2023011018', '2023011019', '2023011020', '2023011021', '2023011022', '2023011023']
[2025-07-29T15:40:37.590+0000] {logging_mixin.py:188} INFO - 2023-01-10 08:00:00+01:00 → Altitude: -7.54
[2025-07-29T15:40:37.591+0000] {logging_mixin.py:188} INFO - NASA GHI response keys: ['2023011000', '2023011001', '2023011002', '2023011003', '2023011004', '2023011005', '2023011006', '2023011007', '2023011008', '2023011009', '2023011010', '2023011011', '2023011012', '2023011013', '2023011014', '2023011015', '2023011016', '2023011017', '2023011018', '2023011019', '2023011020', '2023011021', '2023011022', '2023011023']
[2025-07-29T15:40:37.592+0000] {logging_mixin.py:188} INFO - 2023-01-10 09:00:00+01:00 → Altitude: 3.90
[2025-07-29T15:40:37.592+0000] {logging_mixin.py:188} INFO - NASA GHI response keys: ['2023011000', '2023011001', '2023011002', '2023011003', '2023011004', '2023011005', '2023011006', '2023011007', '2023011008', '2023011009', '2023011010', '2023011011', '2023011012', '2023011013', '2023011014', '2023011015', '2023011016', '2023011017', '2023011018', '2023011019', '2023011020', '2023011021', '2023011022', '2023011023']
[2025-07-29T15:40:37.593+0000] {logging_mixin.py:188} INFO - 2023-01-10 10:00:00+01:00 → Altitude: 14.10
[2025-07-29T15:40:37.594+0000] {logging_mixin.py:188} INFO - NASA GHI response keys: ['2023011000', '2023011001', '2023011002', '2023011003', '2023011004', '2023011005', '2023011006', '2023011007', '2023011008', '2023011009', '2023011010', '2023011011', '2023011012', '2023011013', '2023011014', '2023011015', '2023011016', '2023011017', '2023011018', '2023011019', '2023011020', '2023011021', '2023011022', '2023011023']
[2025-07-29T15:40:37.594+0000] {logging_mixin.py:188} INFO - 2023-01-10 11:00:00+01:00 → Altitude: 22.99
[2025-07-29T15:40:37.595+0000] {logging_mixin.py:188} INFO - NASA GHI response keys: ['2023011000', '2023011001', '2023011002', '2023011003', '2023011004', '2023011005', '2023011006', '2023011007', '2023011008', '2023011009', '2023011010', '2023011011', '2023011012', '2023011013', '2023011014', '2023011015', '2023011016', '2023011017', '2023011018', '2023011019', '2023011020', '2023011021', '2023011022', '2023011023']
[2025-07-29T15:40:37.596+0000] {logging_mixin.py:188} INFO - 2023-01-10 12:00:00+01:00 → Altitude: 29.81
[2025-07-29T15:40:37.597+0000] {logging_mixin.py:188} INFO - NASA GHI response keys: ['2023011000', '2023011001', '2023011002', '2023011003', '2023011004', '2023011005', '2023011006', '2023011007', '2023011008', '2023011009', '2023011010', '2023011011', '2023011012', '2023011013', '2023011014', '2023011015', '2023011016', '2023011017', '2023011018', '2023011019', '2023011020', '2023011021', '2023011022', '2023011023']
[2025-07-29T15:40:37.597+0000] {logging_mixin.py:188} INFO - 2023-01-10 13:00:00+01:00 → Altitude: 33.78
[2025-07-29T15:40:37.598+0000] {logging_mixin.py:188} INFO - NASA GHI response keys: ['2023011000', '2023011001', '2023011002', '2023011003', '2023011004', '2023011005', '2023011006', '2023011007', '2023011008', '2023011009', '2023011010', '2023011011', '2023011012', '2023011013', '2023011014', '2023011015', '2023011016', '2023011017', '2023011018', '2023011019', '2023011020', '2023011021', '2023011022', '2023011023']
[2025-07-29T15:40:37.599+0000] {logging_mixin.py:188} INFO - 2023-01-10 14:00:00+01:00 → Altitude: 34.26
[2025-07-29T15:40:37.599+0000] {logging_mixin.py:188} INFO - NASA GHI response keys: ['2023011000', '2023011001', '2023011002', '2023011003', '2023011004', '2023011005', '2023011006', '2023011007', '2023011008', '2023011009', '2023011010', '2023011011', '2023011012', '2023011013', '2023011014', '2023011015', '2023011016', '2023011017', '2023011018', '2023011019', '2023011020', '2023011021', '2023011022', '2023011023']
[2025-07-29T15:40:37.600+0000] {logging_mixin.py:188} INFO - 2023-01-10 15:00:00+01:00 → Altitude: 31.16
[2025-07-29T15:40:37.601+0000] {logging_mixin.py:188} INFO - NASA GHI response keys: ['2023011000', '2023011001', '2023011002', '2023011003', '2023011004', '2023011005', '2023011006', '2023011007', '2023011008', '2023011009', '2023011010', '2023011011', '2023011012', '2023011013', '2023011014', '2023011015', '2023011016', '2023011017', '2023011018', '2023011019', '2023011020', '2023011021', '2023011022', '2023011023']
[2025-07-29T15:40:37.602+0000] {logging_mixin.py:188} INFO - 2023-01-10 16:00:00+01:00 → Altitude: 25.02
[2025-07-29T15:40:37.602+0000] {logging_mixin.py:188} INFO - NASA GHI response keys: ['2023011000', '2023011001', '2023011002', '2023011003', '2023011004', '2023011005', '2023011006', '2023011007', '2023011008', '2023011009', '2023011010', '2023011011', '2023011012', '2023011013', '2023011014', '2023011015', '2023011016', '2023011017', '2023011018', '2023011019', '2023011020', '2023011021', '2023011022', '2023011023']
[2025-07-29T15:40:37.603+0000] {logging_mixin.py:188} INFO - 2023-01-10 17:00:00+01:00 → Altitude: 16.60
[2025-07-29T15:40:37.604+0000] {logging_mixin.py:188} INFO - NASA GHI response keys: ['2023011000', '2023011001', '2023011002', '2023011003', '2023011004', '2023011005', '2023011006', '2023011007', '2023011008', '2023011009', '2023011010', '2023011011', '2023011012', '2023011013', '2023011014', '2023011015', '2023011016', '2023011017', '2023011018', '2023011019', '2023011020', '2023011021', '2023011022', '2023011023']
[2025-07-29T15:40:37.605+0000] {logging_mixin.py:188} INFO - 2023-01-10 18:00:00+01:00 → Altitude: 6.66
[2025-07-29T15:40:37.605+0000] {logging_mixin.py:188} INFO - NASA GHI response keys: ['2023011000', '2023011001', '2023011002', '2023011003', '2023011004', '2023011005', '2023011006', '2023011007', '2023011008', '2023011009', '2023011010', '2023011011', '2023011012', '2023011013', '2023011014', '2023011015', '2023011016', '2023011017', '2023011018', '2023011019', '2023011020', '2023011021', '2023011022', '2023011023']
[2025-07-29T15:40:37.606+0000] {logging_mixin.py:188} INFO - 2023-01-10 19:00:00+01:00 → Altitude: -4.47
[2025-07-29T15:40:37.607+0000] {logging_mixin.py:188} INFO - NASA GHI response keys: ['2023011000', '2023011001', '2023011002', '2023011003', '2023011004', '2023011005', '2023011006', '2023011007', '2023011008', '2023011009', '2023011010', '2023011011', '2023011012', '2023011013', '2023011014', '2023011015', '2023011016', '2023011017', '2023011018', '2023011019', '2023011020', '2023011021', '2023011022', '2023011023']
[2025-07-29T15:40:37.608+0000] {logging_mixin.py:188} INFO - 2023-01-10 20:00:00+01:00 → Altitude: -16.29
[2025-07-29T15:40:37.608+0000] {logging_mixin.py:188} INFO - NASA GHI response keys: ['2023011000', '2023011001', '2023011002', '2023011003', '2023011004', '2023011005', '2023011006', '2023011007', '2023011008', '2023011009', '2023011010', '2023011011', '2023011012', '2023011013', '2023011014', '2023011015', '2023011016', '2023011017', '2023011018', '2023011019', '2023011020', '2023011021', '2023011022', '2023011023']
[2025-07-29T15:40:37.609+0000] {logging_mixin.py:188} INFO - 2023-01-10 21:00:00+01:00 → Altitude: -28.50
[2025-07-29T15:40:37.610+0000] {logging_mixin.py:188} INFO - NASA GHI response keys: ['2023011000', '2023011001', '2023011002', '2023011003', '2023011004', '2023011005', '2023011006', '2023011007', '2023011008', '2023011009', '2023011010', '2023011011', '2023011012', '2023011013', '2023011014', '2023011015', '2023011016', '2023011017', '2023011018', '2023011019', '2023011020', '2023011021', '2023011022', '2023011023']
[2025-07-29T15:40:37.611+0000] {logging_mixin.py:188} INFO - 2023-01-10 22:00:00+01:00 → Altitude: -40.94
[2025-07-29T15:40:37.611+0000] {logging_mixin.py:188} INFO - NASA GHI response keys: ['2023011000', '2023011001', '2023011002', '2023011003', '2023011004', '2023011005', '2023011006', '2023011007', '2023011008', '2023011009', '2023011010', '2023011011', '2023011012', '2023011013', '2023011014', '2023011015', '2023011016', '2023011017', '2023011018', '2023011019', '2023011020', '2023011021', '2023011022', '2023011023']
[2025-07-29T15:40:37.612+0000] {logging_mixin.py:188} INFO - 2023-01-10 23:00:00+01:00 → Altitude: -53.40
[2025-07-29T15:40:37.613+0000] {logging_mixin.py:188} INFO - NASA GHI response keys: ['2023011000', '2023011001', '2023011002', '2023011003', '2023011004', '2023011005', '2023011006', '2023011007', '2023011008', '2023011009', '2023011010', '2023011011', '2023011012', '2023011013', '2023011014', '2023011015', '2023011016', '2023011017', '2023011018', '2023011019', '2023011020', '2023011021', '2023011022', '2023011023']
[2025-07-29T15:40:37.615+0000] {python.py:237} INFO - Done. Returned value was: None
[2025-07-29T15:40:37.616+0000] {taskinstance.py:441} INFO - ::group::Post task execution logs
[2025-07-29T15:40:37.726+0000] {taskinstance.py:1206} INFO - Marking task as SUCCESS. dag_id=solar_ai_pipeline_2, task_id=fetch_data, run_id=scheduled__2023-01-10T00:00:00+00:00, execution_date=20230110T000000, start_date=20250729T154026, end_date=20250729T154037
[2025-07-29T15:40:37.942+0000] {local_task_job_runner.py:240} INFO - Task exited with return code 0
[2025-07-29T15:40:38.069+0000] {taskinstance.py:3503} INFO - 1 downstream tasks scheduled from follow-on schedule check
[2025-07-29T15:40:38.110+0000] {local_task_job_runner.py:222} INFO - ::endgroup::
