[2025-07-31T16:44:53.850+0000] {local_task_job_runner.py:120} INFO - ::group::Pre task execution logs
[2025-07-31T16:44:53.926+0000] {taskinstance.py:2076} INFO - Dependencies all met for dep_context=non-requeueable deps ti=<TaskInstance: solar_ai_pipeline_2.decide scheduled__2024-01-12T00:00:00+00:00 [queued]>
[2025-07-31T16:44:53.946+0000] {taskinstance.py:2076} INFO - Dependencies all met for dep_context=requeueable deps ti=<TaskInstance: solar_ai_pipeline_2.decide scheduled__2024-01-12T00:00:00+00:00 [queued]>
[2025-07-31T16:44:53.947+0000] {taskinstance.py:2306} INFO - Starting attempt 1 of 2
[2025-07-31T16:44:53.996+0000] {taskinstance.py:2330} INFO - Executing <Task(PythonOperator): decide> on 2024-01-12 00:00:00+00:00
[2025-07-31T16:44:54.001+0000] {standard_task_runner.py:63} INFO - Started process 91268 to run task
[2025-07-31T16:44:54.004+0000] {standard_task_runner.py:90} INFO - Running: ['airflow', 'tasks', 'run', 'solar_ai_pipeline_2', 'decide', 'scheduled__2024-01-12T00:00:00+00:00', '--job-id', '3435', '--raw', '--subdir', 'DAGS_FOLDER/prophet_pipeline.py', '--cfg-path', '/tmp/tmpuvk4w1hs']
[2025-07-31T16:44:54.007+0000] {standard_task_runner.py:91} INFO - Job 3435: Subtask decide
[2025-07-31T16:44:54.114+0000] {task_command.py:426} INFO - Running <TaskInstance: solar_ai_pipeline_2.decide scheduled__2024-01-12T00:00:00+00:00 [running]> on host a2a0dd314bdc
[2025-07-31T16:44:54.318+0000] {taskinstance.py:2648} INFO - Exporting env vars: AIRFLOW_CTX_DAG_OWNER='ensam' AIRFLOW_CTX_DAG_ID='solar_ai_pipeline_2' AIRFLOW_CTX_TASK_ID='decide' AIRFLOW_CTX_EXECUTION_DATE='2024-01-12T00:00:00+00:00' AIRFLOW_CTX_TRY_NUMBER='1' AIRFLOW_CTX_DAG_RUN_ID='scheduled__2024-01-12T00:00:00+00:00'
[2025-07-31T16:44:54.319+0000] {taskinstance.py:430} INFO - ::endgroup::
[2025-07-31T16:44:54.721+0000] {logging_mixin.py:188} INFO - [INFO] Starting decision-making process...
[2025-07-31T16:44:54.736+0000] {logging_mixin.py:188} INFO - 📥 [INFO] Loading data...
[2025-07-31T16:44:54.785+0000] {logging_mixin.py:188} INFO - [INFO] 2024-01-11 23:00:00 → Ne pas chauffer (solaire ou inutilisé) | Temp: 0.08°C, Débit: 0.4780 m³/s, Irrad: 0.00 W/m²
[2025-07-31T16:44:54.786+0000] {logging_mixin.py:188} INFO - [INFO] 2024-01-12 00:00:00 → Ne pas chauffer (solaire ou inutilisé) | Temp: 0.09°C, Débit: 0.3857 m³/s, Irrad: 0.00 W/m²
[2025-07-31T16:44:54.787+0000] {logging_mixin.py:188} INFO - [INFO] 2024-01-12 01:00:00 → Ne pas chauffer (solaire ou inutilisé) | Temp: 0.11°C, Débit: 0.2625 m³/s, Irrad: 0.00 W/m²
[2025-07-31T16:44:54.787+0000] {logging_mixin.py:188} INFO - [INFO] 2024-01-12 02:00:00 → Ne pas chauffer (solaire ou inutilisé) | Temp: 0.15°C, Débit: 0.1287 m³/s, Irrad: 0.00 W/m²
[2025-07-31T16:44:54.788+0000] {logging_mixin.py:188} INFO - [INFO] 2024-01-12 03:00:00 → Ne pas chauffer (solaire ou inutilisé) | Temp: 0.17°C, Débit: 0.0353 m³/s, Irrad: 0.00 W/m²
[2025-07-31T16:44:54.789+0000] {logging_mixin.py:188} INFO - [INFO] 2024-01-12 04:00:00 → Ne pas chauffer (solaire ou inutilisé) | Temp: 0.16°C, Débit: 0.0250 m³/s, Irrad: 0.00 W/m²
[2025-07-31T16:44:54.789+0000] {logging_mixin.py:188} INFO - [INFO] 2024-01-12 05:00:00 → Ne pas chauffer (solaire ou inutilisé) | Temp: 0.14°C, Débit: 0.0920 m³/s, Irrad: 0.00 W/m²
[2025-07-31T16:44:54.790+0000] {logging_mixin.py:188} INFO - [INFO] 2024-01-12 06:00:00 → Ne pas chauffer (solaire ou inutilisé) | Temp: 0.18°C, Débit: 0.1799 m³/s, Irrad: 0.00 W/m²
[2025-07-31T16:44:54.791+0000] {logging_mixin.py:188} INFO - [INFO] 2024-01-12 07:00:00 → Ne pas chauffer (solaire ou inutilisé) | Temp: 0.31°C, Débit: 0.2249 m³/s, Irrad: 0.12 W/m²
[2025-07-31T16:44:54.791+0000] {logging_mixin.py:188} INFO - [INFO] 2024-01-12 08:00:00 → Ne pas chauffer (solaire ou inutilisé) | Temp: 0.53°C, Débit: 0.2069 m³/s, Irrad: 0.42 W/m²
[2025-07-31T16:44:54.792+0000] {logging_mixin.py:188} INFO - [INFO] 2024-01-12 09:00:00 → Ne pas chauffer (solaire ou inutilisé) | Temp: 0.79°C, Débit: 0.1654 m³/s, Irrad: 0.69 W/m²
[2025-07-31T16:44:54.792+0000] {logging_mixin.py:188} INFO - [INFO] 2024-01-12 10:00:00 → Ne pas chauffer (solaire ou inutilisé) | Temp: 1.04°C, Débit: 0.1637 m³/s, Irrad: 0.90 W/m²
[2025-07-31T16:44:54.793+0000] {logging_mixin.py:188} INFO - [INFO] 2024-01-12 11:00:00 → Ne pas chauffer (solaire ou inutilisé) | Temp: 1.21°C, Débit: 0.2363 m³/s, Irrad: 1.00 W/m²
[2025-07-31T16:44:54.794+0000] {logging_mixin.py:188} INFO - [INFO] 2024-01-12 12:00:00 → Ne pas chauffer (solaire ou inutilisé) | Temp: 1.27°C, Débit: 0.3640 m³/s, Irrad: 0.95 W/m²
[2025-07-31T16:44:54.794+0000] {logging_mixin.py:188} INFO - [INFO] 2024-01-12 13:00:00 → Ne pas chauffer (solaire ou inutilisé) | Temp: 1.21°C, Débit: 0.4956 m³/s, Irrad: 0.76 W/m²
[2025-07-31T16:44:54.795+0000] {logging_mixin.py:188} INFO - [INFO] 2024-01-12 14:00:00 → Ne pas chauffer (solaire ou inutilisé) | Temp: 1.06°C, Débit: 0.5925 m³/s, Irrad: 0.51 W/m²
[2025-07-31T16:44:54.796+0000] {logging_mixin.py:188} INFO - [INFO] 2024-01-12 15:00:00 → Ne pas chauffer (solaire ou inutilisé) | Temp: 0.82°C, Débit: 0.6535 m³/s, Irrad: 0.21 W/m²
[2025-07-31T16:44:54.796+0000] {logging_mixin.py:188} INFO - [INFO] 2024-01-12 16:00:00 → Chauffer (résistance activée) | Temp: 0.55°C, Débit: 0.7008 m³/s, Irrad: 0.01 W/m²
[2025-07-31T16:44:54.797+0000] {logging_mixin.py:188} INFO - [INFO] 2024-01-12 17:00:00 → Chauffer (résistance activée) | Temp: 0.30°C, Débit: 0.7467 m³/s, Irrad: 0.00 W/m²
[2025-07-31T16:44:54.798+0000] {logging_mixin.py:188} INFO - [INFO] 2024-01-12 18:00:00 → Chauffer (résistance activée) | Temp: 0.14°C, Débit: 0.7781 m³/s, Irrad: 0.00 W/m²
[2025-07-31T16:44:54.798+0000] {logging_mixin.py:188} INFO - [INFO] 2024-01-12 19:00:00 → Chauffer (résistance activée) | Temp: 0.07°C, Débit: 0.7713 m³/s, Irrad: 0.00 W/m²
[2025-07-31T16:44:54.799+0000] {logging_mixin.py:188} INFO - [INFO] 2024-01-12 20:00:00 → Chauffer (résistance activée) | Temp: 0.08°C, Débit: 0.7202 m³/s, Irrad: 0.00 W/m²
[2025-07-31T16:44:54.800+0000] {logging_mixin.py:188} INFO - [INFO] 2024-01-12 21:00:00 → Chauffer (résistance activée) | Temp: 0.10°C, Débit: 0.6441 m³/s, Irrad: 0.00 W/m²
[2025-07-31T16:44:54.800+0000] {logging_mixin.py:188} INFO - [INFO] 2024-01-12 22:00:00 → Ne pas chauffer (solaire ou inutilisé) | Temp: 0.11°C, Débit: 0.5672 m³/s, Irrad: 0.00 W/m²
[2025-07-31T16:44:54.812+0000] {logging_mixin.py:188} INFO - [INFO] All hourly decisions saved to /opt/airflow/dags/logs/decision_2024-01-12.csv
[2025-07-31T16:44:54.851+0000] {python.py:237} INFO - Done. Returned value was: [{'datetime': '2024-01-11 23:00:00', 'temp': 0.08, 'flow': 0.478, 'irradiance': 0.0, 'action': 0, 'text': 'Ne pas chauffer (solaire ou inutilisé)'}, {'datetime': '2024-01-12 00:00:00', 'temp': 0.09, 'flow': 0.3857, 'irradiance': 0.0, 'action': 0, 'text': 'Ne pas chauffer (solaire ou inutilisé)'}, {'datetime': '2024-01-12 01:00:00', 'temp': 0.11, 'flow': 0.2625, 'irradiance': 0.0, 'action': 0, 'text': 'Ne pas chauffer (solaire ou inutilisé)'}, {'datetime': '2024-01-12 02:00:00', 'temp': 0.15, 'flow': 0.1287, 'irradiance': 0.0, 'action': 0, 'text': 'Ne pas chauffer (solaire ou inutilisé)'}, {'datetime': '2024-01-12 03:00:00', 'temp': 0.17, 'flow': 0.0353, 'irradiance': 0.0, 'action': 0, 'text': 'Ne pas chauffer (solaire ou inutilisé)'}, {'datetime': '2024-01-12 04:00:00', 'temp': 0.16, 'flow': 0.025, 'irradiance': 0.0, 'action': 0, 'text': 'Ne pas chauffer (solaire ou inutilisé)'}, {'datetime': '2024-01-12 05:00:00', 'temp': 0.14, 'flow': 0.092, 'irradiance': 0.0, 'action': 0, 'text': 'Ne pas chauffer (solaire ou inutilisé)'}, {'datetime': '2024-01-12 06:00:00', 'temp': 0.18, 'flow': 0.1799, 'irradiance': 0.0, 'action': 0, 'text': 'Ne pas chauffer (solaire ou inutilisé)'}, {'datetime': '2024-01-12 07:00:00', 'temp': 0.31, 'flow': 0.2249, 'irradiance': 0.12, 'action': 0, 'text': 'Ne pas chauffer (solaire ou inutilisé)'}, {'datetime': '2024-01-12 08:00:00', 'temp': 0.53, 'flow': 0.2069, 'irradiance': 0.42, 'action': 0, 'text': 'Ne pas chauffer (solaire ou inutilisé)'}, {'datetime': '2024-01-12 09:00:00', 'temp': 0.79, 'flow': 0.1654, 'irradiance': 0.69, 'action': 0, 'text': 'Ne pas chauffer (solaire ou inutilisé)'}, {'datetime': '2024-01-12 10:00:00', 'temp': 1.04, 'flow': 0.1637, 'irradiance': 0.9, 'action': 0, 'text': 'Ne pas chauffer (solaire ou inutilisé)'}, {'datetime': '2024-01-12 11:00:00', 'temp': 1.21, 'flow': 0.2363, 'irradiance': 1.0, 'action': 0, 'text': 'Ne pas chauffer (solaire ou inutilisé)'}, {'datetime': '2024-01-12 12:00:00', 'temp': 1.27, 'flow': 0.364, 'irradiance': 0.95, 'action': 0, 'text': 'Ne pas chauffer (solaire ou inutilisé)'}, {'datetime': '2024-01-12 13:00:00', 'temp': 1.21, 'flow': 0.4956, 'irradiance': 0.76, 'action': 0, 'text': 'Ne pas chauffer (solaire ou inutilisé)'}, {'datetime': '2024-01-12 14:00:00', 'temp': 1.06, 'flow': 0.5925, 'irradiance': 0.51, 'action': 0, 'text': 'Ne pas chauffer (solaire ou inutilisé)'}, {'datetime': '2024-01-12 15:00:00', 'temp': 0.82, 'flow': 0.6535, 'irradiance': 0.21, 'action': 0, 'text': 'Ne pas chauffer (solaire ou inutilisé)'}, {'datetime': '2024-01-12 16:00:00', 'temp': 0.55, 'flow': 0.7008, 'irradiance': 0.01, 'action': 1, 'text': 'Chauffer (résistance activée)'}, {'datetime': '2024-01-12 17:00:00', 'temp': 0.3, 'flow': 0.7467, 'irradiance': 0.0, 'action': 1, 'text': 'Chauffer (résistance activée)'}, {'datetime': '2024-01-12 18:00:00', 'temp': 0.14, 'flow': 0.7781, 'irradiance': 0.0, 'action': 1, 'text': 'Chauffer (résistance activée)'}, {'datetime': '2024-01-12 19:00:00', 'temp': 0.07, 'flow': 0.7713, 'irradiance': 0.0, 'action': 1, 'text': 'Chauffer (résistance activée)'}, {'datetime': '2024-01-12 20:00:00', 'temp': 0.08, 'flow': 0.7202, 'irradiance': 0.0, 'action': 1, 'text': 'Chauffer (résistance activée)'}, {'datetime': '2024-01-12 21:00:00', 'temp': 0.1, 'flow': 0.6441, 'irradiance': 0.0, 'action': 1, 'text': 'Chauffer (résistance activée)'}, {'datetime': '2024-01-12 22:00:00', 'temp': 0.11, 'flow': 0.5672, 'irradiance': 0.0, 'action': 0, 'text': 'Ne pas chauffer (solaire ou inutilisé)'}]
[2025-07-31T16:44:54.852+0000] {taskinstance.py:441} INFO - ::group::Post task execution logs
[2025-07-31T16:44:54.898+0000] {taskinstance.py:1206} INFO - Marking task as SUCCESS. dag_id=solar_ai_pipeline_2, task_id=decide, run_id=scheduled__2024-01-12T00:00:00+00:00, execution_date=20240112T000000, start_date=20250731T164453, end_date=20250731T164454
[2025-07-31T16:44:54.981+0000] {local_task_job_runner.py:240} INFO - Task exited with return code 0
[2025-07-31T16:44:55.007+0000] {taskinstance.py:3503} INFO - 0 downstream tasks scheduled from follow-on schedule check
[2025-07-31T16:44:55.009+0000] {local_task_job_runner.py:222} INFO - ::endgroup::
