[2025-07-29T15:50:40.983+0000] {local_task_job_runner.py:120} INFO - ::group::Pre task execution logs
[2025-07-29T15:50:41.041+0000] {taskinstance.py:2076} INFO - Dependencies all met for dep_context=non-requeueable deps ti=<TaskInstance: solar_ai_pipeline_2.fetch_data scheduled__2023-02-05T00:00:00+00:00 [queued]>
[2025-07-29T15:50:41.064+0000] {taskinstance.py:2076} INFO - Dependencies all met for dep_context=requeueable deps ti=<TaskInstance: solar_ai_pipeline_2.fetch_data scheduled__2023-02-05T00:00:00+00:00 [queued]>
[2025-07-29T15:50:41.066+0000] {taskinstance.py:2306} INFO - Starting attempt 1 of 2
[2025-07-29T15:50:41.137+0000] {taskinstance.py:2330} INFO - Executing <Task(PythonOperator): fetch_data> on 2023-02-05 00:00:00+00:00
[2025-07-29T15:50:41.144+0000] {standard_task_runner.py:63} INFO - Started process 3517 to run task
[2025-07-29T15:50:41.150+0000] {standard_task_runner.py:90} INFO - Running: ['airflow', 'tasks', 'run', 'solar_ai_pipeline_2', 'fetch_data', 'scheduled__2023-02-05T00:00:00+00:00', '--job-id', '1470', '--raw', '--subdir', 'DAGS_FOLDER/prophet_pipeline.py', '--cfg-path', '/tmp/tmpv8vz3b7w']
[2025-07-29T15:50:41.154+0000] {standard_task_runner.py:91} INFO - Job 1470: Subtask fetch_data
[2025-07-29T15:50:41.350+0000] {task_command.py:426} INFO - Running <TaskInstance: solar_ai_pipeline_2.fetch_data scheduled__2023-02-05T00:00:00+00:00 [running]> on host 4c586ddbbbe9
[2025-07-29T15:50:41.706+0000] {taskinstance.py:2648} INFO - Exporting env vars: AIRFLOW_CTX_DAG_OWNER='ensam' AIRFLOW_CTX_DAG_ID='solar_ai_pipeline_2' AIRFLOW_CTX_TASK_ID='fetch_data' AIRFLOW_CTX_EXECUTION_DATE='2023-02-05T00:00:00+00:00' AIRFLOW_CTX_TRY_NUMBER='1' AIRFLOW_CTX_DAG_RUN_ID='scheduled__2023-02-05T00:00:00+00:00'
[2025-07-29T15:50:41.708+0000] {taskinstance.py:430} INFO - ::endgroup::
[2025-07-29T15:50:52.045+0000] {logging_mixin.py:188} INFO - Données simulées pour 2023-02-05 sauvegardées dans dags/data/processed/simulated_solar_heating_2023-02-05.csv
[2025-07-29T15:50:52.056+0000] {logging_mixin.py:188} INFO - count     24.000000
mean      75.079700
std      110.568933
min        0.000000
25%        0.000000
50%        0.000000
75%      161.282500
max      347.424000
Name: solar_irradiance, dtype: float64
[2025-07-29T15:50:52.057+0000] {logging_mixin.py:188} INFO - 2023-02-05 00:00:00+01:00 → Altitude: -60.72
[2025-07-29T15:50:52.058+0000] {logging_mixin.py:188} INFO - NASA GHI response keys: ['2023020500', '2023020501', '2023020502', '2023020503', '2023020504', '2023020505', '2023020506', '2023020507', '2023020508', '2023020509', '2023020510', '2023020511', '2023020512', '2023020513', '2023020514', '2023020515', '2023020516', '2023020517', '2023020518', '2023020519', '2023020520', '2023020521', '2023020522', '2023020523']
[2025-07-29T15:50:52.060+0000] {logging_mixin.py:188} INFO - 2023-02-05 01:00:00+01:00 → Altitude: -69.85
[2025-07-29T15:50:52.061+0000] {logging_mixin.py:188} INFO - NASA GHI response keys: ['2023020500', '2023020501', '2023020502', '2023020503', '2023020504', '2023020505', '2023020506', '2023020507', '2023020508', '2023020509', '2023020510', '2023020511', '2023020512', '2023020513', '2023020514', '2023020515', '2023020516', '2023020517', '2023020518', '2023020519', '2023020520', '2023020521', '2023020522', '2023020523']
[2025-07-29T15:50:52.062+0000] {logging_mixin.py:188} INFO - 2023-02-05 02:00:00+01:00 → Altitude: -72.13
[2025-07-29T15:50:52.063+0000] {logging_mixin.py:188} INFO - NASA GHI response keys: ['2023020500', '2023020501', '2023020502', '2023020503', '2023020504', '2023020505', '2023020506', '2023020507', '2023020508', '2023020509', '2023020510', '2023020511', '2023020512', '2023020513', '2023020514', '2023020515', '2023020516', '2023020517', '2023020518', '2023020519', '2023020520', '2023020521', '2023020522', '2023020523']
[2025-07-29T15:50:52.064+0000] {logging_mixin.py:188} INFO - 2023-02-05 03:00:00+01:00 → Altitude: -65.54
[2025-07-29T15:50:52.065+0000] {logging_mixin.py:188} INFO - NASA GHI response keys: ['2023020500', '2023020501', '2023020502', '2023020503', '2023020504', '2023020505', '2023020506', '2023020507', '2023020508', '2023020509', '2023020510', '2023020511', '2023020512', '2023020513', '2023020514', '2023020515', '2023020516', '2023020517', '2023020518', '2023020519', '2023020520', '2023020521', '2023020522', '2023020523']
[2025-07-29T15:50:52.066+0000] {logging_mixin.py:188} INFO - 2023-02-05 04:00:00+01:00 → Altitude: -54.80
[2025-07-29T15:50:52.066+0000] {logging_mixin.py:188} INFO - NASA GHI response keys: ['2023020500', '2023020501', '2023020502', '2023020503', '2023020504', '2023020505', '2023020506', '2023020507', '2023020508', '2023020509', '2023020510', '2023020511', '2023020512', '2023020513', '2023020514', '2023020515', '2023020516', '2023020517', '2023020518', '2023020519', '2023020520', '2023020521', '2023020522', '2023020523']
[2025-07-29T15:50:52.067+0000] {logging_mixin.py:188} INFO - 2023-02-05 05:00:00+01:00 → Altitude: -42.75
[2025-07-29T15:50:52.068+0000] {logging_mixin.py:188} INFO - NASA GHI response keys: ['2023020500', '2023020501', '2023020502', '2023020503', '2023020504', '2023020505', '2023020506', '2023020507', '2023020508', '2023020509', '2023020510', '2023020511', '2023020512', '2023020513', '2023020514', '2023020515', '2023020516', '2023020517', '2023020518', '2023020519', '2023020520', '2023020521', '2023020522', '2023020523']
[2025-07-29T15:50:52.069+0000] {logging_mixin.py:188} INFO - 2023-02-05 06:00:00+01:00 → Altitude: -30.29
[2025-07-29T15:50:52.070+0000] {logging_mixin.py:188} INFO - NASA GHI response keys: ['2023020500', '2023020501', '2023020502', '2023020503', '2023020504', '2023020505', '2023020506', '2023020507', '2023020508', '2023020509', '2023020510', '2023020511', '2023020512', '2023020513', '2023020514', '2023020515', '2023020516', '2023020517', '2023020518', '2023020519', '2023020520', '2023020521', '2023020522', '2023020523']
[2025-07-29T15:50:52.070+0000] {logging_mixin.py:188} INFO - 2023-02-05 07:00:00+01:00 → Altitude: -17.82
[2025-07-29T15:50:52.071+0000] {logging_mixin.py:188} INFO - NASA GHI response keys: ['2023020500', '2023020501', '2023020502', '2023020503', '2023020504', '2023020505', '2023020506', '2023020507', '2023020508', '2023020509', '2023020510', '2023020511', '2023020512', '2023020513', '2023020514', '2023020515', '2023020516', '2023020517', '2023020518', '2023020519', '2023020520', '2023020521', '2023020522', '2023020523']
[2025-07-29T15:50:52.072+0000] {logging_mixin.py:188} INFO - 2023-02-05 08:00:00+01:00 → Altitude: -5.54
[2025-07-29T15:50:52.073+0000] {logging_mixin.py:188} INFO - NASA GHI response keys: ['2023020500', '2023020501', '2023020502', '2023020503', '2023020504', '2023020505', '2023020506', '2023020507', '2023020508', '2023020509', '2023020510', '2023020511', '2023020512', '2023020513', '2023020514', '2023020515', '2023020516', '2023020517', '2023020518', '2023020519', '2023020520', '2023020521', '2023020522', '2023020523']
[2025-07-29T15:50:52.073+0000] {logging_mixin.py:188} INFO - 2023-02-05 09:00:00+01:00 → Altitude: 6.31
[2025-07-29T15:50:52.074+0000] {logging_mixin.py:188} INFO - NASA GHI response keys: ['2023020500', '2023020501', '2023020502', '2023020503', '2023020504', '2023020505', '2023020506', '2023020507', '2023020508', '2023020509', '2023020510', '2023020511', '2023020512', '2023020513', '2023020514', '2023020515', '2023020516', '2023020517', '2023020518', '2023020519', '2023020520', '2023020521', '2023020522', '2023020523']
[2025-07-29T15:50:52.075+0000] {logging_mixin.py:188} INFO - 2023-02-05 10:00:00+01:00 → Altitude: 17.21
[2025-07-29T15:50:52.076+0000] {logging_mixin.py:188} INFO - NASA GHI response keys: ['2023020500', '2023020501', '2023020502', '2023020503', '2023020504', '2023020505', '2023020506', '2023020507', '2023020508', '2023020509', '2023020510', '2023020511', '2023020512', '2023020513', '2023020514', '2023020515', '2023020516', '2023020517', '2023020518', '2023020519', '2023020520', '2023020521', '2023020522', '2023020523']
[2025-07-29T15:50:52.077+0000] {logging_mixin.py:188} INFO - 2023-02-05 11:00:00+01:00 → Altitude: 26.90
[2025-07-29T15:50:52.077+0000] {logging_mixin.py:188} INFO - NASA GHI response keys: ['2023020500', '2023020501', '2023020502', '2023020503', '2023020504', '2023020505', '2023020506', '2023020507', '2023020508', '2023020509', '2023020510', '2023020511', '2023020512', '2023020513', '2023020514', '2023020515', '2023020516', '2023020517', '2023020518', '2023020519', '2023020520', '2023020521', '2023020522', '2023020523']
[2025-07-29T15:50:52.078+0000] {logging_mixin.py:188} INFO - 2023-02-05 12:00:00+01:00 → Altitude: 34.62
[2025-07-29T15:50:52.079+0000] {logging_mixin.py:188} INFO - NASA GHI response keys: ['2023020500', '2023020501', '2023020502', '2023020503', '2023020504', '2023020505', '2023020506', '2023020507', '2023020508', '2023020509', '2023020510', '2023020511', '2023020512', '2023020513', '2023020514', '2023020515', '2023020516', '2023020517', '2023020518', '2023020519', '2023020520', '2023020521', '2023020522', '2023020523']
[2025-07-29T15:50:52.080+0000] {logging_mixin.py:188} INFO - 2023-02-05 13:00:00+01:00 → Altitude: 39.42
[2025-07-29T15:50:52.080+0000] {logging_mixin.py:188} INFO - NASA GHI response keys: ['2023020500', '2023020501', '2023020502', '2023020503', '2023020504', '2023020505', '2023020506', '2023020507', '2023020508', '2023020509', '2023020510', '2023020511', '2023020512', '2023020513', '2023020514', '2023020515', '2023020516', '2023020517', '2023020518', '2023020519', '2023020520', '2023020521', '2023020522', '2023020523']
[2025-07-29T15:50:52.081+0000] {logging_mixin.py:188} INFO - 2023-02-05 14:00:00+01:00 → Altitude: 40.40
[2025-07-29T15:50:52.081+0000] {logging_mixin.py:188} INFO - NASA GHI response keys: ['2023020500', '2023020501', '2023020502', '2023020503', '2023020504', '2023020505', '2023020506', '2023020507', '2023020508', '2023020509', '2023020510', '2023020511', '2023020512', '2023020513', '2023020514', '2023020515', '2023020516', '2023020517', '2023020518', '2023020519', '2023020520', '2023020521', '2023020522', '2023020523']
[2025-07-29T15:50:52.082+0000] {logging_mixin.py:188} INFO - 2023-02-05 15:00:00+01:00 → Altitude: 37.37
[2025-07-29T15:50:52.083+0000] {logging_mixin.py:188} INFO - NASA GHI response keys: ['2023020500', '2023020501', '2023020502', '2023020503', '2023020504', '2023020505', '2023020506', '2023020507', '2023020508', '2023020509', '2023020510', '2023020511', '2023020512', '2023020513', '2023020514', '2023020515', '2023020516', '2023020517', '2023020518', '2023020519', '2023020520', '2023020521', '2023020522', '2023020523']
[2025-07-29T15:50:52.084+0000] {logging_mixin.py:188} INFO - 2023-02-05 16:00:00+01:00 → Altitude: 30.94
[2025-07-29T15:50:52.084+0000] {logging_mixin.py:188} INFO - NASA GHI response keys: ['2023020500', '2023020501', '2023020502', '2023020503', '2023020504', '2023020505', '2023020506', '2023020507', '2023020508', '2023020509', '2023020510', '2023020511', '2023020512', '2023020513', '2023020514', '2023020515', '2023020516', '2023020517', '2023020518', '2023020519', '2023020520', '2023020521', '2023020522', '2023020523']
[2025-07-29T15:50:52.085+0000] {logging_mixin.py:188} INFO - 2023-02-05 17:00:00+01:00 → Altitude: 22.10
[2025-07-29T15:50:52.086+0000] {logging_mixin.py:188} INFO - NASA GHI response keys: ['2023020500', '2023020501', '2023020502', '2023020503', '2023020504', '2023020505', '2023020506', '2023020507', '2023020508', '2023020509', '2023020510', '2023020511', '2023020512', '2023020513', '2023020514', '2023020515', '2023020516', '2023020517', '2023020518', '2023020519', '2023020520', '2023020521', '2023020522', '2023020523']
[2025-07-29T15:50:52.086+0000] {logging_mixin.py:188} INFO - 2023-02-05 18:00:00+01:00 → Altitude: 11.70
[2025-07-29T15:50:52.087+0000] {logging_mixin.py:188} INFO - NASA GHI response keys: ['2023020500', '2023020501', '2023020502', '2023020503', '2023020504', '2023020505', '2023020506', '2023020507', '2023020508', '2023020509', '2023020510', '2023020511', '2023020512', '2023020513', '2023020514', '2023020515', '2023020516', '2023020517', '2023020518', '2023020519', '2023020520', '2023020521', '2023020522', '2023020523']
[2025-07-29T15:50:52.088+0000] {logging_mixin.py:188} INFO - 2023-02-05 19:00:00+01:00 → Altitude: 0.64
[2025-07-29T15:50:52.089+0000] {logging_mixin.py:188} INFO - NASA GHI response keys: ['2023020500', '2023020501', '2023020502', '2023020503', '2023020504', '2023020505', '2023020506', '2023020507', '2023020508', '2023020509', '2023020510', '2023020511', '2023020512', '2023020513', '2023020514', '2023020515', '2023020516', '2023020517', '2023020518', '2023020519', '2023020520', '2023020521', '2023020522', '2023020523']
[2025-07-29T15:50:52.089+0000] {logging_mixin.py:188} INFO - 2023-02-05 20:00:00+01:00 → Altitude: -11.83
[2025-07-29T15:50:52.090+0000] {logging_mixin.py:188} INFO - NASA GHI response keys: ['2023020500', '2023020501', '2023020502', '2023020503', '2023020504', '2023020505', '2023020506', '2023020507', '2023020508', '2023020509', '2023020510', '2023020511', '2023020512', '2023020513', '2023020514', '2023020515', '2023020516', '2023020517', '2023020518', '2023020519', '2023020520', '2023020521', '2023020522', '2023020523']
[2025-07-29T15:50:52.091+0000] {logging_mixin.py:188} INFO - 2023-02-05 21:00:00+01:00 → Altitude: -24.22
[2025-07-29T15:50:52.091+0000] {logging_mixin.py:188} INFO - NASA GHI response keys: ['2023020500', '2023020501', '2023020502', '2023020503', '2023020504', '2023020505', '2023020506', '2023020507', '2023020508', '2023020509', '2023020510', '2023020511', '2023020512', '2023020513', '2023020514', '2023020515', '2023020516', '2023020517', '2023020518', '2023020519', '2023020520', '2023020521', '2023020522', '2023020523']
[2025-07-29T15:50:52.092+0000] {logging_mixin.py:188} INFO - 2023-02-05 22:00:00+01:00 → Altitude: -36.71
[2025-07-29T15:50:52.093+0000] {logging_mixin.py:188} INFO - NASA GHI response keys: ['2023020500', '2023020501', '2023020502', '2023020503', '2023020504', '2023020505', '2023020506', '2023020507', '2023020508', '2023020509', '2023020510', '2023020511', '2023020512', '2023020513', '2023020514', '2023020515', '2023020516', '2023020517', '2023020518', '2023020519', '2023020520', '2023020521', '2023020522', '2023020523']
[2025-07-29T15:50:52.094+0000] {logging_mixin.py:188} INFO - 2023-02-05 23:00:00+01:00 → Altitude: -48.99
[2025-07-29T15:50:52.094+0000] {logging_mixin.py:188} INFO - NASA GHI response keys: ['2023020500', '2023020501', '2023020502', '2023020503', '2023020504', '2023020505', '2023020506', '2023020507', '2023020508', '2023020509', '2023020510', '2023020511', '2023020512', '2023020513', '2023020514', '2023020515', '2023020516', '2023020517', '2023020518', '2023020519', '2023020520', '2023020521', '2023020522', '2023020523']
[2025-07-29T15:50:52.096+0000] {python.py:237} INFO - Done. Returned value was: None
[2025-07-29T15:50:52.097+0000] {taskinstance.py:441} INFO - ::group::Post task execution logs
[2025-07-29T15:50:52.121+0000] {taskinstance.py:1206} INFO - Marking task as SUCCESS. dag_id=solar_ai_pipeline_2, task_id=fetch_data, run_id=scheduled__2023-02-05T00:00:00+00:00, execution_date=20230205T000000, start_date=20250729T155041, end_date=20250729T155052
[2025-07-29T15:50:52.333+0000] {local_task_job_runner.py:240} INFO - Task exited with return code 0
[2025-07-29T15:50:52.412+0000] {taskinstance.py:3503} INFO - 1 downstream tasks scheduled from follow-on schedule check
[2025-07-29T15:50:52.467+0000] {local_task_job_runner.py:222} INFO - ::endgroup::
