[2025-07-29T16:31:48.075+0000] {local_task_job_runner.py:120} INFO - ::group::Pre task execution logs
[2025-07-29T16:31:48.119+0000] {taskinstance.py:2076} INFO - Dependencies all met for dep_context=non-requeueable deps ti=<TaskInstance: solar_ai_pipeline_2.preprocess scheduled__2023-03-19T00:00:00+00:00 [queued]>
[2025-07-29T16:31:48.136+0000] {taskinstance.py:2076} INFO - Dependencies all met for dep_context=requeueable deps ti=<TaskInstance: solar_ai_pipeline_2.preprocess scheduled__2023-03-19T00:00:00+00:00 [queued]>
[2025-07-29T16:31:48.137+0000] {taskinstance.py:2306} INFO - Starting attempt 2 of 2
[2025-07-29T16:31:48.180+0000] {taskinstance.py:2330} INFO - Executing <Task(PythonOperator): preprocess> on 2023-03-19 00:00:00+00:00
[2025-07-29T16:31:48.186+0000] {standard_task_runner.py:63} INFO - Started process 7547 to run task
[2025-07-29T16:31:48.191+0000] {standard_task_runner.py:90} INFO - Running: ['airflow', 'tasks', 'run', 'solar_ai_pipeline_2', 'preprocess', 'scheduled__2023-03-19T00:00:00+00:00', '--job-id', '1699', '--raw', '--subdir', 'DAGS_FOLDER/prophet_pipeline.py', '--cfg-path', '/tmp/tmpwh9sx2t7']
[2025-07-29T16:31:48.194+0000] {standard_task_runner.py:91} INFO - Job 1699: Subtask preprocess
[2025-07-29T16:31:48.392+0000] {task_command.py:426} INFO - Running <TaskInstance: solar_ai_pipeline_2.preprocess scheduled__2023-03-19T00:00:00+00:00 [running]> on host 4c586ddbbbe9
[2025-07-29T16:31:48.582+0000] {taskinstance.py:2648} INFO - Exporting env vars: AIRFLOW_CTX_DAG_OWNER='ensam' AIRFLOW_CTX_DAG_ID='solar_ai_pipeline_2' AIRFLOW_CTX_TASK_ID='preprocess' AIRFLOW_CTX_EXECUTION_DATE='2023-03-19T00:00:00+00:00' AIRFLOW_CTX_TRY_NUMBER='2' AIRFLOW_CTX_DAG_RUN_ID='scheduled__2023-03-19T00:00:00+00:00'
[2025-07-29T16:31:48.583+0000] {taskinstance.py:430} INFO - ::endgroup::
[2025-07-29T16:31:49.448+0000] {taskinstance.py:441} INFO - ::group::Post task execution logs
[2025-07-29T16:31:49.449+0000] {taskinstance.py:2905} ERROR - Task failed with exception
Traceback (most recent call last):
  File "/home/airflow/.local/lib/python3.11/site-packages/airflow/models/taskinstance.py", line 465, in _execute_task
    result = _execute_callable(context=context, **execute_callable_kwargs)
             ^^^^^^^^^^^^^^^^^^^^^^^^^^^^^^^^^^^^^^^^^^^^^^^^^^^^^^^^^^^^^
  File "/home/airflow/.local/lib/python3.11/site-packages/airflow/models/taskinstance.py", line 432, in _execute_callable
    return execute_callable(context=context, **execute_callable_kwargs)
           ^^^^^^^^^^^^^^^^^^^^^^^^^^^^^^^^^^^^^^^^^^^^^^^^^^^^^^^^^^^^
  File "/home/airflow/.local/lib/python3.11/site-packages/airflow/models/baseoperator.py", line 401, in wrapper
    return func(self, *args, **kwargs)
           ^^^^^^^^^^^^^^^^^^^^^^^^^^^
  File "/home/airflow/.local/lib/python3.11/site-packages/airflow/operators/python.py", line 235, in execute
    return_value = self.execute_callable()
                   ^^^^^^^^^^^^^^^^^^^^^^^
  File "/home/airflow/.local/lib/python3.11/site-packages/airflow/operators/python.py", line 252, in execute_callable
    return self.python_callable(*self.op_args, **self.op_kwargs)
           ^^^^^^^^^^^^^^^^^^^^^^^^^^^^^^^^^^^^^^^^^^^^^^^^^^^^^
  File "/opt/airflow/dags/scripts/preprocess.py", line 21, in preprocess_data
    df["hour"] = df["datetime"].dt.hour
                 ^^^^^^^^^^^^^^^^^
  File "/home/airflow/.local/lib/python3.11/site-packages/pandas/core/generic.py", line 6204, in __getattr__
    return object.__getattribute__(self, name)
           ^^^^^^^^^^^^^^^^^^^^^^^^^^^^^^^^^^^
  File "/home/airflow/.local/lib/python3.11/site-packages/pandas/core/accessor.py", line 224, in __get__
    accessor_obj = self._accessor(obj)
                   ^^^^^^^^^^^^^^^^^^^
  File "/home/airflow/.local/lib/python3.11/site-packages/pandas/core/indexes/accessors.py", line 608, in __new__
    raise AttributeError("Can only use .dt accessor with datetimelike values")
AttributeError: Can only use .dt accessor with datetimelike values
[2025-07-29T16:31:49.470+0000] {taskinstance.py:1206} INFO - Marking task as FAILED. dag_id=solar_ai_pipeline_2, task_id=preprocess, run_id=scheduled__2023-03-19T00:00:00+00:00, execution_date=20230319T000000, start_date=20250729T163148, end_date=20250729T163149
[2025-07-29T16:31:49.526+0000] {standard_task_runner.py:110} ERROR - Failed to execute job 1699 for task preprocess (Can only use .dt accessor with datetimelike values; 7547)
[2025-07-29T16:31:49.570+0000] {local_task_job_runner.py:240} INFO - Task exited with return code 1
[2025-07-29T16:31:49.602+0000] {taskinstance.py:3503} INFO - 0 downstream tasks scheduled from follow-on schedule check
[2025-07-29T16:31:49.659+0000] {local_task_job_runner.py:222} INFO - ::endgroup::
