[2025-07-29T15:41:55.495+0000] {local_task_job_runner.py:120} INFO - ::group::Pre task execution logs
[2025-07-29T15:41:55.551+0000] {taskinstance.py:2076} INFO - Dependencies all met for dep_context=non-requeueable deps ti=<TaskInstance: solar_ai_pipeline_2.fetch_data scheduled__2023-01-12T00:00:00+00:00 [queued]>
[2025-07-29T15:41:55.578+0000] {taskinstance.py:2076} INFO - Dependencies all met for dep_context=requeueable deps ti=<TaskInstance: solar_ai_pipeline_2.fetch_data scheduled__2023-01-12T00:00:00+00:00 [queued]>
[2025-07-29T15:41:55.579+0000] {taskinstance.py:2306} INFO - Starting attempt 3 of 4
[2025-07-29T15:41:55.650+0000] {taskinstance.py:2330} INFO - Executing <Task(PythonOperator): fetch_data> on 2023-01-12 00:00:00+00:00
[2025-07-29T15:41:55.662+0000] {standard_task_runner.py:63} INFO - Started process 2744 to run task
[2025-07-29T15:41:55.670+0000] {standard_task_runner.py:90} INFO - Running: ['airflow', 'tasks', 'run', 'solar_ai_pipeline_2', 'fetch_data', 'scheduled__2023-01-12T00:00:00+00:00', '--job-id', '1426', '--raw', '--subdir', 'DAGS_FOLDER/prophet_pipeline.py', '--cfg-path', '/tmp/tmpq1opo79j']
[2025-07-29T15:41:55.674+0000] {standard_task_runner.py:91} INFO - Job 1426: Subtask fetch_data
[2025-07-29T15:41:55.868+0000] {task_command.py:426} INFO - Running <TaskInstance: solar_ai_pipeline_2.fetch_data scheduled__2023-01-12T00:00:00+00:00 [running]> on host 4c586ddbbbe9
[2025-07-29T15:41:56.185+0000] {taskinstance.py:2648} INFO - Exporting env vars: AIRFLOW_CTX_DAG_OWNER='ensam' AIRFLOW_CTX_DAG_ID='solar_ai_pipeline_2' AIRFLOW_CTX_TASK_ID='fetch_data' AIRFLOW_CTX_EXECUTION_DATE='2023-01-12T00:00:00+00:00' AIRFLOW_CTX_TRY_NUMBER='3' AIRFLOW_CTX_DAG_RUN_ID='scheduled__2023-01-12T00:00:00+00:00'
[2025-07-29T15:41:56.186+0000] {taskinstance.py:430} INFO - ::endgroup::
[2025-07-29T15:42:06.589+0000] {logging_mixin.py:188} INFO - Données simulées pour 2023-01-12 sauvegardées dans dags/data/processed/simulated_solar_heating_2023-01-12.csv
[2025-07-29T15:42:06.593+0000] {logging_mixin.py:188} INFO - count     24.000000
mean      72.407258
std      109.572409
min        0.000000
25%        0.000000
50%        0.000000
75%      153.413850
max      330.495000
Name: solar_irradiance, dtype: float64
[2025-07-29T15:42:06.594+0000] {logging_mixin.py:188} INFO - 2023-01-12 00:00:00+01:00 → Altitude: -65.30
[2025-07-29T15:42:06.595+0000] {logging_mixin.py:188} INFO - NASA GHI response keys: ['2023011200', '2023011201', '2023011202', '2023011203', '2023011204', '2023011205', '2023011206', '2023011207', '2023011208', '2023011209', '2023011210', '2023011211', '2023011212', '2023011213', '2023011214', '2023011215', '2023011216', '2023011217', '2023011218', '2023011219', '2023011220', '2023011221', '2023011222', '2023011223']
[2025-07-29T15:42:06.596+0000] {logging_mixin.py:188} INFO - 2023-01-12 01:00:00+01:00 → Altitude: -75.43
[2025-07-29T15:42:06.596+0000] {logging_mixin.py:188} INFO - NASA GHI response keys: ['2023011200', '2023011201', '2023011202', '2023011203', '2023011204', '2023011205', '2023011206', '2023011207', '2023011208', '2023011209', '2023011210', '2023011211', '2023011212', '2023011213', '2023011214', '2023011215', '2023011216', '2023011217', '2023011218', '2023011219', '2023011220', '2023011221', '2023011222', '2023011223']
[2025-07-29T15:42:06.597+0000] {logging_mixin.py:188} INFO - 2023-01-12 02:00:00+01:00 → Altitude: -77.22
[2025-07-29T15:42:06.597+0000] {logging_mixin.py:188} INFO - NASA GHI response keys: ['2023011200', '2023011201', '2023011202', '2023011203', '2023011204', '2023011205', '2023011206', '2023011207', '2023011208', '2023011209', '2023011210', '2023011211', '2023011212', '2023011213', '2023011214', '2023011215', '2023011216', '2023011217', '2023011218', '2023011219', '2023011220', '2023011221', '2023011222', '2023011223']
[2025-07-29T15:42:06.598+0000] {logging_mixin.py:188} INFO - 2023-01-12 03:00:00+01:00 → Altitude: -68.45
[2025-07-29T15:42:06.599+0000] {logging_mixin.py:188} INFO - NASA GHI response keys: ['2023011200', '2023011201', '2023011202', '2023011203', '2023011204', '2023011205', '2023011206', '2023011207', '2023011208', '2023011209', '2023011210', '2023011211', '2023011212', '2023011213', '2023011214', '2023011215', '2023011216', '2023011217', '2023011218', '2023011219', '2023011220', '2023011221', '2023011222', '2023011223']
[2025-07-29T15:42:06.600+0000] {logging_mixin.py:188} INFO - 2023-01-12 04:00:00+01:00 → Altitude: -56.67
[2025-07-29T15:42:06.600+0000] {logging_mixin.py:188} INFO - NASA GHI response keys: ['2023011200', '2023011201', '2023011202', '2023011203', '2023011204', '2023011205', '2023011206', '2023011207', '2023011208', '2023011209', '2023011210', '2023011211', '2023011212', '2023011213', '2023011214', '2023011215', '2023011216', '2023011217', '2023011218', '2023011219', '2023011220', '2023011221', '2023011222', '2023011223']
[2025-07-29T15:42:06.601+0000] {logging_mixin.py:188} INFO - 2023-01-12 05:00:00+01:00 → Altitude: -44.26
[2025-07-29T15:42:06.601+0000] {logging_mixin.py:188} INFO - NASA GHI response keys: ['2023011200', '2023011201', '2023011202', '2023011203', '2023011204', '2023011205', '2023011206', '2023011207', '2023011208', '2023011209', '2023011210', '2023011211', '2023011212', '2023011213', '2023011214', '2023011215', '2023011216', '2023011217', '2023011218', '2023011219', '2023011220', '2023011221', '2023011222', '2023011223']
[2025-07-29T15:42:06.602+0000] {logging_mixin.py:188} INFO - 2023-01-12 06:00:00+01:00 → Altitude: -31.78
[2025-07-29T15:42:06.603+0000] {logging_mixin.py:188} INFO - NASA GHI response keys: ['2023011200', '2023011201', '2023011202', '2023011203', '2023011204', '2023011205', '2023011206', '2023011207', '2023011208', '2023011209', '2023011210', '2023011211', '2023011212', '2023011213', '2023011214', '2023011215', '2023011216', '2023011217', '2023011218', '2023011219', '2023011220', '2023011221', '2023011222', '2023011223']
[2025-07-29T15:42:06.603+0000] {logging_mixin.py:188} INFO - 2023-01-12 07:00:00+01:00 → Altitude: -19.47
[2025-07-29T15:42:06.604+0000] {logging_mixin.py:188} INFO - NASA GHI response keys: ['2023011200', '2023011201', '2023011202', '2023011203', '2023011204', '2023011205', '2023011206', '2023011207', '2023011208', '2023011209', '2023011210', '2023011211', '2023011212', '2023011213', '2023011214', '2023011215', '2023011216', '2023011217', '2023011218', '2023011219', '2023011220', '2023011221', '2023011222', '2023011223']
[2025-07-29T15:42:06.605+0000] {logging_mixin.py:188} INFO - 2023-01-12 08:00:00+01:00 → Altitude: -7.52
[2025-07-29T15:42:06.606+0000] {logging_mixin.py:188} INFO - NASA GHI response keys: ['2023011200', '2023011201', '2023011202', '2023011203', '2023011204', '2023011205', '2023011206', '2023011207', '2023011208', '2023011209', '2023011210', '2023011211', '2023011212', '2023011213', '2023011214', '2023011215', '2023011216', '2023011217', '2023011218', '2023011219', '2023011220', '2023011221', '2023011222', '2023011223']
[2025-07-29T15:42:06.607+0000] {logging_mixin.py:188} INFO - 2023-01-12 09:00:00+01:00 → Altitude: 3.95
[2025-07-29T15:42:06.607+0000] {logging_mixin.py:188} INFO - NASA GHI response keys: ['2023011200', '2023011201', '2023011202', '2023011203', '2023011204', '2023011205', '2023011206', '2023011207', '2023011208', '2023011209', '2023011210', '2023011211', '2023011212', '2023011213', '2023011214', '2023011215', '2023011216', '2023011217', '2023011218', '2023011219', '2023011220', '2023011221', '2023011222', '2023011223']
[2025-07-29T15:42:06.608+0000] {logging_mixin.py:188} INFO - 2023-01-12 10:00:00+01:00 → Altitude: 14.19
[2025-07-29T15:42:06.608+0000] {logging_mixin.py:188} INFO - NASA GHI response keys: ['2023011200', '2023011201', '2023011202', '2023011203', '2023011204', '2023011205', '2023011206', '2023011207', '2023011208', '2023011209', '2023011210', '2023011211', '2023011212', '2023011213', '2023011214', '2023011215', '2023011216', '2023011217', '2023011218', '2023011219', '2023011220', '2023011221', '2023011222', '2023011223']
[2025-07-29T15:42:06.609+0000] {logging_mixin.py:188} INFO - 2023-01-12 11:00:00+01:00 → Altitude: 23.14
[2025-07-29T15:42:06.610+0000] {logging_mixin.py:188} INFO - NASA GHI response keys: ['2023011200', '2023011201', '2023011202', '2023011203', '2023011204', '2023011205', '2023011206', '2023011207', '2023011208', '2023011209', '2023011210', '2023011211', '2023011212', '2023011213', '2023011214', '2023011215', '2023011216', '2023011217', '2023011218', '2023011219', '2023011220', '2023011221', '2023011222', '2023011223']
[2025-07-29T15:42:06.610+0000] {logging_mixin.py:188} INFO - 2023-01-12 12:00:00+01:00 → Altitude: 30.03
[2025-07-29T15:42:06.611+0000] {logging_mixin.py:188} INFO - NASA GHI response keys: ['2023011200', '2023011201', '2023011202', '2023011203', '2023011204', '2023011205', '2023011206', '2023011207', '2023011208', '2023011209', '2023011210', '2023011211', '2023011212', '2023011213', '2023011214', '2023011215', '2023011216', '2023011217', '2023011218', '2023011219', '2023011220', '2023011221', '2023011222', '2023011223']
[2025-07-29T15:42:06.612+0000] {logging_mixin.py:188} INFO - 2023-01-12 13:00:00+01:00 → Altitude: 34.05
[2025-07-29T15:42:06.612+0000] {logging_mixin.py:188} INFO - NASA GHI response keys: ['2023011200', '2023011201', '2023011202', '2023011203', '2023011204', '2023011205', '2023011206', '2023011207', '2023011208', '2023011209', '2023011210', '2023011211', '2023011212', '2023011213', '2023011214', '2023011215', '2023011216', '2023011217', '2023011218', '2023011219', '2023011220', '2023011221', '2023011222', '2023011223']
[2025-07-29T15:42:06.613+0000] {logging_mixin.py:188} INFO - 2023-01-12 14:00:00+01:00 → Altitude: 34.58
[2025-07-29T15:42:06.614+0000] {logging_mixin.py:188} INFO - NASA GHI response keys: ['2023011200', '2023011201', '2023011202', '2023011203', '2023011204', '2023011205', '2023011206', '2023011207', '2023011208', '2023011209', '2023011210', '2023011211', '2023011212', '2023011213', '2023011214', '2023011215', '2023011216', '2023011217', '2023011218', '2023011219', '2023011220', '2023011221', '2023011222', '2023011223']
[2025-07-29T15:42:06.614+0000] {logging_mixin.py:188} INFO - 2023-01-12 15:00:00+01:00 → Altitude: 31.52
[2025-07-29T15:42:06.615+0000] {logging_mixin.py:188} INFO - NASA GHI response keys: ['2023011200', '2023011201', '2023011202', '2023011203', '2023011204', '2023011205', '2023011206', '2023011207', '2023011208', '2023011209', '2023011210', '2023011211', '2023011212', '2023011213', '2023011214', '2023011215', '2023011216', '2023011217', '2023011218', '2023011219', '2023011220', '2023011221', '2023011222', '2023011223']
[2025-07-29T15:42:06.616+0000] {logging_mixin.py:188} INFO - 2023-01-12 16:00:00+01:00 → Altitude: 25.38
[2025-07-29T15:42:06.616+0000] {logging_mixin.py:188} INFO - NASA GHI response keys: ['2023011200', '2023011201', '2023011202', '2023011203', '2023011204', '2023011205', '2023011206', '2023011207', '2023011208', '2023011209', '2023011210', '2023011211', '2023011212', '2023011213', '2023011214', '2023011215', '2023011216', '2023011217', '2023011218', '2023011219', '2023011220', '2023011221', '2023011222', '2023011223']
[2025-07-29T15:42:06.617+0000] {logging_mixin.py:188} INFO - 2023-01-12 17:00:00+01:00 → Altitude: 16.95
[2025-07-29T15:42:06.618+0000] {logging_mixin.py:188} INFO - NASA GHI response keys: ['2023011200', '2023011201', '2023011202', '2023011203', '2023011204', '2023011205', '2023011206', '2023011207', '2023011208', '2023011209', '2023011210', '2023011211', '2023011212', '2023011213', '2023011214', '2023011215', '2023011216', '2023011217', '2023011218', '2023011219', '2023011220', '2023011221', '2023011222', '2023011223']
[2025-07-29T15:42:06.618+0000] {logging_mixin.py:188} INFO - 2023-01-12 18:00:00+01:00 → Altitude: 6.99
[2025-07-29T15:42:06.619+0000] {logging_mixin.py:188} INFO - NASA GHI response keys: ['2023011200', '2023011201', '2023011202', '2023011203', '2023011204', '2023011205', '2023011206', '2023011207', '2023011208', '2023011209', '2023011210', '2023011211', '2023011212', '2023011213', '2023011214', '2023011215', '2023011216', '2023011217', '2023011218', '2023011219', '2023011220', '2023011221', '2023011222', '2023011223']
[2025-07-29T15:42:06.620+0000] {logging_mixin.py:188} INFO - 2023-01-12 19:00:00+01:00 → Altitude: -4.14
[2025-07-29T15:42:06.620+0000] {logging_mixin.py:188} INFO - NASA GHI response keys: ['2023011200', '2023011201', '2023011202', '2023011203', '2023011204', '2023011205', '2023011206', '2023011207', '2023011208', '2023011209', '2023011210', '2023011211', '2023011212', '2023011213', '2023011214', '2023011215', '2023011216', '2023011217', '2023011218', '2023011219', '2023011220', '2023011221', '2023011222', '2023011223']
[2025-07-29T15:42:06.621+0000] {logging_mixin.py:188} INFO - 2023-01-12 20:00:00+01:00 → Altitude: -15.97
[2025-07-29T15:42:06.621+0000] {logging_mixin.py:188} INFO - NASA GHI response keys: ['2023011200', '2023011201', '2023011202', '2023011203', '2023011204', '2023011205', '2023011206', '2023011207', '2023011208', '2023011209', '2023011210', '2023011211', '2023011212', '2023011213', '2023011214', '2023011215', '2023011216', '2023011217', '2023011218', '2023011219', '2023011220', '2023011221', '2023011222', '2023011223']
[2025-07-29T15:42:06.622+0000] {logging_mixin.py:188} INFO - 2023-01-12 21:00:00+01:00 → Altitude: -28.19
[2025-07-29T15:42:06.624+0000] {logging_mixin.py:188} INFO - NASA GHI response keys: ['2023011200', '2023011201', '2023011202', '2023011203', '2023011204', '2023011205', '2023011206', '2023011207', '2023011208', '2023011209', '2023011210', '2023011211', '2023011212', '2023011213', '2023011214', '2023011215', '2023011216', '2023011217', '2023011218', '2023011219', '2023011220', '2023011221', '2023011222', '2023011223']
[2025-07-29T15:42:06.624+0000] {logging_mixin.py:188} INFO - 2023-01-12 22:00:00+01:00 → Altitude: -40.64
[2025-07-29T15:42:06.625+0000] {logging_mixin.py:188} INFO - NASA GHI response keys: ['2023011200', '2023011201', '2023011202', '2023011203', '2023011204', '2023011205', '2023011206', '2023011207', '2023011208', '2023011209', '2023011210', '2023011211', '2023011212', '2023011213', '2023011214', '2023011215', '2023011216', '2023011217', '2023011218', '2023011219', '2023011220', '2023011221', '2023011222', '2023011223']
[2025-07-29T15:42:06.626+0000] {logging_mixin.py:188} INFO - 2023-01-12 23:00:00+01:00 → Altitude: -53.09
[2025-07-29T15:42:06.626+0000] {logging_mixin.py:188} INFO - NASA GHI response keys: ['2023011200', '2023011201', '2023011202', '2023011203', '2023011204', '2023011205', '2023011206', '2023011207', '2023011208', '2023011209', '2023011210', '2023011211', '2023011212', '2023011213', '2023011214', '2023011215', '2023011216', '2023011217', '2023011218', '2023011219', '2023011220', '2023011221', '2023011222', '2023011223']
[2025-07-29T15:42:06.629+0000] {python.py:237} INFO - Done. Returned value was: None
[2025-07-29T15:42:06.630+0000] {taskinstance.py:441} INFO - ::group::Post task execution logs
[2025-07-29T15:42:06.667+0000] {taskinstance.py:1206} INFO - Marking task as SUCCESS. dag_id=solar_ai_pipeline_2, task_id=fetch_data, run_id=scheduled__2023-01-12T00:00:00+00:00, execution_date=20230112T000000, start_date=20250729T154155, end_date=20250729T154206
[2025-07-29T15:42:06.802+0000] {local_task_job_runner.py:240} INFO - Task exited with return code 0
[2025-07-29T15:42:06.913+0000] {taskinstance.py:3503} INFO - 1 downstream tasks scheduled from follow-on schedule check
[2025-07-29T15:42:06.961+0000] {local_task_job_runner.py:222} INFO - ::endgroup::
