[2025-07-29T15:29:59.216+0000] {local_task_job_runner.py:120} INFO - ::group::Pre task execution logs
[2025-07-29T15:29:59.352+0000] {taskinstance.py:2076} INFO - Dependencies all met for dep_context=non-requeueable deps ti=<TaskInstance: solar_ai_pipeline_2.fetch_data scheduled__2023-01-26T00:00:00+00:00 [queued]>
[2025-07-29T15:29:59.401+0000] {taskinstance.py:2076} INFO - Dependencies all met for dep_context=requeueable deps ti=<TaskInstance: solar_ai_pipeline_2.fetch_data scheduled__2023-01-26T00:00:00+00:00 [queued]>
[2025-07-29T15:29:59.404+0000] {taskinstance.py:2306} INFO - Starting attempt 1 of 2
[2025-07-29T15:29:59.540+0000] {taskinstance.py:2330} INFO - Executing <Task(PythonOperator): fetch_data> on 2023-01-26 00:00:00+00:00
[2025-07-29T15:29:59.556+0000] {standard_task_runner.py:63} INFO - Started process 1763 to run task
[2025-07-29T15:29:59.565+0000] {standard_task_runner.py:90} INFO - Running: ['airflow', 'tasks', 'run', 'solar_ai_pipeline_2', 'fetch_data', 'scheduled__2023-01-26T00:00:00+00:00', '--job-id', '1371', '--raw', '--subdir', 'DAGS_FOLDER/prophet_pipeline.py', '--cfg-path', '/tmp/tmp22us4ql0']
[2025-07-29T15:29:59.570+0000] {standard_task_runner.py:91} INFO - Job 1371: Subtask fetch_data
[2025-07-29T15:29:59.884+0000] {task_command.py:426} INFO - Running <TaskInstance: solar_ai_pipeline_2.fetch_data scheduled__2023-01-26T00:00:00+00:00 [running]> on host 4c586ddbbbe9
[2025-07-29T15:30:00.229+0000] {taskinstance.py:2648} INFO - Exporting env vars: AIRFLOW_CTX_DAG_OWNER='ensam' AIRFLOW_CTX_DAG_ID='solar_ai_pipeline_2' AIRFLOW_CTX_TASK_ID='fetch_data' AIRFLOW_CTX_EXECUTION_DATE='2023-01-26T00:00:00+00:00' AIRFLOW_CTX_TRY_NUMBER='1' AIRFLOW_CTX_DAG_RUN_ID='scheduled__2023-01-26T00:00:00+00:00'
[2025-07-29T15:30:00.231+0000] {taskinstance.py:430} INFO - ::endgroup::
[2025-07-29T15:30:11.321+0000] {logging_mixin.py:188} INFO - Données simulées pour 2023-01-26 sauvegardées dans dags/data/processed/simulated_solar_heating_2023-01-26.csv
[2025-07-29T15:30:11.328+0000] {logging_mixin.py:188} INFO - count     24.000000
mean     124.370433
std      185.930538
min        0.000000
25%        0.000000
50%        0.000000
75%      246.911250
max      494.782800
Name: solar_irradiance, dtype: float64
[2025-07-29T15:30:11.330+0000] {logging_mixin.py:188} INFO - 2023-01-26 00:00:00+01:00 → Altitude: -62.78
[2025-07-29T15:30:11.331+0000] {logging_mixin.py:188} INFO - NASA GHI response keys: ['2023012600', '2023012601', '2023012602', '2023012603', '2023012604', '2023012605', '2023012606', '2023012607', '2023012608', '2023012609', '2023012610', '2023012611', '2023012612', '2023012613', '2023012614', '2023012615', '2023012616', '2023012617', '2023012618', '2023012619', '2023012620', '2023012621', '2023012622', '2023012623']
[2025-07-29T15:30:11.332+0000] {logging_mixin.py:188} INFO - 2023-01-26 01:00:00+01:00 → Altitude: -72.44
[2025-07-29T15:30:11.333+0000] {logging_mixin.py:188} INFO - NASA GHI response keys: ['2023012600', '2023012601', '2023012602', '2023012603', '2023012604', '2023012605', '2023012606', '2023012607', '2023012608', '2023012609', '2023012610', '2023012611', '2023012612', '2023012613', '2023012614', '2023012615', '2023012616', '2023012617', '2023012618', '2023012619', '2023012620', '2023012621', '2023012622', '2023012623']
[2025-07-29T15:30:11.335+0000] {logging_mixin.py:188} INFO - 2023-01-26 02:00:00+01:00 → Altitude: -74.76
[2025-07-29T15:30:11.336+0000] {logging_mixin.py:188} INFO - NASA GHI response keys: ['2023012600', '2023012601', '2023012602', '2023012603', '2023012604', '2023012605', '2023012606', '2023012607', '2023012608', '2023012609', '2023012610', '2023012611', '2023012612', '2023012613', '2023012614', '2023012615', '2023012616', '2023012617', '2023012618', '2023012619', '2023012620', '2023012621', '2023012622', '2023012623']
[2025-07-29T15:30:11.337+0000] {logging_mixin.py:188} INFO - 2023-01-26 03:00:00+01:00 → Altitude: -67.31
[2025-07-29T15:30:11.338+0000] {logging_mixin.py:188} INFO - NASA GHI response keys: ['2023012600', '2023012601', '2023012602', '2023012603', '2023012604', '2023012605', '2023012606', '2023012607', '2023012608', '2023012609', '2023012610', '2023012611', '2023012612', '2023012613', '2023012614', '2023012615', '2023012616', '2023012617', '2023012618', '2023012619', '2023012620', '2023012621', '2023012622', '2023012623']
[2025-07-29T15:30:11.339+0000] {logging_mixin.py:188} INFO - 2023-01-26 04:00:00+01:00 → Altitude: -56.07
[2025-07-29T15:30:11.340+0000] {logging_mixin.py:188} INFO - NASA GHI response keys: ['2023012600', '2023012601', '2023012602', '2023012603', '2023012604', '2023012605', '2023012606', '2023012607', '2023012608', '2023012609', '2023012610', '2023012611', '2023012612', '2023012613', '2023012614', '2023012615', '2023012616', '2023012617', '2023012618', '2023012619', '2023012620', '2023012621', '2023012622', '2023012623']
[2025-07-29T15:30:11.342+0000] {logging_mixin.py:188} INFO - 2023-01-26 05:00:00+01:00 → Altitude: -43.82
[2025-07-29T15:30:11.343+0000] {logging_mixin.py:188} INFO - NASA GHI response keys: ['2023012600', '2023012601', '2023012602', '2023012603', '2023012604', '2023012605', '2023012606', '2023012607', '2023012608', '2023012609', '2023012610', '2023012611', '2023012612', '2023012613', '2023012614', '2023012615', '2023012616', '2023012617', '2023012618', '2023012619', '2023012620', '2023012621', '2023012622', '2023012623']
[2025-07-29T15:30:11.344+0000] {logging_mixin.py:188} INFO - 2023-01-26 06:00:00+01:00 → Altitude: -31.33
[2025-07-29T15:30:11.345+0000] {logging_mixin.py:188} INFO - NASA GHI response keys: ['2023012600', '2023012601', '2023012602', '2023012603', '2023012604', '2023012605', '2023012606', '2023012607', '2023012608', '2023012609', '2023012610', '2023012611', '2023012612', '2023012613', '2023012614', '2023012615', '2023012616', '2023012617', '2023012618', '2023012619', '2023012620', '2023012621', '2023012622', '2023012623']
[2025-07-29T15:30:11.346+0000] {logging_mixin.py:188} INFO - 2023-01-26 07:00:00+01:00 → Altitude: -18.91
[2025-07-29T15:30:11.347+0000] {logging_mixin.py:188} INFO - NASA GHI response keys: ['2023012600', '2023012601', '2023012602', '2023012603', '2023012604', '2023012605', '2023012606', '2023012607', '2023012608', '2023012609', '2023012610', '2023012611', '2023012612', '2023012613', '2023012614', '2023012615', '2023012616', '2023012617', '2023012618', '2023012619', '2023012620', '2023012621', '2023012622', '2023012623']
[2025-07-29T15:30:11.348+0000] {logging_mixin.py:188} INFO - 2023-01-26 08:00:00+01:00 → Altitude: -6.77
[2025-07-29T15:30:11.349+0000] {logging_mixin.py:188} INFO - NASA GHI response keys: ['2023012600', '2023012601', '2023012602', '2023012603', '2023012604', '2023012605', '2023012606', '2023012607', '2023012608', '2023012609', '2023012610', '2023012611', '2023012612', '2023012613', '2023012614', '2023012615', '2023012616', '2023012617', '2023012618', '2023012619', '2023012620', '2023012621', '2023012622', '2023012623']
[2025-07-29T15:30:11.351+0000] {logging_mixin.py:188} INFO - 2023-01-26 09:00:00+01:00 → Altitude: 4.93
[2025-07-29T15:30:11.352+0000] {logging_mixin.py:188} INFO - NASA GHI response keys: ['2023012600', '2023012601', '2023012602', '2023012603', '2023012604', '2023012605', '2023012606', '2023012607', '2023012608', '2023012609', '2023012610', '2023012611', '2023012612', '2023012613', '2023012614', '2023012615', '2023012616', '2023012617', '2023012618', '2023012619', '2023012620', '2023012621', '2023012622', '2023012623']
[2025-07-29T15:30:11.353+0000] {logging_mixin.py:188} INFO - 2023-01-26 10:00:00+01:00 → Altitude: 15.54
[2025-07-29T15:30:11.354+0000] {logging_mixin.py:188} INFO - NASA GHI response keys: ['2023012600', '2023012601', '2023012602', '2023012603', '2023012604', '2023012605', '2023012606', '2023012607', '2023012608', '2023012609', '2023012610', '2023012611', '2023012612', '2023012613', '2023012614', '2023012615', '2023012616', '2023012617', '2023012618', '2023012619', '2023012620', '2023012621', '2023012622', '2023012623']
[2025-07-29T15:30:11.355+0000] {logging_mixin.py:188} INFO - 2023-01-26 11:00:00+01:00 → Altitude: 24.91
[2025-07-29T15:30:11.356+0000] {logging_mixin.py:188} INFO - NASA GHI response keys: ['2023012600', '2023012601', '2023012602', '2023012603', '2023012604', '2023012605', '2023012606', '2023012607', '2023012608', '2023012609', '2023012610', '2023012611', '2023012612', '2023012613', '2023012614', '2023012615', '2023012616', '2023012617', '2023012618', '2023012619', '2023012620', '2023012621', '2023012622', '2023012623']
[2025-07-29T15:30:11.357+0000] {logging_mixin.py:188} INFO - 2023-01-26 12:00:00+01:00 → Altitude: 32.27
[2025-07-29T15:30:11.358+0000] {logging_mixin.py:188} INFO - NASA GHI response keys: ['2023012600', '2023012601', '2023012602', '2023012603', '2023012604', '2023012605', '2023012606', '2023012607', '2023012608', '2023012609', '2023012610', '2023012611', '2023012612', '2023012613', '2023012614', '2023012615', '2023012616', '2023012617', '2023012618', '2023012619', '2023012620', '2023012621', '2023012622', '2023012623']
[2025-07-29T15:30:11.359+0000] {logging_mixin.py:188} INFO - 2023-01-26 13:00:00+01:00 → Altitude: 36.75
[2025-07-29T15:30:11.359+0000] {logging_mixin.py:188} INFO - NASA GHI response keys: ['2023012600', '2023012601', '2023012602', '2023012603', '2023012604', '2023012605', '2023012606', '2023012607', '2023012608', '2023012609', '2023012610', '2023012611', '2023012612', '2023012613', '2023012614', '2023012615', '2023012616', '2023012617', '2023012618', '2023012619', '2023012620', '2023012621', '2023012622', '2023012623']
[2025-07-29T15:30:11.360+0000] {logging_mixin.py:188} INFO - 2023-01-26 14:00:00+01:00 → Altitude: 37.59
[2025-07-29T15:30:11.361+0000] {logging_mixin.py:188} INFO - NASA GHI response keys: ['2023012600', '2023012601', '2023012602', '2023012603', '2023012604', '2023012605', '2023012606', '2023012607', '2023012608', '2023012609', '2023012610', '2023012611', '2023012612', '2023012613', '2023012614', '2023012615', '2023012616', '2023012617', '2023012618', '2023012619', '2023012620', '2023012621', '2023012622', '2023012623']
[2025-07-29T15:30:11.362+0000] {logging_mixin.py:188} INFO - 2023-01-26 15:00:00+01:00 → Altitude: 34.62
[2025-07-29T15:30:11.363+0000] {logging_mixin.py:188} INFO - NASA GHI response keys: ['2023012600', '2023012601', '2023012602', '2023012603', '2023012604', '2023012605', '2023012606', '2023012607', '2023012608', '2023012609', '2023012610', '2023012611', '2023012612', '2023012613', '2023012614', '2023012615', '2023012616', '2023012617', '2023012618', '2023012619', '2023012620', '2023012621', '2023012622', '2023012623']
[2025-07-29T15:30:11.364+0000] {logging_mixin.py:188} INFO - 2023-01-26 16:00:00+01:00 → Altitude: 28.40
[2025-07-29T15:30:11.364+0000] {logging_mixin.py:188} INFO - NASA GHI response keys: ['2023012600', '2023012601', '2023012602', '2023012603', '2023012604', '2023012605', '2023012606', '2023012607', '2023012608', '2023012609', '2023012610', '2023012611', '2023012612', '2023012613', '2023012614', '2023012615', '2023012616', '2023012617', '2023012618', '2023012619', '2023012620', '2023012621', '2023012622', '2023012623']
[2025-07-29T15:30:11.365+0000] {logging_mixin.py:188} INFO - 2023-01-26 17:00:00+01:00 → Altitude: 19.80
[2025-07-29T15:30:11.366+0000] {logging_mixin.py:188} INFO - NASA GHI response keys: ['2023012600', '2023012601', '2023012602', '2023012603', '2023012604', '2023012605', '2023012606', '2023012607', '2023012608', '2023012609', '2023012610', '2023012611', '2023012612', '2023012613', '2023012614', '2023012615', '2023012616', '2023012617', '2023012618', '2023012619', '2023012620', '2023012621', '2023012622', '2023012623']
[2025-07-29T15:30:11.367+0000] {logging_mixin.py:188} INFO - 2023-01-26 18:00:00+01:00 → Altitude: 9.63
[2025-07-29T15:30:11.368+0000] {logging_mixin.py:188} INFO - NASA GHI response keys: ['2023012600', '2023012601', '2023012602', '2023012603', '2023012604', '2023012605', '2023012606', '2023012607', '2023012608', '2023012609', '2023012610', '2023012611', '2023012612', '2023012613', '2023012614', '2023012615', '2023012616', '2023012617', '2023012618', '2023012619', '2023012620', '2023012621', '2023012622', '2023012623']
[2025-07-29T15:30:11.369+0000] {logging_mixin.py:188} INFO - 2023-01-26 19:00:00+01:00 → Altitude: -1.52
[2025-07-29T15:30:11.369+0000] {logging_mixin.py:188} INFO - NASA GHI response keys: ['2023012600', '2023012601', '2023012602', '2023012603', '2023012604', '2023012605', '2023012606', '2023012607', '2023012608', '2023012609', '2023012610', '2023012611', '2023012612', '2023012613', '2023012614', '2023012615', '2023012616', '2023012617', '2023012618', '2023012619', '2023012620', '2023012621', '2023012622', '2023012623']
[2025-07-29T15:30:11.370+0000] {logging_mixin.py:188} INFO - 2023-01-26 20:00:00+01:00 → Altitude: -13.60
[2025-07-29T15:30:11.371+0000] {logging_mixin.py:188} INFO - NASA GHI response keys: ['2023012600', '2023012601', '2023012602', '2023012603', '2023012604', '2023012605', '2023012606', '2023012607', '2023012608', '2023012609', '2023012610', '2023012611', '2023012612', '2023012613', '2023012614', '2023012615', '2023012616', '2023012617', '2023012618', '2023012619', '2023012620', '2023012621', '2023012622', '2023012623']
[2025-07-29T15:30:11.372+0000] {logging_mixin.py:188} INFO - 2023-01-26 21:00:00+01:00 → Altitude: -25.91
[2025-07-29T15:30:11.373+0000] {logging_mixin.py:188} INFO - NASA GHI response keys: ['2023012600', '2023012601', '2023012602', '2023012603', '2023012604', '2023012605', '2023012606', '2023012607', '2023012608', '2023012609', '2023012610', '2023012611', '2023012612', '2023012613', '2023012614', '2023012615', '2023012616', '2023012617', '2023012618', '2023012619', '2023012620', '2023012621', '2023012622', '2023012623']
[2025-07-29T15:30:11.373+0000] {logging_mixin.py:188} INFO - 2023-01-26 22:00:00+01:00 → Altitude: -38.39
[2025-07-29T15:30:11.374+0000] {logging_mixin.py:188} INFO - NASA GHI response keys: ['2023012600', '2023012601', '2023012602', '2023012603', '2023012604', '2023012605', '2023012606', '2023012607', '2023012608', '2023012609', '2023012610', '2023012611', '2023012612', '2023012613', '2023012614', '2023012615', '2023012616', '2023012617', '2023012618', '2023012619', '2023012620', '2023012621', '2023012622', '2023012623']
[2025-07-29T15:30:11.375+0000] {logging_mixin.py:188} INFO - 2023-01-26 23:00:00+01:00 → Altitude: -50.78
[2025-07-29T15:30:11.376+0000] {logging_mixin.py:188} INFO - NASA GHI response keys: ['2023012600', '2023012601', '2023012602', '2023012603', '2023012604', '2023012605', '2023012606', '2023012607', '2023012608', '2023012609', '2023012610', '2023012611', '2023012612', '2023012613', '2023012614', '2023012615', '2023012616', '2023012617', '2023012618', '2023012619', '2023012620', '2023012621', '2023012622', '2023012623']
[2025-07-29T15:30:11.378+0000] {python.py:237} INFO - Done. Returned value was: None
[2025-07-29T15:30:11.379+0000] {taskinstance.py:441} INFO - ::group::Post task execution logs
[2025-07-29T15:30:11.402+0000] {taskinstance.py:1206} INFO - Marking task as SUCCESS. dag_id=solar_ai_pipeline_2, task_id=fetch_data, run_id=scheduled__2023-01-26T00:00:00+00:00, execution_date=20230126T000000, start_date=20250729T152959, end_date=20250729T153011
[2025-07-29T15:30:11.540+0000] {local_task_job_runner.py:240} INFO - Task exited with return code 0
[2025-07-29T15:30:11.643+0000] {taskinstance.py:3503} INFO - 1 downstream tasks scheduled from follow-on schedule check
[2025-07-29T15:30:11.702+0000] {local_task_job_runner.py:222} INFO - ::endgroup::
