[2025-07-31T12:02:21.510+0000] {local_task_job_runner.py:120} INFO - ::group::Pre task execution logs
[2025-07-31T12:02:21.616+0000] {taskinstance.py:2076} INFO - Dependencies all met for dep_context=non-requeueable deps ti=<TaskInstance: solar_ai_pipeline_2.train_prophet scheduled__2023-07-23T00:00:00+00:00 [queued]>
[2025-07-31T12:02:21.654+0000] {taskinstance.py:2076} INFO - Dependencies all met for dep_context=requeueable deps ti=<TaskInstance: solar_ai_pipeline_2.train_prophet scheduled__2023-07-23T00:00:00+00:00 [queued]>
[2025-07-31T12:02:21.658+0000] {taskinstance.py:2306} INFO - Starting attempt 3 of 4
[2025-07-31T12:02:21.717+0000] {taskinstance.py:2330} INFO - Executing <Task(PythonOperator): train_prophet> on 2023-07-23 00:00:00+00:00
[2025-07-31T12:02:21.724+0000] {standard_task_runner.py:63} INFO - Started process 4399 to run task
[2025-07-31T12:02:21.728+0000] {standard_task_runner.py:90} INFO - Running: ['airflow', 'tasks', 'run', 'solar_ai_pipeline_2', 'train_prophet', 'scheduled__2023-07-23T00:00:00+00:00', '--job-id', '2930', '--raw', '--subdir', 'DAGS_FOLDER/prophet_pipeline.py', '--cfg-path', '/tmp/tmp1ji7db7t']
[2025-07-31T12:02:21.731+0000] {standard_task_runner.py:91} INFO - Job 2930: Subtask train_prophet
[2025-07-31T12:02:21.885+0000] {task_command.py:426} INFO - Running <TaskInstance: solar_ai_pipeline_2.train_prophet scheduled__2023-07-23T00:00:00+00:00 [running]> on host a2a0dd314bdc
[2025-07-31T12:02:22.273+0000] {taskinstance.py:2648} INFO - Exporting env vars: AIRFLOW_CTX_DAG_OWNER='ensam' AIRFLOW_CTX_DAG_ID='solar_ai_pipeline_2' AIRFLOW_CTX_TASK_ID='train_prophet' AIRFLOW_CTX_EXECUTION_DATE='2023-07-23T00:00:00+00:00' AIRFLOW_CTX_TRY_NUMBER='3' AIRFLOW_CTX_DAG_RUN_ID='scheduled__2023-07-23T00:00:00+00:00'
[2025-07-31T12:02:22.275+0000] {taskinstance.py:430} INFO - ::endgroup::
[2025-07-31T12:02:23.287+0000] {plot.py:39} ERROR - Importing plotly failed. Interactive plots will not work.
[2025-07-31T12:02:23.295+0000] {logging_mixin.py:188} INFO - Training from 2023-01-01 to 2023-01-24
[2025-07-31T12:02:23.605+0000] {logging_mixin.py:188} INFO - Test 1/18: {'changepoint_prior_scale': 0.01, 'seasonality_prior_scale': 1.0, 'seasonality_mode': 'additive'}
[2025-07-31T12:02:23.663+0000] {filesystem.py:118} DEBUG - input tempfile: /tmp/tmpkfle0e03/xcaz3qxt.json
[2025-07-31T12:02:23.735+0000] {filesystem.py:118} DEBUG - input tempfile: /tmp/tmpkfle0e03/aypsp24_.json
[2025-07-31T12:02:23.737+0000] {model.py:2042} DEBUG - idx 0
[2025-07-31T12:02:23.738+0000] {model.py:2043} DEBUG - running CmdStan, num_threads: None
[2025-07-31T12:02:23.738+0000] {model.py:2055} DEBUG - CmdStan args: ['/home/airflow/.local/lib/python3.11/site-packages/prophet/stan_model/prophet_model.bin', 'random', 'seed=42898', 'data', 'file=/tmp/tmpkfle0e03/xcaz3qxt.json', 'init=/tmp/tmpkfle0e03/aypsp24_.json', 'output', 'file=/tmp/tmpkfle0e03/prophet_model9tix3by6/prophet_model-20250731120223.csv', 'method=optimize', 'algorithm=lbfgs', 'iter=10000']
[2025-07-31T12:02:23.739+0000] {logging_mixin.py:188} WARNING - 12:02:23 - cmdstanpy - INFO - Chain [1] start processing
[2025-07-31T12:02:23.739+0000] {model.py:2058} INFO - Chain [1] start processing
[2025-07-31T12:02:23.789+0000] {logging_mixin.py:188} WARNING - 12:02:23 - cmdstanpy - INFO - Chain [1] done processing
[2025-07-31T12:02:23.789+0000] {model.py:2115} INFO - Chain [1] done processing
[2025-07-31T12:02:23.794+0000] {logging_mixin.py:188} INFO - Erreur pour {'changepoint_prior_scale': 0.01, 'seasonality_prior_scale': 1.0, 'seasonality_mode': 'additive'}: Less data than horizon after initial window. Make horizon or initial shorter.
[2025-07-31T12:02:23.795+0000] {logging_mixin.py:188} INFO - Test 2/18: {'changepoint_prior_scale': 0.01, 'seasonality_prior_scale': 1.0, 'seasonality_mode': 'multiplicative'}
[2025-07-31T12:02:23.818+0000] {filesystem.py:118} DEBUG - input tempfile: /tmp/tmpkfle0e03/fbwf7r3g.json
[2025-07-31T12:02:23.882+0000] {filesystem.py:118} DEBUG - input tempfile: /tmp/tmpkfle0e03/lnojd10r.json
[2025-07-31T12:02:23.884+0000] {model.py:2042} DEBUG - idx 0
[2025-07-31T12:02:23.884+0000] {model.py:2043} DEBUG - running CmdStan, num_threads: None
[2025-07-31T12:02:23.885+0000] {model.py:2055} DEBUG - CmdStan args: ['/home/airflow/.local/lib/python3.11/site-packages/prophet/stan_model/prophet_model.bin', 'random', 'seed=51293', 'data', 'file=/tmp/tmpkfle0e03/fbwf7r3g.json', 'init=/tmp/tmpkfle0e03/lnojd10r.json', 'output', 'file=/tmp/tmpkfle0e03/prophet_modelhyrx4w6t/prophet_model-20250731120223.csv', 'method=optimize', 'algorithm=lbfgs', 'iter=10000']
[2025-07-31T12:02:23.886+0000] {logging_mixin.py:188} WARNING - 12:02:23 - cmdstanpy - INFO - Chain [1] start processing
[2025-07-31T12:02:23.886+0000] {model.py:2058} INFO - Chain [1] start processing
[2025-07-31T12:02:23.941+0000] {logging_mixin.py:188} WARNING - 12:02:23 - cmdstanpy - INFO - Chain [1] done processing
[2025-07-31T12:02:23.941+0000] {model.py:2115} INFO - Chain [1] done processing
[2025-07-31T12:02:23.946+0000] {logging_mixin.py:188} INFO - Erreur pour {'changepoint_prior_scale': 0.01, 'seasonality_prior_scale': 1.0, 'seasonality_mode': 'multiplicative'}: Less data than horizon after initial window. Make horizon or initial shorter.
[2025-07-31T12:02:23.946+0000] {logging_mixin.py:188} INFO - Test 3/18: {'changepoint_prior_scale': 0.01, 'seasonality_prior_scale': 5.0, 'seasonality_mode': 'additive'}
[2025-07-31T12:02:23.964+0000] {filesystem.py:118} DEBUG - input tempfile: /tmp/tmpkfle0e03/_1yngdoa.json
[2025-07-31T12:02:24.024+0000] {filesystem.py:118} DEBUG - input tempfile: /tmp/tmpkfle0e03/1pn2p6iu.json
[2025-07-31T12:02:24.026+0000] {model.py:2042} DEBUG - idx 0
[2025-07-31T12:02:24.026+0000] {model.py:2043} DEBUG - running CmdStan, num_threads: None
[2025-07-31T12:02:24.027+0000] {model.py:2055} DEBUG - CmdStan args: ['/home/airflow/.local/lib/python3.11/site-packages/prophet/stan_model/prophet_model.bin', 'random', 'seed=31544', 'data', 'file=/tmp/tmpkfle0e03/_1yngdoa.json', 'init=/tmp/tmpkfle0e03/1pn2p6iu.json', 'output', 'file=/tmp/tmpkfle0e03/prophet_model7topm1dh/prophet_model-20250731120224.csv', 'method=optimize', 'algorithm=lbfgs', 'iter=10000']
[2025-07-31T12:02:24.028+0000] {logging_mixin.py:188} WARNING - 12:02:24 - cmdstanpy - INFO - Chain [1] start processing
[2025-07-31T12:02:24.027+0000] {model.py:2058} INFO - Chain [1] start processing
[2025-07-31T12:02:24.065+0000] {logging_mixin.py:188} WARNING - 12:02:24 - cmdstanpy - INFO - Chain [1] done processing
[2025-07-31T12:02:24.065+0000] {model.py:2115} INFO - Chain [1] done processing
[2025-07-31T12:02:24.070+0000] {logging_mixin.py:188} INFO - Erreur pour {'changepoint_prior_scale': 0.01, 'seasonality_prior_scale': 5.0, 'seasonality_mode': 'additive'}: Less data than horizon after initial window. Make horizon or initial shorter.
[2025-07-31T12:02:24.071+0000] {logging_mixin.py:188} INFO - Test 4/18: {'changepoint_prior_scale': 0.01, 'seasonality_prior_scale': 5.0, 'seasonality_mode': 'multiplicative'}
[2025-07-31T12:02:24.092+0000] {filesystem.py:118} DEBUG - input tempfile: /tmp/tmpkfle0e03/tt6fev93.json
[2025-07-31T12:02:24.152+0000] {filesystem.py:118} DEBUG - input tempfile: /tmp/tmpkfle0e03/c3sgp2vu.json
[2025-07-31T12:02:24.154+0000] {model.py:2042} DEBUG - idx 0
[2025-07-31T12:02:24.155+0000] {model.py:2043} DEBUG - running CmdStan, num_threads: None
[2025-07-31T12:02:24.155+0000] {model.py:2055} DEBUG - CmdStan args: ['/home/airflow/.local/lib/python3.11/site-packages/prophet/stan_model/prophet_model.bin', 'random', 'seed=22852', 'data', 'file=/tmp/tmpkfle0e03/tt6fev93.json', 'init=/tmp/tmpkfle0e03/c3sgp2vu.json', 'output', 'file=/tmp/tmpkfle0e03/prophet_modelfv1nket1/prophet_model-20250731120224.csv', 'method=optimize', 'algorithm=lbfgs', 'iter=10000']
[2025-07-31T12:02:24.156+0000] {logging_mixin.py:188} WARNING - 12:02:24 - cmdstanpy - INFO - Chain [1] start processing
[2025-07-31T12:02:24.156+0000] {model.py:2058} INFO - Chain [1] start processing
[2025-07-31T12:02:24.211+0000] {logging_mixin.py:188} WARNING - 12:02:24 - cmdstanpy - INFO - Chain [1] done processing
[2025-07-31T12:02:24.211+0000] {model.py:2115} INFO - Chain [1] done processing
[2025-07-31T12:02:24.216+0000] {logging_mixin.py:188} INFO - Erreur pour {'changepoint_prior_scale': 0.01, 'seasonality_prior_scale': 5.0, 'seasonality_mode': 'multiplicative'}: Less data than horizon after initial window. Make horizon or initial shorter.
[2025-07-31T12:02:24.216+0000] {logging_mixin.py:188} INFO - Test 5/18: {'changepoint_prior_scale': 0.01, 'seasonality_prior_scale': 10.0, 'seasonality_mode': 'additive'}
[2025-07-31T12:02:24.234+0000] {filesystem.py:118} DEBUG - input tempfile: /tmp/tmpkfle0e03/m1uirelf.json
[2025-07-31T12:02:24.298+0000] {filesystem.py:118} DEBUG - input tempfile: /tmp/tmpkfle0e03/11nv8hk2.json
[2025-07-31T12:02:24.300+0000] {model.py:2042} DEBUG - idx 0
[2025-07-31T12:02:24.300+0000] {model.py:2043} DEBUG - running CmdStan, num_threads: None
[2025-07-31T12:02:24.301+0000] {model.py:2055} DEBUG - CmdStan args: ['/home/airflow/.local/lib/python3.11/site-packages/prophet/stan_model/prophet_model.bin', 'random', 'seed=37796', 'data', 'file=/tmp/tmpkfle0e03/m1uirelf.json', 'init=/tmp/tmpkfle0e03/11nv8hk2.json', 'output', 'file=/tmp/tmpkfle0e03/prophet_modelb0jo7b0a/prophet_model-20250731120224.csv', 'method=optimize', 'algorithm=lbfgs', 'iter=10000']
[2025-07-31T12:02:24.302+0000] {logging_mixin.py:188} WARNING - 12:02:24 - cmdstanpy - INFO - Chain [1] start processing
[2025-07-31T12:02:24.301+0000] {model.py:2058} INFO - Chain [1] start processing
[2025-07-31T12:02:24.338+0000] {logging_mixin.py:188} WARNING - 12:02:24 - cmdstanpy - INFO - Chain [1] done processing
[2025-07-31T12:02:24.338+0000] {model.py:2115} INFO - Chain [1] done processing
[2025-07-31T12:02:24.342+0000] {logging_mixin.py:188} INFO - Erreur pour {'changepoint_prior_scale': 0.01, 'seasonality_prior_scale': 10.0, 'seasonality_mode': 'additive'}: Less data than horizon after initial window. Make horizon or initial shorter.
[2025-07-31T12:02:24.343+0000] {logging_mixin.py:188} INFO - Test 6/18: {'changepoint_prior_scale': 0.01, 'seasonality_prior_scale': 10.0, 'seasonality_mode': 'multiplicative'}
[2025-07-31T12:02:24.360+0000] {filesystem.py:118} DEBUG - input tempfile: /tmp/tmpkfle0e03/64wc0dnw.json
[2025-07-31T12:02:24.422+0000] {filesystem.py:118} DEBUG - input tempfile: /tmp/tmpkfle0e03/yykmzrv6.json
[2025-07-31T12:02:24.423+0000] {model.py:2042} DEBUG - idx 0
[2025-07-31T12:02:24.424+0000] {model.py:2043} DEBUG - running CmdStan, num_threads: None
[2025-07-31T12:02:24.425+0000] {model.py:2055} DEBUG - CmdStan args: ['/home/airflow/.local/lib/python3.11/site-packages/prophet/stan_model/prophet_model.bin', 'random', 'seed=79690', 'data', 'file=/tmp/tmpkfle0e03/64wc0dnw.json', 'init=/tmp/tmpkfle0e03/yykmzrv6.json', 'output', 'file=/tmp/tmpkfle0e03/prophet_modelpgdgbw10/prophet_model-20250731120224.csv', 'method=optimize', 'algorithm=lbfgs', 'iter=10000']
[2025-07-31T12:02:24.425+0000] {logging_mixin.py:188} WARNING - 12:02:24 - cmdstanpy - INFO - Chain [1] start processing
[2025-07-31T12:02:24.425+0000] {model.py:2058} INFO - Chain [1] start processing
[2025-07-31T12:02:24.472+0000] {logging_mixin.py:188} WARNING - 12:02:24 - cmdstanpy - INFO - Chain [1] done processing
[2025-07-31T12:02:24.472+0000] {model.py:2115} INFO - Chain [1] done processing
[2025-07-31T12:02:24.476+0000] {logging_mixin.py:188} INFO - Erreur pour {'changepoint_prior_scale': 0.01, 'seasonality_prior_scale': 10.0, 'seasonality_mode': 'multiplicative'}: Less data than horizon after initial window. Make horizon or initial shorter.
[2025-07-31T12:02:24.476+0000] {logging_mixin.py:188} INFO - Test 7/18: {'changepoint_prior_scale': 0.05, 'seasonality_prior_scale': 1.0, 'seasonality_mode': 'additive'}
[2025-07-31T12:02:24.494+0000] {filesystem.py:118} DEBUG - input tempfile: /tmp/tmpkfle0e03/habnh8e1.json
[2025-07-31T12:02:24.556+0000] {filesystem.py:118} DEBUG - input tempfile: /tmp/tmpkfle0e03/qtaqku3v.json
[2025-07-31T12:02:24.558+0000] {model.py:2042} DEBUG - idx 0
[2025-07-31T12:02:24.558+0000] {model.py:2043} DEBUG - running CmdStan, num_threads: None
[2025-07-31T12:02:24.559+0000] {model.py:2055} DEBUG - CmdStan args: ['/home/airflow/.local/lib/python3.11/site-packages/prophet/stan_model/prophet_model.bin', 'random', 'seed=24795', 'data', 'file=/tmp/tmpkfle0e03/habnh8e1.json', 'init=/tmp/tmpkfle0e03/qtaqku3v.json', 'output', 'file=/tmp/tmpkfle0e03/prophet_modelsfj8b46g/prophet_model-20250731120224.csv', 'method=optimize', 'algorithm=lbfgs', 'iter=10000']
[2025-07-31T12:02:24.560+0000] {logging_mixin.py:188} WARNING - 12:02:24 - cmdstanpy - INFO - Chain [1] start processing
[2025-07-31T12:02:24.559+0000] {model.py:2058} INFO - Chain [1] start processing
[2025-07-31T12:02:24.599+0000] {logging_mixin.py:188} WARNING - 12:02:24 - cmdstanpy - INFO - Chain [1] done processing
[2025-07-31T12:02:24.599+0000] {model.py:2115} INFO - Chain [1] done processing
[2025-07-31T12:02:24.604+0000] {logging_mixin.py:188} INFO - Erreur pour {'changepoint_prior_scale': 0.05, 'seasonality_prior_scale': 1.0, 'seasonality_mode': 'additive'}: Less data than horizon after initial window. Make horizon or initial shorter.
[2025-07-31T12:02:24.605+0000] {logging_mixin.py:188} INFO - Test 8/18: {'changepoint_prior_scale': 0.05, 'seasonality_prior_scale': 1.0, 'seasonality_mode': 'multiplicative'}
[2025-07-31T12:02:24.624+0000] {filesystem.py:118} DEBUG - input tempfile: /tmp/tmpkfle0e03/wy1e3z0r.json
[2025-07-31T12:02:24.682+0000] {filesystem.py:118} DEBUG - input tempfile: /tmp/tmpkfle0e03/4c0666bl.json
[2025-07-31T12:02:24.683+0000] {model.py:2042} DEBUG - idx 0
[2025-07-31T12:02:24.684+0000] {model.py:2043} DEBUG - running CmdStan, num_threads: None
[2025-07-31T12:02:24.684+0000] {model.py:2055} DEBUG - CmdStan args: ['/home/airflow/.local/lib/python3.11/site-packages/prophet/stan_model/prophet_model.bin', 'random', 'seed=43895', 'data', 'file=/tmp/tmpkfle0e03/wy1e3z0r.json', 'init=/tmp/tmpkfle0e03/4c0666bl.json', 'output', 'file=/tmp/tmpkfle0e03/prophet_modelwcjoqrqh/prophet_model-20250731120224.csv', 'method=optimize', 'algorithm=lbfgs', 'iter=10000']
[2025-07-31T12:02:24.685+0000] {logging_mixin.py:188} WARNING - 12:02:24 - cmdstanpy - INFO - Chain [1] start processing
[2025-07-31T12:02:24.685+0000] {model.py:2058} INFO - Chain [1] start processing
[2025-07-31T12:02:24.753+0000] {logging_mixin.py:188} WARNING - 12:02:24 - cmdstanpy - INFO - Chain [1] done processing
[2025-07-31T12:02:24.753+0000] {model.py:2115} INFO - Chain [1] done processing
[2025-07-31T12:02:24.757+0000] {logging_mixin.py:188} INFO - Erreur pour {'changepoint_prior_scale': 0.05, 'seasonality_prior_scale': 1.0, 'seasonality_mode': 'multiplicative'}: Less data than horizon after initial window. Make horizon or initial shorter.
[2025-07-31T12:02:24.758+0000] {logging_mixin.py:188} INFO - Test 9/18: {'changepoint_prior_scale': 0.05, 'seasonality_prior_scale': 5.0, 'seasonality_mode': 'additive'}
[2025-07-31T12:02:24.775+0000] {filesystem.py:118} DEBUG - input tempfile: /tmp/tmpkfle0e03/bzwbw9i0.json
[2025-07-31T12:02:24.834+0000] {filesystem.py:118} DEBUG - input tempfile: /tmp/tmpkfle0e03/5hreghoy.json
[2025-07-31T12:02:24.836+0000] {model.py:2042} DEBUG - idx 0
[2025-07-31T12:02:24.836+0000] {model.py:2043} DEBUG - running CmdStan, num_threads: None
[2025-07-31T12:02:24.837+0000] {model.py:2055} DEBUG - CmdStan args: ['/home/airflow/.local/lib/python3.11/site-packages/prophet/stan_model/prophet_model.bin', 'random', 'seed=83681', 'data', 'file=/tmp/tmpkfle0e03/bzwbw9i0.json', 'init=/tmp/tmpkfle0e03/5hreghoy.json', 'output', 'file=/tmp/tmpkfle0e03/prophet_modelssuuyx3k/prophet_model-20250731120224.csv', 'method=optimize', 'algorithm=lbfgs', 'iter=10000']
[2025-07-31T12:02:24.837+0000] {logging_mixin.py:188} WARNING - 12:02:24 - cmdstanpy - INFO - Chain [1] start processing
[2025-07-31T12:02:24.837+0000] {model.py:2058} INFO - Chain [1] start processing
[2025-07-31T12:02:24.875+0000] {logging_mixin.py:188} WARNING - 12:02:24 - cmdstanpy - INFO - Chain [1] done processing
[2025-07-31T12:02:24.875+0000] {model.py:2115} INFO - Chain [1] done processing
[2025-07-31T12:02:24.879+0000] {logging_mixin.py:188} INFO - Erreur pour {'changepoint_prior_scale': 0.05, 'seasonality_prior_scale': 5.0, 'seasonality_mode': 'additive'}: Less data than horizon after initial window. Make horizon or initial shorter.
[2025-07-31T12:02:24.880+0000] {logging_mixin.py:188} INFO - Test 10/18: {'changepoint_prior_scale': 0.05, 'seasonality_prior_scale': 5.0, 'seasonality_mode': 'multiplicative'}
[2025-07-31T12:02:24.900+0000] {filesystem.py:118} DEBUG - input tempfile: /tmp/tmpkfle0e03/0w2y61q1.json
[2025-07-31T12:02:24.968+0000] {filesystem.py:118} DEBUG - input tempfile: /tmp/tmpkfle0e03/zvi12xw_.json
[2025-07-31T12:02:24.970+0000] {model.py:2042} DEBUG - idx 0
[2025-07-31T12:02:24.971+0000] {model.py:2043} DEBUG - running CmdStan, num_threads: None
[2025-07-31T12:02:24.971+0000] {model.py:2055} DEBUG - CmdStan args: ['/home/airflow/.local/lib/python3.11/site-packages/prophet/stan_model/prophet_model.bin', 'random', 'seed=86711', 'data', 'file=/tmp/tmpkfle0e03/0w2y61q1.json', 'init=/tmp/tmpkfle0e03/zvi12xw_.json', 'output', 'file=/tmp/tmpkfle0e03/prophet_model8u3bu0ci/prophet_model-20250731120224.csv', 'method=optimize', 'algorithm=lbfgs', 'iter=10000']
[2025-07-31T12:02:24.972+0000] {logging_mixin.py:188} WARNING - 12:02:24 - cmdstanpy - INFO - Chain [1] start processing
[2025-07-31T12:02:24.972+0000] {model.py:2058} INFO - Chain [1] start processing
[2025-07-31T12:02:25.028+0000] {logging_mixin.py:188} WARNING - 12:02:25 - cmdstanpy - INFO - Chain [1] done processing
[2025-07-31T12:02:25.028+0000] {model.py:2115} INFO - Chain [1] done processing
[2025-07-31T12:02:25.033+0000] {logging_mixin.py:188} INFO - Erreur pour {'changepoint_prior_scale': 0.05, 'seasonality_prior_scale': 5.0, 'seasonality_mode': 'multiplicative'}: Less data than horizon after initial window. Make horizon or initial shorter.
[2025-07-31T12:02:25.034+0000] {logging_mixin.py:188} INFO - Test 11/18: {'changepoint_prior_scale': 0.05, 'seasonality_prior_scale': 10.0, 'seasonality_mode': 'additive'}
[2025-07-31T12:02:25.055+0000] {filesystem.py:118} DEBUG - input tempfile: /tmp/tmpkfle0e03/06ubrvow.json
[2025-07-31T12:02:25.126+0000] {filesystem.py:118} DEBUG - input tempfile: /tmp/tmpkfle0e03/o3pd6xtu.json
[2025-07-31T12:02:25.127+0000] {model.py:2042} DEBUG - idx 0
[2025-07-31T12:02:25.128+0000] {model.py:2043} DEBUG - running CmdStan, num_threads: None
[2025-07-31T12:02:25.129+0000] {model.py:2055} DEBUG - CmdStan args: ['/home/airflow/.local/lib/python3.11/site-packages/prophet/stan_model/prophet_model.bin', 'random', 'seed=23301', 'data', 'file=/tmp/tmpkfle0e03/06ubrvow.json', 'init=/tmp/tmpkfle0e03/o3pd6xtu.json', 'output', 'file=/tmp/tmpkfle0e03/prophet_model11ieze9v/prophet_model-20250731120225.csv', 'method=optimize', 'algorithm=lbfgs', 'iter=10000']
[2025-07-31T12:02:25.130+0000] {logging_mixin.py:188} WARNING - 12:02:25 - cmdstanpy - INFO - Chain [1] start processing
[2025-07-31T12:02:25.129+0000] {model.py:2058} INFO - Chain [1] start processing
[2025-07-31T12:02:25.174+0000] {logging_mixin.py:188} WARNING - 12:02:25 - cmdstanpy - INFO - Chain [1] done processing
[2025-07-31T12:02:25.174+0000] {model.py:2115} INFO - Chain [1] done processing
[2025-07-31T12:02:25.179+0000] {logging_mixin.py:188} INFO - Erreur pour {'changepoint_prior_scale': 0.05, 'seasonality_prior_scale': 10.0, 'seasonality_mode': 'additive'}: Less data than horizon after initial window. Make horizon or initial shorter.
[2025-07-31T12:02:25.180+0000] {logging_mixin.py:188} INFO - Test 12/18: {'changepoint_prior_scale': 0.05, 'seasonality_prior_scale': 10.0, 'seasonality_mode': 'multiplicative'}
[2025-07-31T12:02:25.207+0000] {filesystem.py:118} DEBUG - input tempfile: /tmp/tmpkfle0e03/75dlm87b.json
[2025-07-31T12:02:25.268+0000] {filesystem.py:118} DEBUG - input tempfile: /tmp/tmpkfle0e03/sgllvu4d.json
[2025-07-31T12:02:25.270+0000] {model.py:2042} DEBUG - idx 0
[2025-07-31T12:02:25.270+0000] {model.py:2043} DEBUG - running CmdStan, num_threads: None
[2025-07-31T12:02:25.271+0000] {model.py:2055} DEBUG - CmdStan args: ['/home/airflow/.local/lib/python3.11/site-packages/prophet/stan_model/prophet_model.bin', 'random', 'seed=3295', 'data', 'file=/tmp/tmpkfle0e03/75dlm87b.json', 'init=/tmp/tmpkfle0e03/sgllvu4d.json', 'output', 'file=/tmp/tmpkfle0e03/prophet_modelhc1dvux4/prophet_model-20250731120225.csv', 'method=optimize', 'algorithm=lbfgs', 'iter=10000']
[2025-07-31T12:02:25.272+0000] {logging_mixin.py:188} WARNING - 12:02:25 - cmdstanpy - INFO - Chain [1] start processing
[2025-07-31T12:02:25.272+0000] {model.py:2058} INFO - Chain [1] start processing
[2025-07-31T12:02:25.361+0000] {logging_mixin.py:188} WARNING - 12:02:25 - cmdstanpy - INFO - Chain [1] done processing
[2025-07-31T12:02:25.361+0000] {model.py:2115} INFO - Chain [1] done processing
[2025-07-31T12:02:25.366+0000] {logging_mixin.py:188} INFO - Erreur pour {'changepoint_prior_scale': 0.05, 'seasonality_prior_scale': 10.0, 'seasonality_mode': 'multiplicative'}: Less data than horizon after initial window. Make horizon or initial shorter.
[2025-07-31T12:02:25.366+0000] {logging_mixin.py:188} INFO - Test 13/18: {'changepoint_prior_scale': 0.1, 'seasonality_prior_scale': 1.0, 'seasonality_mode': 'additive'}
[2025-07-31T12:02:25.386+0000] {filesystem.py:118} DEBUG - input tempfile: /tmp/tmpkfle0e03/1lyaqdq5.json
[2025-07-31T12:02:25.459+0000] {filesystem.py:118} DEBUG - input tempfile: /tmp/tmpkfle0e03/jy1cozf_.json
[2025-07-31T12:02:25.460+0000] {model.py:2042} DEBUG - idx 0
[2025-07-31T12:02:25.461+0000] {model.py:2043} DEBUG - running CmdStan, num_threads: None
[2025-07-31T12:02:25.462+0000] {model.py:2055} DEBUG - CmdStan args: ['/home/airflow/.local/lib/python3.11/site-packages/prophet/stan_model/prophet_model.bin', 'random', 'seed=95300', 'data', 'file=/tmp/tmpkfle0e03/1lyaqdq5.json', 'init=/tmp/tmpkfle0e03/jy1cozf_.json', 'output', 'file=/tmp/tmpkfle0e03/prophet_modelop2k9blc/prophet_model-20250731120225.csv', 'method=optimize', 'algorithm=lbfgs', 'iter=10000']
[2025-07-31T12:02:25.463+0000] {logging_mixin.py:188} WARNING - 12:02:25 - cmdstanpy - INFO - Chain [1] start processing
[2025-07-31T12:02:25.462+0000] {model.py:2058} INFO - Chain [1] start processing
[2025-07-31T12:02:25.536+0000] {logging_mixin.py:188} WARNING - 12:02:25 - cmdstanpy - INFO - Chain [1] done processing
[2025-07-31T12:02:25.536+0000] {model.py:2115} INFO - Chain [1] done processing
[2025-07-31T12:02:25.540+0000] {logging_mixin.py:188} INFO - Erreur pour {'changepoint_prior_scale': 0.1, 'seasonality_prior_scale': 1.0, 'seasonality_mode': 'additive'}: Less data than horizon after initial window. Make horizon or initial shorter.
[2025-07-31T12:02:25.540+0000] {logging_mixin.py:188} INFO - Test 14/18: {'changepoint_prior_scale': 0.1, 'seasonality_prior_scale': 1.0, 'seasonality_mode': 'multiplicative'}
[2025-07-31T12:02:25.559+0000] {filesystem.py:118} DEBUG - input tempfile: /tmp/tmpkfle0e03/0c2u20bg.json
[2025-07-31T12:02:25.624+0000] {filesystem.py:118} DEBUG - input tempfile: /tmp/tmpkfle0e03/5wxjrcxn.json
[2025-07-31T12:02:25.626+0000] {model.py:2042} DEBUG - idx 0
[2025-07-31T12:02:25.627+0000] {model.py:2043} DEBUG - running CmdStan, num_threads: None
[2025-07-31T12:02:25.627+0000] {model.py:2055} DEBUG - CmdStan args: ['/home/airflow/.local/lib/python3.11/site-packages/prophet/stan_model/prophet_model.bin', 'random', 'seed=26849', 'data', 'file=/tmp/tmpkfle0e03/0c2u20bg.json', 'init=/tmp/tmpkfle0e03/5wxjrcxn.json', 'output', 'file=/tmp/tmpkfle0e03/prophet_modelboa8xzu5/prophet_model-20250731120225.csv', 'method=optimize', 'algorithm=lbfgs', 'iter=10000']
[2025-07-31T12:02:25.628+0000] {logging_mixin.py:188} WARNING - 12:02:25 - cmdstanpy - INFO - Chain [1] start processing
[2025-07-31T12:02:25.628+0000] {model.py:2058} INFO - Chain [1] start processing
[2025-07-31T12:02:25.714+0000] {logging_mixin.py:188} WARNING - 12:02:25 - cmdstanpy - INFO - Chain [1] done processing
[2025-07-31T12:02:25.714+0000] {model.py:2115} INFO - Chain [1] done processing
[2025-07-31T12:02:25.718+0000] {logging_mixin.py:188} INFO - Erreur pour {'changepoint_prior_scale': 0.1, 'seasonality_prior_scale': 1.0, 'seasonality_mode': 'multiplicative'}: Less data than horizon after initial window. Make horizon or initial shorter.
[2025-07-31T12:02:25.719+0000] {logging_mixin.py:188} INFO - Test 15/18: {'changepoint_prior_scale': 0.1, 'seasonality_prior_scale': 5.0, 'seasonality_mode': 'additive'}
[2025-07-31T12:02:25.736+0000] {filesystem.py:118} DEBUG - input tempfile: /tmp/tmpkfle0e03/ff2evmhj.json
[2025-07-31T12:02:25.794+0000] {filesystem.py:118} DEBUG - input tempfile: /tmp/tmpkfle0e03/j7fghjiq.json
[2025-07-31T12:02:25.796+0000] {model.py:2042} DEBUG - idx 0
[2025-07-31T12:02:25.797+0000] {model.py:2043} DEBUG - running CmdStan, num_threads: None
[2025-07-31T12:02:25.797+0000] {model.py:2055} DEBUG - CmdStan args: ['/home/airflow/.local/lib/python3.11/site-packages/prophet/stan_model/prophet_model.bin', 'random', 'seed=73993', 'data', 'file=/tmp/tmpkfle0e03/ff2evmhj.json', 'init=/tmp/tmpkfle0e03/j7fghjiq.json', 'output', 'file=/tmp/tmpkfle0e03/prophet_modelz4tnjr8s/prophet_model-20250731120225.csv', 'method=optimize', 'algorithm=lbfgs', 'iter=10000']
[2025-07-31T12:02:25.798+0000] {logging_mixin.py:188} WARNING - 12:02:25 - cmdstanpy - INFO - Chain [1] start processing
[2025-07-31T12:02:25.798+0000] {model.py:2058} INFO - Chain [1] start processing
[2025-07-31T12:02:25.841+0000] {logging_mixin.py:188} WARNING - 12:02:25 - cmdstanpy - INFO - Chain [1] done processing
[2025-07-31T12:02:25.841+0000] {model.py:2115} INFO - Chain [1] done processing
[2025-07-31T12:02:25.846+0000] {logging_mixin.py:188} INFO - Erreur pour {'changepoint_prior_scale': 0.1, 'seasonality_prior_scale': 5.0, 'seasonality_mode': 'additive'}: Less data than horizon after initial window. Make horizon or initial shorter.
[2025-07-31T12:02:25.847+0000] {logging_mixin.py:188} INFO - Test 16/18: {'changepoint_prior_scale': 0.1, 'seasonality_prior_scale': 5.0, 'seasonality_mode': 'multiplicative'}
[2025-07-31T12:02:25.879+0000] {filesystem.py:118} DEBUG - input tempfile: /tmp/tmpkfle0e03/644qvmvs.json
[2025-07-31T12:02:25.938+0000] {filesystem.py:118} DEBUG - input tempfile: /tmp/tmpkfle0e03/zed21qs3.json
[2025-07-31T12:02:25.940+0000] {model.py:2042} DEBUG - idx 0
[2025-07-31T12:02:25.941+0000] {model.py:2043} DEBUG - running CmdStan, num_threads: None
[2025-07-31T12:02:25.941+0000] {model.py:2055} DEBUG - CmdStan args: ['/home/airflow/.local/lib/python3.11/site-packages/prophet/stan_model/prophet_model.bin', 'random', 'seed=84354', 'data', 'file=/tmp/tmpkfle0e03/644qvmvs.json', 'init=/tmp/tmpkfle0e03/zed21qs3.json', 'output', 'file=/tmp/tmpkfle0e03/prophet_modellinptar9/prophet_model-20250731120225.csv', 'method=optimize', 'algorithm=lbfgs', 'iter=10000']
[2025-07-31T12:02:25.942+0000] {logging_mixin.py:188} WARNING - 12:02:25 - cmdstanpy - INFO - Chain [1] start processing
[2025-07-31T12:02:25.941+0000] {model.py:2058} INFO - Chain [1] start processing
[2025-07-31T12:02:26.063+0000] {logging_mixin.py:188} WARNING - 12:02:26 - cmdstanpy - INFO - Chain [1] done processing
[2025-07-31T12:02:26.063+0000] {model.py:2115} INFO - Chain [1] done processing
[2025-07-31T12:02:26.068+0000] {logging_mixin.py:188} INFO - Erreur pour {'changepoint_prior_scale': 0.1, 'seasonality_prior_scale': 5.0, 'seasonality_mode': 'multiplicative'}: Less data than horizon after initial window. Make horizon or initial shorter.
[2025-07-31T12:02:26.068+0000] {logging_mixin.py:188} INFO - Test 17/18: {'changepoint_prior_scale': 0.1, 'seasonality_prior_scale': 10.0, 'seasonality_mode': 'additive'}
[2025-07-31T12:02:26.087+0000] {filesystem.py:118} DEBUG - input tempfile: /tmp/tmpkfle0e03/tj0txscr.json
[2025-07-31T12:02:26.146+0000] {filesystem.py:118} DEBUG - input tempfile: /tmp/tmpkfle0e03/he_kyxub.json
[2025-07-31T12:02:26.148+0000] {model.py:2042} DEBUG - idx 0
[2025-07-31T12:02:26.149+0000] {model.py:2043} DEBUG - running CmdStan, num_threads: None
[2025-07-31T12:02:26.149+0000] {model.py:2055} DEBUG - CmdStan args: ['/home/airflow/.local/lib/python3.11/site-packages/prophet/stan_model/prophet_model.bin', 'random', 'seed=75561', 'data', 'file=/tmp/tmpkfle0e03/tj0txscr.json', 'init=/tmp/tmpkfle0e03/he_kyxub.json', 'output', 'file=/tmp/tmpkfle0e03/prophet_modela72adl50/prophet_model-20250731120226.csv', 'method=optimize', 'algorithm=lbfgs', 'iter=10000']
[2025-07-31T12:02:26.150+0000] {logging_mixin.py:188} WARNING - 12:02:26 - cmdstanpy - INFO - Chain [1] start processing
[2025-07-31T12:02:26.150+0000] {model.py:2058} INFO - Chain [1] start processing
[2025-07-31T12:02:26.198+0000] {logging_mixin.py:188} WARNING - 12:02:26 - cmdstanpy - INFO - Chain [1] done processing
[2025-07-31T12:02:26.197+0000] {model.py:2115} INFO - Chain [1] done processing
[2025-07-31T12:02:26.203+0000] {logging_mixin.py:188} INFO - Erreur pour {'changepoint_prior_scale': 0.1, 'seasonality_prior_scale': 10.0, 'seasonality_mode': 'additive'}: Less data than horizon after initial window. Make horizon or initial shorter.
[2025-07-31T12:02:26.204+0000] {logging_mixin.py:188} INFO - Test 18/18: {'changepoint_prior_scale': 0.1, 'seasonality_prior_scale': 10.0, 'seasonality_mode': 'multiplicative'}
[2025-07-31T12:02:26.223+0000] {filesystem.py:118} DEBUG - input tempfile: /tmp/tmpkfle0e03/uj10xcu1.json
[2025-07-31T12:02:26.293+0000] {filesystem.py:118} DEBUG - input tempfile: /tmp/tmpkfle0e03/rlh7c9d9.json
[2025-07-31T12:02:26.295+0000] {model.py:2042} DEBUG - idx 0
[2025-07-31T12:02:26.296+0000] {model.py:2043} DEBUG - running CmdStan, num_threads: None
[2025-07-31T12:02:26.296+0000] {model.py:2055} DEBUG - CmdStan args: ['/home/airflow/.local/lib/python3.11/site-packages/prophet/stan_model/prophet_model.bin', 'random', 'seed=59496', 'data', 'file=/tmp/tmpkfle0e03/uj10xcu1.json', 'init=/tmp/tmpkfle0e03/rlh7c9d9.json', 'output', 'file=/tmp/tmpkfle0e03/prophet_modelp7bu_4wm/prophet_model-20250731120226.csv', 'method=optimize', 'algorithm=lbfgs', 'iter=10000']
[2025-07-31T12:02:26.297+0000] {logging_mixin.py:188} WARNING - 12:02:26 - cmdstanpy - INFO - Chain [1] start processing
[2025-07-31T12:02:26.297+0000] {model.py:2058} INFO - Chain [1] start processing
[2025-07-31T12:02:26.448+0000] {logging_mixin.py:188} WARNING - 12:02:26 - cmdstanpy - INFO - Chain [1] done processing
[2025-07-31T12:02:26.448+0000] {model.py:2115} INFO - Chain [1] done processing
[2025-07-31T12:02:26.453+0000] {logging_mixin.py:188} INFO - Erreur pour {'changepoint_prior_scale': 0.1, 'seasonality_prior_scale': 10.0, 'seasonality_mode': 'multiplicative'}: Less data than horizon after initial window. Make horizon or initial shorter.
[2025-07-31T12:02:26.453+0000] {taskinstance.py:441} INFO - ::group::Post task execution logs
[2025-07-31T12:02:26.454+0000] {taskinstance.py:2905} ERROR - Task failed with exception
Traceback (most recent call last):
  File "/home/airflow/.local/lib/python3.11/site-packages/airflow/models/taskinstance.py", line 465, in _execute_task
    result = _execute_callable(context=context, **execute_callable_kwargs)
             ^^^^^^^^^^^^^^^^^^^^^^^^^^^^^^^^^^^^^^^^^^^^^^^^^^^^^^^^^^^^^
  File "/home/airflow/.local/lib/python3.11/site-packages/airflow/models/taskinstance.py", line 432, in _execute_callable
    return execute_callable(context=context, **execute_callable_kwargs)
           ^^^^^^^^^^^^^^^^^^^^^^^^^^^^^^^^^^^^^^^^^^^^^^^^^^^^^^^^^^^^
  File "/home/airflow/.local/lib/python3.11/site-packages/airflow/models/baseoperator.py", line 401, in wrapper
    return func(self, *args, **kwargs)
           ^^^^^^^^^^^^^^^^^^^^^^^^^^^
  File "/home/airflow/.local/lib/python3.11/site-packages/airflow/operators/python.py", line 235, in execute
    return_value = self.execute_callable()
                   ^^^^^^^^^^^^^^^^^^^^^^^
  File "/home/airflow/.local/lib/python3.11/site-packages/airflow/operators/python.py", line 252, in execute_callable
    return self.python_callable(*self.op_args, **self.op_kwargs)
           ^^^^^^^^^^^^^^^^^^^^^^^^^^^^^^^^^^^^^^^^^^^^^^^^^^^^^
  File "/opt/airflow/dags/scripts/train_prophet.py", line 92, in train_prophet
    best_model_temp, scores_temp = optimize_prophet_model(temp_df)
                                   ^^^^^^^^^^^^^^^^^^^^^^^^^^^^^^^
  File "/opt/airflow/dags/scripts/train_prophet.py", line 44, in optimize_prophet_model
    best = min(results, key=lambda x: x[1])
           ^^^^^^^^^^^^^^^^^^^^^^^^^^^^^^^^
ValueError: min() arg is an empty sequence
[2025-07-31T12:02:26.491+0000] {taskinstance.py:1206} INFO - Marking task as UP_FOR_RETRY. dag_id=solar_ai_pipeline_2, task_id=train_prophet, run_id=scheduled__2023-07-23T00:00:00+00:00, execution_date=20230723T000000, start_date=20250731T120221, end_date=20250731T120226
[2025-07-31T12:02:26.611+0000] {standard_task_runner.py:110} ERROR - Failed to execute job 2930 for task train_prophet (min() arg is an empty sequence; 4399)
[2025-07-31T12:02:26.685+0000] {local_task_job_runner.py:240} INFO - Task exited with return code 1
[2025-07-31T12:02:26.806+0000] {taskinstance.py:3503} INFO - 0 downstream tasks scheduled from follow-on schedule check
[2025-07-31T12:02:26.812+0000] {local_task_job_runner.py:222} INFO - ::endgroup::
