[2025-07-31T12:49:16.232+0000] {local_task_job_runner.py:120} INFO - ::group::Pre task execution logs
[2025-07-31T12:49:16.336+0000] {taskinstance.py:2076} INFO - Dependencies all met for dep_context=non-requeueable deps ti=<TaskInstance: solar_ai_pipeline_2.train_prophet scheduled__2023-07-23T00:00:00+00:00 [queued]>
[2025-07-31T12:49:16.377+0000] {taskinstance.py:2076} INFO - Dependencies all met for dep_context=requeueable deps ti=<TaskInstance: solar_ai_pipeline_2.train_prophet scheduled__2023-07-23T00:00:00+00:00 [queued]>
[2025-07-31T12:49:16.381+0000] {taskinstance.py:2306} INFO - Starting attempt 4 of 4
[2025-07-31T12:49:16.443+0000] {taskinstance.py:2330} INFO - Executing <Task(PythonOperator): train_prophet> on 2023-07-23 00:00:00+00:00
[2025-07-31T12:49:16.450+0000] {standard_task_runner.py:63} INFO - Started process 9859 to run task
[2025-07-31T12:49:16.457+0000] {standard_task_runner.py:90} INFO - Running: ['airflow', 'tasks', 'run', 'solar_ai_pipeline_2', 'train_prophet', 'scheduled__2023-07-23T00:00:00+00:00', '--job-id', '2960', '--raw', '--subdir', 'DAGS_FOLDER/prophet_pipeline.py', '--cfg-path', '/tmp/tmpxtdwlmd6']
[2025-07-31T12:49:16.461+0000] {standard_task_runner.py:91} INFO - Job 2960: Subtask train_prophet
[2025-07-31T12:49:16.660+0000] {task_command.py:426} INFO - Running <TaskInstance: solar_ai_pipeline_2.train_prophet scheduled__2023-07-23T00:00:00+00:00 [running]> on host a2a0dd314bdc
[2025-07-31T12:49:17.113+0000] {taskinstance.py:2648} INFO - Exporting env vars: AIRFLOW_CTX_DAG_OWNER='ensam' AIRFLOW_CTX_DAG_ID='solar_ai_pipeline_2' AIRFLOW_CTX_TASK_ID='train_prophet' AIRFLOW_CTX_EXECUTION_DATE='2023-07-23T00:00:00+00:00' AIRFLOW_CTX_TRY_NUMBER='4' AIRFLOW_CTX_DAG_RUN_ID='scheduled__2023-07-23T00:00:00+00:00'
[2025-07-31T12:49:17.114+0000] {taskinstance.py:430} INFO - ::endgroup::
[2025-07-31T12:49:18.235+0000] {plot.py:39} ERROR - Importing plotly failed. Interactive plots will not work.
[2025-07-31T12:49:18.245+0000] {logging_mixin.py:188} INFO - Training from 2023-01-01 to 2023-01-24
[2025-07-31T12:49:18.598+0000] {logging_mixin.py:188} INFO - Test 1/18: {'changepoint_prior_scale': 0.01, 'seasonality_prior_scale': 1.0, 'seasonality_mode': 'additive'}
[2025-07-31T12:49:18.664+0000] {filesystem.py:118} DEBUG - input tempfile: /tmp/tmppk1327b_/geogwc26.json
[2025-07-31T12:49:18.765+0000] {filesystem.py:118} DEBUG - input tempfile: /tmp/tmppk1327b_/cesmthls.json
[2025-07-31T12:49:18.767+0000] {model.py:2042} DEBUG - idx 0
[2025-07-31T12:49:18.768+0000] {model.py:2043} DEBUG - running CmdStan, num_threads: None
[2025-07-31T12:49:18.768+0000] {model.py:2055} DEBUG - CmdStan args: ['/home/airflow/.local/lib/python3.11/site-packages/prophet/stan_model/prophet_model.bin', 'random', 'seed=31295', 'data', 'file=/tmp/tmppk1327b_/geogwc26.json', 'init=/tmp/tmppk1327b_/cesmthls.json', 'output', 'file=/tmp/tmppk1327b_/prophet_modelkl6_wc4g/prophet_model-20250731124918.csv', 'method=optimize', 'algorithm=lbfgs', 'iter=10000']
[2025-07-31T12:49:18.769+0000] {logging_mixin.py:188} WARNING - 12:49:18 - cmdstanpy - INFO - Chain [1] start processing
[2025-07-31T12:49:18.769+0000] {model.py:2058} INFO - Chain [1] start processing
[2025-07-31T12:49:18.818+0000] {logging_mixin.py:188} WARNING - 12:49:18 - cmdstanpy - INFO - Chain [1] done processing
[2025-07-31T12:49:18.817+0000] {model.py:2115} INFO - Chain [1] done processing
[2025-07-31T12:49:18.823+0000] {logging_mixin.py:188} INFO - Erreur pour {'changepoint_prior_scale': 0.01, 'seasonality_prior_scale': 1.0, 'seasonality_mode': 'additive'}: Less data than horizon after initial window. Make horizon or initial shorter.
[2025-07-31T12:49:18.824+0000] {logging_mixin.py:188} INFO - Test 2/18: {'changepoint_prior_scale': 0.01, 'seasonality_prior_scale': 1.0, 'seasonality_mode': 'multiplicative'}
[2025-07-31T12:49:18.846+0000] {filesystem.py:118} DEBUG - input tempfile: /tmp/tmppk1327b_/ulzcir9z.json
[2025-07-31T12:49:18.922+0000] {filesystem.py:118} DEBUG - input tempfile: /tmp/tmppk1327b_/b2xu42zl.json
[2025-07-31T12:49:18.927+0000] {model.py:2042} DEBUG - idx 0
[2025-07-31T12:49:18.928+0000] {model.py:2043} DEBUG - running CmdStan, num_threads: None
[2025-07-31T12:49:18.929+0000] {model.py:2055} DEBUG - CmdStan args: ['/home/airflow/.local/lib/python3.11/site-packages/prophet/stan_model/prophet_model.bin', 'random', 'seed=28459', 'data', 'file=/tmp/tmppk1327b_/ulzcir9z.json', 'init=/tmp/tmppk1327b_/b2xu42zl.json', 'output', 'file=/tmp/tmppk1327b_/prophet_modellob9aolt/prophet_model-20250731124918.csv', 'method=optimize', 'algorithm=lbfgs', 'iter=10000']
[2025-07-31T12:49:18.930+0000] {logging_mixin.py:188} WARNING - 12:49:18 - cmdstanpy - INFO - Chain [1] start processing
[2025-07-31T12:49:18.929+0000] {model.py:2058} INFO - Chain [1] start processing
[2025-07-31T12:49:19.000+0000] {logging_mixin.py:188} WARNING - 12:49:19 - cmdstanpy - INFO - Chain [1] done processing
[2025-07-31T12:49:19.000+0000] {model.py:2115} INFO - Chain [1] done processing
[2025-07-31T12:49:19.008+0000] {logging_mixin.py:188} INFO - Erreur pour {'changepoint_prior_scale': 0.01, 'seasonality_prior_scale': 1.0, 'seasonality_mode': 'multiplicative'}: Less data than horizon after initial window. Make horizon or initial shorter.
[2025-07-31T12:49:19.010+0000] {logging_mixin.py:188} INFO - Test 3/18: {'changepoint_prior_scale': 0.01, 'seasonality_prior_scale': 5.0, 'seasonality_mode': 'additive'}
[2025-07-31T12:49:19.042+0000] {filesystem.py:118} DEBUG - input tempfile: /tmp/tmppk1327b_/p5n4h315.json
[2025-07-31T12:49:19.116+0000] {filesystem.py:118} DEBUG - input tempfile: /tmp/tmppk1327b_/gjk_u4an.json
[2025-07-31T12:49:19.120+0000] {model.py:2042} DEBUG - idx 0
[2025-07-31T12:49:19.120+0000] {model.py:2043} DEBUG - running CmdStan, num_threads: None
[2025-07-31T12:49:19.121+0000] {model.py:2055} DEBUG - CmdStan args: ['/home/airflow/.local/lib/python3.11/site-packages/prophet/stan_model/prophet_model.bin', 'random', 'seed=81065', 'data', 'file=/tmp/tmppk1327b_/p5n4h315.json', 'init=/tmp/tmppk1327b_/gjk_u4an.json', 'output', 'file=/tmp/tmppk1327b_/prophet_modelz881cabx/prophet_model-20250731124919.csv', 'method=optimize', 'algorithm=lbfgs', 'iter=10000']
[2025-07-31T12:49:19.122+0000] {logging_mixin.py:188} WARNING - 12:49:19 - cmdstanpy - INFO - Chain [1] start processing
[2025-07-31T12:49:19.122+0000] {model.py:2058} INFO - Chain [1] start processing
[2025-07-31T12:49:19.170+0000] {logging_mixin.py:188} WARNING - 12:49:19 - cmdstanpy - INFO - Chain [1] done processing
[2025-07-31T12:49:19.170+0000] {model.py:2115} INFO - Chain [1] done processing
[2025-07-31T12:49:19.176+0000] {logging_mixin.py:188} INFO - Erreur pour {'changepoint_prior_scale': 0.01, 'seasonality_prior_scale': 5.0, 'seasonality_mode': 'additive'}: Less data than horizon after initial window. Make horizon or initial shorter.
[2025-07-31T12:49:19.177+0000] {logging_mixin.py:188} INFO - Test 4/18: {'changepoint_prior_scale': 0.01, 'seasonality_prior_scale': 5.0, 'seasonality_mode': 'multiplicative'}
[2025-07-31T12:49:19.197+0000] {filesystem.py:118} DEBUG - input tempfile: /tmp/tmppk1327b_/8d7cogv7.json
[2025-07-31T12:49:19.270+0000] {filesystem.py:118} DEBUG - input tempfile: /tmp/tmppk1327b_/fw9jfi4i.json
[2025-07-31T12:49:19.276+0000] {model.py:2042} DEBUG - idx 0
[2025-07-31T12:49:19.276+0000] {model.py:2043} DEBUG - running CmdStan, num_threads: None
[2025-07-31T12:49:19.277+0000] {model.py:2055} DEBUG - CmdStan args: ['/home/airflow/.local/lib/python3.11/site-packages/prophet/stan_model/prophet_model.bin', 'random', 'seed=46541', 'data', 'file=/tmp/tmppk1327b_/8d7cogv7.json', 'init=/tmp/tmppk1327b_/fw9jfi4i.json', 'output', 'file=/tmp/tmppk1327b_/prophet_modelvza9r88m/prophet_model-20250731124919.csv', 'method=optimize', 'algorithm=lbfgs', 'iter=10000']
[2025-07-31T12:49:19.278+0000] {logging_mixin.py:188} WARNING - 12:49:19 - cmdstanpy - INFO - Chain [1] start processing
[2025-07-31T12:49:19.278+0000] {model.py:2058} INFO - Chain [1] start processing
[2025-07-31T12:49:19.334+0000] {logging_mixin.py:188} WARNING - 12:49:19 - cmdstanpy - INFO - Chain [1] done processing
[2025-07-31T12:49:19.334+0000] {model.py:2115} INFO - Chain [1] done processing
[2025-07-31T12:49:19.338+0000] {logging_mixin.py:188} INFO - Erreur pour {'changepoint_prior_scale': 0.01, 'seasonality_prior_scale': 5.0, 'seasonality_mode': 'multiplicative'}: Less data than horizon after initial window. Make horizon or initial shorter.
[2025-07-31T12:49:19.339+0000] {logging_mixin.py:188} INFO - Test 5/18: {'changepoint_prior_scale': 0.01, 'seasonality_prior_scale': 10.0, 'seasonality_mode': 'additive'}
[2025-07-31T12:49:19.358+0000] {filesystem.py:118} DEBUG - input tempfile: /tmp/tmppk1327b_/hg1feudy.json
[2025-07-31T12:49:19.423+0000] {filesystem.py:118} DEBUG - input tempfile: /tmp/tmppk1327b_/ppcm5p43.json
[2025-07-31T12:49:19.425+0000] {model.py:2042} DEBUG - idx 0
[2025-07-31T12:49:19.426+0000] {model.py:2043} DEBUG - running CmdStan, num_threads: None
[2025-07-31T12:49:19.427+0000] {model.py:2055} DEBUG - CmdStan args: ['/home/airflow/.local/lib/python3.11/site-packages/prophet/stan_model/prophet_model.bin', 'random', 'seed=70179', 'data', 'file=/tmp/tmppk1327b_/hg1feudy.json', 'init=/tmp/tmppk1327b_/ppcm5p43.json', 'output', 'file=/tmp/tmppk1327b_/prophet_model5ha45_az/prophet_model-20250731124919.csv', 'method=optimize', 'algorithm=lbfgs', 'iter=10000']
[2025-07-31T12:49:19.428+0000] {logging_mixin.py:188} WARNING - 12:49:19 - cmdstanpy - INFO - Chain [1] start processing
[2025-07-31T12:49:19.427+0000] {model.py:2058} INFO - Chain [1] start processing
[2025-07-31T12:49:19.472+0000] {logging_mixin.py:188} WARNING - 12:49:19 - cmdstanpy - INFO - Chain [1] done processing
[2025-07-31T12:49:19.472+0000] {model.py:2115} INFO - Chain [1] done processing
[2025-07-31T12:49:19.477+0000] {logging_mixin.py:188} INFO - Erreur pour {'changepoint_prior_scale': 0.01, 'seasonality_prior_scale': 10.0, 'seasonality_mode': 'additive'}: Less data than horizon after initial window. Make horizon or initial shorter.
[2025-07-31T12:49:19.478+0000] {logging_mixin.py:188} INFO - Test 6/18: {'changepoint_prior_scale': 0.01, 'seasonality_prior_scale': 10.0, 'seasonality_mode': 'multiplicative'}
[2025-07-31T12:49:19.498+0000] {filesystem.py:118} DEBUG - input tempfile: /tmp/tmppk1327b_/2uuwv_to.json
[2025-07-31T12:49:19.566+0000] {filesystem.py:118} DEBUG - input tempfile: /tmp/tmppk1327b_/hppmxgjk.json
[2025-07-31T12:49:19.567+0000] {model.py:2042} DEBUG - idx 0
[2025-07-31T12:49:19.568+0000] {model.py:2043} DEBUG - running CmdStan, num_threads: None
[2025-07-31T12:49:19.569+0000] {model.py:2055} DEBUG - CmdStan args: ['/home/airflow/.local/lib/python3.11/site-packages/prophet/stan_model/prophet_model.bin', 'random', 'seed=6208', 'data', 'file=/tmp/tmppk1327b_/2uuwv_to.json', 'init=/tmp/tmppk1327b_/hppmxgjk.json', 'output', 'file=/tmp/tmppk1327b_/prophet_modelgbbg5z8x/prophet_model-20250731124919.csv', 'method=optimize', 'algorithm=lbfgs', 'iter=10000']
[2025-07-31T12:49:19.570+0000] {logging_mixin.py:188} WARNING - 12:49:19 - cmdstanpy - INFO - Chain [1] start processing
[2025-07-31T12:49:19.569+0000] {model.py:2058} INFO - Chain [1] start processing
[2025-07-31T12:49:19.629+0000] {logging_mixin.py:188} WARNING - 12:49:19 - cmdstanpy - INFO - Chain [1] done processing
[2025-07-31T12:49:19.629+0000] {model.py:2115} INFO - Chain [1] done processing
[2025-07-31T12:49:19.634+0000] {logging_mixin.py:188} INFO - Erreur pour {'changepoint_prior_scale': 0.01, 'seasonality_prior_scale': 10.0, 'seasonality_mode': 'multiplicative'}: Less data than horizon after initial window. Make horizon or initial shorter.
[2025-07-31T12:49:19.634+0000] {logging_mixin.py:188} INFO - Test 7/18: {'changepoint_prior_scale': 0.05, 'seasonality_prior_scale': 1.0, 'seasonality_mode': 'additive'}
[2025-07-31T12:49:19.656+0000] {filesystem.py:118} DEBUG - input tempfile: /tmp/tmppk1327b_/kl0pp936.json
[2025-07-31T12:49:19.722+0000] {filesystem.py:118} DEBUG - input tempfile: /tmp/tmppk1327b_/ugia6vin.json
[2025-07-31T12:49:19.727+0000] {model.py:2042} DEBUG - idx 0
[2025-07-31T12:49:19.728+0000] {model.py:2043} DEBUG - running CmdStan, num_threads: None
[2025-07-31T12:49:19.729+0000] {model.py:2055} DEBUG - CmdStan args: ['/home/airflow/.local/lib/python3.11/site-packages/prophet/stan_model/prophet_model.bin', 'random', 'seed=85797', 'data', 'file=/tmp/tmppk1327b_/kl0pp936.json', 'init=/tmp/tmppk1327b_/ugia6vin.json', 'output', 'file=/tmp/tmppk1327b_/prophet_modelizsgssjo/prophet_model-20250731124919.csv', 'method=optimize', 'algorithm=lbfgs', 'iter=10000']
[2025-07-31T12:49:19.730+0000] {logging_mixin.py:188} WARNING - 12:49:19 - cmdstanpy - INFO - Chain [1] start processing
[2025-07-31T12:49:19.729+0000] {model.py:2058} INFO - Chain [1] start processing
[2025-07-31T12:49:19.766+0000] {logging_mixin.py:188} WARNING - 12:49:19 - cmdstanpy - INFO - Chain [1] done processing
[2025-07-31T12:49:19.766+0000] {model.py:2115} INFO - Chain [1] done processing
[2025-07-31T12:49:19.770+0000] {logging_mixin.py:188} INFO - Erreur pour {'changepoint_prior_scale': 0.05, 'seasonality_prior_scale': 1.0, 'seasonality_mode': 'additive'}: Less data than horizon after initial window. Make horizon or initial shorter.
[2025-07-31T12:49:19.771+0000] {logging_mixin.py:188} INFO - Test 8/18: {'changepoint_prior_scale': 0.05, 'seasonality_prior_scale': 1.0, 'seasonality_mode': 'multiplicative'}
[2025-07-31T12:49:19.788+0000] {filesystem.py:118} DEBUG - input tempfile: /tmp/tmppk1327b_/ojbd6dph.json
[2025-07-31T12:49:19.849+0000] {filesystem.py:118} DEBUG - input tempfile: /tmp/tmppk1327b_/_s9joxgh.json
[2025-07-31T12:49:19.851+0000] {model.py:2042} DEBUG - idx 0
[2025-07-31T12:49:19.851+0000] {model.py:2043} DEBUG - running CmdStan, num_threads: None
[2025-07-31T12:49:19.852+0000] {model.py:2055} DEBUG - CmdStan args: ['/home/airflow/.local/lib/python3.11/site-packages/prophet/stan_model/prophet_model.bin', 'random', 'seed=78314', 'data', 'file=/tmp/tmppk1327b_/ojbd6dph.json', 'init=/tmp/tmppk1327b_/_s9joxgh.json', 'output', 'file=/tmp/tmppk1327b_/prophet_modelssjup6oy/prophet_model-20250731124919.csv', 'method=optimize', 'algorithm=lbfgs', 'iter=10000']
[2025-07-31T12:49:19.852+0000] {logging_mixin.py:188} WARNING - 12:49:19 - cmdstanpy - INFO - Chain [1] start processing
[2025-07-31T12:49:19.852+0000] {model.py:2058} INFO - Chain [1] start processing
[2025-07-31T12:49:19.923+0000] {logging_mixin.py:188} WARNING - 12:49:19 - cmdstanpy - INFO - Chain [1] done processing
[2025-07-31T12:49:19.923+0000] {model.py:2115} INFO - Chain [1] done processing
[2025-07-31T12:49:19.928+0000] {logging_mixin.py:188} INFO - Erreur pour {'changepoint_prior_scale': 0.05, 'seasonality_prior_scale': 1.0, 'seasonality_mode': 'multiplicative'}: Less data than horizon after initial window. Make horizon or initial shorter.
[2025-07-31T12:49:19.928+0000] {logging_mixin.py:188} INFO - Test 9/18: {'changepoint_prior_scale': 0.05, 'seasonality_prior_scale': 5.0, 'seasonality_mode': 'additive'}
[2025-07-31T12:49:19.945+0000] {filesystem.py:118} DEBUG - input tempfile: /tmp/tmppk1327b_/5ftswbkn.json
[2025-07-31T12:49:20.006+0000] {filesystem.py:118} DEBUG - input tempfile: /tmp/tmppk1327b_/kcj_pqb9.json
[2025-07-31T12:49:20.007+0000] {model.py:2042} DEBUG - idx 0
[2025-07-31T12:49:20.008+0000] {model.py:2043} DEBUG - running CmdStan, num_threads: None
[2025-07-31T12:49:20.008+0000] {model.py:2055} DEBUG - CmdStan args: ['/home/airflow/.local/lib/python3.11/site-packages/prophet/stan_model/prophet_model.bin', 'random', 'seed=42263', 'data', 'file=/tmp/tmppk1327b_/5ftswbkn.json', 'init=/tmp/tmppk1327b_/kcj_pqb9.json', 'output', 'file=/tmp/tmppk1327b_/prophet_model47bug0vc/prophet_model-20250731124920.csv', 'method=optimize', 'algorithm=lbfgs', 'iter=10000']
[2025-07-31T12:49:20.009+0000] {logging_mixin.py:188} WARNING - 12:49:20 - cmdstanpy - INFO - Chain [1] start processing
[2025-07-31T12:49:20.009+0000] {model.py:2058} INFO - Chain [1] start processing
[2025-07-31T12:49:20.049+0000] {logging_mixin.py:188} WARNING - 12:49:20 - cmdstanpy - INFO - Chain [1] done processing
[2025-07-31T12:49:20.049+0000] {model.py:2115} INFO - Chain [1] done processing
[2025-07-31T12:49:20.053+0000] {logging_mixin.py:188} INFO - Erreur pour {'changepoint_prior_scale': 0.05, 'seasonality_prior_scale': 5.0, 'seasonality_mode': 'additive'}: Less data than horizon after initial window. Make horizon or initial shorter.
[2025-07-31T12:49:20.054+0000] {logging_mixin.py:188} INFO - Test 10/18: {'changepoint_prior_scale': 0.05, 'seasonality_prior_scale': 5.0, 'seasonality_mode': 'multiplicative'}
[2025-07-31T12:49:20.071+0000] {filesystem.py:118} DEBUG - input tempfile: /tmp/tmppk1327b_/bknm6pq3.json
[2025-07-31T12:49:20.131+0000] {filesystem.py:118} DEBUG - input tempfile: /tmp/tmppk1327b_/lqdf721i.json
[2025-07-31T12:49:20.133+0000] {model.py:2042} DEBUG - idx 0
[2025-07-31T12:49:20.133+0000] {model.py:2043} DEBUG - running CmdStan, num_threads: None
[2025-07-31T12:49:20.134+0000] {model.py:2055} DEBUG - CmdStan args: ['/home/airflow/.local/lib/python3.11/site-packages/prophet/stan_model/prophet_model.bin', 'random', 'seed=22695', 'data', 'file=/tmp/tmppk1327b_/bknm6pq3.json', 'init=/tmp/tmppk1327b_/lqdf721i.json', 'output', 'file=/tmp/tmppk1327b_/prophet_modelph0ixsb6/prophet_model-20250731124920.csv', 'method=optimize', 'algorithm=lbfgs', 'iter=10000']
[2025-07-31T12:49:20.134+0000] {logging_mixin.py:188} WARNING - 12:49:20 - cmdstanpy - INFO - Chain [1] start processing
[2025-07-31T12:49:20.134+0000] {model.py:2058} INFO - Chain [1] start processing
[2025-07-31T12:49:20.183+0000] {logging_mixin.py:188} WARNING - 12:49:20 - cmdstanpy - INFO - Chain [1] done processing
[2025-07-31T12:49:20.183+0000] {model.py:2115} INFO - Chain [1] done processing
[2025-07-31T12:49:20.187+0000] {logging_mixin.py:188} INFO - Erreur pour {'changepoint_prior_scale': 0.05, 'seasonality_prior_scale': 5.0, 'seasonality_mode': 'multiplicative'}: Less data than horizon after initial window. Make horizon or initial shorter.
[2025-07-31T12:49:20.188+0000] {logging_mixin.py:188} INFO - Test 11/18: {'changepoint_prior_scale': 0.05, 'seasonality_prior_scale': 10.0, 'seasonality_mode': 'additive'}
[2025-07-31T12:49:20.205+0000] {filesystem.py:118} DEBUG - input tempfile: /tmp/tmppk1327b_/qjhwgepw.json
[2025-07-31T12:49:20.264+0000] {filesystem.py:118} DEBUG - input tempfile: /tmp/tmppk1327b_/nfu274ru.json
[2025-07-31T12:49:20.265+0000] {model.py:2042} DEBUG - idx 0
[2025-07-31T12:49:20.266+0000] {model.py:2043} DEBUG - running CmdStan, num_threads: None
[2025-07-31T12:49:20.267+0000] {model.py:2055} DEBUG - CmdStan args: ['/home/airflow/.local/lib/python3.11/site-packages/prophet/stan_model/prophet_model.bin', 'random', 'seed=21198', 'data', 'file=/tmp/tmppk1327b_/qjhwgepw.json', 'init=/tmp/tmppk1327b_/nfu274ru.json', 'output', 'file=/tmp/tmppk1327b_/prophet_modelgp6agm0g/prophet_model-20250731124920.csv', 'method=optimize', 'algorithm=lbfgs', 'iter=10000']
[2025-07-31T12:49:20.267+0000] {logging_mixin.py:188} WARNING - 12:49:20 - cmdstanpy - INFO - Chain [1] start processing
[2025-07-31T12:49:20.267+0000] {model.py:2058} INFO - Chain [1] start processing
[2025-07-31T12:49:20.302+0000] {logging_mixin.py:188} WARNING - 12:49:20 - cmdstanpy - INFO - Chain [1] done processing
[2025-07-31T12:49:20.302+0000] {model.py:2115} INFO - Chain [1] done processing
[2025-07-31T12:49:20.307+0000] {logging_mixin.py:188} INFO - Erreur pour {'changepoint_prior_scale': 0.05, 'seasonality_prior_scale': 10.0, 'seasonality_mode': 'additive'}: Less data than horizon after initial window. Make horizon or initial shorter.
[2025-07-31T12:49:20.307+0000] {logging_mixin.py:188} INFO - Test 12/18: {'changepoint_prior_scale': 0.05, 'seasonality_prior_scale': 10.0, 'seasonality_mode': 'multiplicative'}
[2025-07-31T12:49:20.326+0000] {filesystem.py:118} DEBUG - input tempfile: /tmp/tmppk1327b_/y51wkawm.json
[2025-07-31T12:49:20.386+0000] {filesystem.py:118} DEBUG - input tempfile: /tmp/tmppk1327b_/x_kdn64y.json
[2025-07-31T12:49:20.388+0000] {model.py:2042} DEBUG - idx 0
[2025-07-31T12:49:20.388+0000] {model.py:2043} DEBUG - running CmdStan, num_threads: None
[2025-07-31T12:49:20.389+0000] {model.py:2055} DEBUG - CmdStan args: ['/home/airflow/.local/lib/python3.11/site-packages/prophet/stan_model/prophet_model.bin', 'random', 'seed=91482', 'data', 'file=/tmp/tmppk1327b_/y51wkawm.json', 'init=/tmp/tmppk1327b_/x_kdn64y.json', 'output', 'file=/tmp/tmppk1327b_/prophet_modeld6ffqebq/prophet_model-20250731124920.csv', 'method=optimize', 'algorithm=lbfgs', 'iter=10000']
[2025-07-31T12:49:20.390+0000] {logging_mixin.py:188} WARNING - 12:49:20 - cmdstanpy - INFO - Chain [1] start processing
[2025-07-31T12:49:20.390+0000] {model.py:2058} INFO - Chain [1] start processing
[2025-07-31T12:49:20.463+0000] {logging_mixin.py:188} WARNING - 12:49:20 - cmdstanpy - INFO - Chain [1] done processing
[2025-07-31T12:49:20.463+0000] {model.py:2115} INFO - Chain [1] done processing
[2025-07-31T12:49:20.467+0000] {logging_mixin.py:188} INFO - Erreur pour {'changepoint_prior_scale': 0.05, 'seasonality_prior_scale': 10.0, 'seasonality_mode': 'multiplicative'}: Less data than horizon after initial window. Make horizon or initial shorter.
[2025-07-31T12:49:20.468+0000] {logging_mixin.py:188} INFO - Test 13/18: {'changepoint_prior_scale': 0.1, 'seasonality_prior_scale': 1.0, 'seasonality_mode': 'additive'}
[2025-07-31T12:49:20.485+0000] {filesystem.py:118} DEBUG - input tempfile: /tmp/tmppk1327b_/s9q_2dgf.json
[2025-07-31T12:49:20.546+0000] {filesystem.py:118} DEBUG - input tempfile: /tmp/tmppk1327b_/pj6_py14.json
[2025-07-31T12:49:20.547+0000] {model.py:2042} DEBUG - idx 0
[2025-07-31T12:49:20.548+0000] {model.py:2043} DEBUG - running CmdStan, num_threads: None
[2025-07-31T12:49:20.548+0000] {model.py:2055} DEBUG - CmdStan args: ['/home/airflow/.local/lib/python3.11/site-packages/prophet/stan_model/prophet_model.bin', 'random', 'seed=15765', 'data', 'file=/tmp/tmppk1327b_/s9q_2dgf.json', 'init=/tmp/tmppk1327b_/pj6_py14.json', 'output', 'file=/tmp/tmppk1327b_/prophet_modelrx3dpjmq/prophet_model-20250731124920.csv', 'method=optimize', 'algorithm=lbfgs', 'iter=10000']
[2025-07-31T12:49:20.549+0000] {logging_mixin.py:188} WARNING - 12:49:20 - cmdstanpy - INFO - Chain [1] start processing
[2025-07-31T12:49:20.549+0000] {model.py:2058} INFO - Chain [1] start processing
[2025-07-31T12:49:20.600+0000] {logging_mixin.py:188} WARNING - 12:49:20 - cmdstanpy - INFO - Chain [1] done processing
[2025-07-31T12:49:20.600+0000] {model.py:2115} INFO - Chain [1] done processing
[2025-07-31T12:49:20.604+0000] {logging_mixin.py:188} INFO - Erreur pour {'changepoint_prior_scale': 0.1, 'seasonality_prior_scale': 1.0, 'seasonality_mode': 'additive'}: Less data than horizon after initial window. Make horizon or initial shorter.
[2025-07-31T12:49:20.605+0000] {logging_mixin.py:188} INFO - Test 14/18: {'changepoint_prior_scale': 0.1, 'seasonality_prior_scale': 1.0, 'seasonality_mode': 'multiplicative'}
[2025-07-31T12:49:20.623+0000] {filesystem.py:118} DEBUG - input tempfile: /tmp/tmppk1327b_/1udfo_27.json
[2025-07-31T12:49:20.682+0000] {filesystem.py:118} DEBUG - input tempfile: /tmp/tmppk1327b_/5hlbeu4j.json
[2025-07-31T12:49:20.684+0000] {model.py:2042} DEBUG - idx 0
[2025-07-31T12:49:20.684+0000] {model.py:2043} DEBUG - running CmdStan, num_threads: None
[2025-07-31T12:49:20.685+0000] {model.py:2055} DEBUG - CmdStan args: ['/home/airflow/.local/lib/python3.11/site-packages/prophet/stan_model/prophet_model.bin', 'random', 'seed=90810', 'data', 'file=/tmp/tmppk1327b_/1udfo_27.json', 'init=/tmp/tmppk1327b_/5hlbeu4j.json', 'output', 'file=/tmp/tmppk1327b_/prophet_modelspsg9ffe/prophet_model-20250731124920.csv', 'method=optimize', 'algorithm=lbfgs', 'iter=10000']
[2025-07-31T12:49:20.686+0000] {logging_mixin.py:188} WARNING - 12:49:20 - cmdstanpy - INFO - Chain [1] start processing
[2025-07-31T12:49:20.685+0000] {model.py:2058} INFO - Chain [1] start processing
[2025-07-31T12:49:20.772+0000] {logging_mixin.py:188} WARNING - 12:49:20 - cmdstanpy - INFO - Chain [1] done processing
[2025-07-31T12:49:20.772+0000] {model.py:2115} INFO - Chain [1] done processing
[2025-07-31T12:49:20.777+0000] {logging_mixin.py:188} INFO - Erreur pour {'changepoint_prior_scale': 0.1, 'seasonality_prior_scale': 1.0, 'seasonality_mode': 'multiplicative'}: Less data than horizon after initial window. Make horizon or initial shorter.
[2025-07-31T12:49:20.777+0000] {logging_mixin.py:188} INFO - Test 15/18: {'changepoint_prior_scale': 0.1, 'seasonality_prior_scale': 5.0, 'seasonality_mode': 'additive'}
[2025-07-31T12:49:20.796+0000] {filesystem.py:118} DEBUG - input tempfile: /tmp/tmppk1327b_/p6hiq84s.json
[2025-07-31T12:49:20.859+0000] {filesystem.py:118} DEBUG - input tempfile: /tmp/tmppk1327b_/441f7ni9.json
[2025-07-31T12:49:20.862+0000] {model.py:2042} DEBUG - idx 0
[2025-07-31T12:49:20.862+0000] {model.py:2043} DEBUG - running CmdStan, num_threads: None
[2025-07-31T12:49:20.863+0000] {model.py:2055} DEBUG - CmdStan args: ['/home/airflow/.local/lib/python3.11/site-packages/prophet/stan_model/prophet_model.bin', 'random', 'seed=45896', 'data', 'file=/tmp/tmppk1327b_/p6hiq84s.json', 'init=/tmp/tmppk1327b_/441f7ni9.json', 'output', 'file=/tmp/tmppk1327b_/prophet_model3hpq_g52/prophet_model-20250731124920.csv', 'method=optimize', 'algorithm=lbfgs', 'iter=10000']
[2025-07-31T12:49:20.864+0000] {logging_mixin.py:188} WARNING - 12:49:20 - cmdstanpy - INFO - Chain [1] start processing
[2025-07-31T12:49:20.864+0000] {model.py:2058} INFO - Chain [1] start processing
[2025-07-31T12:49:20.903+0000] {logging_mixin.py:188} WARNING - 12:49:20 - cmdstanpy - INFO - Chain [1] done processing
[2025-07-31T12:49:20.903+0000] {model.py:2115} INFO - Chain [1] done processing
[2025-07-31T12:49:20.909+0000] {logging_mixin.py:188} INFO - Erreur pour {'changepoint_prior_scale': 0.1, 'seasonality_prior_scale': 5.0, 'seasonality_mode': 'additive'}: Less data than horizon after initial window. Make horizon or initial shorter.
[2025-07-31T12:49:20.909+0000] {logging_mixin.py:188} INFO - Test 16/18: {'changepoint_prior_scale': 0.1, 'seasonality_prior_scale': 5.0, 'seasonality_mode': 'multiplicative'}
[2025-07-31T12:49:20.927+0000] {filesystem.py:118} DEBUG - input tempfile: /tmp/tmppk1327b_/1qhg6oah.json
[2025-07-31T12:49:20.991+0000] {filesystem.py:118} DEBUG - input tempfile: /tmp/tmppk1327b_/s1tunrcp.json
[2025-07-31T12:49:20.992+0000] {model.py:2042} DEBUG - idx 0
[2025-07-31T12:49:20.993+0000] {model.py:2043} DEBUG - running CmdStan, num_threads: None
[2025-07-31T12:49:20.993+0000] {model.py:2055} DEBUG - CmdStan args: ['/home/airflow/.local/lib/python3.11/site-packages/prophet/stan_model/prophet_model.bin', 'random', 'seed=35719', 'data', 'file=/tmp/tmppk1327b_/1qhg6oah.json', 'init=/tmp/tmppk1327b_/s1tunrcp.json', 'output', 'file=/tmp/tmppk1327b_/prophet_modeluu9hqai2/prophet_model-20250731124920.csv', 'method=optimize', 'algorithm=lbfgs', 'iter=10000']
[2025-07-31T12:49:20.994+0000] {logging_mixin.py:188} WARNING - 12:49:20 - cmdstanpy - INFO - Chain [1] start processing
[2025-07-31T12:49:20.994+0000] {model.py:2058} INFO - Chain [1] start processing
[2025-07-31T12:49:21.120+0000] {logging_mixin.py:188} WARNING - 12:49:21 - cmdstanpy - INFO - Chain [1] done processing
[2025-07-31T12:49:21.120+0000] {model.py:2115} INFO - Chain [1] done processing
[2025-07-31T12:49:21.124+0000] {logging_mixin.py:188} INFO - Erreur pour {'changepoint_prior_scale': 0.1, 'seasonality_prior_scale': 5.0, 'seasonality_mode': 'multiplicative'}: Less data than horizon after initial window. Make horizon or initial shorter.
[2025-07-31T12:49:21.125+0000] {logging_mixin.py:188} INFO - Test 17/18: {'changepoint_prior_scale': 0.1, 'seasonality_prior_scale': 10.0, 'seasonality_mode': 'additive'}
[2025-07-31T12:49:21.141+0000] {filesystem.py:118} DEBUG - input tempfile: /tmp/tmppk1327b_/t2h_v26w.json
[2025-07-31T12:49:21.200+0000] {filesystem.py:118} DEBUG - input tempfile: /tmp/tmppk1327b_/785bgxcu.json
[2025-07-31T12:49:21.202+0000] {model.py:2042} DEBUG - idx 0
[2025-07-31T12:49:21.202+0000] {model.py:2043} DEBUG - running CmdStan, num_threads: None
[2025-07-31T12:49:21.203+0000] {model.py:2055} DEBUG - CmdStan args: ['/home/airflow/.local/lib/python3.11/site-packages/prophet/stan_model/prophet_model.bin', 'random', 'seed=43838', 'data', 'file=/tmp/tmppk1327b_/t2h_v26w.json', 'init=/tmp/tmppk1327b_/785bgxcu.json', 'output', 'file=/tmp/tmppk1327b_/prophet_modelyq_92cdy/prophet_model-20250731124921.csv', 'method=optimize', 'algorithm=lbfgs', 'iter=10000']
[2025-07-31T12:49:21.203+0000] {logging_mixin.py:188} WARNING - 12:49:21 - cmdstanpy - INFO - Chain [1] start processing
[2025-07-31T12:49:21.203+0000] {model.py:2058} INFO - Chain [1] start processing
[2025-07-31T12:49:21.239+0000] {logging_mixin.py:188} WARNING - 12:49:21 - cmdstanpy - INFO - Chain [1] done processing
[2025-07-31T12:49:21.239+0000] {model.py:2115} INFO - Chain [1] done processing
[2025-07-31T12:49:21.243+0000] {logging_mixin.py:188} INFO - Erreur pour {'changepoint_prior_scale': 0.1, 'seasonality_prior_scale': 10.0, 'seasonality_mode': 'additive'}: Less data than horizon after initial window. Make horizon or initial shorter.
[2025-07-31T12:49:21.244+0000] {logging_mixin.py:188} INFO - Test 18/18: {'changepoint_prior_scale': 0.1, 'seasonality_prior_scale': 10.0, 'seasonality_mode': 'multiplicative'}
[2025-07-31T12:49:21.260+0000] {filesystem.py:118} DEBUG - input tempfile: /tmp/tmppk1327b_/zij685bl.json
[2025-07-31T12:49:21.319+0000] {filesystem.py:118} DEBUG - input tempfile: /tmp/tmppk1327b_/uoog5u9a.json
[2025-07-31T12:49:21.321+0000] {model.py:2042} DEBUG - idx 0
[2025-07-31T12:49:21.322+0000] {model.py:2043} DEBUG - running CmdStan, num_threads: None
[2025-07-31T12:49:21.322+0000] {model.py:2055} DEBUG - CmdStan args: ['/home/airflow/.local/lib/python3.11/site-packages/prophet/stan_model/prophet_model.bin', 'random', 'seed=9504', 'data', 'file=/tmp/tmppk1327b_/zij685bl.json', 'init=/tmp/tmppk1327b_/uoog5u9a.json', 'output', 'file=/tmp/tmppk1327b_/prophet_modelft6sjwro/prophet_model-20250731124921.csv', 'method=optimize', 'algorithm=lbfgs', 'iter=10000']
[2025-07-31T12:49:21.323+0000] {logging_mixin.py:188} WARNING - 12:49:21 - cmdstanpy - INFO - Chain [1] start processing
[2025-07-31T12:49:21.323+0000] {model.py:2058} INFO - Chain [1] start processing
[2025-07-31T12:49:21.450+0000] {logging_mixin.py:188} WARNING - 12:49:21 - cmdstanpy - INFO - Chain [1] done processing
[2025-07-31T12:49:21.449+0000] {model.py:2115} INFO - Chain [1] done processing
[2025-07-31T12:49:21.454+0000] {logging_mixin.py:188} INFO - Erreur pour {'changepoint_prior_scale': 0.1, 'seasonality_prior_scale': 10.0, 'seasonality_mode': 'multiplicative'}: Less data than horizon after initial window. Make horizon or initial shorter.
[2025-07-31T12:49:21.454+0000] {taskinstance.py:441} INFO - ::group::Post task execution logs
[2025-07-31T12:49:21.455+0000] {taskinstance.py:2905} ERROR - Task failed with exception
Traceback (most recent call last):
  File "/home/airflow/.local/lib/python3.11/site-packages/airflow/models/taskinstance.py", line 465, in _execute_task
    result = _execute_callable(context=context, **execute_callable_kwargs)
             ^^^^^^^^^^^^^^^^^^^^^^^^^^^^^^^^^^^^^^^^^^^^^^^^^^^^^^^^^^^^^
  File "/home/airflow/.local/lib/python3.11/site-packages/airflow/models/taskinstance.py", line 432, in _execute_callable
    return execute_callable(context=context, **execute_callable_kwargs)
           ^^^^^^^^^^^^^^^^^^^^^^^^^^^^^^^^^^^^^^^^^^^^^^^^^^^^^^^^^^^^
  File "/home/airflow/.local/lib/python3.11/site-packages/airflow/models/baseoperator.py", line 401, in wrapper
    return func(self, *args, **kwargs)
           ^^^^^^^^^^^^^^^^^^^^^^^^^^^
  File "/home/airflow/.local/lib/python3.11/site-packages/airflow/operators/python.py", line 235, in execute
    return_value = self.execute_callable()
                   ^^^^^^^^^^^^^^^^^^^^^^^
  File "/home/airflow/.local/lib/python3.11/site-packages/airflow/operators/python.py", line 252, in execute_callable
    return self.python_callable(*self.op_args, **self.op_kwargs)
           ^^^^^^^^^^^^^^^^^^^^^^^^^^^^^^^^^^^^^^^^^^^^^^^^^^^^^
  File "/opt/airflow/dags/scripts/train_prophet.py", line 92, in train_prophet
    best_model_temp, scores_temp = optimize_prophet_model(temp_df)
                                   ^^^^^^^^^^^^^^^^^^^^^^^^^^^^^^^
  File "/opt/airflow/dags/scripts/train_prophet.py", line 44, in optimize_prophet_model
    best = min(results, key=lambda x: x[1])
           ^^^^^^^^^^^^^^^^^^^^^^^^^^^^^^^^
ValueError: min() arg is an empty sequence
[2025-07-31T12:49:21.484+0000] {taskinstance.py:1206} INFO - Marking task as FAILED. dag_id=solar_ai_pipeline_2, task_id=train_prophet, run_id=scheduled__2023-07-23T00:00:00+00:00, execution_date=20230723T000000, start_date=20250731T124916, end_date=20250731T124921
[2025-07-31T12:49:21.549+0000] {standard_task_runner.py:110} ERROR - Failed to execute job 2960 for task train_prophet (min() arg is an empty sequence; 9859)
[2025-07-31T12:49:21.601+0000] {local_task_job_runner.py:240} INFO - Task exited with return code 1
[2025-07-31T12:49:21.639+0000] {taskinstance.py:3503} INFO - 0 downstream tasks scheduled from follow-on schedule check
[2025-07-31T12:49:21.675+0000] {local_task_job_runner.py:222} INFO - ::endgroup::
