[2025-07-31T15:58:59.539+0000] {local_task_job_runner.py:120} INFO - ::group::Pre task execution logs
[2025-07-31T15:58:59.724+0000] {taskinstance.py:2076} INFO - Dependencies all met for dep_context=non-requeueable deps ti=<TaskInstance: solar_ai_pipeline_2.decide backfill__2024-01-05T00:00:00+00:00 [queued]>
[2025-07-31T15:58:59.797+0000] {taskinstance.py:2076} INFO - Dependencies all met for dep_context=requeueable deps ti=<TaskInstance: solar_ai_pipeline_2.decide backfill__2024-01-05T00:00:00+00:00 [queued]>
[2025-07-31T15:58:59.802+0000] {taskinstance.py:2306} INFO - Starting attempt 1 of 2
[2025-07-31T15:59:00.041+0000] {taskinstance.py:2330} INFO - Executing <Task(PythonOperator): decide> on 2024-01-05 00:00:00+00:00
[2025-07-31T15:59:00.049+0000] {standard_task_runner.py:63} INFO - Started process 89083 to run task
[2025-07-31T15:59:00.055+0000] {standard_task_runner.py:90} INFO - Running: ['airflow', 'tasks', 'run', 'solar_ai_pipeline_2', 'decide', 'backfill__2024-01-05T00:00:00+00:00', '--job-id', '3413', '--pool', 'default_pool', '--raw', '--subdir', 'DAGS_FOLDER/prophet_pipeline.py', '--cfg-path', '/tmp/tmpit7ge5r_']
[2025-07-31T15:59:00.060+0000] {standard_task_runner.py:91} INFO - Job 3413: Subtask decide
[2025-07-31T15:59:00.359+0000] {task_command.py:426} INFO - Running <TaskInstance: solar_ai_pipeline_2.decide backfill__2024-01-05T00:00:00+00:00 [running]> on host a2a0dd314bdc
[2025-07-31T15:59:00.707+0000] {taskinstance.py:2648} INFO - Exporting env vars: AIRFLOW_CTX_DAG_OWNER='ensam' AIRFLOW_CTX_DAG_ID='solar_ai_pipeline_2' AIRFLOW_CTX_TASK_ID='decide' AIRFLOW_CTX_EXECUTION_DATE='2024-01-05T00:00:00+00:00' AIRFLOW_CTX_TRY_NUMBER='1' AIRFLOW_CTX_DAG_RUN_ID='backfill__2024-01-05T00:00:00+00:00'
[2025-07-31T15:59:00.710+0000] {taskinstance.py:430} INFO - ::endgroup::
[2025-07-31T15:59:01.570+0000] {logging_mixin.py:188} INFO - [INFO] Starting decision-making process...
[2025-07-31T15:59:01.600+0000] {logging_mixin.py:188} INFO - 📥 [INFO] Loading data...
[2025-07-31T15:59:01.676+0000] {logging_mixin.py:188} INFO - [INFO] 2024-01-04 23:00:00 → Ne pas chauffer (solaire ou inutilisé) | Temp: 0.08°C, Débit: 0.4281 m³/s, Irrad: 0.00 W/m²
[2025-07-31T15:59:01.677+0000] {logging_mixin.py:188} INFO - [INFO] 2024-01-05 00:00:00 → Ne pas chauffer (solaire ou inutilisé) | Temp: 0.08°C, Débit: 0.3359 m³/s, Irrad: 0.00 W/m²
[2025-07-31T15:59:01.678+0000] {logging_mixin.py:188} INFO - [INFO] 2024-01-05 01:00:00 → Ne pas chauffer (solaire ou inutilisé) | Temp: 0.11°C, Débit: 0.2148 m³/s, Irrad: 0.00 W/m²
[2025-07-31T15:59:01.679+0000] {logging_mixin.py:188} INFO - [INFO] 2024-01-05 02:00:00 → Ne pas chauffer (solaire ou inutilisé) | Temp: 0.15°C, Débit: 0.0827 m³/s, Irrad: 0.00 W/m²
[2025-07-31T15:59:01.680+0000] {logging_mixin.py:188} INFO - [INFO] 2024-01-05 03:00:00 → Ne pas chauffer (solaire ou inutilisé) | Temp: 0.17°C, Débit: -0.0114 m³/s, Irrad: 0.00 W/m²
[2025-07-31T15:59:01.681+0000] {logging_mixin.py:188} INFO - [INFO] 2024-01-05 04:00:00 → Ne pas chauffer (solaire ou inutilisé) | Temp: 0.16°C, Débit: -0.0250 m³/s, Irrad: 0.00 W/m²
[2025-07-31T15:59:01.682+0000] {logging_mixin.py:188} INFO - [INFO] 2024-01-05 05:00:00 → Ne pas chauffer (solaire ou inutilisé) | Temp: 0.14°C, Débit: 0.0390 m³/s, Irrad: 0.00 W/m²
[2025-07-31T15:59:01.684+0000] {logging_mixin.py:188} INFO - [INFO] 2024-01-05 06:00:00 → Ne pas chauffer (solaire ou inutilisé) | Temp: 0.18°C, Débit: 0.1272 m³/s, Irrad: 0.00 W/m²
[2025-07-31T15:59:01.685+0000] {logging_mixin.py:188} INFO - [INFO] 2024-01-05 07:00:00 → Ne pas chauffer (solaire ou inutilisé) | Temp: 0.32°C, Débit: 0.1762 m³/s, Irrad: 0.14 W/m²
[2025-07-31T15:59:01.686+0000] {logging_mixin.py:188} INFO - [INFO] 2024-01-05 08:00:00 → Ne pas chauffer (solaire ou inutilisé) | Temp: 0.57°C, Débit: 0.1634 m³/s, Irrad: 0.43 W/m²
[2025-07-31T15:59:01.687+0000] {logging_mixin.py:188} INFO - [INFO] 2024-01-05 09:00:00 → Ne pas chauffer (solaire ou inutilisé) | Temp: 0.88°C, Débit: 0.1246 m³/s, Irrad: 0.65 W/m²
[2025-07-31T15:59:01.688+0000] {logging_mixin.py:188} INFO - [INFO] 2024-01-05 10:00:00 → Ne pas chauffer (solaire ou inutilisé) | Temp: 1.16°C, Débit: 0.1218 m³/s, Irrad: 0.77 W/m²
[2025-07-31T15:59:01.690+0000] {logging_mixin.py:188} INFO - [INFO] 2024-01-05 11:00:00 → Ne pas chauffer (solaire ou inutilisé) | Temp: 1.35°C, Débit: 0.1913 m³/s, Irrad: 1.00 W/m²
[2025-07-31T15:59:01.691+0000] {logging_mixin.py:188} INFO - [INFO] 2024-01-05 12:00:00 → Ne pas chauffer (solaire ou inutilisé) | Temp: 1.42°C, Débit: 0.3169 m³/s, Irrad: 0.88 W/m²
[2025-07-31T15:59:01.692+0000] {logging_mixin.py:188} INFO - [INFO] 2024-01-05 13:00:00 → Ne pas chauffer (solaire ou inutilisé) | Temp: 1.36°C, Débit: 0.4488 m³/s, Irrad: 0.76 W/m²
[2025-07-31T15:59:01.694+0000] {logging_mixin.py:188} INFO - [INFO] 2024-01-05 14:00:00 → Ne pas chauffer (solaire ou inutilisé) | Temp: 1.18°C, Débit: 0.5472 m³/s, Irrad: 0.51 W/m²
[2025-07-31T15:59:01.695+0000] {logging_mixin.py:188} INFO - [INFO] 2024-01-05 15:00:00 → Ne pas chauffer (solaire ou inutilisé) | Temp: 0.91°C, Débit: 0.6087 m³/s, Irrad: 0.25 W/m²
[2025-07-31T15:59:01.696+0000] {logging_mixin.py:188} INFO - [INFO] 2024-01-05 16:00:00 → Ne pas chauffer (solaire ou inutilisé) | Temp: 0.59°C, Débit: 0.6547 m³/s, Irrad: 0.02 W/m²
[2025-07-31T15:59:01.697+0000] {logging_mixin.py:188} INFO - [INFO] 2024-01-05 17:00:00 → Ne pas chauffer (solaire ou inutilisé) | Temp: 0.31°C, Débit: 0.6990 m³/s, Irrad: 0.00 W/m²
[2025-07-31T15:59:01.698+0000] {logging_mixin.py:188} INFO - [INFO] 2024-01-05 18:00:00 → Ne pas chauffer (solaire ou inutilisé) | Temp: 0.12°C, Débit: 0.7303 m³/s, Irrad: 0.00 W/m²
[2025-07-31T15:59:01.699+0000] {logging_mixin.py:188} INFO - [INFO] 2024-01-05 19:00:00 → Ne pas chauffer (solaire ou inutilisé) | Temp: 0.05°C, Débit: 0.7254 m³/s, Irrad: 0.00 W/m²
[2025-07-31T15:59:01.700+0000] {logging_mixin.py:188} INFO - [INFO] 2024-01-05 20:00:00 → Ne pas chauffer (solaire ou inutilisé) | Temp: 0.06°C, Débit: 0.6766 m³/s, Irrad: 0.00 W/m²
[2025-07-31T15:59:01.702+0000] {logging_mixin.py:188} INFO - [INFO] 2024-01-05 21:00:00 → Ne pas chauffer (solaire ou inutilisé) | Temp: 0.09°C, Débit: 0.6009 m³/s, Irrad: 0.00 W/m²
[2025-07-31T15:59:01.703+0000] {logging_mixin.py:188} INFO - [INFO] 2024-01-05 22:00:00 → Ne pas chauffer (solaire ou inutilisé) | Temp: 0.10°C, Débit: 0.5224 m³/s, Irrad: 0.00 W/m²
[2025-07-31T15:59:01.728+0000] {logging_mixin.py:188} INFO - [INFO] All hourly decisions saved to /opt/airflow/dags/logs/decision_2024-01-05.csv
[2025-07-31T15:59:01.841+0000] {python.py:237} INFO - Done. Returned value was: [{'datetime': '2024-01-04 23:00:00', 'temp': 0.08, 'flow': 0.4281, 'irradiance': 0.0, 'action': 0, 'text': 'Ne pas chauffer (solaire ou inutilisé)'}, {'datetime': '2024-01-05 00:00:00', 'temp': 0.08, 'flow': 0.3359, 'irradiance': 0.0, 'action': 0, 'text': 'Ne pas chauffer (solaire ou inutilisé)'}, {'datetime': '2024-01-05 01:00:00', 'temp': 0.11, 'flow': 0.2148, 'irradiance': 0.0, 'action': 0, 'text': 'Ne pas chauffer (solaire ou inutilisé)'}, {'datetime': '2024-01-05 02:00:00', 'temp': 0.15, 'flow': 0.0827, 'irradiance': 0.0, 'action': 0, 'text': 'Ne pas chauffer (solaire ou inutilisé)'}, {'datetime': '2024-01-05 03:00:00', 'temp': 0.17, 'flow': -0.0114, 'irradiance': 0.0, 'action': 0, 'text': 'Ne pas chauffer (solaire ou inutilisé)'}, {'datetime': '2024-01-05 04:00:00', 'temp': 0.16, 'flow': -0.025, 'irradiance': 0.0, 'action': 0, 'text': 'Ne pas chauffer (solaire ou inutilisé)'}, {'datetime': '2024-01-05 05:00:00', 'temp': 0.14, 'flow': 0.039, 'irradiance': 0.0, 'action': 0, 'text': 'Ne pas chauffer (solaire ou inutilisé)'}, {'datetime': '2024-01-05 06:00:00', 'temp': 0.18, 'flow': 0.1272, 'irradiance': 0.0, 'action': 0, 'text': 'Ne pas chauffer (solaire ou inutilisé)'}, {'datetime': '2024-01-05 07:00:00', 'temp': 0.32, 'flow': 0.1762, 'irradiance': 0.14, 'action': 0, 'text': 'Ne pas chauffer (solaire ou inutilisé)'}, {'datetime': '2024-01-05 08:00:00', 'temp': 0.57, 'flow': 0.1634, 'irradiance': 0.43, 'action': 0, 'text': 'Ne pas chauffer (solaire ou inutilisé)'}, {'datetime': '2024-01-05 09:00:00', 'temp': 0.88, 'flow': 0.1246, 'irradiance': 0.65, 'action': 0, 'text': 'Ne pas chauffer (solaire ou inutilisé)'}, {'datetime': '2024-01-05 10:00:00', 'temp': 1.16, 'flow': 0.1218, 'irradiance': 0.77, 'action': 0, 'text': 'Ne pas chauffer (solaire ou inutilisé)'}, {'datetime': '2024-01-05 11:00:00', 'temp': 1.35, 'flow': 0.1913, 'irradiance': 1.0, 'action': 0, 'text': 'Ne pas chauffer (solaire ou inutilisé)'}, {'datetime': '2024-01-05 12:00:00', 'temp': 1.42, 'flow': 0.3169, 'irradiance': 0.88, 'action': 0, 'text': 'Ne pas chauffer (solaire ou inutilisé)'}, {'datetime': '2024-01-05 13:00:00', 'temp': 1.36, 'flow': 0.4488, 'irradiance': 0.76, 'action': 0, 'text': 'Ne pas chauffer (solaire ou inutilisé)'}, {'datetime': '2024-01-05 14:00:00', 'temp': 1.18, 'flow': 0.5472, 'irradiance': 0.51, 'action': 0, 'text': 'Ne pas chauffer (solaire ou inutilisé)'}, {'datetime': '2024-01-05 15:00:00', 'temp': 0.91, 'flow': 0.6087, 'irradiance': 0.25, 'action': 0, 'text': 'Ne pas chauffer (solaire ou inutilisé)'}, {'datetime': '2024-01-05 16:00:00', 'temp': 0.59, 'flow': 0.6547, 'irradiance': 0.02, 'action': 0, 'text': 'Ne pas chauffer (solaire ou inutilisé)'}, {'datetime': '2024-01-05 17:00:00', 'temp': 0.31, 'flow': 0.699, 'irradiance': 0.0, 'action': 0, 'text': 'Ne pas chauffer (solaire ou inutilisé)'}, {'datetime': '2024-01-05 18:00:00', 'temp': 0.12, 'flow': 0.7303, 'irradiance': 0.0, 'action': 0, 'text': 'Ne pas chauffer (solaire ou inutilisé)'}, {'datetime': '2024-01-05 19:00:00', 'temp': 0.05, 'flow': 0.7254, 'irradiance': 0.0, 'action': 0, 'text': 'Ne pas chauffer (solaire ou inutilisé)'}, {'datetime': '2024-01-05 20:00:00', 'temp': 0.06, 'flow': 0.6766, 'irradiance': 0.0, 'action': 0, 'text': 'Ne pas chauffer (solaire ou inutilisé)'}, {'datetime': '2024-01-05 21:00:00', 'temp': 0.09, 'flow': 0.6009, 'irradiance': 0.0, 'action': 0, 'text': 'Ne pas chauffer (solaire ou inutilisé)'}, {'datetime': '2024-01-05 22:00:00', 'temp': 0.1, 'flow': 0.5224, 'irradiance': 0.0, 'action': 0, 'text': 'Ne pas chauffer (solaire ou inutilisé)'}]
[2025-07-31T15:59:01.842+0000] {taskinstance.py:441} INFO - ::group::Post task execution logs
[2025-07-31T15:59:01.961+0000] {taskinstance.py:1206} INFO - Marking task as SUCCESS. dag_id=solar_ai_pipeline_2, task_id=decide, run_id=backfill__2024-01-05T00:00:00+00:00, execution_date=20240105T000000, start_date=20250731T155859, end_date=20250731T155901
[2025-07-31T15:59:02.117+0000] {local_task_job_runner.py:240} INFO - Task exited with return code 0
[2025-07-31T15:59:02.163+0000] {taskinstance.py:3503} INFO - 0 downstream tasks scheduled from follow-on schedule check
[2025-07-31T15:59:02.167+0000] {local_task_job_runner.py:222} INFO - ::endgroup::
