[2025-07-31T15:55:45.452+0000] {local_task_job_runner.py:120} INFO - ::group::Pre task execution logs
[2025-07-31T15:55:45.576+0000] {taskinstance.py:2076} INFO - Dependencies all met for dep_context=non-requeueable deps ti=<TaskInstance: solar_ai_pipeline_2.train_rl scheduled__2024-01-16T00:00:00+00:00 [queued]>
[2025-07-31T15:55:45.626+0000] {taskinstance.py:2076} INFO - Dependencies all met for dep_context=requeueable deps ti=<TaskInstance: solar_ai_pipeline_2.train_rl scheduled__2024-01-16T00:00:00+00:00 [queued]>
[2025-07-31T15:55:45.632+0000] {taskinstance.py:2306} INFO - Starting attempt 2 of 2
[2025-07-31T15:55:45.706+0000] {taskinstance.py:2330} INFO - Executing <Task(PythonOperator): train_rl> on 2024-01-16 00:00:00+00:00
[2025-07-31T15:55:45.714+0000] {standard_task_runner.py:63} INFO - Started process 88793 to run task
[2025-07-31T15:55:45.718+0000] {standard_task_runner.py:90} INFO - Running: ['airflow', 'tasks', 'run', 'solar_ai_pipeline_2', 'train_rl', 'scheduled__2024-01-16T00:00:00+00:00', '--job-id', '3407', '--raw', '--subdir', 'DAGS_FOLDER/prophet_pipeline.py', '--cfg-path', '/tmp/tmpbd471f_9']
[2025-07-31T15:55:45.721+0000] {standard_task_runner.py:91} INFO - Job 3407: Subtask train_rl
[2025-07-31T15:55:45.883+0000] {task_command.py:426} INFO - Running <TaskInstance: solar_ai_pipeline_2.train_rl scheduled__2024-01-16T00:00:00+00:00 [running]> on host a2a0dd314bdc
[2025-07-31T15:55:46.361+0000] {taskinstance.py:2648} INFO - Exporting env vars: AIRFLOW_CTX_DAG_OWNER='ensam' AIRFLOW_CTX_DAG_ID='solar_ai_pipeline_2' AIRFLOW_CTX_TASK_ID='train_rl' AIRFLOW_CTX_EXECUTION_DATE='2024-01-16T00:00:00+00:00' AIRFLOW_CTX_TRY_NUMBER='2' AIRFLOW_CTX_DAG_RUN_ID='scheduled__2024-01-16T00:00:00+00:00'
[2025-07-31T15:55:46.363+0000] {taskinstance.py:430} INFO - ::endgroup::
[2025-07-31T15:55:47.233+0000] {logging_mixin.py:188} INFO - [INFO] Starting Q-learning process...
[2025-07-31T15:55:47.362+0000] {logging_mixin.py:188} INFO - [INFO] Loading data files...
[2025-07-31T15:55:48.752+0000] {logging_mixin.py:188} INFO - [INFO] Merged dataset contains 360 rows
[2025-07-31T15:55:48.763+0000] {logging_mixin.py:188} INFO - [INFO] Loaded existing Q-table
[2025-07-31T15:55:48.781+0000] {logging_mixin.py:188} INFO - [INFO] Starting Q-learning training...
[2025-07-31T15:55:48.878+0000] {logging_mixin.py:188} INFO - [DEBUG] Reward counters snapshot: {'low_temp_low_solar': 101, 'high_temp_high_solar': 0, 'high_flow_low_temp': 0, 'other': 30}
[2025-07-31T15:55:48.879+0000] {logging_mixin.py:188} INFO - [DEBUG] Epoch 0: Total reward = -110.30, Epsilon = 0.9950
[2025-07-31T15:55:54.469+0000] {logging_mixin.py:188} INFO - [DEBUG] Epoch 50: Total reward = -36.70, Epsilon = 0.7744
[2025-07-31T15:55:59.809+0000] {logging_mixin.py:188} INFO - [DEBUG] Epoch 100: Total reward = 54.80, Epsilon = 0.6027
[2025-07-31T15:56:05.391+0000] {logging_mixin.py:188} INFO - [DEBUG] Epoch 150: Total reward = 105.70, Epsilon = 0.4691
[2025-07-31T15:56:10.691+0000] {logging_mixin.py:188} INFO - [DEBUG] Reward counters snapshot: {'low_temp_low_solar': 20301, 'high_temp_high_solar': 0, 'high_flow_low_temp': 0, 'other': 6030}
[2025-07-31T15:56:10.692+0000] {logging_mixin.py:188} INFO - [DEBUG] Epoch 200: Total reward = 144.00, Epsilon = 0.3651
[2025-07-31T15:56:16.937+0000] {logging_mixin.py:188} INFO - [DEBUG] Epoch 250: Total reward = 200.30, Epsilon = 0.2842
[2025-07-31T15:56:22.220+0000] {logging_mixin.py:188} INFO - [DEBUG] Epoch 300: Total reward = 189.00, Epsilon = 0.2212
[2025-07-31T15:56:27.636+0000] {logging_mixin.py:188} INFO - [DEBUG] Epoch 350: Total reward = 189.90, Epsilon = 0.1721
[2025-07-31T15:56:32.461+0000] {logging_mixin.py:188} INFO - [DEBUG] Reward counters snapshot: {'low_temp_low_solar': 40501, 'high_temp_high_solar': 0, 'high_flow_low_temp': 0, 'other': 12030}
[2025-07-31T15:56:32.462+0000] {logging_mixin.py:188} INFO - [DEBUG] Epoch 400: Total reward = 218.50, Epsilon = 0.1340
[2025-07-31T15:56:37.407+0000] {logging_mixin.py:188} INFO - [DEBUG] Epoch 450: Total reward = 229.30, Epsilon = 0.1043
[2025-07-31T15:56:43.741+0000] {logging_mixin.py:188} INFO - [DEBUG] Epoch 500: Total reward = 244.80, Epsilon = 0.1000
[2025-07-31T15:56:51.033+0000] {logging_mixin.py:188} INFO - [DEBUG] Epoch 550: Total reward = 243.10, Epsilon = 0.1000
[2025-07-31T15:56:56.155+0000] {logging_mixin.py:188} INFO - [DEBUG] Reward counters snapshot: {'low_temp_low_solar': 60701, 'high_temp_high_solar': 0, 'high_flow_low_temp': 0, 'other': 18030}
[2025-07-31T15:56:56.155+0000] {logging_mixin.py:188} INFO - [DEBUG] Epoch 600: Total reward = 241.30, Epsilon = 0.1000
[2025-07-31T15:57:01.081+0000] {logging_mixin.py:188} INFO - [DEBUG] Epoch 650: Total reward = 217.50, Epsilon = 0.1000
[2025-07-31T15:57:05.636+0000] {logging_mixin.py:188} INFO - [DEBUG] Epoch 700: Total reward = 251.60, Epsilon = 0.1000
[2025-07-31T15:57:10.763+0000] {logging_mixin.py:188} INFO - [DEBUG] Epoch 750: Total reward = 232.70, Epsilon = 0.1000
[2025-07-31T15:57:15.510+0000] {logging_mixin.py:188} INFO - [DEBUG] Reward counters snapshot: {'low_temp_low_solar': 80901, 'high_temp_high_solar': 0, 'high_flow_low_temp': 0, 'other': 24030}
[2025-07-31T15:57:15.511+0000] {logging_mixin.py:188} INFO - [DEBUG] Epoch 800: Total reward = 235.20, Epsilon = 0.1000
[2025-07-31T15:57:20.916+0000] {logging_mixin.py:188} INFO - [DEBUG] Epoch 850: Total reward = 229.80, Epsilon = 0.1000
[2025-07-31T15:57:26.043+0000] {logging_mixin.py:188} INFO - [DEBUG] Epoch 900: Total reward = 226.10, Epsilon = 0.1000
[2025-07-31T15:57:31.342+0000] {logging_mixin.py:188} INFO - [DEBUG] Epoch 950: Total reward = 206.90, Epsilon = 0.1000
[2025-07-31T15:57:36.101+0000] {logging_mixin.py:188} INFO - 
[DEBUG] Reward rule trigger counts during training:
[2025-07-31T15:57:36.102+0000] {logging_mixin.py:188} INFO -  - low_temp_low_solar: 101000 times
[2025-07-31T15:57:36.103+0000] {logging_mixin.py:188} INFO -  - high_temp_high_solar: 0 times
[2025-07-31T15:57:36.103+0000] {logging_mixin.py:188} INFO -  - high_flow_low_temp: 0 times
[2025-07-31T15:57:36.104+0000] {logging_mixin.py:188} INFO -  - other: 30000 times
[2025-07-31T15:57:36.112+0000] {logging_mixin.py:188} INFO - [INFO] Global Q-table saved (continuous learning)
[2025-07-31T15:57:36.113+0000] {logging_mixin.py:188} INFO - [INFO] Starting policy evaluation on last available day...
[2025-07-31T15:57:36.121+0000] {logging_mixin.py:188} INFO - 
[RESULT] Policy Evaluation on Last Day
[2025-07-31T15:57:36.126+0000] {logging_mixin.py:188} INFO -            datetime  yhat_temp  solar_irradiance  yhat_flow  action  reward
2024-01-14 23:00:00   0.077140          0.000000   0.458538       0     1.0
2024-01-15 00:00:00   0.076926          0.000000   0.373055       0     1.0
2024-01-15 01:00:00   0.093966          0.000000   0.250304       0     1.0
2024-01-15 02:00:00   0.118393          0.000000   0.110531       0     1.0
2024-01-15 03:00:00   0.129003          0.000000   0.011969       0     1.0
2024-01-15 04:00:00   0.117526          0.000000   0.004404       0     1.0
2024-01-15 05:00:00   0.104090          0.000000   0.081157       0     1.0
2024-01-15 06:00:00   0.127878          0.002360   0.177180       0     1.0
2024-01-15 07:00:00   0.219305          0.069345   0.219886       0     1.0
2024-01-15 08:00:00   0.376423          0.253120   0.189317       0     1.0
2024-01-15 09:00:00   0.563909          0.480467   0.133691       0     1.0
2024-01-15 10:00:00   0.733100          0.726049   0.126481       0     1.0
2024-01-15 11:00:00   0.845178          1.000000   0.204256       0     1.0
2024-01-15 12:00:00   0.881184          0.930614   0.340446       0     1.0
2024-01-15 13:00:00   0.838091          0.739310   0.474786       0     1.0
2024-01-15 14:00:00   0.722773          0.498688   0.566448       0     0.1
2024-01-15 15:00:00   0.553100          0.203473   0.620322       0     0.1
2024-01-15 16:00:00   0.362212          0.017480   0.666191       1     0.5
2024-01-15 17:00:00   0.194075          0.000000   0.717684       1     0.5
2024-01-15 18:00:00   0.085696          0.000000   0.754932       1     0.5
2024-01-15 19:00:00   0.046884          0.000000   0.746830       1     0.5
2024-01-15 20:00:00   0.055388          0.000000   0.686401       1     0.5
2024-01-15 21:00:00   0.074346          0.000000   0.599851       0     0.0
2024-01-15 22:00:00   0.079234          0.000000   0.519211       0     0.0
[2025-07-31T15:57:36.129+0000] {logging_mixin.py:188} INFO - 
[RESULT] Q-learning Q-table (Top non-zero rows):
[2025-07-31T15:57:36.132+0000] {logging_mixin.py:188} INFO -  state  Q_action_0  Q_action_1 best_action
     0    9.029875    6.024587  Q_action_0
     1    0.007320    0.005987  Q_action_0
     2    0.001560    0.001560  Q_action_0
     3    0.000581    0.008662  Q_action_1
     4    0.006011    0.007081  Q_action_1
     5    8.545048    5.761472  Q_action_0
     6    0.008324    0.002123  Q_action_0
     7    0.001818    0.001834  Q_action_1
     8    0.003042    0.005248  Q_action_1
     9    0.004319    0.002912  Q_action_0
    10    8.793937    5.773104  Q_action_0
    11    0.002921    0.003664  Q_action_1
    12    0.004561    0.007852  Q_action_1
    13    0.001997    0.005142  Q_action_1
    14    0.005924    0.000465  Q_action_0
    15    7.638822    7.248285  Q_action_0
    16    0.000651    0.009489  Q_action_1
    17    0.009656    0.008084  Q_action_0
    18    0.003046    0.000977  Q_action_0
    19    0.006842    0.004402  Q_action_0
[2025-07-31T15:57:36.132+0000] {logging_mixin.py:188} INFO - 
[DEBUG] Total states explored: 125 / 125
[2025-07-31T15:57:36.133+0000] {logging_mixin.py:188} INFO - [DEBUG] Best action counts:
[2025-07-31T15:57:36.134+0000] {logging_mixin.py:188} INFO - best_action
Q_action_0    83
Q_action_1    42
Name: count, dtype: int64
[2025-07-31T15:57:36.146+0000] {logging_mixin.py:188} INFO - [INFO] Q-table exported to /opt/airflow/dags/models/q_table_readable_2024-01-16.csv
[2025-07-31T15:57:36.147+0000] {logging_mixin.py:188} INFO - [DEBUG] Q-table stats:
[2025-07-31T15:57:36.148+0000] {logging_mixin.py:188} INFO - Mean Q-value for action 0: 2.0562
[2025-07-31T15:57:36.148+0000] {logging_mixin.py:188} INFO - Mean Q-value for action 1: 1.4493
[2025-07-31T15:57:36.186+0000] {logging_mixin.py:188} INFO - [DEBUG] Unique states in data: 34 / 125
[2025-07-31T15:57:36.223+0000] {logging_mixin.py:188} INFO - [DEBUG] Top 5 most frequent states: [(0, 60), (20, 59), (15, 33), (5, 31), (10, 24)]
[2025-07-31T15:57:36.232+0000] {logging_mixin.py:188} INFO -         yhat_temp  solar_irradiance   yhat_flow
count  360.000000        360.000000  360.000000
mean     0.302469          0.221595    0.377699
std      0.292771          0.339147    0.249014
min      0.016268          0.000000   -0.025550
25%      0.076282          0.000000    0.154021
50%      0.118450          0.000000    0.359667
75%      0.552105          0.430493    0.614271
max      0.888662          1.000000    0.781802
[2025-07-31T15:57:36.719+0000] {python.py:237} INFO - Done. Returned value was: None
[2025-07-31T15:57:36.720+0000] {taskinstance.py:441} INFO - ::group::Post task execution logs
[2025-07-31T15:57:36.742+0000] {taskinstance.py:1206} INFO - Marking task as SUCCESS. dag_id=solar_ai_pipeline_2, task_id=train_rl, run_id=scheduled__2024-01-16T00:00:00+00:00, execution_date=20240116T000000, start_date=20250731T155545, end_date=20250731T155736
[2025-07-31T15:57:36.843+0000] {local_task_job_runner.py:240} INFO - Task exited with return code 0
[2025-07-31T15:57:36.898+0000] {taskinstance.py:3503} INFO - 1 downstream tasks scheduled from follow-on schedule check
[2025-07-31T15:57:36.921+0000] {local_task_job_runner.py:222} INFO - ::endgroup::
