[2025-07-29T15:39:50.722+0000] {local_task_job_runner.py:120} INFO - ::group::Pre task execution logs
[2025-07-29T15:39:50.787+0000] {taskinstance.py:2076} INFO - Dependencies all met for dep_context=non-requeueable deps ti=<TaskInstance: solar_ai_pipeline_2.fetch_data scheduled__2023-01-09T00:00:00+00:00 [queued]>
[2025-07-29T15:39:50.809+0000] {taskinstance.py:2076} INFO - Dependencies all met for dep_context=requeueable deps ti=<TaskInstance: solar_ai_pipeline_2.fetch_data scheduled__2023-01-09T00:00:00+00:00 [queued]>
[2025-07-29T15:39:50.810+0000] {taskinstance.py:2306} INFO - Starting attempt 3 of 4
[2025-07-29T15:39:50.880+0000] {taskinstance.py:2330} INFO - Executing <Task(PythonOperator): fetch_data> on 2023-01-09 00:00:00+00:00
[2025-07-29T15:39:50.888+0000] {standard_task_runner.py:63} INFO - Started process 2533 to run task
[2025-07-29T15:39:50.894+0000] {standard_task_runner.py:90} INFO - Running: ['airflow', 'tasks', 'run', 'solar_ai_pipeline_2', 'fetch_data', 'scheduled__2023-01-09T00:00:00+00:00', '--job-id', '1414', '--raw', '--subdir', 'DAGS_FOLDER/prophet_pipeline.py', '--cfg-path', '/tmp/tmp2x3ox9sl']
[2025-07-29T15:39:50.897+0000] {standard_task_runner.py:91} INFO - Job 1414: Subtask fetch_data
[2025-07-29T15:39:51.105+0000] {task_command.py:426} INFO - Running <TaskInstance: solar_ai_pipeline_2.fetch_data scheduled__2023-01-09T00:00:00+00:00 [running]> on host 4c586ddbbbe9
[2025-07-29T15:39:51.537+0000] {taskinstance.py:2648} INFO - Exporting env vars: AIRFLOW_CTX_DAG_OWNER='ensam' AIRFLOW_CTX_DAG_ID='solar_ai_pipeline_2' AIRFLOW_CTX_TASK_ID='fetch_data' AIRFLOW_CTX_EXECUTION_DATE='2023-01-09T00:00:00+00:00' AIRFLOW_CTX_TRY_NUMBER='3' AIRFLOW_CTX_DAG_RUN_ID='scheduled__2023-01-09T00:00:00+00:00'
[2025-07-29T15:39:51.539+0000] {taskinstance.py:430} INFO - ::endgroup::
[2025-07-29T15:40:01.842+0000] {logging_mixin.py:188} INFO - Données simulées pour 2023-01-09 sauvegardées dans dags/data/processed/simulated_solar_heating_2023-01-09.csv
[2025-07-29T15:40:01.846+0000] {logging_mixin.py:188} INFO - count     24.000000
mean      47.306812
std       70.931129
min        0.000000
25%        0.000000
50%        0.000000
75%      103.506075
max      219.483000
Name: solar_irradiance, dtype: float64
[2025-07-29T15:40:01.847+0000] {logging_mixin.py:188} INFO - 2023-01-09 00:00:00+01:00 → Altitude: -65.78
[2025-07-29T15:40:01.848+0000] {logging_mixin.py:188} INFO - NASA GHI response keys: ['2023010900', '2023010901', '2023010902', '2023010903', '2023010904', '2023010905', '2023010906', '2023010907', '2023010908', '2023010909', '2023010910', '2023010911', '2023010912', '2023010913', '2023010914', '2023010915', '2023010916', '2023010917', '2023010918', '2023010919', '2023010920', '2023010921', '2023010922', '2023010923']
[2025-07-29T15:40:01.848+0000] {logging_mixin.py:188} INFO - 2023-01-09 01:00:00+01:00 → Altitude: -75.96
[2025-07-29T15:40:01.849+0000] {logging_mixin.py:188} INFO - NASA GHI response keys: ['2023010900', '2023010901', '2023010902', '2023010903', '2023010904', '2023010905', '2023010906', '2023010907', '2023010908', '2023010909', '2023010910', '2023010911', '2023010912', '2023010913', '2023010914', '2023010915', '2023010916', '2023010917', '2023010918', '2023010919', '2023010920', '2023010921', '2023010922', '2023010923']
[2025-07-29T15:40:01.850+0000] {logging_mixin.py:188} INFO - 2023-01-09 02:00:00+01:00 → Altitude: -77.53
[2025-07-29T15:40:01.850+0000] {logging_mixin.py:188} INFO - NASA GHI response keys: ['2023010900', '2023010901', '2023010902', '2023010903', '2023010904', '2023010905', '2023010906', '2023010907', '2023010908', '2023010909', '2023010910', '2023010911', '2023010912', '2023010913', '2023010914', '2023010915', '2023010916', '2023010917', '2023010918', '2023010919', '2023010920', '2023010921', '2023010922', '2023010923']
[2025-07-29T15:40:01.851+0000] {logging_mixin.py:188} INFO - 2023-01-09 03:00:00+01:00 → Altitude: -68.50
[2025-07-29T15:40:01.852+0000] {logging_mixin.py:188} INFO - NASA GHI response keys: ['2023010900', '2023010901', '2023010902', '2023010903', '2023010904', '2023010905', '2023010906', '2023010907', '2023010908', '2023010909', '2023010910', '2023010911', '2023010912', '2023010913', '2023010914', '2023010915', '2023010916', '2023010917', '2023010918', '2023010919', '2023010920', '2023010921', '2023010922', '2023010923']
[2025-07-29T15:40:01.853+0000] {logging_mixin.py:188} INFO - 2023-01-09 04:00:00+01:00 → Altitude: -56.63
[2025-07-29T15:40:01.853+0000] {logging_mixin.py:188} INFO - NASA GHI response keys: ['2023010900', '2023010901', '2023010902', '2023010903', '2023010904', '2023010905', '2023010906', '2023010907', '2023010908', '2023010909', '2023010910', '2023010911', '2023010912', '2023010913', '2023010914', '2023010915', '2023010916', '2023010917', '2023010918', '2023010919', '2023010920', '2023010921', '2023010922', '2023010923']
[2025-07-29T15:40:01.854+0000] {logging_mixin.py:188} INFO - 2023-01-09 05:00:00+01:00 → Altitude: -44.21
[2025-07-29T15:40:01.855+0000] {logging_mixin.py:188} INFO - NASA GHI response keys: ['2023010900', '2023010901', '2023010902', '2023010903', '2023010904', '2023010905', '2023010906', '2023010907', '2023010908', '2023010909', '2023010910', '2023010911', '2023010912', '2023010913', '2023010914', '2023010915', '2023010916', '2023010917', '2023010918', '2023010919', '2023010920', '2023010921', '2023010922', '2023010923']
[2025-07-29T15:40:01.856+0000] {logging_mixin.py:188} INFO - 2023-01-09 06:00:00+01:00 → Altitude: -31.73
[2025-07-29T15:40:01.856+0000] {logging_mixin.py:188} INFO - NASA GHI response keys: ['2023010900', '2023010901', '2023010902', '2023010903', '2023010904', '2023010905', '2023010906', '2023010907', '2023010908', '2023010909', '2023010910', '2023010911', '2023010912', '2023010913', '2023010914', '2023010915', '2023010916', '2023010917', '2023010918', '2023010919', '2023010920', '2023010921', '2023010922', '2023010923']
[2025-07-29T15:40:01.858+0000] {logging_mixin.py:188} INFO - 2023-01-09 07:00:00+01:00 → Altitude: -19.45
[2025-07-29T15:40:01.858+0000] {logging_mixin.py:188} INFO - NASA GHI response keys: ['2023010900', '2023010901', '2023010902', '2023010903', '2023010904', '2023010905', '2023010906', '2023010907', '2023010908', '2023010909', '2023010910', '2023010911', '2023010912', '2023010913', '2023010914', '2023010915', '2023010916', '2023010917', '2023010918', '2023010919', '2023010920', '2023010921', '2023010922', '2023010923']
[2025-07-29T15:40:01.859+0000] {logging_mixin.py:188} INFO - 2023-01-09 08:00:00+01:00 → Altitude: -7.54
[2025-07-29T15:40:01.860+0000] {logging_mixin.py:188} INFO - NASA GHI response keys: ['2023010900', '2023010901', '2023010902', '2023010903', '2023010904', '2023010905', '2023010906', '2023010907', '2023010908', '2023010909', '2023010910', '2023010911', '2023010912', '2023010913', '2023010914', '2023010915', '2023010916', '2023010917', '2023010918', '2023010919', '2023010920', '2023010921', '2023010922', '2023010923']
[2025-07-29T15:40:01.860+0000] {logging_mixin.py:188} INFO - 2023-01-09 09:00:00+01:00 → Altitude: 3.89
[2025-07-29T15:40:01.861+0000] {logging_mixin.py:188} INFO - NASA GHI response keys: ['2023010900', '2023010901', '2023010902', '2023010903', '2023010904', '2023010905', '2023010906', '2023010907', '2023010908', '2023010909', '2023010910', '2023010911', '2023010912', '2023010913', '2023010914', '2023010915', '2023010916', '2023010917', '2023010918', '2023010919', '2023010920', '2023010921', '2023010922', '2023010923']
[2025-07-29T15:40:01.862+0000] {logging_mixin.py:188} INFO - 2023-01-09 10:00:00+01:00 → Altitude: 14.06
[2025-07-29T15:40:01.862+0000] {logging_mixin.py:188} INFO - NASA GHI response keys: ['2023010900', '2023010901', '2023010902', '2023010903', '2023010904', '2023010905', '2023010906', '2023010907', '2023010908', '2023010909', '2023010910', '2023010911', '2023010912', '2023010913', '2023010914', '2023010915', '2023010916', '2023010917', '2023010918', '2023010919', '2023010920', '2023010921', '2023010922', '2023010923']
[2025-07-29T15:40:01.863+0000] {logging_mixin.py:188} INFO - 2023-01-09 11:00:00+01:00 → Altitude: 22.93
[2025-07-29T15:40:01.863+0000] {logging_mixin.py:188} INFO - NASA GHI response keys: ['2023010900', '2023010901', '2023010902', '2023010903', '2023010904', '2023010905', '2023010906', '2023010907', '2023010908', '2023010909', '2023010910', '2023010911', '2023010912', '2023010913', '2023010914', '2023010915', '2023010916', '2023010917', '2023010918', '2023010919', '2023010920', '2023010921', '2023010922', '2023010923']
[2025-07-29T15:40:01.864+0000] {logging_mixin.py:188} INFO - 2023-01-09 12:00:00+01:00 → Altitude: 29.72
[2025-07-29T15:40:01.864+0000] {logging_mixin.py:188} INFO - NASA GHI response keys: ['2023010900', '2023010901', '2023010902', '2023010903', '2023010904', '2023010905', '2023010906', '2023010907', '2023010908', '2023010909', '2023010910', '2023010911', '2023010912', '2023010913', '2023010914', '2023010915', '2023010916', '2023010917', '2023010918', '2023010919', '2023010920', '2023010921', '2023010922', '2023010923']
[2025-07-29T15:40:01.865+0000] {logging_mixin.py:188} INFO - 2023-01-09 13:00:00+01:00 → Altitude: 33.65
[2025-07-29T15:40:01.866+0000] {logging_mixin.py:188} INFO - NASA GHI response keys: ['2023010900', '2023010901', '2023010902', '2023010903', '2023010904', '2023010905', '2023010906', '2023010907', '2023010908', '2023010909', '2023010910', '2023010911', '2023010912', '2023010913', '2023010914', '2023010915', '2023010916', '2023010917', '2023010918', '2023010919', '2023010920', '2023010921', '2023010922', '2023010923']
[2025-07-29T15:40:01.866+0000] {logging_mixin.py:188} INFO - 2023-01-09 14:00:00+01:00 → Altitude: 34.10
[2025-07-29T15:40:01.867+0000] {logging_mixin.py:188} INFO - NASA GHI response keys: ['2023010900', '2023010901', '2023010902', '2023010903', '2023010904', '2023010905', '2023010906', '2023010907', '2023010908', '2023010909', '2023010910', '2023010911', '2023010912', '2023010913', '2023010914', '2023010915', '2023010916', '2023010917', '2023010918', '2023010919', '2023010920', '2023010921', '2023010922', '2023010923']
[2025-07-29T15:40:01.867+0000] {logging_mixin.py:188} INFO - 2023-01-09 15:00:00+01:00 → Altitude: 30.99
[2025-07-29T15:40:01.868+0000] {logging_mixin.py:188} INFO - NASA GHI response keys: ['2023010900', '2023010901', '2023010902', '2023010903', '2023010904', '2023010905', '2023010906', '2023010907', '2023010908', '2023010909', '2023010910', '2023010911', '2023010912', '2023010913', '2023010914', '2023010915', '2023010916', '2023010917', '2023010918', '2023010919', '2023010920', '2023010921', '2023010922', '2023010923']
[2025-07-29T15:40:01.868+0000] {logging_mixin.py:188} INFO - 2023-01-09 16:00:00+01:00 → Altitude: 24.84
[2025-07-29T15:40:01.869+0000] {logging_mixin.py:188} INFO - NASA GHI response keys: ['2023010900', '2023010901', '2023010902', '2023010903', '2023010904', '2023010905', '2023010906', '2023010907', '2023010908', '2023010909', '2023010910', '2023010911', '2023010912', '2023010913', '2023010914', '2023010915', '2023010916', '2023010917', '2023010918', '2023010919', '2023010920', '2023010921', '2023010922', '2023010923']
[2025-07-29T15:40:01.869+0000] {logging_mixin.py:188} INFO - 2023-01-09 17:00:00+01:00 → Altitude: 16.43
[2025-07-29T15:40:01.870+0000] {logging_mixin.py:188} INFO - NASA GHI response keys: ['2023010900', '2023010901', '2023010902', '2023010903', '2023010904', '2023010905', '2023010906', '2023010907', '2023010908', '2023010909', '2023010910', '2023010911', '2023010912', '2023010913', '2023010914', '2023010915', '2023010916', '2023010917', '2023010918', '2023010919', '2023010920', '2023010921', '2023010922', '2023010923']
[2025-07-29T15:40:01.870+0000] {logging_mixin.py:188} INFO - 2023-01-09 18:00:00+01:00 → Altitude: 6.49
[2025-07-29T15:40:01.871+0000] {logging_mixin.py:188} INFO - NASA GHI response keys: ['2023010900', '2023010901', '2023010902', '2023010903', '2023010904', '2023010905', '2023010906', '2023010907', '2023010908', '2023010909', '2023010910', '2023010911', '2023010912', '2023010913', '2023010914', '2023010915', '2023010916', '2023010917', '2023010918', '2023010919', '2023010920', '2023010921', '2023010922', '2023010923']
[2025-07-29T15:40:01.872+0000] {logging_mixin.py:188} INFO - 2023-01-09 19:00:00+01:00 → Altitude: -4.63
[2025-07-29T15:40:01.877+0000] {logging_mixin.py:188} INFO - NASA GHI response keys: ['2023010900', '2023010901', '2023010902', '2023010903', '2023010904', '2023010905', '2023010906', '2023010907', '2023010908', '2023010909', '2023010910', '2023010911', '2023010912', '2023010913', '2023010914', '2023010915', '2023010916', '2023010917', '2023010918', '2023010919', '2023010920', '2023010921', '2023010922', '2023010923']
[2025-07-29T15:40:01.881+0000] {logging_mixin.py:188} INFO - 2023-01-09 20:00:00+01:00 → Altitude: -16.44
[2025-07-29T15:40:01.882+0000] {logging_mixin.py:188} INFO - NASA GHI response keys: ['2023010900', '2023010901', '2023010902', '2023010903', '2023010904', '2023010905', '2023010906', '2023010907', '2023010908', '2023010909', '2023010910', '2023010911', '2023010912', '2023010913', '2023010914', '2023010915', '2023010916', '2023010917', '2023010918', '2023010919', '2023010920', '2023010921', '2023010922', '2023010923']
[2025-07-29T15:40:01.883+0000] {logging_mixin.py:188} INFO - 2023-01-09 21:00:00+01:00 → Altitude: -28.65
[2025-07-29T15:40:01.883+0000] {logging_mixin.py:188} INFO - NASA GHI response keys: ['2023010900', '2023010901', '2023010902', '2023010903', '2023010904', '2023010905', '2023010906', '2023010907', '2023010908', '2023010909', '2023010910', '2023010911', '2023010912', '2023010913', '2023010914', '2023010915', '2023010916', '2023010917', '2023010918', '2023010919', '2023010920', '2023010921', '2023010922', '2023010923']
[2025-07-29T15:40:01.884+0000] {logging_mixin.py:188} INFO - 2023-01-09 22:00:00+01:00 → Altitude: -41.09
[2025-07-29T15:40:01.885+0000] {logging_mixin.py:188} INFO - NASA GHI response keys: ['2023010900', '2023010901', '2023010902', '2023010903', '2023010904', '2023010905', '2023010906', '2023010907', '2023010908', '2023010909', '2023010910', '2023010911', '2023010912', '2023010913', '2023010914', '2023010915', '2023010916', '2023010917', '2023010918', '2023010919', '2023010920', '2023010921', '2023010922', '2023010923']
[2025-07-29T15:40:01.885+0000] {logging_mixin.py:188} INFO - 2023-01-09 23:00:00+01:00 → Altitude: -53.55
[2025-07-29T15:40:01.886+0000] {logging_mixin.py:188} INFO - NASA GHI response keys: ['2023010900', '2023010901', '2023010902', '2023010903', '2023010904', '2023010905', '2023010906', '2023010907', '2023010908', '2023010909', '2023010910', '2023010911', '2023010912', '2023010913', '2023010914', '2023010915', '2023010916', '2023010917', '2023010918', '2023010919', '2023010920', '2023010921', '2023010922', '2023010923']
[2025-07-29T15:40:01.889+0000] {python.py:237} INFO - Done. Returned value was: None
[2025-07-29T15:40:01.891+0000] {taskinstance.py:441} INFO - ::group::Post task execution logs
[2025-07-29T15:40:01.911+0000] {taskinstance.py:1206} INFO - Marking task as SUCCESS. dag_id=solar_ai_pipeline_2, task_id=fetch_data, run_id=scheduled__2023-01-09T00:00:00+00:00, execution_date=20230109T000000, start_date=20250729T153950, end_date=20250729T154001
[2025-07-29T15:40:02.044+0000] {local_task_job_runner.py:240} INFO - Task exited with return code 0
[2025-07-29T15:40:02.113+0000] {taskinstance.py:3503} INFO - 1 downstream tasks scheduled from follow-on schedule check
[2025-07-29T15:40:02.137+0000] {local_task_job_runner.py:222} INFO - ::endgroup::
