[2025-07-31T16:20:28.173+0000] {local_task_job_runner.py:120} INFO - ::group::Pre task execution logs
[2025-07-31T16:20:28.262+0000] {taskinstance.py:2076} INFO - Dependencies all met for dep_context=non-requeueable deps ti=<TaskInstance: solar_ai_pipeline_2.decide scheduled__2024-01-14T00:00:00+00:00 [queued]>
[2025-07-31T16:20:28.293+0000] {taskinstance.py:2076} INFO - Dependencies all met for dep_context=requeueable deps ti=<TaskInstance: solar_ai_pipeline_2.decide scheduled__2024-01-14T00:00:00+00:00 [queued]>
[2025-07-31T16:20:28.294+0000] {taskinstance.py:2306} INFO - Starting attempt 1 of 2
[2025-07-31T16:20:28.341+0000] {taskinstance.py:2330} INFO - Executing <Task(PythonOperator): decide> on 2024-01-14 00:00:00+00:00
[2025-07-31T16:20:28.347+0000] {standard_task_runner.py:63} INFO - Started process 91003 to run task
[2025-07-31T16:20:28.350+0000] {standard_task_runner.py:90} INFO - Running: ['airflow', 'tasks', 'run', 'solar_ai_pipeline_2', 'decide', 'scheduled__2024-01-14T00:00:00+00:00', '--job-id', '3422', '--raw', '--subdir', 'DAGS_FOLDER/prophet_pipeline.py', '--cfg-path', '/tmp/tmpgmbko8js']
[2025-07-31T16:20:28.352+0000] {standard_task_runner.py:91} INFO - Job 3422: Subtask decide
[2025-07-31T16:20:28.472+0000] {task_command.py:426} INFO - Running <TaskInstance: solar_ai_pipeline_2.decide scheduled__2024-01-14T00:00:00+00:00 [running]> on host a2a0dd314bdc
[2025-07-31T16:20:28.657+0000] {taskinstance.py:2648} INFO - Exporting env vars: AIRFLOW_CTX_DAG_OWNER='ensam' AIRFLOW_CTX_DAG_ID='solar_ai_pipeline_2' AIRFLOW_CTX_TASK_ID='decide' AIRFLOW_CTX_EXECUTION_DATE='2024-01-14T00:00:00+00:00' AIRFLOW_CTX_TRY_NUMBER='1' AIRFLOW_CTX_DAG_RUN_ID='scheduled__2024-01-14T00:00:00+00:00'
[2025-07-31T16:20:28.658+0000] {taskinstance.py:430} INFO - ::endgroup::
[2025-07-31T16:20:29.079+0000] {logging_mixin.py:188} INFO - [INFO] Starting decision-making process...
[2025-07-31T16:20:29.095+0000] {logging_mixin.py:188} INFO - 📥 [INFO] Loading data...
[2025-07-31T16:20:29.133+0000] {logging_mixin.py:188} INFO - [INFO] 2024-01-13 23:00:00 → Chauffer (résistance activée) | Temp: 0.09°C, Débit: 0.8166 m³/s, Irrad: 0.00 W/m²
[2025-07-31T16:20:29.133+0000] {logging_mixin.py:188} INFO - [INFO] 2024-01-14 00:00:00 → Ne pas chauffer (solaire ou inutilisé) | Temp: 0.09°C, Débit: 0.7241 m³/s, Irrad: 0.00 W/m²
[2025-07-31T16:20:29.134+0000] {logging_mixin.py:188} INFO - [INFO] 2024-01-14 01:00:00 → Ne pas chauffer (solaire ou inutilisé) | Temp: 0.11°C, Débit: 0.6002 m³/s, Irrad: 0.00 W/m²
[2025-07-31T16:20:29.134+0000] {logging_mixin.py:188} INFO - [INFO] 2024-01-14 02:00:00 → Ne pas chauffer (solaire ou inutilisé) | Temp: 0.14°C, Débit: 0.4658 m³/s, Irrad: 0.00 W/m²
[2025-07-31T16:20:29.135+0000] {logging_mixin.py:188} INFO - [INFO] 2024-01-14 03:00:00 → Ne pas chauffer (solaire ou inutilisé) | Temp: 0.16°C, Débit: 0.3725 m³/s, Irrad: 0.00 W/m²
[2025-07-31T16:20:29.135+0000] {logging_mixin.py:188} INFO - [INFO] 2024-01-14 04:00:00 → Ne pas chauffer (solaire ou inutilisé) | Temp: 0.15°C, Débit: 0.3628 m³/s, Irrad: 0.00 W/m²
[2025-07-31T16:20:29.136+0000] {logging_mixin.py:188} INFO - [INFO] 2024-01-14 05:00:00 → Ne pas chauffer (solaire ou inutilisé) | Temp: 0.14°C, Débit: 0.4304 m³/s, Irrad: 0.00 W/m²
[2025-07-31T16:20:29.136+0000] {logging_mixin.py:188} INFO - [INFO] 2024-01-14 06:00:00 → Ne pas chauffer (solaire ou inutilisé) | Temp: 0.17°C, Débit: 0.5180 m³/s, Irrad: 0.00 W/m²
[2025-07-31T16:20:29.137+0000] {logging_mixin.py:188} INFO - [INFO] 2024-01-14 07:00:00 → Ne pas chauffer (solaire ou inutilisé) | Temp: 0.30°C, Débit: 0.5617 m³/s, Irrad: 0.11 W/m²
[2025-07-31T16:20:29.137+0000] {logging_mixin.py:188} INFO - [INFO] 2024-01-14 08:00:00 → Ne pas chauffer (solaire ou inutilisé) | Temp: 0.53°C, Débit: 0.5424 m³/s, Irrad: 0.36 W/m²
[2025-07-31T16:20:29.138+0000] {logging_mixin.py:188} INFO - [INFO] 2024-01-14 09:00:00 → Ne pas chauffer (solaire ou inutilisé) | Temp: 0.80°C, Débit: 0.5004 m³/s, Irrad: 0.64 W/m²
[2025-07-31T16:20:29.138+0000] {logging_mixin.py:188} INFO - [INFO] 2024-01-14 10:00:00 → Ne pas chauffer (solaire ou inutilisé) | Temp: 1.05°C, Débit: 0.4992 m³/s, Irrad: 0.81 W/m²
[2025-07-31T16:20:29.139+0000] {logging_mixin.py:188} INFO - [INFO] 2024-01-14 11:00:00 → Ne pas chauffer (solaire ou inutilisé) | Temp: 1.22°C, Débit: 0.5728 m³/s, Irrad: 0.94 W/m²
[2025-07-31T16:20:29.139+0000] {logging_mixin.py:188} INFO - [INFO] 2024-01-14 12:00:00 → Ne pas chauffer (solaire ou inutilisé) | Temp: 1.28°C, Débit: 0.7007 m³/s, Irrad: 1.00 W/m²
[2025-07-31T16:20:29.140+0000] {logging_mixin.py:188} INFO - [INFO] 2024-01-14 13:00:00 → Ne pas chauffer (solaire ou inutilisé) | Temp: 1.22°C, Débit: 0.8317 m³/s, Irrad: 0.82 W/m²
[2025-07-31T16:20:29.140+0000] {logging_mixin.py:188} INFO - [INFO] 2024-01-14 14:00:00 → Chauffer (résistance activée) | Temp: 1.06°C, Débit: 0.9276 m³/s, Irrad: 0.52 W/m²
[2025-07-31T16:20:29.141+0000] {logging_mixin.py:188} INFO - [INFO] 2024-01-14 15:00:00 → Chauffer (résistance activée) | Temp: 0.82°C, Débit: 0.9882 m³/s, Irrad: 0.20 W/m²
[2025-07-31T16:20:29.141+0000] {logging_mixin.py:188} INFO - [INFO] 2024-01-14 16:00:00 → Ne pas chauffer (solaire ou inutilisé) | Temp: 0.55°C, Débit: 1.0360 m³/s, Irrad: 0.01 W/m²
[2025-07-31T16:20:29.142+0000] {logging_mixin.py:188} INFO - [INFO] 2024-01-14 17:00:00 → Chauffer (résistance activée) | Temp: 0.30°C, Débit: 1.0830 m³/s, Irrad: 0.00 W/m²
[2025-07-31T16:20:29.142+0000] {logging_mixin.py:188} INFO - [INFO] 2024-01-14 18:00:00 → Chauffer (résistance activée) | Temp: 0.13°C, Débit: 1.1151 m³/s, Irrad: 0.00 W/m²
[2025-07-31T16:20:29.143+0000] {logging_mixin.py:188} INFO - [INFO] 2024-01-14 19:00:00 → Chauffer (résistance activée) | Temp: 0.07°C, Débit: 1.1083 m³/s, Irrad: 0.00 W/m²
[2025-07-31T16:20:29.143+0000] {logging_mixin.py:188} INFO - [INFO] 2024-01-14 20:00:00 → Chauffer (résistance activée) | Temp: 0.07°C, Débit: 1.0567 m³/s, Irrad: 0.00 W/m²
[2025-07-31T16:20:29.144+0000] {logging_mixin.py:188} INFO - [INFO] 2024-01-14 21:00:00 → Chauffer (résistance activée) | Temp: 0.10°C, Débit: 0.9805 m³/s, Irrad: 0.00 W/m²
[2025-07-31T16:20:29.144+0000] {logging_mixin.py:188} INFO - [INFO] 2024-01-14 22:00:00 → Chauffer (résistance activée) | Temp: 0.11°C, Débit: 0.9040 m³/s, Irrad: 0.00 W/m²
[2025-07-31T16:20:29.154+0000] {logging_mixin.py:188} INFO - [INFO] All hourly decisions saved to /opt/airflow/dags/logs/decision_2024-01-14.csv
[2025-07-31T16:20:29.191+0000] {python.py:237} INFO - Done. Returned value was: [{'datetime': '2024-01-13 23:00:00', 'temp': 0.09, 'flow': 0.8166, 'irradiance': 0.0, 'action': 1, 'text': 'Chauffer (résistance activée)'}, {'datetime': '2024-01-14 00:00:00', 'temp': 0.09, 'flow': 0.7241, 'irradiance': 0.0, 'action': 0, 'text': 'Ne pas chauffer (solaire ou inutilisé)'}, {'datetime': '2024-01-14 01:00:00', 'temp': 0.11, 'flow': 0.6002, 'irradiance': 0.0, 'action': 0, 'text': 'Ne pas chauffer (solaire ou inutilisé)'}, {'datetime': '2024-01-14 02:00:00', 'temp': 0.14, 'flow': 0.4658, 'irradiance': 0.0, 'action': 0, 'text': 'Ne pas chauffer (solaire ou inutilisé)'}, {'datetime': '2024-01-14 03:00:00', 'temp': 0.16, 'flow': 0.3725, 'irradiance': 0.0, 'action': 0, 'text': 'Ne pas chauffer (solaire ou inutilisé)'}, {'datetime': '2024-01-14 04:00:00', 'temp': 0.15, 'flow': 0.3628, 'irradiance': 0.0, 'action': 0, 'text': 'Ne pas chauffer (solaire ou inutilisé)'}, {'datetime': '2024-01-14 05:00:00', 'temp': 0.14, 'flow': 0.4304, 'irradiance': 0.0, 'action': 0, 'text': 'Ne pas chauffer (solaire ou inutilisé)'}, {'datetime': '2024-01-14 06:00:00', 'temp': 0.17, 'flow': 0.518, 'irradiance': 0.0, 'action': 0, 'text': 'Ne pas chauffer (solaire ou inutilisé)'}, {'datetime': '2024-01-14 07:00:00', 'temp': 0.3, 'flow': 0.5617, 'irradiance': 0.11, 'action': 0, 'text': 'Ne pas chauffer (solaire ou inutilisé)'}, {'datetime': '2024-01-14 08:00:00', 'temp': 0.53, 'flow': 0.5424, 'irradiance': 0.36, 'action': 0, 'text': 'Ne pas chauffer (solaire ou inutilisé)'}, {'datetime': '2024-01-14 09:00:00', 'temp': 0.8, 'flow': 0.5004, 'irradiance': 0.64, 'action': 0, 'text': 'Ne pas chauffer (solaire ou inutilisé)'}, {'datetime': '2024-01-14 10:00:00', 'temp': 1.05, 'flow': 0.4992, 'irradiance': 0.81, 'action': 0, 'text': 'Ne pas chauffer (solaire ou inutilisé)'}, {'datetime': '2024-01-14 11:00:00', 'temp': 1.22, 'flow': 0.5728, 'irradiance': 0.94, 'action': 0, 'text': 'Ne pas chauffer (solaire ou inutilisé)'}, {'datetime': '2024-01-14 12:00:00', 'temp': 1.28, 'flow': 0.7007, 'irradiance': 1.0, 'action': 0, 'text': 'Ne pas chauffer (solaire ou inutilisé)'}, {'datetime': '2024-01-14 13:00:00', 'temp': 1.22, 'flow': 0.8317, 'irradiance': 0.82, 'action': 0, 'text': 'Ne pas chauffer (solaire ou inutilisé)'}, {'datetime': '2024-01-14 14:00:00', 'temp': 1.06, 'flow': 0.9276, 'irradiance': 0.52, 'action': 1, 'text': 'Chauffer (résistance activée)'}, {'datetime': '2024-01-14 15:00:00', 'temp': 0.82, 'flow': 0.9882, 'irradiance': 0.2, 'action': 1, 'text': 'Chauffer (résistance activée)'}, {'datetime': '2024-01-14 16:00:00', 'temp': 0.55, 'flow': 1.036, 'irradiance': 0.01, 'action': 0, 'text': 'Ne pas chauffer (solaire ou inutilisé)'}, {'datetime': '2024-01-14 17:00:00', 'temp': 0.3, 'flow': 1.083, 'irradiance': 0.0, 'action': 1, 'text': 'Chauffer (résistance activée)'}, {'datetime': '2024-01-14 18:00:00', 'temp': 0.13, 'flow': 1.1151, 'irradiance': 0.0, 'action': 1, 'text': 'Chauffer (résistance activée)'}, {'datetime': '2024-01-14 19:00:00', 'temp': 0.07, 'flow': 1.1083, 'irradiance': 0.0, 'action': 1, 'text': 'Chauffer (résistance activée)'}, {'datetime': '2024-01-14 20:00:00', 'temp': 0.07, 'flow': 1.0567, 'irradiance': 0.0, 'action': 1, 'text': 'Chauffer (résistance activée)'}, {'datetime': '2024-01-14 21:00:00', 'temp': 0.1, 'flow': 0.9805, 'irradiance': 0.0, 'action': 1, 'text': 'Chauffer (résistance activée)'}, {'datetime': '2024-01-14 22:00:00', 'temp': 0.11, 'flow': 0.904, 'irradiance': 0.0, 'action': 1, 'text': 'Chauffer (résistance activée)'}]
[2025-07-31T16:20:29.192+0000] {taskinstance.py:441} INFO - ::group::Post task execution logs
[2025-07-31T16:20:29.245+0000] {taskinstance.py:1206} INFO - Marking task as SUCCESS. dag_id=solar_ai_pipeline_2, task_id=decide, run_id=scheduled__2024-01-14T00:00:00+00:00, execution_date=20240114T000000, start_date=20250731T162028, end_date=20250731T162029
[2025-07-31T16:20:29.327+0000] {local_task_job_runner.py:240} INFO - Task exited with return code 0
[2025-07-31T16:20:29.352+0000] {taskinstance.py:3503} INFO - 0 downstream tasks scheduled from follow-on schedule check
[2025-07-31T16:20:29.355+0000] {local_task_job_runner.py:222} INFO - ::endgroup::
