[2025-07-31T11:45:23.293+0000] {local_task_job_runner.py:120} INFO - ::group::Pre task execution logs
[2025-07-31T11:45:23.460+0000] {taskinstance.py:2076} INFO - Dependencies all met for dep_context=non-requeueable deps ti=<TaskInstance: solar_ai_pipeline_2.train_prophet scheduled__2023-07-02T00:00:00+00:00 [queued]>
[2025-07-31T11:45:23.534+0000] {taskinstance.py:2076} INFO - Dependencies all met for dep_context=requeueable deps ti=<TaskInstance: solar_ai_pipeline_2.train_prophet scheduled__2023-07-02T00:00:00+00:00 [queued]>
[2025-07-31T11:45:23.539+0000] {taskinstance.py:2306} INFO - Starting attempt 3 of 4
[2025-07-31T11:45:23.652+0000] {taskinstance.py:2330} INFO - Executing <Task(PythonOperator): train_prophet> on 2023-07-02 00:00:00+00:00
[2025-07-31T11:45:23.663+0000] {standard_task_runner.py:63} INFO - Started process 3124 to run task
[2025-07-31T11:45:23.671+0000] {standard_task_runner.py:90} INFO - Running: ['airflow', 'tasks', 'run', 'solar_ai_pipeline_2', 'train_prophet', 'scheduled__2023-07-02T00:00:00+00:00', '--job-id', '2885', '--raw', '--subdir', 'DAGS_FOLDER/prophet_pipeline.py', '--cfg-path', '/tmp/tmpei0m11tr']
[2025-07-31T11:45:23.675+0000] {standard_task_runner.py:91} INFO - Job 2885: Subtask train_prophet
[2025-07-31T11:45:23.910+0000] {task_command.py:426} INFO - Running <TaskInstance: solar_ai_pipeline_2.train_prophet scheduled__2023-07-02T00:00:00+00:00 [running]> on host a2a0dd314bdc
[2025-07-31T11:45:24.235+0000] {taskinstance.py:2648} INFO - Exporting env vars: AIRFLOW_CTX_DAG_OWNER='ensam' AIRFLOW_CTX_DAG_ID='solar_ai_pipeline_2' AIRFLOW_CTX_TASK_ID='train_prophet' AIRFLOW_CTX_EXECUTION_DATE='2023-07-02T00:00:00+00:00' AIRFLOW_CTX_TRY_NUMBER='3' AIRFLOW_CTX_DAG_RUN_ID='scheduled__2023-07-02T00:00:00+00:00'
[2025-07-31T11:45:24.238+0000] {taskinstance.py:430} INFO - ::endgroup::
[2025-07-31T11:45:25.334+0000] {plot.py:39} ERROR - Importing plotly failed. Interactive plots will not work.
[2025-07-31T11:45:25.346+0000] {logging_mixin.py:188} INFO - Training from 2023-01-01 to 2023-01-03
[2025-07-31T11:45:25.523+0000] {logging_mixin.py:188} INFO - Test 1/18: {'changepoint_prior_scale': 0.01, 'seasonality_prior_scale': 1.0, 'seasonality_mode': 'additive'}
[2025-07-31T11:45:25.597+0000] {filesystem.py:118} DEBUG - input tempfile: /tmp/tmp5na5hqsp/bdqgrz5o.json
[2025-07-31T11:45:25.607+0000] {filesystem.py:118} DEBUG - input tempfile: /tmp/tmp5na5hqsp/t4xx0nwp.json
[2025-07-31T11:45:25.612+0000] {model.py:2042} DEBUG - idx 0
[2025-07-31T11:45:25.613+0000] {model.py:2043} DEBUG - running CmdStan, num_threads: None
[2025-07-31T11:45:25.613+0000] {model.py:2055} DEBUG - CmdStan args: ['/home/airflow/.local/lib/python3.11/site-packages/prophet/stan_model/prophet_model.bin', 'random', 'seed=91073', 'data', 'file=/tmp/tmp5na5hqsp/bdqgrz5o.json', 'init=/tmp/tmp5na5hqsp/t4xx0nwp.json', 'output', 'file=/tmp/tmp5na5hqsp/prophet_model2zvxdivi/prophet_model-20250731114525.csv', 'method=optimize', 'algorithm=newton', 'iter=10000']
[2025-07-31T11:45:25.614+0000] {logging_mixin.py:188} WARNING - 11:45:25 - cmdstanpy - INFO - Chain [1] start processing
[2025-07-31T11:45:25.614+0000] {model.py:2058} INFO - Chain [1] start processing
[2025-07-31T11:45:25.943+0000] {logging_mixin.py:188} WARNING - 11:45:25 - cmdstanpy - INFO - Chain [1] done processing
[2025-07-31T11:45:25.943+0000] {model.py:2115} INFO - Chain [1] done processing
[2025-07-31T11:45:25.947+0000] {logging_mixin.py:188} INFO - Erreur pour {'changepoint_prior_scale': 0.01, 'seasonality_prior_scale': 1.0, 'seasonality_mode': 'additive'}: Less data than horizon.
[2025-07-31T11:45:25.948+0000] {logging_mixin.py:188} INFO - Test 2/18: {'changepoint_prior_scale': 0.01, 'seasonality_prior_scale': 1.0, 'seasonality_mode': 'multiplicative'}
[2025-07-31T11:45:25.982+0000] {filesystem.py:118} DEBUG - input tempfile: /tmp/tmp5na5hqsp/_jf_j3y2.json
[2025-07-31T11:45:26.002+0000] {filesystem.py:118} DEBUG - input tempfile: /tmp/tmp5na5hqsp/x23wabkn.json
[2025-07-31T11:45:26.007+0000] {model.py:2042} DEBUG - idx 0
[2025-07-31T11:45:26.008+0000] {model.py:2043} DEBUG - running CmdStan, num_threads: None
[2025-07-31T11:45:26.009+0000] {model.py:2055} DEBUG - CmdStan args: ['/home/airflow/.local/lib/python3.11/site-packages/prophet/stan_model/prophet_model.bin', 'random', 'seed=45382', 'data', 'file=/tmp/tmp5na5hqsp/_jf_j3y2.json', 'init=/tmp/tmp5na5hqsp/x23wabkn.json', 'output', 'file=/tmp/tmp5na5hqsp/prophet_modelztrbq_7e/prophet_model-20250731114526.csv', 'method=optimize', 'algorithm=newton', 'iter=10000']
[2025-07-31T11:45:26.010+0000] {logging_mixin.py:188} WARNING - 11:45:26 - cmdstanpy - INFO - Chain [1] start processing
[2025-07-31T11:45:26.010+0000] {model.py:2058} INFO - Chain [1] start processing
[2025-07-31T11:45:26.306+0000] {logging_mixin.py:188} WARNING - 11:45:26 - cmdstanpy - INFO - Chain [1] done processing
[2025-07-31T11:45:26.306+0000] {model.py:2115} INFO - Chain [1] done processing
[2025-07-31T11:45:26.311+0000] {logging_mixin.py:188} INFO - Erreur pour {'changepoint_prior_scale': 0.01, 'seasonality_prior_scale': 1.0, 'seasonality_mode': 'multiplicative'}: Less data than horizon.
[2025-07-31T11:45:26.312+0000] {logging_mixin.py:188} INFO - Test 3/18: {'changepoint_prior_scale': 0.01, 'seasonality_prior_scale': 5.0, 'seasonality_mode': 'additive'}
[2025-07-31T11:45:26.342+0000] {filesystem.py:118} DEBUG - input tempfile: /tmp/tmp5na5hqsp/mwv0izhv.json
[2025-07-31T11:45:26.355+0000] {filesystem.py:118} DEBUG - input tempfile: /tmp/tmp5na5hqsp/_u_b01pn.json
[2025-07-31T11:45:26.360+0000] {model.py:2042} DEBUG - idx 0
[2025-07-31T11:45:26.361+0000] {model.py:2043} DEBUG - running CmdStan, num_threads: None
[2025-07-31T11:45:26.362+0000] {model.py:2055} DEBUG - CmdStan args: ['/home/airflow/.local/lib/python3.11/site-packages/prophet/stan_model/prophet_model.bin', 'random', 'seed=76848', 'data', 'file=/tmp/tmp5na5hqsp/mwv0izhv.json', 'init=/tmp/tmp5na5hqsp/_u_b01pn.json', 'output', 'file=/tmp/tmp5na5hqsp/prophet_modelibo0r99_/prophet_model-20250731114526.csv', 'method=optimize', 'algorithm=newton', 'iter=10000']
[2025-07-31T11:45:26.363+0000] {logging_mixin.py:188} WARNING - 11:45:26 - cmdstanpy - INFO - Chain [1] start processing
[2025-07-31T11:45:26.363+0000] {model.py:2058} INFO - Chain [1] start processing
[2025-07-31T11:45:26.566+0000] {logging_mixin.py:188} WARNING - 11:45:26 - cmdstanpy - INFO - Chain [1] done processing
[2025-07-31T11:45:26.566+0000] {model.py:2115} INFO - Chain [1] done processing
[2025-07-31T11:45:26.570+0000] {logging_mixin.py:188} INFO - Erreur pour {'changepoint_prior_scale': 0.01, 'seasonality_prior_scale': 5.0, 'seasonality_mode': 'additive'}: Less data than horizon.
[2025-07-31T11:45:26.570+0000] {logging_mixin.py:188} INFO - Test 4/18: {'changepoint_prior_scale': 0.01, 'seasonality_prior_scale': 5.0, 'seasonality_mode': 'multiplicative'}
[2025-07-31T11:45:26.592+0000] {filesystem.py:118} DEBUG - input tempfile: /tmp/tmp5na5hqsp/o73lbfdv.json
[2025-07-31T11:45:26.605+0000] {filesystem.py:118} DEBUG - input tempfile: /tmp/tmp5na5hqsp/9p_lt9jn.json
[2025-07-31T11:45:26.609+0000] {model.py:2042} DEBUG - idx 0
[2025-07-31T11:45:26.610+0000] {model.py:2043} DEBUG - running CmdStan, num_threads: None
[2025-07-31T11:45:26.610+0000] {model.py:2055} DEBUG - CmdStan args: ['/home/airflow/.local/lib/python3.11/site-packages/prophet/stan_model/prophet_model.bin', 'random', 'seed=29649', 'data', 'file=/tmp/tmp5na5hqsp/o73lbfdv.json', 'init=/tmp/tmp5na5hqsp/9p_lt9jn.json', 'output', 'file=/tmp/tmp5na5hqsp/prophet_modeld41op9q8/prophet_model-20250731114526.csv', 'method=optimize', 'algorithm=newton', 'iter=10000']
[2025-07-31T11:45:26.611+0000] {logging_mixin.py:188} WARNING - 11:45:26 - cmdstanpy - INFO - Chain [1] start processing
[2025-07-31T11:45:26.611+0000] {model.py:2058} INFO - Chain [1] start processing
[2025-07-31T11:45:26.940+0000] {logging_mixin.py:188} WARNING - 11:45:26 - cmdstanpy - INFO - Chain [1] done processing
[2025-07-31T11:45:26.940+0000] {model.py:2115} INFO - Chain [1] done processing
[2025-07-31T11:45:26.943+0000] {logging_mixin.py:188} INFO - Erreur pour {'changepoint_prior_scale': 0.01, 'seasonality_prior_scale': 5.0, 'seasonality_mode': 'multiplicative'}: Less data than horizon.
[2025-07-31T11:45:26.944+0000] {logging_mixin.py:188} INFO - Test 5/18: {'changepoint_prior_scale': 0.01, 'seasonality_prior_scale': 10.0, 'seasonality_mode': 'additive'}
[2025-07-31T11:45:26.960+0000] {filesystem.py:118} DEBUG - input tempfile: /tmp/tmp5na5hqsp/0rmsgl46.json
[2025-07-31T11:45:26.974+0000] {filesystem.py:118} DEBUG - input tempfile: /tmp/tmp5na5hqsp/mfir9vcw.json
[2025-07-31T11:45:26.977+0000] {model.py:2042} DEBUG - idx 0
[2025-07-31T11:45:26.978+0000] {model.py:2043} DEBUG - running CmdStan, num_threads: None
[2025-07-31T11:45:26.979+0000] {model.py:2055} DEBUG - CmdStan args: ['/home/airflow/.local/lib/python3.11/site-packages/prophet/stan_model/prophet_model.bin', 'random', 'seed=27683', 'data', 'file=/tmp/tmp5na5hqsp/0rmsgl46.json', 'init=/tmp/tmp5na5hqsp/mfir9vcw.json', 'output', 'file=/tmp/tmp5na5hqsp/prophet_modelydviqcgs/prophet_model-20250731114526.csv', 'method=optimize', 'algorithm=newton', 'iter=10000']
[2025-07-31T11:45:26.979+0000] {logging_mixin.py:188} WARNING - 11:45:26 - cmdstanpy - INFO - Chain [1] start processing
[2025-07-31T11:45:26.979+0000] {model.py:2058} INFO - Chain [1] start processing
[2025-07-31T11:45:27.942+0000] {logging_mixin.py:188} WARNING - 11:45:27 - cmdstanpy - INFO - Chain [1] done processing
[2025-07-31T11:45:27.942+0000] {model.py:2115} INFO - Chain [1] done processing
[2025-07-31T11:45:27.945+0000] {logging_mixin.py:188} INFO - Erreur pour {'changepoint_prior_scale': 0.01, 'seasonality_prior_scale': 10.0, 'seasonality_mode': 'additive'}: Less data than horizon.
[2025-07-31T11:45:27.945+0000] {logging_mixin.py:188} INFO - Test 6/18: {'changepoint_prior_scale': 0.01, 'seasonality_prior_scale': 10.0, 'seasonality_mode': 'multiplicative'}
[2025-07-31T11:45:27.964+0000] {filesystem.py:118} DEBUG - input tempfile: /tmp/tmp5na5hqsp/7abo_riw.json
[2025-07-31T11:45:27.979+0000] {filesystem.py:118} DEBUG - input tempfile: /tmp/tmp5na5hqsp/t8u7jt4u.json
[2025-07-31T11:45:27.981+0000] {model.py:2042} DEBUG - idx 0
[2025-07-31T11:45:27.981+0000] {model.py:2043} DEBUG - running CmdStan, num_threads: None
[2025-07-31T11:45:27.982+0000] {model.py:2055} DEBUG - CmdStan args: ['/home/airflow/.local/lib/python3.11/site-packages/prophet/stan_model/prophet_model.bin', 'random', 'seed=3311', 'data', 'file=/tmp/tmp5na5hqsp/7abo_riw.json', 'init=/tmp/tmp5na5hqsp/t8u7jt4u.json', 'output', 'file=/tmp/tmp5na5hqsp/prophet_model243f3wkq/prophet_model-20250731114527.csv', 'method=optimize', 'algorithm=newton', 'iter=10000']
[2025-07-31T11:45:27.982+0000] {logging_mixin.py:188} WARNING - 11:45:27 - cmdstanpy - INFO - Chain [1] start processing
[2025-07-31T11:45:27.982+0000] {model.py:2058} INFO - Chain [1] start processing
[2025-07-31T11:45:28.301+0000] {logging_mixin.py:188} WARNING - 11:45:28 - cmdstanpy - INFO - Chain [1] done processing
[2025-07-31T11:45:28.301+0000] {model.py:2115} INFO - Chain [1] done processing
[2025-07-31T11:45:28.307+0000] {logging_mixin.py:188} INFO - Erreur pour {'changepoint_prior_scale': 0.01, 'seasonality_prior_scale': 10.0, 'seasonality_mode': 'multiplicative'}: Less data than horizon.
[2025-07-31T11:45:28.308+0000] {logging_mixin.py:188} INFO - Test 7/18: {'changepoint_prior_scale': 0.05, 'seasonality_prior_scale': 1.0, 'seasonality_mode': 'additive'}
[2025-07-31T11:45:28.332+0000] {filesystem.py:118} DEBUG - input tempfile: /tmp/tmp5na5hqsp/aqsrs7dj.json
[2025-07-31T11:45:28.344+0000] {filesystem.py:118} DEBUG - input tempfile: /tmp/tmp5na5hqsp/tsmxbvr1.json
[2025-07-31T11:45:28.346+0000] {model.py:2042} DEBUG - idx 0
[2025-07-31T11:45:28.346+0000] {model.py:2043} DEBUG - running CmdStan, num_threads: None
[2025-07-31T11:45:28.347+0000] {model.py:2055} DEBUG - CmdStan args: ['/home/airflow/.local/lib/python3.11/site-packages/prophet/stan_model/prophet_model.bin', 'random', 'seed=48514', 'data', 'file=/tmp/tmp5na5hqsp/aqsrs7dj.json', 'init=/tmp/tmp5na5hqsp/tsmxbvr1.json', 'output', 'file=/tmp/tmp5na5hqsp/prophet_modelz_du9ql9/prophet_model-20250731114528.csv', 'method=optimize', 'algorithm=newton', 'iter=10000']
[2025-07-31T11:45:28.347+0000] {logging_mixin.py:188} WARNING - 11:45:28 - cmdstanpy - INFO - Chain [1] start processing
[2025-07-31T11:45:28.347+0000] {model.py:2058} INFO - Chain [1] start processing
[2025-07-31T11:45:28.636+0000] {logging_mixin.py:188} WARNING - 11:45:28 - cmdstanpy - INFO - Chain [1] done processing
[2025-07-31T11:45:28.635+0000] {model.py:2115} INFO - Chain [1] done processing
[2025-07-31T11:45:28.639+0000] {logging_mixin.py:188} INFO - Erreur pour {'changepoint_prior_scale': 0.05, 'seasonality_prior_scale': 1.0, 'seasonality_mode': 'additive'}: Less data than horizon.
[2025-07-31T11:45:28.640+0000] {logging_mixin.py:188} INFO - Test 8/18: {'changepoint_prior_scale': 0.05, 'seasonality_prior_scale': 1.0, 'seasonality_mode': 'multiplicative'}
[2025-07-31T11:45:28.660+0000] {filesystem.py:118} DEBUG - input tempfile: /tmp/tmp5na5hqsp/t9hay94c.json
[2025-07-31T11:45:28.671+0000] {filesystem.py:118} DEBUG - input tempfile: /tmp/tmp5na5hqsp/f0u9j7bj.json
[2025-07-31T11:45:28.673+0000] {model.py:2042} DEBUG - idx 0
[2025-07-31T11:45:28.674+0000] {model.py:2043} DEBUG - running CmdStan, num_threads: None
[2025-07-31T11:45:28.674+0000] {model.py:2055} DEBUG - CmdStan args: ['/home/airflow/.local/lib/python3.11/site-packages/prophet/stan_model/prophet_model.bin', 'random', 'seed=618', 'data', 'file=/tmp/tmp5na5hqsp/t9hay94c.json', 'init=/tmp/tmp5na5hqsp/f0u9j7bj.json', 'output', 'file=/tmp/tmp5na5hqsp/prophet_modelx_up5vqu/prophet_model-20250731114528.csv', 'method=optimize', 'algorithm=newton', 'iter=10000']
[2025-07-31T11:45:28.675+0000] {logging_mixin.py:188} WARNING - 11:45:28 - cmdstanpy - INFO - Chain [1] start processing
[2025-07-31T11:45:28.675+0000] {model.py:2058} INFO - Chain [1] start processing
[2025-07-31T11:45:29.362+0000] {logging_mixin.py:188} WARNING - 11:45:29 - cmdstanpy - INFO - Chain [1] done processing
[2025-07-31T11:45:29.361+0000] {model.py:2115} INFO - Chain [1] done processing
[2025-07-31T11:45:29.366+0000] {logging_mixin.py:188} INFO - Erreur pour {'changepoint_prior_scale': 0.05, 'seasonality_prior_scale': 1.0, 'seasonality_mode': 'multiplicative'}: Less data than horizon.
[2025-07-31T11:45:29.367+0000] {logging_mixin.py:188} INFO - Test 9/18: {'changepoint_prior_scale': 0.05, 'seasonality_prior_scale': 5.0, 'seasonality_mode': 'additive'}
[2025-07-31T11:45:29.388+0000] {filesystem.py:118} DEBUG - input tempfile: /tmp/tmp5na5hqsp/7_65bvi_.json
[2025-07-31T11:45:29.402+0000] {filesystem.py:118} DEBUG - input tempfile: /tmp/tmp5na5hqsp/em51xeqv.json
[2025-07-31T11:45:29.405+0000] {model.py:2042} DEBUG - idx 0
[2025-07-31T11:45:29.406+0000] {model.py:2043} DEBUG - running CmdStan, num_threads: None
[2025-07-31T11:45:29.406+0000] {model.py:2055} DEBUG - CmdStan args: ['/home/airflow/.local/lib/python3.11/site-packages/prophet/stan_model/prophet_model.bin', 'random', 'seed=4266', 'data', 'file=/tmp/tmp5na5hqsp/7_65bvi_.json', 'init=/tmp/tmp5na5hqsp/em51xeqv.json', 'output', 'file=/tmp/tmp5na5hqsp/prophet_model7b8fs46b/prophet_model-20250731114529.csv', 'method=optimize', 'algorithm=newton', 'iter=10000']
[2025-07-31T11:45:29.407+0000] {logging_mixin.py:188} WARNING - 11:45:29 - cmdstanpy - INFO - Chain [1] start processing
[2025-07-31T11:45:29.407+0000] {model.py:2058} INFO - Chain [1] start processing
[2025-07-31T11:45:29.648+0000] {logging_mixin.py:188} WARNING - 11:45:29 - cmdstanpy - INFO - Chain [1] done processing
[2025-07-31T11:45:29.648+0000] {model.py:2115} INFO - Chain [1] done processing
[2025-07-31T11:45:29.651+0000] {logging_mixin.py:188} INFO - Erreur pour {'changepoint_prior_scale': 0.05, 'seasonality_prior_scale': 5.0, 'seasonality_mode': 'additive'}: Less data than horizon.
[2025-07-31T11:45:29.652+0000] {logging_mixin.py:188} INFO - Test 10/18: {'changepoint_prior_scale': 0.05, 'seasonality_prior_scale': 5.0, 'seasonality_mode': 'multiplicative'}
[2025-07-31T11:45:29.671+0000] {filesystem.py:118} DEBUG - input tempfile: /tmp/tmp5na5hqsp/xuqs217p.json
[2025-07-31T11:45:29.680+0000] {filesystem.py:118} DEBUG - input tempfile: /tmp/tmp5na5hqsp/2kng0k_9.json
[2025-07-31T11:45:29.685+0000] {model.py:2042} DEBUG - idx 0
[2025-07-31T11:45:29.686+0000] {model.py:2043} DEBUG - running CmdStan, num_threads: None
[2025-07-31T11:45:29.687+0000] {model.py:2055} DEBUG - CmdStan args: ['/home/airflow/.local/lib/python3.11/site-packages/prophet/stan_model/prophet_model.bin', 'random', 'seed=87468', 'data', 'file=/tmp/tmp5na5hqsp/xuqs217p.json', 'init=/tmp/tmp5na5hqsp/2kng0k_9.json', 'output', 'file=/tmp/tmp5na5hqsp/prophet_model5fo1zyt1/prophet_model-20250731114529.csv', 'method=optimize', 'algorithm=newton', 'iter=10000']
[2025-07-31T11:45:29.687+0000] {logging_mixin.py:188} WARNING - 11:45:29 - cmdstanpy - INFO - Chain [1] start processing
[2025-07-31T11:45:29.687+0000] {model.py:2058} INFO - Chain [1] start processing
[2025-07-31T11:45:29.981+0000] {logging_mixin.py:188} WARNING - 11:45:29 - cmdstanpy - INFO - Chain [1] done processing
[2025-07-31T11:45:29.981+0000] {model.py:2115} INFO - Chain [1] done processing
[2025-07-31T11:45:29.985+0000] {logging_mixin.py:188} INFO - Erreur pour {'changepoint_prior_scale': 0.05, 'seasonality_prior_scale': 5.0, 'seasonality_mode': 'multiplicative'}: Less data than horizon.
[2025-07-31T11:45:29.985+0000] {logging_mixin.py:188} INFO - Test 11/18: {'changepoint_prior_scale': 0.05, 'seasonality_prior_scale': 10.0, 'seasonality_mode': 'additive'}
[2025-07-31T11:45:30.008+0000] {filesystem.py:118} DEBUG - input tempfile: /tmp/tmp5na5hqsp/wjsfntuu.json
[2025-07-31T11:45:30.018+0000] {filesystem.py:118} DEBUG - input tempfile: /tmp/tmp5na5hqsp/yv8s_6ht.json
[2025-07-31T11:45:30.024+0000] {model.py:2042} DEBUG - idx 0
[2025-07-31T11:45:30.024+0000] {model.py:2043} DEBUG - running CmdStan, num_threads: None
[2025-07-31T11:45:30.025+0000] {model.py:2055} DEBUG - CmdStan args: ['/home/airflow/.local/lib/python3.11/site-packages/prophet/stan_model/prophet_model.bin', 'random', 'seed=75996', 'data', 'file=/tmp/tmp5na5hqsp/wjsfntuu.json', 'init=/tmp/tmp5na5hqsp/yv8s_6ht.json', 'output', 'file=/tmp/tmp5na5hqsp/prophet_modelsu1nouma/prophet_model-20250731114530.csv', 'method=optimize', 'algorithm=newton', 'iter=10000']
[2025-07-31T11:45:30.025+0000] {logging_mixin.py:188} WARNING - 11:45:30 - cmdstanpy - INFO - Chain [1] start processing
[2025-07-31T11:45:30.025+0000] {model.py:2058} INFO - Chain [1] start processing
[2025-07-31T11:45:30.302+0000] {logging_mixin.py:188} WARNING - 11:45:30 - cmdstanpy - INFO - Chain [1] done processing
[2025-07-31T11:45:30.302+0000] {model.py:2115} INFO - Chain [1] done processing
[2025-07-31T11:45:30.306+0000] {logging_mixin.py:188} INFO - Erreur pour {'changepoint_prior_scale': 0.05, 'seasonality_prior_scale': 10.0, 'seasonality_mode': 'additive'}: Less data than horizon.
[2025-07-31T11:45:30.306+0000] {logging_mixin.py:188} INFO - Test 12/18: {'changepoint_prior_scale': 0.05, 'seasonality_prior_scale': 10.0, 'seasonality_mode': 'multiplicative'}
[2025-07-31T11:45:30.327+0000] {filesystem.py:118} DEBUG - input tempfile: /tmp/tmp5na5hqsp/985sdwas.json
[2025-07-31T11:45:30.341+0000] {filesystem.py:118} DEBUG - input tempfile: /tmp/tmp5na5hqsp/o3i4tfzg.json
[2025-07-31T11:45:30.343+0000] {model.py:2042} DEBUG - idx 0
[2025-07-31T11:45:30.344+0000] {model.py:2043} DEBUG - running CmdStan, num_threads: None
[2025-07-31T11:45:30.345+0000] {model.py:2055} DEBUG - CmdStan args: ['/home/airflow/.local/lib/python3.11/site-packages/prophet/stan_model/prophet_model.bin', 'random', 'seed=99194', 'data', 'file=/tmp/tmp5na5hqsp/985sdwas.json', 'init=/tmp/tmp5na5hqsp/o3i4tfzg.json', 'output', 'file=/tmp/tmp5na5hqsp/prophet_modelhmvpi76v/prophet_model-20250731114530.csv', 'method=optimize', 'algorithm=newton', 'iter=10000']
[2025-07-31T11:45:30.346+0000] {logging_mixin.py:188} WARNING - 11:45:30 - cmdstanpy - INFO - Chain [1] start processing
[2025-07-31T11:45:30.346+0000] {model.py:2058} INFO - Chain [1] start processing
[2025-07-31T11:45:30.638+0000] {logging_mixin.py:188} WARNING - 11:45:30 - cmdstanpy - INFO - Chain [1] done processing
[2025-07-31T11:45:30.638+0000] {model.py:2115} INFO - Chain [1] done processing
[2025-07-31T11:45:30.641+0000] {logging_mixin.py:188} INFO - Erreur pour {'changepoint_prior_scale': 0.05, 'seasonality_prior_scale': 10.0, 'seasonality_mode': 'multiplicative'}: Less data than horizon.
[2025-07-31T11:45:30.641+0000] {logging_mixin.py:188} INFO - Test 13/18: {'changepoint_prior_scale': 0.1, 'seasonality_prior_scale': 1.0, 'seasonality_mode': 'additive'}
[2025-07-31T11:45:30.659+0000] {filesystem.py:118} DEBUG - input tempfile: /tmp/tmp5na5hqsp/w9zwmeot.json
[2025-07-31T11:45:30.671+0000] {filesystem.py:118} DEBUG - input tempfile: /tmp/tmp5na5hqsp/ikqwzcsk.json
[2025-07-31T11:45:30.674+0000] {model.py:2042} DEBUG - idx 0
[2025-07-31T11:45:30.675+0000] {model.py:2043} DEBUG - running CmdStan, num_threads: None
[2025-07-31T11:45:30.676+0000] {model.py:2055} DEBUG - CmdStan args: ['/home/airflow/.local/lib/python3.11/site-packages/prophet/stan_model/prophet_model.bin', 'random', 'seed=89163', 'data', 'file=/tmp/tmp5na5hqsp/w9zwmeot.json', 'init=/tmp/tmp5na5hqsp/ikqwzcsk.json', 'output', 'file=/tmp/tmp5na5hqsp/prophet_model28lh21of/prophet_model-20250731114530.csv', 'method=optimize', 'algorithm=newton', 'iter=10000']
[2025-07-31T11:45:30.676+0000] {logging_mixin.py:188} WARNING - 11:45:30 - cmdstanpy - INFO - Chain [1] start processing
[2025-07-31T11:45:30.676+0000] {model.py:2058} INFO - Chain [1] start processing
[2025-07-31T11:45:30.967+0000] {logging_mixin.py:188} WARNING - 11:45:30 - cmdstanpy - INFO - Chain [1] done processing
[2025-07-31T11:45:30.967+0000] {model.py:2115} INFO - Chain [1] done processing
[2025-07-31T11:45:30.971+0000] {logging_mixin.py:188} INFO - Erreur pour {'changepoint_prior_scale': 0.1, 'seasonality_prior_scale': 1.0, 'seasonality_mode': 'additive'}: Less data than horizon.
[2025-07-31T11:45:30.971+0000] {logging_mixin.py:188} INFO - Test 14/18: {'changepoint_prior_scale': 0.1, 'seasonality_prior_scale': 1.0, 'seasonality_mode': 'multiplicative'}
[2025-07-31T11:45:30.992+0000] {filesystem.py:118} DEBUG - input tempfile: /tmp/tmp5na5hqsp/d73mguoz.json
[2025-07-31T11:45:31.006+0000] {filesystem.py:118} DEBUG - input tempfile: /tmp/tmp5na5hqsp/_fjx0e3b.json
[2025-07-31T11:45:31.011+0000] {model.py:2042} DEBUG - idx 0
[2025-07-31T11:45:31.011+0000] {model.py:2043} DEBUG - running CmdStan, num_threads: None
[2025-07-31T11:45:31.012+0000] {model.py:2055} DEBUG - CmdStan args: ['/home/airflow/.local/lib/python3.11/site-packages/prophet/stan_model/prophet_model.bin', 'random', 'seed=21825', 'data', 'file=/tmp/tmp5na5hqsp/d73mguoz.json', 'init=/tmp/tmp5na5hqsp/_fjx0e3b.json', 'output', 'file=/tmp/tmp5na5hqsp/prophet_modelpq4gnxsp/prophet_model-20250731114531.csv', 'method=optimize', 'algorithm=newton', 'iter=10000']
[2025-07-31T11:45:31.013+0000] {logging_mixin.py:188} WARNING - 11:45:31 - cmdstanpy - INFO - Chain [1] start processing
[2025-07-31T11:45:31.013+0000] {model.py:2058} INFO - Chain [1] start processing
[2025-07-31T11:45:32.119+0000] {logging_mixin.py:188} WARNING - 11:45:32 - cmdstanpy - INFO - Chain [1] done processing
[2025-07-31T11:45:32.119+0000] {model.py:2115} INFO - Chain [1] done processing
[2025-07-31T11:45:32.123+0000] {logging_mixin.py:188} INFO - Erreur pour {'changepoint_prior_scale': 0.1, 'seasonality_prior_scale': 1.0, 'seasonality_mode': 'multiplicative'}: Less data than horizon.
[2025-07-31T11:45:32.123+0000] {logging_mixin.py:188} INFO - Test 15/18: {'changepoint_prior_scale': 0.1, 'seasonality_prior_scale': 5.0, 'seasonality_mode': 'additive'}
[2025-07-31T11:45:32.139+0000] {filesystem.py:118} DEBUG - input tempfile: /tmp/tmp5na5hqsp/05zzbxlq.json
[2025-07-31T11:45:32.150+0000] {filesystem.py:118} DEBUG - input tempfile: /tmp/tmp5na5hqsp/gffc6_ed.json
[2025-07-31T11:45:32.155+0000] {model.py:2042} DEBUG - idx 0
[2025-07-31T11:45:32.156+0000] {model.py:2043} DEBUG - running CmdStan, num_threads: None
[2025-07-31T11:45:32.156+0000] {model.py:2055} DEBUG - CmdStan args: ['/home/airflow/.local/lib/python3.11/site-packages/prophet/stan_model/prophet_model.bin', 'random', 'seed=69376', 'data', 'file=/tmp/tmp5na5hqsp/05zzbxlq.json', 'init=/tmp/tmp5na5hqsp/gffc6_ed.json', 'output', 'file=/tmp/tmp5na5hqsp/prophet_model_b9oy4n1/prophet_model-20250731114532.csv', 'method=optimize', 'algorithm=newton', 'iter=10000']
[2025-07-31T11:45:32.157+0000] {logging_mixin.py:188} WARNING - 11:45:32 - cmdstanpy - INFO - Chain [1] start processing
[2025-07-31T11:45:32.157+0000] {model.py:2058} INFO - Chain [1] start processing
[2025-07-31T11:45:32.470+0000] {logging_mixin.py:188} WARNING - 11:45:32 - cmdstanpy - INFO - Chain [1] done processing
[2025-07-31T11:45:32.470+0000] {model.py:2115} INFO - Chain [1] done processing
[2025-07-31T11:45:32.473+0000] {logging_mixin.py:188} INFO - Erreur pour {'changepoint_prior_scale': 0.1, 'seasonality_prior_scale': 5.0, 'seasonality_mode': 'additive'}: Less data than horizon.
[2025-07-31T11:45:32.473+0000] {logging_mixin.py:188} INFO - Test 16/18: {'changepoint_prior_scale': 0.1, 'seasonality_prior_scale': 5.0, 'seasonality_mode': 'multiplicative'}
[2025-07-31T11:45:32.491+0000] {filesystem.py:118} DEBUG - input tempfile: /tmp/tmp5na5hqsp/vwo020gm.json
[2025-07-31T11:45:32.505+0000] {filesystem.py:118} DEBUG - input tempfile: /tmp/tmp5na5hqsp/50xiyf2_.json
[2025-07-31T11:45:32.510+0000] {model.py:2042} DEBUG - idx 0
[2025-07-31T11:45:32.511+0000] {model.py:2043} DEBUG - running CmdStan, num_threads: None
[2025-07-31T11:45:32.512+0000] {model.py:2055} DEBUG - CmdStan args: ['/home/airflow/.local/lib/python3.11/site-packages/prophet/stan_model/prophet_model.bin', 'random', 'seed=35627', 'data', 'file=/tmp/tmp5na5hqsp/vwo020gm.json', 'init=/tmp/tmp5na5hqsp/50xiyf2_.json', 'output', 'file=/tmp/tmp5na5hqsp/prophet_model1yi8swbc/prophet_model-20250731114532.csv', 'method=optimize', 'algorithm=newton', 'iter=10000']
[2025-07-31T11:45:32.513+0000] {logging_mixin.py:188} WARNING - 11:45:32 - cmdstanpy - INFO - Chain [1] start processing
[2025-07-31T11:45:32.513+0000] {model.py:2058} INFO - Chain [1] start processing
[2025-07-31T11:45:33.080+0000] {logging_mixin.py:188} WARNING - 11:45:33 - cmdstanpy - INFO - Chain [1] done processing
[2025-07-31T11:45:33.080+0000] {model.py:2115} INFO - Chain [1] done processing
[2025-07-31T11:45:33.083+0000] {logging_mixin.py:188} INFO - Erreur pour {'changepoint_prior_scale': 0.1, 'seasonality_prior_scale': 5.0, 'seasonality_mode': 'multiplicative'}: Less data than horizon.
[2025-07-31T11:45:33.084+0000] {logging_mixin.py:188} INFO - Test 17/18: {'changepoint_prior_scale': 0.1, 'seasonality_prior_scale': 10.0, 'seasonality_mode': 'additive'}
[2025-07-31T11:45:33.107+0000] {filesystem.py:118} DEBUG - input tempfile: /tmp/tmp5na5hqsp/d_aca4z1.json
[2025-07-31T11:45:33.121+0000] {filesystem.py:118} DEBUG - input tempfile: /tmp/tmp5na5hqsp/xaf406ce.json
[2025-07-31T11:45:33.124+0000] {model.py:2042} DEBUG - idx 0
[2025-07-31T11:45:33.124+0000] {model.py:2043} DEBUG - running CmdStan, num_threads: None
[2025-07-31T11:45:33.125+0000] {model.py:2055} DEBUG - CmdStan args: ['/home/airflow/.local/lib/python3.11/site-packages/prophet/stan_model/prophet_model.bin', 'random', 'seed=91212', 'data', 'file=/tmp/tmp5na5hqsp/d_aca4z1.json', 'init=/tmp/tmp5na5hqsp/xaf406ce.json', 'output', 'file=/tmp/tmp5na5hqsp/prophet_modeljeqzdakp/prophet_model-20250731114533.csv', 'method=optimize', 'algorithm=newton', 'iter=10000']
[2025-07-31T11:45:33.126+0000] {logging_mixin.py:188} WARNING - 11:45:33 - cmdstanpy - INFO - Chain [1] start processing
[2025-07-31T11:45:33.126+0000] {model.py:2058} INFO - Chain [1] start processing
[2025-07-31T11:45:33.514+0000] {logging_mixin.py:188} WARNING - 11:45:33 - cmdstanpy - INFO - Chain [1] done processing
[2025-07-31T11:45:33.514+0000] {model.py:2115} INFO - Chain [1] done processing
[2025-07-31T11:45:33.518+0000] {logging_mixin.py:188} INFO - Erreur pour {'changepoint_prior_scale': 0.1, 'seasonality_prior_scale': 10.0, 'seasonality_mode': 'additive'}: Less data than horizon.
[2025-07-31T11:45:33.519+0000] {logging_mixin.py:188} INFO - Test 18/18: {'changepoint_prior_scale': 0.1, 'seasonality_prior_scale': 10.0, 'seasonality_mode': 'multiplicative'}
[2025-07-31T11:45:33.542+0000] {filesystem.py:118} DEBUG - input tempfile: /tmp/tmp5na5hqsp/rdlpgdg1.json
[2025-07-31T11:45:33.555+0000] {filesystem.py:118} DEBUG - input tempfile: /tmp/tmp5na5hqsp/bjgvpa8k.json
[2025-07-31T11:45:33.557+0000] {model.py:2042} DEBUG - idx 0
[2025-07-31T11:45:33.558+0000] {model.py:2043} DEBUG - running CmdStan, num_threads: None
[2025-07-31T11:45:33.558+0000] {model.py:2055} DEBUG - CmdStan args: ['/home/airflow/.local/lib/python3.11/site-packages/prophet/stan_model/prophet_model.bin', 'random', 'seed=49806', 'data', 'file=/tmp/tmp5na5hqsp/rdlpgdg1.json', 'init=/tmp/tmp5na5hqsp/bjgvpa8k.json', 'output', 'file=/tmp/tmp5na5hqsp/prophet_model9obug5vk/prophet_model-20250731114533.csv', 'method=optimize', 'algorithm=newton', 'iter=10000']
[2025-07-31T11:45:33.559+0000] {logging_mixin.py:188} WARNING - 11:45:33 - cmdstanpy - INFO - Chain [1] start processing
[2025-07-31T11:45:33.559+0000] {model.py:2058} INFO - Chain [1] start processing
[2025-07-31T11:45:33.919+0000] {logging_mixin.py:188} WARNING - 11:45:33 - cmdstanpy - INFO - Chain [1] done processing
[2025-07-31T11:45:33.919+0000] {model.py:2115} INFO - Chain [1] done processing
[2025-07-31T11:45:33.922+0000] {logging_mixin.py:188} INFO - Erreur pour {'changepoint_prior_scale': 0.1, 'seasonality_prior_scale': 10.0, 'seasonality_mode': 'multiplicative'}: Less data than horizon.
[2025-07-31T11:45:33.923+0000] {taskinstance.py:441} INFO - ::group::Post task execution logs
[2025-07-31T11:45:33.923+0000] {taskinstance.py:2905} ERROR - Task failed with exception
Traceback (most recent call last):
  File "/home/airflow/.local/lib/python3.11/site-packages/airflow/models/taskinstance.py", line 465, in _execute_task
    result = _execute_callable(context=context, **execute_callable_kwargs)
             ^^^^^^^^^^^^^^^^^^^^^^^^^^^^^^^^^^^^^^^^^^^^^^^^^^^^^^^^^^^^^
  File "/home/airflow/.local/lib/python3.11/site-packages/airflow/models/taskinstance.py", line 432, in _execute_callable
    return execute_callable(context=context, **execute_callable_kwargs)
           ^^^^^^^^^^^^^^^^^^^^^^^^^^^^^^^^^^^^^^^^^^^^^^^^^^^^^^^^^^^^
  File "/home/airflow/.local/lib/python3.11/site-packages/airflow/models/baseoperator.py", line 401, in wrapper
    return func(self, *args, **kwargs)
           ^^^^^^^^^^^^^^^^^^^^^^^^^^^
  File "/home/airflow/.local/lib/python3.11/site-packages/airflow/operators/python.py", line 235, in execute
    return_value = self.execute_callable()
                   ^^^^^^^^^^^^^^^^^^^^^^^
  File "/home/airflow/.local/lib/python3.11/site-packages/airflow/operators/python.py", line 252, in execute_callable
    return self.python_callable(*self.op_args, **self.op_kwargs)
           ^^^^^^^^^^^^^^^^^^^^^^^^^^^^^^^^^^^^^^^^^^^^^^^^^^^^^
  File "/opt/airflow/dags/scripts/train_prophet.py", line 92, in train_prophet
    best_model_temp, scores_temp = optimize_prophet_model(temp_df)
                                   ^^^^^^^^^^^^^^^^^^^^^^^^^^^^^^^
  File "/opt/airflow/dags/scripts/train_prophet.py", line 44, in optimize_prophet_model
    best = min(results, key=lambda x: x[1])
           ^^^^^^^^^^^^^^^^^^^^^^^^^^^^^^^^
ValueError: min() arg is an empty sequence
[2025-07-31T11:45:33.974+0000] {taskinstance.py:1206} INFO - Marking task as UP_FOR_RETRY. dag_id=solar_ai_pipeline_2, task_id=train_prophet, run_id=scheduled__2023-07-02T00:00:00+00:00, execution_date=20230702T000000, start_date=20250731T114523, end_date=20250731T114533
[2025-07-31T11:45:34.097+0000] {standard_task_runner.py:110} ERROR - Failed to execute job 2885 for task train_prophet (min() arg is an empty sequence; 3124)
[2025-07-31T11:45:34.168+0000] {local_task_job_runner.py:240} INFO - Task exited with return code 1
[2025-07-31T11:45:34.294+0000] {taskinstance.py:3503} INFO - 0 downstream tasks scheduled from follow-on schedule check
[2025-07-31T11:45:34.302+0000] {local_task_job_runner.py:222} INFO - ::endgroup::
