[2025-07-31T11:55:49.518+0000] {local_task_job_runner.py:120} INFO - ::group::Pre task execution logs
[2025-07-31T11:55:49.642+0000] {taskinstance.py:2076} INFO - Dependencies all met for dep_context=non-requeueable deps ti=<TaskInstance: solar_ai_pipeline_2.train_prophet scheduled__2023-07-02T00:00:00+00:00 [queued]>
[2025-07-31T11:55:49.681+0000] {taskinstance.py:2076} INFO - Dependencies all met for dep_context=requeueable deps ti=<TaskInstance: solar_ai_pipeline_2.train_prophet scheduled__2023-07-02T00:00:00+00:00 [queued]>
[2025-07-31T11:55:49.686+0000] {taskinstance.py:2306} INFO - Starting attempt 4 of 4
[2025-07-31T11:55:49.789+0000] {taskinstance.py:2330} INFO - Executing <Task(PythonOperator): train_prophet> on 2023-07-02 00:00:00+00:00
[2025-07-31T11:55:49.800+0000] {standard_task_runner.py:63} INFO - Started process 3899 to run task
[2025-07-31T11:55:49.808+0000] {standard_task_runner.py:90} INFO - Running: ['airflow', 'tasks', 'run', 'solar_ai_pipeline_2', 'train_prophet', 'scheduled__2023-07-02T00:00:00+00:00', '--job-id', '2915', '--raw', '--subdir', 'DAGS_FOLDER/prophet_pipeline.py', '--cfg-path', '/tmp/tmpbovu458o']
[2025-07-31T11:55:49.813+0000] {standard_task_runner.py:91} INFO - Job 2915: Subtask train_prophet
[2025-07-31T11:55:50.091+0000] {task_command.py:426} INFO - Running <TaskInstance: solar_ai_pipeline_2.train_prophet scheduled__2023-07-02T00:00:00+00:00 [running]> on host a2a0dd314bdc
[2025-07-31T11:55:50.517+0000] {taskinstance.py:2648} INFO - Exporting env vars: AIRFLOW_CTX_DAG_OWNER='ensam' AIRFLOW_CTX_DAG_ID='solar_ai_pipeline_2' AIRFLOW_CTX_TASK_ID='train_prophet' AIRFLOW_CTX_EXECUTION_DATE='2023-07-02T00:00:00+00:00' AIRFLOW_CTX_TRY_NUMBER='4' AIRFLOW_CTX_DAG_RUN_ID='scheduled__2023-07-02T00:00:00+00:00'
[2025-07-31T11:55:50.519+0000] {taskinstance.py:430} INFO - ::endgroup::
[2025-07-31T11:55:51.482+0000] {plot.py:39} ERROR - Importing plotly failed. Interactive plots will not work.
[2025-07-31T11:55:51.496+0000] {logging_mixin.py:188} INFO - Training from 2023-01-01 to 2023-01-03
[2025-07-31T11:55:51.667+0000] {logging_mixin.py:188} INFO - Test 1/18: {'changepoint_prior_scale': 0.01, 'seasonality_prior_scale': 1.0, 'seasonality_mode': 'additive'}
[2025-07-31T11:55:51.751+0000] {filesystem.py:118} DEBUG - input tempfile: /tmp/tmpap770sky/avt8qjkx.json
[2025-07-31T11:55:51.761+0000] {filesystem.py:118} DEBUG - input tempfile: /tmp/tmpap770sky/__w9ijn3.json
[2025-07-31T11:55:51.765+0000] {model.py:2042} DEBUG - idx 0
[2025-07-31T11:55:51.766+0000] {model.py:2043} DEBUG - running CmdStan, num_threads: None
[2025-07-31T11:55:51.766+0000] {model.py:2055} DEBUG - CmdStan args: ['/home/airflow/.local/lib/python3.11/site-packages/prophet/stan_model/prophet_model.bin', 'random', 'seed=72580', 'data', 'file=/tmp/tmpap770sky/avt8qjkx.json', 'init=/tmp/tmpap770sky/__w9ijn3.json', 'output', 'file=/tmp/tmpap770sky/prophet_modelzwp7u7es/prophet_model-20250731115551.csv', 'method=optimize', 'algorithm=newton', 'iter=10000']
[2025-07-31T11:55:51.767+0000] {logging_mixin.py:188} WARNING - 11:55:51 - cmdstanpy - INFO - Chain [1] start processing
[2025-07-31T11:55:51.767+0000] {model.py:2058} INFO - Chain [1] start processing
[2025-07-31T11:55:52.185+0000] {logging_mixin.py:188} WARNING - 11:55:52 - cmdstanpy - INFO - Chain [1] done processing
[2025-07-31T11:55:52.185+0000] {model.py:2115} INFO - Chain [1] done processing
[2025-07-31T11:55:52.189+0000] {logging_mixin.py:188} INFO - Erreur pour {'changepoint_prior_scale': 0.01, 'seasonality_prior_scale': 1.0, 'seasonality_mode': 'additive'}: Less data than horizon.
[2025-07-31T11:55:52.190+0000] {logging_mixin.py:188} INFO - Test 2/18: {'changepoint_prior_scale': 0.01, 'seasonality_prior_scale': 1.0, 'seasonality_mode': 'multiplicative'}
[2025-07-31T11:55:52.216+0000] {filesystem.py:118} DEBUG - input tempfile: /tmp/tmpap770sky/y_vvdq49.json
[2025-07-31T11:55:52.233+0000] {filesystem.py:118} DEBUG - input tempfile: /tmp/tmpap770sky/glvd7ho0.json
[2025-07-31T11:55:52.235+0000] {model.py:2042} DEBUG - idx 0
[2025-07-31T11:55:52.236+0000] {model.py:2043} DEBUG - running CmdStan, num_threads: None
[2025-07-31T11:55:52.237+0000] {model.py:2055} DEBUG - CmdStan args: ['/home/airflow/.local/lib/python3.11/site-packages/prophet/stan_model/prophet_model.bin', 'random', 'seed=28665', 'data', 'file=/tmp/tmpap770sky/y_vvdq49.json', 'init=/tmp/tmpap770sky/glvd7ho0.json', 'output', 'file=/tmp/tmpap770sky/prophet_modelnasf607u/prophet_model-20250731115552.csv', 'method=optimize', 'algorithm=newton', 'iter=10000']
[2025-07-31T11:55:52.238+0000] {logging_mixin.py:188} WARNING - 11:55:52 - cmdstanpy - INFO - Chain [1] start processing
[2025-07-31T11:55:52.238+0000] {model.py:2058} INFO - Chain [1] start processing
[2025-07-31T11:55:52.530+0000] {logging_mixin.py:188} WARNING - 11:55:52 - cmdstanpy - INFO - Chain [1] done processing
[2025-07-31T11:55:52.530+0000] {model.py:2115} INFO - Chain [1] done processing
[2025-07-31T11:55:52.534+0000] {logging_mixin.py:188} INFO - Erreur pour {'changepoint_prior_scale': 0.01, 'seasonality_prior_scale': 1.0, 'seasonality_mode': 'multiplicative'}: Less data than horizon.
[2025-07-31T11:55:52.535+0000] {logging_mixin.py:188} INFO - Test 3/18: {'changepoint_prior_scale': 0.01, 'seasonality_prior_scale': 5.0, 'seasonality_mode': 'additive'}
[2025-07-31T11:55:52.555+0000] {filesystem.py:118} DEBUG - input tempfile: /tmp/tmpap770sky/vuct_lpl.json
[2025-07-31T11:55:52.573+0000] {filesystem.py:118} DEBUG - input tempfile: /tmp/tmpap770sky/g28h1mta.json
[2025-07-31T11:55:52.576+0000] {model.py:2042} DEBUG - idx 0
[2025-07-31T11:55:52.577+0000] {model.py:2043} DEBUG - running CmdStan, num_threads: None
[2025-07-31T11:55:52.578+0000] {model.py:2055} DEBUG - CmdStan args: ['/home/airflow/.local/lib/python3.11/site-packages/prophet/stan_model/prophet_model.bin', 'random', 'seed=94302', 'data', 'file=/tmp/tmpap770sky/vuct_lpl.json', 'init=/tmp/tmpap770sky/g28h1mta.json', 'output', 'file=/tmp/tmpap770sky/prophet_modelwdrt1m2d/prophet_model-20250731115552.csv', 'method=optimize', 'algorithm=newton', 'iter=10000']
[2025-07-31T11:55:52.579+0000] {logging_mixin.py:188} WARNING - 11:55:52 - cmdstanpy - INFO - Chain [1] start processing
[2025-07-31T11:55:52.579+0000] {model.py:2058} INFO - Chain [1] start processing
[2025-07-31T11:55:52.796+0000] {logging_mixin.py:188} WARNING - 11:55:52 - cmdstanpy - INFO - Chain [1] done processing
[2025-07-31T11:55:52.796+0000] {model.py:2115} INFO - Chain [1] done processing
[2025-07-31T11:55:52.799+0000] {logging_mixin.py:188} INFO - Erreur pour {'changepoint_prior_scale': 0.01, 'seasonality_prior_scale': 5.0, 'seasonality_mode': 'additive'}: Less data than horizon.
[2025-07-31T11:55:52.800+0000] {logging_mixin.py:188} INFO - Test 4/18: {'changepoint_prior_scale': 0.01, 'seasonality_prior_scale': 5.0, 'seasonality_mode': 'multiplicative'}
[2025-07-31T11:55:52.821+0000] {filesystem.py:118} DEBUG - input tempfile: /tmp/tmpap770sky/7pr4z754.json
[2025-07-31T11:55:52.832+0000] {filesystem.py:118} DEBUG - input tempfile: /tmp/tmpap770sky/1du2krf4.json
[2025-07-31T11:55:52.837+0000] {model.py:2042} DEBUG - idx 0
[2025-07-31T11:55:52.838+0000] {model.py:2043} DEBUG - running CmdStan, num_threads: None
[2025-07-31T11:55:52.838+0000] {model.py:2055} DEBUG - CmdStan args: ['/home/airflow/.local/lib/python3.11/site-packages/prophet/stan_model/prophet_model.bin', 'random', 'seed=22237', 'data', 'file=/tmp/tmpap770sky/7pr4z754.json', 'init=/tmp/tmpap770sky/1du2krf4.json', 'output', 'file=/tmp/tmpap770sky/prophet_modelnr50mglm/prophet_model-20250731115552.csv', 'method=optimize', 'algorithm=newton', 'iter=10000']
[2025-07-31T11:55:52.839+0000] {logging_mixin.py:188} WARNING - 11:55:52 - cmdstanpy - INFO - Chain [1] start processing
[2025-07-31T11:55:52.839+0000] {model.py:2058} INFO - Chain [1] start processing
[2025-07-31T11:55:53.147+0000] {logging_mixin.py:188} WARNING - 11:55:53 - cmdstanpy - INFO - Chain [1] done processing
[2025-07-31T11:55:53.147+0000] {model.py:2115} INFO - Chain [1] done processing
[2025-07-31T11:55:53.151+0000] {logging_mixin.py:188} INFO - Erreur pour {'changepoint_prior_scale': 0.01, 'seasonality_prior_scale': 5.0, 'seasonality_mode': 'multiplicative'}: Less data than horizon.
[2025-07-31T11:55:53.152+0000] {logging_mixin.py:188} INFO - Test 5/18: {'changepoint_prior_scale': 0.01, 'seasonality_prior_scale': 10.0, 'seasonality_mode': 'additive'}
[2025-07-31T11:55:53.174+0000] {filesystem.py:118} DEBUG - input tempfile: /tmp/tmpap770sky/pannxzgz.json
[2025-07-31T11:55:53.188+0000] {filesystem.py:118} DEBUG - input tempfile: /tmp/tmpap770sky/uco1bw3d.json
[2025-07-31T11:55:53.192+0000] {model.py:2042} DEBUG - idx 0
[2025-07-31T11:55:53.193+0000] {model.py:2043} DEBUG - running CmdStan, num_threads: None
[2025-07-31T11:55:53.194+0000] {model.py:2055} DEBUG - CmdStan args: ['/home/airflow/.local/lib/python3.11/site-packages/prophet/stan_model/prophet_model.bin', 'random', 'seed=7486', 'data', 'file=/tmp/tmpap770sky/pannxzgz.json', 'init=/tmp/tmpap770sky/uco1bw3d.json', 'output', 'file=/tmp/tmpap770sky/prophet_model_q59u45p/prophet_model-20250731115553.csv', 'method=optimize', 'algorithm=newton', 'iter=10000']
[2025-07-31T11:55:53.195+0000] {logging_mixin.py:188} WARNING - 11:55:53 - cmdstanpy - INFO - Chain [1] start processing
[2025-07-31T11:55:53.195+0000] {model.py:2058} INFO - Chain [1] start processing
[2025-07-31T11:55:54.279+0000] {logging_mixin.py:188} WARNING - 11:55:54 - cmdstanpy - INFO - Chain [1] done processing
[2025-07-31T11:55:54.279+0000] {model.py:2115} INFO - Chain [1] done processing
[2025-07-31T11:55:54.283+0000] {logging_mixin.py:188} INFO - Erreur pour {'changepoint_prior_scale': 0.01, 'seasonality_prior_scale': 10.0, 'seasonality_mode': 'additive'}: Less data than horizon.
[2025-07-31T11:55:54.284+0000] {logging_mixin.py:188} INFO - Test 6/18: {'changepoint_prior_scale': 0.01, 'seasonality_prior_scale': 10.0, 'seasonality_mode': 'multiplicative'}
[2025-07-31T11:55:54.302+0000] {filesystem.py:118} DEBUG - input tempfile: /tmp/tmpap770sky/a3paqer6.json
[2025-07-31T11:55:54.313+0000] {filesystem.py:118} DEBUG - input tempfile: /tmp/tmpap770sky/79d8mpru.json
[2025-07-31T11:55:54.318+0000] {model.py:2042} DEBUG - idx 0
[2025-07-31T11:55:54.319+0000] {model.py:2043} DEBUG - running CmdStan, num_threads: None
[2025-07-31T11:55:54.319+0000] {model.py:2055} DEBUG - CmdStan args: ['/home/airflow/.local/lib/python3.11/site-packages/prophet/stan_model/prophet_model.bin', 'random', 'seed=92173', 'data', 'file=/tmp/tmpap770sky/a3paqer6.json', 'init=/tmp/tmpap770sky/79d8mpru.json', 'output', 'file=/tmp/tmpap770sky/prophet_modelocq1yf76/prophet_model-20250731115554.csv', 'method=optimize', 'algorithm=newton', 'iter=10000']
[2025-07-31T11:55:54.320+0000] {logging_mixin.py:188} WARNING - 11:55:54 - cmdstanpy - INFO - Chain [1] start processing
[2025-07-31T11:55:54.320+0000] {model.py:2058} INFO - Chain [1] start processing
[2025-07-31T11:55:54.591+0000] {logging_mixin.py:188} WARNING - 11:55:54 - cmdstanpy - INFO - Chain [1] done processing
[2025-07-31T11:55:54.591+0000] {model.py:2115} INFO - Chain [1] done processing
[2025-07-31T11:55:54.594+0000] {logging_mixin.py:188} INFO - Erreur pour {'changepoint_prior_scale': 0.01, 'seasonality_prior_scale': 10.0, 'seasonality_mode': 'multiplicative'}: Less data than horizon.
[2025-07-31T11:55:54.594+0000] {logging_mixin.py:188} INFO - Test 7/18: {'changepoint_prior_scale': 0.05, 'seasonality_prior_scale': 1.0, 'seasonality_mode': 'additive'}
[2025-07-31T11:55:54.612+0000] {filesystem.py:118} DEBUG - input tempfile: /tmp/tmpap770sky/04ht2ia3.json
[2025-07-31T11:55:54.623+0000] {filesystem.py:118} DEBUG - input tempfile: /tmp/tmpap770sky/08kl_3qs.json
[2025-07-31T11:55:54.628+0000] {model.py:2042} DEBUG - idx 0
[2025-07-31T11:55:54.629+0000] {model.py:2043} DEBUG - running CmdStan, num_threads: None
[2025-07-31T11:55:54.630+0000] {model.py:2055} DEBUG - CmdStan args: ['/home/airflow/.local/lib/python3.11/site-packages/prophet/stan_model/prophet_model.bin', 'random', 'seed=49382', 'data', 'file=/tmp/tmpap770sky/04ht2ia3.json', 'init=/tmp/tmpap770sky/08kl_3qs.json', 'output', 'file=/tmp/tmpap770sky/prophet_modelgsro7oh9/prophet_model-20250731115554.csv', 'method=optimize', 'algorithm=newton', 'iter=10000']
[2025-07-31T11:55:54.631+0000] {logging_mixin.py:188} WARNING - 11:55:54 - cmdstanpy - INFO - Chain [1] start processing
[2025-07-31T11:55:54.630+0000] {model.py:2058} INFO - Chain [1] start processing
[2025-07-31T11:55:55.098+0000] {logging_mixin.py:188} WARNING - 11:55:55 - cmdstanpy - INFO - Chain [1] done processing
[2025-07-31T11:55:55.098+0000] {model.py:2115} INFO - Chain [1] done processing
[2025-07-31T11:55:55.102+0000] {logging_mixin.py:188} INFO - Erreur pour {'changepoint_prior_scale': 0.05, 'seasonality_prior_scale': 1.0, 'seasonality_mode': 'additive'}: Less data than horizon.
[2025-07-31T11:55:55.103+0000] {logging_mixin.py:188} INFO - Test 8/18: {'changepoint_prior_scale': 0.05, 'seasonality_prior_scale': 1.0, 'seasonality_mode': 'multiplicative'}
[2025-07-31T11:55:55.123+0000] {filesystem.py:118} DEBUG - input tempfile: /tmp/tmpap770sky/hx8a35vl.json
[2025-07-31T11:55:55.134+0000] {filesystem.py:118} DEBUG - input tempfile: /tmp/tmpap770sky/81ifzuxf.json
[2025-07-31T11:55:55.136+0000] {model.py:2042} DEBUG - idx 0
[2025-07-31T11:55:55.136+0000] {model.py:2043} DEBUG - running CmdStan, num_threads: None
[2025-07-31T11:55:55.137+0000] {model.py:2055} DEBUG - CmdStan args: ['/home/airflow/.local/lib/python3.11/site-packages/prophet/stan_model/prophet_model.bin', 'random', 'seed=23333', 'data', 'file=/tmp/tmpap770sky/hx8a35vl.json', 'init=/tmp/tmpap770sky/81ifzuxf.json', 'output', 'file=/tmp/tmpap770sky/prophet_modelgezoztfs/prophet_model-20250731115555.csv', 'method=optimize', 'algorithm=newton', 'iter=10000']
[2025-07-31T11:55:55.138+0000] {logging_mixin.py:188} WARNING - 11:55:55 - cmdstanpy - INFO - Chain [1] start processing
[2025-07-31T11:55:55.138+0000] {model.py:2058} INFO - Chain [1] start processing
[2025-07-31T11:55:55.702+0000] {logging_mixin.py:188} WARNING - 11:55:55 - cmdstanpy - INFO - Chain [1] done processing
[2025-07-31T11:55:55.702+0000] {model.py:2115} INFO - Chain [1] done processing
[2025-07-31T11:55:55.705+0000] {logging_mixin.py:188} INFO - Erreur pour {'changepoint_prior_scale': 0.05, 'seasonality_prior_scale': 1.0, 'seasonality_mode': 'multiplicative'}: Less data than horizon.
[2025-07-31T11:55:55.706+0000] {logging_mixin.py:188} INFO - Test 9/18: {'changepoint_prior_scale': 0.05, 'seasonality_prior_scale': 5.0, 'seasonality_mode': 'additive'}
[2025-07-31T11:55:55.729+0000] {filesystem.py:118} DEBUG - input tempfile: /tmp/tmpap770sky/om3whx2v.json
[2025-07-31T11:55:55.742+0000] {filesystem.py:118} DEBUG - input tempfile: /tmp/tmpap770sky/3lhl8cwe.json
[2025-07-31T11:55:55.746+0000] {model.py:2042} DEBUG - idx 0
[2025-07-31T11:55:55.747+0000] {model.py:2043} DEBUG - running CmdStan, num_threads: None
[2025-07-31T11:55:55.748+0000] {model.py:2055} DEBUG - CmdStan args: ['/home/airflow/.local/lib/python3.11/site-packages/prophet/stan_model/prophet_model.bin', 'random', 'seed=36221', 'data', 'file=/tmp/tmpap770sky/om3whx2v.json', 'init=/tmp/tmpap770sky/3lhl8cwe.json', 'output', 'file=/tmp/tmpap770sky/prophet_modelaj5mng_h/prophet_model-20250731115555.csv', 'method=optimize', 'algorithm=newton', 'iter=10000']
[2025-07-31T11:55:55.748+0000] {logging_mixin.py:188} WARNING - 11:55:55 - cmdstanpy - INFO - Chain [1] start processing
[2025-07-31T11:55:55.748+0000] {model.py:2058} INFO - Chain [1] start processing
[2025-07-31T11:55:55.980+0000] {logging_mixin.py:188} WARNING - 11:55:55 - cmdstanpy - INFO - Chain [1] done processing
[2025-07-31T11:55:55.980+0000] {model.py:2115} INFO - Chain [1] done processing
[2025-07-31T11:55:55.983+0000] {logging_mixin.py:188} INFO - Erreur pour {'changepoint_prior_scale': 0.05, 'seasonality_prior_scale': 5.0, 'seasonality_mode': 'additive'}: Less data than horizon.
[2025-07-31T11:55:55.984+0000] {logging_mixin.py:188} INFO - Test 10/18: {'changepoint_prior_scale': 0.05, 'seasonality_prior_scale': 5.0, 'seasonality_mode': 'multiplicative'}
[2025-07-31T11:55:56.001+0000] {filesystem.py:118} DEBUG - input tempfile: /tmp/tmpap770sky/qe1d7qpc.json
[2025-07-31T11:55:56.012+0000] {filesystem.py:118} DEBUG - input tempfile: /tmp/tmpap770sky/onnjp_ow.json
[2025-07-31T11:55:56.016+0000] {model.py:2042} DEBUG - idx 0
[2025-07-31T11:55:56.017+0000] {model.py:2043} DEBUG - running CmdStan, num_threads: None
[2025-07-31T11:55:56.018+0000] {model.py:2055} DEBUG - CmdStan args: ['/home/airflow/.local/lib/python3.11/site-packages/prophet/stan_model/prophet_model.bin', 'random', 'seed=48050', 'data', 'file=/tmp/tmpap770sky/qe1d7qpc.json', 'init=/tmp/tmpap770sky/onnjp_ow.json', 'output', 'file=/tmp/tmpap770sky/prophet_modelg23dgdr3/prophet_model-20250731115556.csv', 'method=optimize', 'algorithm=newton', 'iter=10000']
[2025-07-31T11:55:56.019+0000] {logging_mixin.py:188} WARNING - 11:55:56 - cmdstanpy - INFO - Chain [1] start processing
[2025-07-31T11:55:56.019+0000] {model.py:2058} INFO - Chain [1] start processing
[2025-07-31T11:55:56.380+0000] {logging_mixin.py:188} WARNING - 11:55:56 - cmdstanpy - INFO - Chain [1] done processing
[2025-07-31T11:55:56.380+0000] {model.py:2115} INFO - Chain [1] done processing
[2025-07-31T11:55:56.384+0000] {logging_mixin.py:188} INFO - Erreur pour {'changepoint_prior_scale': 0.05, 'seasonality_prior_scale': 5.0, 'seasonality_mode': 'multiplicative'}: Less data than horizon.
[2025-07-31T11:55:56.385+0000] {logging_mixin.py:188} INFO - Test 11/18: {'changepoint_prior_scale': 0.05, 'seasonality_prior_scale': 10.0, 'seasonality_mode': 'additive'}
[2025-07-31T11:55:56.409+0000] {filesystem.py:118} DEBUG - input tempfile: /tmp/tmpap770sky/_rbltpas.json
[2025-07-31T11:55:56.421+0000] {filesystem.py:118} DEBUG - input tempfile: /tmp/tmpap770sky/lpcmeo66.json
[2025-07-31T11:55:56.426+0000] {model.py:2042} DEBUG - idx 0
[2025-07-31T11:55:56.427+0000] {model.py:2043} DEBUG - running CmdStan, num_threads: None
[2025-07-31T11:55:56.428+0000] {model.py:2055} DEBUG - CmdStan args: ['/home/airflow/.local/lib/python3.11/site-packages/prophet/stan_model/prophet_model.bin', 'random', 'seed=47822', 'data', 'file=/tmp/tmpap770sky/_rbltpas.json', 'init=/tmp/tmpap770sky/lpcmeo66.json', 'output', 'file=/tmp/tmpap770sky/prophet_model20rjqrma/prophet_model-20250731115556.csv', 'method=optimize', 'algorithm=newton', 'iter=10000']
[2025-07-31T11:55:56.429+0000] {logging_mixin.py:188} WARNING - 11:55:56 - cmdstanpy - INFO - Chain [1] start processing
[2025-07-31T11:55:56.429+0000] {model.py:2058} INFO - Chain [1] start processing
[2025-07-31T11:55:56.701+0000] {logging_mixin.py:188} WARNING - 11:55:56 - cmdstanpy - INFO - Chain [1] done processing
[2025-07-31T11:55:56.701+0000] {model.py:2115} INFO - Chain [1] done processing
[2025-07-31T11:55:56.705+0000] {logging_mixin.py:188} INFO - Erreur pour {'changepoint_prior_scale': 0.05, 'seasonality_prior_scale': 10.0, 'seasonality_mode': 'additive'}: Less data than horizon.
[2025-07-31T11:55:56.706+0000] {logging_mixin.py:188} INFO - Test 12/18: {'changepoint_prior_scale': 0.05, 'seasonality_prior_scale': 10.0, 'seasonality_mode': 'multiplicative'}
[2025-07-31T11:55:56.728+0000] {filesystem.py:118} DEBUG - input tempfile: /tmp/tmpap770sky/2kfshtdm.json
[2025-07-31T11:55:56.740+0000] {filesystem.py:118} DEBUG - input tempfile: /tmp/tmpap770sky/d2r3ocat.json
[2025-07-31T11:55:56.745+0000] {model.py:2042} DEBUG - idx 0
[2025-07-31T11:55:56.745+0000] {model.py:2043} DEBUG - running CmdStan, num_threads: None
[2025-07-31T11:55:56.746+0000] {model.py:2055} DEBUG - CmdStan args: ['/home/airflow/.local/lib/python3.11/site-packages/prophet/stan_model/prophet_model.bin', 'random', 'seed=25800', 'data', 'file=/tmp/tmpap770sky/2kfshtdm.json', 'init=/tmp/tmpap770sky/d2r3ocat.json', 'output', 'file=/tmp/tmpap770sky/prophet_modelo9nsw173/prophet_model-20250731115556.csv', 'method=optimize', 'algorithm=newton', 'iter=10000']
[2025-07-31T11:55:56.747+0000] {logging_mixin.py:188} WARNING - 11:55:56 - cmdstanpy - INFO - Chain [1] start processing
[2025-07-31T11:55:56.747+0000] {model.py:2058} INFO - Chain [1] start processing
[2025-07-31T11:55:57.008+0000] {logging_mixin.py:188} WARNING - 11:55:57 - cmdstanpy - INFO - Chain [1] done processing
[2025-07-31T11:55:57.008+0000] {model.py:2115} INFO - Chain [1] done processing
[2025-07-31T11:55:57.011+0000] {logging_mixin.py:188} INFO - Erreur pour {'changepoint_prior_scale': 0.05, 'seasonality_prior_scale': 10.0, 'seasonality_mode': 'multiplicative'}: Less data than horizon.
[2025-07-31T11:55:57.012+0000] {logging_mixin.py:188} INFO - Test 13/18: {'changepoint_prior_scale': 0.1, 'seasonality_prior_scale': 1.0, 'seasonality_mode': 'additive'}
[2025-07-31T11:55:57.027+0000] {filesystem.py:118} DEBUG - input tempfile: /tmp/tmpap770sky/kuate3de.json
[2025-07-31T11:55:57.036+0000] {filesystem.py:118} DEBUG - input tempfile: /tmp/tmpap770sky/rslcli3l.json
[2025-07-31T11:55:57.041+0000] {model.py:2042} DEBUG - idx 0
[2025-07-31T11:55:57.042+0000] {model.py:2043} DEBUG - running CmdStan, num_threads: None
[2025-07-31T11:55:57.042+0000] {model.py:2055} DEBUG - CmdStan args: ['/home/airflow/.local/lib/python3.11/site-packages/prophet/stan_model/prophet_model.bin', 'random', 'seed=44544', 'data', 'file=/tmp/tmpap770sky/kuate3de.json', 'init=/tmp/tmpap770sky/rslcli3l.json', 'output', 'file=/tmp/tmpap770sky/prophet_modelhbmfp3bd/prophet_model-20250731115557.csv', 'method=optimize', 'algorithm=newton', 'iter=10000']
[2025-07-31T11:55:57.043+0000] {logging_mixin.py:188} WARNING - 11:55:57 - cmdstanpy - INFO - Chain [1] start processing
[2025-07-31T11:55:57.043+0000] {model.py:2058} INFO - Chain [1] start processing
[2025-07-31T11:55:57.286+0000] {logging_mixin.py:188} WARNING - 11:55:57 - cmdstanpy - INFO - Chain [1] done processing
[2025-07-31T11:55:57.286+0000] {model.py:2115} INFO - Chain [1] done processing
[2025-07-31T11:55:57.289+0000] {logging_mixin.py:188} INFO - Erreur pour {'changepoint_prior_scale': 0.1, 'seasonality_prior_scale': 1.0, 'seasonality_mode': 'additive'}: Less data than horizon.
[2025-07-31T11:55:57.290+0000] {logging_mixin.py:188} INFO - Test 14/18: {'changepoint_prior_scale': 0.1, 'seasonality_prior_scale': 1.0, 'seasonality_mode': 'multiplicative'}
[2025-07-31T11:55:57.305+0000] {filesystem.py:118} DEBUG - input tempfile: /tmp/tmpap770sky/ow7qklhp.json
[2025-07-31T11:55:57.317+0000] {filesystem.py:118} DEBUG - input tempfile: /tmp/tmpap770sky/a7n2se_4.json
[2025-07-31T11:55:57.319+0000] {model.py:2042} DEBUG - idx 0
[2025-07-31T11:55:57.319+0000] {model.py:2043} DEBUG - running CmdStan, num_threads: None
[2025-07-31T11:55:57.320+0000] {model.py:2055} DEBUG - CmdStan args: ['/home/airflow/.local/lib/python3.11/site-packages/prophet/stan_model/prophet_model.bin', 'random', 'seed=13196', 'data', 'file=/tmp/tmpap770sky/ow7qklhp.json', 'init=/tmp/tmpap770sky/a7n2se_4.json', 'output', 'file=/tmp/tmpap770sky/prophet_modellya2etlb/prophet_model-20250731115557.csv', 'method=optimize', 'algorithm=newton', 'iter=10000']
[2025-07-31T11:55:57.321+0000] {logging_mixin.py:188} WARNING - 11:55:57 - cmdstanpy - INFO - Chain [1] start processing
[2025-07-31T11:55:57.321+0000] {model.py:2058} INFO - Chain [1] start processing
[2025-07-31T11:55:58.355+0000] {logging_mixin.py:188} WARNING - 11:55:58 - cmdstanpy - INFO - Chain [1] done processing
[2025-07-31T11:55:58.355+0000] {model.py:2115} INFO - Chain [1] done processing
[2025-07-31T11:55:58.358+0000] {logging_mixin.py:188} INFO - Erreur pour {'changepoint_prior_scale': 0.1, 'seasonality_prior_scale': 1.0, 'seasonality_mode': 'multiplicative'}: Less data than horizon.
[2025-07-31T11:55:58.359+0000] {logging_mixin.py:188} INFO - Test 15/18: {'changepoint_prior_scale': 0.1, 'seasonality_prior_scale': 5.0, 'seasonality_mode': 'additive'}
[2025-07-31T11:55:58.378+0000] {filesystem.py:118} DEBUG - input tempfile: /tmp/tmpap770sky/wo3yo6i7.json
[2025-07-31T11:55:58.387+0000] {filesystem.py:118} DEBUG - input tempfile: /tmp/tmpap770sky/fudhgxdq.json
[2025-07-31T11:55:58.392+0000] {model.py:2042} DEBUG - idx 0
[2025-07-31T11:55:58.393+0000] {model.py:2043} DEBUG - running CmdStan, num_threads: None
[2025-07-31T11:55:58.393+0000] {model.py:2055} DEBUG - CmdStan args: ['/home/airflow/.local/lib/python3.11/site-packages/prophet/stan_model/prophet_model.bin', 'random', 'seed=13957', 'data', 'file=/tmp/tmpap770sky/wo3yo6i7.json', 'init=/tmp/tmpap770sky/fudhgxdq.json', 'output', 'file=/tmp/tmpap770sky/prophet_modelg13zydgs/prophet_model-20250731115558.csv', 'method=optimize', 'algorithm=newton', 'iter=10000']
[2025-07-31T11:55:58.394+0000] {logging_mixin.py:188} WARNING - 11:55:58 - cmdstanpy - INFO - Chain [1] start processing
[2025-07-31T11:55:58.394+0000] {model.py:2058} INFO - Chain [1] start processing
[2025-07-31T11:55:58.637+0000] {logging_mixin.py:188} WARNING - 11:55:58 - cmdstanpy - INFO - Chain [1] done processing
[2025-07-31T11:55:58.637+0000] {model.py:2115} INFO - Chain [1] done processing
[2025-07-31T11:55:58.640+0000] {logging_mixin.py:188} INFO - Erreur pour {'changepoint_prior_scale': 0.1, 'seasonality_prior_scale': 5.0, 'seasonality_mode': 'additive'}: Less data than horizon.
[2025-07-31T11:55:58.641+0000] {logging_mixin.py:188} INFO - Test 16/18: {'changepoint_prior_scale': 0.1, 'seasonality_prior_scale': 5.0, 'seasonality_mode': 'multiplicative'}
[2025-07-31T11:55:58.663+0000] {filesystem.py:118} DEBUG - input tempfile: /tmp/tmpap770sky/vpgmyr75.json
[2025-07-31T11:55:58.676+0000] {filesystem.py:118} DEBUG - input tempfile: /tmp/tmpap770sky/6_b0esi3.json
[2025-07-31T11:55:58.681+0000] {model.py:2042} DEBUG - idx 0
[2025-07-31T11:55:58.681+0000] {model.py:2043} DEBUG - running CmdStan, num_threads: None
[2025-07-31T11:55:58.682+0000] {model.py:2055} DEBUG - CmdStan args: ['/home/airflow/.local/lib/python3.11/site-packages/prophet/stan_model/prophet_model.bin', 'random', 'seed=45600', 'data', 'file=/tmp/tmpap770sky/vpgmyr75.json', 'init=/tmp/tmpap770sky/6_b0esi3.json', 'output', 'file=/tmp/tmpap770sky/prophet_modelshq3xnti/prophet_model-20250731115558.csv', 'method=optimize', 'algorithm=newton', 'iter=10000']
[2025-07-31T11:55:58.683+0000] {logging_mixin.py:188} WARNING - 11:55:58 - cmdstanpy - INFO - Chain [1] start processing
[2025-07-31T11:55:58.683+0000] {model.py:2058} INFO - Chain [1] start processing
[2025-07-31T11:55:59.324+0000] {logging_mixin.py:188} WARNING - 11:55:59 - cmdstanpy - INFO - Chain [1] done processing
[2025-07-31T11:55:59.324+0000] {model.py:2115} INFO - Chain [1] done processing
[2025-07-31T11:55:59.327+0000] {logging_mixin.py:188} INFO - Erreur pour {'changepoint_prior_scale': 0.1, 'seasonality_prior_scale': 5.0, 'seasonality_mode': 'multiplicative'}: Less data than horizon.
[2025-07-31T11:55:59.328+0000] {logging_mixin.py:188} INFO - Test 17/18: {'changepoint_prior_scale': 0.1, 'seasonality_prior_scale': 10.0, 'seasonality_mode': 'additive'}
[2025-07-31T11:55:59.349+0000] {filesystem.py:118} DEBUG - input tempfile: /tmp/tmpap770sky/evux7gyl.json
[2025-07-31T11:55:59.367+0000] {filesystem.py:118} DEBUG - input tempfile: /tmp/tmpap770sky/7kew_upv.json
[2025-07-31T11:55:59.370+0000] {model.py:2042} DEBUG - idx 0
[2025-07-31T11:55:59.371+0000] {model.py:2043} DEBUG - running CmdStan, num_threads: None
[2025-07-31T11:55:59.372+0000] {model.py:2055} DEBUG - CmdStan args: ['/home/airflow/.local/lib/python3.11/site-packages/prophet/stan_model/prophet_model.bin', 'random', 'seed=98663', 'data', 'file=/tmp/tmpap770sky/evux7gyl.json', 'init=/tmp/tmpap770sky/7kew_upv.json', 'output', 'file=/tmp/tmpap770sky/prophet_modelxr1keu9x/prophet_model-20250731115559.csv', 'method=optimize', 'algorithm=newton', 'iter=10000']
[2025-07-31T11:55:59.374+0000] {logging_mixin.py:188} WARNING - 11:55:59 - cmdstanpy - INFO - Chain [1] start processing
[2025-07-31T11:55:59.373+0000] {model.py:2058} INFO - Chain [1] start processing
[2025-07-31T11:55:59.645+0000] {logging_mixin.py:188} WARNING - 11:55:59 - cmdstanpy - INFO - Chain [1] done processing
[2025-07-31T11:55:59.645+0000] {model.py:2115} INFO - Chain [1] done processing
[2025-07-31T11:55:59.648+0000] {logging_mixin.py:188} INFO - Erreur pour {'changepoint_prior_scale': 0.1, 'seasonality_prior_scale': 10.0, 'seasonality_mode': 'additive'}: Less data than horizon.
[2025-07-31T11:55:59.648+0000] {logging_mixin.py:188} INFO - Test 18/18: {'changepoint_prior_scale': 0.1, 'seasonality_prior_scale': 10.0, 'seasonality_mode': 'multiplicative'}
[2025-07-31T11:55:59.663+0000] {filesystem.py:118} DEBUG - input tempfile: /tmp/tmpap770sky/hfxl9wz1.json
[2025-07-31T11:55:59.672+0000] {filesystem.py:118} DEBUG - input tempfile: /tmp/tmpap770sky/dks_dolh.json
[2025-07-31T11:55:59.676+0000] {model.py:2042} DEBUG - idx 0
[2025-07-31T11:55:59.677+0000] {model.py:2043} DEBUG - running CmdStan, num_threads: None
[2025-07-31T11:55:59.678+0000] {model.py:2055} DEBUG - CmdStan args: ['/home/airflow/.local/lib/python3.11/site-packages/prophet/stan_model/prophet_model.bin', 'random', 'seed=52742', 'data', 'file=/tmp/tmpap770sky/hfxl9wz1.json', 'init=/tmp/tmpap770sky/dks_dolh.json', 'output', 'file=/tmp/tmpap770sky/prophet_model3bhygj84/prophet_model-20250731115559.csv', 'method=optimize', 'algorithm=newton', 'iter=10000']
[2025-07-31T11:55:59.678+0000] {logging_mixin.py:188} WARNING - 11:55:59 - cmdstanpy - INFO - Chain [1] start processing
[2025-07-31T11:55:59.678+0000] {model.py:2058} INFO - Chain [1] start processing
[2025-07-31T11:56:00.002+0000] {logging_mixin.py:188} WARNING - 11:56:00 - cmdstanpy - INFO - Chain [1] done processing
[2025-07-31T11:56:00.001+0000] {model.py:2115} INFO - Chain [1] done processing
[2025-07-31T11:56:00.004+0000] {logging_mixin.py:188} INFO - Erreur pour {'changepoint_prior_scale': 0.1, 'seasonality_prior_scale': 10.0, 'seasonality_mode': 'multiplicative'}: Less data than horizon.
[2025-07-31T11:56:00.005+0000] {taskinstance.py:441} INFO - ::group::Post task execution logs
[2025-07-31T11:56:00.006+0000] {taskinstance.py:2905} ERROR - Task failed with exception
Traceback (most recent call last):
  File "/home/airflow/.local/lib/python3.11/site-packages/airflow/models/taskinstance.py", line 465, in _execute_task
    result = _execute_callable(context=context, **execute_callable_kwargs)
             ^^^^^^^^^^^^^^^^^^^^^^^^^^^^^^^^^^^^^^^^^^^^^^^^^^^^^^^^^^^^^
  File "/home/airflow/.local/lib/python3.11/site-packages/airflow/models/taskinstance.py", line 432, in _execute_callable
    return execute_callable(context=context, **execute_callable_kwargs)
           ^^^^^^^^^^^^^^^^^^^^^^^^^^^^^^^^^^^^^^^^^^^^^^^^^^^^^^^^^^^^
  File "/home/airflow/.local/lib/python3.11/site-packages/airflow/models/baseoperator.py", line 401, in wrapper
    return func(self, *args, **kwargs)
           ^^^^^^^^^^^^^^^^^^^^^^^^^^^
  File "/home/airflow/.local/lib/python3.11/site-packages/airflow/operators/python.py", line 235, in execute
    return_value = self.execute_callable()
                   ^^^^^^^^^^^^^^^^^^^^^^^
  File "/home/airflow/.local/lib/python3.11/site-packages/airflow/operators/python.py", line 252, in execute_callable
    return self.python_callable(*self.op_args, **self.op_kwargs)
           ^^^^^^^^^^^^^^^^^^^^^^^^^^^^^^^^^^^^^^^^^^^^^^^^^^^^^
  File "/opt/airflow/dags/scripts/train_prophet.py", line 92, in train_prophet
    best_model_temp, scores_temp = optimize_prophet_model(temp_df)
                                   ^^^^^^^^^^^^^^^^^^^^^^^^^^^^^^^
  File "/opt/airflow/dags/scripts/train_prophet.py", line 44, in optimize_prophet_model
    best = min(results, key=lambda x: x[1])
           ^^^^^^^^^^^^^^^^^^^^^^^^^^^^^^^^
ValueError: min() arg is an empty sequence
[2025-07-31T11:56:00.049+0000] {taskinstance.py:1206} INFO - Marking task as FAILED. dag_id=solar_ai_pipeline_2, task_id=train_prophet, run_id=scheduled__2023-07-02T00:00:00+00:00, execution_date=20230702T000000, start_date=20250731T115549, end_date=20250731T115600
[2025-07-31T11:56:00.164+0000] {standard_task_runner.py:110} ERROR - Failed to execute job 2915 for task train_prophet (min() arg is an empty sequence; 3899)
[2025-07-31T11:56:00.617+0000] {local_task_job_runner.py:240} INFO - Task exited with return code 1
[2025-07-31T11:56:00.683+0000] {taskinstance.py:3503} INFO - 0 downstream tasks scheduled from follow-on schedule check
[2025-07-31T11:56:00.768+0000] {local_task_job_runner.py:222} INFO - ::endgroup::
