[2025-07-31T08:23:07.242+0000] {local_task_job_runner.py:120} INFO - ::group::Pre task execution logs
[2025-07-31T08:23:07.378+0000] {taskinstance.py:2076} INFO - Dependencies all met for dep_context=non-requeueable deps ti=<TaskInstance: solar_ai_pipeline_2.train_prophet scheduled__2023-07-02T00:00:00+00:00 [queued]>
[2025-07-31T08:23:07.425+0000] {taskinstance.py:2076} INFO - Dependencies all met for dep_context=requeueable deps ti=<TaskInstance: solar_ai_pipeline_2.train_prophet scheduled__2023-07-02T00:00:00+00:00 [queued]>
[2025-07-31T08:23:07.429+0000] {taskinstance.py:2306} INFO - Starting attempt 2 of 2
[2025-07-31T08:23:07.508+0000] {taskinstance.py:2330} INFO - Executing <Task(PythonOperator): train_prophet> on 2023-07-02 00:00:00+00:00
[2025-07-31T08:23:07.519+0000] {standard_task_runner.py:63} INFO - Started process 4405 to run task
[2025-07-31T08:23:07.531+0000] {standard_task_runner.py:90} INFO - Running: ['airflow', 'tasks', 'run', 'solar_ai_pipeline_2', 'train_prophet', 'scheduled__2023-07-02T00:00:00+00:00', '--job-id', '2113', '--raw', '--subdir', 'DAGS_FOLDER/prophet_pipeline.py', '--cfg-path', '/tmp/tmpkhja841l']
[2025-07-31T08:23:07.536+0000] {standard_task_runner.py:91} INFO - Job 2113: Subtask train_prophet
[2025-07-31T08:23:07.783+0000] {task_command.py:426} INFO - Running <TaskInstance: solar_ai_pipeline_2.train_prophet scheduled__2023-07-02T00:00:00+00:00 [running]> on host 4c586ddbbbe9
[2025-07-31T08:23:08.342+0000] {taskinstance.py:2648} INFO - Exporting env vars: AIRFLOW_CTX_DAG_OWNER='ensam' AIRFLOW_CTX_DAG_ID='solar_ai_pipeline_2' AIRFLOW_CTX_TASK_ID='train_prophet' AIRFLOW_CTX_EXECUTION_DATE='2023-07-02T00:00:00+00:00' AIRFLOW_CTX_TRY_NUMBER='2' AIRFLOW_CTX_DAG_RUN_ID='scheduled__2023-07-02T00:00:00+00:00'
[2025-07-31T08:23:08.344+0000] {taskinstance.py:430} INFO - ::endgroup::
[2025-07-31T08:23:09.629+0000] {plot.py:39} ERROR - Importing plotly failed. Interactive plots will not work.
[2025-07-31T08:23:09.645+0000] {logging_mixin.py:188} INFO - Training from 2023-01-01 to 2023-01-03
[2025-07-31T08:23:09.840+0000] {logging_mixin.py:188} INFO - Test 1/18: {'changepoint_prior_scale': 0.01, 'seasonality_prior_scale': 1.0, 'seasonality_mode': 'additive'}
[2025-07-31T08:23:09.897+0000] {logging_mixin.py:188} INFO - Erreur pour {'changepoint_prior_scale': 0.01, 'seasonality_prior_scale': 1.0, 'seasonality_mode': 'additive'}: Column ds has timezone specified, which is not supported. Remove timezone.
[2025-07-31T08:23:09.899+0000] {logging_mixin.py:188} INFO - Test 2/18: {'changepoint_prior_scale': 0.01, 'seasonality_prior_scale': 1.0, 'seasonality_mode': 'multiplicative'}
[2025-07-31T08:23:09.903+0000] {logging_mixin.py:188} INFO - Erreur pour {'changepoint_prior_scale': 0.01, 'seasonality_prior_scale': 1.0, 'seasonality_mode': 'multiplicative'}: Column ds has timezone specified, which is not supported. Remove timezone.
[2025-07-31T08:23:09.904+0000] {logging_mixin.py:188} INFO - Test 3/18: {'changepoint_prior_scale': 0.01, 'seasonality_prior_scale': 5.0, 'seasonality_mode': 'additive'}
[2025-07-31T08:23:09.909+0000] {logging_mixin.py:188} INFO - Erreur pour {'changepoint_prior_scale': 0.01, 'seasonality_prior_scale': 5.0, 'seasonality_mode': 'additive'}: Column ds has timezone specified, which is not supported. Remove timezone.
[2025-07-31T08:23:09.910+0000] {logging_mixin.py:188} INFO - Test 4/18: {'changepoint_prior_scale': 0.01, 'seasonality_prior_scale': 5.0, 'seasonality_mode': 'multiplicative'}
[2025-07-31T08:23:09.915+0000] {logging_mixin.py:188} INFO - Erreur pour {'changepoint_prior_scale': 0.01, 'seasonality_prior_scale': 5.0, 'seasonality_mode': 'multiplicative'}: Column ds has timezone specified, which is not supported. Remove timezone.
[2025-07-31T08:23:09.916+0000] {logging_mixin.py:188} INFO - Test 5/18: {'changepoint_prior_scale': 0.01, 'seasonality_prior_scale': 10.0, 'seasonality_mode': 'additive'}
[2025-07-31T08:23:09.921+0000] {logging_mixin.py:188} INFO - Erreur pour {'changepoint_prior_scale': 0.01, 'seasonality_prior_scale': 10.0, 'seasonality_mode': 'additive'}: Column ds has timezone specified, which is not supported. Remove timezone.
[2025-07-31T08:23:09.922+0000] {logging_mixin.py:188} INFO - Test 6/18: {'changepoint_prior_scale': 0.01, 'seasonality_prior_scale': 10.0, 'seasonality_mode': 'multiplicative'}
[2025-07-31T08:23:09.927+0000] {logging_mixin.py:188} INFO - Erreur pour {'changepoint_prior_scale': 0.01, 'seasonality_prior_scale': 10.0, 'seasonality_mode': 'multiplicative'}: Column ds has timezone specified, which is not supported. Remove timezone.
[2025-07-31T08:23:09.928+0000] {logging_mixin.py:188} INFO - Test 7/18: {'changepoint_prior_scale': 0.05, 'seasonality_prior_scale': 1.0, 'seasonality_mode': 'additive'}
[2025-07-31T08:23:09.933+0000] {logging_mixin.py:188} INFO - Erreur pour {'changepoint_prior_scale': 0.05, 'seasonality_prior_scale': 1.0, 'seasonality_mode': 'additive'}: Column ds has timezone specified, which is not supported. Remove timezone.
[2025-07-31T08:23:09.934+0000] {logging_mixin.py:188} INFO - Test 8/18: {'changepoint_prior_scale': 0.05, 'seasonality_prior_scale': 1.0, 'seasonality_mode': 'multiplicative'}
[2025-07-31T08:23:09.939+0000] {logging_mixin.py:188} INFO - Erreur pour {'changepoint_prior_scale': 0.05, 'seasonality_prior_scale': 1.0, 'seasonality_mode': 'multiplicative'}: Column ds has timezone specified, which is not supported. Remove timezone.
[2025-07-31T08:23:09.940+0000] {logging_mixin.py:188} INFO - Test 9/18: {'changepoint_prior_scale': 0.05, 'seasonality_prior_scale': 5.0, 'seasonality_mode': 'additive'}
[2025-07-31T08:23:09.944+0000] {logging_mixin.py:188} INFO - Erreur pour {'changepoint_prior_scale': 0.05, 'seasonality_prior_scale': 5.0, 'seasonality_mode': 'additive'}: Column ds has timezone specified, which is not supported. Remove timezone.
[2025-07-31T08:23:09.946+0000] {logging_mixin.py:188} INFO - Test 10/18: {'changepoint_prior_scale': 0.05, 'seasonality_prior_scale': 5.0, 'seasonality_mode': 'multiplicative'}
[2025-07-31T08:23:09.951+0000] {logging_mixin.py:188} INFO - Erreur pour {'changepoint_prior_scale': 0.05, 'seasonality_prior_scale': 5.0, 'seasonality_mode': 'multiplicative'}: Column ds has timezone specified, which is not supported. Remove timezone.
[2025-07-31T08:23:09.952+0000] {logging_mixin.py:188} INFO - Test 11/18: {'changepoint_prior_scale': 0.05, 'seasonality_prior_scale': 10.0, 'seasonality_mode': 'additive'}
[2025-07-31T08:23:09.956+0000] {logging_mixin.py:188} INFO - Erreur pour {'changepoint_prior_scale': 0.05, 'seasonality_prior_scale': 10.0, 'seasonality_mode': 'additive'}: Column ds has timezone specified, which is not supported. Remove timezone.
[2025-07-31T08:23:09.957+0000] {logging_mixin.py:188} INFO - Test 12/18: {'changepoint_prior_scale': 0.05, 'seasonality_prior_scale': 10.0, 'seasonality_mode': 'multiplicative'}
[2025-07-31T08:23:09.962+0000] {logging_mixin.py:188} INFO - Erreur pour {'changepoint_prior_scale': 0.05, 'seasonality_prior_scale': 10.0, 'seasonality_mode': 'multiplicative'}: Column ds has timezone specified, which is not supported. Remove timezone.
[2025-07-31T08:23:09.964+0000] {logging_mixin.py:188} INFO - Test 13/18: {'changepoint_prior_scale': 0.1, 'seasonality_prior_scale': 1.0, 'seasonality_mode': 'additive'}
[2025-07-31T08:23:09.968+0000] {logging_mixin.py:188} INFO - Erreur pour {'changepoint_prior_scale': 0.1, 'seasonality_prior_scale': 1.0, 'seasonality_mode': 'additive'}: Column ds has timezone specified, which is not supported. Remove timezone.
[2025-07-31T08:23:09.969+0000] {logging_mixin.py:188} INFO - Test 14/18: {'changepoint_prior_scale': 0.1, 'seasonality_prior_scale': 1.0, 'seasonality_mode': 'multiplicative'}
[2025-07-31T08:23:09.974+0000] {logging_mixin.py:188} INFO - Erreur pour {'changepoint_prior_scale': 0.1, 'seasonality_prior_scale': 1.0, 'seasonality_mode': 'multiplicative'}: Column ds has timezone specified, which is not supported. Remove timezone.
[2025-07-31T08:23:09.975+0000] {logging_mixin.py:188} INFO - Test 15/18: {'changepoint_prior_scale': 0.1, 'seasonality_prior_scale': 5.0, 'seasonality_mode': 'additive'}
[2025-07-31T08:23:09.980+0000] {logging_mixin.py:188} INFO - Erreur pour {'changepoint_prior_scale': 0.1, 'seasonality_prior_scale': 5.0, 'seasonality_mode': 'additive'}: Column ds has timezone specified, which is not supported. Remove timezone.
[2025-07-31T08:23:09.981+0000] {logging_mixin.py:188} INFO - Test 16/18: {'changepoint_prior_scale': 0.1, 'seasonality_prior_scale': 5.0, 'seasonality_mode': 'multiplicative'}
[2025-07-31T08:23:09.986+0000] {logging_mixin.py:188} INFO - Erreur pour {'changepoint_prior_scale': 0.1, 'seasonality_prior_scale': 5.0, 'seasonality_mode': 'multiplicative'}: Column ds has timezone specified, which is not supported. Remove timezone.
[2025-07-31T08:23:09.987+0000] {logging_mixin.py:188} INFO - Test 17/18: {'changepoint_prior_scale': 0.1, 'seasonality_prior_scale': 10.0, 'seasonality_mode': 'additive'}
[2025-07-31T08:23:09.992+0000] {logging_mixin.py:188} INFO - Erreur pour {'changepoint_prior_scale': 0.1, 'seasonality_prior_scale': 10.0, 'seasonality_mode': 'additive'}: Column ds has timezone specified, which is not supported. Remove timezone.
[2025-07-31T08:23:09.993+0000] {logging_mixin.py:188} INFO - Test 18/18: {'changepoint_prior_scale': 0.1, 'seasonality_prior_scale': 10.0, 'seasonality_mode': 'multiplicative'}
[2025-07-31T08:23:09.998+0000] {logging_mixin.py:188} INFO - Erreur pour {'changepoint_prior_scale': 0.1, 'seasonality_prior_scale': 10.0, 'seasonality_mode': 'multiplicative'}: Column ds has timezone specified, which is not supported. Remove timezone.
[2025-07-31T08:23:09.999+0000] {taskinstance.py:441} INFO - ::group::Post task execution logs
[2025-07-31T08:23:10.000+0000] {taskinstance.py:2905} ERROR - Task failed with exception
Traceback (most recent call last):
  File "/home/airflow/.local/lib/python3.11/site-packages/airflow/models/taskinstance.py", line 465, in _execute_task
    result = _execute_callable(context=context, **execute_callable_kwargs)
             ^^^^^^^^^^^^^^^^^^^^^^^^^^^^^^^^^^^^^^^^^^^^^^^^^^^^^^^^^^^^^
  File "/home/airflow/.local/lib/python3.11/site-packages/airflow/models/taskinstance.py", line 432, in _execute_callable
    return execute_callable(context=context, **execute_callable_kwargs)
           ^^^^^^^^^^^^^^^^^^^^^^^^^^^^^^^^^^^^^^^^^^^^^^^^^^^^^^^^^^^^
  File "/home/airflow/.local/lib/python3.11/site-packages/airflow/models/baseoperator.py", line 401, in wrapper
    return func(self, *args, **kwargs)
           ^^^^^^^^^^^^^^^^^^^^^^^^^^^
  File "/home/airflow/.local/lib/python3.11/site-packages/airflow/operators/python.py", line 235, in execute
    return_value = self.execute_callable()
                   ^^^^^^^^^^^^^^^^^^^^^^^
  File "/home/airflow/.local/lib/python3.11/site-packages/airflow/operators/python.py", line 252, in execute_callable
    return self.python_callable(*self.op_args, **self.op_kwargs)
           ^^^^^^^^^^^^^^^^^^^^^^^^^^^^^^^^^^^^^^^^^^^^^^^^^^^^^
  File "/opt/airflow/dags/scripts/train_prophet.py", line 88, in train_prophet
    best_model_temp, scores_temp = optimize_prophet_model(temp_df)
                                   ^^^^^^^^^^^^^^^^^^^^^^^^^^^^^^^
  File "/opt/airflow/dags/scripts/train_prophet.py", line 44, in optimize_prophet_model
    best = min(results, key=lambda x: x[1])
           ^^^^^^^^^^^^^^^^^^^^^^^^^^^^^^^^
ValueError: min() arg is an empty sequence
[2025-07-31T08:23:10.049+0000] {taskinstance.py:1206} INFO - Marking task as FAILED. dag_id=solar_ai_pipeline_2, task_id=train_prophet, run_id=scheduled__2023-07-02T00:00:00+00:00, execution_date=20230702T000000, start_date=20250731T082307, end_date=20250731T082310
[2025-07-31T08:23:10.162+0000] {standard_task_runner.py:110} ERROR - Failed to execute job 2113 for task train_prophet (min() arg is an empty sequence; 4405)
[2025-07-31T08:23:10.202+0000] {local_task_job_runner.py:240} INFO - Task exited with return code 1
[2025-07-31T08:23:10.264+0000] {taskinstance.py:3503} INFO - 0 downstream tasks scheduled from follow-on schedule check
[2025-07-31T08:23:10.330+0000] {local_task_job_runner.py:222} INFO - ::endgroup::
