[2025-07-31T15:59:31.311+0000] {local_task_job_runner.py:120} INFO - ::group::Pre task execution logs
[2025-07-31T15:59:31.535+0000] {taskinstance.py:2076} INFO - Dependencies all met for dep_context=non-requeueable deps ti=<TaskInstance: solar_ai_pipeline_2.decide backfill__2024-01-08T00:00:00+00:00 [queued]>
[2025-07-31T15:59:31.607+0000] {taskinstance.py:2076} INFO - Dependencies all met for dep_context=requeueable deps ti=<TaskInstance: solar_ai_pipeline_2.decide backfill__2024-01-08T00:00:00+00:00 [queued]>
[2025-07-31T15:59:31.612+0000] {taskinstance.py:2306} INFO - Starting attempt 1 of 2
[2025-07-31T15:59:31.778+0000] {taskinstance.py:2330} INFO - Executing <Task(PythonOperator): decide> on 2024-01-08 00:00:00+00:00
[2025-07-31T15:59:31.806+0000] {standard_task_runner.py:63} INFO - Started process 89259 to run task
[2025-07-31T15:59:31.827+0000] {standard_task_runner.py:90} INFO - Running: ['airflow', 'tasks', 'run', 'solar_ai_pipeline_2', 'decide', 'backfill__2024-01-08T00:00:00+00:00', '--job-id', '3416', '--pool', 'default_pool', '--raw', '--subdir', 'DAGS_FOLDER/prophet_pipeline.py', '--cfg-path', '/tmp/tmpz6wk7vgg']
[2025-07-31T15:59:31.840+0000] {standard_task_runner.py:91} INFO - Job 3416: Subtask decide
[2025-07-31T15:59:32.540+0000] {task_command.py:426} INFO - Running <TaskInstance: solar_ai_pipeline_2.decide backfill__2024-01-08T00:00:00+00:00 [running]> on host a2a0dd314bdc
[2025-07-31T15:59:33.091+0000] {taskinstance.py:2648} INFO - Exporting env vars: AIRFLOW_CTX_DAG_OWNER='ensam' AIRFLOW_CTX_DAG_ID='solar_ai_pipeline_2' AIRFLOW_CTX_TASK_ID='decide' AIRFLOW_CTX_EXECUTION_DATE='2024-01-08T00:00:00+00:00' AIRFLOW_CTX_TRY_NUMBER='1' AIRFLOW_CTX_DAG_RUN_ID='backfill__2024-01-08T00:00:00+00:00'
[2025-07-31T15:59:33.093+0000] {taskinstance.py:430} INFO - ::endgroup::
[2025-07-31T15:59:34.810+0000] {logging_mixin.py:188} INFO - [INFO] Starting decision-making process...
[2025-07-31T15:59:34.829+0000] {logging_mixin.py:188} INFO - 📥 [INFO] Loading data...
[2025-07-31T15:59:34.950+0000] {logging_mixin.py:188} INFO - [INFO] 2024-01-07 23:00:00 → Ne pas chauffer (solaire ou inutilisé) | Temp: 0.06°C, Débit: 0.5445 m³/s, Irrad: 0.00 W/m²
[2025-07-31T15:59:34.957+0000] {logging_mixin.py:188} INFO - [INFO] 2024-01-08 00:00:00 → Ne pas chauffer (solaire ou inutilisé) | Temp: 0.07°C, Débit: 0.4519 m³/s, Irrad: 0.00 W/m²
[2025-07-31T15:59:34.959+0000] {logging_mixin.py:188} INFO - [INFO] 2024-01-08 01:00:00 → Ne pas chauffer (solaire ou inutilisé) | Temp: 0.09°C, Débit: 0.3293 m³/s, Irrad: 0.00 W/m²
[2025-07-31T15:59:34.964+0000] {logging_mixin.py:188} INFO - [INFO] 2024-01-08 02:00:00 → Ne pas chauffer (solaire ou inutilisé) | Temp: 0.13°C, Débit: 0.1964 m³/s, Irrad: 0.00 W/m²
[2025-07-31T15:59:34.969+0000] {logging_mixin.py:188} INFO - [INFO] 2024-01-08 03:00:00 → Ne pas chauffer (solaire ou inutilisé) | Temp: 0.15°C, Débit: 0.1032 m³/s, Irrad: 0.00 W/m²
[2025-07-31T15:59:34.972+0000] {logging_mixin.py:188} INFO - [INFO] 2024-01-08 04:00:00 → Ne pas chauffer (solaire ou inutilisé) | Temp: 0.14°C, Débit: 0.0920 m³/s, Irrad: 0.00 W/m²
[2025-07-31T15:59:34.977+0000] {logging_mixin.py:188} INFO - [INFO] 2024-01-08 05:00:00 → Ne pas chauffer (solaire ou inutilisé) | Temp: 0.12°C, Débit: 0.1580 m³/s, Irrad: 0.00 W/m²
[2025-07-31T15:59:34.981+0000] {logging_mixin.py:188} INFO - [INFO] 2024-01-08 06:00:00 → Ne pas chauffer (solaire ou inutilisé) | Temp: 0.16°C, Débit: 0.2462 m³/s, Irrad: 0.00 W/m²
[2025-07-31T15:59:34.989+0000] {logging_mixin.py:188} INFO - [INFO] 2024-01-08 07:00:00 → Ne pas chauffer (solaire ou inutilisé) | Temp: 0.29°C, Débit: 0.2931 m³/s, Irrad: 0.11 W/m²
[2025-07-31T15:59:34.992+0000] {logging_mixin.py:188} INFO - [INFO] 2024-01-08 08:00:00 → Ne pas chauffer (solaire ou inutilisé) | Temp: 0.51°C, Débit: 0.2778 m³/s, Irrad: 0.37 W/m²
[2025-07-31T15:59:34.994+0000] {logging_mixin.py:188} INFO - [INFO] 2024-01-08 09:00:00 → Ne pas chauffer (solaire ou inutilisé) | Temp: 0.79°C, Débit: 0.2378 m³/s, Irrad: 0.65 W/m²
[2025-07-31T15:59:34.995+0000] {logging_mixin.py:188} INFO - [INFO] 2024-01-08 10:00:00 → Ne pas chauffer (solaire ou inutilisé) | Temp: 1.04°C, Débit: 0.2354 m³/s, Irrad: 0.85 W/m²
[2025-07-31T15:59:34.997+0000] {logging_mixin.py:188} INFO - [INFO] 2024-01-08 11:00:00 → Ne pas chauffer (solaire ou inutilisé) | Temp: 1.21°C, Débit: 0.3061 m³/s, Irrad: 1.00 W/m²
[2025-07-31T15:59:34.998+0000] {logging_mixin.py:188} INFO - [INFO] 2024-01-08 12:00:00 → Ne pas chauffer (solaire ou inutilisé) | Temp: 1.28°C, Débit: 0.4319 m³/s, Irrad: 0.95 W/m²
[2025-07-31T15:59:35.005+0000] {logging_mixin.py:188} INFO - [INFO] 2024-01-08 13:00:00 → Ne pas chauffer (solaire ou inutilisé) | Temp: 1.22°C, Débit: 0.5632 m³/s, Irrad: 0.81 W/m²
[2025-07-31T15:59:35.006+0000] {logging_mixin.py:188} INFO - [INFO] 2024-01-08 14:00:00 → Ne pas chauffer (solaire ou inutilisé) | Temp: 1.06°C, Débit: 0.6609 m³/s, Irrad: 0.51 W/m²
[2025-07-31T15:59:35.008+0000] {logging_mixin.py:188} INFO - [INFO] 2024-01-08 15:00:00 → Ne pas chauffer (solaire ou inutilisé) | Temp: 0.82°C, Débit: 0.7227 m³/s, Irrad: 0.18 W/m²
[2025-07-31T15:59:35.009+0000] {logging_mixin.py:188} INFO - [INFO] 2024-01-08 16:00:00 → Ne pas chauffer (solaire ou inutilisé) | Temp: 0.54°C, Débit: 0.7697 m³/s, Irrad: 0.01 W/m²
[2025-07-31T15:59:35.010+0000] {logging_mixin.py:188} INFO - [INFO] 2024-01-08 17:00:00 → Chauffer (résistance activée) | Temp: 0.28°C, Débit: 0.8145 m³/s, Irrad: 0.00 W/m²
[2025-07-31T15:59:35.011+0000] {logging_mixin.py:188} INFO - [INFO] 2024-01-08 18:00:00 → Chauffer (résistance activée) | Temp: 0.12°C, Débit: 0.8450 m³/s, Irrad: 0.00 W/m²
[2025-07-31T15:59:35.017+0000] {logging_mixin.py:188} INFO - [INFO] 2024-01-08 19:00:00 → Chauffer (résistance activée) | Temp: 0.05°C, Débit: 0.8383 m³/s, Irrad: 0.00 W/m²
[2025-07-31T15:59:35.019+0000] {logging_mixin.py:188} INFO - [INFO] 2024-01-08 20:00:00 → Ne pas chauffer (solaire ou inutilisé) | Temp: 0.06°C, Débit: 0.7881 m³/s, Irrad: 0.00 W/m²
[2025-07-31T15:59:35.021+0000] {logging_mixin.py:188} INFO - [INFO] 2024-01-08 21:00:00 → Ne pas chauffer (solaire ou inutilisé) | Temp: 0.08°C, Débit: 0.7125 m³/s, Irrad: 0.00 W/m²
[2025-07-31T15:59:35.025+0000] {logging_mixin.py:188} INFO - [INFO] 2024-01-08 22:00:00 → Ne pas chauffer (solaire ou inutilisé) | Temp: 0.10°C, Débit: 0.6353 m³/s, Irrad: 0.00 W/m²
[2025-07-31T15:59:35.054+0000] {logging_mixin.py:188} INFO - [INFO] All hourly decisions saved to /opt/airflow/dags/logs/decision_2024-01-08.csv
[2025-07-31T15:59:35.229+0000] {python.py:237} INFO - Done. Returned value was: [{'datetime': '2024-01-07 23:00:00', 'temp': 0.06, 'flow': 0.5445, 'irradiance': 0.0, 'action': 0, 'text': 'Ne pas chauffer (solaire ou inutilisé)'}, {'datetime': '2024-01-08 00:00:00', 'temp': 0.07, 'flow': 0.4519, 'irradiance': 0.0, 'action': 0, 'text': 'Ne pas chauffer (solaire ou inutilisé)'}, {'datetime': '2024-01-08 01:00:00', 'temp': 0.09, 'flow': 0.3293, 'irradiance': 0.0, 'action': 0, 'text': 'Ne pas chauffer (solaire ou inutilisé)'}, {'datetime': '2024-01-08 02:00:00', 'temp': 0.13, 'flow': 0.1964, 'irradiance': 0.0, 'action': 0, 'text': 'Ne pas chauffer (solaire ou inutilisé)'}, {'datetime': '2024-01-08 03:00:00', 'temp': 0.15, 'flow': 0.1032, 'irradiance': 0.0, 'action': 0, 'text': 'Ne pas chauffer (solaire ou inutilisé)'}, {'datetime': '2024-01-08 04:00:00', 'temp': 0.14, 'flow': 0.092, 'irradiance': 0.0, 'action': 0, 'text': 'Ne pas chauffer (solaire ou inutilisé)'}, {'datetime': '2024-01-08 05:00:00', 'temp': 0.12, 'flow': 0.158, 'irradiance': 0.0, 'action': 0, 'text': 'Ne pas chauffer (solaire ou inutilisé)'}, {'datetime': '2024-01-08 06:00:00', 'temp': 0.16, 'flow': 0.2462, 'irradiance': 0.0, 'action': 0, 'text': 'Ne pas chauffer (solaire ou inutilisé)'}, {'datetime': '2024-01-08 07:00:00', 'temp': 0.29, 'flow': 0.2931, 'irradiance': 0.11, 'action': 0, 'text': 'Ne pas chauffer (solaire ou inutilisé)'}, {'datetime': '2024-01-08 08:00:00', 'temp': 0.51, 'flow': 0.2778, 'irradiance': 0.37, 'action': 0, 'text': 'Ne pas chauffer (solaire ou inutilisé)'}, {'datetime': '2024-01-08 09:00:00', 'temp': 0.79, 'flow': 0.2378, 'irradiance': 0.65, 'action': 0, 'text': 'Ne pas chauffer (solaire ou inutilisé)'}, {'datetime': '2024-01-08 10:00:00', 'temp': 1.04, 'flow': 0.2354, 'irradiance': 0.85, 'action': 0, 'text': 'Ne pas chauffer (solaire ou inutilisé)'}, {'datetime': '2024-01-08 11:00:00', 'temp': 1.21, 'flow': 0.3061, 'irradiance': 1.0, 'action': 0, 'text': 'Ne pas chauffer (solaire ou inutilisé)'}, {'datetime': '2024-01-08 12:00:00', 'temp': 1.28, 'flow': 0.4319, 'irradiance': 0.95, 'action': 0, 'text': 'Ne pas chauffer (solaire ou inutilisé)'}, {'datetime': '2024-01-08 13:00:00', 'temp': 1.22, 'flow': 0.5632, 'irradiance': 0.81, 'action': 0, 'text': 'Ne pas chauffer (solaire ou inutilisé)'}, {'datetime': '2024-01-08 14:00:00', 'temp': 1.06, 'flow': 0.6609, 'irradiance': 0.51, 'action': 0, 'text': 'Ne pas chauffer (solaire ou inutilisé)'}, {'datetime': '2024-01-08 15:00:00', 'temp': 0.82, 'flow': 0.7227, 'irradiance': 0.18, 'action': 0, 'text': 'Ne pas chauffer (solaire ou inutilisé)'}, {'datetime': '2024-01-08 16:00:00', 'temp': 0.54, 'flow': 0.7697, 'irradiance': 0.01, 'action': 0, 'text': 'Ne pas chauffer (solaire ou inutilisé)'}, {'datetime': '2024-01-08 17:00:00', 'temp': 0.28, 'flow': 0.8145, 'irradiance': 0.0, 'action': 1, 'text': 'Chauffer (résistance activée)'}, {'datetime': '2024-01-08 18:00:00', 'temp': 0.12, 'flow': 0.845, 'irradiance': 0.0, 'action': 1, 'text': 'Chauffer (résistance activée)'}, {'datetime': '2024-01-08 19:00:00', 'temp': 0.05, 'flow': 0.8383, 'irradiance': 0.0, 'action': 1, 'text': 'Chauffer (résistance activée)'}, {'datetime': '2024-01-08 20:00:00', 'temp': 0.06, 'flow': 0.7881, 'irradiance': 0.0, 'action': 0, 'text': 'Ne pas chauffer (solaire ou inutilisé)'}, {'datetime': '2024-01-08 21:00:00', 'temp': 0.08, 'flow': 0.7125, 'irradiance': 0.0, 'action': 0, 'text': 'Ne pas chauffer (solaire ou inutilisé)'}, {'datetime': '2024-01-08 22:00:00', 'temp': 0.1, 'flow': 0.6353, 'irradiance': 0.0, 'action': 0, 'text': 'Ne pas chauffer (solaire ou inutilisé)'}]
[2025-07-31T15:59:35.230+0000] {taskinstance.py:441} INFO - ::group::Post task execution logs
[2025-07-31T15:59:35.492+0000] {taskinstance.py:1206} INFO - Marking task as SUCCESS. dag_id=solar_ai_pipeline_2, task_id=decide, run_id=backfill__2024-01-08T00:00:00+00:00, execution_date=20240108T000000, start_date=20250731T155931, end_date=20250731T155935
[2025-07-31T15:59:35.748+0000] {local_task_job_runner.py:240} INFO - Task exited with return code 0
[2025-07-31T15:59:35.839+0000] {taskinstance.py:3503} INFO - 0 downstream tasks scheduled from follow-on schedule check
[2025-07-31T15:59:35.842+0000] {local_task_job_runner.py:222} INFO - ::endgroup::
