[2025-07-29T15:24:59.692+0000] {local_task_job_runner.py:120} INFO - ::group::Pre task execution logs
[2025-07-29T15:24:59.749+0000] {taskinstance.py:2076} INFO - Dependencies all met for dep_context=non-requeueable deps ti=<TaskInstance: solar_ai_pipeline_2.fetch_data scheduled__2023-01-01T00:00:00+00:00 [queued]>
[2025-07-29T15:24:59.772+0000] {taskinstance.py:2076} INFO - Dependencies all met for dep_context=requeueable deps ti=<TaskInstance: solar_ai_pipeline_2.fetch_data scheduled__2023-01-01T00:00:00+00:00 [queued]>
[2025-07-29T15:24:59.773+0000] {taskinstance.py:2306} INFO - Starting attempt 4 of 5
[2025-07-29T15:24:59.841+0000] {taskinstance.py:2330} INFO - Executing <Task(PythonOperator): fetch_data> on 2023-01-01 00:00:00+00:00
[2025-07-29T15:24:59.848+0000] {standard_task_runner.py:63} INFO - Started process 1269 to run task
[2025-07-29T15:24:59.854+0000] {standard_task_runner.py:90} INFO - Running: ['airflow', 'tasks', 'run', 'solar_ai_pipeline_2', 'fetch_data', 'scheduled__2023-01-01T00:00:00+00:00', '--job-id', '1344', '--raw', '--subdir', 'DAGS_FOLDER/prophet_pipeline.py', '--cfg-path', '/tmp/tmpuu0u6p4q']
[2025-07-29T15:24:59.857+0000] {standard_task_runner.py:91} INFO - Job 1344: Subtask fetch_data
[2025-07-29T15:25:00.106+0000] {task_command.py:426} INFO - Running <TaskInstance: solar_ai_pipeline_2.fetch_data scheduled__2023-01-01T00:00:00+00:00 [running]> on host 4c586ddbbbe9
[2025-07-29T15:25:00.465+0000] {taskinstance.py:2648} INFO - Exporting env vars: AIRFLOW_CTX_DAG_OWNER='ensam' AIRFLOW_CTX_DAG_ID='solar_ai_pipeline_2' AIRFLOW_CTX_TASK_ID='fetch_data' AIRFLOW_CTX_EXECUTION_DATE='2023-01-01T00:00:00+00:00' AIRFLOW_CTX_TRY_NUMBER='4' AIRFLOW_CTX_DAG_RUN_ID='scheduled__2023-01-01T00:00:00+00:00'
[2025-07-29T15:25:00.468+0000] {taskinstance.py:430} INFO - ::endgroup::
[2025-07-29T15:25:10.890+0000] {logging_mixin.py:188} INFO - Données simulées pour 2023-01-01 sauvegardées dans dags/data/processed/simulated_solar_heating_2023-01-01.csv
[2025-07-29T15:25:10.896+0000] {logging_mixin.py:188} INFO - count     24.000000
mean      68.255129
std      108.187604
min        0.000000
25%        0.000000
50%        0.000000
75%      115.635150
max      305.959500
Name: solar_irradiance, dtype: float64
[2025-07-29T15:25:10.897+0000] {logging_mixin.py:188} INFO - 2023-01-01 00:00:00+01:00 → Altitude: -66.95
[2025-07-29T15:25:10.898+0000] {logging_mixin.py:188} INFO - NASA GHI response keys: ['2023010100', '2023010101', '2023010102', '2023010103', '2023010104', '2023010105', '2023010106', '2023010107', '2023010108', '2023010109', '2023010110', '2023010111', '2023010112', '2023010113', '2023010114', '2023010115', '2023010116', '2023010117', '2023010118', '2023010119', '2023010120', '2023010121', '2023010122', '2023010123']
[2025-07-29T15:25:10.899+0000] {logging_mixin.py:188} INFO - 2023-01-01 01:00:00+01:00 → Altitude: -77.15
[2025-07-29T15:25:10.900+0000] {logging_mixin.py:188} INFO - NASA GHI response keys: ['2023010100', '2023010101', '2023010102', '2023010103', '2023010104', '2023010105', '2023010106', '2023010107', '2023010108', '2023010109', '2023010110', '2023010111', '2023010112', '2023010113', '2023010114', '2023010115', '2023010116', '2023010117', '2023010118', '2023010119', '2023010120', '2023010121', '2023010122', '2023010123']
[2025-07-29T15:25:10.901+0000] {logging_mixin.py:188} INFO - 2023-01-01 02:00:00+01:00 → Altitude: -77.98
[2025-07-29T15:25:10.902+0000] {logging_mixin.py:188} INFO - NASA GHI response keys: ['2023010100', '2023010101', '2023010102', '2023010103', '2023010104', '2023010105', '2023010106', '2023010107', '2023010108', '2023010109', '2023010110', '2023010111', '2023010112', '2023010113', '2023010114', '2023010115', '2023010116', '2023010117', '2023010118', '2023010119', '2023010120', '2023010121', '2023010122', '2023010123']
[2025-07-29T15:25:10.903+0000] {logging_mixin.py:188} INFO - 2023-01-01 03:00:00+01:00 → Altitude: -68.32
[2025-07-29T15:25:10.904+0000] {logging_mixin.py:188} INFO - NASA GHI response keys: ['2023010100', '2023010101', '2023010102', '2023010103', '2023010104', '2023010105', '2023010106', '2023010107', '2023010108', '2023010109', '2023010110', '2023010111', '2023010112', '2023010113', '2023010114', '2023010115', '2023010116', '2023010117', '2023010118', '2023010119', '2023010120', '2023010121', '2023010122', '2023010123']
[2025-07-29T15:25:10.904+0000] {logging_mixin.py:188} INFO - 2023-01-01 04:00:00+01:00 → Altitude: -56.30
[2025-07-29T15:25:10.905+0000] {logging_mixin.py:188} INFO - NASA GHI response keys: ['2023010100', '2023010101', '2023010102', '2023010103', '2023010104', '2023010105', '2023010106', '2023010107', '2023010108', '2023010109', '2023010110', '2023010111', '2023010112', '2023010113', '2023010114', '2023010115', '2023010116', '2023010117', '2023010118', '2023010119', '2023010120', '2023010121', '2023010122', '2023010123']
[2025-07-29T15:25:10.906+0000] {logging_mixin.py:188} INFO - 2023-01-01 05:00:00+01:00 → Altitude: -43.84
[2025-07-29T15:25:10.907+0000] {logging_mixin.py:188} INFO - NASA GHI response keys: ['2023010100', '2023010101', '2023010102', '2023010103', '2023010104', '2023010105', '2023010106', '2023010107', '2023010108', '2023010109', '2023010110', '2023010111', '2023010112', '2023010113', '2023010114', '2023010115', '2023010116', '2023010117', '2023010118', '2023010119', '2023010120', '2023010121', '2023010122', '2023010123']
[2025-07-29T15:25:10.908+0000] {logging_mixin.py:188} INFO - 2023-01-01 06:00:00+01:00 → Altitude: -31.39
[2025-07-29T15:25:10.908+0000] {logging_mixin.py:188} INFO - NASA GHI response keys: ['2023010100', '2023010101', '2023010102', '2023010103', '2023010104', '2023010105', '2023010106', '2023010107', '2023010108', '2023010109', '2023010110', '2023010111', '2023010112', '2023010113', '2023010114', '2023010115', '2023010116', '2023010117', '2023010118', '2023010119', '2023010120', '2023010121', '2023010122', '2023010123']
[2025-07-29T15:25:10.909+0000] {logging_mixin.py:188} INFO - 2023-01-01 07:00:00+01:00 → Altitude: -19.16
[2025-07-29T15:25:10.910+0000] {logging_mixin.py:188} INFO - NASA GHI response keys: ['2023010100', '2023010101', '2023010102', '2023010103', '2023010104', '2023010105', '2023010106', '2023010107', '2023010108', '2023010109', '2023010110', '2023010111', '2023010112', '2023010113', '2023010114', '2023010115', '2023010116', '2023010117', '2023010118', '2023010119', '2023010120', '2023010121', '2023010122', '2023010123']
[2025-07-29T15:25:10.911+0000] {logging_mixin.py:188} INFO - 2023-01-01 08:00:00+01:00 → Altitude: -7.33
[2025-07-29T15:25:10.911+0000] {logging_mixin.py:188} INFO - NASA GHI response keys: ['2023010100', '2023010101', '2023010102', '2023010103', '2023010104', '2023010105', '2023010106', '2023010107', '2023010108', '2023010109', '2023010110', '2023010111', '2023010112', '2023010113', '2023010114', '2023010115', '2023010116', '2023010117', '2023010118', '2023010119', '2023010120', '2023010121', '2023010122', '2023010123']
[2025-07-29T15:25:10.912+0000] {logging_mixin.py:188} INFO - 2023-01-01 09:00:00+01:00 → Altitude: 3.97
[2025-07-29T15:25:10.913+0000] {logging_mixin.py:188} INFO - NASA GHI response keys: ['2023010100', '2023010101', '2023010102', '2023010103', '2023010104', '2023010105', '2023010106', '2023010107', '2023010108', '2023010109', '2023010110', '2023010111', '2023010112', '2023010113', '2023010114', '2023010115', '2023010116', '2023010117', '2023010118', '2023010119', '2023010120', '2023010121', '2023010122', '2023010123']
[2025-07-29T15:25:10.914+0000] {logging_mixin.py:188} INFO - 2023-01-01 10:00:00+01:00 → Altitude: 13.99
[2025-07-29T15:25:10.915+0000] {logging_mixin.py:188} INFO - NASA GHI response keys: ['2023010100', '2023010101', '2023010102', '2023010103', '2023010104', '2023010105', '2023010106', '2023010107', '2023010108', '2023010109', '2023010110', '2023010111', '2023010112', '2023010113', '2023010114', '2023010115', '2023010116', '2023010117', '2023010118', '2023010119', '2023010120', '2023010121', '2023010122', '2023010123']
[2025-07-29T15:25:10.915+0000] {logging_mixin.py:188} INFO - 2023-01-01 11:00:00+01:00 → Altitude: 22.66
[2025-07-29T15:25:10.916+0000] {logging_mixin.py:188} INFO - NASA GHI response keys: ['2023010100', '2023010101', '2023010102', '2023010103', '2023010104', '2023010105', '2023010106', '2023010107', '2023010108', '2023010109', '2023010110', '2023010111', '2023010112', '2023010113', '2023010114', '2023010115', '2023010116', '2023010117', '2023010118', '2023010119', '2023010120', '2023010121', '2023010122', '2023010123']
[2025-07-29T15:25:10.917+0000] {logging_mixin.py:188} INFO - 2023-01-01 12:00:00+01:00 → Altitude: 29.21
[2025-07-29T15:25:10.917+0000] {logging_mixin.py:188} INFO - NASA GHI response keys: ['2023010100', '2023010101', '2023010102', '2023010103', '2023010104', '2023010105', '2023010106', '2023010107', '2023010108', '2023010109', '2023010110', '2023010111', '2023010112', '2023010113', '2023010114', '2023010115', '2023010116', '2023010117', '2023010118', '2023010119', '2023010120', '2023010121', '2023010122', '2023010123']
[2025-07-29T15:25:10.918+0000] {logging_mixin.py:188} INFO - 2023-01-01 13:00:00+01:00 → Altitude: 32.89
[2025-07-29T15:25:10.919+0000] {logging_mixin.py:188} INFO - NASA GHI response keys: ['2023010100', '2023010101', '2023010102', '2023010103', '2023010104', '2023010105', '2023010106', '2023010107', '2023010108', '2023010109', '2023010110', '2023010111', '2023010112', '2023010113', '2023010114', '2023010115', '2023010116', '2023010117', '2023010118', '2023010119', '2023010120', '2023010121', '2023010122', '2023010123']
[2025-07-29T15:25:10.920+0000] {logging_mixin.py:188} INFO - 2023-01-01 14:00:00+01:00 → Altitude: 33.12
[2025-07-29T15:25:10.920+0000] {logging_mixin.py:188} INFO - NASA GHI response keys: ['2023010100', '2023010101', '2023010102', '2023010103', '2023010104', '2023010105', '2023010106', '2023010107', '2023010108', '2023010109', '2023010110', '2023010111', '2023010112', '2023010113', '2023010114', '2023010115', '2023010116', '2023010117', '2023010118', '2023010119', '2023010120', '2023010121', '2023010122', '2023010123']
[2025-07-29T15:25:10.921+0000] {logging_mixin.py:188} INFO - 2023-01-01 15:00:00+01:00 → Altitude: 29.86
[2025-07-29T15:25:10.922+0000] {logging_mixin.py:188} INFO - NASA GHI response keys: ['2023010100', '2023010101', '2023010102', '2023010103', '2023010104', '2023010105', '2023010106', '2023010107', '2023010108', '2023010109', '2023010110', '2023010111', '2023010112', '2023010113', '2023010114', '2023010115', '2023010116', '2023010117', '2023010118', '2023010119', '2023010120', '2023010121', '2023010122', '2023010123']
[2025-07-29T15:25:10.922+0000] {logging_mixin.py:188} INFO - 2023-01-01 16:00:00+01:00 → Altitude: 23.64
[2025-07-29T15:25:10.923+0000] {logging_mixin.py:188} INFO - NASA GHI response keys: ['2023010100', '2023010101', '2023010102', '2023010103', '2023010104', '2023010105', '2023010106', '2023010107', '2023010108', '2023010109', '2023010110', '2023010111', '2023010112', '2023010113', '2023010114', '2023010115', '2023010116', '2023010117', '2023010118', '2023010119', '2023010120', '2023010121', '2023010122', '2023010123']
[2025-07-29T15:25:10.923+0000] {logging_mixin.py:188} INFO - 2023-01-01 17:00:00+01:00 → Altitude: 15.20
[2025-07-29T15:25:10.924+0000] {logging_mixin.py:188} INFO - NASA GHI response keys: ['2023010100', '2023010101', '2023010102', '2023010103', '2023010104', '2023010105', '2023010106', '2023010107', '2023010108', '2023010109', '2023010110', '2023010111', '2023010112', '2023010113', '2023010114', '2023010115', '2023010116', '2023010117', '2023010118', '2023010119', '2023010120', '2023010121', '2023010122', '2023010123']
[2025-07-29T15:25:10.925+0000] {logging_mixin.py:188} INFO - 2023-01-01 18:00:00+01:00 → Altitude: 5.30
[2025-07-29T15:25:10.925+0000] {logging_mixin.py:188} INFO - NASA GHI response keys: ['2023010100', '2023010101', '2023010102', '2023010103', '2023010104', '2023010105', '2023010106', '2023010107', '2023010108', '2023010109', '2023010110', '2023010111', '2023010112', '2023010113', '2023010114', '2023010115', '2023010116', '2023010117', '2023010118', '2023010119', '2023010120', '2023010121', '2023010122', '2023010123']
[2025-07-29T15:25:10.926+0000] {logging_mixin.py:188} INFO - 2023-01-01 19:00:00+01:00 → Altitude: -5.84
[2025-07-29T15:25:10.927+0000] {logging_mixin.py:188} INFO - NASA GHI response keys: ['2023010100', '2023010101', '2023010102', '2023010103', '2023010104', '2023010105', '2023010106', '2023010107', '2023010108', '2023010109', '2023010110', '2023010111', '2023010112', '2023010113', '2023010114', '2023010115', '2023010116', '2023010117', '2023010118', '2023010119', '2023010120', '2023010121', '2023010122', '2023010123']
[2025-07-29T15:25:10.927+0000] {logging_mixin.py:188} INFO - 2023-01-01 20:00:00+01:00 → Altitude: -17.61
[2025-07-29T15:25:10.928+0000] {logging_mixin.py:188} INFO - NASA GHI response keys: ['2023010100', '2023010101', '2023010102', '2023010103', '2023010104', '2023010105', '2023010106', '2023010107', '2023010108', '2023010109', '2023010110', '2023010111', '2023010112', '2023010113', '2023010114', '2023010115', '2023010116', '2023010117', '2023010118', '2023010119', '2023010120', '2023010121', '2023010122', '2023010123']
[2025-07-29T15:25:10.929+0000] {logging_mixin.py:188} INFO - 2023-01-01 21:00:00+01:00 → Altitude: -29.80
[2025-07-29T15:25:10.930+0000] {logging_mixin.py:188} INFO - NASA GHI response keys: ['2023010100', '2023010101', '2023010102', '2023010103', '2023010104', '2023010105', '2023010106', '2023010107', '2023010108', '2023010109', '2023010110', '2023010111', '2023010112', '2023010113', '2023010114', '2023010115', '2023010116', '2023010117', '2023010118', '2023010119', '2023010120', '2023010121', '2023010122', '2023010123']
[2025-07-29T15:25:10.931+0000] {logging_mixin.py:188} INFO - 2023-01-01 22:00:00+01:00 → Altitude: -42.23
[2025-07-29T15:25:10.932+0000] {logging_mixin.py:188} INFO - NASA GHI response keys: ['2023010100', '2023010101', '2023010102', '2023010103', '2023010104', '2023010105', '2023010106', '2023010107', '2023010108', '2023010109', '2023010110', '2023010111', '2023010112', '2023010113', '2023010114', '2023010115', '2023010116', '2023010117', '2023010118', '2023010119', '2023010120', '2023010121', '2023010122', '2023010123']
[2025-07-29T15:25:10.932+0000] {logging_mixin.py:188} INFO - 2023-01-01 23:00:00+01:00 → Altitude: -54.70
[2025-07-29T15:25:10.933+0000] {logging_mixin.py:188} INFO - NASA GHI response keys: ['2023010100', '2023010101', '2023010102', '2023010103', '2023010104', '2023010105', '2023010106', '2023010107', '2023010108', '2023010109', '2023010110', '2023010111', '2023010112', '2023010113', '2023010114', '2023010115', '2023010116', '2023010117', '2023010118', '2023010119', '2023010120', '2023010121', '2023010122', '2023010123']
[2025-07-29T15:25:10.935+0000] {python.py:237} INFO - Done. Returned value was: None
[2025-07-29T15:25:10.936+0000] {taskinstance.py:441} INFO - ::group::Post task execution logs
[2025-07-29T15:25:10.958+0000] {taskinstance.py:1206} INFO - Marking task as SUCCESS. dag_id=solar_ai_pipeline_2, task_id=fetch_data, run_id=scheduled__2023-01-01T00:00:00+00:00, execution_date=20230101T000000, start_date=20250729T152459, end_date=20250729T152510
[2025-07-29T15:25:11.087+0000] {local_task_job_runner.py:240} INFO - Task exited with return code 0
[2025-07-29T15:25:11.170+0000] {taskinstance.py:3503} INFO - 1 downstream tasks scheduled from follow-on schedule check
[2025-07-29T15:25:11.270+0000] {local_task_job_runner.py:222} INFO - ::endgroup::
