[2025-07-31T15:58:40.440+0000] {local_task_job_runner.py:120} INFO - ::group::Pre task execution logs
[2025-07-31T15:58:40.632+0000] {taskinstance.py:2076} INFO - Dependencies all met for dep_context=non-requeueable deps ti=<TaskInstance: solar_ai_pipeline_2.decide backfill__2024-01-04T00:00:00+00:00 [queued]>
[2025-07-31T15:58:40.707+0000] {taskinstance.py:2076} INFO - Dependencies all met for dep_context=requeueable deps ti=<TaskInstance: solar_ai_pipeline_2.decide backfill__2024-01-04T00:00:00+00:00 [queued]>
[2025-07-31T15:58:40.712+0000] {taskinstance.py:2306} INFO - Starting attempt 1 of 2
[2025-07-31T15:58:40.868+0000] {taskinstance.py:2330} INFO - Executing <Task(PythonOperator): decide> on 2024-01-04 00:00:00+00:00
[2025-07-31T15:58:40.879+0000] {standard_task_runner.py:63} INFO - Started process 89016 to run task
[2025-07-31T15:58:40.887+0000] {standard_task_runner.py:90} INFO - Running: ['airflow', 'tasks', 'run', 'solar_ai_pipeline_2', 'decide', 'backfill__2024-01-04T00:00:00+00:00', '--job-id', '3412', '--pool', 'default_pool', '--raw', '--subdir', 'DAGS_FOLDER/prophet_pipeline.py', '--cfg-path', '/tmp/tmp36nxlnzv']
[2025-07-31T15:58:40.893+0000] {standard_task_runner.py:91} INFO - Job 3412: Subtask decide
[2025-07-31T15:58:41.114+0000] {task_command.py:426} INFO - Running <TaskInstance: solar_ai_pipeline_2.decide backfill__2024-01-04T00:00:00+00:00 [running]> on host a2a0dd314bdc
[2025-07-31T15:58:41.409+0000] {taskinstance.py:2648} INFO - Exporting env vars: AIRFLOW_CTX_DAG_OWNER='ensam' AIRFLOW_CTX_DAG_ID='solar_ai_pipeline_2' AIRFLOW_CTX_TASK_ID='decide' AIRFLOW_CTX_EXECUTION_DATE='2024-01-04T00:00:00+00:00' AIRFLOW_CTX_TRY_NUMBER='1' AIRFLOW_CTX_DAG_RUN_ID='backfill__2024-01-04T00:00:00+00:00'
[2025-07-31T15:58:41.411+0000] {taskinstance.py:430} INFO - ::endgroup::
[2025-07-31T15:58:42.620+0000] {logging_mixin.py:188} INFO - [INFO] Starting decision-making process...
[2025-07-31T15:58:42.662+0000] {logging_mixin.py:188} INFO - 📥 [INFO] Loading data...
[2025-07-31T15:58:42.791+0000] {logging_mixin.py:188} INFO - [INFO] 2024-01-03 23:00:00 → Ne pas chauffer (solaire ou inutilisé) | Temp: 0.06°C, Débit: 0.7809 m³/s, Irrad: 0.00 W/m²
[2025-07-31T15:58:42.794+0000] {logging_mixin.py:188} INFO - [INFO] 2024-01-04 00:00:00 → Ne pas chauffer (solaire ou inutilisé) | Temp: 0.06°C, Débit: 0.6887 m³/s, Irrad: 0.00 W/m²
[2025-07-31T15:58:42.796+0000] {logging_mixin.py:188} INFO - [INFO] 2024-01-04 01:00:00 → Ne pas chauffer (solaire ou inutilisé) | Temp: 0.09°C, Débit: 0.5676 m³/s, Irrad: 0.00 W/m²
[2025-07-31T15:58:42.798+0000] {logging_mixin.py:188} INFO - [INFO] 2024-01-04 02:00:00 → Ne pas chauffer (solaire ou inutilisé) | Temp: 0.13°C, Débit: 0.4352 m³/s, Irrad: 0.00 W/m²
[2025-07-31T15:58:42.799+0000] {logging_mixin.py:188} INFO - [INFO] 2024-01-04 03:00:00 → Ne pas chauffer (solaire ou inutilisé) | Temp: 0.15°C, Débit: 0.3402 m³/s, Irrad: 0.00 W/m²
[2025-07-31T15:58:42.801+0000] {logging_mixin.py:188} INFO - [INFO] 2024-01-04 04:00:00 → Ne pas chauffer (solaire ou inutilisé) | Temp: 0.13°C, Débit: 0.3254 m³/s, Irrad: 0.00 W/m²
[2025-07-31T15:58:42.802+0000] {logging_mixin.py:188} INFO - [INFO] 2024-01-04 05:00:00 → Ne pas chauffer (solaire ou inutilisé) | Temp: 0.12°C, Débit: 0.3880 m³/s, Irrad: 0.00 W/m²
[2025-07-31T15:58:42.804+0000] {logging_mixin.py:188} INFO - [INFO] 2024-01-04 06:00:00 → Ne pas chauffer (solaire ou inutilisé) | Temp: 0.15°C, Débit: 0.4752 m³/s, Irrad: 0.00 W/m²
[2025-07-31T15:58:42.806+0000] {logging_mixin.py:188} INFO - [INFO] 2024-01-04 07:00:00 → Ne pas chauffer (solaire ou inutilisé) | Temp: 0.28°C, Débit: 0.5235 m³/s, Irrad: 0.09 W/m²
[2025-07-31T15:58:42.808+0000] {logging_mixin.py:188} INFO - [INFO] 2024-01-04 08:00:00 → Ne pas chauffer (solaire ou inutilisé) | Temp: 0.52°C, Débit: 0.5100 m³/s, Irrad: 0.32 W/m²
[2025-07-31T15:58:42.810+0000] {logging_mixin.py:188} INFO - [INFO] 2024-01-04 09:00:00 → Ne pas chauffer (solaire ou inutilisé) | Temp: 0.81°C, Débit: 0.4699 m³/s, Irrad: 0.51 W/m²
[2025-07-31T15:58:42.813+0000] {logging_mixin.py:188} INFO - [INFO] 2024-01-04 10:00:00 → Ne pas chauffer (solaire ou inutilisé) | Temp: 1.07°C, Débit: 0.4655 m³/s, Irrad: 0.71 W/m²
[2025-07-31T15:58:42.814+0000] {logging_mixin.py:188} INFO - [INFO] 2024-01-04 11:00:00 → Ne pas chauffer (solaire ou inutilisé) | Temp: 1.25°C, Débit: 0.5331 m³/s, Irrad: 0.54 W/m²
[2025-07-31T15:58:42.816+0000] {logging_mixin.py:188} INFO - [INFO] 2024-01-04 12:00:00 → Ne pas chauffer (solaire ou inutilisé) | Temp: 1.32°C, Débit: 0.6568 m³/s, Irrad: 1.00 W/m²
[2025-07-31T15:58:42.818+0000] {logging_mixin.py:188} INFO - [INFO] 2024-01-04 13:00:00 → Ne pas chauffer (solaire ou inutilisé) | Temp: 1.26°C, Débit: 0.7873 m³/s, Irrad: 0.80 W/m²
[2025-07-31T15:58:42.820+0000] {logging_mixin.py:188} INFO - [INFO] 2024-01-04 14:00:00 → Chauffer (résistance activée) | Temp: 1.09°C, Débit: 0.8845 m³/s, Irrad: 0.50 W/m²
[2025-07-31T15:58:42.822+0000] {logging_mixin.py:188} INFO - [INFO] 2024-01-04 15:00:00 → Chauffer (résistance activée) | Temp: 0.83°C, Débit: 0.9447 m³/s, Irrad: 0.20 W/m²
[2025-07-31T15:58:42.823+0000] {logging_mixin.py:188} INFO - [INFO] 2024-01-04 16:00:00 → Ne pas chauffer (solaire ou inutilisé) | Temp: 0.54°C, Débit: 0.9891 m³/s, Irrad: 0.01 W/m²
[2025-07-31T15:58:42.825+0000] {logging_mixin.py:188} INFO - [INFO] 2024-01-04 17:00:00 → Chauffer (résistance activée) | Temp: 0.27°C, Débit: 1.0317 m³/s, Irrad: 0.00 W/m²
[2025-07-31T15:58:42.827+0000] {logging_mixin.py:188} INFO - [INFO] 2024-01-04 18:00:00 → Chauffer (résistance activée) | Temp: 0.10°C, Débit: 1.0615 m³/s, Irrad: 0.00 W/m²
[2025-07-31T15:58:42.829+0000] {logging_mixin.py:188} INFO - [INFO] 2024-01-04 19:00:00 → Chauffer (résistance activée) | Temp: 0.03°C, Débit: 1.0552 m³/s, Irrad: 0.00 W/m²
[2025-07-31T15:58:42.830+0000] {logging_mixin.py:188} INFO - [INFO] 2024-01-04 20:00:00 → Chauffer (résistance activée) | Temp: 0.04°C, Débit: 1.0051 m³/s, Irrad: 0.00 W/m²
[2025-07-31T15:58:42.832+0000] {logging_mixin.py:188} INFO - [INFO] 2024-01-04 21:00:00 → Chauffer (résistance activée) | Temp: 0.07°C, Débit: 0.9281 m³/s, Irrad: 0.00 W/m²
[2025-07-31T15:58:42.834+0000] {logging_mixin.py:188} INFO - [INFO] 2024-01-04 22:00:00 → Chauffer (résistance activée) | Temp: 0.08°C, Débit: 0.8484 m³/s, Irrad: 0.00 W/m²
[2025-07-31T15:58:42.869+0000] {logging_mixin.py:188} INFO - [INFO] All hourly decisions saved to /opt/airflow/dags/logs/decision_2024-01-04.csv
[2025-07-31T15:58:42.987+0000] {python.py:237} INFO - Done. Returned value was: [{'datetime': '2024-01-03 23:00:00', 'temp': 0.06, 'flow': 0.7809, 'irradiance': 0.0, 'action': 0, 'text': 'Ne pas chauffer (solaire ou inutilisé)'}, {'datetime': '2024-01-04 00:00:00', 'temp': 0.06, 'flow': 0.6887, 'irradiance': 0.0, 'action': 0, 'text': 'Ne pas chauffer (solaire ou inutilisé)'}, {'datetime': '2024-01-04 01:00:00', 'temp': 0.09, 'flow': 0.5676, 'irradiance': 0.0, 'action': 0, 'text': 'Ne pas chauffer (solaire ou inutilisé)'}, {'datetime': '2024-01-04 02:00:00', 'temp': 0.13, 'flow': 0.4352, 'irradiance': 0.0, 'action': 0, 'text': 'Ne pas chauffer (solaire ou inutilisé)'}, {'datetime': '2024-01-04 03:00:00', 'temp': 0.15, 'flow': 0.3402, 'irradiance': 0.0, 'action': 0, 'text': 'Ne pas chauffer (solaire ou inutilisé)'}, {'datetime': '2024-01-04 04:00:00', 'temp': 0.13, 'flow': 0.3254, 'irradiance': 0.0, 'action': 0, 'text': 'Ne pas chauffer (solaire ou inutilisé)'}, {'datetime': '2024-01-04 05:00:00', 'temp': 0.12, 'flow': 0.388, 'irradiance': 0.0, 'action': 0, 'text': 'Ne pas chauffer (solaire ou inutilisé)'}, {'datetime': '2024-01-04 06:00:00', 'temp': 0.15, 'flow': 0.4752, 'irradiance': 0.0, 'action': 0, 'text': 'Ne pas chauffer (solaire ou inutilisé)'}, {'datetime': '2024-01-04 07:00:00', 'temp': 0.28, 'flow': 0.5235, 'irradiance': 0.09, 'action': 0, 'text': 'Ne pas chauffer (solaire ou inutilisé)'}, {'datetime': '2024-01-04 08:00:00', 'temp': 0.52, 'flow': 0.51, 'irradiance': 0.32, 'action': 0, 'text': 'Ne pas chauffer (solaire ou inutilisé)'}, {'datetime': '2024-01-04 09:00:00', 'temp': 0.81, 'flow': 0.4699, 'irradiance': 0.51, 'action': 0, 'text': 'Ne pas chauffer (solaire ou inutilisé)'}, {'datetime': '2024-01-04 10:00:00', 'temp': 1.07, 'flow': 0.4655, 'irradiance': 0.71, 'action': 0, 'text': 'Ne pas chauffer (solaire ou inutilisé)'}, {'datetime': '2024-01-04 11:00:00', 'temp': 1.25, 'flow': 0.5331, 'irradiance': 0.54, 'action': 0, 'text': 'Ne pas chauffer (solaire ou inutilisé)'}, {'datetime': '2024-01-04 12:00:00', 'temp': 1.32, 'flow': 0.6568, 'irradiance': 1.0, 'action': 0, 'text': 'Ne pas chauffer (solaire ou inutilisé)'}, {'datetime': '2024-01-04 13:00:00', 'temp': 1.26, 'flow': 0.7873, 'irradiance': 0.8, 'action': 0, 'text': 'Ne pas chauffer (solaire ou inutilisé)'}, {'datetime': '2024-01-04 14:00:00', 'temp': 1.09, 'flow': 0.8845, 'irradiance': 0.5, 'action': 1, 'text': 'Chauffer (résistance activée)'}, {'datetime': '2024-01-04 15:00:00', 'temp': 0.83, 'flow': 0.9447, 'irradiance': 0.2, 'action': 1, 'text': 'Chauffer (résistance activée)'}, {'datetime': '2024-01-04 16:00:00', 'temp': 0.54, 'flow': 0.9891, 'irradiance': 0.01, 'action': 0, 'text': 'Ne pas chauffer (solaire ou inutilisé)'}, {'datetime': '2024-01-04 17:00:00', 'temp': 0.27, 'flow': 1.0317, 'irradiance': 0.0, 'action': 1, 'text': 'Chauffer (résistance activée)'}, {'datetime': '2024-01-04 18:00:00', 'temp': 0.1, 'flow': 1.0615, 'irradiance': 0.0, 'action': 1, 'text': 'Chauffer (résistance activée)'}, {'datetime': '2024-01-04 19:00:00', 'temp': 0.03, 'flow': 1.0552, 'irradiance': 0.0, 'action': 1, 'text': 'Chauffer (résistance activée)'}, {'datetime': '2024-01-04 20:00:00', 'temp': 0.04, 'flow': 1.0051, 'irradiance': 0.0, 'action': 1, 'text': 'Chauffer (résistance activée)'}, {'datetime': '2024-01-04 21:00:00', 'temp': 0.07, 'flow': 0.9281, 'irradiance': 0.0, 'action': 1, 'text': 'Chauffer (résistance activée)'}, {'datetime': '2024-01-04 22:00:00', 'temp': 0.08, 'flow': 0.8484, 'irradiance': 0.0, 'action': 1, 'text': 'Chauffer (résistance activée)'}]
[2025-07-31T15:58:42.989+0000] {taskinstance.py:441} INFO - ::group::Post task execution logs
[2025-07-31T15:58:43.158+0000] {taskinstance.py:1206} INFO - Marking task as SUCCESS. dag_id=solar_ai_pipeline_2, task_id=decide, run_id=backfill__2024-01-04T00:00:00+00:00, execution_date=20240104T000000, start_date=20250731T155840, end_date=20250731T155843
[2025-07-31T15:58:43.323+0000] {local_task_job_runner.py:240} INFO - Task exited with return code 0
[2025-07-31T15:58:43.369+0000] {taskinstance.py:3503} INFO - 0 downstream tasks scheduled from follow-on schedule check
[2025-07-31T15:58:43.374+0000] {local_task_job_runner.py:222} INFO - ::endgroup::
