[2025-07-31T16:08:14.248+0000] {local_task_job_runner.py:120} INFO - ::group::Pre task execution logs
[2025-07-31T16:08:14.458+0000] {taskinstance.py:2076} INFO - Dependencies all met for dep_context=non-requeueable deps ti=<TaskInstance: solar_ai_pipeline_2.predict_prophet scheduled__2024-01-18T00:00:00+00:00 [queued]>
[2025-07-31T16:08:14.536+0000] {taskinstance.py:2076} INFO - Dependencies all met for dep_context=requeueable deps ti=<TaskInstance: solar_ai_pipeline_2.predict_prophet scheduled__2024-01-18T00:00:00+00:00 [queued]>
[2025-07-31T16:08:14.541+0000] {taskinstance.py:2306} INFO - Starting attempt 1 of 2
[2025-07-31T16:08:14.652+0000] {taskinstance.py:2330} INFO - Executing <Task(PythonOperator): predict_prophet> on 2024-01-18 00:00:00+00:00
[2025-07-31T16:08:14.665+0000] {standard_task_runner.py:63} INFO - Started process 90916 to run task
[2025-07-31T16:08:14.672+0000] {standard_task_runner.py:90} INFO - Running: ['airflow', 'tasks', 'run', 'solar_ai_pipeline_2', 'predict_prophet', 'scheduled__2024-01-18T00:00:00+00:00', '--job-id', '3419', '--raw', '--subdir', 'DAGS_FOLDER/prophet_pipeline.py', '--cfg-path', '/tmp/tmpjjbh72kl']
[2025-07-31T16:08:14.677+0000] {standard_task_runner.py:91} INFO - Job 3419: Subtask predict_prophet
[2025-07-31T16:08:14.860+0000] {task_command.py:426} INFO - Running <TaskInstance: solar_ai_pipeline_2.predict_prophet scheduled__2024-01-18T00:00:00+00:00 [running]> on host a2a0dd314bdc
[2025-07-31T16:08:15.287+0000] {taskinstance.py:2648} INFO - Exporting env vars: AIRFLOW_CTX_DAG_OWNER='ensam' AIRFLOW_CTX_DAG_ID='solar_ai_pipeline_2' AIRFLOW_CTX_TASK_ID='predict_prophet' AIRFLOW_CTX_EXECUTION_DATE='2024-01-18T00:00:00+00:00' AIRFLOW_CTX_TRY_NUMBER='1' AIRFLOW_CTX_DAG_RUN_ID='scheduled__2024-01-18T00:00:00+00:00'
[2025-07-31T16:08:15.289+0000] {taskinstance.py:430} INFO - ::endgroup::
[2025-07-31T16:08:17.401+0000] {plot.py:39} ERROR - Importing plotly failed. Interactive plots will not work.
[2025-07-31T16:08:18.712+0000] {logging_mixin.py:188} INFO - Prédictions temperature enregistrées (prophet_forecast_temperature_2024-01-18.csv) — MAE: 0.1174 | RMSE: 0.1642
[2025-07-31T16:08:19.820+0000] {logging_mixin.py:188} INFO - Prédictions flow enregistrées (prophet_forecast_flow_2024-01-18.csv) — MAE: 0.1783 | RMSE: 0.2402
[2025-07-31T16:08:19.822+0000] {python.py:237} INFO - Done. Returned value was: None
[2025-07-31T16:08:19.823+0000] {taskinstance.py:441} INFO - ::group::Post task execution logs
[2025-07-31T16:08:19.847+0000] {taskinstance.py:1206} INFO - Marking task as SUCCESS. dag_id=solar_ai_pipeline_2, task_id=predict_prophet, run_id=scheduled__2024-01-18T00:00:00+00:00, execution_date=20240118T000000, start_date=20250731T160814, end_date=20250731T160819
[2025-07-31T16:08:20.045+0000] {local_task_job_runner.py:240} INFO - Task exited with return code 0
[2025-07-31T16:08:20.165+0000] {taskinstance.py:3503} INFO - 1 downstream tasks scheduled from follow-on schedule check
[2025-07-31T16:08:20.204+0000] {local_task_job_runner.py:222} INFO - ::endgroup::
