[2025-07-31T16:44:57.939+0000] {local_task_job_runner.py:120} INFO - ::group::Pre task execution logs
[2025-07-31T16:44:57.992+0000] {taskinstance.py:2076} INFO - Dependencies all met for dep_context=non-requeueable deps ti=<TaskInstance: solar_ai_pipeline_2.decide scheduled__2024-01-13T00:00:00+00:00 [queued]>
[2025-07-31T16:44:58.014+0000] {taskinstance.py:2076} INFO - Dependencies all met for dep_context=requeueable deps ti=<TaskInstance: solar_ai_pipeline_2.decide scheduled__2024-01-13T00:00:00+00:00 [queued]>
[2025-07-31T16:44:58.014+0000] {taskinstance.py:2306} INFO - Starting attempt 1 of 2
[2025-07-31T16:44:58.105+0000] {taskinstance.py:2330} INFO - Executing <Task(PythonOperator): decide> on 2024-01-13 00:00:00+00:00
[2025-07-31T16:44:58.110+0000] {standard_task_runner.py:63} INFO - Started process 91282 to run task
[2025-07-31T16:44:58.113+0000] {standard_task_runner.py:90} INFO - Running: ['airflow', 'tasks', 'run', 'solar_ai_pipeline_2', 'decide', 'scheduled__2024-01-13T00:00:00+00:00', '--job-id', '3436', '--raw', '--subdir', 'DAGS_FOLDER/prophet_pipeline.py', '--cfg-path', '/tmp/tmpnkvip6s9']
[2025-07-31T16:44:58.116+0000] {standard_task_runner.py:91} INFO - Job 3436: Subtask decide
[2025-07-31T16:44:58.226+0000] {task_command.py:426} INFO - Running <TaskInstance: solar_ai_pipeline_2.decide scheduled__2024-01-13T00:00:00+00:00 [running]> on host a2a0dd314bdc
[2025-07-31T16:44:58.415+0000] {taskinstance.py:2648} INFO - Exporting env vars: AIRFLOW_CTX_DAG_OWNER='ensam' AIRFLOW_CTX_DAG_ID='solar_ai_pipeline_2' AIRFLOW_CTX_TASK_ID='decide' AIRFLOW_CTX_EXECUTION_DATE='2024-01-13T00:00:00+00:00' AIRFLOW_CTX_TRY_NUMBER='1' AIRFLOW_CTX_DAG_RUN_ID='scheduled__2024-01-13T00:00:00+00:00'
[2025-07-31T16:44:58.416+0000] {taskinstance.py:430} INFO - ::endgroup::
[2025-07-31T16:44:58.817+0000] {logging_mixin.py:188} INFO - [INFO] Starting decision-making process...
[2025-07-31T16:44:58.829+0000] {logging_mixin.py:188} INFO - 📥 [INFO] Loading data...
[2025-07-31T16:44:58.877+0000] {logging_mixin.py:188} INFO - [INFO] 2024-01-12 23:00:00 → Ne pas chauffer (solaire ou inutilisé) | Temp: 0.11°C, Débit: 0.5855 m³/s, Irrad: 0.00 W/m²
[2025-07-31T16:44:58.877+0000] {logging_mixin.py:188} INFO - [INFO] 2024-01-13 00:00:00 → Ne pas chauffer (solaire ou inutilisé) | Temp: 0.11°C, Débit: 0.4937 m³/s, Irrad: 0.00 W/m²
[2025-07-31T16:44:58.878+0000] {logging_mixin.py:188} INFO - [INFO] 2024-01-13 01:00:00 → Ne pas chauffer (solaire ou inutilisé) | Temp: 0.13°C, Débit: 0.3710 m³/s, Irrad: 0.00 W/m²
[2025-07-31T16:44:58.878+0000] {logging_mixin.py:188} INFO - [INFO] 2024-01-13 02:00:00 → Ne pas chauffer (solaire ou inutilisé) | Temp: 0.16°C, Débit: 0.2377 m³/s, Irrad: 0.00 W/m²
[2025-07-31T16:44:58.879+0000] {logging_mixin.py:188} INFO - [INFO] 2024-01-13 03:00:00 → Ne pas chauffer (solaire ou inutilisé) | Temp: 0.18°C, Débit: 0.1449 m³/s, Irrad: 0.00 W/m²
[2025-07-31T16:44:58.880+0000] {logging_mixin.py:188} INFO - [INFO] 2024-01-13 04:00:00 → Ne pas chauffer (solaire ou inutilisé) | Temp: 0.17°C, Débit: 0.1351 m³/s, Irrad: 0.00 W/m²
[2025-07-31T16:44:58.880+0000] {logging_mixin.py:188} INFO - [INFO] 2024-01-13 05:00:00 → Ne pas chauffer (solaire ou inutilisé) | Temp: 0.15°C, Débit: 0.2022 m³/s, Irrad: 0.00 W/m²
[2025-07-31T16:44:58.881+0000] {logging_mixin.py:188} INFO - [INFO] 2024-01-13 06:00:00 → Ne pas chauffer (solaire ou inutilisé) | Temp: 0.18°C, Débit: 0.2899 m³/s, Irrad: 0.00 W/m²
[2025-07-31T16:44:58.881+0000] {logging_mixin.py:188} INFO - [INFO] 2024-01-13 07:00:00 → Ne pas chauffer (solaire ou inutilisé) | Temp: 0.31°C, Débit: 0.3343 m³/s, Irrad: 0.10 W/m²
[2025-07-31T16:44:58.882+0000] {logging_mixin.py:188} INFO - [INFO] 2024-01-13 08:00:00 → Ne pas chauffer (solaire ou inutilisé) | Temp: 0.54°C, Débit: 0.3158 m³/s, Irrad: 0.35 W/m²
[2025-07-31T16:44:58.882+0000] {logging_mixin.py:188} INFO - [INFO] 2024-01-13 09:00:00 → Ne pas chauffer (solaire ou inutilisé) | Temp: 0.81°C, Débit: 0.2738 m³/s, Irrad: 0.60 W/m²
[2025-07-31T16:44:58.883+0000] {logging_mixin.py:188} INFO - [INFO] 2024-01-13 10:00:00 → Ne pas chauffer (solaire ou inutilisé) | Temp: 1.05°C, Débit: 0.2716 m³/s, Irrad: 0.78 W/m²
[2025-07-31T16:44:58.883+0000] {logging_mixin.py:188} INFO - [INFO] 2024-01-13 11:00:00 → Ne pas chauffer (solaire ou inutilisé) | Temp: 1.22°C, Débit: 0.3438 m³/s, Irrad: 1.00 W/m²
[2025-07-31T16:44:58.884+0000] {logging_mixin.py:188} INFO - [INFO] 2024-01-13 12:00:00 → Ne pas chauffer (solaire ou inutilisé) | Temp: 1.28°C, Débit: 0.4707 m³/s, Irrad: 0.82 W/m²
[2025-07-31T16:44:58.884+0000] {logging_mixin.py:188} INFO - [INFO] 2024-01-13 13:00:00 → Ne pas chauffer (solaire ou inutilisé) | Temp: 1.23°C, Débit: 0.6013 m³/s, Irrad: 0.65 W/m²
[2025-07-31T16:44:58.885+0000] {logging_mixin.py:188} INFO - [INFO] 2024-01-13 14:00:00 → Ne pas chauffer (solaire ou inutilisé) | Temp: 1.06°C, Débit: 0.6971 m³/s, Irrad: 0.42 W/m²
[2025-07-31T16:44:58.885+0000] {logging_mixin.py:188} INFO - [INFO] 2024-01-13 15:00:00 → Ne pas chauffer (solaire ou inutilisé) | Temp: 0.82°C, Débit: 0.7571 m³/s, Irrad: 0.17 W/m²
[2025-07-31T16:44:58.886+0000] {logging_mixin.py:188} INFO - [INFO] 2024-01-13 16:00:00 → Ne pas chauffer (solaire ou inutilisé) | Temp: 0.54°C, Débit: 0.8034 m³/s, Irrad: 0.01 W/m²
[2025-07-31T16:44:58.887+0000] {logging_mixin.py:188} INFO - [INFO] 2024-01-13 17:00:00 → Chauffer (résistance activée) | Temp: 0.28°C, Débit: 0.8486 m³/s, Irrad: 0.00 W/m²
[2025-07-31T16:44:58.887+0000] {logging_mixin.py:188} INFO - [INFO] 2024-01-13 18:00:00 → Chauffer (résistance activée) | Temp: 0.11°C, Débit: 0.8791 m³/s, Irrad: 0.00 W/m²
[2025-07-31T16:44:58.888+0000] {logging_mixin.py:188} INFO - [INFO] 2024-01-13 19:00:00 → Chauffer (résistance activée) | Temp: 0.04°C, Débit: 0.8715 m³/s, Irrad: 0.00 W/m²
[2025-07-31T16:44:58.888+0000] {logging_mixin.py:188} INFO - [INFO] 2024-01-13 20:00:00 → Chauffer (résistance activée) | Temp: 0.05°C, Débit: 0.8193 m³/s, Irrad: 0.00 W/m²
[2025-07-31T16:44:58.889+0000] {logging_mixin.py:188} INFO - [INFO] 2024-01-13 21:00:00 → Chauffer (résistance activée) | Temp: 0.07°C, Débit: 0.7420 m³/s, Irrad: 0.00 W/m²
[2025-07-31T16:44:58.889+0000] {logging_mixin.py:188} INFO - [INFO] 2024-01-13 22:00:00 → Chauffer (résistance activée) | Temp: 0.08°C, Débit: 0.6638 m³/s, Irrad: 0.00 W/m²
[2025-07-31T16:44:58.903+0000] {logging_mixin.py:188} INFO - [INFO] All hourly decisions saved to /opt/airflow/dags/logs/decision_2024-01-13.csv
[2025-07-31T16:44:58.966+0000] {python.py:237} INFO - Done. Returned value was: [{'datetime': '2024-01-12 23:00:00', 'temp': 0.11, 'flow': 0.5855, 'irradiance': 0.0, 'action': 0, 'text': 'Ne pas chauffer (solaire ou inutilisé)'}, {'datetime': '2024-01-13 00:00:00', 'temp': 0.11, 'flow': 0.4937, 'irradiance': 0.0, 'action': 0, 'text': 'Ne pas chauffer (solaire ou inutilisé)'}, {'datetime': '2024-01-13 01:00:00', 'temp': 0.13, 'flow': 0.371, 'irradiance': 0.0, 'action': 0, 'text': 'Ne pas chauffer (solaire ou inutilisé)'}, {'datetime': '2024-01-13 02:00:00', 'temp': 0.16, 'flow': 0.2377, 'irradiance': 0.0, 'action': 0, 'text': 'Ne pas chauffer (solaire ou inutilisé)'}, {'datetime': '2024-01-13 03:00:00', 'temp': 0.18, 'flow': 0.1449, 'irradiance': 0.0, 'action': 0, 'text': 'Ne pas chauffer (solaire ou inutilisé)'}, {'datetime': '2024-01-13 04:00:00', 'temp': 0.17, 'flow': 0.1351, 'irradiance': 0.0, 'action': 0, 'text': 'Ne pas chauffer (solaire ou inutilisé)'}, {'datetime': '2024-01-13 05:00:00', 'temp': 0.15, 'flow': 0.2022, 'irradiance': 0.0, 'action': 0, 'text': 'Ne pas chauffer (solaire ou inutilisé)'}, {'datetime': '2024-01-13 06:00:00', 'temp': 0.18, 'flow': 0.2899, 'irradiance': 0.0, 'action': 0, 'text': 'Ne pas chauffer (solaire ou inutilisé)'}, {'datetime': '2024-01-13 07:00:00', 'temp': 0.31, 'flow': 0.3343, 'irradiance': 0.1, 'action': 0, 'text': 'Ne pas chauffer (solaire ou inutilisé)'}, {'datetime': '2024-01-13 08:00:00', 'temp': 0.54, 'flow': 0.3158, 'irradiance': 0.35, 'action': 0, 'text': 'Ne pas chauffer (solaire ou inutilisé)'}, {'datetime': '2024-01-13 09:00:00', 'temp': 0.81, 'flow': 0.2738, 'irradiance': 0.6, 'action': 0, 'text': 'Ne pas chauffer (solaire ou inutilisé)'}, {'datetime': '2024-01-13 10:00:00', 'temp': 1.05, 'flow': 0.2716, 'irradiance': 0.78, 'action': 0, 'text': 'Ne pas chauffer (solaire ou inutilisé)'}, {'datetime': '2024-01-13 11:00:00', 'temp': 1.22, 'flow': 0.3438, 'irradiance': 1.0, 'action': 0, 'text': 'Ne pas chauffer (solaire ou inutilisé)'}, {'datetime': '2024-01-13 12:00:00', 'temp': 1.28, 'flow': 0.4707, 'irradiance': 0.82, 'action': 0, 'text': 'Ne pas chauffer (solaire ou inutilisé)'}, {'datetime': '2024-01-13 13:00:00', 'temp': 1.23, 'flow': 0.6013, 'irradiance': 0.65, 'action': 0, 'text': 'Ne pas chauffer (solaire ou inutilisé)'}, {'datetime': '2024-01-13 14:00:00', 'temp': 1.06, 'flow': 0.6971, 'irradiance': 0.42, 'action': 0, 'text': 'Ne pas chauffer (solaire ou inutilisé)'}, {'datetime': '2024-01-13 15:00:00', 'temp': 0.82, 'flow': 0.7571, 'irradiance': 0.17, 'action': 0, 'text': 'Ne pas chauffer (solaire ou inutilisé)'}, {'datetime': '2024-01-13 16:00:00', 'temp': 0.54, 'flow': 0.8034, 'irradiance': 0.01, 'action': 0, 'text': 'Ne pas chauffer (solaire ou inutilisé)'}, {'datetime': '2024-01-13 17:00:00', 'temp': 0.28, 'flow': 0.8486, 'irradiance': 0.0, 'action': 1, 'text': 'Chauffer (résistance activée)'}, {'datetime': '2024-01-13 18:00:00', 'temp': 0.11, 'flow': 0.8791, 'irradiance': 0.0, 'action': 1, 'text': 'Chauffer (résistance activée)'}, {'datetime': '2024-01-13 19:00:00', 'temp': 0.04, 'flow': 0.8715, 'irradiance': 0.0, 'action': 1, 'text': 'Chauffer (résistance activée)'}, {'datetime': '2024-01-13 20:00:00', 'temp': 0.05, 'flow': 0.8193, 'irradiance': 0.0, 'action': 1, 'text': 'Chauffer (résistance activée)'}, {'datetime': '2024-01-13 21:00:00', 'temp': 0.07, 'flow': 0.742, 'irradiance': 0.0, 'action': 1, 'text': 'Chauffer (résistance activée)'}, {'datetime': '2024-01-13 22:00:00', 'temp': 0.08, 'flow': 0.6638, 'irradiance': 0.0, 'action': 1, 'text': 'Chauffer (résistance activée)'}]
[2025-07-31T16:44:58.968+0000] {taskinstance.py:441} INFO - ::group::Post task execution logs
[2025-07-31T16:44:59.031+0000] {taskinstance.py:1206} INFO - Marking task as SUCCESS. dag_id=solar_ai_pipeline_2, task_id=decide, run_id=scheduled__2024-01-13T00:00:00+00:00, execution_date=20240113T000000, start_date=20250731T164457, end_date=20250731T164459
[2025-07-31T16:44:59.090+0000] {local_task_job_runner.py:240} INFO - Task exited with return code 0
[2025-07-31T16:44:59.115+0000] {taskinstance.py:3503} INFO - 0 downstream tasks scheduled from follow-on schedule check
[2025-07-31T16:44:59.118+0000] {local_task_job_runner.py:222} INFO - ::endgroup::
