[2025-07-31T07:48:06.484+0000] {local_task_job_runner.py:120} INFO - ::group::Pre task execution logs
[2025-07-31T07:48:06.613+0000] {taskinstance.py:2076} INFO - Dependencies all met for dep_context=non-requeueable deps ti=<TaskInstance: solar_ai_pipeline_2.train_prophet scheduled__2023-05-18T00:00:00+00:00 [queued]>
[2025-07-31T07:48:06.668+0000] {taskinstance.py:2076} INFO - Dependencies all met for dep_context=requeueable deps ti=<TaskInstance: solar_ai_pipeline_2.train_prophet scheduled__2023-05-18T00:00:00+00:00 [queued]>
[2025-07-31T07:48:06.674+0000] {taskinstance.py:2306} INFO - Starting attempt 2 of 2
[2025-07-31T07:48:06.761+0000] {taskinstance.py:2330} INFO - Executing <Task(PythonOperator): train_prophet> on 2023-05-18 00:00:00+00:00
[2025-07-31T07:48:06.773+0000] {standard_task_runner.py:63} INFO - Started process 1299 to run task
[2025-07-31T07:48:06.781+0000] {standard_task_runner.py:90} INFO - Running: ['airflow', 'tasks', 'run', 'solar_ai_pipeline_2', 'train_prophet', 'scheduled__2023-05-18T00:00:00+00:00', '--job-id', '1936', '--raw', '--subdir', 'DAGS_FOLDER/prophet_pipeline.py', '--cfg-path', '/tmp/tmpgtdwtjvs']
[2025-07-31T07:48:06.786+0000] {standard_task_runner.py:91} INFO - Job 1936: Subtask train_prophet
[2025-07-31T07:48:07.020+0000] {task_command.py:426} INFO - Running <TaskInstance: solar_ai_pipeline_2.train_prophet scheduled__2023-05-18T00:00:00+00:00 [running]> on host 4c586ddbbbe9
[2025-07-31T07:48:07.549+0000] {taskinstance.py:2648} INFO - Exporting env vars: AIRFLOW_CTX_DAG_OWNER='ensam' AIRFLOW_CTX_DAG_ID='solar_ai_pipeline_2' AIRFLOW_CTX_TASK_ID='train_prophet' AIRFLOW_CTX_EXECUTION_DATE='2023-05-18T00:00:00+00:00' AIRFLOW_CTX_TRY_NUMBER='2' AIRFLOW_CTX_DAG_RUN_ID='scheduled__2023-05-18T00:00:00+00:00'
[2025-07-31T07:48:07.552+0000] {taskinstance.py:430} INFO - ::endgroup::
[2025-07-31T07:48:08.528+0000] {plot.py:39} ERROR - Importing plotly failed. Interactive plots will not work.
[2025-07-31T07:48:08.538+0000] {taskinstance.py:441} INFO - ::group::Post task execution logs
[2025-07-31T07:48:08.539+0000] {taskinstance.py:2905} ERROR - Task failed with exception
Traceback (most recent call last):
  File "/home/airflow/.local/lib/python3.11/site-packages/airflow/models/taskinstance.py", line 465, in _execute_task
    result = _execute_callable(context=context, **execute_callable_kwargs)
             ^^^^^^^^^^^^^^^^^^^^^^^^^^^^^^^^^^^^^^^^^^^^^^^^^^^^^^^^^^^^^
  File "/home/airflow/.local/lib/python3.11/site-packages/airflow/models/taskinstance.py", line 432, in _execute_callable
    return execute_callable(context=context, **execute_callable_kwargs)
           ^^^^^^^^^^^^^^^^^^^^^^^^^^^^^^^^^^^^^^^^^^^^^^^^^^^^^^^^^^^^
  File "/home/airflow/.local/lib/python3.11/site-packages/airflow/models/baseoperator.py", line 401, in wrapper
    return func(self, *args, **kwargs)
           ^^^^^^^^^^^^^^^^^^^^^^^^^^^
  File "/home/airflow/.local/lib/python3.11/site-packages/airflow/operators/python.py", line 235, in execute
    return_value = self.execute_callable()
                   ^^^^^^^^^^^^^^^^^^^^^^^
  File "/home/airflow/.local/lib/python3.11/site-packages/airflow/operators/python.py", line 252, in execute_callable
    return self.python_callable(*self.op_args, **self.op_kwargs)
           ^^^^^^^^^^^^^^^^^^^^^^^^^^^^^^^^^^^^^^^^^^^^^^^^^^^^^
  File "/opt/airflow/dags/scripts/train_prophet.py", line 73, in train_prophet
    raise ValueError(f"Not enough data to train. train_start={train_start}, train_end={train_end}")
ValueError: Not enough data to train. train_start=2023-01-01, train_end=2022-11-19
[2025-07-31T07:48:08.584+0000] {taskinstance.py:1206} INFO - Marking task as FAILED. dag_id=solar_ai_pipeline_2, task_id=train_prophet, run_id=scheduled__2023-05-18T00:00:00+00:00, execution_date=20230518T000000, start_date=20250731T074806, end_date=20250731T074808
[2025-07-31T07:48:08.749+0000] {standard_task_runner.py:110} ERROR - Failed to execute job 1936 for task train_prophet (Not enough data to train. train_start=2023-01-01, train_end=2022-11-19; 1299)
[2025-07-31T07:48:08.806+0000] {local_task_job_runner.py:240} INFO - Task exited with return code 1
[2025-07-31T07:48:08.860+0000] {taskinstance.py:3503} INFO - 0 downstream tasks scheduled from follow-on schedule check
[2025-07-31T07:48:08.931+0000] {local_task_job_runner.py:222} INFO - ::endgroup::
