[2025-07-31T12:02:52.762+0000] {local_task_job_runner.py:120} INFO - ::group::Pre task execution logs
[2025-07-31T12:02:52.936+0000] {taskinstance.py:2076} INFO - Dependencies all met for dep_context=non-requeueable deps ti=<TaskInstance: solar_ai_pipeline_2.train_prophet scheduled__2023-07-26T00:00:00+00:00 [queued]>
[2025-07-31T12:02:53.007+0000] {taskinstance.py:2076} INFO - Dependencies all met for dep_context=requeueable deps ti=<TaskInstance: solar_ai_pipeline_2.train_prophet scheduled__2023-07-26T00:00:00+00:00 [queued]>
[2025-07-31T12:02:53.012+0000] {taskinstance.py:2306} INFO - Starting attempt 3 of 4
[2025-07-31T12:02:53.126+0000] {taskinstance.py:2330} INFO - Executing <Task(PythonOperator): train_prophet> on 2023-07-26 00:00:00+00:00
[2025-07-31T12:02:53.137+0000] {standard_task_runner.py:63} INFO - Started process 4498 to run task
[2025-07-31T12:02:53.145+0000] {standard_task_runner.py:90} INFO - Running: ['airflow', 'tasks', 'run', 'solar_ai_pipeline_2', 'train_prophet', 'scheduled__2023-07-26T00:00:00+00:00', '--job-id', '2933', '--raw', '--subdir', 'DAGS_FOLDER/prophet_pipeline.py', '--cfg-path', '/tmp/tmpkfkj21yn']
[2025-07-31T12:02:53.149+0000] {standard_task_runner.py:91} INFO - Job 2933: Subtask train_prophet
[2025-07-31T12:02:53.413+0000] {task_command.py:426} INFO - Running <TaskInstance: solar_ai_pipeline_2.train_prophet scheduled__2023-07-26T00:00:00+00:00 [running]> on host a2a0dd314bdc
[2025-07-31T12:02:54.190+0000] {taskinstance.py:2648} INFO - Exporting env vars: AIRFLOW_CTX_DAG_OWNER='ensam' AIRFLOW_CTX_DAG_ID='solar_ai_pipeline_2' AIRFLOW_CTX_TASK_ID='train_prophet' AIRFLOW_CTX_EXECUTION_DATE='2023-07-26T00:00:00+00:00' AIRFLOW_CTX_TRY_NUMBER='3' AIRFLOW_CTX_DAG_RUN_ID='scheduled__2023-07-26T00:00:00+00:00'
[2025-07-31T12:02:54.192+0000] {taskinstance.py:430} INFO - ::endgroup::
[2025-07-31T12:02:55.116+0000] {plot.py:39} ERROR - Importing plotly failed. Interactive plots will not work.
[2025-07-31T12:02:55.125+0000] {logging_mixin.py:188} INFO - Training from 2023-01-01 to 2023-01-27
[2025-07-31T12:02:55.667+0000] {logging_mixin.py:188} INFO - Test 1/18: {'changepoint_prior_scale': 0.01, 'seasonality_prior_scale': 1.0, 'seasonality_mode': 'additive'}
[2025-07-31T12:02:55.729+0000] {filesystem.py:118} DEBUG - input tempfile: /tmp/tmpn0ww0avy/8dcy9mor.json
[2025-07-31T12:02:55.805+0000] {filesystem.py:118} DEBUG - input tempfile: /tmp/tmpn0ww0avy/6e0djhif.json
[2025-07-31T12:02:55.808+0000] {model.py:2042} DEBUG - idx 0
[2025-07-31T12:02:55.809+0000] {model.py:2043} DEBUG - running CmdStan, num_threads: None
[2025-07-31T12:02:55.809+0000] {model.py:2055} DEBUG - CmdStan args: ['/home/airflow/.local/lib/python3.11/site-packages/prophet/stan_model/prophet_model.bin', 'random', 'seed=23019', 'data', 'file=/tmp/tmpn0ww0avy/8dcy9mor.json', 'init=/tmp/tmpn0ww0avy/6e0djhif.json', 'output', 'file=/tmp/tmpn0ww0avy/prophet_model4_dckw0c/prophet_model-20250731120255.csv', 'method=optimize', 'algorithm=lbfgs', 'iter=10000']
[2025-07-31T12:02:55.810+0000] {logging_mixin.py:188} WARNING - 12:02:55 - cmdstanpy - INFO - Chain [1] start processing
[2025-07-31T12:02:55.810+0000] {model.py:2058} INFO - Chain [1] start processing
[2025-07-31T12:02:55.855+0000] {logging_mixin.py:188} WARNING - 12:02:55 - cmdstanpy - INFO - Chain [1] done processing
[2025-07-31T12:02:55.855+0000] {model.py:2115} INFO - Chain [1] done processing
[2025-07-31T12:02:55.860+0000] {logging_mixin.py:188} INFO - Erreur pour {'changepoint_prior_scale': 0.01, 'seasonality_prior_scale': 1.0, 'seasonality_mode': 'additive'}: Less data than horizon after initial window. Make horizon or initial shorter.
[2025-07-31T12:02:55.861+0000] {logging_mixin.py:188} INFO - Test 2/18: {'changepoint_prior_scale': 0.01, 'seasonality_prior_scale': 1.0, 'seasonality_mode': 'multiplicative'}
[2025-07-31T12:02:55.885+0000] {filesystem.py:118} DEBUG - input tempfile: /tmp/tmpn0ww0avy/5basgkwr.json
[2025-07-31T12:02:55.950+0000] {filesystem.py:118} DEBUG - input tempfile: /tmp/tmpn0ww0avy/ktbkobnj.json
[2025-07-31T12:02:55.952+0000] {model.py:2042} DEBUG - idx 0
[2025-07-31T12:02:55.953+0000] {model.py:2043} DEBUG - running CmdStan, num_threads: None
[2025-07-31T12:02:55.953+0000] {model.py:2055} DEBUG - CmdStan args: ['/home/airflow/.local/lib/python3.11/site-packages/prophet/stan_model/prophet_model.bin', 'random', 'seed=12360', 'data', 'file=/tmp/tmpn0ww0avy/5basgkwr.json', 'init=/tmp/tmpn0ww0avy/ktbkobnj.json', 'output', 'file=/tmp/tmpn0ww0avy/prophet_modelzld__tz_/prophet_model-20250731120255.csv', 'method=optimize', 'algorithm=lbfgs', 'iter=10000']
[2025-07-31T12:02:55.954+0000] {logging_mixin.py:188} WARNING - 12:02:55 - cmdstanpy - INFO - Chain [1] start processing
[2025-07-31T12:02:55.954+0000] {model.py:2058} INFO - Chain [1] start processing
[2025-07-31T12:02:56.008+0000] {logging_mixin.py:188} WARNING - 12:02:56 - cmdstanpy - INFO - Chain [1] done processing
[2025-07-31T12:02:56.008+0000] {model.py:2115} INFO - Chain [1] done processing
[2025-07-31T12:02:56.013+0000] {logging_mixin.py:188} INFO - Erreur pour {'changepoint_prior_scale': 0.01, 'seasonality_prior_scale': 1.0, 'seasonality_mode': 'multiplicative'}: Less data than horizon after initial window. Make horizon or initial shorter.
[2025-07-31T12:02:56.014+0000] {logging_mixin.py:188} INFO - Test 3/18: {'changepoint_prior_scale': 0.01, 'seasonality_prior_scale': 5.0, 'seasonality_mode': 'additive'}
[2025-07-31T12:02:56.041+0000] {filesystem.py:118} DEBUG - input tempfile: /tmp/tmpn0ww0avy/t0mffgtl.json
[2025-07-31T12:02:56.126+0000] {filesystem.py:118} DEBUG - input tempfile: /tmp/tmpn0ww0avy/almtznqk.json
[2025-07-31T12:02:56.128+0000] {model.py:2042} DEBUG - idx 0
[2025-07-31T12:02:56.128+0000] {model.py:2043} DEBUG - running CmdStan, num_threads: None
[2025-07-31T12:02:56.129+0000] {model.py:2055} DEBUG - CmdStan args: ['/home/airflow/.local/lib/python3.11/site-packages/prophet/stan_model/prophet_model.bin', 'random', 'seed=81081', 'data', 'file=/tmp/tmpn0ww0avy/t0mffgtl.json', 'init=/tmp/tmpn0ww0avy/almtznqk.json', 'output', 'file=/tmp/tmpn0ww0avy/prophet_modela0zxnhl_/prophet_model-20250731120256.csv', 'method=optimize', 'algorithm=lbfgs', 'iter=10000']
[2025-07-31T12:02:56.130+0000] {logging_mixin.py:188} WARNING - 12:02:56 - cmdstanpy - INFO - Chain [1] start processing
[2025-07-31T12:02:56.130+0000] {model.py:2058} INFO - Chain [1] start processing
[2025-07-31T12:02:56.171+0000] {logging_mixin.py:188} WARNING - 12:02:56 - cmdstanpy - INFO - Chain [1] done processing
[2025-07-31T12:02:56.171+0000] {model.py:2115} INFO - Chain [1] done processing
[2025-07-31T12:02:56.175+0000] {logging_mixin.py:188} INFO - Erreur pour {'changepoint_prior_scale': 0.01, 'seasonality_prior_scale': 5.0, 'seasonality_mode': 'additive'}: Less data than horizon after initial window. Make horizon or initial shorter.
[2025-07-31T12:02:56.177+0000] {logging_mixin.py:188} INFO - Test 4/18: {'changepoint_prior_scale': 0.01, 'seasonality_prior_scale': 5.0, 'seasonality_mode': 'multiplicative'}
[2025-07-31T12:02:56.194+0000] {filesystem.py:118} DEBUG - input tempfile: /tmp/tmpn0ww0avy/u2_rw1_p.json
[2025-07-31T12:02:56.271+0000] {filesystem.py:118} DEBUG - input tempfile: /tmp/tmpn0ww0avy/51aqc4ud.json
[2025-07-31T12:02:56.273+0000] {model.py:2042} DEBUG - idx 0
[2025-07-31T12:02:56.274+0000] {model.py:2043} DEBUG - running CmdStan, num_threads: None
[2025-07-31T12:02:56.274+0000] {model.py:2055} DEBUG - CmdStan args: ['/home/airflow/.local/lib/python3.11/site-packages/prophet/stan_model/prophet_model.bin', 'random', 'seed=24824', 'data', 'file=/tmp/tmpn0ww0avy/u2_rw1_p.json', 'init=/tmp/tmpn0ww0avy/51aqc4ud.json', 'output', 'file=/tmp/tmpn0ww0avy/prophet_model9gsuyy26/prophet_model-20250731120256.csv', 'method=optimize', 'algorithm=lbfgs', 'iter=10000']
[2025-07-31T12:02:56.275+0000] {logging_mixin.py:188} WARNING - 12:02:56 - cmdstanpy - INFO - Chain [1] start processing
[2025-07-31T12:02:56.275+0000] {model.py:2058} INFO - Chain [1] start processing
[2025-07-31T12:02:56.343+0000] {logging_mixin.py:188} WARNING - 12:02:56 - cmdstanpy - INFO - Chain [1] done processing
[2025-07-31T12:02:56.343+0000] {model.py:2115} INFO - Chain [1] done processing
[2025-07-31T12:02:56.348+0000] {logging_mixin.py:188} INFO - Erreur pour {'changepoint_prior_scale': 0.01, 'seasonality_prior_scale': 5.0, 'seasonality_mode': 'multiplicative'}: Less data than horizon after initial window. Make horizon or initial shorter.
[2025-07-31T12:02:56.349+0000] {logging_mixin.py:188} INFO - Test 5/18: {'changepoint_prior_scale': 0.01, 'seasonality_prior_scale': 10.0, 'seasonality_mode': 'additive'}
[2025-07-31T12:02:56.371+0000] {filesystem.py:118} DEBUG - input tempfile: /tmp/tmpn0ww0avy/q3e_m2tu.json
[2025-07-31T12:02:56.448+0000] {filesystem.py:118} DEBUG - input tempfile: /tmp/tmpn0ww0avy/9pdcv14x.json
[2025-07-31T12:02:56.450+0000] {model.py:2042} DEBUG - idx 0
[2025-07-31T12:02:56.450+0000] {model.py:2043} DEBUG - running CmdStan, num_threads: None
[2025-07-31T12:02:56.451+0000] {model.py:2055} DEBUG - CmdStan args: ['/home/airflow/.local/lib/python3.11/site-packages/prophet/stan_model/prophet_model.bin', 'random', 'seed=7260', 'data', 'file=/tmp/tmpn0ww0avy/q3e_m2tu.json', 'init=/tmp/tmpn0ww0avy/9pdcv14x.json', 'output', 'file=/tmp/tmpn0ww0avy/prophet_modelx85ky8nu/prophet_model-20250731120256.csv', 'method=optimize', 'algorithm=lbfgs', 'iter=10000']
[2025-07-31T12:02:56.452+0000] {logging_mixin.py:188} WARNING - 12:02:56 - cmdstanpy - INFO - Chain [1] start processing
[2025-07-31T12:02:56.451+0000] {model.py:2058} INFO - Chain [1] start processing
[2025-07-31T12:02:56.503+0000] {logging_mixin.py:188} WARNING - 12:02:56 - cmdstanpy - INFO - Chain [1] done processing
[2025-07-31T12:02:56.503+0000] {model.py:2115} INFO - Chain [1] done processing
[2025-07-31T12:02:56.509+0000] {logging_mixin.py:188} INFO - Erreur pour {'changepoint_prior_scale': 0.01, 'seasonality_prior_scale': 10.0, 'seasonality_mode': 'additive'}: Less data than horizon after initial window. Make horizon or initial shorter.
[2025-07-31T12:02:56.510+0000] {logging_mixin.py:188} INFO - Test 6/18: {'changepoint_prior_scale': 0.01, 'seasonality_prior_scale': 10.0, 'seasonality_mode': 'multiplicative'}
[2025-07-31T12:02:56.538+0000] {filesystem.py:118} DEBUG - input tempfile: /tmp/tmpn0ww0avy/f5uuuxrx.json
[2025-07-31T12:02:56.639+0000] {filesystem.py:118} DEBUG - input tempfile: /tmp/tmpn0ww0avy/3ntl29jm.json
[2025-07-31T12:02:56.641+0000] {model.py:2042} DEBUG - idx 0
[2025-07-31T12:02:56.642+0000] {model.py:2043} DEBUG - running CmdStan, num_threads: None
[2025-07-31T12:02:56.642+0000] {model.py:2055} DEBUG - CmdStan args: ['/home/airflow/.local/lib/python3.11/site-packages/prophet/stan_model/prophet_model.bin', 'random', 'seed=99061', 'data', 'file=/tmp/tmpn0ww0avy/f5uuuxrx.json', 'init=/tmp/tmpn0ww0avy/3ntl29jm.json', 'output', 'file=/tmp/tmpn0ww0avy/prophet_model57tr8a1h/prophet_model-20250731120256.csv', 'method=optimize', 'algorithm=lbfgs', 'iter=10000']
[2025-07-31T12:02:56.643+0000] {logging_mixin.py:188} WARNING - 12:02:56 - cmdstanpy - INFO - Chain [1] start processing
[2025-07-31T12:02:56.643+0000] {model.py:2058} INFO - Chain [1] start processing
[2025-07-31T12:02:56.710+0000] {logging_mixin.py:188} WARNING - 12:02:56 - cmdstanpy - INFO - Chain [1] done processing
[2025-07-31T12:02:56.710+0000] {model.py:2115} INFO - Chain [1] done processing
[2025-07-31T12:02:56.715+0000] {logging_mixin.py:188} INFO - Erreur pour {'changepoint_prior_scale': 0.01, 'seasonality_prior_scale': 10.0, 'seasonality_mode': 'multiplicative'}: Less data than horizon after initial window. Make horizon or initial shorter.
[2025-07-31T12:02:56.716+0000] {logging_mixin.py:188} INFO - Test 7/18: {'changepoint_prior_scale': 0.05, 'seasonality_prior_scale': 1.0, 'seasonality_mode': 'additive'}
[2025-07-31T12:02:56.735+0000] {filesystem.py:118} DEBUG - input tempfile: /tmp/tmpn0ww0avy/sd5_xz8p.json
[2025-07-31T12:02:56.813+0000] {filesystem.py:118} DEBUG - input tempfile: /tmp/tmpn0ww0avy/a5yviajv.json
[2025-07-31T12:02:56.815+0000] {model.py:2042} DEBUG - idx 0
[2025-07-31T12:02:56.816+0000] {model.py:2043} DEBUG - running CmdStan, num_threads: None
[2025-07-31T12:02:56.817+0000] {model.py:2055} DEBUG - CmdStan args: ['/home/airflow/.local/lib/python3.11/site-packages/prophet/stan_model/prophet_model.bin', 'random', 'seed=77061', 'data', 'file=/tmp/tmpn0ww0avy/sd5_xz8p.json', 'init=/tmp/tmpn0ww0avy/a5yviajv.json', 'output', 'file=/tmp/tmpn0ww0avy/prophet_modelwq7hqbef/prophet_model-20250731120256.csv', 'method=optimize', 'algorithm=lbfgs', 'iter=10000']
[2025-07-31T12:02:56.817+0000] {logging_mixin.py:188} WARNING - 12:02:56 - cmdstanpy - INFO - Chain [1] start processing
[2025-07-31T12:02:56.817+0000] {model.py:2058} INFO - Chain [1] start processing
[2025-07-31T12:02:56.864+0000] {logging_mixin.py:188} WARNING - 12:02:56 - cmdstanpy - INFO - Chain [1] done processing
[2025-07-31T12:02:56.864+0000] {model.py:2115} INFO - Chain [1] done processing
[2025-07-31T12:02:56.869+0000] {logging_mixin.py:188} INFO - Erreur pour {'changepoint_prior_scale': 0.05, 'seasonality_prior_scale': 1.0, 'seasonality_mode': 'additive'}: Less data than horizon after initial window. Make horizon or initial shorter.
[2025-07-31T12:02:56.870+0000] {logging_mixin.py:188} INFO - Test 8/18: {'changepoint_prior_scale': 0.05, 'seasonality_prior_scale': 1.0, 'seasonality_mode': 'multiplicative'}
[2025-07-31T12:02:56.892+0000] {filesystem.py:118} DEBUG - input tempfile: /tmp/tmpn0ww0avy/i4rbd87h.json
[2025-07-31T12:02:56.969+0000] {filesystem.py:118} DEBUG - input tempfile: /tmp/tmpn0ww0avy/fgp40y43.json
[2025-07-31T12:02:56.971+0000] {model.py:2042} DEBUG - idx 0
[2025-07-31T12:02:56.971+0000] {model.py:2043} DEBUG - running CmdStan, num_threads: None
[2025-07-31T12:02:56.972+0000] {model.py:2055} DEBUG - CmdStan args: ['/home/airflow/.local/lib/python3.11/site-packages/prophet/stan_model/prophet_model.bin', 'random', 'seed=3594', 'data', 'file=/tmp/tmpn0ww0avy/i4rbd87h.json', 'init=/tmp/tmpn0ww0avy/fgp40y43.json', 'output', 'file=/tmp/tmpn0ww0avy/prophet_model6cg6l8yh/prophet_model-20250731120256.csv', 'method=optimize', 'algorithm=lbfgs', 'iter=10000']
[2025-07-31T12:02:56.973+0000] {logging_mixin.py:188} WARNING - 12:02:56 - cmdstanpy - INFO - Chain [1] start processing
[2025-07-31T12:02:56.973+0000] {model.py:2058} INFO - Chain [1] start processing
[2025-07-31T12:02:57.033+0000] {logging_mixin.py:188} WARNING - 12:02:57 - cmdstanpy - INFO - Chain [1] done processing
[2025-07-31T12:02:57.033+0000] {model.py:2115} INFO - Chain [1] done processing
[2025-07-31T12:02:57.040+0000] {logging_mixin.py:188} INFO - Erreur pour {'changepoint_prior_scale': 0.05, 'seasonality_prior_scale': 1.0, 'seasonality_mode': 'multiplicative'}: Less data than horizon after initial window. Make horizon or initial shorter.
[2025-07-31T12:02:57.041+0000] {logging_mixin.py:188} INFO - Test 9/18: {'changepoint_prior_scale': 0.05, 'seasonality_prior_scale': 5.0, 'seasonality_mode': 'additive'}
[2025-07-31T12:02:57.077+0000] {filesystem.py:118} DEBUG - input tempfile: /tmp/tmpn0ww0avy/em83xlwf.json
[2025-07-31T12:02:57.173+0000] {filesystem.py:118} DEBUG - input tempfile: /tmp/tmpn0ww0avy/nloyah2o.json
[2025-07-31T12:02:57.178+0000] {model.py:2042} DEBUG - idx 0
[2025-07-31T12:02:57.179+0000] {model.py:2043} DEBUG - running CmdStan, num_threads: None
[2025-07-31T12:02:57.180+0000] {model.py:2055} DEBUG - CmdStan args: ['/home/airflow/.local/lib/python3.11/site-packages/prophet/stan_model/prophet_model.bin', 'random', 'seed=60069', 'data', 'file=/tmp/tmpn0ww0avy/em83xlwf.json', 'init=/tmp/tmpn0ww0avy/nloyah2o.json', 'output', 'file=/tmp/tmpn0ww0avy/prophet_modele3aozl0t/prophet_model-20250731120257.csv', 'method=optimize', 'algorithm=lbfgs', 'iter=10000']
[2025-07-31T12:02:57.180+0000] {logging_mixin.py:188} WARNING - 12:02:57 - cmdstanpy - INFO - Chain [1] start processing
[2025-07-31T12:02:57.180+0000] {model.py:2058} INFO - Chain [1] start processing
[2025-07-31T12:02:57.238+0000] {logging_mixin.py:188} WARNING - 12:02:57 - cmdstanpy - INFO - Chain [1] done processing
[2025-07-31T12:02:57.237+0000] {model.py:2115} INFO - Chain [1] done processing
[2025-07-31T12:02:57.244+0000] {logging_mixin.py:188} INFO - Erreur pour {'changepoint_prior_scale': 0.05, 'seasonality_prior_scale': 5.0, 'seasonality_mode': 'additive'}: Less data than horizon after initial window. Make horizon or initial shorter.
[2025-07-31T12:02:57.245+0000] {logging_mixin.py:188} INFO - Test 10/18: {'changepoint_prior_scale': 0.05, 'seasonality_prior_scale': 5.0, 'seasonality_mode': 'multiplicative'}
[2025-07-31T12:02:57.267+0000] {filesystem.py:118} DEBUG - input tempfile: /tmp/tmpn0ww0avy/ou865a1b.json
[2025-07-31T12:02:57.351+0000] {filesystem.py:118} DEBUG - input tempfile: /tmp/tmpn0ww0avy/d0_mfhzm.json
[2025-07-31T12:02:57.353+0000] {model.py:2042} DEBUG - idx 0
[2025-07-31T12:02:57.354+0000] {model.py:2043} DEBUG - running CmdStan, num_threads: None
[2025-07-31T12:02:57.355+0000] {model.py:2055} DEBUG - CmdStan args: ['/home/airflow/.local/lib/python3.11/site-packages/prophet/stan_model/prophet_model.bin', 'random', 'seed=26518', 'data', 'file=/tmp/tmpn0ww0avy/ou865a1b.json', 'init=/tmp/tmpn0ww0avy/d0_mfhzm.json', 'output', 'file=/tmp/tmpn0ww0avy/prophet_modelnyz7irbn/prophet_model-20250731120257.csv', 'method=optimize', 'algorithm=lbfgs', 'iter=10000']
[2025-07-31T12:02:57.355+0000] {logging_mixin.py:188} WARNING - 12:02:57 - cmdstanpy - INFO - Chain [1] start processing
[2025-07-31T12:02:57.355+0000] {model.py:2058} INFO - Chain [1] start processing
[2025-07-31T12:02:57.418+0000] {logging_mixin.py:188} WARNING - 12:02:57 - cmdstanpy - INFO - Chain [1] done processing
[2025-07-31T12:02:57.417+0000] {model.py:2115} INFO - Chain [1] done processing
[2025-07-31T12:02:57.423+0000] {logging_mixin.py:188} INFO - Erreur pour {'changepoint_prior_scale': 0.05, 'seasonality_prior_scale': 5.0, 'seasonality_mode': 'multiplicative'}: Less data than horizon after initial window. Make horizon or initial shorter.
[2025-07-31T12:02:57.424+0000] {logging_mixin.py:188} INFO - Test 11/18: {'changepoint_prior_scale': 0.05, 'seasonality_prior_scale': 10.0, 'seasonality_mode': 'additive'}
[2025-07-31T12:02:57.449+0000] {filesystem.py:118} DEBUG - input tempfile: /tmp/tmpn0ww0avy/yh2o7suw.json
[2025-07-31T12:02:57.534+0000] {filesystem.py:118} DEBUG - input tempfile: /tmp/tmpn0ww0avy/d0fw0nyn.json
[2025-07-31T12:02:57.536+0000] {model.py:2042} DEBUG - idx 0
[2025-07-31T12:02:57.537+0000] {model.py:2043} DEBUG - running CmdStan, num_threads: None
[2025-07-31T12:02:57.538+0000] {model.py:2055} DEBUG - CmdStan args: ['/home/airflow/.local/lib/python3.11/site-packages/prophet/stan_model/prophet_model.bin', 'random', 'seed=15823', 'data', 'file=/tmp/tmpn0ww0avy/yh2o7suw.json', 'init=/tmp/tmpn0ww0avy/d0fw0nyn.json', 'output', 'file=/tmp/tmpn0ww0avy/prophet_modelg9i_blqk/prophet_model-20250731120257.csv', 'method=optimize', 'algorithm=lbfgs', 'iter=10000']
[2025-07-31T12:02:57.539+0000] {logging_mixin.py:188} WARNING - 12:02:57 - cmdstanpy - INFO - Chain [1] start processing
[2025-07-31T12:02:57.539+0000] {model.py:2058} INFO - Chain [1] start processing
[2025-07-31T12:02:57.591+0000] {logging_mixin.py:188} WARNING - 12:02:57 - cmdstanpy - INFO - Chain [1] done processing
[2025-07-31T12:02:57.591+0000] {model.py:2115} INFO - Chain [1] done processing
[2025-07-31T12:02:57.596+0000] {logging_mixin.py:188} INFO - Erreur pour {'changepoint_prior_scale': 0.05, 'seasonality_prior_scale': 10.0, 'seasonality_mode': 'additive'}: Less data than horizon after initial window. Make horizon or initial shorter.
[2025-07-31T12:02:57.597+0000] {logging_mixin.py:188} INFO - Test 12/18: {'changepoint_prior_scale': 0.05, 'seasonality_prior_scale': 10.0, 'seasonality_mode': 'multiplicative'}
[2025-07-31T12:02:57.619+0000] {filesystem.py:118} DEBUG - input tempfile: /tmp/tmpn0ww0avy/f6dukfba.json
[2025-07-31T12:02:57.696+0000] {filesystem.py:118} DEBUG - input tempfile: /tmp/tmpn0ww0avy/3hzkrv6j.json
[2025-07-31T12:02:57.699+0000] {model.py:2042} DEBUG - idx 0
[2025-07-31T12:02:57.699+0000] {model.py:2043} DEBUG - running CmdStan, num_threads: None
[2025-07-31T12:02:57.700+0000] {model.py:2055} DEBUG - CmdStan args: ['/home/airflow/.local/lib/python3.11/site-packages/prophet/stan_model/prophet_model.bin', 'random', 'seed=16605', 'data', 'file=/tmp/tmpn0ww0avy/f6dukfba.json', 'init=/tmp/tmpn0ww0avy/3hzkrv6j.json', 'output', 'file=/tmp/tmpn0ww0avy/prophet_modelszcinzl1/prophet_model-20250731120257.csv', 'method=optimize', 'algorithm=lbfgs', 'iter=10000']
[2025-07-31T12:02:57.701+0000] {logging_mixin.py:188} WARNING - 12:02:57 - cmdstanpy - INFO - Chain [1] start processing
[2025-07-31T12:02:57.701+0000] {model.py:2058} INFO - Chain [1] start processing
[2025-07-31T12:02:57.812+0000] {logging_mixin.py:188} WARNING - 12:02:57 - cmdstanpy - INFO - Chain [1] done processing
[2025-07-31T12:02:57.812+0000] {model.py:2115} INFO - Chain [1] done processing
[2025-07-31T12:02:57.818+0000] {logging_mixin.py:188} INFO - Erreur pour {'changepoint_prior_scale': 0.05, 'seasonality_prior_scale': 10.0, 'seasonality_mode': 'multiplicative'}: Less data than horizon after initial window. Make horizon or initial shorter.
[2025-07-31T12:02:57.819+0000] {logging_mixin.py:188} INFO - Test 13/18: {'changepoint_prior_scale': 0.1, 'seasonality_prior_scale': 1.0, 'seasonality_mode': 'additive'}
[2025-07-31T12:02:57.839+0000] {filesystem.py:118} DEBUG - input tempfile: /tmp/tmpn0ww0avy/hvak2nch.json
[2025-07-31T12:02:57.932+0000] {filesystem.py:118} DEBUG - input tempfile: /tmp/tmpn0ww0avy/igorwceo.json
[2025-07-31T12:02:57.934+0000] {model.py:2042} DEBUG - idx 0
[2025-07-31T12:02:57.934+0000] {model.py:2043} DEBUG - running CmdStan, num_threads: None
[2025-07-31T12:02:57.935+0000] {model.py:2055} DEBUG - CmdStan args: ['/home/airflow/.local/lib/python3.11/site-packages/prophet/stan_model/prophet_model.bin', 'random', 'seed=16901', 'data', 'file=/tmp/tmpn0ww0avy/hvak2nch.json', 'init=/tmp/tmpn0ww0avy/igorwceo.json', 'output', 'file=/tmp/tmpn0ww0avy/prophet_modelbhrn47tv/prophet_model-20250731120257.csv', 'method=optimize', 'algorithm=lbfgs', 'iter=10000']
[2025-07-31T12:02:57.936+0000] {logging_mixin.py:188} WARNING - 12:02:57 - cmdstanpy - INFO - Chain [1] start processing
[2025-07-31T12:02:57.936+0000] {model.py:2058} INFO - Chain [1] start processing
[2025-07-31T12:02:58.022+0000] {logging_mixin.py:188} WARNING - 12:02:58 - cmdstanpy - INFO - Chain [1] done processing
[2025-07-31T12:02:58.022+0000] {model.py:2115} INFO - Chain [1] done processing
[2025-07-31T12:02:58.027+0000] {logging_mixin.py:188} INFO - Erreur pour {'changepoint_prior_scale': 0.1, 'seasonality_prior_scale': 1.0, 'seasonality_mode': 'additive'}: Less data than horizon after initial window. Make horizon or initial shorter.
[2025-07-31T12:02:58.027+0000] {logging_mixin.py:188} INFO - Test 14/18: {'changepoint_prior_scale': 0.1, 'seasonality_prior_scale': 1.0, 'seasonality_mode': 'multiplicative'}
[2025-07-31T12:02:58.048+0000] {filesystem.py:118} DEBUG - input tempfile: /tmp/tmpn0ww0avy/3hz7tkf2.json
[2025-07-31T12:02:58.145+0000] {filesystem.py:118} DEBUG - input tempfile: /tmp/tmpn0ww0avy/3ra_1jz8.json
[2025-07-31T12:02:58.148+0000] {model.py:2042} DEBUG - idx 0
[2025-07-31T12:02:58.148+0000] {model.py:2043} DEBUG - running CmdStan, num_threads: None
[2025-07-31T12:02:58.149+0000] {model.py:2055} DEBUG - CmdStan args: ['/home/airflow/.local/lib/python3.11/site-packages/prophet/stan_model/prophet_model.bin', 'random', 'seed=6329', 'data', 'file=/tmp/tmpn0ww0avy/3hz7tkf2.json', 'init=/tmp/tmpn0ww0avy/3ra_1jz8.json', 'output', 'file=/tmp/tmpn0ww0avy/prophet_modelxk1gatul/prophet_model-20250731120258.csv', 'method=optimize', 'algorithm=lbfgs', 'iter=10000']
[2025-07-31T12:02:58.150+0000] {logging_mixin.py:188} WARNING - 12:02:58 - cmdstanpy - INFO - Chain [1] start processing
[2025-07-31T12:02:58.150+0000] {model.py:2058} INFO - Chain [1] start processing
[2025-07-31T12:02:58.270+0000] {logging_mixin.py:188} WARNING - 12:02:58 - cmdstanpy - INFO - Chain [1] done processing
[2025-07-31T12:02:58.270+0000] {model.py:2115} INFO - Chain [1] done processing
[2025-07-31T12:02:58.276+0000] {logging_mixin.py:188} INFO - Erreur pour {'changepoint_prior_scale': 0.1, 'seasonality_prior_scale': 1.0, 'seasonality_mode': 'multiplicative'}: Less data than horizon after initial window. Make horizon or initial shorter.
[2025-07-31T12:02:58.277+0000] {logging_mixin.py:188} INFO - Test 15/18: {'changepoint_prior_scale': 0.1, 'seasonality_prior_scale': 5.0, 'seasonality_mode': 'additive'}
[2025-07-31T12:02:58.299+0000] {filesystem.py:118} DEBUG - input tempfile: /tmp/tmpn0ww0avy/__zrh3tw.json
[2025-07-31T12:02:58.377+0000] {filesystem.py:118} DEBUG - input tempfile: /tmp/tmpn0ww0avy/71lckwqi.json
[2025-07-31T12:02:58.379+0000] {model.py:2042} DEBUG - idx 0
[2025-07-31T12:02:58.380+0000] {model.py:2043} DEBUG - running CmdStan, num_threads: None
[2025-07-31T12:02:58.381+0000] {model.py:2055} DEBUG - CmdStan args: ['/home/airflow/.local/lib/python3.11/site-packages/prophet/stan_model/prophet_model.bin', 'random', 'seed=82781', 'data', 'file=/tmp/tmpn0ww0avy/__zrh3tw.json', 'init=/tmp/tmpn0ww0avy/71lckwqi.json', 'output', 'file=/tmp/tmpn0ww0avy/prophet_modelnw_e8eqh/prophet_model-20250731120258.csv', 'method=optimize', 'algorithm=lbfgs', 'iter=10000']
[2025-07-31T12:02:58.381+0000] {logging_mixin.py:188} WARNING - 12:02:58 - cmdstanpy - INFO - Chain [1] start processing
[2025-07-31T12:02:58.381+0000] {model.py:2058} INFO - Chain [1] start processing
[2025-07-31T12:02:58.425+0000] {logging_mixin.py:188} WARNING - 12:02:58 - cmdstanpy - INFO - Chain [1] done processing
[2025-07-31T12:02:58.425+0000] {model.py:2115} INFO - Chain [1] done processing
[2025-07-31T12:02:58.431+0000] {logging_mixin.py:188} INFO - Erreur pour {'changepoint_prior_scale': 0.1, 'seasonality_prior_scale': 5.0, 'seasonality_mode': 'additive'}: Less data than horizon after initial window. Make horizon or initial shorter.
[2025-07-31T12:02:58.432+0000] {logging_mixin.py:188} INFO - Test 16/18: {'changepoint_prior_scale': 0.1, 'seasonality_prior_scale': 5.0, 'seasonality_mode': 'multiplicative'}
[2025-07-31T12:02:58.455+0000] {filesystem.py:118} DEBUG - input tempfile: /tmp/tmpn0ww0avy/oiujioiu.json
[2025-07-31T12:02:58.551+0000] {filesystem.py:118} DEBUG - input tempfile: /tmp/tmpn0ww0avy/hst6sfob.json
[2025-07-31T12:02:58.554+0000] {model.py:2042} DEBUG - idx 0
[2025-07-31T12:02:58.554+0000] {model.py:2043} DEBUG - running CmdStan, num_threads: None
[2025-07-31T12:02:58.555+0000] {model.py:2055} DEBUG - CmdStan args: ['/home/airflow/.local/lib/python3.11/site-packages/prophet/stan_model/prophet_model.bin', 'random', 'seed=43395', 'data', 'file=/tmp/tmpn0ww0avy/oiujioiu.json', 'init=/tmp/tmpn0ww0avy/hst6sfob.json', 'output', 'file=/tmp/tmpn0ww0avy/prophet_model9__ir5vv/prophet_model-20250731120258.csv', 'method=optimize', 'algorithm=lbfgs', 'iter=10000']
[2025-07-31T12:02:58.556+0000] {logging_mixin.py:188} WARNING - 12:02:58 - cmdstanpy - INFO - Chain [1] start processing
[2025-07-31T12:02:58.556+0000] {model.py:2058} INFO - Chain [1] start processing
[2025-07-31T12:02:58.634+0000] {logging_mixin.py:188} WARNING - 12:02:58 - cmdstanpy - INFO - Chain [1] done processing
[2025-07-31T12:02:58.634+0000] {model.py:2115} INFO - Chain [1] done processing
[2025-07-31T12:02:58.641+0000] {logging_mixin.py:188} INFO - Erreur pour {'changepoint_prior_scale': 0.1, 'seasonality_prior_scale': 5.0, 'seasonality_mode': 'multiplicative'}: Less data than horizon after initial window. Make horizon or initial shorter.
[2025-07-31T12:02:58.642+0000] {logging_mixin.py:188} INFO - Test 17/18: {'changepoint_prior_scale': 0.1, 'seasonality_prior_scale': 10.0, 'seasonality_mode': 'additive'}
[2025-07-31T12:02:58.670+0000] {filesystem.py:118} DEBUG - input tempfile: /tmp/tmpn0ww0avy/toq_t9mx.json
[2025-07-31T12:02:58.747+0000] {filesystem.py:118} DEBUG - input tempfile: /tmp/tmpn0ww0avy/1snj_7i0.json
[2025-07-31T12:02:58.749+0000] {model.py:2042} DEBUG - idx 0
[2025-07-31T12:02:58.750+0000] {model.py:2043} DEBUG - running CmdStan, num_threads: None
[2025-07-31T12:02:58.751+0000] {model.py:2055} DEBUG - CmdStan args: ['/home/airflow/.local/lib/python3.11/site-packages/prophet/stan_model/prophet_model.bin', 'random', 'seed=50248', 'data', 'file=/tmp/tmpn0ww0avy/toq_t9mx.json', 'init=/tmp/tmpn0ww0avy/1snj_7i0.json', 'output', 'file=/tmp/tmpn0ww0avy/prophet_modelz4lhhtvi/prophet_model-20250731120258.csv', 'method=optimize', 'algorithm=lbfgs', 'iter=10000']
[2025-07-31T12:02:58.751+0000] {logging_mixin.py:188} WARNING - 12:02:58 - cmdstanpy - INFO - Chain [1] start processing
[2025-07-31T12:02:58.751+0000] {model.py:2058} INFO - Chain [1] start processing
[2025-07-31T12:02:58.816+0000] {logging_mixin.py:188} WARNING - 12:02:58 - cmdstanpy - INFO - Chain [1] done processing
[2025-07-31T12:02:58.816+0000] {model.py:2115} INFO - Chain [1] done processing
[2025-07-31T12:02:58.822+0000] {logging_mixin.py:188} INFO - Erreur pour {'changepoint_prior_scale': 0.1, 'seasonality_prior_scale': 10.0, 'seasonality_mode': 'additive'}: Less data than horizon after initial window. Make horizon or initial shorter.
[2025-07-31T12:02:58.823+0000] {logging_mixin.py:188} INFO - Test 18/18: {'changepoint_prior_scale': 0.1, 'seasonality_prior_scale': 10.0, 'seasonality_mode': 'multiplicative'}
[2025-07-31T12:02:58.842+0000] {filesystem.py:118} DEBUG - input tempfile: /tmp/tmpn0ww0avy/166tp1gs.json
[2025-07-31T12:02:58.915+0000] {filesystem.py:118} DEBUG - input tempfile: /tmp/tmpn0ww0avy/4rcfos0j.json
[2025-07-31T12:02:58.916+0000] {model.py:2042} DEBUG - idx 0
[2025-07-31T12:02:58.917+0000] {model.py:2043} DEBUG - running CmdStan, num_threads: None
[2025-07-31T12:02:58.917+0000] {model.py:2055} DEBUG - CmdStan args: ['/home/airflow/.local/lib/python3.11/site-packages/prophet/stan_model/prophet_model.bin', 'random', 'seed=62057', 'data', 'file=/tmp/tmpn0ww0avy/166tp1gs.json', 'init=/tmp/tmpn0ww0avy/4rcfos0j.json', 'output', 'file=/tmp/tmpn0ww0avy/prophet_model7yrqfp3n/prophet_model-20250731120258.csv', 'method=optimize', 'algorithm=lbfgs', 'iter=10000']
[2025-07-31T12:02:58.918+0000] {logging_mixin.py:188} WARNING - 12:02:58 - cmdstanpy - INFO - Chain [1] start processing
[2025-07-31T12:02:58.918+0000] {model.py:2058} INFO - Chain [1] start processing
[2025-07-31T12:02:59.008+0000] {logging_mixin.py:188} WARNING - 12:02:59 - cmdstanpy - INFO - Chain [1] done processing
[2025-07-31T12:02:59.008+0000] {model.py:2115} INFO - Chain [1] done processing
[2025-07-31T12:02:59.012+0000] {logging_mixin.py:188} INFO - Erreur pour {'changepoint_prior_scale': 0.1, 'seasonality_prior_scale': 10.0, 'seasonality_mode': 'multiplicative'}: Less data than horizon after initial window. Make horizon or initial shorter.
[2025-07-31T12:02:59.013+0000] {taskinstance.py:441} INFO - ::group::Post task execution logs
[2025-07-31T12:02:59.014+0000] {taskinstance.py:2905} ERROR - Task failed with exception
Traceback (most recent call last):
  File "/home/airflow/.local/lib/python3.11/site-packages/airflow/models/taskinstance.py", line 465, in _execute_task
    result = _execute_callable(context=context, **execute_callable_kwargs)
             ^^^^^^^^^^^^^^^^^^^^^^^^^^^^^^^^^^^^^^^^^^^^^^^^^^^^^^^^^^^^^
  File "/home/airflow/.local/lib/python3.11/site-packages/airflow/models/taskinstance.py", line 432, in _execute_callable
    return execute_callable(context=context, **execute_callable_kwargs)
           ^^^^^^^^^^^^^^^^^^^^^^^^^^^^^^^^^^^^^^^^^^^^^^^^^^^^^^^^^^^^
  File "/home/airflow/.local/lib/python3.11/site-packages/airflow/models/baseoperator.py", line 401, in wrapper
    return func(self, *args, **kwargs)
           ^^^^^^^^^^^^^^^^^^^^^^^^^^^
  File "/home/airflow/.local/lib/python3.11/site-packages/airflow/operators/python.py", line 235, in execute
    return_value = self.execute_callable()
                   ^^^^^^^^^^^^^^^^^^^^^^^
  File "/home/airflow/.local/lib/python3.11/site-packages/airflow/operators/python.py", line 252, in execute_callable
    return self.python_callable(*self.op_args, **self.op_kwargs)
           ^^^^^^^^^^^^^^^^^^^^^^^^^^^^^^^^^^^^^^^^^^^^^^^^^^^^^
  File "/opt/airflow/dags/scripts/train_prophet.py", line 92, in train_prophet
    best_model_temp, scores_temp = optimize_prophet_model(temp_df)
                                   ^^^^^^^^^^^^^^^^^^^^^^^^^^^^^^^
  File "/opt/airflow/dags/scripts/train_prophet.py", line 44, in optimize_prophet_model
    best = min(results, key=lambda x: x[1])
           ^^^^^^^^^^^^^^^^^^^^^^^^^^^^^^^^
ValueError: min() arg is an empty sequence
[2025-07-31T12:02:59.043+0000] {taskinstance.py:1206} INFO - Marking task as UP_FOR_RETRY. dag_id=solar_ai_pipeline_2, task_id=train_prophet, run_id=scheduled__2023-07-26T00:00:00+00:00, execution_date=20230726T000000, start_date=20250731T120252, end_date=20250731T120259
[2025-07-31T12:02:59.121+0000] {standard_task_runner.py:110} ERROR - Failed to execute job 2933 for task train_prophet (min() arg is an empty sequence; 4498)
[2025-07-31T12:02:59.182+0000] {local_task_job_runner.py:240} INFO - Task exited with return code 1
[2025-07-31T12:02:59.263+0000] {taskinstance.py:3503} INFO - 0 downstream tasks scheduled from follow-on schedule check
[2025-07-31T12:02:59.268+0000] {local_task_job_runner.py:222} INFO - ::endgroup::
