[2025-07-31T12:49:44.531+0000] {local_task_job_runner.py:120} INFO - ::group::Pre task execution logs
[2025-07-31T12:49:44.650+0000] {taskinstance.py:2076} INFO - Dependencies all met for dep_context=non-requeueable deps ti=<TaskInstance: solar_ai_pipeline_2.train_prophet scheduled__2023-07-26T00:00:00+00:00 [queued]>
[2025-07-31T12:49:44.716+0000] {taskinstance.py:2076} INFO - Dependencies all met for dep_context=requeueable deps ti=<TaskInstance: solar_ai_pipeline_2.train_prophet scheduled__2023-07-26T00:00:00+00:00 [queued]>
[2025-07-31T12:49:44.717+0000] {taskinstance.py:2306} INFO - Starting attempt 4 of 4
[2025-07-31T12:49:44.775+0000] {taskinstance.py:2330} INFO - Executing <Task(PythonOperator): train_prophet> on 2023-07-26 00:00:00+00:00
[2025-07-31T12:49:44.782+0000] {standard_task_runner.py:63} INFO - Started process 9958 to run task
[2025-07-31T12:49:44.786+0000] {standard_task_runner.py:90} INFO - Running: ['airflow', 'tasks', 'run', 'solar_ai_pipeline_2', 'train_prophet', 'scheduled__2023-07-26T00:00:00+00:00', '--job-id', '2963', '--raw', '--subdir', 'DAGS_FOLDER/prophet_pipeline.py', '--cfg-path', '/tmp/tmpv5z3my9n']
[2025-07-31T12:49:44.789+0000] {standard_task_runner.py:91} INFO - Job 2963: Subtask train_prophet
[2025-07-31T12:49:44.935+0000] {task_command.py:426} INFO - Running <TaskInstance: solar_ai_pipeline_2.train_prophet scheduled__2023-07-26T00:00:00+00:00 [running]> on host a2a0dd314bdc
[2025-07-31T12:49:45.243+0000] {taskinstance.py:2648} INFO - Exporting env vars: AIRFLOW_CTX_DAG_OWNER='ensam' AIRFLOW_CTX_DAG_ID='solar_ai_pipeline_2' AIRFLOW_CTX_TASK_ID='train_prophet' AIRFLOW_CTX_EXECUTION_DATE='2023-07-26T00:00:00+00:00' AIRFLOW_CTX_TRY_NUMBER='4' AIRFLOW_CTX_DAG_RUN_ID='scheduled__2023-07-26T00:00:00+00:00'
[2025-07-31T12:49:45.245+0000] {taskinstance.py:430} INFO - ::endgroup::
[2025-07-31T12:49:46.181+0000] {plot.py:39} ERROR - Importing plotly failed. Interactive plots will not work.
[2025-07-31T12:49:46.189+0000] {logging_mixin.py:188} INFO - Training from 2023-01-01 to 2023-01-27
[2025-07-31T12:49:46.510+0000] {logging_mixin.py:188} INFO - Test 1/18: {'changepoint_prior_scale': 0.01, 'seasonality_prior_scale': 1.0, 'seasonality_mode': 'additive'}
[2025-07-31T12:49:46.566+0000] {filesystem.py:118} DEBUG - input tempfile: /tmp/tmpm7jz39f6/kdezwg_4.json
[2025-07-31T12:49:46.636+0000] {filesystem.py:118} DEBUG - input tempfile: /tmp/tmpm7jz39f6/ljty5qzh.json
[2025-07-31T12:49:46.638+0000] {model.py:2042} DEBUG - idx 0
[2025-07-31T12:49:46.639+0000] {model.py:2043} DEBUG - running CmdStan, num_threads: None
[2025-07-31T12:49:46.640+0000] {model.py:2055} DEBUG - CmdStan args: ['/home/airflow/.local/lib/python3.11/site-packages/prophet/stan_model/prophet_model.bin', 'random', 'seed=33511', 'data', 'file=/tmp/tmpm7jz39f6/kdezwg_4.json', 'init=/tmp/tmpm7jz39f6/ljty5qzh.json', 'output', 'file=/tmp/tmpm7jz39f6/prophet_modeluxgiw7tx/prophet_model-20250731124946.csv', 'method=optimize', 'algorithm=lbfgs', 'iter=10000']
[2025-07-31T12:49:46.640+0000] {logging_mixin.py:188} WARNING - 12:49:46 - cmdstanpy - INFO - Chain [1] start processing
[2025-07-31T12:49:46.640+0000] {model.py:2058} INFO - Chain [1] start processing
[2025-07-31T12:49:46.685+0000] {logging_mixin.py:188} WARNING - 12:49:46 - cmdstanpy - INFO - Chain [1] done processing
[2025-07-31T12:49:46.685+0000] {model.py:2115} INFO - Chain [1] done processing
[2025-07-31T12:49:46.690+0000] {logging_mixin.py:188} INFO - Erreur pour {'changepoint_prior_scale': 0.01, 'seasonality_prior_scale': 1.0, 'seasonality_mode': 'additive'}: Less data than horizon after initial window. Make horizon or initial shorter.
[2025-07-31T12:49:46.691+0000] {logging_mixin.py:188} INFO - Test 2/18: {'changepoint_prior_scale': 0.01, 'seasonality_prior_scale': 1.0, 'seasonality_mode': 'multiplicative'}
[2025-07-31T12:49:46.709+0000] {filesystem.py:118} DEBUG - input tempfile: /tmp/tmpm7jz39f6/0g4edzy4.json
[2025-07-31T12:49:46.776+0000] {filesystem.py:118} DEBUG - input tempfile: /tmp/tmpm7jz39f6/7ozs2yad.json
[2025-07-31T12:49:46.778+0000] {model.py:2042} DEBUG - idx 0
[2025-07-31T12:49:46.778+0000] {model.py:2043} DEBUG - running CmdStan, num_threads: None
[2025-07-31T12:49:46.779+0000] {model.py:2055} DEBUG - CmdStan args: ['/home/airflow/.local/lib/python3.11/site-packages/prophet/stan_model/prophet_model.bin', 'random', 'seed=30562', 'data', 'file=/tmp/tmpm7jz39f6/0g4edzy4.json', 'init=/tmp/tmpm7jz39f6/7ozs2yad.json', 'output', 'file=/tmp/tmpm7jz39f6/prophet_modelf1gkd1ce/prophet_model-20250731124946.csv', 'method=optimize', 'algorithm=lbfgs', 'iter=10000']
[2025-07-31T12:49:46.780+0000] {logging_mixin.py:188} WARNING - 12:49:46 - cmdstanpy - INFO - Chain [1] start processing
[2025-07-31T12:49:46.779+0000] {model.py:2058} INFO - Chain [1] start processing
[2025-07-31T12:49:46.827+0000] {logging_mixin.py:188} WARNING - 12:49:46 - cmdstanpy - INFO - Chain [1] done processing
[2025-07-31T12:49:46.827+0000] {model.py:2115} INFO - Chain [1] done processing
[2025-07-31T12:49:46.831+0000] {logging_mixin.py:188} INFO - Erreur pour {'changepoint_prior_scale': 0.01, 'seasonality_prior_scale': 1.0, 'seasonality_mode': 'multiplicative'}: Less data than horizon after initial window. Make horizon or initial shorter.
[2025-07-31T12:49:46.832+0000] {logging_mixin.py:188} INFO - Test 3/18: {'changepoint_prior_scale': 0.01, 'seasonality_prior_scale': 5.0, 'seasonality_mode': 'additive'}
[2025-07-31T12:49:46.849+0000] {filesystem.py:118} DEBUG - input tempfile: /tmp/tmpm7jz39f6/mc7jxyfi.json
[2025-07-31T12:49:46.915+0000] {filesystem.py:118} DEBUG - input tempfile: /tmp/tmpm7jz39f6/ukjrjknb.json
[2025-07-31T12:49:46.917+0000] {model.py:2042} DEBUG - idx 0
[2025-07-31T12:49:46.917+0000] {model.py:2043} DEBUG - running CmdStan, num_threads: None
[2025-07-31T12:49:46.918+0000] {model.py:2055} DEBUG - CmdStan args: ['/home/airflow/.local/lib/python3.11/site-packages/prophet/stan_model/prophet_model.bin', 'random', 'seed=41272', 'data', 'file=/tmp/tmpm7jz39f6/mc7jxyfi.json', 'init=/tmp/tmpm7jz39f6/ukjrjknb.json', 'output', 'file=/tmp/tmpm7jz39f6/prophet_modelqgj65cbw/prophet_model-20250731124946.csv', 'method=optimize', 'algorithm=lbfgs', 'iter=10000']
[2025-07-31T12:49:46.918+0000] {logging_mixin.py:188} WARNING - 12:49:46 - cmdstanpy - INFO - Chain [1] start processing
[2025-07-31T12:49:46.918+0000] {model.py:2058} INFO - Chain [1] start processing
[2025-07-31T12:49:46.961+0000] {logging_mixin.py:188} WARNING - 12:49:46 - cmdstanpy - INFO - Chain [1] done processing
[2025-07-31T12:49:46.961+0000] {model.py:2115} INFO - Chain [1] done processing
[2025-07-31T12:49:46.965+0000] {logging_mixin.py:188} INFO - Erreur pour {'changepoint_prior_scale': 0.01, 'seasonality_prior_scale': 5.0, 'seasonality_mode': 'additive'}: Less data than horizon after initial window. Make horizon or initial shorter.
[2025-07-31T12:49:46.966+0000] {logging_mixin.py:188} INFO - Test 4/18: {'changepoint_prior_scale': 0.01, 'seasonality_prior_scale': 5.0, 'seasonality_mode': 'multiplicative'}
[2025-07-31T12:49:46.985+0000] {filesystem.py:118} DEBUG - input tempfile: /tmp/tmpm7jz39f6/4382fp7_.json
[2025-07-31T12:49:47.068+0000] {filesystem.py:118} DEBUG - input tempfile: /tmp/tmpm7jz39f6/j3qdbzyy.json
[2025-07-31T12:49:47.071+0000] {model.py:2042} DEBUG - idx 0
[2025-07-31T12:49:47.072+0000] {model.py:2043} DEBUG - running CmdStan, num_threads: None
[2025-07-31T12:49:47.072+0000] {model.py:2055} DEBUG - CmdStan args: ['/home/airflow/.local/lib/python3.11/site-packages/prophet/stan_model/prophet_model.bin', 'random', 'seed=29862', 'data', 'file=/tmp/tmpm7jz39f6/4382fp7_.json', 'init=/tmp/tmpm7jz39f6/j3qdbzyy.json', 'output', 'file=/tmp/tmpm7jz39f6/prophet_modelnbqa7cor/prophet_model-20250731124947.csv', 'method=optimize', 'algorithm=lbfgs', 'iter=10000']
[2025-07-31T12:49:47.073+0000] {logging_mixin.py:188} WARNING - 12:49:47 - cmdstanpy - INFO - Chain [1] start processing
[2025-07-31T12:49:47.073+0000] {model.py:2058} INFO - Chain [1] start processing
[2025-07-31T12:49:47.127+0000] {logging_mixin.py:188} WARNING - 12:49:47 - cmdstanpy - INFO - Chain [1] done processing
[2025-07-31T12:49:47.127+0000] {model.py:2115} INFO - Chain [1] done processing
[2025-07-31T12:49:47.134+0000] {logging_mixin.py:188} INFO - Erreur pour {'changepoint_prior_scale': 0.01, 'seasonality_prior_scale': 5.0, 'seasonality_mode': 'multiplicative'}: Less data than horizon after initial window. Make horizon or initial shorter.
[2025-07-31T12:49:47.134+0000] {logging_mixin.py:188} INFO - Test 5/18: {'changepoint_prior_scale': 0.01, 'seasonality_prior_scale': 10.0, 'seasonality_mode': 'additive'}
[2025-07-31T12:49:47.155+0000] {filesystem.py:118} DEBUG - input tempfile: /tmp/tmpm7jz39f6/zp4orj0e.json
[2025-07-31T12:49:47.224+0000] {filesystem.py:118} DEBUG - input tempfile: /tmp/tmpm7jz39f6/mxtp_uil.json
[2025-07-31T12:49:47.228+0000] {model.py:2042} DEBUG - idx 0
[2025-07-31T12:49:47.229+0000] {model.py:2043} DEBUG - running CmdStan, num_threads: None
[2025-07-31T12:49:47.229+0000] {model.py:2055} DEBUG - CmdStan args: ['/home/airflow/.local/lib/python3.11/site-packages/prophet/stan_model/prophet_model.bin', 'random', 'seed=10897', 'data', 'file=/tmp/tmpm7jz39f6/zp4orj0e.json', 'init=/tmp/tmpm7jz39f6/mxtp_uil.json', 'output', 'file=/tmp/tmpm7jz39f6/prophet_modelsyh88tfz/prophet_model-20250731124947.csv', 'method=optimize', 'algorithm=lbfgs', 'iter=10000']
[2025-07-31T12:49:47.230+0000] {logging_mixin.py:188} WARNING - 12:49:47 - cmdstanpy - INFO - Chain [1] start processing
[2025-07-31T12:49:47.230+0000] {model.py:2058} INFO - Chain [1] start processing
[2025-07-31T12:49:47.271+0000] {logging_mixin.py:188} WARNING - 12:49:47 - cmdstanpy - INFO - Chain [1] done processing
[2025-07-31T12:49:47.271+0000] {model.py:2115} INFO - Chain [1] done processing
[2025-07-31T12:49:47.275+0000] {logging_mixin.py:188} INFO - Erreur pour {'changepoint_prior_scale': 0.01, 'seasonality_prior_scale': 10.0, 'seasonality_mode': 'additive'}: Less data than horizon after initial window. Make horizon or initial shorter.
[2025-07-31T12:49:47.276+0000] {logging_mixin.py:188} INFO - Test 6/18: {'changepoint_prior_scale': 0.01, 'seasonality_prior_scale': 10.0, 'seasonality_mode': 'multiplicative'}
[2025-07-31T12:49:47.293+0000] {filesystem.py:118} DEBUG - input tempfile: /tmp/tmpm7jz39f6/wvbtvuqi.json
[2025-07-31T12:49:47.359+0000] {filesystem.py:118} DEBUG - input tempfile: /tmp/tmpm7jz39f6/to898h2x.json
[2025-07-31T12:49:47.360+0000] {model.py:2042} DEBUG - idx 0
[2025-07-31T12:49:47.361+0000] {model.py:2043} DEBUG - running CmdStan, num_threads: None
[2025-07-31T12:49:47.361+0000] {model.py:2055} DEBUG - CmdStan args: ['/home/airflow/.local/lib/python3.11/site-packages/prophet/stan_model/prophet_model.bin', 'random', 'seed=9643', 'data', 'file=/tmp/tmpm7jz39f6/wvbtvuqi.json', 'init=/tmp/tmpm7jz39f6/to898h2x.json', 'output', 'file=/tmp/tmpm7jz39f6/prophet_modely76nv4zs/prophet_model-20250731124947.csv', 'method=optimize', 'algorithm=lbfgs', 'iter=10000']
[2025-07-31T12:49:47.362+0000] {logging_mixin.py:188} WARNING - 12:49:47 - cmdstanpy - INFO - Chain [1] start processing
[2025-07-31T12:49:47.362+0000] {model.py:2058} INFO - Chain [1] start processing
[2025-07-31T12:49:47.404+0000] {logging_mixin.py:188} WARNING - 12:49:47 - cmdstanpy - INFO - Chain [1] done processing
[2025-07-31T12:49:47.404+0000] {model.py:2115} INFO - Chain [1] done processing
[2025-07-31T12:49:47.408+0000] {logging_mixin.py:188} INFO - Erreur pour {'changepoint_prior_scale': 0.01, 'seasonality_prior_scale': 10.0, 'seasonality_mode': 'multiplicative'}: Less data than horizon after initial window. Make horizon or initial shorter.
[2025-07-31T12:49:47.409+0000] {logging_mixin.py:188} INFO - Test 7/18: {'changepoint_prior_scale': 0.05, 'seasonality_prior_scale': 1.0, 'seasonality_mode': 'additive'}
[2025-07-31T12:49:47.427+0000] {filesystem.py:118} DEBUG - input tempfile: /tmp/tmpm7jz39f6/qnwhwn5h.json
[2025-07-31T12:49:47.496+0000] {filesystem.py:118} DEBUG - input tempfile: /tmp/tmpm7jz39f6/kjv77opk.json
[2025-07-31T12:49:47.498+0000] {model.py:2042} DEBUG - idx 0
[2025-07-31T12:49:47.498+0000] {model.py:2043} DEBUG - running CmdStan, num_threads: None
[2025-07-31T12:49:47.499+0000] {model.py:2055} DEBUG - CmdStan args: ['/home/airflow/.local/lib/python3.11/site-packages/prophet/stan_model/prophet_model.bin', 'random', 'seed=4263', 'data', 'file=/tmp/tmpm7jz39f6/qnwhwn5h.json', 'init=/tmp/tmpm7jz39f6/kjv77opk.json', 'output', 'file=/tmp/tmpm7jz39f6/prophet_modelxp75eovn/prophet_model-20250731124947.csv', 'method=optimize', 'algorithm=lbfgs', 'iter=10000']
[2025-07-31T12:49:47.500+0000] {logging_mixin.py:188} WARNING - 12:49:47 - cmdstanpy - INFO - Chain [1] start processing
[2025-07-31T12:49:47.499+0000] {model.py:2058} INFO - Chain [1] start processing
[2025-07-31T12:49:47.544+0000] {logging_mixin.py:188} WARNING - 12:49:47 - cmdstanpy - INFO - Chain [1] done processing
[2025-07-31T12:49:47.544+0000] {model.py:2115} INFO - Chain [1] done processing
[2025-07-31T12:49:47.548+0000] {logging_mixin.py:188} INFO - Erreur pour {'changepoint_prior_scale': 0.05, 'seasonality_prior_scale': 1.0, 'seasonality_mode': 'additive'}: Less data than horizon after initial window. Make horizon or initial shorter.
[2025-07-31T12:49:47.549+0000] {logging_mixin.py:188} INFO - Test 8/18: {'changepoint_prior_scale': 0.05, 'seasonality_prior_scale': 1.0, 'seasonality_mode': 'multiplicative'}
[2025-07-31T12:49:47.566+0000] {filesystem.py:118} DEBUG - input tempfile: /tmp/tmpm7jz39f6/rxfho71j.json
[2025-07-31T12:49:47.648+0000] {filesystem.py:118} DEBUG - input tempfile: /tmp/tmpm7jz39f6/zh8g05hv.json
[2025-07-31T12:49:47.651+0000] {model.py:2042} DEBUG - idx 0
[2025-07-31T12:49:47.652+0000] {model.py:2043} DEBUG - running CmdStan, num_threads: None
[2025-07-31T12:49:47.653+0000] {model.py:2055} DEBUG - CmdStan args: ['/home/airflow/.local/lib/python3.11/site-packages/prophet/stan_model/prophet_model.bin', 'random', 'seed=69770', 'data', 'file=/tmp/tmpm7jz39f6/rxfho71j.json', 'init=/tmp/tmpm7jz39f6/zh8g05hv.json', 'output', 'file=/tmp/tmpm7jz39f6/prophet_modeluoa_fl0r/prophet_model-20250731124947.csv', 'method=optimize', 'algorithm=lbfgs', 'iter=10000']
[2025-07-31T12:49:47.654+0000] {logging_mixin.py:188} WARNING - 12:49:47 - cmdstanpy - INFO - Chain [1] start processing
[2025-07-31T12:49:47.654+0000] {model.py:2058} INFO - Chain [1] start processing
[2025-07-31T12:49:47.740+0000] {logging_mixin.py:188} WARNING - 12:49:47 - cmdstanpy - INFO - Chain [1] done processing
[2025-07-31T12:49:47.740+0000] {model.py:2115} INFO - Chain [1] done processing
[2025-07-31T12:49:47.745+0000] {logging_mixin.py:188} INFO - Erreur pour {'changepoint_prior_scale': 0.05, 'seasonality_prior_scale': 1.0, 'seasonality_mode': 'multiplicative'}: Less data than horizon after initial window. Make horizon or initial shorter.
[2025-07-31T12:49:47.745+0000] {logging_mixin.py:188} INFO - Test 9/18: {'changepoint_prior_scale': 0.05, 'seasonality_prior_scale': 5.0, 'seasonality_mode': 'additive'}
[2025-07-31T12:49:47.763+0000] {filesystem.py:118} DEBUG - input tempfile: /tmp/tmpm7jz39f6/jcnihi4f.json
[2025-07-31T12:49:47.829+0000] {filesystem.py:118} DEBUG - input tempfile: /tmp/tmpm7jz39f6/_7p4mzid.json
[2025-07-31T12:49:47.830+0000] {model.py:2042} DEBUG - idx 0
[2025-07-31T12:49:47.831+0000] {model.py:2043} DEBUG - running CmdStan, num_threads: None
[2025-07-31T12:49:47.831+0000] {model.py:2055} DEBUG - CmdStan args: ['/home/airflow/.local/lib/python3.11/site-packages/prophet/stan_model/prophet_model.bin', 'random', 'seed=96810', 'data', 'file=/tmp/tmpm7jz39f6/jcnihi4f.json', 'init=/tmp/tmpm7jz39f6/_7p4mzid.json', 'output', 'file=/tmp/tmpm7jz39f6/prophet_modelgf5otsjj/prophet_model-20250731124947.csv', 'method=optimize', 'algorithm=lbfgs', 'iter=10000']
[2025-07-31T12:49:47.832+0000] {logging_mixin.py:188} WARNING - 12:49:47 - cmdstanpy - INFO - Chain [1] start processing
[2025-07-31T12:49:47.832+0000] {model.py:2058} INFO - Chain [1] start processing
[2025-07-31T12:49:47.870+0000] {logging_mixin.py:188} WARNING - 12:49:47 - cmdstanpy - INFO - Chain [1] done processing
[2025-07-31T12:49:47.870+0000] {model.py:2115} INFO - Chain [1] done processing
[2025-07-31T12:49:47.874+0000] {logging_mixin.py:188} INFO - Erreur pour {'changepoint_prior_scale': 0.05, 'seasonality_prior_scale': 5.0, 'seasonality_mode': 'additive'}: Less data than horizon after initial window. Make horizon or initial shorter.
[2025-07-31T12:49:47.875+0000] {logging_mixin.py:188} INFO - Test 10/18: {'changepoint_prior_scale': 0.05, 'seasonality_prior_scale': 5.0, 'seasonality_mode': 'multiplicative'}
[2025-07-31T12:49:47.896+0000] {filesystem.py:118} DEBUG - input tempfile: /tmp/tmpm7jz39f6/l3eoo40b.json
[2025-07-31T12:49:47.962+0000] {filesystem.py:118} DEBUG - input tempfile: /tmp/tmpm7jz39f6/cwo3z1ce.json
[2025-07-31T12:49:47.964+0000] {model.py:2042} DEBUG - idx 0
[2025-07-31T12:49:47.965+0000] {model.py:2043} DEBUG - running CmdStan, num_threads: None
[2025-07-31T12:49:47.965+0000] {model.py:2055} DEBUG - CmdStan args: ['/home/airflow/.local/lib/python3.11/site-packages/prophet/stan_model/prophet_model.bin', 'random', 'seed=32734', 'data', 'file=/tmp/tmpm7jz39f6/l3eoo40b.json', 'init=/tmp/tmpm7jz39f6/cwo3z1ce.json', 'output', 'file=/tmp/tmpm7jz39f6/prophet_model6p1pplpg/prophet_model-20250731124947.csv', 'method=optimize', 'algorithm=lbfgs', 'iter=10000']
[2025-07-31T12:49:47.966+0000] {logging_mixin.py:188} WARNING - 12:49:47 - cmdstanpy - INFO - Chain [1] start processing
[2025-07-31T12:49:47.966+0000] {model.py:2058} INFO - Chain [1] start processing
[2025-07-31T12:49:48.009+0000] {logging_mixin.py:188} WARNING - 12:49:48 - cmdstanpy - INFO - Chain [1] done processing
[2025-07-31T12:49:48.009+0000] {model.py:2115} INFO - Chain [1] done processing
[2025-07-31T12:49:48.013+0000] {logging_mixin.py:188} INFO - Erreur pour {'changepoint_prior_scale': 0.05, 'seasonality_prior_scale': 5.0, 'seasonality_mode': 'multiplicative'}: Less data than horizon after initial window. Make horizon or initial shorter.
[2025-07-31T12:49:48.014+0000] {logging_mixin.py:188} INFO - Test 11/18: {'changepoint_prior_scale': 0.05, 'seasonality_prior_scale': 10.0, 'seasonality_mode': 'additive'}
[2025-07-31T12:49:48.030+0000] {filesystem.py:118} DEBUG - input tempfile: /tmp/tmpm7jz39f6/kz0m_odt.json
[2025-07-31T12:49:48.096+0000] {filesystem.py:118} DEBUG - input tempfile: /tmp/tmpm7jz39f6/qxf70102.json
[2025-07-31T12:49:48.098+0000] {model.py:2042} DEBUG - idx 0
[2025-07-31T12:49:48.098+0000] {model.py:2043} DEBUG - running CmdStan, num_threads: None
[2025-07-31T12:49:48.099+0000] {model.py:2055} DEBUG - CmdStan args: ['/home/airflow/.local/lib/python3.11/site-packages/prophet/stan_model/prophet_model.bin', 'random', 'seed=290', 'data', 'file=/tmp/tmpm7jz39f6/kz0m_odt.json', 'init=/tmp/tmpm7jz39f6/qxf70102.json', 'output', 'file=/tmp/tmpm7jz39f6/prophet_modelni7x774y/prophet_model-20250731124948.csv', 'method=optimize', 'algorithm=lbfgs', 'iter=10000']
[2025-07-31T12:49:48.099+0000] {logging_mixin.py:188} WARNING - 12:49:48 - cmdstanpy - INFO - Chain [1] start processing
[2025-07-31T12:49:48.099+0000] {model.py:2058} INFO - Chain [1] start processing
[2025-07-31T12:49:48.138+0000] {logging_mixin.py:188} WARNING - 12:49:48 - cmdstanpy - INFO - Chain [1] done processing
[2025-07-31T12:49:48.138+0000] {model.py:2115} INFO - Chain [1] done processing
[2025-07-31T12:49:48.142+0000] {logging_mixin.py:188} INFO - Erreur pour {'changepoint_prior_scale': 0.05, 'seasonality_prior_scale': 10.0, 'seasonality_mode': 'additive'}: Less data than horizon after initial window. Make horizon or initial shorter.
[2025-07-31T12:49:48.143+0000] {logging_mixin.py:188} INFO - Test 12/18: {'changepoint_prior_scale': 0.05, 'seasonality_prior_scale': 10.0, 'seasonality_mode': 'multiplicative'}
[2025-07-31T12:49:48.159+0000] {filesystem.py:118} DEBUG - input tempfile: /tmp/tmpm7jz39f6/06rjbr3x.json
[2025-07-31T12:49:48.228+0000] {filesystem.py:118} DEBUG - input tempfile: /tmp/tmpm7jz39f6/v0jm3_79.json
[2025-07-31T12:49:48.230+0000] {model.py:2042} DEBUG - idx 0
[2025-07-31T12:49:48.230+0000] {model.py:2043} DEBUG - running CmdStan, num_threads: None
[2025-07-31T12:49:48.231+0000] {model.py:2055} DEBUG - CmdStan args: ['/home/airflow/.local/lib/python3.11/site-packages/prophet/stan_model/prophet_model.bin', 'random', 'seed=30470', 'data', 'file=/tmp/tmpm7jz39f6/06rjbr3x.json', 'init=/tmp/tmpm7jz39f6/v0jm3_79.json', 'output', 'file=/tmp/tmpm7jz39f6/prophet_modelrzgs59hc/prophet_model-20250731124948.csv', 'method=optimize', 'algorithm=lbfgs', 'iter=10000']
[2025-07-31T12:49:48.232+0000] {logging_mixin.py:188} WARNING - 12:49:48 - cmdstanpy - INFO - Chain [1] start processing
[2025-07-31T12:49:48.231+0000] {model.py:2058} INFO - Chain [1] start processing
[2025-07-31T12:49:48.323+0000] {logging_mixin.py:188} WARNING - 12:49:48 - cmdstanpy - INFO - Chain [1] done processing
[2025-07-31T12:49:48.323+0000] {model.py:2115} INFO - Chain [1] done processing
[2025-07-31T12:49:48.328+0000] {logging_mixin.py:188} INFO - Erreur pour {'changepoint_prior_scale': 0.05, 'seasonality_prior_scale': 10.0, 'seasonality_mode': 'multiplicative'}: Less data than horizon after initial window. Make horizon or initial shorter.
[2025-07-31T12:49:48.328+0000] {logging_mixin.py:188} INFO - Test 13/18: {'changepoint_prior_scale': 0.1, 'seasonality_prior_scale': 1.0, 'seasonality_mode': 'additive'}
[2025-07-31T12:49:48.347+0000] {filesystem.py:118} DEBUG - input tempfile: /tmp/tmpm7jz39f6/hrzqiij_.json
[2025-07-31T12:49:48.420+0000] {filesystem.py:118} DEBUG - input tempfile: /tmp/tmpm7jz39f6/3gl_7_15.json
[2025-07-31T12:49:48.422+0000] {model.py:2042} DEBUG - idx 0
[2025-07-31T12:49:48.422+0000] {model.py:2043} DEBUG - running CmdStan, num_threads: None
[2025-07-31T12:49:48.423+0000] {model.py:2055} DEBUG - CmdStan args: ['/home/airflow/.local/lib/python3.11/site-packages/prophet/stan_model/prophet_model.bin', 'random', 'seed=32802', 'data', 'file=/tmp/tmpm7jz39f6/hrzqiij_.json', 'init=/tmp/tmpm7jz39f6/3gl_7_15.json', 'output', 'file=/tmp/tmpm7jz39f6/prophet_modelvk19okly/prophet_model-20250731124948.csv', 'method=optimize', 'algorithm=lbfgs', 'iter=10000']
[2025-07-31T12:49:48.423+0000] {logging_mixin.py:188} WARNING - 12:49:48 - cmdstanpy - INFO - Chain [1] start processing
[2025-07-31T12:49:48.423+0000] {model.py:2058} INFO - Chain [1] start processing
[2025-07-31T12:49:48.481+0000] {logging_mixin.py:188} WARNING - 12:49:48 - cmdstanpy - INFO - Chain [1] done processing
[2025-07-31T12:49:48.481+0000] {model.py:2115} INFO - Chain [1] done processing
[2025-07-31T12:49:48.485+0000] {logging_mixin.py:188} INFO - Erreur pour {'changepoint_prior_scale': 0.1, 'seasonality_prior_scale': 1.0, 'seasonality_mode': 'additive'}: Less data than horizon after initial window. Make horizon or initial shorter.
[2025-07-31T12:49:48.486+0000] {logging_mixin.py:188} INFO - Test 14/18: {'changepoint_prior_scale': 0.1, 'seasonality_prior_scale': 1.0, 'seasonality_mode': 'multiplicative'}
[2025-07-31T12:49:48.502+0000] {filesystem.py:118} DEBUG - input tempfile: /tmp/tmpm7jz39f6/d_21x50o.json
[2025-07-31T12:49:48.571+0000] {filesystem.py:118} DEBUG - input tempfile: /tmp/tmpm7jz39f6/0ymxvflc.json
[2025-07-31T12:49:48.573+0000] {model.py:2042} DEBUG - idx 0
[2025-07-31T12:49:48.573+0000] {model.py:2043} DEBUG - running CmdStan, num_threads: None
[2025-07-31T12:49:48.574+0000] {model.py:2055} DEBUG - CmdStan args: ['/home/airflow/.local/lib/python3.11/site-packages/prophet/stan_model/prophet_model.bin', 'random', 'seed=83440', 'data', 'file=/tmp/tmpm7jz39f6/d_21x50o.json', 'init=/tmp/tmpm7jz39f6/0ymxvflc.json', 'output', 'file=/tmp/tmpm7jz39f6/prophet_model6_11jprz/prophet_model-20250731124948.csv', 'method=optimize', 'algorithm=lbfgs', 'iter=10000']
[2025-07-31T12:49:48.574+0000] {logging_mixin.py:188} WARNING - 12:49:48 - cmdstanpy - INFO - Chain [1] start processing
[2025-07-31T12:49:48.574+0000] {model.py:2058} INFO - Chain [1] start processing
[2025-07-31T12:49:48.658+0000] {logging_mixin.py:188} WARNING - 12:49:48 - cmdstanpy - INFO - Chain [1] done processing
[2025-07-31T12:49:48.657+0000] {model.py:2115} INFO - Chain [1] done processing
[2025-07-31T12:49:48.662+0000] {logging_mixin.py:188} INFO - Erreur pour {'changepoint_prior_scale': 0.1, 'seasonality_prior_scale': 1.0, 'seasonality_mode': 'multiplicative'}: Less data than horizon after initial window. Make horizon or initial shorter.
[2025-07-31T12:49:48.662+0000] {logging_mixin.py:188} INFO - Test 15/18: {'changepoint_prior_scale': 0.1, 'seasonality_prior_scale': 5.0, 'seasonality_mode': 'additive'}
[2025-07-31T12:49:48.679+0000] {filesystem.py:118} DEBUG - input tempfile: /tmp/tmpm7jz39f6/9l20adzc.json
[2025-07-31T12:49:48.748+0000] {filesystem.py:118} DEBUG - input tempfile: /tmp/tmpm7jz39f6/bmr9mi9d.json
[2025-07-31T12:49:48.750+0000] {model.py:2042} DEBUG - idx 0
[2025-07-31T12:49:48.751+0000] {model.py:2043} DEBUG - running CmdStan, num_threads: None
[2025-07-31T12:49:48.751+0000] {model.py:2055} DEBUG - CmdStan args: ['/home/airflow/.local/lib/python3.11/site-packages/prophet/stan_model/prophet_model.bin', 'random', 'seed=87621', 'data', 'file=/tmp/tmpm7jz39f6/9l20adzc.json', 'init=/tmp/tmpm7jz39f6/bmr9mi9d.json', 'output', 'file=/tmp/tmpm7jz39f6/prophet_modelspjs8o80/prophet_model-20250731124948.csv', 'method=optimize', 'algorithm=lbfgs', 'iter=10000']
[2025-07-31T12:49:48.752+0000] {logging_mixin.py:188} WARNING - 12:49:48 - cmdstanpy - INFO - Chain [1] start processing
[2025-07-31T12:49:48.752+0000] {model.py:2058} INFO - Chain [1] start processing
[2025-07-31T12:49:48.788+0000] {logging_mixin.py:188} WARNING - 12:49:48 - cmdstanpy - INFO - Chain [1] done processing
[2025-07-31T12:49:48.788+0000] {model.py:2115} INFO - Chain [1] done processing
[2025-07-31T12:49:48.793+0000] {logging_mixin.py:188} INFO - Erreur pour {'changepoint_prior_scale': 0.1, 'seasonality_prior_scale': 5.0, 'seasonality_mode': 'additive'}: Less data than horizon after initial window. Make horizon or initial shorter.
[2025-07-31T12:49:48.793+0000] {logging_mixin.py:188} INFO - Test 16/18: {'changepoint_prior_scale': 0.1, 'seasonality_prior_scale': 5.0, 'seasonality_mode': 'multiplicative'}
[2025-07-31T12:49:48.810+0000] {filesystem.py:118} DEBUG - input tempfile: /tmp/tmpm7jz39f6/it0fsrwa.json
[2025-07-31T12:49:48.876+0000] {filesystem.py:118} DEBUG - input tempfile: /tmp/tmpm7jz39f6/jx1rgihr.json
[2025-07-31T12:49:48.878+0000] {model.py:2042} DEBUG - idx 0
[2025-07-31T12:49:48.878+0000] {model.py:2043} DEBUG - running CmdStan, num_threads: None
[2025-07-31T12:49:48.879+0000] {model.py:2055} DEBUG - CmdStan args: ['/home/airflow/.local/lib/python3.11/site-packages/prophet/stan_model/prophet_model.bin', 'random', 'seed=6962', 'data', 'file=/tmp/tmpm7jz39f6/it0fsrwa.json', 'init=/tmp/tmpm7jz39f6/jx1rgihr.json', 'output', 'file=/tmp/tmpm7jz39f6/prophet_modelwegz_pil/prophet_model-20250731124948.csv', 'method=optimize', 'algorithm=lbfgs', 'iter=10000']
[2025-07-31T12:49:48.880+0000] {logging_mixin.py:188} WARNING - 12:49:48 - cmdstanpy - INFO - Chain [1] start processing
[2025-07-31T12:49:48.879+0000] {model.py:2058} INFO - Chain [1] start processing
[2025-07-31T12:49:48.950+0000] {logging_mixin.py:188} WARNING - 12:49:48 - cmdstanpy - INFO - Chain [1] done processing
[2025-07-31T12:49:48.950+0000] {model.py:2115} INFO - Chain [1] done processing
[2025-07-31T12:49:48.954+0000] {logging_mixin.py:188} INFO - Erreur pour {'changepoint_prior_scale': 0.1, 'seasonality_prior_scale': 5.0, 'seasonality_mode': 'multiplicative'}: Less data than horizon after initial window. Make horizon or initial shorter.
[2025-07-31T12:49:48.954+0000] {logging_mixin.py:188} INFO - Test 17/18: {'changepoint_prior_scale': 0.1, 'seasonality_prior_scale': 10.0, 'seasonality_mode': 'additive'}
[2025-07-31T12:49:48.970+0000] {filesystem.py:118} DEBUG - input tempfile: /tmp/tmpm7jz39f6/a7j5cszq.json
[2025-07-31T12:49:49.036+0000] {filesystem.py:118} DEBUG - input tempfile: /tmp/tmpm7jz39f6/szc5yrp5.json
[2025-07-31T12:49:49.038+0000] {model.py:2042} DEBUG - idx 0
[2025-07-31T12:49:49.038+0000] {model.py:2043} DEBUG - running CmdStan, num_threads: None
[2025-07-31T12:49:49.039+0000] {model.py:2055} DEBUG - CmdStan args: ['/home/airflow/.local/lib/python3.11/site-packages/prophet/stan_model/prophet_model.bin', 'random', 'seed=43200', 'data', 'file=/tmp/tmpm7jz39f6/a7j5cszq.json', 'init=/tmp/tmpm7jz39f6/szc5yrp5.json', 'output', 'file=/tmp/tmpm7jz39f6/prophet_modellx0bhwat/prophet_model-20250731124949.csv', 'method=optimize', 'algorithm=lbfgs', 'iter=10000']
[2025-07-31T12:49:49.039+0000] {logging_mixin.py:188} WARNING - 12:49:49 - cmdstanpy - INFO - Chain [1] start processing
[2025-07-31T12:49:49.039+0000] {model.py:2058} INFO - Chain [1] start processing
[2025-07-31T12:49:49.095+0000] {logging_mixin.py:188} WARNING - 12:49:49 - cmdstanpy - INFO - Chain [1] done processing
[2025-07-31T12:49:49.095+0000] {model.py:2115} INFO - Chain [1] done processing
[2025-07-31T12:49:49.099+0000] {logging_mixin.py:188} INFO - Erreur pour {'changepoint_prior_scale': 0.1, 'seasonality_prior_scale': 10.0, 'seasonality_mode': 'additive'}: Less data than horizon after initial window. Make horizon or initial shorter.
[2025-07-31T12:49:49.100+0000] {logging_mixin.py:188} INFO - Test 18/18: {'changepoint_prior_scale': 0.1, 'seasonality_prior_scale': 10.0, 'seasonality_mode': 'multiplicative'}
[2025-07-31T12:49:49.116+0000] {filesystem.py:118} DEBUG - input tempfile: /tmp/tmpm7jz39f6/y25r86k7.json
[2025-07-31T12:49:49.181+0000] {filesystem.py:118} DEBUG - input tempfile: /tmp/tmpm7jz39f6/ec90tjfd.json
[2025-07-31T12:49:49.183+0000] {model.py:2042} DEBUG - idx 0
[2025-07-31T12:49:49.183+0000] {model.py:2043} DEBUG - running CmdStan, num_threads: None
[2025-07-31T12:49:49.184+0000] {model.py:2055} DEBUG - CmdStan args: ['/home/airflow/.local/lib/python3.11/site-packages/prophet/stan_model/prophet_model.bin', 'random', 'seed=53374', 'data', 'file=/tmp/tmpm7jz39f6/y25r86k7.json', 'init=/tmp/tmpm7jz39f6/ec90tjfd.json', 'output', 'file=/tmp/tmpm7jz39f6/prophet_modeljdft5zfu/prophet_model-20250731124949.csv', 'method=optimize', 'algorithm=lbfgs', 'iter=10000']
[2025-07-31T12:49:49.185+0000] {logging_mixin.py:188} WARNING - 12:49:49 - cmdstanpy - INFO - Chain [1] start processing
[2025-07-31T12:49:49.184+0000] {model.py:2058} INFO - Chain [1] start processing
[2025-07-31T12:49:49.281+0000] {logging_mixin.py:188} WARNING - 12:49:49 - cmdstanpy - INFO - Chain [1] done processing
[2025-07-31T12:49:49.281+0000] {model.py:2115} INFO - Chain [1] done processing
[2025-07-31T12:49:49.285+0000] {logging_mixin.py:188} INFO - Erreur pour {'changepoint_prior_scale': 0.1, 'seasonality_prior_scale': 10.0, 'seasonality_mode': 'multiplicative'}: Less data than horizon after initial window. Make horizon or initial shorter.
[2025-07-31T12:49:49.286+0000] {taskinstance.py:441} INFO - ::group::Post task execution logs
[2025-07-31T12:49:49.286+0000] {taskinstance.py:2905} ERROR - Task failed with exception
Traceback (most recent call last):
  File "/home/airflow/.local/lib/python3.11/site-packages/airflow/models/taskinstance.py", line 465, in _execute_task
    result = _execute_callable(context=context, **execute_callable_kwargs)
             ^^^^^^^^^^^^^^^^^^^^^^^^^^^^^^^^^^^^^^^^^^^^^^^^^^^^^^^^^^^^^
  File "/home/airflow/.local/lib/python3.11/site-packages/airflow/models/taskinstance.py", line 432, in _execute_callable
    return execute_callable(context=context, **execute_callable_kwargs)
           ^^^^^^^^^^^^^^^^^^^^^^^^^^^^^^^^^^^^^^^^^^^^^^^^^^^^^^^^^^^^
  File "/home/airflow/.local/lib/python3.11/site-packages/airflow/models/baseoperator.py", line 401, in wrapper
    return func(self, *args, **kwargs)
           ^^^^^^^^^^^^^^^^^^^^^^^^^^^
  File "/home/airflow/.local/lib/python3.11/site-packages/airflow/operators/python.py", line 235, in execute
    return_value = self.execute_callable()
                   ^^^^^^^^^^^^^^^^^^^^^^^
  File "/home/airflow/.local/lib/python3.11/site-packages/airflow/operators/python.py", line 252, in execute_callable
    return self.python_callable(*self.op_args, **self.op_kwargs)
           ^^^^^^^^^^^^^^^^^^^^^^^^^^^^^^^^^^^^^^^^^^^^^^^^^^^^^
  File "/opt/airflow/dags/scripts/train_prophet.py", line 92, in train_prophet
    best_model_temp, scores_temp = optimize_prophet_model(temp_df)
                                   ^^^^^^^^^^^^^^^^^^^^^^^^^^^^^^^
  File "/opt/airflow/dags/scripts/train_prophet.py", line 44, in optimize_prophet_model
    best = min(results, key=lambda x: x[1])
           ^^^^^^^^^^^^^^^^^^^^^^^^^^^^^^^^
ValueError: min() arg is an empty sequence
[2025-07-31T12:49:49.317+0000] {taskinstance.py:1206} INFO - Marking task as FAILED. dag_id=solar_ai_pipeline_2, task_id=train_prophet, run_id=scheduled__2023-07-26T00:00:00+00:00, execution_date=20230726T000000, start_date=20250731T124944, end_date=20250731T124949
[2025-07-31T12:49:49.374+0000] {standard_task_runner.py:110} ERROR - Failed to execute job 2963 for task train_prophet (min() arg is an empty sequence; 9958)
[2025-07-31T12:49:49.420+0000] {local_task_job_runner.py:240} INFO - Task exited with return code 1
[2025-07-31T12:49:49.468+0000] {taskinstance.py:3503} INFO - 0 downstream tasks scheduled from follow-on schedule check
[2025-07-31T12:49:49.513+0000] {local_task_job_runner.py:222} INFO - ::endgroup::
