[2025-07-31T16:45:02.232+0000] {local_task_job_runner.py:120} INFO - ::group::Pre task execution logs
[2025-07-31T16:45:02.317+0000] {taskinstance.py:2076} INFO - Dependencies all met for dep_context=non-requeueable deps ti=<TaskInstance: solar_ai_pipeline_2.decide scheduled__2024-01-18T00:00:00+00:00 [queued]>
[2025-07-31T16:45:02.340+0000] {taskinstance.py:2076} INFO - Dependencies all met for dep_context=requeueable deps ti=<TaskInstance: solar_ai_pipeline_2.decide scheduled__2024-01-18T00:00:00+00:00 [queued]>
[2025-07-31T16:45:02.341+0000] {taskinstance.py:2306} INFO - Starting attempt 1 of 2
[2025-07-31T16:45:02.387+0000] {taskinstance.py:2330} INFO - Executing <Task(PythonOperator): decide> on 2024-01-18 00:00:00+00:00
[2025-07-31T16:45:02.392+0000] {standard_task_runner.py:63} INFO - Started process 91296 to run task
[2025-07-31T16:45:02.396+0000] {standard_task_runner.py:90} INFO - Running: ['airflow', 'tasks', 'run', 'solar_ai_pipeline_2', 'decide', 'scheduled__2024-01-18T00:00:00+00:00', '--job-id', '3437', '--raw', '--subdir', 'DAGS_FOLDER/prophet_pipeline.py', '--cfg-path', '/tmp/tmpymsoan_p']
[2025-07-31T16:45:02.398+0000] {standard_task_runner.py:91} INFO - Job 3437: Subtask decide
[2025-07-31T16:45:02.519+0000] {task_command.py:426} INFO - Running <TaskInstance: solar_ai_pipeline_2.decide scheduled__2024-01-18T00:00:00+00:00 [running]> on host a2a0dd314bdc
[2025-07-31T16:45:02.741+0000] {taskinstance.py:2648} INFO - Exporting env vars: AIRFLOW_CTX_DAG_OWNER='ensam' AIRFLOW_CTX_DAG_ID='solar_ai_pipeline_2' AIRFLOW_CTX_TASK_ID='decide' AIRFLOW_CTX_EXECUTION_DATE='2024-01-18T00:00:00+00:00' AIRFLOW_CTX_TRY_NUMBER='1' AIRFLOW_CTX_DAG_RUN_ID='scheduled__2024-01-18T00:00:00+00:00'
[2025-07-31T16:45:02.742+0000] {taskinstance.py:430} INFO - ::endgroup::
[2025-07-31T16:45:03.156+0000] {logging_mixin.py:188} INFO - [INFO] Starting decision-making process...
[2025-07-31T16:45:03.167+0000] {logging_mixin.py:188} INFO - 📥 [INFO] Loading data...
[2025-07-31T16:45:03.195+0000] {logging_mixin.py:188} INFO - [INFO] 2024-01-17 23:00:00 → Ne pas chauffer (solaire ou inutilisé) | Temp: 0.06°C, Débit: 0.4518 m³/s, Irrad: 0.00 W/m²
[2025-07-31T16:45:03.196+0000] {logging_mixin.py:188} INFO - [INFO] 2024-01-18 00:00:00 → Ne pas chauffer (solaire ou inutilisé) | Temp: 0.06°C, Débit: 0.3668 m³/s, Irrad: 0.00 W/m²
[2025-07-31T16:45:03.196+0000] {logging_mixin.py:188} INFO - [INFO] 2024-01-18 01:00:00 → Ne pas chauffer (solaire ou inutilisé) | Temp: 0.08°C, Débit: 0.2445 m³/s, Irrad: 0.00 W/m²
[2025-07-31T16:45:03.197+0000] {logging_mixin.py:188} INFO - [INFO] 2024-01-18 02:00:00 → Ne pas chauffer (solaire ou inutilisé) | Temp: 0.11°C, Débit: 0.1051 m³/s, Irrad: 0.00 W/m²
[2025-07-31T16:45:03.197+0000] {logging_mixin.py:188} INFO - [INFO] 2024-01-18 03:00:00 → Ne pas chauffer (solaire ou inutilisé) | Temp: 0.12°C, Débit: 0.0069 m³/s, Irrad: 0.00 W/m²
[2025-07-31T16:45:03.198+0000] {logging_mixin.py:188} INFO - [INFO] 2024-01-18 04:00:00 → Ne pas chauffer (solaire ou inutilisé) | Temp: 0.11°C, Débit: -0.0004 m³/s, Irrad: 0.00 W/m²
[2025-07-31T16:45:03.199+0000] {logging_mixin.py:188} INFO - [INFO] 2024-01-18 05:00:00 → Ne pas chauffer (solaire ou inutilisé) | Temp: 0.09°C, Débit: 0.0766 m³/s, Irrad: 0.00 W/m²
[2025-07-31T16:45:03.199+0000] {logging_mixin.py:188} INFO - [INFO] 2024-01-18 06:00:00 → Ne pas chauffer (solaire ou inutilisé) | Temp: 0.12°C, Débit: 0.1728 m³/s, Irrad: 0.00 W/m²
[2025-07-31T16:45:03.200+0000] {logging_mixin.py:188} INFO - [INFO] 2024-01-18 07:00:00 → Ne pas chauffer (solaire ou inutilisé) | Temp: 0.21°C, Débit: 0.2157 m³/s, Irrad: 0.13 W/m²
[2025-07-31T16:45:03.200+0000] {logging_mixin.py:188} INFO - [INFO] 2024-01-18 08:00:00 → Chauffer (résistance activée) | Temp: 0.37°C, Débit: 0.1852 m³/s, Irrad: 0.42 W/m²
[2025-07-31T16:45:03.201+0000] {logging_mixin.py:188} INFO - [INFO] 2024-01-18 09:00:00 → Ne pas chauffer (solaire ou inutilisé) | Temp: 0.56°C, Débit: 0.1296 m³/s, Irrad: 0.71 W/m²
[2025-07-31T16:45:03.201+0000] {logging_mixin.py:188} INFO - [INFO] 2024-01-18 10:00:00 → Ne pas chauffer (solaire ou inutilisé) | Temp: 0.73°C, Débit: 0.1224 m³/s, Irrad: 0.93 W/m²
[2025-07-31T16:45:03.202+0000] {logging_mixin.py:188} INFO - [INFO] 2024-01-18 11:00:00 → Ne pas chauffer (solaire ou inutilisé) | Temp: 0.84°C, Débit: 0.2001 m³/s, Irrad: 1.00 W/m²
[2025-07-31T16:45:03.202+0000] {logging_mixin.py:188} INFO - [INFO] 2024-01-18 12:00:00 → Ne pas chauffer (solaire ou inutilisé) | Temp: 0.87°C, Débit: 0.3363 m³/s, Irrad: 0.99 W/m²
[2025-07-31T16:45:03.203+0000] {logging_mixin.py:188} INFO - [INFO] 2024-01-18 13:00:00 → Ne pas chauffer (solaire ou inutilisé) | Temp: 0.83°C, Débit: 0.4705 m³/s, Irrad: 0.75 W/m²
[2025-07-31T16:45:03.204+0000] {logging_mixin.py:188} INFO - [INFO] 2024-01-18 14:00:00 → Ne pas chauffer (solaire ou inutilisé) | Temp: 0.72°C, Débit: 0.5620 m³/s, Irrad: 0.51 W/m²
[2025-07-31T16:45:03.204+0000] {logging_mixin.py:188} INFO - [INFO] 2024-01-18 15:00:00 → Ne pas chauffer (solaire ou inutilisé) | Temp: 0.55°C, Débit: 0.6157 m³/s, Irrad: 0.21 W/m²
[2025-07-31T16:45:03.205+0000] {logging_mixin.py:188} INFO - [INFO] 2024-01-18 16:00:00 → Chauffer (résistance activée) | Temp: 0.36°C, Débit: 0.6614 m³/s, Irrad: 0.02 W/m²
[2025-07-31T16:45:03.205+0000] {logging_mixin.py:188} INFO - [INFO] 2024-01-18 17:00:00 → Chauffer (résistance activée) | Temp: 0.20°C, Débit: 0.7127 m³/s, Irrad: 0.00 W/m²
[2025-07-31T16:45:03.206+0000] {logging_mixin.py:188} INFO - [INFO] 2024-01-18 18:00:00 → Chauffer (résistance activée) | Temp: 0.09°C, Débit: 0.7497 m³/s, Irrad: 0.00 W/m²
[2025-07-31T16:45:03.206+0000] {logging_mixin.py:188} INFO - [INFO] 2024-01-18 19:00:00 → Chauffer (résistance activée) | Temp: 0.05°C, Débit: 0.7414 m³/s, Irrad: 0.00 W/m²
[2025-07-31T16:45:03.207+0000] {logging_mixin.py:188} INFO - [INFO] 2024-01-18 20:00:00 → Chauffer (résistance activée) | Temp: 0.06°C, Débit: 0.6808 m³/s, Irrad: 0.00 W/m²
[2025-07-31T16:45:03.207+0000] {logging_mixin.py:188} INFO - [INFO] 2024-01-18 21:00:00 → Ne pas chauffer (solaire ou inutilisé) | Temp: 0.08°C, Débit: 0.5940 m³/s, Irrad: 0.00 W/m²
[2025-07-31T16:45:03.208+0000] {logging_mixin.py:188} INFO - [INFO] 2024-01-18 22:00:00 → Ne pas chauffer (solaire ou inutilisé) | Temp: 0.09°C, Débit: 0.5132 m³/s, Irrad: 0.00 W/m²
[2025-07-31T16:45:03.220+0000] {logging_mixin.py:188} INFO - [INFO] All hourly decisions saved to /opt/airflow/dags/logs/decision_2024-01-18.csv
[2025-07-31T16:45:03.297+0000] {python.py:237} INFO - Done. Returned value was: [{'datetime': '2024-01-17 23:00:00', 'temp': 0.06, 'flow': 0.4518, 'irradiance': 0.0, 'action': 0, 'text': 'Ne pas chauffer (solaire ou inutilisé)'}, {'datetime': '2024-01-18 00:00:00', 'temp': 0.06, 'flow': 0.3668, 'irradiance': 0.0, 'action': 0, 'text': 'Ne pas chauffer (solaire ou inutilisé)'}, {'datetime': '2024-01-18 01:00:00', 'temp': 0.08, 'flow': 0.2445, 'irradiance': 0.0, 'action': 0, 'text': 'Ne pas chauffer (solaire ou inutilisé)'}, {'datetime': '2024-01-18 02:00:00', 'temp': 0.11, 'flow': 0.1051, 'irradiance': 0.0, 'action': 0, 'text': 'Ne pas chauffer (solaire ou inutilisé)'}, {'datetime': '2024-01-18 03:00:00', 'temp': 0.12, 'flow': 0.0069, 'irradiance': 0.0, 'action': 0, 'text': 'Ne pas chauffer (solaire ou inutilisé)'}, {'datetime': '2024-01-18 04:00:00', 'temp': 0.11, 'flow': -0.0004, 'irradiance': 0.0, 'action': 0, 'text': 'Ne pas chauffer (solaire ou inutilisé)'}, {'datetime': '2024-01-18 05:00:00', 'temp': 0.09, 'flow': 0.0766, 'irradiance': 0.0, 'action': 0, 'text': 'Ne pas chauffer (solaire ou inutilisé)'}, {'datetime': '2024-01-18 06:00:00', 'temp': 0.12, 'flow': 0.1728, 'irradiance': 0.0, 'action': 0, 'text': 'Ne pas chauffer (solaire ou inutilisé)'}, {'datetime': '2024-01-18 07:00:00', 'temp': 0.21, 'flow': 0.2157, 'irradiance': 0.13, 'action': 0, 'text': 'Ne pas chauffer (solaire ou inutilisé)'}, {'datetime': '2024-01-18 08:00:00', 'temp': 0.37, 'flow': 0.1852, 'irradiance': 0.42, 'action': 1, 'text': 'Chauffer (résistance activée)'}, {'datetime': '2024-01-18 09:00:00', 'temp': 0.56, 'flow': 0.1296, 'irradiance': 0.71, 'action': 0, 'text': 'Ne pas chauffer (solaire ou inutilisé)'}, {'datetime': '2024-01-18 10:00:00', 'temp': 0.73, 'flow': 0.1224, 'irradiance': 0.93, 'action': 0, 'text': 'Ne pas chauffer (solaire ou inutilisé)'}, {'datetime': '2024-01-18 11:00:00', 'temp': 0.84, 'flow': 0.2001, 'irradiance': 1.0, 'action': 0, 'text': 'Ne pas chauffer (solaire ou inutilisé)'}, {'datetime': '2024-01-18 12:00:00', 'temp': 0.87, 'flow': 0.3363, 'irradiance': 0.99, 'action': 0, 'text': 'Ne pas chauffer (solaire ou inutilisé)'}, {'datetime': '2024-01-18 13:00:00', 'temp': 0.83, 'flow': 0.4705, 'irradiance': 0.75, 'action': 0, 'text': 'Ne pas chauffer (solaire ou inutilisé)'}, {'datetime': '2024-01-18 14:00:00', 'temp': 0.72, 'flow': 0.562, 'irradiance': 0.51, 'action': 0, 'text': 'Ne pas chauffer (solaire ou inutilisé)'}, {'datetime': '2024-01-18 15:00:00', 'temp': 0.55, 'flow': 0.6157, 'irradiance': 0.21, 'action': 0, 'text': 'Ne pas chauffer (solaire ou inutilisé)'}, {'datetime': '2024-01-18 16:00:00', 'temp': 0.36, 'flow': 0.6614, 'irradiance': 0.02, 'action': 1, 'text': 'Chauffer (résistance activée)'}, {'datetime': '2024-01-18 17:00:00', 'temp': 0.2, 'flow': 0.7127, 'irradiance': 0.0, 'action': 1, 'text': 'Chauffer (résistance activée)'}, {'datetime': '2024-01-18 18:00:00', 'temp': 0.09, 'flow': 0.7497, 'irradiance': 0.0, 'action': 1, 'text': 'Chauffer (résistance activée)'}, {'datetime': '2024-01-18 19:00:00', 'temp': 0.05, 'flow': 0.7414, 'irradiance': 0.0, 'action': 1, 'text': 'Chauffer (résistance activée)'}, {'datetime': '2024-01-18 20:00:00', 'temp': 0.06, 'flow': 0.6808, 'irradiance': 0.0, 'action': 1, 'text': 'Chauffer (résistance activée)'}, {'datetime': '2024-01-18 21:00:00', 'temp': 0.08, 'flow': 0.594, 'irradiance': 0.0, 'action': 0, 'text': 'Ne pas chauffer (solaire ou inutilisé)'}, {'datetime': '2024-01-18 22:00:00', 'temp': 0.09, 'flow': 0.5132, 'irradiance': 0.0, 'action': 0, 'text': 'Ne pas chauffer (solaire ou inutilisé)'}]
[2025-07-31T16:45:03.298+0000] {taskinstance.py:441} INFO - ::group::Post task execution logs
[2025-07-31T16:45:03.384+0000] {taskinstance.py:1206} INFO - Marking task as SUCCESS. dag_id=solar_ai_pipeline_2, task_id=decide, run_id=scheduled__2024-01-18T00:00:00+00:00, execution_date=20240118T000000, start_date=20250731T164502, end_date=20250731T164503
[2025-07-31T16:45:03.453+0000] {local_task_job_runner.py:240} INFO - Task exited with return code 0
[2025-07-31T16:45:03.480+0000] {taskinstance.py:3503} INFO - 0 downstream tasks scheduled from follow-on schedule check
[2025-07-31T16:45:03.482+0000] {local_task_job_runner.py:222} INFO - ::endgroup::
