[2025-07-31T16:42:48.038+0000] {local_task_job_runner.py:120} INFO - ::group::Pre task execution logs
[2025-07-31T16:42:48.106+0000] {taskinstance.py:2076} INFO - Dependencies all met for dep_context=non-requeueable deps ti=<TaskInstance: solar_ai_pipeline_2.decide scheduled__2024-01-11T00:00:00+00:00 [queued]>
[2025-07-31T16:42:48.134+0000] {taskinstance.py:2076} INFO - Dependencies all met for dep_context=requeueable deps ti=<TaskInstance: solar_ai_pipeline_2.decide scheduled__2024-01-11T00:00:00+00:00 [queued]>
[2025-07-31T16:42:48.135+0000] {taskinstance.py:2306} INFO - Starting attempt 1 of 2
[2025-07-31T16:42:48.187+0000] {taskinstance.py:2330} INFO - Executing <Task(PythonOperator): decide> on 2024-01-11 00:00:00+00:00
[2025-07-31T16:42:48.193+0000] {standard_task_runner.py:63} INFO - Started process 91174 to run task
[2025-07-31T16:42:48.196+0000] {standard_task_runner.py:90} INFO - Running: ['airflow', 'tasks', 'run', 'solar_ai_pipeline_2', 'decide', 'scheduled__2024-01-11T00:00:00+00:00', '--job-id', '3430', '--raw', '--subdir', 'DAGS_FOLDER/prophet_pipeline.py', '--cfg-path', '/tmp/tmpzjs5nblg']
[2025-07-31T16:42:48.198+0000] {standard_task_runner.py:91} INFO - Job 3430: Subtask decide
[2025-07-31T16:42:48.326+0000] {task_command.py:426} INFO - Running <TaskInstance: solar_ai_pipeline_2.decide scheduled__2024-01-11T00:00:00+00:00 [running]> on host a2a0dd314bdc
[2025-07-31T16:42:48.515+0000] {taskinstance.py:2648} INFO - Exporting env vars: AIRFLOW_CTX_DAG_OWNER='ensam' AIRFLOW_CTX_DAG_ID='solar_ai_pipeline_2' AIRFLOW_CTX_TASK_ID='decide' AIRFLOW_CTX_EXECUTION_DATE='2024-01-11T00:00:00+00:00' AIRFLOW_CTX_TRY_NUMBER='1' AIRFLOW_CTX_DAG_RUN_ID='scheduled__2024-01-11T00:00:00+00:00'
[2025-07-31T16:42:48.516+0000] {taskinstance.py:430} INFO - ::endgroup::
[2025-07-31T16:42:48.932+0000] {logging_mixin.py:188} INFO - [INFO] Starting decision-making process...
[2025-07-31T16:42:48.942+0000] {logging_mixin.py:188} INFO - 📥 [INFO] Loading data...
[2025-07-31T16:42:48.989+0000] {logging_mixin.py:188} INFO - [INFO] 2024-01-10 23:00:00 → Ne pas chauffer (solaire ou inutilisé) | Temp: 0.07°C, Débit: 0.5041 m³/s, Irrad: 0.00 W/m²
[2025-07-31T16:42:48.990+0000] {logging_mixin.py:188} INFO - [INFO] 2024-01-11 00:00:00 → Ne pas chauffer (solaire ou inutilisé) | Temp: 0.07°C, Débit: 0.4104 m³/s, Irrad: 0.00 W/m²
[2025-07-31T16:42:48.991+0000] {logging_mixin.py:188} INFO - [INFO] 2024-01-11 01:00:00 → Ne pas chauffer (solaire ou inutilisé) | Temp: 0.09°C, Débit: 0.2860 m³/s, Irrad: 0.00 W/m²
[2025-07-31T16:42:48.991+0000] {logging_mixin.py:188} INFO - [INFO] 2024-01-11 02:00:00 → Ne pas chauffer (solaire ou inutilisé) | Temp: 0.13°C, Débit: 0.1510 m³/s, Irrad: 0.00 W/m²
[2025-07-31T16:42:48.992+0000] {logging_mixin.py:188} INFO - [INFO] 2024-01-11 03:00:00 → Ne pas chauffer (solaire ou inutilisé) | Temp: 0.15°C, Débit: 0.0564 m³/s, Irrad: 0.00 W/m²
[2025-07-31T16:42:48.992+0000] {logging_mixin.py:188} INFO - [INFO] 2024-01-11 04:00:00 → Ne pas chauffer (solaire ou inutilisé) | Temp: 0.13°C, Débit: 0.0447 m³/s, Irrad: 0.00 W/m²
[2025-07-31T16:42:48.993+0000] {logging_mixin.py:188} INFO - [INFO] 2024-01-11 05:00:00 → Ne pas chauffer (solaire ou inutilisé) | Temp: 0.12°C, Débit: 0.1104 m³/s, Irrad: 0.00 W/m²
[2025-07-31T16:42:48.994+0000] {logging_mixin.py:188} INFO - [INFO] 2024-01-11 06:00:00 → Ne pas chauffer (solaire ou inutilisé) | Temp: 0.15°C, Débit: 0.1973 m³/s, Irrad: 0.00 W/m²
[2025-07-31T16:42:48.994+0000] {logging_mixin.py:188} INFO - [INFO] 2024-01-11 07:00:00 → Ne pas chauffer (solaire ou inutilisé) | Temp: 0.29°C, Débit: 0.2415 m³/s, Irrad: 0.15 W/m²
[2025-07-31T16:42:48.995+0000] {logging_mixin.py:188} INFO - [INFO] 2024-01-11 08:00:00 → Ne pas chauffer (solaire ou inutilisé) | Temp: 0.52°C, Débit: 0.2229 m³/s, Irrad: 0.45 W/m²
[2025-07-31T16:42:48.995+0000] {logging_mixin.py:188} INFO - [INFO] 2024-01-11 09:00:00 → Ne pas chauffer (solaire ou inutilisé) | Temp: 0.80°C, Débit: 0.1803 m³/s, Irrad: 0.74 W/m²
[2025-07-31T16:42:48.996+0000] {logging_mixin.py:188} INFO - [INFO] 2024-01-11 10:00:00 → Ne pas chauffer (solaire ou inutilisé) | Temp: 1.06°C, Débit: 0.1768 m³/s, Irrad: 0.94 W/m²
[2025-07-31T16:42:48.997+0000] {logging_mixin.py:188} INFO - [INFO] 2024-01-11 11:00:00 → Ne pas chauffer (solaire ou inutilisé) | Temp: 1.24°C, Débit: 0.2474 m³/s, Irrad: 1.00 W/m²
[2025-07-31T16:42:48.997+0000] {logging_mixin.py:188} INFO - [INFO] 2024-01-11 12:00:00 → Ne pas chauffer (solaire ou inutilisé) | Temp: 1.30°C, Débit: 0.3732 m³/s, Irrad: 0.95 W/m²
[2025-07-31T16:42:48.998+0000] {logging_mixin.py:188} INFO - [INFO] 2024-01-11 13:00:00 → Ne pas chauffer (solaire ou inutilisé) | Temp: 1.25°C, Débit: 0.5033 m³/s, Irrad: 0.77 W/m²
[2025-07-31T16:42:48.998+0000] {logging_mixin.py:188} INFO - [INFO] 2024-01-11 14:00:00 → Ne pas chauffer (solaire ou inutilisé) | Temp: 1.08°C, Débit: 0.5991 m³/s, Irrad: 0.51 W/m²
[2025-07-31T16:42:48.999+0000] {logging_mixin.py:188} INFO - [INFO] 2024-01-11 15:00:00 → Ne pas chauffer (solaire ou inutilisé) | Temp: 0.83°C, Débit: 0.6590 m³/s, Irrad: 0.21 W/m²
[2025-07-31T16:42:49.000+0000] {logging_mixin.py:188} INFO - [INFO] 2024-01-11 16:00:00 → Chauffer (résistance activée) | Temp: 0.54°C, Débit: 0.7048 m³/s, Irrad: 0.01 W/m²
[2025-07-31T16:42:49.000+0000] {logging_mixin.py:188} INFO - [INFO] 2024-01-11 17:00:00 → Chauffer (résistance activée) | Temp: 0.28°C, Débit: 0.7492 m³/s, Irrad: 0.00 W/m²
[2025-07-31T16:42:49.001+0000] {logging_mixin.py:188} INFO - [INFO] 2024-01-11 18:00:00 → Ne pas chauffer (solaire ou inutilisé) | Temp: 0.11°C, Débit: 0.7791 m³/s, Irrad: 0.00 W/m²
[2025-07-31T16:42:49.001+0000] {logging_mixin.py:188} INFO - [INFO] 2024-01-11 19:00:00 → Ne pas chauffer (solaire ou inutilisé) | Temp: 0.04°C, Débit: 0.7713 m³/s, Irrad: 0.00 W/m²
[2025-07-31T16:42:49.002+0000] {logging_mixin.py:188} INFO - [INFO] 2024-01-11 20:00:00 → Ne pas chauffer (solaire ou inutilisé) | Temp: 0.05°C, Débit: 0.7194 m³/s, Irrad: 0.00 W/m²
[2025-07-31T16:42:49.002+0000] {logging_mixin.py:188} INFO - [INFO] 2024-01-11 21:00:00 → Ne pas chauffer (solaire ou inutilisé) | Temp: 0.08°C, Débit: 0.6424 m³/s, Irrad: 0.00 W/m²
[2025-07-31T16:42:49.003+0000] {logging_mixin.py:188} INFO - [INFO] 2024-01-11 22:00:00 → Ne pas chauffer (solaire ou inutilisé) | Temp: 0.09°C, Débit: 0.5644 m³/s, Irrad: 0.00 W/m²
[2025-07-31T16:42:49.014+0000] {logging_mixin.py:188} INFO - [INFO] All hourly decisions saved to /opt/airflow/dags/logs/decision_2024-01-11.csv
[2025-07-31T16:42:49.065+0000] {python.py:237} INFO - Done. Returned value was: [{'datetime': '2024-01-10 23:00:00', 'temp': 0.07, 'flow': 0.5041, 'irradiance': 0.0, 'action': 0, 'text': 'Ne pas chauffer (solaire ou inutilisé)'}, {'datetime': '2024-01-11 00:00:00', 'temp': 0.07, 'flow': 0.4104, 'irradiance': 0.0, 'action': 0, 'text': 'Ne pas chauffer (solaire ou inutilisé)'}, {'datetime': '2024-01-11 01:00:00', 'temp': 0.09, 'flow': 0.286, 'irradiance': 0.0, 'action': 0, 'text': 'Ne pas chauffer (solaire ou inutilisé)'}, {'datetime': '2024-01-11 02:00:00', 'temp': 0.13, 'flow': 0.151, 'irradiance': 0.0, 'action': 0, 'text': 'Ne pas chauffer (solaire ou inutilisé)'}, {'datetime': '2024-01-11 03:00:00', 'temp': 0.15, 'flow': 0.0564, 'irradiance': 0.0, 'action': 0, 'text': 'Ne pas chauffer (solaire ou inutilisé)'}, {'datetime': '2024-01-11 04:00:00', 'temp': 0.13, 'flow': 0.0447, 'irradiance': 0.0, 'action': 0, 'text': 'Ne pas chauffer (solaire ou inutilisé)'}, {'datetime': '2024-01-11 05:00:00', 'temp': 0.12, 'flow': 0.1104, 'irradiance': 0.0, 'action': 0, 'text': 'Ne pas chauffer (solaire ou inutilisé)'}, {'datetime': '2024-01-11 06:00:00', 'temp': 0.15, 'flow': 0.1973, 'irradiance': 0.0, 'action': 0, 'text': 'Ne pas chauffer (solaire ou inutilisé)'}, {'datetime': '2024-01-11 07:00:00', 'temp': 0.29, 'flow': 0.2415, 'irradiance': 0.15, 'action': 0, 'text': 'Ne pas chauffer (solaire ou inutilisé)'}, {'datetime': '2024-01-11 08:00:00', 'temp': 0.52, 'flow': 0.2229, 'irradiance': 0.45, 'action': 0, 'text': 'Ne pas chauffer (solaire ou inutilisé)'}, {'datetime': '2024-01-11 09:00:00', 'temp': 0.8, 'flow': 0.1803, 'irradiance': 0.74, 'action': 0, 'text': 'Ne pas chauffer (solaire ou inutilisé)'}, {'datetime': '2024-01-11 10:00:00', 'temp': 1.06, 'flow': 0.1768, 'irradiance': 0.94, 'action': 0, 'text': 'Ne pas chauffer (solaire ou inutilisé)'}, {'datetime': '2024-01-11 11:00:00', 'temp': 1.24, 'flow': 0.2474, 'irradiance': 1.0, 'action': 0, 'text': 'Ne pas chauffer (solaire ou inutilisé)'}, {'datetime': '2024-01-11 12:00:00', 'temp': 1.3, 'flow': 0.3732, 'irradiance': 0.95, 'action': 0, 'text': 'Ne pas chauffer (solaire ou inutilisé)'}, {'datetime': '2024-01-11 13:00:00', 'temp': 1.25, 'flow': 0.5033, 'irradiance': 0.77, 'action': 0, 'text': 'Ne pas chauffer (solaire ou inutilisé)'}, {'datetime': '2024-01-11 14:00:00', 'temp': 1.08, 'flow': 0.5991, 'irradiance': 0.51, 'action': 0, 'text': 'Ne pas chauffer (solaire ou inutilisé)'}, {'datetime': '2024-01-11 15:00:00', 'temp': 0.83, 'flow': 0.659, 'irradiance': 0.21, 'action': 0, 'text': 'Ne pas chauffer (solaire ou inutilisé)'}, {'datetime': '2024-01-11 16:00:00', 'temp': 0.54, 'flow': 0.7048, 'irradiance': 0.01, 'action': 1, 'text': 'Chauffer (résistance activée)'}, {'datetime': '2024-01-11 17:00:00', 'temp': 0.28, 'flow': 0.7492, 'irradiance': 0.0, 'action': 1, 'text': 'Chauffer (résistance activée)'}, {'datetime': '2024-01-11 18:00:00', 'temp': 0.11, 'flow': 0.7791, 'irradiance': 0.0, 'action': 0, 'text': 'Ne pas chauffer (solaire ou inutilisé)'}, {'datetime': '2024-01-11 19:00:00', 'temp': 0.04, 'flow': 0.7713, 'irradiance': 0.0, 'action': 0, 'text': 'Ne pas chauffer (solaire ou inutilisé)'}, {'datetime': '2024-01-11 20:00:00', 'temp': 0.05, 'flow': 0.7194, 'irradiance': 0.0, 'action': 0, 'text': 'Ne pas chauffer (solaire ou inutilisé)'}, {'datetime': '2024-01-11 21:00:00', 'temp': 0.08, 'flow': 0.6424, 'irradiance': 0.0, 'action': 0, 'text': 'Ne pas chauffer (solaire ou inutilisé)'}, {'datetime': '2024-01-11 22:00:00', 'temp': 0.09, 'flow': 0.5644, 'irradiance': 0.0, 'action': 0, 'text': 'Ne pas chauffer (solaire ou inutilisé)'}]
[2025-07-31T16:42:49.065+0000] {taskinstance.py:441} INFO - ::group::Post task execution logs
[2025-07-31T16:42:49.122+0000] {taskinstance.py:1206} INFO - Marking task as SUCCESS. dag_id=solar_ai_pipeline_2, task_id=decide, run_id=scheduled__2024-01-11T00:00:00+00:00, execution_date=20240111T000000, start_date=20250731T164248, end_date=20250731T164249
[2025-07-31T16:42:49.214+0000] {local_task_job_runner.py:240} INFO - Task exited with return code 0
[2025-07-31T16:42:49.243+0000] {taskinstance.py:3503} INFO - 0 downstream tasks scheduled from follow-on schedule check
[2025-07-31T16:42:49.246+0000] {local_task_job_runner.py:222} INFO - ::endgroup::
