[2025-07-31T15:59:12.573+0000] {local_task_job_runner.py:120} INFO - ::group::Pre task execution logs
[2025-07-31T15:59:12.709+0000] {taskinstance.py:2076} INFO - Dependencies all met for dep_context=non-requeueable deps ti=<TaskInstance: solar_ai_pipeline_2.decide backfill__2024-01-06T00:00:00+00:00 [queued]>
[2025-07-31T15:59:12.760+0000] {taskinstance.py:2076} INFO - Dependencies all met for dep_context=requeueable deps ti=<TaskInstance: solar_ai_pipeline_2.decide backfill__2024-01-06T00:00:00+00:00 [queued]>
[2025-07-31T15:59:12.765+0000] {taskinstance.py:2306} INFO - Starting attempt 1 of 2
[2025-07-31T15:59:12.857+0000] {taskinstance.py:2330} INFO - Executing <Task(PythonOperator): decide> on 2024-01-06 00:00:00+00:00
[2025-07-31T15:59:12.872+0000] {standard_task_runner.py:63} INFO - Started process 89150 to run task
[2025-07-31T15:59:12.883+0000] {standard_task_runner.py:90} INFO - Running: ['airflow', 'tasks', 'run', 'solar_ai_pipeline_2', 'decide', 'backfill__2024-01-06T00:00:00+00:00', '--job-id', '3414', '--pool', 'default_pool', '--raw', '--subdir', 'DAGS_FOLDER/prophet_pipeline.py', '--cfg-path', '/tmp/tmpvf4lwjqe']
[2025-07-31T15:59:12.890+0000] {standard_task_runner.py:91} INFO - Job 3414: Subtask decide
[2025-07-31T15:59:13.193+0000] {task_command.py:426} INFO - Running <TaskInstance: solar_ai_pipeline_2.decide backfill__2024-01-06T00:00:00+00:00 [running]> on host a2a0dd314bdc
[2025-07-31T15:59:13.762+0000] {taskinstance.py:2648} INFO - Exporting env vars: AIRFLOW_CTX_DAG_OWNER='ensam' AIRFLOW_CTX_DAG_ID='solar_ai_pipeline_2' AIRFLOW_CTX_TASK_ID='decide' AIRFLOW_CTX_EXECUTION_DATE='2024-01-06T00:00:00+00:00' AIRFLOW_CTX_TRY_NUMBER='1' AIRFLOW_CTX_DAG_RUN_ID='backfill__2024-01-06T00:00:00+00:00'
[2025-07-31T15:59:13.766+0000] {taskinstance.py:430} INFO - ::endgroup::
[2025-07-31T15:59:15.195+0000] {logging_mixin.py:188} INFO - [INFO] Starting decision-making process...
[2025-07-31T15:59:15.216+0000] {logging_mixin.py:188} INFO - 📥 [INFO] Loading data...
[2025-07-31T15:59:15.273+0000] {logging_mixin.py:188} INFO - [INFO] 2024-01-05 23:00:00 → Ne pas chauffer (solaire ou inutilisé) | Temp: 0.09°C, Débit: 0.7396 m³/s, Irrad: 0.00 W/m²
[2025-07-31T15:59:15.274+0000] {logging_mixin.py:188} INFO - [INFO] 2024-01-06 00:00:00 → Ne pas chauffer (solaire ou inutilisé) | Temp: 0.09°C, Débit: 0.6482 m³/s, Irrad: 0.00 W/m²
[2025-07-31T15:59:15.276+0000] {logging_mixin.py:188} INFO - [INFO] 2024-01-06 01:00:00 → Ne pas chauffer (solaire ou inutilisé) | Temp: 0.11°C, Débit: 0.5274 m³/s, Irrad: 0.00 W/m²
[2025-07-31T15:59:15.277+0000] {logging_mixin.py:188} INFO - [INFO] 2024-01-06 02:00:00 → Ne pas chauffer (solaire ou inutilisé) | Temp: 0.15°C, Débit: 0.3957 m³/s, Irrad: 0.00 W/m²
[2025-07-31T15:59:15.278+0000] {logging_mixin.py:188} INFO - [INFO] 2024-01-06 03:00:00 → Ne pas chauffer (solaire ou inutilisé) | Temp: 0.17°C, Débit: 0.3022 m³/s, Irrad: 0.00 W/m²
[2025-07-31T15:59:15.280+0000] {logging_mixin.py:188} INFO - [INFO] 2024-01-06 04:00:00 → Ne pas chauffer (solaire ou inutilisé) | Temp: 0.16°C, Débit: 0.2894 m³/s, Irrad: 0.00 W/m²
[2025-07-31T15:59:15.281+0000] {logging_mixin.py:188} INFO - [INFO] 2024-01-06 05:00:00 → Ne pas chauffer (solaire ou inutilisé) | Temp: 0.14°C, Débit: 0.3538 m³/s, Irrad: 0.00 W/m²
[2025-07-31T15:59:15.282+0000] {logging_mixin.py:188} INFO - [INFO] 2024-01-06 06:00:00 → Ne pas chauffer (solaire ou inutilisé) | Temp: 0.17°C, Débit: 0.4415 m³/s, Irrad: 0.00 W/m²
[2025-07-31T15:59:15.283+0000] {logging_mixin.py:188} INFO - [INFO] 2024-01-06 07:00:00 → Ne pas chauffer (solaire ou inutilisé) | Temp: 0.31°C, Débit: 0.4892 m³/s, Irrad: 0.09 W/m²
[2025-07-31T15:59:15.284+0000] {logging_mixin.py:188} INFO - [INFO] 2024-01-06 08:00:00 → Ne pas chauffer (solaire ou inutilisé) | Temp: 0.55°C, Débit: 0.4750 m³/s, Irrad: 0.30 W/m²
[2025-07-31T15:59:15.286+0000] {logging_mixin.py:188} INFO - [INFO] 2024-01-06 09:00:00 → Ne pas chauffer (solaire ou inutilisé) | Temp: 0.84°C, Débit: 0.4351 m³/s, Irrad: 0.50 W/m²
[2025-07-31T15:59:15.287+0000] {logging_mixin.py:188} INFO - [INFO] 2024-01-06 10:00:00 → Ne pas chauffer (solaire ou inutilisé) | Temp: 1.11°C, Débit: 0.4315 m³/s, Irrad: 0.65 W/m²
[2025-07-31T15:59:15.288+0000] {logging_mixin.py:188} INFO - [INFO] 2024-01-06 11:00:00 → Ne pas chauffer (solaire ou inutilisé) | Temp: 1.30°C, Débit: 0.5002 m³/s, Irrad: 0.72 W/m²
[2025-07-31T15:59:15.289+0000] {logging_mixin.py:188} INFO - [INFO] 2024-01-06 12:00:00 → Ne pas chauffer (solaire ou inutilisé) | Temp: 1.37°C, Débit: 0.6245 m³/s, Irrad: 1.00 W/m²
[2025-07-31T15:59:15.290+0000] {logging_mixin.py:188} INFO - [INFO] 2024-01-06 13:00:00 → Ne pas chauffer (solaire ou inutilisé) | Temp: 1.30°C, Débit: 0.7546 m³/s, Irrad: 0.82 W/m²
[2025-07-31T15:59:15.291+0000] {logging_mixin.py:188} INFO - [INFO] 2024-01-06 14:00:00 → Chauffer (résistance activée) | Temp: 1.13°C, Débit: 0.8513 m³/s, Irrad: 0.56 W/m²
[2025-07-31T15:59:15.292+0000] {logging_mixin.py:188} INFO - [INFO] 2024-01-06 15:00:00 → Ne pas chauffer (solaire ou inutilisé) | Temp: 0.86°C, Débit: 0.9113 m³/s, Irrad: 0.25 W/m²
[2025-07-31T15:59:15.293+0000] {logging_mixin.py:188} INFO - [INFO] 2024-01-06 16:00:00 → Ne pas chauffer (solaire ou inutilisé) | Temp: 0.55°C, Débit: 0.9558 m³/s, Irrad: 0.02 W/m²
[2025-07-31T15:59:15.294+0000] {logging_mixin.py:188} INFO - [INFO] 2024-01-06 17:00:00 → Chauffer (résistance activée) | Temp: 0.27°C, Débit: 0.9982 m³/s, Irrad: 0.00 W/m²
[2025-07-31T15:59:15.296+0000] {logging_mixin.py:188} INFO - [INFO] 2024-01-06 18:00:00 → Chauffer (résistance activée) | Temp: 0.08°C, Débit: 1.0270 m³/s, Irrad: 0.00 W/m²
[2025-07-31T15:59:15.297+0000] {logging_mixin.py:188} INFO - [INFO] 2024-01-06 19:00:00 → Chauffer (résistance activée) | Temp: 0.01°C, Débit: 1.0194 m³/s, Irrad: 0.00 W/m²
[2025-07-31T15:59:15.299+0000] {logging_mixin.py:188} INFO - [INFO] 2024-01-06 20:00:00 → Chauffer (résistance activée) | Temp: 0.02°C, Débit: 0.9682 m³/s, Irrad: 0.00 W/m²
[2025-07-31T15:59:15.300+0000] {logging_mixin.py:188} INFO - [INFO] 2024-01-06 21:00:00 → Chauffer (résistance activée) | Temp: 0.04°C, Débit: 0.8907 m³/s, Irrad: 0.00 W/m²
[2025-07-31T15:59:15.300+0000] {logging_mixin.py:188} INFO - [INFO] 2024-01-06 22:00:00 → Chauffer (résistance activée) | Temp: 0.05°C, Débit: 0.8108 m³/s, Irrad: 0.00 W/m²
[2025-07-31T15:59:15.320+0000] {logging_mixin.py:188} INFO - [INFO] All hourly decisions saved to /opt/airflow/dags/logs/decision_2024-01-06.csv
[2025-07-31T15:59:15.393+0000] {python.py:237} INFO - Done. Returned value was: [{'datetime': '2024-01-05 23:00:00', 'temp': 0.09, 'flow': 0.7396, 'irradiance': 0.0, 'action': 0, 'text': 'Ne pas chauffer (solaire ou inutilisé)'}, {'datetime': '2024-01-06 00:00:00', 'temp': 0.09, 'flow': 0.6482, 'irradiance': 0.0, 'action': 0, 'text': 'Ne pas chauffer (solaire ou inutilisé)'}, {'datetime': '2024-01-06 01:00:00', 'temp': 0.11, 'flow': 0.5274, 'irradiance': 0.0, 'action': 0, 'text': 'Ne pas chauffer (solaire ou inutilisé)'}, {'datetime': '2024-01-06 02:00:00', 'temp': 0.15, 'flow': 0.3957, 'irradiance': 0.0, 'action': 0, 'text': 'Ne pas chauffer (solaire ou inutilisé)'}, {'datetime': '2024-01-06 03:00:00', 'temp': 0.17, 'flow': 0.3022, 'irradiance': 0.0, 'action': 0, 'text': 'Ne pas chauffer (solaire ou inutilisé)'}, {'datetime': '2024-01-06 04:00:00', 'temp': 0.16, 'flow': 0.2894, 'irradiance': 0.0, 'action': 0, 'text': 'Ne pas chauffer (solaire ou inutilisé)'}, {'datetime': '2024-01-06 05:00:00', 'temp': 0.14, 'flow': 0.3538, 'irradiance': 0.0, 'action': 0, 'text': 'Ne pas chauffer (solaire ou inutilisé)'}, {'datetime': '2024-01-06 06:00:00', 'temp': 0.17, 'flow': 0.4415, 'irradiance': 0.0, 'action': 0, 'text': 'Ne pas chauffer (solaire ou inutilisé)'}, {'datetime': '2024-01-06 07:00:00', 'temp': 0.31, 'flow': 0.4892, 'irradiance': 0.09, 'action': 0, 'text': 'Ne pas chauffer (solaire ou inutilisé)'}, {'datetime': '2024-01-06 08:00:00', 'temp': 0.55, 'flow': 0.475, 'irradiance': 0.3, 'action': 0, 'text': 'Ne pas chauffer (solaire ou inutilisé)'}, {'datetime': '2024-01-06 09:00:00', 'temp': 0.84, 'flow': 0.4351, 'irradiance': 0.5, 'action': 0, 'text': 'Ne pas chauffer (solaire ou inutilisé)'}, {'datetime': '2024-01-06 10:00:00', 'temp': 1.11, 'flow': 0.4315, 'irradiance': 0.65, 'action': 0, 'text': 'Ne pas chauffer (solaire ou inutilisé)'}, {'datetime': '2024-01-06 11:00:00', 'temp': 1.3, 'flow': 0.5002, 'irradiance': 0.72, 'action': 0, 'text': 'Ne pas chauffer (solaire ou inutilisé)'}, {'datetime': '2024-01-06 12:00:00', 'temp': 1.37, 'flow': 0.6245, 'irradiance': 1.0, 'action': 0, 'text': 'Ne pas chauffer (solaire ou inutilisé)'}, {'datetime': '2024-01-06 13:00:00', 'temp': 1.3, 'flow': 0.7546, 'irradiance': 0.82, 'action': 0, 'text': 'Ne pas chauffer (solaire ou inutilisé)'}, {'datetime': '2024-01-06 14:00:00', 'temp': 1.13, 'flow': 0.8513, 'irradiance': 0.56, 'action': 1, 'text': 'Chauffer (résistance activée)'}, {'datetime': '2024-01-06 15:00:00', 'temp': 0.86, 'flow': 0.9113, 'irradiance': 0.25, 'action': 0, 'text': 'Ne pas chauffer (solaire ou inutilisé)'}, {'datetime': '2024-01-06 16:00:00', 'temp': 0.55, 'flow': 0.9558, 'irradiance': 0.02, 'action': 0, 'text': 'Ne pas chauffer (solaire ou inutilisé)'}, {'datetime': '2024-01-06 17:00:00', 'temp': 0.27, 'flow': 0.9982, 'irradiance': 0.0, 'action': 1, 'text': 'Chauffer (résistance activée)'}, {'datetime': '2024-01-06 18:00:00', 'temp': 0.08, 'flow': 1.027, 'irradiance': 0.0, 'action': 1, 'text': 'Chauffer (résistance activée)'}, {'datetime': '2024-01-06 19:00:00', 'temp': 0.01, 'flow': 1.0194, 'irradiance': 0.0, 'action': 1, 'text': 'Chauffer (résistance activée)'}, {'datetime': '2024-01-06 20:00:00', 'temp': 0.02, 'flow': 0.9682, 'irradiance': 0.0, 'action': 1, 'text': 'Chauffer (résistance activée)'}, {'datetime': '2024-01-06 21:00:00', 'temp': 0.04, 'flow': 0.8907, 'irradiance': 0.0, 'action': 1, 'text': 'Chauffer (résistance activée)'}, {'datetime': '2024-01-06 22:00:00', 'temp': 0.05, 'flow': 0.8108, 'irradiance': 0.0, 'action': 1, 'text': 'Chauffer (résistance activée)'}]
[2025-07-31T15:59:15.395+0000] {taskinstance.py:441} INFO - ::group::Post task execution logs
[2025-07-31T15:59:15.475+0000] {taskinstance.py:1206} INFO - Marking task as SUCCESS. dag_id=solar_ai_pipeline_2, task_id=decide, run_id=backfill__2024-01-06T00:00:00+00:00, execution_date=20240106T000000, start_date=20250731T155912, end_date=20250731T155915
[2025-07-31T15:59:15.592+0000] {local_task_job_runner.py:240} INFO - Task exited with return code 0
[2025-07-31T15:59:15.626+0000] {taskinstance.py:3503} INFO - 0 downstream tasks scheduled from follow-on schedule check
[2025-07-31T15:59:15.629+0000] {local_task_job_runner.py:222} INFO - ::endgroup::
