[2025-07-31T10:42:11.053+0000] {local_task_job_runner.py:120} INFO - ::group::Pre task execution logs
[2025-07-31T10:42:11.119+0000] {taskinstance.py:2076} INFO - Dependencies all met for dep_context=non-requeueable deps ti=<TaskInstance: solar_ai_pipeline_2.train_prophet scheduled__2023-03-29T00:00:00+00:00 [queued]>
[2025-07-31T10:42:11.141+0000] {taskinstance.py:2076} INFO - Dependencies all met for dep_context=requeueable deps ti=<TaskInstance: solar_ai_pipeline_2.train_prophet scheduled__2023-03-29T00:00:00+00:00 [queued]>
[2025-07-31T10:42:11.142+0000] {taskinstance.py:2306} INFO - Starting attempt 3 of 4
[2025-07-31T10:42:11.188+0000] {taskinstance.py:2330} INFO - Executing <Task(PythonOperator): train_prophet> on 2023-03-29 00:00:00+00:00
[2025-07-31T10:42:11.193+0000] {standard_task_runner.py:63} INFO - Started process 22153 to run task
[2025-07-31T10:42:11.197+0000] {standard_task_runner.py:90} INFO - Running: ['airflow', 'tasks', 'run', 'solar_ai_pipeline_2', 'train_prophet', 'scheduled__2023-03-29T00:00:00+00:00', '--job-id', '2690', '--raw', '--subdir', 'DAGS_FOLDER/prophet_pipeline.py', '--cfg-path', '/tmp/tmpp6ozj89y']
[2025-07-31T10:42:11.200+0000] {standard_task_runner.py:91} INFO - Job 2690: Subtask train_prophet
[2025-07-31T10:42:11.325+0000] {task_command.py:426} INFO - Running <TaskInstance: solar_ai_pipeline_2.train_prophet scheduled__2023-03-29T00:00:00+00:00 [running]> on host a2a0dd314bdc
[2025-07-31T10:42:11.513+0000] {taskinstance.py:2648} INFO - Exporting env vars: AIRFLOW_CTX_DAG_OWNER='ensam' AIRFLOW_CTX_DAG_ID='solar_ai_pipeline_2' AIRFLOW_CTX_TASK_ID='train_prophet' AIRFLOW_CTX_EXECUTION_DATE='2023-03-29T00:00:00+00:00' AIRFLOW_CTX_TRY_NUMBER='3' AIRFLOW_CTX_DAG_RUN_ID='scheduled__2023-03-29T00:00:00+00:00'
[2025-07-31T10:42:11.514+0000] {taskinstance.py:430} INFO - ::endgroup::
[2025-07-31T10:42:12.311+0000] {plot.py:39} ERROR - Importing plotly failed. Interactive plots will not work.
[2025-07-31T10:42:12.319+0000] {taskinstance.py:441} INFO - ::group::Post task execution logs
[2025-07-31T10:42:12.319+0000] {taskinstance.py:2905} ERROR - Task failed with exception
Traceback (most recent call last):
  File "/home/airflow/.local/lib/python3.11/site-packages/airflow/models/taskinstance.py", line 465, in _execute_task
    result = _execute_callable(context=context, **execute_callable_kwargs)
             ^^^^^^^^^^^^^^^^^^^^^^^^^^^^^^^^^^^^^^^^^^^^^^^^^^^^^^^^^^^^^
  File "/home/airflow/.local/lib/python3.11/site-packages/airflow/models/taskinstance.py", line 432, in _execute_callable
    return execute_callable(context=context, **execute_callable_kwargs)
           ^^^^^^^^^^^^^^^^^^^^^^^^^^^^^^^^^^^^^^^^^^^^^^^^^^^^^^^^^^^^
  File "/home/airflow/.local/lib/python3.11/site-packages/airflow/models/baseoperator.py", line 401, in wrapper
    return func(self, *args, **kwargs)
           ^^^^^^^^^^^^^^^^^^^^^^^^^^^
  File "/home/airflow/.local/lib/python3.11/site-packages/airflow/operators/python.py", line 235, in execute
    return_value = self.execute_callable()
                   ^^^^^^^^^^^^^^^^^^^^^^^
  File "/home/airflow/.local/lib/python3.11/site-packages/airflow/operators/python.py", line 252, in execute_callable
    return self.python_callable(*self.op_args, **self.op_kwargs)
           ^^^^^^^^^^^^^^^^^^^^^^^^^^^^^^^^^^^^^^^^^^^^^^^^^^^^^
  File "/opt/airflow/dags/scripts/train_prophet.py", line 73, in train_prophet
    raise ValueError(f"Not enough data to train. train_start={train_start}, train_end={train_end}")
ValueError: Not enough data to train. train_start=2023-01-01, train_end=2022-09-30
[2025-07-31T10:42:12.340+0000] {taskinstance.py:1206} INFO - Marking task as UP_FOR_RETRY. dag_id=solar_ai_pipeline_2, task_id=train_prophet, run_id=scheduled__2023-03-29T00:00:00+00:00, execution_date=20230329T000000, start_date=20250731T104211, end_date=20250731T104212
[2025-07-31T10:42:12.408+0000] {standard_task_runner.py:110} ERROR - Failed to execute job 2690 for task train_prophet (Not enough data to train. train_start=2023-01-01, train_end=2022-09-30; 22153)
[2025-07-31T10:42:12.455+0000] {local_task_job_runner.py:240} INFO - Task exited with return code 1
[2025-07-31T10:42:12.493+0000] {taskinstance.py:3503} INFO - 0 downstream tasks scheduled from follow-on schedule check
[2025-07-31T10:42:12.495+0000] {local_task_job_runner.py:222} INFO - ::endgroup::
