[2025-07-31T09:35:23.648+0000] {local_task_job_runner.py:120} INFO - ::group::Pre task execution logs
[2025-07-31T09:35:23.701+0000] {taskinstance.py:2076} INFO - Dependencies all met for dep_context=non-requeueable deps ti=<TaskInstance: solar_ai_pipeline_2.predict_prophet scheduled__2023-09-11T00:00:00+00:00 [queued]>
[2025-07-31T09:35:23.720+0000] {taskinstance.py:2076} INFO - Dependencies all met for dep_context=requeueable deps ti=<TaskInstance: solar_ai_pipeline_2.predict_prophet scheduled__2023-09-11T00:00:00+00:00 [queued]>
[2025-07-31T09:35:23.721+0000] {taskinstance.py:2306} INFO - Starting attempt 2 of 2
[2025-07-31T09:35:23.761+0000] {taskinstance.py:2330} INFO - Executing <Task(PythonOperator): predict_prophet> on 2023-09-11 00:00:00+00:00
[2025-07-31T09:35:23.766+0000] {standard_task_runner.py:63} INFO - Started process 17882 to run task
[2025-07-31T09:35:23.770+0000] {standard_task_runner.py:90} INFO - Running: ['airflow', 'tasks', 'run', 'solar_ai_pipeline_2', 'predict_prophet', 'scheduled__2023-09-11T00:00:00+00:00', '--job-id', '2434', '--raw', '--subdir', 'DAGS_FOLDER/prophet_pipeline.py', '--cfg-path', '/tmp/tmpkm3dlh2b']
[2025-07-31T09:35:23.772+0000] {standard_task_runner.py:91} INFO - Job 2434: Subtask predict_prophet
[2025-07-31T09:35:23.885+0000] {task_command.py:426} INFO - Running <TaskInstance: solar_ai_pipeline_2.predict_prophet scheduled__2023-09-11T00:00:00+00:00 [running]> on host a2a0dd314bdc
[2025-07-31T09:35:24.099+0000] {taskinstance.py:2648} INFO - Exporting env vars: AIRFLOW_CTX_DAG_OWNER='ensam' AIRFLOW_CTX_DAG_ID='solar_ai_pipeline_2' AIRFLOW_CTX_TASK_ID='predict_prophet' AIRFLOW_CTX_EXECUTION_DATE='2023-09-11T00:00:00+00:00' AIRFLOW_CTX_TRY_NUMBER='2' AIRFLOW_CTX_DAG_RUN_ID='scheduled__2023-09-11T00:00:00+00:00'
[2025-07-31T09:35:24.099+0000] {taskinstance.py:430} INFO - ::endgroup::
[2025-07-31T09:35:25.640+0000] {plot.py:39} ERROR - Importing plotly failed. Interactive plots will not work.
[2025-07-31T09:35:26.484+0000] {logging_mixin.py:188} WARNING - /opt/airflow/dags/scripts/predict_prophet.py:52 FutureWarning: In a future version of pandas, parsing datetimes with mixed time zones will raise an error unless `utc=True`. Please specify `utc=True` to opt in to the new behaviour and silence this warning. To create a `Series` with mixed offsets and `object` dtype, please use `apply` and `datetime.datetime.strptime`
[2025-07-31T09:35:27.800+0000] {logging_mixin.py:188} INFO - Prédictions temperature enregistrées (prophet_forecast_temperature_2023-09-11.csv) — MAE: 0.2722 | RMSE: 0.2983
[2025-07-31T09:35:28.674+0000] {logging_mixin.py:188} WARNING - /opt/airflow/dags/scripts/predict_prophet.py:52 FutureWarning: In a future version of pandas, parsing datetimes with mixed time zones will raise an error unless `utc=True`. Please specify `utc=True` to opt in to the new behaviour and silence this warning. To create a `Series` with mixed offsets and `object` dtype, please use `apply` and `datetime.datetime.strptime`
[2025-07-31T09:35:29.961+0000] {logging_mixin.py:188} INFO - Prédictions flow enregistrées (prophet_forecast_flow_2023-09-11.csv) — MAE: 0.1966 | RMSE: 0.2514
[2025-07-31T09:35:29.962+0000] {python.py:237} INFO - Done. Returned value was: None
[2025-07-31T09:35:29.963+0000] {taskinstance.py:441} INFO - ::group::Post task execution logs
[2025-07-31T09:35:30.015+0000] {taskinstance.py:1206} INFO - Marking task as SUCCESS. dag_id=solar_ai_pipeline_2, task_id=predict_prophet, run_id=scheduled__2023-09-11T00:00:00+00:00, execution_date=20230911T000000, start_date=20250731T093523, end_date=20250731T093530
[2025-07-31T09:35:30.120+0000] {local_task_job_runner.py:240} INFO - Task exited with return code 0
[2025-07-31T09:35:30.158+0000] {taskinstance.py:3503} INFO - 1 downstream tasks scheduled from follow-on schedule check
[2025-07-31T09:35:30.212+0000] {local_task_job_runner.py:222} INFO - ::endgroup::
