[2025-07-31T15:38:01.902+0000] {local_task_job_runner.py:120} INFO - ::group::Pre task execution logs
[2025-07-31T15:38:02.020+0000] {taskinstance.py:2076} INFO - Dependencies all met for dep_context=non-requeueable deps ti=<TaskInstance: solar_ai_pipeline_2.predict_prophet backfill__2024-01-05T00:00:00+00:00 [queued]>
[2025-07-31T15:38:02.063+0000] {taskinstance.py:2076} INFO - Dependencies all met for dep_context=requeueable deps ti=<TaskInstance: solar_ai_pipeline_2.predict_prophet backfill__2024-01-05T00:00:00+00:00 [queued]>
[2025-07-31T15:38:02.065+0000] {taskinstance.py:2306} INFO - Starting attempt 1 of 2
[2025-07-31T15:38:02.141+0000] {taskinstance.py:2330} INFO - Executing <Task(PythonOperator): predict_prophet> on 2024-01-05 00:00:00+00:00
[2025-07-31T15:38:02.154+0000] {standard_task_runner.py:63} INFO - Started process 85121 to run task
[2025-07-31T15:38:02.161+0000] {standard_task_runner.py:90} INFO - Running: ['airflow', 'tasks', 'run', 'solar_ai_pipeline_2', 'predict_prophet', 'backfill__2024-01-05T00:00:00+00:00', '--job-id', '3377', '--pool', 'default_pool', '--raw', '--subdir', 'DAGS_FOLDER/prophet_pipeline.py', '--cfg-path', '/tmp/tmpttlquy0k']
[2025-07-31T15:38:02.164+0000] {standard_task_runner.py:91} INFO - Job 3377: Subtask predict_prophet
[2025-07-31T15:38:02.345+0000] {task_command.py:426} INFO - Running <TaskInstance: solar_ai_pipeline_2.predict_prophet backfill__2024-01-05T00:00:00+00:00 [running]> on host a2a0dd314bdc
[2025-07-31T15:38:02.612+0000] {taskinstance.py:2648} INFO - Exporting env vars: AIRFLOW_CTX_DAG_OWNER='ensam' AIRFLOW_CTX_DAG_ID='solar_ai_pipeline_2' AIRFLOW_CTX_TASK_ID='predict_prophet' AIRFLOW_CTX_EXECUTION_DATE='2024-01-05T00:00:00+00:00' AIRFLOW_CTX_TRY_NUMBER='1' AIRFLOW_CTX_DAG_RUN_ID='backfill__2024-01-05T00:00:00+00:00'
[2025-07-31T15:38:02.614+0000] {taskinstance.py:430} INFO - ::endgroup::
[2025-07-31T15:38:04.671+0000] {plot.py:39} ERROR - Importing plotly failed. Interactive plots will not work.
[2025-07-31T15:38:05.013+0000] {logging_mixin.py:188} INFO - Prédictions temperature enregistrées (prophet_forecast_temperature_2024-01-05.csv) — MAE: 0.2102 | RMSE: 0.3038
[2025-07-31T15:38:05.302+0000] {logging_mixin.py:188} INFO - Prédictions flow enregistrées (prophet_forecast_flow_2024-01-05.csv) — MAE: 0.1442 | RMSE: 0.2111
[2025-07-31T15:38:05.303+0000] {python.py:237} INFO - Done. Returned value was: None
[2025-07-31T15:38:05.304+0000] {taskinstance.py:441} INFO - ::group::Post task execution logs
[2025-07-31T15:38:05.325+0000] {taskinstance.py:1206} INFO - Marking task as SUCCESS. dag_id=solar_ai_pipeline_2, task_id=predict_prophet, run_id=backfill__2024-01-05T00:00:00+00:00, execution_date=20240105T000000, start_date=20250731T153802, end_date=20250731T153805
[2025-07-31T15:38:05.433+0000] {local_task_job_runner.py:240} INFO - Task exited with return code 0
[2025-07-31T15:38:05.490+0000] {taskinstance.py:3503} INFO - 1 downstream tasks scheduled from follow-on schedule check
[2025-07-31T15:38:05.508+0000] {local_task_job_runner.py:222} INFO - ::endgroup::
