[2025-07-31T15:37:50.209+0000] {local_task_job_runner.py:120} INFO - ::group::Pre task execution logs
[2025-07-31T15:37:50.345+0000] {taskinstance.py:2076} INFO - Dependencies all met for dep_context=non-requeueable deps ti=<TaskInstance: solar_ai_pipeline_2.predict_prophet backfill__2024-01-04T00:00:00+00:00 [queued]>
[2025-07-31T15:37:50.473+0000] {taskinstance.py:2076} INFO - Dependencies all met for dep_context=requeueable deps ti=<TaskInstance: solar_ai_pipeline_2.predict_prophet backfill__2024-01-04T00:00:00+00:00 [queued]>
[2025-07-31T15:37:50.475+0000] {taskinstance.py:2306} INFO - Starting attempt 1 of 2
[2025-07-31T15:37:50.567+0000] {taskinstance.py:2330} INFO - Executing <Task(PythonOperator): predict_prophet> on 2024-01-04 00:00:00+00:00
[2025-07-31T15:37:50.586+0000] {standard_task_runner.py:63} INFO - Started process 85043 to run task
[2025-07-31T15:37:50.595+0000] {standard_task_runner.py:90} INFO - Running: ['airflow', 'tasks', 'run', 'solar_ai_pipeline_2', 'predict_prophet', 'backfill__2024-01-04T00:00:00+00:00', '--job-id', '3376', '--pool', 'default_pool', '--raw', '--subdir', 'DAGS_FOLDER/prophet_pipeline.py', '--cfg-path', '/tmp/tmpn62teuat']
[2025-07-31T15:37:50.602+0000] {standard_task_runner.py:91} INFO - Job 3376: Subtask predict_prophet
[2025-07-31T15:37:50.841+0000] {task_command.py:426} INFO - Running <TaskInstance: solar_ai_pipeline_2.predict_prophet backfill__2024-01-04T00:00:00+00:00 [running]> on host a2a0dd314bdc
[2025-07-31T15:37:51.178+0000] {taskinstance.py:2648} INFO - Exporting env vars: AIRFLOW_CTX_DAG_OWNER='ensam' AIRFLOW_CTX_DAG_ID='solar_ai_pipeline_2' AIRFLOW_CTX_TASK_ID='predict_prophet' AIRFLOW_CTX_EXECUTION_DATE='2024-01-04T00:00:00+00:00' AIRFLOW_CTX_TRY_NUMBER='1' AIRFLOW_CTX_DAG_RUN_ID='backfill__2024-01-04T00:00:00+00:00'
[2025-07-31T15:37:51.180+0000] {taskinstance.py:430} INFO - ::endgroup::
[2025-07-31T15:37:53.292+0000] {plot.py:39} ERROR - Importing plotly failed. Interactive plots will not work.
[2025-07-31T15:37:53.601+0000] {logging_mixin.py:188} INFO - Prédictions temperature enregistrées (prophet_forecast_temperature_2024-01-04.csv) — MAE: 0.1823 | RMSE: 0.2679
[2025-07-31T15:37:53.828+0000] {logging_mixin.py:188} INFO - Prédictions flow enregistrées (prophet_forecast_flow_2024-01-04.csv) — MAE: 0.2729 | RMSE: 0.3006
[2025-07-31T15:37:53.829+0000] {python.py:237} INFO - Done. Returned value was: None
[2025-07-31T15:37:53.830+0000] {taskinstance.py:441} INFO - ::group::Post task execution logs
[2025-07-31T15:37:53.842+0000] {taskinstance.py:1206} INFO - Marking task as SUCCESS. dag_id=solar_ai_pipeline_2, task_id=predict_prophet, run_id=backfill__2024-01-04T00:00:00+00:00, execution_date=20240104T000000, start_date=20250731T153750, end_date=20250731T153753
[2025-07-31T15:37:53.949+0000] {local_task_job_runner.py:240} INFO - Task exited with return code 0
[2025-07-31T15:37:54.004+0000] {taskinstance.py:3503} INFO - 1 downstream tasks scheduled from follow-on schedule check
[2025-07-31T15:37:54.026+0000] {local_task_job_runner.py:222} INFO - ::endgroup::
