[2025-07-29T15:38:34.635+0000] {local_task_job_runner.py:120} INFO - ::group::Pre task execution logs
[2025-07-29T15:38:34.692+0000] {taskinstance.py:2076} INFO - Dependencies all met for dep_context=non-requeueable deps ti=<TaskInstance: solar_ai_pipeline_2.fetch_data scheduled__2023-01-07T00:00:00+00:00 [queued]>
[2025-07-29T15:38:34.711+0000] {taskinstance.py:2076} INFO - Dependencies all met for dep_context=requeueable deps ti=<TaskInstance: solar_ai_pipeline_2.fetch_data scheduled__2023-01-07T00:00:00+00:00 [queued]>
[2025-07-29T15:38:34.716+0000] {taskinstance.py:2306} INFO - Starting attempt 3 of 4
[2025-07-29T15:38:34.824+0000] {taskinstance.py:2330} INFO - Executing <Task(PythonOperator): fetch_data> on 2023-01-07 00:00:00+00:00
[2025-07-29T15:38:34.836+0000] {standard_task_runner.py:63} INFO - Started process 2393 to run task
[2025-07-29T15:38:34.846+0000] {standard_task_runner.py:90} INFO - Running: ['airflow', 'tasks', 'run', 'solar_ai_pipeline_2', 'fetch_data', 'scheduled__2023-01-07T00:00:00+00:00', '--job-id', '1406', '--raw', '--subdir', 'DAGS_FOLDER/prophet_pipeline.py', '--cfg-path', '/tmp/tmpu286rgin']
[2025-07-29T15:38:34.850+0000] {standard_task_runner.py:91} INFO - Job 1406: Subtask fetch_data
[2025-07-29T15:38:35.066+0000] {task_command.py:426} INFO - Running <TaskInstance: solar_ai_pipeline_2.fetch_data scheduled__2023-01-07T00:00:00+00:00 [running]> on host 4c586ddbbbe9
[2025-07-29T15:38:35.407+0000] {taskinstance.py:2648} INFO - Exporting env vars: AIRFLOW_CTX_DAG_OWNER='ensam' AIRFLOW_CTX_DAG_ID='solar_ai_pipeline_2' AIRFLOW_CTX_TASK_ID='fetch_data' AIRFLOW_CTX_EXECUTION_DATE='2023-01-07T00:00:00+00:00' AIRFLOW_CTX_TRY_NUMBER='3' AIRFLOW_CTX_DAG_RUN_ID='scheduled__2023-01-07T00:00:00+00:00'
[2025-07-29T15:38:35.409+0000] {taskinstance.py:430} INFO - ::endgroup::
[2025-07-29T15:38:46.617+0000] {logging_mixin.py:188} INFO - Données simulées pour 2023-01-07 sauvegardées dans dags/data/processed/simulated_solar_heating_2023-01-07.csv
[2025-07-29T15:38:46.625+0000] {logging_mixin.py:188} INFO - count     24.000000
mean     102.292367
std      156.737398
min        0.000000
25%        0.000000
50%        0.000000
75%      201.203400
max      430.532000
Name: solar_irradiance, dtype: float64
[2025-07-29T15:38:46.627+0000] {logging_mixin.py:188} INFO - 2023-01-07 00:00:00+01:00 → Altitude: -66.09
[2025-07-29T15:38:46.629+0000] {logging_mixin.py:188} INFO - NASA GHI response keys: ['2023010700', '2023010701', '2023010702', '2023010703', '2023010704', '2023010705', '2023010706', '2023010707', '2023010708', '2023010709', '2023010710', '2023010711', '2023010712', '2023010713', '2023010714', '2023010715', '2023010716', '2023010717', '2023010718', '2023010719', '2023010720', '2023010721', '2023010722', '2023010723']
[2025-07-29T15:38:46.630+0000] {logging_mixin.py:188} INFO - 2023-01-07 01:00:00+01:00 → Altitude: -76.29
[2025-07-29T15:38:46.632+0000] {logging_mixin.py:188} INFO - NASA GHI response keys: ['2023010700', '2023010701', '2023010702', '2023010703', '2023010704', '2023010705', '2023010706', '2023010707', '2023010708', '2023010709', '2023010710', '2023010711', '2023010712', '2023010713', '2023010714', '2023010715', '2023010716', '2023010717', '2023010718', '2023010719', '2023010720', '2023010721', '2023010722', '2023010723']
[2025-07-29T15:38:46.633+0000] {logging_mixin.py:188} INFO - 2023-01-07 02:00:00+01:00 → Altitude: -77.70
[2025-07-29T15:38:46.635+0000] {logging_mixin.py:188} INFO - NASA GHI response keys: ['2023010700', '2023010701', '2023010702', '2023010703', '2023010704', '2023010705', '2023010706', '2023010707', '2023010708', '2023010709', '2023010710', '2023010711', '2023010712', '2023010713', '2023010714', '2023010715', '2023010716', '2023010717', '2023010718', '2023010719', '2023010720', '2023010721', '2023010722', '2023010723']
[2025-07-29T15:38:46.636+0000] {logging_mixin.py:188} INFO - 2023-01-07 03:00:00+01:00 → Altitude: -68.49
[2025-07-29T15:38:46.637+0000] {logging_mixin.py:188} INFO - NASA GHI response keys: ['2023010700', '2023010701', '2023010702', '2023010703', '2023010704', '2023010705', '2023010706', '2023010707', '2023010708', '2023010709', '2023010710', '2023010711', '2023010712', '2023010713', '2023010714', '2023010715', '2023010716', '2023010717', '2023010718', '2023010719', '2023010720', '2023010721', '2023010722', '2023010723']
[2025-07-29T15:38:46.638+0000] {logging_mixin.py:188} INFO - 2023-01-07 04:00:00+01:00 → Altitude: -56.58
[2025-07-29T15:38:46.639+0000] {logging_mixin.py:188} INFO - NASA GHI response keys: ['2023010700', '2023010701', '2023010702', '2023010703', '2023010704', '2023010705', '2023010706', '2023010707', '2023010708', '2023010709', '2023010710', '2023010711', '2023010712', '2023010713', '2023010714', '2023010715', '2023010716', '2023010717', '2023010718', '2023010719', '2023010720', '2023010721', '2023010722', '2023010723']
[2025-07-29T15:38:46.641+0000] {logging_mixin.py:188} INFO - 2023-01-07 05:00:00+01:00 → Altitude: -44.14
[2025-07-29T15:38:46.642+0000] {logging_mixin.py:188} INFO - NASA GHI response keys: ['2023010700', '2023010701', '2023010702', '2023010703', '2023010704', '2023010705', '2023010706', '2023010707', '2023010708', '2023010709', '2023010710', '2023010711', '2023010712', '2023010713', '2023010714', '2023010715', '2023010716', '2023010717', '2023010718', '2023010719', '2023010720', '2023010721', '2023010722', '2023010723']
[2025-07-29T15:38:46.643+0000] {logging_mixin.py:188} INFO - 2023-01-07 06:00:00+01:00 → Altitude: -31.68
[2025-07-29T15:38:46.644+0000] {logging_mixin.py:188} INFO - NASA GHI response keys: ['2023010700', '2023010701', '2023010702', '2023010703', '2023010704', '2023010705', '2023010706', '2023010707', '2023010708', '2023010709', '2023010710', '2023010711', '2023010712', '2023010713', '2023010714', '2023010715', '2023010716', '2023010717', '2023010718', '2023010719', '2023010720', '2023010721', '2023010722', '2023010723']
[2025-07-29T15:38:46.645+0000] {logging_mixin.py:188} INFO - 2023-01-07 07:00:00+01:00 → Altitude: -19.41
[2025-07-29T15:38:46.646+0000] {logging_mixin.py:188} INFO - NASA GHI response keys: ['2023010700', '2023010701', '2023010702', '2023010703', '2023010704', '2023010705', '2023010706', '2023010707', '2023010708', '2023010709', '2023010710', '2023010711', '2023010712', '2023010713', '2023010714', '2023010715', '2023010716', '2023010717', '2023010718', '2023010719', '2023010720', '2023010721', '2023010722', '2023010723']
[2025-07-29T15:38:46.648+0000] {logging_mixin.py:188} INFO - 2023-01-07 08:00:00+01:00 → Altitude: -7.52
[2025-07-29T15:38:46.649+0000] {logging_mixin.py:188} INFO - NASA GHI response keys: ['2023010700', '2023010701', '2023010702', '2023010703', '2023010704', '2023010705', '2023010706', '2023010707', '2023010708', '2023010709', '2023010710', '2023010711', '2023010712', '2023010713', '2023010714', '2023010715', '2023010716', '2023010717', '2023010718', '2023010719', '2023010720', '2023010721', '2023010722', '2023010723']
[2025-07-29T15:38:46.650+0000] {logging_mixin.py:188} INFO - 2023-01-07 09:00:00+01:00 → Altitude: 3.87
[2025-07-29T15:38:46.651+0000] {logging_mixin.py:188} INFO - NASA GHI response keys: ['2023010700', '2023010701', '2023010702', '2023010703', '2023010704', '2023010705', '2023010706', '2023010707', '2023010708', '2023010709', '2023010710', '2023010711', '2023010712', '2023010713', '2023010714', '2023010715', '2023010716', '2023010717', '2023010718', '2023010719', '2023010720', '2023010721', '2023010722', '2023010723']
[2025-07-29T15:38:46.652+0000] {logging_mixin.py:188} INFO - 2023-01-07 10:00:00+01:00 → Altitude: 14.01
[2025-07-29T15:38:46.653+0000] {logging_mixin.py:188} INFO - NASA GHI response keys: ['2023010700', '2023010701', '2023010702', '2023010703', '2023010704', '2023010705', '2023010706', '2023010707', '2023010708', '2023010709', '2023010710', '2023010711', '2023010712', '2023010713', '2023010714', '2023010715', '2023010716', '2023010717', '2023010718', '2023010719', '2023010720', '2023010721', '2023010722', '2023010723']
[2025-07-29T15:38:46.654+0000] {logging_mixin.py:188} INFO - 2023-01-07 11:00:00+01:00 → Altitude: 22.82
[2025-07-29T15:38:46.655+0000] {logging_mixin.py:188} INFO - NASA GHI response keys: ['2023010700', '2023010701', '2023010702', '2023010703', '2023010704', '2023010705', '2023010706', '2023010707', '2023010708', '2023010709', '2023010710', '2023010711', '2023010712', '2023010713', '2023010714', '2023010715', '2023010716', '2023010717', '2023010718', '2023010719', '2023010720', '2023010721', '2023010722', '2023010723']
[2025-07-29T15:38:46.656+0000] {logging_mixin.py:188} INFO - 2023-01-07 12:00:00+01:00 → Altitude: 29.55
[2025-07-29T15:38:46.657+0000] {logging_mixin.py:188} INFO - NASA GHI response keys: ['2023010700', '2023010701', '2023010702', '2023010703', '2023010704', '2023010705', '2023010706', '2023010707', '2023010708', '2023010709', '2023010710', '2023010711', '2023010712', '2023010713', '2023010714', '2023010715', '2023010716', '2023010717', '2023010718', '2023010719', '2023010720', '2023010721', '2023010722', '2023010723']
[2025-07-29T15:38:46.658+0000] {logging_mixin.py:188} INFO - 2023-01-07 13:00:00+01:00 → Altitude: 33.41
[2025-07-29T15:38:46.659+0000] {logging_mixin.py:188} INFO - NASA GHI response keys: ['2023010700', '2023010701', '2023010702', '2023010703', '2023010704', '2023010705', '2023010706', '2023010707', '2023010708', '2023010709', '2023010710', '2023010711', '2023010712', '2023010713', '2023010714', '2023010715', '2023010716', '2023010717', '2023010718', '2023010719', '2023010720', '2023010721', '2023010722', '2023010723']
[2025-07-29T15:38:46.660+0000] {logging_mixin.py:188} INFO - 2023-01-07 14:00:00+01:00 → Altitude: 33.81
[2025-07-29T15:38:46.661+0000] {logging_mixin.py:188} INFO - NASA GHI response keys: ['2023010700', '2023010701', '2023010702', '2023010703', '2023010704', '2023010705', '2023010706', '2023010707', '2023010708', '2023010709', '2023010710', '2023010711', '2023010712', '2023010713', '2023010714', '2023010715', '2023010716', '2023010717', '2023010718', '2023010719', '2023010720', '2023010721', '2023010722', '2023010723']
[2025-07-29T15:38:46.662+0000] {logging_mixin.py:188} INFO - 2023-01-07 15:00:00+01:00 → Altitude: 30.67
[2025-07-29T15:38:46.662+0000] {logging_mixin.py:188} INFO - NASA GHI response keys: ['2023010700', '2023010701', '2023010702', '2023010703', '2023010704', '2023010705', '2023010706', '2023010707', '2023010708', '2023010709', '2023010710', '2023010711', '2023010712', '2023010713', '2023010714', '2023010715', '2023010716', '2023010717', '2023010718', '2023010719', '2023010720', '2023010721', '2023010722', '2023010723']
[2025-07-29T15:38:46.663+0000] {logging_mixin.py:188} INFO - 2023-01-07 16:00:00+01:00 → Altitude: 24.51
[2025-07-29T15:38:46.664+0000] {logging_mixin.py:188} INFO - NASA GHI response keys: ['2023010700', '2023010701', '2023010702', '2023010703', '2023010704', '2023010705', '2023010706', '2023010707', '2023010708', '2023010709', '2023010710', '2023010711', '2023010712', '2023010713', '2023010714', '2023010715', '2023010716', '2023010717', '2023010718', '2023010719', '2023010720', '2023010721', '2023010722', '2023010723']
[2025-07-29T15:38:46.665+0000] {logging_mixin.py:188} INFO - 2023-01-07 17:00:00+01:00 → Altitude: 16.09
[2025-07-29T15:38:46.666+0000] {logging_mixin.py:188} INFO - NASA GHI response keys: ['2023010700', '2023010701', '2023010702', '2023010703', '2023010704', '2023010705', '2023010706', '2023010707', '2023010708', '2023010709', '2023010710', '2023010711', '2023010712', '2023010713', '2023010714', '2023010715', '2023010716', '2023010717', '2023010718', '2023010719', '2023010720', '2023010721', '2023010722', '2023010723']
[2025-07-29T15:38:46.667+0000] {logging_mixin.py:188} INFO - 2023-01-07 18:00:00+01:00 → Altitude: 6.17
[2025-07-29T15:38:46.668+0000] {logging_mixin.py:188} INFO - NASA GHI response keys: ['2023010700', '2023010701', '2023010702', '2023010703', '2023010704', '2023010705', '2023010706', '2023010707', '2023010708', '2023010709', '2023010710', '2023010711', '2023010712', '2023010713', '2023010714', '2023010715', '2023010716', '2023010717', '2023010718', '2023010719', '2023010720', '2023010721', '2023010722', '2023010723']
[2025-07-29T15:38:46.669+0000] {logging_mixin.py:188} INFO - 2023-01-07 19:00:00+01:00 → Altitude: -4.95
[2025-07-29T15:38:46.670+0000] {logging_mixin.py:188} INFO - NASA GHI response keys: ['2023010700', '2023010701', '2023010702', '2023010703', '2023010704', '2023010705', '2023010706', '2023010707', '2023010708', '2023010709', '2023010710', '2023010711', '2023010712', '2023010713', '2023010714', '2023010715', '2023010716', '2023010717', '2023010718', '2023010719', '2023010720', '2023010721', '2023010722', '2023010723']
[2025-07-29T15:38:46.671+0000] {logging_mixin.py:188} INFO - 2023-01-07 20:00:00+01:00 → Altitude: -16.75
[2025-07-29T15:38:46.672+0000] {logging_mixin.py:188} INFO - NASA GHI response keys: ['2023010700', '2023010701', '2023010702', '2023010703', '2023010704', '2023010705', '2023010706', '2023010707', '2023010708', '2023010709', '2023010710', '2023010711', '2023010712', '2023010713', '2023010714', '2023010715', '2023010716', '2023010717', '2023010718', '2023010719', '2023010720', '2023010721', '2023010722', '2023010723']
[2025-07-29T15:38:46.673+0000] {logging_mixin.py:188} INFO - 2023-01-07 21:00:00+01:00 → Altitude: -28.95
[2025-07-29T15:38:46.674+0000] {logging_mixin.py:188} INFO - NASA GHI response keys: ['2023010700', '2023010701', '2023010702', '2023010703', '2023010704', '2023010705', '2023010706', '2023010707', '2023010708', '2023010709', '2023010710', '2023010711', '2023010712', '2023010713', '2023010714', '2023010715', '2023010716', '2023010717', '2023010718', '2023010719', '2023010720', '2023010721', '2023010722', '2023010723']
[2025-07-29T15:38:46.676+0000] {logging_mixin.py:188} INFO - 2023-01-07 22:00:00+01:00 → Altitude: -41.38
[2025-07-29T15:38:46.677+0000] {logging_mixin.py:188} INFO - NASA GHI response keys: ['2023010700', '2023010701', '2023010702', '2023010703', '2023010704', '2023010705', '2023010706', '2023010707', '2023010708', '2023010709', '2023010710', '2023010711', '2023010712', '2023010713', '2023010714', '2023010715', '2023010716', '2023010717', '2023010718', '2023010719', '2023010720', '2023010721', '2023010722', '2023010723']
[2025-07-29T15:38:46.678+0000] {logging_mixin.py:188} INFO - 2023-01-07 23:00:00+01:00 → Altitude: -53.85
[2025-07-29T15:38:46.679+0000] {logging_mixin.py:188} INFO - NASA GHI response keys: ['2023010700', '2023010701', '2023010702', '2023010703', '2023010704', '2023010705', '2023010706', '2023010707', '2023010708', '2023010709', '2023010710', '2023010711', '2023010712', '2023010713', '2023010714', '2023010715', '2023010716', '2023010717', '2023010718', '2023010719', '2023010720', '2023010721', '2023010722', '2023010723']
[2025-07-29T15:38:46.682+0000] {python.py:237} INFO - Done. Returned value was: None
[2025-07-29T15:38:46.684+0000] {taskinstance.py:441} INFO - ::group::Post task execution logs
[2025-07-29T15:38:46.721+0000] {taskinstance.py:1206} INFO - Marking task as SUCCESS. dag_id=solar_ai_pipeline_2, task_id=fetch_data, run_id=scheduled__2023-01-07T00:00:00+00:00, execution_date=20230107T000000, start_date=20250729T153834, end_date=20250729T153846
[2025-07-29T15:38:46.908+0000] {local_task_job_runner.py:240} INFO - Task exited with return code 0
[2025-07-29T15:38:47.004+0000] {taskinstance.py:3503} INFO - 1 downstream tasks scheduled from follow-on schedule check
[2025-07-29T15:38:47.040+0000] {local_task_job_runner.py:222} INFO - ::endgroup::
