[2025-07-31T15:05:53.729+0000] {local_task_job_runner.py:120} INFO - ::group::Pre task execution logs
[2025-07-31T15:05:53.844+0000] {taskinstance.py:2076} INFO - Dependencies all met for dep_context=non-requeueable deps ti=<TaskInstance: solar_ai_pipeline_2.predict_prophet scheduled__2024-01-13T00:00:00+00:00 [queued]>
[2025-07-31T15:05:53.886+0000] {taskinstance.py:2076} INFO - Dependencies all met for dep_context=requeueable deps ti=<TaskInstance: solar_ai_pipeline_2.predict_prophet scheduled__2024-01-13T00:00:00+00:00 [queued]>
[2025-07-31T15:05:53.890+0000] {taskinstance.py:2306} INFO - Starting attempt 1 of 2
[2025-07-31T15:05:54.120+0000] {taskinstance.py:2330} INFO - Executing <Task(PythonOperator): predict_prophet> on 2024-01-13 00:00:00+00:00
[2025-07-31T15:05:54.127+0000] {standard_task_runner.py:63} INFO - Started process 75431 to run task
[2025-07-31T15:05:54.135+0000] {standard_task_runner.py:90} INFO - Running: ['airflow', 'tasks', 'run', 'solar_ai_pipeline_2', 'predict_prophet', 'scheduled__2024-01-13T00:00:00+00:00', '--job-id', '3349', '--raw', '--subdir', 'DAGS_FOLDER/prophet_pipeline.py', '--cfg-path', '/tmp/tmp9iuue2fg']
[2025-07-31T15:05:54.138+0000] {standard_task_runner.py:91} INFO - Job 3349: Subtask predict_prophet
[2025-07-31T15:05:54.334+0000] {task_command.py:426} INFO - Running <TaskInstance: solar_ai_pipeline_2.predict_prophet scheduled__2024-01-13T00:00:00+00:00 [running]> on host a2a0dd314bdc
[2025-07-31T15:05:54.616+0000] {taskinstance.py:2648} INFO - Exporting env vars: AIRFLOW_CTX_DAG_OWNER='ensam' AIRFLOW_CTX_DAG_ID='solar_ai_pipeline_2' AIRFLOW_CTX_TASK_ID='predict_prophet' AIRFLOW_CTX_EXECUTION_DATE='2024-01-13T00:00:00+00:00' AIRFLOW_CTX_TRY_NUMBER='1' AIRFLOW_CTX_DAG_RUN_ID='scheduled__2024-01-13T00:00:00+00:00'
[2025-07-31T15:05:54.617+0000] {taskinstance.py:430} INFO - ::endgroup::
[2025-07-31T15:05:58.386+0000] {plot.py:39} ERROR - Importing plotly failed. Interactive plots will not work.
[2025-07-31T15:06:03.509+0000] {logging_mixin.py:188} INFO - Prédictions temperature enregistrées (prophet_forecast_temperature_2024-01-13.csv) — MAE: 0.1307 | RMSE: 0.1927
[2025-07-31T15:06:08.346+0000] {logging_mixin.py:188} INFO - Prédictions flow enregistrées (prophet_forecast_flow_2024-01-13.csv) — MAE: 0.1469 | RMSE: 0.1958
[2025-07-31T15:06:08.349+0000] {python.py:237} INFO - Done. Returned value was: None
[2025-07-31T15:06:08.350+0000] {taskinstance.py:441} INFO - ::group::Post task execution logs
[2025-07-31T15:06:08.372+0000] {taskinstance.py:1206} INFO - Marking task as SUCCESS. dag_id=solar_ai_pipeline_2, task_id=predict_prophet, run_id=scheduled__2024-01-13T00:00:00+00:00, execution_date=20240113T000000, start_date=20250731T150553, end_date=20250731T150608
[2025-07-31T15:06:08.514+0000] {local_task_job_runner.py:240} INFO - Task exited with return code 0
[2025-07-31T15:06:08.583+0000] {taskinstance.py:3503} INFO - 1 downstream tasks scheduled from follow-on schedule check
[2025-07-31T15:06:08.609+0000] {local_task_job_runner.py:222} INFO - ::endgroup::
