[2025-07-29T15:49:35.009+0000] {local_task_job_runner.py:120} INFO - ::group::Pre task execution logs
[2025-07-29T15:49:35.083+0000] {taskinstance.py:2076} INFO - Dependencies all met for dep_context=non-requeueable deps ti=<TaskInstance: solar_ai_pipeline_2.fetch_data scheduled__2023-02-04T00:00:00+00:00 [queued]>
[2025-07-29T15:49:35.111+0000] {taskinstance.py:2076} INFO - Dependencies all met for dep_context=requeueable deps ti=<TaskInstance: solar_ai_pipeline_2.fetch_data scheduled__2023-02-04T00:00:00+00:00 [queued]>
[2025-07-29T15:49:35.116+0000] {taskinstance.py:2306} INFO - Starting attempt 1 of 2
[2025-07-29T15:49:35.366+0000] {taskinstance.py:2330} INFO - Executing <Task(PythonOperator): fetch_data> on 2023-02-04 00:00:00+00:00
[2025-07-29T15:49:35.372+0000] {standard_task_runner.py:63} INFO - Started process 3446 to run task
[2025-07-29T15:49:35.376+0000] {standard_task_runner.py:90} INFO - Running: ['airflow', 'tasks', 'run', 'solar_ai_pipeline_2', 'fetch_data', 'scheduled__2023-02-04T00:00:00+00:00', '--job-id', '1466', '--raw', '--subdir', 'DAGS_FOLDER/prophet_pipeline.py', '--cfg-path', '/tmp/tmpud0t6nt_']
[2025-07-29T15:49:35.379+0000] {standard_task_runner.py:91} INFO - Job 1466: Subtask fetch_data
[2025-07-29T15:49:35.569+0000] {task_command.py:426} INFO - Running <TaskInstance: solar_ai_pipeline_2.fetch_data scheduled__2023-02-04T00:00:00+00:00 [running]> on host 4c586ddbbbe9
[2025-07-29T15:49:35.979+0000] {taskinstance.py:2648} INFO - Exporting env vars: AIRFLOW_CTX_DAG_OWNER='ensam' AIRFLOW_CTX_DAG_ID='solar_ai_pipeline_2' AIRFLOW_CTX_TASK_ID='fetch_data' AIRFLOW_CTX_EXECUTION_DATE='2023-02-04T00:00:00+00:00' AIRFLOW_CTX_TRY_NUMBER='1' AIRFLOW_CTX_DAG_RUN_ID='scheduled__2023-02-04T00:00:00+00:00'
[2025-07-29T15:49:35.981+0000] {taskinstance.py:430} INFO - ::endgroup::
[2025-07-29T15:49:46.814+0000] {logging_mixin.py:188} INFO - Données simulées pour 2023-02-04 sauvegardées dans dags/data/processed/simulated_solar_heating_2023-02-04.csv
[2025-07-29T15:49:46.824+0000] {logging_mixin.py:188} INFO - count     24.000000
mean     129.565321
std      192.679926
min        0.000000
25%        0.000000
50%        0.000000
75%      244.682750
max      532.547400
Name: solar_irradiance, dtype: float64
[2025-07-29T15:49:46.827+0000] {logging_mixin.py:188} INFO - 2023-02-04 00:00:00+01:00 → Altitude: -60.94
[2025-07-29T15:49:46.828+0000] {logging_mixin.py:188} INFO - NASA GHI response keys: ['2023020400', '2023020401', '2023020402', '2023020403', '2023020404', '2023020405', '2023020406', '2023020407', '2023020408', '2023020409', '2023020410', '2023020411', '2023020412', '2023020413', '2023020414', '2023020415', '2023020416', '2023020417', '2023020418', '2023020419', '2023020420', '2023020421', '2023020422', '2023020423']
[2025-07-29T15:49:46.830+0000] {logging_mixin.py:188} INFO - 2023-02-04 01:00:00+01:00 → Altitude: -70.12
[2025-07-29T15:49:46.832+0000] {logging_mixin.py:188} INFO - NASA GHI response keys: ['2023020400', '2023020401', '2023020402', '2023020403', '2023020404', '2023020405', '2023020406', '2023020407', '2023020408', '2023020409', '2023020410', '2023020411', '2023020412', '2023020413', '2023020414', '2023020415', '2023020416', '2023020417', '2023020418', '2023020419', '2023020420', '2023020421', '2023020422', '2023020423']
[2025-07-29T15:49:46.833+0000] {logging_mixin.py:188} INFO - 2023-02-04 02:00:00+01:00 → Altitude: -72.42
[2025-07-29T15:49:46.834+0000] {logging_mixin.py:188} INFO - NASA GHI response keys: ['2023020400', '2023020401', '2023020402', '2023020403', '2023020404', '2023020405', '2023020406', '2023020407', '2023020408', '2023020409', '2023020410', '2023020411', '2023020412', '2023020413', '2023020414', '2023020415', '2023020416', '2023020417', '2023020418', '2023020419', '2023020420', '2023020421', '2023020422', '2023020423']
[2025-07-29T15:49:46.836+0000] {logging_mixin.py:188} INFO - 2023-02-04 03:00:00+01:00 → Altitude: -65.76
[2025-07-29T15:49:46.837+0000] {logging_mixin.py:188} INFO - NASA GHI response keys: ['2023020400', '2023020401', '2023020402', '2023020403', '2023020404', '2023020405', '2023020406', '2023020407', '2023020408', '2023020409', '2023020410', '2023020411', '2023020412', '2023020413', '2023020414', '2023020415', '2023020416', '2023020417', '2023020418', '2023020419', '2023020420', '2023020421', '2023020422', '2023020423']
[2025-07-29T15:49:46.838+0000] {logging_mixin.py:188} INFO - 2023-02-04 04:00:00+01:00 → Altitude: -54.96
[2025-07-29T15:49:46.839+0000] {logging_mixin.py:188} INFO - NASA GHI response keys: ['2023020400', '2023020401', '2023020402', '2023020403', '2023020404', '2023020405', '2023020406', '2023020407', '2023020408', '2023020409', '2023020410', '2023020411', '2023020412', '2023020413', '2023020414', '2023020415', '2023020416', '2023020417', '2023020418', '2023020419', '2023020420', '2023020421', '2023020422', '2023020423']
[2025-07-29T15:49:46.841+0000] {logging_mixin.py:188} INFO - 2023-02-04 05:00:00+01:00 → Altitude: -42.88
[2025-07-29T15:49:46.842+0000] {logging_mixin.py:188} INFO - NASA GHI response keys: ['2023020400', '2023020401', '2023020402', '2023020403', '2023020404', '2023020405', '2023020406', '2023020407', '2023020408', '2023020409', '2023020410', '2023020411', '2023020412', '2023020413', '2023020414', '2023020415', '2023020416', '2023020417', '2023020418', '2023020419', '2023020420', '2023020421', '2023020422', '2023020423']
[2025-07-29T15:49:46.842+0000] {logging_mixin.py:188} INFO - 2023-02-04 06:00:00+01:00 → Altitude: -30.42
[2025-07-29T15:49:46.843+0000] {logging_mixin.py:188} INFO - NASA GHI response keys: ['2023020400', '2023020401', '2023020402', '2023020403', '2023020404', '2023020405', '2023020406', '2023020407', '2023020408', '2023020409', '2023020410', '2023020411', '2023020412', '2023020413', '2023020414', '2023020415', '2023020416', '2023020417', '2023020418', '2023020419', '2023020420', '2023020421', '2023020422', '2023020423']
[2025-07-29T15:49:46.844+0000] {logging_mixin.py:188} INFO - 2023-02-04 07:00:00+01:00 → Altitude: -17.95
[2025-07-29T15:49:46.846+0000] {logging_mixin.py:188} INFO - NASA GHI response keys: ['2023020400', '2023020401', '2023020402', '2023020403', '2023020404', '2023020405', '2023020406', '2023020407', '2023020408', '2023020409', '2023020410', '2023020411', '2023020412', '2023020413', '2023020414', '2023020415', '2023020416', '2023020417', '2023020418', '2023020419', '2023020420', '2023020421', '2023020422', '2023020423']
[2025-07-29T15:49:46.847+0000] {logging_mixin.py:188} INFO - 2023-02-04 08:00:00+01:00 → Altitude: -5.68
[2025-07-29T15:49:46.848+0000] {logging_mixin.py:188} INFO - NASA GHI response keys: ['2023020400', '2023020401', '2023020402', '2023020403', '2023020404', '2023020405', '2023020406', '2023020407', '2023020408', '2023020409', '2023020410', '2023020411', '2023020412', '2023020413', '2023020414', '2023020415', '2023020416', '2023020417', '2023020418', '2023020419', '2023020420', '2023020421', '2023020422', '2023020423']
[2025-07-29T15:49:46.849+0000] {logging_mixin.py:188} INFO - 2023-02-04 09:00:00+01:00 → Altitude: 6.15
[2025-07-29T15:49:46.850+0000] {logging_mixin.py:188} INFO - NASA GHI response keys: ['2023020400', '2023020401', '2023020402', '2023020403', '2023020404', '2023020405', '2023020406', '2023020407', '2023020408', '2023020409', '2023020410', '2023020411', '2023020412', '2023020413', '2023020414', '2023020415', '2023020416', '2023020417', '2023020418', '2023020419', '2023020420', '2023020421', '2023020422', '2023020423']
[2025-07-29T15:49:46.851+0000] {logging_mixin.py:188} INFO - 2023-02-04 10:00:00+01:00 → Altitude: 17.02
[2025-07-29T15:49:46.852+0000] {logging_mixin.py:188} INFO - NASA GHI response keys: ['2023020400', '2023020401', '2023020402', '2023020403', '2023020404', '2023020405', '2023020406', '2023020407', '2023020408', '2023020409', '2023020410', '2023020411', '2023020412', '2023020413', '2023020414', '2023020415', '2023020416', '2023020417', '2023020418', '2023020419', '2023020420', '2023020421', '2023020422', '2023020423']
[2025-07-29T15:49:46.853+0000] {logging_mixin.py:188} INFO - 2023-02-04 11:00:00+01:00 → Altitude: 26.68
[2025-07-29T15:49:46.854+0000] {logging_mixin.py:188} INFO - NASA GHI response keys: ['2023020400', '2023020401', '2023020402', '2023020403', '2023020404', '2023020405', '2023020406', '2023020407', '2023020408', '2023020409', '2023020410', '2023020411', '2023020412', '2023020413', '2023020414', '2023020415', '2023020416', '2023020417', '2023020418', '2023020419', '2023020420', '2023020421', '2023020422', '2023020423']
[2025-07-29T15:49:46.855+0000] {logging_mixin.py:188} INFO - 2023-02-04 12:00:00+01:00 → Altitude: 34.36
[2025-07-29T15:49:46.856+0000] {logging_mixin.py:188} INFO - NASA GHI response keys: ['2023020400', '2023020401', '2023020402', '2023020403', '2023020404', '2023020405', '2023020406', '2023020407', '2023020408', '2023020409', '2023020410', '2023020411', '2023020412', '2023020413', '2023020414', '2023020415', '2023020416', '2023020417', '2023020418', '2023020419', '2023020420', '2023020421', '2023020422', '2023020423']
[2025-07-29T15:49:46.857+0000] {logging_mixin.py:188} INFO - 2023-02-04 13:00:00+01:00 → Altitude: 39.12
[2025-07-29T15:49:46.858+0000] {logging_mixin.py:188} INFO - NASA GHI response keys: ['2023020400', '2023020401', '2023020402', '2023020403', '2023020404', '2023020405', '2023020406', '2023020407', '2023020408', '2023020409', '2023020410', '2023020411', '2023020412', '2023020413', '2023020414', '2023020415', '2023020416', '2023020417', '2023020418', '2023020419', '2023020420', '2023020421', '2023020422', '2023020423']
[2025-07-29T15:49:46.859+0000] {logging_mixin.py:188} INFO - 2023-02-04 14:00:00+01:00 → Altitude: 40.10
[2025-07-29T15:49:46.860+0000] {logging_mixin.py:188} INFO - NASA GHI response keys: ['2023020400', '2023020401', '2023020402', '2023020403', '2023020404', '2023020405', '2023020406', '2023020407', '2023020408', '2023020409', '2023020410', '2023020411', '2023020412', '2023020413', '2023020414', '2023020415', '2023020416', '2023020417', '2023020418', '2023020419', '2023020420', '2023020421', '2023020422', '2023020423']
[2025-07-29T15:49:46.862+0000] {logging_mixin.py:188} INFO - 2023-02-04 15:00:00+01:00 → Altitude: 37.08
[2025-07-29T15:49:46.863+0000] {logging_mixin.py:188} INFO - NASA GHI response keys: ['2023020400', '2023020401', '2023020402', '2023020403', '2023020404', '2023020405', '2023020406', '2023020407', '2023020408', '2023020409', '2023020410', '2023020411', '2023020412', '2023020413', '2023020414', '2023020415', '2023020416', '2023020417', '2023020418', '2023020419', '2023020420', '2023020421', '2023020422', '2023020423']
[2025-07-29T15:49:46.864+0000] {logging_mixin.py:188} INFO - 2023-02-04 16:00:00+01:00 → Altitude: 30.68
[2025-07-29T15:49:46.865+0000] {logging_mixin.py:188} INFO - NASA GHI response keys: ['2023020400', '2023020401', '2023020402', '2023020403', '2023020404', '2023020405', '2023020406', '2023020407', '2023020408', '2023020409', '2023020410', '2023020411', '2023020412', '2023020413', '2023020414', '2023020415', '2023020416', '2023020417', '2023020418', '2023020419', '2023020420', '2023020421', '2023020422', '2023020423']
[2025-07-29T15:49:46.866+0000] {logging_mixin.py:188} INFO - 2023-02-04 17:00:00+01:00 → Altitude: 21.86
[2025-07-29T15:49:46.867+0000] {logging_mixin.py:188} INFO - NASA GHI response keys: ['2023020400', '2023020401', '2023020402', '2023020403', '2023020404', '2023020405', '2023020406', '2023020407', '2023020408', '2023020409', '2023020410', '2023020411', '2023020412', '2023020413', '2023020414', '2023020415', '2023020416', '2023020417', '2023020418', '2023020419', '2023020420', '2023020421', '2023020422', '2023020423']
[2025-07-29T15:49:46.868+0000] {logging_mixin.py:188} INFO - 2023-02-04 18:00:00+01:00 → Altitude: 11.49
[2025-07-29T15:49:46.869+0000] {logging_mixin.py:188} INFO - NASA GHI response keys: ['2023020400', '2023020401', '2023020402', '2023020403', '2023020404', '2023020405', '2023020406', '2023020407', '2023020408', '2023020409', '2023020410', '2023020411', '2023020412', '2023020413', '2023020414', '2023020415', '2023020416', '2023020417', '2023020418', '2023020419', '2023020420', '2023020421', '2023020422', '2023020423']
[2025-07-29T15:49:46.870+0000] {logging_mixin.py:188} INFO - 2023-02-04 19:00:00+01:00 → Altitude: 0.48
[2025-07-29T15:49:46.871+0000] {logging_mixin.py:188} INFO - NASA GHI response keys: ['2023020400', '2023020401', '2023020402', '2023020403', '2023020404', '2023020405', '2023020406', '2023020407', '2023020408', '2023020409', '2023020410', '2023020411', '2023020412', '2023020413', '2023020414', '2023020415', '2023020416', '2023020417', '2023020418', '2023020419', '2023020420', '2023020421', '2023020422', '2023020423']
[2025-07-29T15:49:46.872+0000] {logging_mixin.py:188} INFO - 2023-02-04 20:00:00+01:00 → Altitude: -12.01
[2025-07-29T15:49:46.873+0000] {logging_mixin.py:188} INFO - NASA GHI response keys: ['2023020400', '2023020401', '2023020402', '2023020403', '2023020404', '2023020405', '2023020406', '2023020407', '2023020408', '2023020409', '2023020410', '2023020411', '2023020412', '2023020413', '2023020414', '2023020415', '2023020416', '2023020417', '2023020418', '2023020419', '2023020420', '2023020421', '2023020422', '2023020423']
[2025-07-29T15:49:46.875+0000] {logging_mixin.py:188} INFO - 2023-02-04 21:00:00+01:00 → Altitude: -24.39
[2025-07-29T15:49:46.876+0000] {logging_mixin.py:188} INFO - NASA GHI response keys: ['2023020400', '2023020401', '2023020402', '2023020403', '2023020404', '2023020405', '2023020406', '2023020407', '2023020408', '2023020409', '2023020410', '2023020411', '2023020412', '2023020413', '2023020414', '2023020415', '2023020416', '2023020417', '2023020418', '2023020419', '2023020420', '2023020421', '2023020422', '2023020423']
[2025-07-29T15:49:46.877+0000] {logging_mixin.py:188} INFO - 2023-02-04 22:00:00+01:00 → Altitude: -36.88
[2025-07-29T15:49:46.878+0000] {logging_mixin.py:188} INFO - NASA GHI response keys: ['2023020400', '2023020401', '2023020402', '2023020403', '2023020404', '2023020405', '2023020406', '2023020407', '2023020408', '2023020409', '2023020410', '2023020411', '2023020412', '2023020413', '2023020414', '2023020415', '2023020416', '2023020417', '2023020418', '2023020419', '2023020420', '2023020421', '2023020422', '2023020423']
[2025-07-29T15:49:46.879+0000] {logging_mixin.py:188} INFO - 2023-02-04 23:00:00+01:00 → Altitude: -49.18
[2025-07-29T15:49:46.880+0000] {logging_mixin.py:188} INFO - NASA GHI response keys: ['2023020400', '2023020401', '2023020402', '2023020403', '2023020404', '2023020405', '2023020406', '2023020407', '2023020408', '2023020409', '2023020410', '2023020411', '2023020412', '2023020413', '2023020414', '2023020415', '2023020416', '2023020417', '2023020418', '2023020419', '2023020420', '2023020421', '2023020422', '2023020423']
[2025-07-29T15:49:46.883+0000] {python.py:237} INFO - Done. Returned value was: None
[2025-07-29T15:49:46.885+0000] {taskinstance.py:441} INFO - ::group::Post task execution logs
[2025-07-29T15:49:46.922+0000] {taskinstance.py:1206} INFO - Marking task as SUCCESS. dag_id=solar_ai_pipeline_2, task_id=fetch_data, run_id=scheduled__2023-02-04T00:00:00+00:00, execution_date=20230204T000000, start_date=20250729T154935, end_date=20250729T154946
[2025-07-29T15:49:47.105+0000] {local_task_job_runner.py:240} INFO - Task exited with return code 0
[2025-07-29T15:49:47.204+0000] {taskinstance.py:3503} INFO - 1 downstream tasks scheduled from follow-on schedule check
[2025-07-29T15:49:47.237+0000] {local_task_job_runner.py:222} INFO - ::endgroup::
