[2025-07-31T12:02:31.268+0000] {local_task_job_runner.py:120} INFO - ::group::Pre task execution logs
[2025-07-31T12:02:31.406+0000] {taskinstance.py:2076} INFO - Dependencies all met for dep_context=non-requeueable deps ti=<TaskInstance: solar_ai_pipeline_2.train_prophet scheduled__2023-07-24T00:00:00+00:00 [queued]>
[2025-07-31T12:02:31.465+0000] {taskinstance.py:2076} INFO - Dependencies all met for dep_context=requeueable deps ti=<TaskInstance: solar_ai_pipeline_2.train_prophet scheduled__2023-07-24T00:00:00+00:00 [queued]>
[2025-07-31T12:02:31.470+0000] {taskinstance.py:2306} INFO - Starting attempt 3 of 4
[2025-07-31T12:02:31.778+0000] {taskinstance.py:2330} INFO - Executing <Task(PythonOperator): train_prophet> on 2023-07-24 00:00:00+00:00
[2025-07-31T12:02:31.796+0000] {standard_task_runner.py:63} INFO - Started process 4432 to run task
[2025-07-31T12:02:31.806+0000] {standard_task_runner.py:90} INFO - Running: ['airflow', 'tasks', 'run', 'solar_ai_pipeline_2', 'train_prophet', 'scheduled__2023-07-24T00:00:00+00:00', '--job-id', '2931', '--raw', '--subdir', 'DAGS_FOLDER/prophet_pipeline.py', '--cfg-path', '/tmp/tmpqwpm5vfy']
[2025-07-31T12:02:31.810+0000] {standard_task_runner.py:91} INFO - Job 2931: Subtask train_prophet
[2025-07-31T12:02:32.070+0000] {task_command.py:426} INFO - Running <TaskInstance: solar_ai_pipeline_2.train_prophet scheduled__2023-07-24T00:00:00+00:00 [running]> on host a2a0dd314bdc
[2025-07-31T12:02:32.507+0000] {taskinstance.py:2648} INFO - Exporting env vars: AIRFLOW_CTX_DAG_OWNER='ensam' AIRFLOW_CTX_DAG_ID='solar_ai_pipeline_2' AIRFLOW_CTX_TASK_ID='train_prophet' AIRFLOW_CTX_EXECUTION_DATE='2023-07-24T00:00:00+00:00' AIRFLOW_CTX_TRY_NUMBER='3' AIRFLOW_CTX_DAG_RUN_ID='scheduled__2023-07-24T00:00:00+00:00'
[2025-07-31T12:02:32.509+0000] {taskinstance.py:430} INFO - ::endgroup::
[2025-07-31T12:02:33.490+0000] {plot.py:39} ERROR - Importing plotly failed. Interactive plots will not work.
[2025-07-31T12:02:33.506+0000] {logging_mixin.py:188} INFO - Training from 2023-01-01 to 2023-01-25
[2025-07-31T12:02:34.053+0000] {logging_mixin.py:188} INFO - Test 1/18: {'changepoint_prior_scale': 0.01, 'seasonality_prior_scale': 1.0, 'seasonality_mode': 'additive'}
[2025-07-31T12:02:34.166+0000] {filesystem.py:118} DEBUG - input tempfile: /tmp/tmp0mwwts73/nrtdc8zi.json
[2025-07-31T12:02:34.248+0000] {filesystem.py:118} DEBUG - input tempfile: /tmp/tmp0mwwts73/h3udptps.json
[2025-07-31T12:02:34.251+0000] {model.py:2042} DEBUG - idx 0
[2025-07-31T12:02:34.252+0000] {model.py:2043} DEBUG - running CmdStan, num_threads: None
[2025-07-31T12:02:34.253+0000] {model.py:2055} DEBUG - CmdStan args: ['/home/airflow/.local/lib/python3.11/site-packages/prophet/stan_model/prophet_model.bin', 'random', 'seed=67895', 'data', 'file=/tmp/tmp0mwwts73/nrtdc8zi.json', 'init=/tmp/tmp0mwwts73/h3udptps.json', 'output', 'file=/tmp/tmp0mwwts73/prophet_model7depnl_s/prophet_model-20250731120234.csv', 'method=optimize', 'algorithm=lbfgs', 'iter=10000']
[2025-07-31T12:02:34.254+0000] {logging_mixin.py:188} WARNING - 12:02:34 - cmdstanpy - INFO - Chain [1] start processing
[2025-07-31T12:02:34.254+0000] {model.py:2058} INFO - Chain [1] start processing
[2025-07-31T12:02:34.298+0000] {logging_mixin.py:188} WARNING - 12:02:34 - cmdstanpy - INFO - Chain [1] done processing
[2025-07-31T12:02:34.298+0000] {model.py:2115} INFO - Chain [1] done processing
[2025-07-31T12:02:34.303+0000] {logging_mixin.py:188} INFO - Erreur pour {'changepoint_prior_scale': 0.01, 'seasonality_prior_scale': 1.0, 'seasonality_mode': 'additive'}: Less data than horizon after initial window. Make horizon or initial shorter.
[2025-07-31T12:02:34.304+0000] {logging_mixin.py:188} INFO - Test 2/18: {'changepoint_prior_scale': 0.01, 'seasonality_prior_scale': 1.0, 'seasonality_mode': 'multiplicative'}
[2025-07-31T12:02:34.323+0000] {filesystem.py:118} DEBUG - input tempfile: /tmp/tmp0mwwts73/pla32wup.json
[2025-07-31T12:02:34.390+0000] {filesystem.py:118} DEBUG - input tempfile: /tmp/tmp0mwwts73/2dew2m1f.json
[2025-07-31T12:02:34.392+0000] {model.py:2042} DEBUG - idx 0
[2025-07-31T12:02:34.393+0000] {model.py:2043} DEBUG - running CmdStan, num_threads: None
[2025-07-31T12:02:34.393+0000] {model.py:2055} DEBUG - CmdStan args: ['/home/airflow/.local/lib/python3.11/site-packages/prophet/stan_model/prophet_model.bin', 'random', 'seed=17666', 'data', 'file=/tmp/tmp0mwwts73/pla32wup.json', 'init=/tmp/tmp0mwwts73/2dew2m1f.json', 'output', 'file=/tmp/tmp0mwwts73/prophet_modelcctbiym6/prophet_model-20250731120234.csv', 'method=optimize', 'algorithm=lbfgs', 'iter=10000']
[2025-07-31T12:02:34.394+0000] {logging_mixin.py:188} WARNING - 12:02:34 - cmdstanpy - INFO - Chain [1] start processing
[2025-07-31T12:02:34.394+0000] {model.py:2058} INFO - Chain [1] start processing
[2025-07-31T12:02:34.454+0000] {logging_mixin.py:188} WARNING - 12:02:34 - cmdstanpy - INFO - Chain [1] done processing
[2025-07-31T12:02:34.454+0000] {model.py:2115} INFO - Chain [1] done processing
[2025-07-31T12:02:34.459+0000] {logging_mixin.py:188} INFO - Erreur pour {'changepoint_prior_scale': 0.01, 'seasonality_prior_scale': 1.0, 'seasonality_mode': 'multiplicative'}: Less data than horizon after initial window. Make horizon or initial shorter.
[2025-07-31T12:02:34.460+0000] {logging_mixin.py:188} INFO - Test 3/18: {'changepoint_prior_scale': 0.01, 'seasonality_prior_scale': 5.0, 'seasonality_mode': 'additive'}
[2025-07-31T12:02:34.485+0000] {filesystem.py:118} DEBUG - input tempfile: /tmp/tmp0mwwts73/7ulik3tt.json
[2025-07-31T12:02:34.576+0000] {filesystem.py:118} DEBUG - input tempfile: /tmp/tmp0mwwts73/vn0fxuwo.json
[2025-07-31T12:02:34.577+0000] {model.py:2042} DEBUG - idx 0
[2025-07-31T12:02:34.578+0000] {model.py:2043} DEBUG - running CmdStan, num_threads: None
[2025-07-31T12:02:34.579+0000] {model.py:2055} DEBUG - CmdStan args: ['/home/airflow/.local/lib/python3.11/site-packages/prophet/stan_model/prophet_model.bin', 'random', 'seed=6963', 'data', 'file=/tmp/tmp0mwwts73/7ulik3tt.json', 'init=/tmp/tmp0mwwts73/vn0fxuwo.json', 'output', 'file=/tmp/tmp0mwwts73/prophet_model2icpucd_/prophet_model-20250731120234.csv', 'method=optimize', 'algorithm=lbfgs', 'iter=10000']
[2025-07-31T12:02:34.580+0000] {logging_mixin.py:188} WARNING - 12:02:34 - cmdstanpy - INFO - Chain [1] start processing
[2025-07-31T12:02:34.580+0000] {model.py:2058} INFO - Chain [1] start processing
[2025-07-31T12:02:34.619+0000] {logging_mixin.py:188} WARNING - 12:02:34 - cmdstanpy - INFO - Chain [1] done processing
[2025-07-31T12:02:34.619+0000] {model.py:2115} INFO - Chain [1] done processing
[2025-07-31T12:02:34.624+0000] {logging_mixin.py:188} INFO - Erreur pour {'changepoint_prior_scale': 0.01, 'seasonality_prior_scale': 5.0, 'seasonality_mode': 'additive'}: Less data than horizon after initial window. Make horizon or initial shorter.
[2025-07-31T12:02:34.625+0000] {logging_mixin.py:188} INFO - Test 4/18: {'changepoint_prior_scale': 0.01, 'seasonality_prior_scale': 5.0, 'seasonality_mode': 'multiplicative'}
[2025-07-31T12:02:34.647+0000] {filesystem.py:118} DEBUG - input tempfile: /tmp/tmp0mwwts73/bdkbc4s9.json
[2025-07-31T12:02:34.709+0000] {filesystem.py:118} DEBUG - input tempfile: /tmp/tmp0mwwts73/5x0y1nyc.json
[2025-07-31T12:02:34.712+0000] {model.py:2042} DEBUG - idx 0
[2025-07-31T12:02:34.713+0000] {model.py:2043} DEBUG - running CmdStan, num_threads: None
[2025-07-31T12:02:34.714+0000] {model.py:2055} DEBUG - CmdStan args: ['/home/airflow/.local/lib/python3.11/site-packages/prophet/stan_model/prophet_model.bin', 'random', 'seed=8787', 'data', 'file=/tmp/tmp0mwwts73/bdkbc4s9.json', 'init=/tmp/tmp0mwwts73/5x0y1nyc.json', 'output', 'file=/tmp/tmp0mwwts73/prophet_model8_aa7xz7/prophet_model-20250731120234.csv', 'method=optimize', 'algorithm=lbfgs', 'iter=10000']
[2025-07-31T12:02:34.716+0000] {logging_mixin.py:188} WARNING - 12:02:34 - cmdstanpy - INFO - Chain [1] start processing
[2025-07-31T12:02:34.715+0000] {model.py:2058} INFO - Chain [1] start processing
[2025-07-31T12:02:34.788+0000] {logging_mixin.py:188} WARNING - 12:02:34 - cmdstanpy - INFO - Chain [1] done processing
[2025-07-31T12:02:34.788+0000] {model.py:2115} INFO - Chain [1] done processing
[2025-07-31T12:02:34.792+0000] {logging_mixin.py:188} INFO - Erreur pour {'changepoint_prior_scale': 0.01, 'seasonality_prior_scale': 5.0, 'seasonality_mode': 'multiplicative'}: Less data than horizon after initial window. Make horizon or initial shorter.
[2025-07-31T12:02:34.794+0000] {logging_mixin.py:188} INFO - Test 5/18: {'changepoint_prior_scale': 0.01, 'seasonality_prior_scale': 10.0, 'seasonality_mode': 'additive'}
[2025-07-31T12:02:34.813+0000] {filesystem.py:118} DEBUG - input tempfile: /tmp/tmp0mwwts73/2yxhen6k.json
[2025-07-31T12:02:34.875+0000] {filesystem.py:118} DEBUG - input tempfile: /tmp/tmp0mwwts73/4u3kdmdd.json
[2025-07-31T12:02:34.877+0000] {model.py:2042} DEBUG - idx 0
[2025-07-31T12:02:34.878+0000] {model.py:2043} DEBUG - running CmdStan, num_threads: None
[2025-07-31T12:02:34.878+0000] {model.py:2055} DEBUG - CmdStan args: ['/home/airflow/.local/lib/python3.11/site-packages/prophet/stan_model/prophet_model.bin', 'random', 'seed=2638', 'data', 'file=/tmp/tmp0mwwts73/2yxhen6k.json', 'init=/tmp/tmp0mwwts73/4u3kdmdd.json', 'output', 'file=/tmp/tmp0mwwts73/prophet_modelqtmqi__e/prophet_model-20250731120234.csv', 'method=optimize', 'algorithm=lbfgs', 'iter=10000']
[2025-07-31T12:02:34.879+0000] {logging_mixin.py:188} WARNING - 12:02:34 - cmdstanpy - INFO - Chain [1] start processing
[2025-07-31T12:02:34.879+0000] {model.py:2058} INFO - Chain [1] start processing
[2025-07-31T12:02:34.959+0000] {logging_mixin.py:188} WARNING - 12:02:34 - cmdstanpy - INFO - Chain [1] done processing
[2025-07-31T12:02:34.959+0000] {model.py:2115} INFO - Chain [1] done processing
[2025-07-31T12:02:34.964+0000] {logging_mixin.py:188} INFO - Erreur pour {'changepoint_prior_scale': 0.01, 'seasonality_prior_scale': 10.0, 'seasonality_mode': 'additive'}: Less data than horizon after initial window. Make horizon or initial shorter.
[2025-07-31T12:02:34.965+0000] {logging_mixin.py:188} INFO - Test 6/18: {'changepoint_prior_scale': 0.01, 'seasonality_prior_scale': 10.0, 'seasonality_mode': 'multiplicative'}
[2025-07-31T12:02:34.984+0000] {filesystem.py:118} DEBUG - input tempfile: /tmp/tmp0mwwts73/scr4p5b8.json
[2025-07-31T12:02:35.053+0000] {filesystem.py:118} DEBUG - input tempfile: /tmp/tmp0mwwts73/zs32ujg8.json
[2025-07-31T12:02:35.058+0000] {model.py:2042} DEBUG - idx 0
[2025-07-31T12:02:35.059+0000] {model.py:2043} DEBUG - running CmdStan, num_threads: None
[2025-07-31T12:02:35.060+0000] {model.py:2055} DEBUG - CmdStan args: ['/home/airflow/.local/lib/python3.11/site-packages/prophet/stan_model/prophet_model.bin', 'random', 'seed=30666', 'data', 'file=/tmp/tmp0mwwts73/scr4p5b8.json', 'init=/tmp/tmp0mwwts73/zs32ujg8.json', 'output', 'file=/tmp/tmp0mwwts73/prophet_modelargp558p/prophet_model-20250731120235.csv', 'method=optimize', 'algorithm=lbfgs', 'iter=10000']
[2025-07-31T12:02:35.060+0000] {logging_mixin.py:188} WARNING - 12:02:35 - cmdstanpy - INFO - Chain [1] start processing
[2025-07-31T12:02:35.060+0000] {model.py:2058} INFO - Chain [1] start processing
[2025-07-31T12:02:35.112+0000] {logging_mixin.py:188} WARNING - 12:02:35 - cmdstanpy - INFO - Chain [1] done processing
[2025-07-31T12:02:35.112+0000] {model.py:2115} INFO - Chain [1] done processing
[2025-07-31T12:02:35.117+0000] {logging_mixin.py:188} INFO - Erreur pour {'changepoint_prior_scale': 0.01, 'seasonality_prior_scale': 10.0, 'seasonality_mode': 'multiplicative'}: Less data than horizon after initial window. Make horizon or initial shorter.
[2025-07-31T12:02:35.118+0000] {logging_mixin.py:188} INFO - Test 7/18: {'changepoint_prior_scale': 0.05, 'seasonality_prior_scale': 1.0, 'seasonality_mode': 'additive'}
[2025-07-31T12:02:35.139+0000] {filesystem.py:118} DEBUG - input tempfile: /tmp/tmp0mwwts73/v4yk7li8.json
[2025-07-31T12:02:35.221+0000] {filesystem.py:118} DEBUG - input tempfile: /tmp/tmp0mwwts73/58fgi73k.json
[2025-07-31T12:02:35.223+0000] {model.py:2042} DEBUG - idx 0
[2025-07-31T12:02:35.224+0000] {model.py:2043} DEBUG - running CmdStan, num_threads: None
[2025-07-31T12:02:35.224+0000] {model.py:2055} DEBUG - CmdStan args: ['/home/airflow/.local/lib/python3.11/site-packages/prophet/stan_model/prophet_model.bin', 'random', 'seed=93898', 'data', 'file=/tmp/tmp0mwwts73/v4yk7li8.json', 'init=/tmp/tmp0mwwts73/58fgi73k.json', 'output', 'file=/tmp/tmp0mwwts73/prophet_model_0w7jew5/prophet_model-20250731120235.csv', 'method=optimize', 'algorithm=lbfgs', 'iter=10000']
[2025-07-31T12:02:35.225+0000] {logging_mixin.py:188} WARNING - 12:02:35 - cmdstanpy - INFO - Chain [1] start processing
[2025-07-31T12:02:35.225+0000] {model.py:2058} INFO - Chain [1] start processing
[2025-07-31T12:02:35.267+0000] {logging_mixin.py:188} WARNING - 12:02:35 - cmdstanpy - INFO - Chain [1] done processing
[2025-07-31T12:02:35.267+0000] {model.py:2115} INFO - Chain [1] done processing
[2025-07-31T12:02:35.273+0000] {logging_mixin.py:188} INFO - Erreur pour {'changepoint_prior_scale': 0.05, 'seasonality_prior_scale': 1.0, 'seasonality_mode': 'additive'}: Less data than horizon after initial window. Make horizon or initial shorter.
[2025-07-31T12:02:35.275+0000] {logging_mixin.py:188} INFO - Test 8/18: {'changepoint_prior_scale': 0.05, 'seasonality_prior_scale': 1.0, 'seasonality_mode': 'multiplicative'}
[2025-07-31T12:02:35.311+0000] {filesystem.py:118} DEBUG - input tempfile: /tmp/tmp0mwwts73/bhf4w6_u.json
[2025-07-31T12:02:35.393+0000] {filesystem.py:118} DEBUG - input tempfile: /tmp/tmp0mwwts73/w6ywx7hn.json
[2025-07-31T12:02:35.395+0000] {model.py:2042} DEBUG - idx 0
[2025-07-31T12:02:35.396+0000] {model.py:2043} DEBUG - running CmdStan, num_threads: None
[2025-07-31T12:02:35.397+0000] {model.py:2055} DEBUG - CmdStan args: ['/home/airflow/.local/lib/python3.11/site-packages/prophet/stan_model/prophet_model.bin', 'random', 'seed=68702', 'data', 'file=/tmp/tmp0mwwts73/bhf4w6_u.json', 'init=/tmp/tmp0mwwts73/w6ywx7hn.json', 'output', 'file=/tmp/tmp0mwwts73/prophet_modelal9oy5nb/prophet_model-20250731120235.csv', 'method=optimize', 'algorithm=lbfgs', 'iter=10000']
[2025-07-31T12:02:35.398+0000] {logging_mixin.py:188} WARNING - 12:02:35 - cmdstanpy - INFO - Chain [1] start processing
[2025-07-31T12:02:35.398+0000] {model.py:2058} INFO - Chain [1] start processing
[2025-07-31T12:02:35.442+0000] {logging_mixin.py:188} WARNING - 12:02:35 - cmdstanpy - INFO - Chain [1] done processing
[2025-07-31T12:02:35.442+0000] {model.py:2115} INFO - Chain [1] done processing
[2025-07-31T12:02:35.448+0000] {logging_mixin.py:188} INFO - Erreur pour {'changepoint_prior_scale': 0.05, 'seasonality_prior_scale': 1.0, 'seasonality_mode': 'multiplicative'}: Less data than horizon after initial window. Make horizon or initial shorter.
[2025-07-31T12:02:35.449+0000] {logging_mixin.py:188} INFO - Test 9/18: {'changepoint_prior_scale': 0.05, 'seasonality_prior_scale': 5.0, 'seasonality_mode': 'additive'}
[2025-07-31T12:02:35.473+0000] {filesystem.py:118} DEBUG - input tempfile: /tmp/tmp0mwwts73/h0fvfuhh.json
[2025-07-31T12:02:35.547+0000] {filesystem.py:118} DEBUG - input tempfile: /tmp/tmp0mwwts73/00vhsc1y.json
[2025-07-31T12:02:35.549+0000] {model.py:2042} DEBUG - idx 0
[2025-07-31T12:02:35.550+0000] {model.py:2043} DEBUG - running CmdStan, num_threads: None
[2025-07-31T12:02:35.551+0000] {model.py:2055} DEBUG - CmdStan args: ['/home/airflow/.local/lib/python3.11/site-packages/prophet/stan_model/prophet_model.bin', 'random', 'seed=90436', 'data', 'file=/tmp/tmp0mwwts73/h0fvfuhh.json', 'init=/tmp/tmp0mwwts73/00vhsc1y.json', 'output', 'file=/tmp/tmp0mwwts73/prophet_modelu8n6fc6z/prophet_model-20250731120235.csv', 'method=optimize', 'algorithm=lbfgs', 'iter=10000']
[2025-07-31T12:02:35.552+0000] {logging_mixin.py:188} WARNING - 12:02:35 - cmdstanpy - INFO - Chain [1] start processing
[2025-07-31T12:02:35.552+0000] {model.py:2058} INFO - Chain [1] start processing
[2025-07-31T12:02:35.603+0000] {logging_mixin.py:188} WARNING - 12:02:35 - cmdstanpy - INFO - Chain [1] done processing
[2025-07-31T12:02:35.602+0000] {model.py:2115} INFO - Chain [1] done processing
[2025-07-31T12:02:35.607+0000] {logging_mixin.py:188} INFO - Erreur pour {'changepoint_prior_scale': 0.05, 'seasonality_prior_scale': 5.0, 'seasonality_mode': 'additive'}: Less data than horizon after initial window. Make horizon or initial shorter.
[2025-07-31T12:02:35.608+0000] {logging_mixin.py:188} INFO - Test 10/18: {'changepoint_prior_scale': 0.05, 'seasonality_prior_scale': 5.0, 'seasonality_mode': 'multiplicative'}
[2025-07-31T12:02:35.627+0000] {filesystem.py:118} DEBUG - input tempfile: /tmp/tmp0mwwts73/5i2x6w7z.json
[2025-07-31T12:02:35.698+0000] {filesystem.py:118} DEBUG - input tempfile: /tmp/tmp0mwwts73/9434_uns.json
[2025-07-31T12:02:35.700+0000] {model.py:2042} DEBUG - idx 0
[2025-07-31T12:02:35.701+0000] {model.py:2043} DEBUG - running CmdStan, num_threads: None
[2025-07-31T12:02:35.701+0000] {model.py:2055} DEBUG - CmdStan args: ['/home/airflow/.local/lib/python3.11/site-packages/prophet/stan_model/prophet_model.bin', 'random', 'seed=21098', 'data', 'file=/tmp/tmp0mwwts73/5i2x6w7z.json', 'init=/tmp/tmp0mwwts73/9434_uns.json', 'output', 'file=/tmp/tmp0mwwts73/prophet_modelp3ejdrsh/prophet_model-20250731120235.csv', 'method=optimize', 'algorithm=lbfgs', 'iter=10000']
[2025-07-31T12:02:35.702+0000] {logging_mixin.py:188} WARNING - 12:02:35 - cmdstanpy - INFO - Chain [1] start processing
[2025-07-31T12:02:35.702+0000] {model.py:2058} INFO - Chain [1] start processing
[2025-07-31T12:02:35.762+0000] {logging_mixin.py:188} WARNING - 12:02:35 - cmdstanpy - INFO - Chain [1] done processing
[2025-07-31T12:02:35.762+0000] {model.py:2115} INFO - Chain [1] done processing
[2025-07-31T12:02:35.766+0000] {logging_mixin.py:188} INFO - Erreur pour {'changepoint_prior_scale': 0.05, 'seasonality_prior_scale': 5.0, 'seasonality_mode': 'multiplicative'}: Less data than horizon after initial window. Make horizon or initial shorter.
[2025-07-31T12:02:35.767+0000] {logging_mixin.py:188} INFO - Test 11/18: {'changepoint_prior_scale': 0.05, 'seasonality_prior_scale': 10.0, 'seasonality_mode': 'additive'}
[2025-07-31T12:02:35.785+0000] {filesystem.py:118} DEBUG - input tempfile: /tmp/tmp0mwwts73/6k3r9qfd.json
[2025-07-31T12:02:35.847+0000] {filesystem.py:118} DEBUG - input tempfile: /tmp/tmp0mwwts73/wxdlfeih.json
[2025-07-31T12:02:35.849+0000] {model.py:2042} DEBUG - idx 0
[2025-07-31T12:02:35.850+0000] {model.py:2043} DEBUG - running CmdStan, num_threads: None
[2025-07-31T12:02:35.851+0000] {model.py:2055} DEBUG - CmdStan args: ['/home/airflow/.local/lib/python3.11/site-packages/prophet/stan_model/prophet_model.bin', 'random', 'seed=53437', 'data', 'file=/tmp/tmp0mwwts73/6k3r9qfd.json', 'init=/tmp/tmp0mwwts73/wxdlfeih.json', 'output', 'file=/tmp/tmp0mwwts73/prophet_modelw76c2n19/prophet_model-20250731120235.csv', 'method=optimize', 'algorithm=lbfgs', 'iter=10000']
[2025-07-31T12:02:35.851+0000] {logging_mixin.py:188} WARNING - 12:02:35 - cmdstanpy - INFO - Chain [1] start processing
[2025-07-31T12:02:35.851+0000] {model.py:2058} INFO - Chain [1] start processing
[2025-07-31T12:02:35.917+0000] {logging_mixin.py:188} WARNING - 12:02:35 - cmdstanpy - INFO - Chain [1] done processing
[2025-07-31T12:02:35.917+0000] {model.py:2115} INFO - Chain [1] done processing
[2025-07-31T12:02:35.923+0000] {logging_mixin.py:188} INFO - Erreur pour {'changepoint_prior_scale': 0.05, 'seasonality_prior_scale': 10.0, 'seasonality_mode': 'additive'}: Less data than horizon after initial window. Make horizon or initial shorter.
[2025-07-31T12:02:35.924+0000] {logging_mixin.py:188} INFO - Test 12/18: {'changepoint_prior_scale': 0.05, 'seasonality_prior_scale': 10.0, 'seasonality_mode': 'multiplicative'}
[2025-07-31T12:02:35.950+0000] {filesystem.py:118} DEBUG - input tempfile: /tmp/tmp0mwwts73/_htn05rg.json
[2025-07-31T12:02:36.012+0000] {filesystem.py:118} DEBUG - input tempfile: /tmp/tmp0mwwts73/wgcc0id6.json
[2025-07-31T12:02:36.014+0000] {model.py:2042} DEBUG - idx 0
[2025-07-31T12:02:36.014+0000] {model.py:2043} DEBUG - running CmdStan, num_threads: None
[2025-07-31T12:02:36.015+0000] {model.py:2055} DEBUG - CmdStan args: ['/home/airflow/.local/lib/python3.11/site-packages/prophet/stan_model/prophet_model.bin', 'random', 'seed=98463', 'data', 'file=/tmp/tmp0mwwts73/_htn05rg.json', 'init=/tmp/tmp0mwwts73/wgcc0id6.json', 'output', 'file=/tmp/tmp0mwwts73/prophet_modelps5qzemd/prophet_model-20250731120236.csv', 'method=optimize', 'algorithm=lbfgs', 'iter=10000']
[2025-07-31T12:02:36.016+0000] {logging_mixin.py:188} WARNING - 12:02:36 - cmdstanpy - INFO - Chain [1] start processing
[2025-07-31T12:02:36.016+0000] {model.py:2058} INFO - Chain [1] start processing
[2025-07-31T12:02:36.099+0000] {logging_mixin.py:188} WARNING - 12:02:36 - cmdstanpy - INFO - Chain [1] done processing
[2025-07-31T12:02:36.099+0000] {model.py:2115} INFO - Chain [1] done processing
[2025-07-31T12:02:36.105+0000] {logging_mixin.py:188} INFO - Erreur pour {'changepoint_prior_scale': 0.05, 'seasonality_prior_scale': 10.0, 'seasonality_mode': 'multiplicative'}: Less data than horizon after initial window. Make horizon or initial shorter.
[2025-07-31T12:02:36.106+0000] {logging_mixin.py:188} INFO - Test 13/18: {'changepoint_prior_scale': 0.1, 'seasonality_prior_scale': 1.0, 'seasonality_mode': 'additive'}
[2025-07-31T12:02:36.140+0000] {filesystem.py:118} DEBUG - input tempfile: /tmp/tmp0mwwts73/yvr11ic2.json
[2025-07-31T12:02:36.221+0000] {filesystem.py:118} DEBUG - input tempfile: /tmp/tmp0mwwts73/pyrzyw6o.json
[2025-07-31T12:02:36.223+0000] {model.py:2042} DEBUG - idx 0
[2025-07-31T12:02:36.225+0000] {model.py:2043} DEBUG - running CmdStan, num_threads: None
[2025-07-31T12:02:36.225+0000] {model.py:2055} DEBUG - CmdStan args: ['/home/airflow/.local/lib/python3.11/site-packages/prophet/stan_model/prophet_model.bin', 'random', 'seed=98969', 'data', 'file=/tmp/tmp0mwwts73/yvr11ic2.json', 'init=/tmp/tmp0mwwts73/pyrzyw6o.json', 'output', 'file=/tmp/tmp0mwwts73/prophet_model_rq69mkl/prophet_model-20250731120236.csv', 'method=optimize', 'algorithm=lbfgs', 'iter=10000']
[2025-07-31T12:02:36.226+0000] {logging_mixin.py:188} WARNING - 12:02:36 - cmdstanpy - INFO - Chain [1] start processing
[2025-07-31T12:02:36.226+0000] {model.py:2058} INFO - Chain [1] start processing
[2025-07-31T12:02:36.284+0000] {logging_mixin.py:188} WARNING - 12:02:36 - cmdstanpy - INFO - Chain [1] done processing
[2025-07-31T12:02:36.284+0000] {model.py:2115} INFO - Chain [1] done processing
[2025-07-31T12:02:36.288+0000] {logging_mixin.py:188} INFO - Erreur pour {'changepoint_prior_scale': 0.1, 'seasonality_prior_scale': 1.0, 'seasonality_mode': 'additive'}: Less data than horizon after initial window. Make horizon or initial shorter.
[2025-07-31T12:02:36.289+0000] {logging_mixin.py:188} INFO - Test 14/18: {'changepoint_prior_scale': 0.1, 'seasonality_prior_scale': 1.0, 'seasonality_mode': 'multiplicative'}
[2025-07-31T12:02:36.308+0000] {filesystem.py:118} DEBUG - input tempfile: /tmp/tmp0mwwts73/ffdciljt.json
[2025-07-31T12:02:36.380+0000] {filesystem.py:118} DEBUG - input tempfile: /tmp/tmp0mwwts73/au2fs7kl.json
[2025-07-31T12:02:36.382+0000] {model.py:2042} DEBUG - idx 0
[2025-07-31T12:02:36.383+0000] {model.py:2043} DEBUG - running CmdStan, num_threads: None
[2025-07-31T12:02:36.383+0000] {model.py:2055} DEBUG - CmdStan args: ['/home/airflow/.local/lib/python3.11/site-packages/prophet/stan_model/prophet_model.bin', 'random', 'seed=73822', 'data', 'file=/tmp/tmp0mwwts73/ffdciljt.json', 'init=/tmp/tmp0mwwts73/au2fs7kl.json', 'output', 'file=/tmp/tmp0mwwts73/prophet_modellk545aii/prophet_model-20250731120236.csv', 'method=optimize', 'algorithm=lbfgs', 'iter=10000']
[2025-07-31T12:02:36.384+0000] {logging_mixin.py:188} WARNING - 12:02:36 - cmdstanpy - INFO - Chain [1] start processing
[2025-07-31T12:02:36.384+0000] {model.py:2058} INFO - Chain [1] start processing
[2025-07-31T12:02:36.537+0000] {logging_mixin.py:188} WARNING - 12:02:36 - cmdstanpy - INFO - Chain [1] done processing
[2025-07-31T12:02:36.536+0000] {model.py:2115} INFO - Chain [1] done processing
[2025-07-31T12:02:36.541+0000] {logging_mixin.py:188} INFO - Erreur pour {'changepoint_prior_scale': 0.1, 'seasonality_prior_scale': 1.0, 'seasonality_mode': 'multiplicative'}: Less data than horizon after initial window. Make horizon or initial shorter.
[2025-07-31T12:02:36.542+0000] {logging_mixin.py:188} INFO - Test 15/18: {'changepoint_prior_scale': 0.1, 'seasonality_prior_scale': 5.0, 'seasonality_mode': 'additive'}
[2025-07-31T12:02:36.566+0000] {filesystem.py:118} DEBUG - input tempfile: /tmp/tmp0mwwts73/1a3eeqez.json
[2025-07-31T12:02:36.650+0000] {filesystem.py:118} DEBUG - input tempfile: /tmp/tmp0mwwts73/at5xhjl4.json
[2025-07-31T12:02:36.652+0000] {model.py:2042} DEBUG - idx 0
[2025-07-31T12:02:36.653+0000] {model.py:2043} DEBUG - running CmdStan, num_threads: None
[2025-07-31T12:02:36.653+0000] {model.py:2055} DEBUG - CmdStan args: ['/home/airflow/.local/lib/python3.11/site-packages/prophet/stan_model/prophet_model.bin', 'random', 'seed=83334', 'data', 'file=/tmp/tmp0mwwts73/1a3eeqez.json', 'init=/tmp/tmp0mwwts73/at5xhjl4.json', 'output', 'file=/tmp/tmp0mwwts73/prophet_model6bndztnx/prophet_model-20250731120236.csv', 'method=optimize', 'algorithm=lbfgs', 'iter=10000']
[2025-07-31T12:02:36.654+0000] {logging_mixin.py:188} WARNING - 12:02:36 - cmdstanpy - INFO - Chain [1] start processing
[2025-07-31T12:02:36.654+0000] {model.py:2058} INFO - Chain [1] start processing
[2025-07-31T12:02:36.746+0000] {logging_mixin.py:188} WARNING - 12:02:36 - cmdstanpy - INFO - Chain [1] done processing
[2025-07-31T12:02:36.746+0000] {model.py:2115} INFO - Chain [1] done processing
[2025-07-31T12:02:36.751+0000] {logging_mixin.py:188} INFO - Erreur pour {'changepoint_prior_scale': 0.1, 'seasonality_prior_scale': 5.0, 'seasonality_mode': 'additive'}: Less data than horizon after initial window. Make horizon or initial shorter.
[2025-07-31T12:02:36.752+0000] {logging_mixin.py:188} INFO - Test 16/18: {'changepoint_prior_scale': 0.1, 'seasonality_prior_scale': 5.0, 'seasonality_mode': 'multiplicative'}
[2025-07-31T12:02:36.771+0000] {filesystem.py:118} DEBUG - input tempfile: /tmp/tmp0mwwts73/6wkvyxs6.json
[2025-07-31T12:02:36.849+0000] {filesystem.py:118} DEBUG - input tempfile: /tmp/tmp0mwwts73/v_u85epy.json
[2025-07-31T12:02:36.851+0000] {model.py:2042} DEBUG - idx 0
[2025-07-31T12:02:36.852+0000] {model.py:2043} DEBUG - running CmdStan, num_threads: None
[2025-07-31T12:02:36.852+0000] {model.py:2055} DEBUG - CmdStan args: ['/home/airflow/.local/lib/python3.11/site-packages/prophet/stan_model/prophet_model.bin', 'random', 'seed=57839', 'data', 'file=/tmp/tmp0mwwts73/6wkvyxs6.json', 'init=/tmp/tmp0mwwts73/v_u85epy.json', 'output', 'file=/tmp/tmp0mwwts73/prophet_modelkavwakq4/prophet_model-20250731120236.csv', 'method=optimize', 'algorithm=lbfgs', 'iter=10000']
[2025-07-31T12:02:36.853+0000] {logging_mixin.py:188} WARNING - 12:02:36 - cmdstanpy - INFO - Chain [1] start processing
[2025-07-31T12:02:36.853+0000] {model.py:2058} INFO - Chain [1] start processing
[2025-07-31T12:02:36.930+0000] {logging_mixin.py:188} WARNING - 12:02:36 - cmdstanpy - INFO - Chain [1] done processing
[2025-07-31T12:02:36.930+0000] {model.py:2115} INFO - Chain [1] done processing
[2025-07-31T12:02:36.936+0000] {logging_mixin.py:188} INFO - Erreur pour {'changepoint_prior_scale': 0.1, 'seasonality_prior_scale': 5.0, 'seasonality_mode': 'multiplicative'}: Less data than horizon after initial window. Make horizon or initial shorter.
[2025-07-31T12:02:36.937+0000] {logging_mixin.py:188} INFO - Test 17/18: {'changepoint_prior_scale': 0.1, 'seasonality_prior_scale': 10.0, 'seasonality_mode': 'additive'}
[2025-07-31T12:02:36.961+0000] {filesystem.py:118} DEBUG - input tempfile: /tmp/tmp0mwwts73/w18m_2gv.json
[2025-07-31T12:02:37.038+0000] {filesystem.py:118} DEBUG - input tempfile: /tmp/tmp0mwwts73/2k52vtwj.json
[2025-07-31T12:02:37.040+0000] {model.py:2042} DEBUG - idx 0
[2025-07-31T12:02:37.040+0000] {model.py:2043} DEBUG - running CmdStan, num_threads: None
[2025-07-31T12:02:37.041+0000] {model.py:2055} DEBUG - CmdStan args: ['/home/airflow/.local/lib/python3.11/site-packages/prophet/stan_model/prophet_model.bin', 'random', 'seed=78568', 'data', 'file=/tmp/tmp0mwwts73/w18m_2gv.json', 'init=/tmp/tmp0mwwts73/2k52vtwj.json', 'output', 'file=/tmp/tmp0mwwts73/prophet_model36drouyu/prophet_model-20250731120237.csv', 'method=optimize', 'algorithm=lbfgs', 'iter=10000']
[2025-07-31T12:02:37.042+0000] {logging_mixin.py:188} WARNING - 12:02:37 - cmdstanpy - INFO - Chain [1] start processing
[2025-07-31T12:02:37.042+0000] {model.py:2058} INFO - Chain [1] start processing
[2025-07-31T12:02:37.090+0000] {logging_mixin.py:188} WARNING - 12:02:37 - cmdstanpy - INFO - Chain [1] done processing
[2025-07-31T12:02:37.090+0000] {model.py:2115} INFO - Chain [1] done processing
[2025-07-31T12:02:37.095+0000] {logging_mixin.py:188} INFO - Erreur pour {'changepoint_prior_scale': 0.1, 'seasonality_prior_scale': 10.0, 'seasonality_mode': 'additive'}: Less data than horizon after initial window. Make horizon or initial shorter.
[2025-07-31T12:02:37.096+0000] {logging_mixin.py:188} INFO - Test 18/18: {'changepoint_prior_scale': 0.1, 'seasonality_prior_scale': 10.0, 'seasonality_mode': 'multiplicative'}
[2025-07-31T12:02:37.117+0000] {filesystem.py:118} DEBUG - input tempfile: /tmp/tmp0mwwts73/0sln_f13.json
[2025-07-31T12:02:37.198+0000] {filesystem.py:118} DEBUG - input tempfile: /tmp/tmp0mwwts73/5gc5q6v4.json
[2025-07-31T12:02:37.200+0000] {model.py:2042} DEBUG - idx 0
[2025-07-31T12:02:37.200+0000] {model.py:2043} DEBUG - running CmdStan, num_threads: None
[2025-07-31T12:02:37.201+0000] {model.py:2055} DEBUG - CmdStan args: ['/home/airflow/.local/lib/python3.11/site-packages/prophet/stan_model/prophet_model.bin', 'random', 'seed=562', 'data', 'file=/tmp/tmp0mwwts73/0sln_f13.json', 'init=/tmp/tmp0mwwts73/5gc5q6v4.json', 'output', 'file=/tmp/tmp0mwwts73/prophet_modellc_pu_yb/prophet_model-20250731120237.csv', 'method=optimize', 'algorithm=lbfgs', 'iter=10000']
[2025-07-31T12:02:37.202+0000] {logging_mixin.py:188} WARNING - 12:02:37 - cmdstanpy - INFO - Chain [1] start processing
[2025-07-31T12:02:37.201+0000] {model.py:2058} INFO - Chain [1] start processing
[2025-07-31T12:02:37.342+0000] {logging_mixin.py:188} WARNING - 12:02:37 - cmdstanpy - INFO - Chain [1] done processing
[2025-07-31T12:02:37.342+0000] {model.py:2115} INFO - Chain [1] done processing
[2025-07-31T12:02:37.346+0000] {logging_mixin.py:188} INFO - Erreur pour {'changepoint_prior_scale': 0.1, 'seasonality_prior_scale': 10.0, 'seasonality_mode': 'multiplicative'}: Less data than horizon after initial window. Make horizon or initial shorter.
[2025-07-31T12:02:37.347+0000] {taskinstance.py:441} INFO - ::group::Post task execution logs
[2025-07-31T12:02:37.348+0000] {taskinstance.py:2905} ERROR - Task failed with exception
Traceback (most recent call last):
  File "/home/airflow/.local/lib/python3.11/site-packages/airflow/models/taskinstance.py", line 465, in _execute_task
    result = _execute_callable(context=context, **execute_callable_kwargs)
             ^^^^^^^^^^^^^^^^^^^^^^^^^^^^^^^^^^^^^^^^^^^^^^^^^^^^^^^^^^^^^
  File "/home/airflow/.local/lib/python3.11/site-packages/airflow/models/taskinstance.py", line 432, in _execute_callable
    return execute_callable(context=context, **execute_callable_kwargs)
           ^^^^^^^^^^^^^^^^^^^^^^^^^^^^^^^^^^^^^^^^^^^^^^^^^^^^^^^^^^^^
  File "/home/airflow/.local/lib/python3.11/site-packages/airflow/models/baseoperator.py", line 401, in wrapper
    return func(self, *args, **kwargs)
           ^^^^^^^^^^^^^^^^^^^^^^^^^^^
  File "/home/airflow/.local/lib/python3.11/site-packages/airflow/operators/python.py", line 235, in execute
    return_value = self.execute_callable()
                   ^^^^^^^^^^^^^^^^^^^^^^^
  File "/home/airflow/.local/lib/python3.11/site-packages/airflow/operators/python.py", line 252, in execute_callable
    return self.python_callable(*self.op_args, **self.op_kwargs)
           ^^^^^^^^^^^^^^^^^^^^^^^^^^^^^^^^^^^^^^^^^^^^^^^^^^^^^
  File "/opt/airflow/dags/scripts/train_prophet.py", line 92, in train_prophet
    best_model_temp, scores_temp = optimize_prophet_model(temp_df)
                                   ^^^^^^^^^^^^^^^^^^^^^^^^^^^^^^^
  File "/opt/airflow/dags/scripts/train_prophet.py", line 44, in optimize_prophet_model
    best = min(results, key=lambda x: x[1])
           ^^^^^^^^^^^^^^^^^^^^^^^^^^^^^^^^
ValueError: min() arg is an empty sequence
[2025-07-31T12:02:37.378+0000] {taskinstance.py:1206} INFO - Marking task as UP_FOR_RETRY. dag_id=solar_ai_pipeline_2, task_id=train_prophet, run_id=scheduled__2023-07-24T00:00:00+00:00, execution_date=20230724T000000, start_date=20250731T120231, end_date=20250731T120237
[2025-07-31T12:02:37.467+0000] {standard_task_runner.py:110} ERROR - Failed to execute job 2931 for task train_prophet (min() arg is an empty sequence; 4432)
[2025-07-31T12:02:37.544+0000] {local_task_job_runner.py:240} INFO - Task exited with return code 1
[2025-07-31T12:02:37.590+0000] {taskinstance.py:3503} INFO - 0 downstream tasks scheduled from follow-on schedule check
[2025-07-31T12:02:37.593+0000] {local_task_job_runner.py:222} INFO - ::endgroup::
