[2025-07-31T12:49:25.573+0000] {local_task_job_runner.py:120} INFO - ::group::Pre task execution logs
[2025-07-31T12:49:25.672+0000] {taskinstance.py:2076} INFO - Dependencies all met for dep_context=non-requeueable deps ti=<TaskInstance: solar_ai_pipeline_2.train_prophet scheduled__2023-07-24T00:00:00+00:00 [queued]>
[2025-07-31T12:49:25.707+0000] {taskinstance.py:2076} INFO - Dependencies all met for dep_context=requeueable deps ti=<TaskInstance: solar_ai_pipeline_2.train_prophet scheduled__2023-07-24T00:00:00+00:00 [queued]>
[2025-07-31T12:49:25.712+0000] {taskinstance.py:2306} INFO - Starting attempt 4 of 4
[2025-07-31T12:49:25.764+0000] {taskinstance.py:2330} INFO - Executing <Task(PythonOperator): train_prophet> on 2023-07-24 00:00:00+00:00
[2025-07-31T12:49:25.770+0000] {standard_task_runner.py:63} INFO - Started process 9892 to run task
[2025-07-31T12:49:25.774+0000] {standard_task_runner.py:90} INFO - Running: ['airflow', 'tasks', 'run', 'solar_ai_pipeline_2', 'train_prophet', 'scheduled__2023-07-24T00:00:00+00:00', '--job-id', '2961', '--raw', '--subdir', 'DAGS_FOLDER/prophet_pipeline.py', '--cfg-path', '/tmp/tmp0quok_85']
[2025-07-31T12:49:25.777+0000] {standard_task_runner.py:91} INFO - Job 2961: Subtask train_prophet
[2025-07-31T12:49:25.931+0000] {task_command.py:426} INFO - Running <TaskInstance: solar_ai_pipeline_2.train_prophet scheduled__2023-07-24T00:00:00+00:00 [running]> on host a2a0dd314bdc
[2025-07-31T12:49:26.425+0000] {taskinstance.py:2648} INFO - Exporting env vars: AIRFLOW_CTX_DAG_OWNER='ensam' AIRFLOW_CTX_DAG_ID='solar_ai_pipeline_2' AIRFLOW_CTX_TASK_ID='train_prophet' AIRFLOW_CTX_EXECUTION_DATE='2023-07-24T00:00:00+00:00' AIRFLOW_CTX_TRY_NUMBER='4' AIRFLOW_CTX_DAG_RUN_ID='scheduled__2023-07-24T00:00:00+00:00'
[2025-07-31T12:49:26.426+0000] {taskinstance.py:430} INFO - ::endgroup::
[2025-07-31T12:49:27.370+0000] {plot.py:39} ERROR - Importing plotly failed. Interactive plots will not work.
[2025-07-31T12:49:27.379+0000] {logging_mixin.py:188} INFO - Training from 2023-01-01 to 2023-01-25
[2025-07-31T12:49:27.762+0000] {logging_mixin.py:188} INFO - Test 1/18: {'changepoint_prior_scale': 0.01, 'seasonality_prior_scale': 1.0, 'seasonality_mode': 'additive'}
[2025-07-31T12:49:27.811+0000] {filesystem.py:118} DEBUG - input tempfile: /tmp/tmprcj3dvbk/vbycvchn.json
[2025-07-31T12:49:27.873+0000] {filesystem.py:118} DEBUG - input tempfile: /tmp/tmprcj3dvbk/ckjr6vdu.json
[2025-07-31T12:49:27.875+0000] {model.py:2042} DEBUG - idx 0
[2025-07-31T12:49:27.876+0000] {model.py:2043} DEBUG - running CmdStan, num_threads: None
[2025-07-31T12:49:27.876+0000] {model.py:2055} DEBUG - CmdStan args: ['/home/airflow/.local/lib/python3.11/site-packages/prophet/stan_model/prophet_model.bin', 'random', 'seed=31042', 'data', 'file=/tmp/tmprcj3dvbk/vbycvchn.json', 'init=/tmp/tmprcj3dvbk/ckjr6vdu.json', 'output', 'file=/tmp/tmprcj3dvbk/prophet_modelq6isieb5/prophet_model-20250731124927.csv', 'method=optimize', 'algorithm=lbfgs', 'iter=10000']
[2025-07-31T12:49:27.877+0000] {logging_mixin.py:188} WARNING - 12:49:27 - cmdstanpy - INFO - Chain [1] start processing
[2025-07-31T12:49:27.877+0000] {model.py:2058} INFO - Chain [1] start processing
[2025-07-31T12:49:27.918+0000] {logging_mixin.py:188} WARNING - 12:49:27 - cmdstanpy - INFO - Chain [1] done processing
[2025-07-31T12:49:27.918+0000] {model.py:2115} INFO - Chain [1] done processing
[2025-07-31T12:49:27.923+0000] {logging_mixin.py:188} INFO - Erreur pour {'changepoint_prior_scale': 0.01, 'seasonality_prior_scale': 1.0, 'seasonality_mode': 'additive'}: Less data than horizon after initial window. Make horizon or initial shorter.
[2025-07-31T12:49:27.924+0000] {logging_mixin.py:188} INFO - Test 2/18: {'changepoint_prior_scale': 0.01, 'seasonality_prior_scale': 1.0, 'seasonality_mode': 'multiplicative'}
[2025-07-31T12:49:27.945+0000] {filesystem.py:118} DEBUG - input tempfile: /tmp/tmprcj3dvbk/03lyrs6h.json
[2025-07-31T12:49:28.006+0000] {filesystem.py:118} DEBUG - input tempfile: /tmp/tmprcj3dvbk/zrrq5bvt.json
[2025-07-31T12:49:28.007+0000] {model.py:2042} DEBUG - idx 0
[2025-07-31T12:49:28.008+0000] {model.py:2043} DEBUG - running CmdStan, num_threads: None
[2025-07-31T12:49:28.008+0000] {model.py:2055} DEBUG - CmdStan args: ['/home/airflow/.local/lib/python3.11/site-packages/prophet/stan_model/prophet_model.bin', 'random', 'seed=11306', 'data', 'file=/tmp/tmprcj3dvbk/03lyrs6h.json', 'init=/tmp/tmprcj3dvbk/zrrq5bvt.json', 'output', 'file=/tmp/tmprcj3dvbk/prophet_modelo354ba63/prophet_model-20250731124928.csv', 'method=optimize', 'algorithm=lbfgs', 'iter=10000']
[2025-07-31T12:49:28.009+0000] {logging_mixin.py:188} WARNING - 12:49:28 - cmdstanpy - INFO - Chain [1] start processing
[2025-07-31T12:49:28.009+0000] {model.py:2058} INFO - Chain [1] start processing
[2025-07-31T12:49:28.054+0000] {logging_mixin.py:188} WARNING - 12:49:28 - cmdstanpy - INFO - Chain [1] done processing
[2025-07-31T12:49:28.054+0000] {model.py:2115} INFO - Chain [1] done processing
[2025-07-31T12:49:28.059+0000] {logging_mixin.py:188} INFO - Erreur pour {'changepoint_prior_scale': 0.01, 'seasonality_prior_scale': 1.0, 'seasonality_mode': 'multiplicative'}: Less data than horizon after initial window. Make horizon or initial shorter.
[2025-07-31T12:49:28.059+0000] {logging_mixin.py:188} INFO - Test 3/18: {'changepoint_prior_scale': 0.01, 'seasonality_prior_scale': 5.0, 'seasonality_mode': 'additive'}
[2025-07-31T12:49:28.077+0000] {filesystem.py:118} DEBUG - input tempfile: /tmp/tmprcj3dvbk/xeec87qq.json
[2025-07-31T12:49:28.137+0000] {filesystem.py:118} DEBUG - input tempfile: /tmp/tmprcj3dvbk/9e_kdn0p.json
[2025-07-31T12:49:28.139+0000] {model.py:2042} DEBUG - idx 0
[2025-07-31T12:49:28.140+0000] {model.py:2043} DEBUG - running CmdStan, num_threads: None
[2025-07-31T12:49:28.140+0000] {model.py:2055} DEBUG - CmdStan args: ['/home/airflow/.local/lib/python3.11/site-packages/prophet/stan_model/prophet_model.bin', 'random', 'seed=7343', 'data', 'file=/tmp/tmprcj3dvbk/xeec87qq.json', 'init=/tmp/tmprcj3dvbk/9e_kdn0p.json', 'output', 'file=/tmp/tmprcj3dvbk/prophet_modelexgcmuki/prophet_model-20250731124928.csv', 'method=optimize', 'algorithm=lbfgs', 'iter=10000']
[2025-07-31T12:49:28.141+0000] {logging_mixin.py:188} WARNING - 12:49:28 - cmdstanpy - INFO - Chain [1] start processing
[2025-07-31T12:49:28.141+0000] {model.py:2058} INFO - Chain [1] start processing
[2025-07-31T12:49:28.178+0000] {logging_mixin.py:188} WARNING - 12:49:28 - cmdstanpy - INFO - Chain [1] done processing
[2025-07-31T12:49:28.178+0000] {model.py:2115} INFO - Chain [1] done processing
[2025-07-31T12:49:28.182+0000] {logging_mixin.py:188} INFO - Erreur pour {'changepoint_prior_scale': 0.01, 'seasonality_prior_scale': 5.0, 'seasonality_mode': 'additive'}: Less data than horizon after initial window. Make horizon or initial shorter.
[2025-07-31T12:49:28.183+0000] {logging_mixin.py:188} INFO - Test 4/18: {'changepoint_prior_scale': 0.01, 'seasonality_prior_scale': 5.0, 'seasonality_mode': 'multiplicative'}
[2025-07-31T12:49:28.200+0000] {filesystem.py:118} DEBUG - input tempfile: /tmp/tmprcj3dvbk/n_xqjvui.json
[2025-07-31T12:49:28.260+0000] {filesystem.py:118} DEBUG - input tempfile: /tmp/tmprcj3dvbk/i8bd9hy7.json
[2025-07-31T12:49:28.262+0000] {model.py:2042} DEBUG - idx 0
[2025-07-31T12:49:28.263+0000] {model.py:2043} DEBUG - running CmdStan, num_threads: None
[2025-07-31T12:49:28.263+0000] {model.py:2055} DEBUG - CmdStan args: ['/home/airflow/.local/lib/python3.11/site-packages/prophet/stan_model/prophet_model.bin', 'random', 'seed=26944', 'data', 'file=/tmp/tmprcj3dvbk/n_xqjvui.json', 'init=/tmp/tmprcj3dvbk/i8bd9hy7.json', 'output', 'file=/tmp/tmprcj3dvbk/prophet_modelaobne3_c/prophet_model-20250731124928.csv', 'method=optimize', 'algorithm=lbfgs', 'iter=10000']
[2025-07-31T12:49:28.264+0000] {logging_mixin.py:188} WARNING - 12:49:28 - cmdstanpy - INFO - Chain [1] start processing
[2025-07-31T12:49:28.264+0000] {model.py:2058} INFO - Chain [1] start processing
[2025-07-31T12:49:28.309+0000] {logging_mixin.py:188} WARNING - 12:49:28 - cmdstanpy - INFO - Chain [1] done processing
[2025-07-31T12:49:28.308+0000] {model.py:2115} INFO - Chain [1] done processing
[2025-07-31T12:49:28.313+0000] {logging_mixin.py:188} INFO - Erreur pour {'changepoint_prior_scale': 0.01, 'seasonality_prior_scale': 5.0, 'seasonality_mode': 'multiplicative'}: Less data than horizon after initial window. Make horizon or initial shorter.
[2025-07-31T12:49:28.314+0000] {logging_mixin.py:188} INFO - Test 5/18: {'changepoint_prior_scale': 0.01, 'seasonality_prior_scale': 10.0, 'seasonality_mode': 'additive'}
[2025-07-31T12:49:28.330+0000] {filesystem.py:118} DEBUG - input tempfile: /tmp/tmprcj3dvbk/4qq1g1g9.json
[2025-07-31T12:49:28.392+0000] {filesystem.py:118} DEBUG - input tempfile: /tmp/tmprcj3dvbk/jhp8fl52.json
[2025-07-31T12:49:28.394+0000] {model.py:2042} DEBUG - idx 0
[2025-07-31T12:49:28.394+0000] {model.py:2043} DEBUG - running CmdStan, num_threads: None
[2025-07-31T12:49:28.395+0000] {model.py:2055} DEBUG - CmdStan args: ['/home/airflow/.local/lib/python3.11/site-packages/prophet/stan_model/prophet_model.bin', 'random', 'seed=42347', 'data', 'file=/tmp/tmprcj3dvbk/4qq1g1g9.json', 'init=/tmp/tmprcj3dvbk/jhp8fl52.json', 'output', 'file=/tmp/tmprcj3dvbk/prophet_modelcano6wip/prophet_model-20250731124928.csv', 'method=optimize', 'algorithm=lbfgs', 'iter=10000']
[2025-07-31T12:49:28.395+0000] {logging_mixin.py:188} WARNING - 12:49:28 - cmdstanpy - INFO - Chain [1] start processing
[2025-07-31T12:49:28.395+0000] {model.py:2058} INFO - Chain [1] start processing
[2025-07-31T12:49:28.445+0000] {logging_mixin.py:188} WARNING - 12:49:28 - cmdstanpy - INFO - Chain [1] done processing
[2025-07-31T12:49:28.445+0000] {model.py:2115} INFO - Chain [1] done processing
[2025-07-31T12:49:28.449+0000] {logging_mixin.py:188} INFO - Erreur pour {'changepoint_prior_scale': 0.01, 'seasonality_prior_scale': 10.0, 'seasonality_mode': 'additive'}: Less data than horizon after initial window. Make horizon or initial shorter.
[2025-07-31T12:49:28.450+0000] {logging_mixin.py:188} INFO - Test 6/18: {'changepoint_prior_scale': 0.01, 'seasonality_prior_scale': 10.0, 'seasonality_mode': 'multiplicative'}
[2025-07-31T12:49:28.466+0000] {filesystem.py:118} DEBUG - input tempfile: /tmp/tmprcj3dvbk/c5qb1ewb.json
[2025-07-31T12:49:28.530+0000] {filesystem.py:118} DEBUG - input tempfile: /tmp/tmprcj3dvbk/cj6qzzyj.json
[2025-07-31T12:49:28.531+0000] {model.py:2042} DEBUG - idx 0
[2025-07-31T12:49:28.532+0000] {model.py:2043} DEBUG - running CmdStan, num_threads: None
[2025-07-31T12:49:28.532+0000] {model.py:2055} DEBUG - CmdStan args: ['/home/airflow/.local/lib/python3.11/site-packages/prophet/stan_model/prophet_model.bin', 'random', 'seed=88362', 'data', 'file=/tmp/tmprcj3dvbk/c5qb1ewb.json', 'init=/tmp/tmprcj3dvbk/cj6qzzyj.json', 'output', 'file=/tmp/tmprcj3dvbk/prophet_modeljjthppaz/prophet_model-20250731124928.csv', 'method=optimize', 'algorithm=lbfgs', 'iter=10000']
[2025-07-31T12:49:28.533+0000] {logging_mixin.py:188} WARNING - 12:49:28 - cmdstanpy - INFO - Chain [1] start processing
[2025-07-31T12:49:28.533+0000] {model.py:2058} INFO - Chain [1] start processing
[2025-07-31T12:49:28.582+0000] {logging_mixin.py:188} WARNING - 12:49:28 - cmdstanpy - INFO - Chain [1] done processing
[2025-07-31T12:49:28.582+0000] {model.py:2115} INFO - Chain [1] done processing
[2025-07-31T12:49:28.587+0000] {logging_mixin.py:188} INFO - Erreur pour {'changepoint_prior_scale': 0.01, 'seasonality_prior_scale': 10.0, 'seasonality_mode': 'multiplicative'}: Less data than horizon after initial window. Make horizon or initial shorter.
[2025-07-31T12:49:28.588+0000] {logging_mixin.py:188} INFO - Test 7/18: {'changepoint_prior_scale': 0.05, 'seasonality_prior_scale': 1.0, 'seasonality_mode': 'additive'}
[2025-07-31T12:49:28.607+0000] {filesystem.py:118} DEBUG - input tempfile: /tmp/tmprcj3dvbk/oq30xse0.json
[2025-07-31T12:49:28.679+0000] {filesystem.py:118} DEBUG - input tempfile: /tmp/tmprcj3dvbk/tqi057p7.json
[2025-07-31T12:49:28.681+0000] {model.py:2042} DEBUG - idx 0
[2025-07-31T12:49:28.681+0000] {model.py:2043} DEBUG - running CmdStan, num_threads: None
[2025-07-31T12:49:28.682+0000] {model.py:2055} DEBUG - CmdStan args: ['/home/airflow/.local/lib/python3.11/site-packages/prophet/stan_model/prophet_model.bin', 'random', 'seed=41771', 'data', 'file=/tmp/tmprcj3dvbk/oq30xse0.json', 'init=/tmp/tmprcj3dvbk/tqi057p7.json', 'output', 'file=/tmp/tmprcj3dvbk/prophet_model1p_mc39i/prophet_model-20250731124928.csv', 'method=optimize', 'algorithm=lbfgs', 'iter=10000']
[2025-07-31T12:49:28.683+0000] {logging_mixin.py:188} WARNING - 12:49:28 - cmdstanpy - INFO - Chain [1] start processing
[2025-07-31T12:49:28.682+0000] {model.py:2058} INFO - Chain [1] start processing
[2025-07-31T12:49:28.722+0000] {logging_mixin.py:188} WARNING - 12:49:28 - cmdstanpy - INFO - Chain [1] done processing
[2025-07-31T12:49:28.722+0000] {model.py:2115} INFO - Chain [1] done processing
[2025-07-31T12:49:28.727+0000] {logging_mixin.py:188} INFO - Erreur pour {'changepoint_prior_scale': 0.05, 'seasonality_prior_scale': 1.0, 'seasonality_mode': 'additive'}: Less data than horizon after initial window. Make horizon or initial shorter.
[2025-07-31T12:49:28.727+0000] {logging_mixin.py:188} INFO - Test 8/18: {'changepoint_prior_scale': 0.05, 'seasonality_prior_scale': 1.0, 'seasonality_mode': 'multiplicative'}
[2025-07-31T12:49:28.750+0000] {filesystem.py:118} DEBUG - input tempfile: /tmp/tmprcj3dvbk/iahvz6px.json
[2025-07-31T12:49:28.816+0000] {filesystem.py:118} DEBUG - input tempfile: /tmp/tmprcj3dvbk/9zv99kpt.json
[2025-07-31T12:49:28.818+0000] {model.py:2042} DEBUG - idx 0
[2025-07-31T12:49:28.819+0000] {model.py:2043} DEBUG - running CmdStan, num_threads: None
[2025-07-31T12:49:28.820+0000] {model.py:2055} DEBUG - CmdStan args: ['/home/airflow/.local/lib/python3.11/site-packages/prophet/stan_model/prophet_model.bin', 'random', 'seed=14910', 'data', 'file=/tmp/tmprcj3dvbk/iahvz6px.json', 'init=/tmp/tmprcj3dvbk/9zv99kpt.json', 'output', 'file=/tmp/tmprcj3dvbk/prophet_model5z0trr2u/prophet_model-20250731124928.csv', 'method=optimize', 'algorithm=lbfgs', 'iter=10000']
[2025-07-31T12:49:28.820+0000] {logging_mixin.py:188} WARNING - 12:49:28 - cmdstanpy - INFO - Chain [1] start processing
[2025-07-31T12:49:28.820+0000] {model.py:2058} INFO - Chain [1] start processing
[2025-07-31T12:49:28.863+0000] {logging_mixin.py:188} WARNING - 12:49:28 - cmdstanpy - INFO - Chain [1] done processing
[2025-07-31T12:49:28.863+0000] {model.py:2115} INFO - Chain [1] done processing
[2025-07-31T12:49:28.868+0000] {logging_mixin.py:188} INFO - Erreur pour {'changepoint_prior_scale': 0.05, 'seasonality_prior_scale': 1.0, 'seasonality_mode': 'multiplicative'}: Less data than horizon after initial window. Make horizon or initial shorter.
[2025-07-31T12:49:28.868+0000] {logging_mixin.py:188} INFO - Test 9/18: {'changepoint_prior_scale': 0.05, 'seasonality_prior_scale': 5.0, 'seasonality_mode': 'additive'}
[2025-07-31T12:49:28.885+0000] {filesystem.py:118} DEBUG - input tempfile: /tmp/tmprcj3dvbk/mxswmjx5.json
[2025-07-31T12:49:28.945+0000] {filesystem.py:118} DEBUG - input tempfile: /tmp/tmprcj3dvbk/zhy56qyh.json
[2025-07-31T12:49:28.947+0000] {model.py:2042} DEBUG - idx 0
[2025-07-31T12:49:28.947+0000] {model.py:2043} DEBUG - running CmdStan, num_threads: None
[2025-07-31T12:49:28.948+0000] {model.py:2055} DEBUG - CmdStan args: ['/home/airflow/.local/lib/python3.11/site-packages/prophet/stan_model/prophet_model.bin', 'random', 'seed=29059', 'data', 'file=/tmp/tmprcj3dvbk/mxswmjx5.json', 'init=/tmp/tmprcj3dvbk/zhy56qyh.json', 'output', 'file=/tmp/tmprcj3dvbk/prophet_model5wv6yeyj/prophet_model-20250731124928.csv', 'method=optimize', 'algorithm=lbfgs', 'iter=10000']
[2025-07-31T12:49:28.949+0000] {logging_mixin.py:188} WARNING - 12:49:28 - cmdstanpy - INFO - Chain [1] start processing
[2025-07-31T12:49:28.949+0000] {model.py:2058} INFO - Chain [1] start processing
[2025-07-31T12:49:28.988+0000] {logging_mixin.py:188} WARNING - 12:49:28 - cmdstanpy - INFO - Chain [1] done processing
[2025-07-31T12:49:28.988+0000] {model.py:2115} INFO - Chain [1] done processing
[2025-07-31T12:49:28.992+0000] {logging_mixin.py:188} INFO - Erreur pour {'changepoint_prior_scale': 0.05, 'seasonality_prior_scale': 5.0, 'seasonality_mode': 'additive'}: Less data than horizon after initial window. Make horizon or initial shorter.
[2025-07-31T12:49:28.993+0000] {logging_mixin.py:188} INFO - Test 10/18: {'changepoint_prior_scale': 0.05, 'seasonality_prior_scale': 5.0, 'seasonality_mode': 'multiplicative'}
[2025-07-31T12:49:29.010+0000] {filesystem.py:118} DEBUG - input tempfile: /tmp/tmprcj3dvbk/0ruyffjq.json
[2025-07-31T12:49:29.075+0000] {filesystem.py:118} DEBUG - input tempfile: /tmp/tmprcj3dvbk/rb15phkq.json
[2025-07-31T12:49:29.077+0000] {model.py:2042} DEBUG - idx 0
[2025-07-31T12:49:29.077+0000] {model.py:2043} DEBUG - running CmdStan, num_threads: None
[2025-07-31T12:49:29.078+0000] {model.py:2055} DEBUG - CmdStan args: ['/home/airflow/.local/lib/python3.11/site-packages/prophet/stan_model/prophet_model.bin', 'random', 'seed=45730', 'data', 'file=/tmp/tmprcj3dvbk/0ruyffjq.json', 'init=/tmp/tmprcj3dvbk/rb15phkq.json', 'output', 'file=/tmp/tmprcj3dvbk/prophet_modelq0tm_nll/prophet_model-20250731124929.csv', 'method=optimize', 'algorithm=lbfgs', 'iter=10000']
[2025-07-31T12:49:29.079+0000] {logging_mixin.py:188} WARNING - 12:49:29 - cmdstanpy - INFO - Chain [1] start processing
[2025-07-31T12:49:29.079+0000] {model.py:2058} INFO - Chain [1] start processing
[2025-07-31T12:49:29.122+0000] {logging_mixin.py:188} WARNING - 12:49:29 - cmdstanpy - INFO - Chain [1] done processing
[2025-07-31T12:49:29.122+0000] {model.py:2115} INFO - Chain [1] done processing
[2025-07-31T12:49:29.126+0000] {logging_mixin.py:188} INFO - Erreur pour {'changepoint_prior_scale': 0.05, 'seasonality_prior_scale': 5.0, 'seasonality_mode': 'multiplicative'}: Less data than horizon after initial window. Make horizon or initial shorter.
[2025-07-31T12:49:29.127+0000] {logging_mixin.py:188} INFO - Test 11/18: {'changepoint_prior_scale': 0.05, 'seasonality_prior_scale': 10.0, 'seasonality_mode': 'additive'}
[2025-07-31T12:49:29.143+0000] {filesystem.py:118} DEBUG - input tempfile: /tmp/tmprcj3dvbk/aqkgxe7w.json
[2025-07-31T12:49:29.205+0000] {filesystem.py:118} DEBUG - input tempfile: /tmp/tmprcj3dvbk/yzomdvsl.json
[2025-07-31T12:49:29.207+0000] {model.py:2042} DEBUG - idx 0
[2025-07-31T12:49:29.207+0000] {model.py:2043} DEBUG - running CmdStan, num_threads: None
[2025-07-31T12:49:29.208+0000] {model.py:2055} DEBUG - CmdStan args: ['/home/airflow/.local/lib/python3.11/site-packages/prophet/stan_model/prophet_model.bin', 'random', 'seed=13445', 'data', 'file=/tmp/tmprcj3dvbk/aqkgxe7w.json', 'init=/tmp/tmprcj3dvbk/yzomdvsl.json', 'output', 'file=/tmp/tmprcj3dvbk/prophet_modelnmhauyqc/prophet_model-20250731124929.csv', 'method=optimize', 'algorithm=lbfgs', 'iter=10000']
[2025-07-31T12:49:29.208+0000] {logging_mixin.py:188} WARNING - 12:49:29 - cmdstanpy - INFO - Chain [1] start processing
[2025-07-31T12:49:29.208+0000] {model.py:2058} INFO - Chain [1] start processing
[2025-07-31T12:49:29.251+0000] {logging_mixin.py:188} WARNING - 12:49:29 - cmdstanpy - INFO - Chain [1] done processing
[2025-07-31T12:49:29.251+0000] {model.py:2115} INFO - Chain [1] done processing
[2025-07-31T12:49:29.257+0000] {logging_mixin.py:188} INFO - Erreur pour {'changepoint_prior_scale': 0.05, 'seasonality_prior_scale': 10.0, 'seasonality_mode': 'additive'}: Less data than horizon after initial window. Make horizon or initial shorter.
[2025-07-31T12:49:29.257+0000] {logging_mixin.py:188} INFO - Test 12/18: {'changepoint_prior_scale': 0.05, 'seasonality_prior_scale': 10.0, 'seasonality_mode': 'multiplicative'}
[2025-07-31T12:49:29.276+0000] {filesystem.py:118} DEBUG - input tempfile: /tmp/tmprcj3dvbk/boctbjgn.json
[2025-07-31T12:49:29.337+0000] {filesystem.py:118} DEBUG - input tempfile: /tmp/tmprcj3dvbk/t4s4le9p.json
[2025-07-31T12:49:29.338+0000] {model.py:2042} DEBUG - idx 0
[2025-07-31T12:49:29.339+0000] {model.py:2043} DEBUG - running CmdStan, num_threads: None
[2025-07-31T12:49:29.339+0000] {model.py:2055} DEBUG - CmdStan args: ['/home/airflow/.local/lib/python3.11/site-packages/prophet/stan_model/prophet_model.bin', 'random', 'seed=28510', 'data', 'file=/tmp/tmprcj3dvbk/boctbjgn.json', 'init=/tmp/tmprcj3dvbk/t4s4le9p.json', 'output', 'file=/tmp/tmprcj3dvbk/prophet_modeld12uecid/prophet_model-20250731124929.csv', 'method=optimize', 'algorithm=lbfgs', 'iter=10000']
[2025-07-31T12:49:29.340+0000] {logging_mixin.py:188} WARNING - 12:49:29 - cmdstanpy - INFO - Chain [1] start processing
[2025-07-31T12:49:29.340+0000] {model.py:2058} INFO - Chain [1] start processing
[2025-07-31T12:49:29.400+0000] {logging_mixin.py:188} WARNING - 12:49:29 - cmdstanpy - INFO - Chain [1] done processing
[2025-07-31T12:49:29.399+0000] {model.py:2115} INFO - Chain [1] done processing
[2025-07-31T12:49:29.404+0000] {logging_mixin.py:188} INFO - Erreur pour {'changepoint_prior_scale': 0.05, 'seasonality_prior_scale': 10.0, 'seasonality_mode': 'multiplicative'}: Less data than horizon after initial window. Make horizon or initial shorter.
[2025-07-31T12:49:29.405+0000] {logging_mixin.py:188} INFO - Test 13/18: {'changepoint_prior_scale': 0.1, 'seasonality_prior_scale': 1.0, 'seasonality_mode': 'additive'}
[2025-07-31T12:49:29.422+0000] {filesystem.py:118} DEBUG - input tempfile: /tmp/tmprcj3dvbk/oi35_2u2.json
[2025-07-31T12:49:29.485+0000] {filesystem.py:118} DEBUG - input tempfile: /tmp/tmprcj3dvbk/07o5sx9j.json
[2025-07-31T12:49:29.487+0000] {model.py:2042} DEBUG - idx 0
[2025-07-31T12:49:29.487+0000] {model.py:2043} DEBUG - running CmdStan, num_threads: None
[2025-07-31T12:49:29.488+0000] {model.py:2055} DEBUG - CmdStan args: ['/home/airflow/.local/lib/python3.11/site-packages/prophet/stan_model/prophet_model.bin', 'random', 'seed=94863', 'data', 'file=/tmp/tmprcj3dvbk/oi35_2u2.json', 'init=/tmp/tmprcj3dvbk/07o5sx9j.json', 'output', 'file=/tmp/tmprcj3dvbk/prophet_modelzthruire/prophet_model-20250731124929.csv', 'method=optimize', 'algorithm=lbfgs', 'iter=10000']
[2025-07-31T12:49:29.489+0000] {logging_mixin.py:188} WARNING - 12:49:29 - cmdstanpy - INFO - Chain [1] start processing
[2025-07-31T12:49:29.488+0000] {model.py:2058} INFO - Chain [1] start processing
[2025-07-31T12:49:29.543+0000] {logging_mixin.py:188} WARNING - 12:49:29 - cmdstanpy - INFO - Chain [1] done processing
[2025-07-31T12:49:29.543+0000] {model.py:2115} INFO - Chain [1] done processing
[2025-07-31T12:49:29.547+0000] {logging_mixin.py:188} INFO - Erreur pour {'changepoint_prior_scale': 0.1, 'seasonality_prior_scale': 1.0, 'seasonality_mode': 'additive'}: Less data than horizon after initial window. Make horizon or initial shorter.
[2025-07-31T12:49:29.548+0000] {logging_mixin.py:188} INFO - Test 14/18: {'changepoint_prior_scale': 0.1, 'seasonality_prior_scale': 1.0, 'seasonality_mode': 'multiplicative'}
[2025-07-31T12:49:29.565+0000] {filesystem.py:118} DEBUG - input tempfile: /tmp/tmprcj3dvbk/3ik4wtjw.json
[2025-07-31T12:49:29.629+0000] {filesystem.py:118} DEBUG - input tempfile: /tmp/tmprcj3dvbk/swtnrk0z.json
[2025-07-31T12:49:29.631+0000] {model.py:2042} DEBUG - idx 0
[2025-07-31T12:49:29.632+0000] {model.py:2043} DEBUG - running CmdStan, num_threads: None
[2025-07-31T12:49:29.632+0000] {model.py:2055} DEBUG - CmdStan args: ['/home/airflow/.local/lib/python3.11/site-packages/prophet/stan_model/prophet_model.bin', 'random', 'seed=39858', 'data', 'file=/tmp/tmprcj3dvbk/3ik4wtjw.json', 'init=/tmp/tmprcj3dvbk/swtnrk0z.json', 'output', 'file=/tmp/tmprcj3dvbk/prophet_modelj35yi7ip/prophet_model-20250731124929.csv', 'method=optimize', 'algorithm=lbfgs', 'iter=10000']
[2025-07-31T12:49:29.633+0000] {logging_mixin.py:188} WARNING - 12:49:29 - cmdstanpy - INFO - Chain [1] start processing
[2025-07-31T12:49:29.633+0000] {model.py:2058} INFO - Chain [1] start processing
[2025-07-31T12:49:29.770+0000] {logging_mixin.py:188} WARNING - 12:49:29 - cmdstanpy - INFO - Chain [1] done processing
[2025-07-31T12:49:29.770+0000] {model.py:2115} INFO - Chain [1] done processing
[2025-07-31T12:49:29.774+0000] {logging_mixin.py:188} INFO - Erreur pour {'changepoint_prior_scale': 0.1, 'seasonality_prior_scale': 1.0, 'seasonality_mode': 'multiplicative'}: Less data than horizon after initial window. Make horizon or initial shorter.
[2025-07-31T12:49:29.775+0000] {logging_mixin.py:188} INFO - Test 15/18: {'changepoint_prior_scale': 0.1, 'seasonality_prior_scale': 5.0, 'seasonality_mode': 'additive'}
[2025-07-31T12:49:29.791+0000] {filesystem.py:118} DEBUG - input tempfile: /tmp/tmprcj3dvbk/e5xk7bmz.json
[2025-07-31T12:49:29.852+0000] {filesystem.py:118} DEBUG - input tempfile: /tmp/tmprcj3dvbk/1b_fd7nr.json
[2025-07-31T12:49:29.854+0000] {model.py:2042} DEBUG - idx 0
[2025-07-31T12:49:29.854+0000] {model.py:2043} DEBUG - running CmdStan, num_threads: None
[2025-07-31T12:49:29.855+0000] {model.py:2055} DEBUG - CmdStan args: ['/home/airflow/.local/lib/python3.11/site-packages/prophet/stan_model/prophet_model.bin', 'random', 'seed=30341', 'data', 'file=/tmp/tmprcj3dvbk/e5xk7bmz.json', 'init=/tmp/tmprcj3dvbk/1b_fd7nr.json', 'output', 'file=/tmp/tmprcj3dvbk/prophet_modelaehfo_8f/prophet_model-20250731124929.csv', 'method=optimize', 'algorithm=lbfgs', 'iter=10000']
[2025-07-31T12:49:29.856+0000] {logging_mixin.py:188} WARNING - 12:49:29 - cmdstanpy - INFO - Chain [1] start processing
[2025-07-31T12:49:29.856+0000] {model.py:2058} INFO - Chain [1] start processing
[2025-07-31T12:49:29.929+0000] {logging_mixin.py:188} WARNING - 12:49:29 - cmdstanpy - INFO - Chain [1] done processing
[2025-07-31T12:49:29.929+0000] {model.py:2115} INFO - Chain [1] done processing
[2025-07-31T12:49:29.934+0000] {logging_mixin.py:188} INFO - Erreur pour {'changepoint_prior_scale': 0.1, 'seasonality_prior_scale': 5.0, 'seasonality_mode': 'additive'}: Less data than horizon after initial window. Make horizon or initial shorter.
[2025-07-31T12:49:29.934+0000] {logging_mixin.py:188} INFO - Test 16/18: {'changepoint_prior_scale': 0.1, 'seasonality_prior_scale': 5.0, 'seasonality_mode': 'multiplicative'}
[2025-07-31T12:49:29.952+0000] {filesystem.py:118} DEBUG - input tempfile: /tmp/tmprcj3dvbk/vuv2tuv6.json
[2025-07-31T12:49:30.017+0000] {filesystem.py:118} DEBUG - input tempfile: /tmp/tmprcj3dvbk/cx710rkw.json
[2025-07-31T12:49:30.020+0000] {model.py:2042} DEBUG - idx 0
[2025-07-31T12:49:30.020+0000] {model.py:2043} DEBUG - running CmdStan, num_threads: None
[2025-07-31T12:49:30.021+0000] {model.py:2055} DEBUG - CmdStan args: ['/home/airflow/.local/lib/python3.11/site-packages/prophet/stan_model/prophet_model.bin', 'random', 'seed=16757', 'data', 'file=/tmp/tmprcj3dvbk/vuv2tuv6.json', 'init=/tmp/tmprcj3dvbk/cx710rkw.json', 'output', 'file=/tmp/tmprcj3dvbk/prophet_modelc2y9qebp/prophet_model-20250731124930.csv', 'method=optimize', 'algorithm=lbfgs', 'iter=10000']
[2025-07-31T12:49:30.022+0000] {logging_mixin.py:188} WARNING - 12:49:30 - cmdstanpy - INFO - Chain [1] start processing
[2025-07-31T12:49:30.022+0000] {model.py:2058} INFO - Chain [1] start processing
[2025-07-31T12:49:30.100+0000] {logging_mixin.py:188} WARNING - 12:49:30 - cmdstanpy - INFO - Chain [1] done processing
[2025-07-31T12:49:30.100+0000] {model.py:2115} INFO - Chain [1] done processing
[2025-07-31T12:49:30.104+0000] {logging_mixin.py:188} INFO - Erreur pour {'changepoint_prior_scale': 0.1, 'seasonality_prior_scale': 5.0, 'seasonality_mode': 'multiplicative'}: Less data than horizon after initial window. Make horizon or initial shorter.
[2025-07-31T12:49:30.105+0000] {logging_mixin.py:188} INFO - Test 17/18: {'changepoint_prior_scale': 0.1, 'seasonality_prior_scale': 10.0, 'seasonality_mode': 'additive'}
[2025-07-31T12:49:30.121+0000] {filesystem.py:118} DEBUG - input tempfile: /tmp/tmprcj3dvbk/_hbe_cpw.json
[2025-07-31T12:49:30.182+0000] {filesystem.py:118} DEBUG - input tempfile: /tmp/tmprcj3dvbk/9q93qjt2.json
[2025-07-31T12:49:30.184+0000] {model.py:2042} DEBUG - idx 0
[2025-07-31T12:49:30.184+0000] {model.py:2043} DEBUG - running CmdStan, num_threads: None
[2025-07-31T12:49:30.185+0000] {model.py:2055} DEBUG - CmdStan args: ['/home/airflow/.local/lib/python3.11/site-packages/prophet/stan_model/prophet_model.bin', 'random', 'seed=60586', 'data', 'file=/tmp/tmprcj3dvbk/_hbe_cpw.json', 'init=/tmp/tmprcj3dvbk/9q93qjt2.json', 'output', 'file=/tmp/tmprcj3dvbk/prophet_model_26ixaco/prophet_model-20250731124930.csv', 'method=optimize', 'algorithm=lbfgs', 'iter=10000']
[2025-07-31T12:49:30.185+0000] {logging_mixin.py:188} WARNING - 12:49:30 - cmdstanpy - INFO - Chain [1] start processing
[2025-07-31T12:49:30.185+0000] {model.py:2058} INFO - Chain [1] start processing
[2025-07-31T12:49:30.229+0000] {logging_mixin.py:188} WARNING - 12:49:30 - cmdstanpy - INFO - Chain [1] done processing
[2025-07-31T12:49:30.229+0000] {model.py:2115} INFO - Chain [1] done processing
[2025-07-31T12:49:30.234+0000] {logging_mixin.py:188} INFO - Erreur pour {'changepoint_prior_scale': 0.1, 'seasonality_prior_scale': 10.0, 'seasonality_mode': 'additive'}: Less data than horizon after initial window. Make horizon or initial shorter.
[2025-07-31T12:49:30.235+0000] {logging_mixin.py:188} INFO - Test 18/18: {'changepoint_prior_scale': 0.1, 'seasonality_prior_scale': 10.0, 'seasonality_mode': 'multiplicative'}
[2025-07-31T12:49:30.253+0000] {filesystem.py:118} DEBUG - input tempfile: /tmp/tmprcj3dvbk/rafdbpdu.json
[2025-07-31T12:49:30.323+0000] {filesystem.py:118} DEBUG - input tempfile: /tmp/tmprcj3dvbk/qc2e6tlp.json
[2025-07-31T12:49:30.325+0000] {model.py:2042} DEBUG - idx 0
[2025-07-31T12:49:30.325+0000] {model.py:2043} DEBUG - running CmdStan, num_threads: None
[2025-07-31T12:49:30.326+0000] {model.py:2055} DEBUG - CmdStan args: ['/home/airflow/.local/lib/python3.11/site-packages/prophet/stan_model/prophet_model.bin', 'random', 'seed=59617', 'data', 'file=/tmp/tmprcj3dvbk/rafdbpdu.json', 'init=/tmp/tmprcj3dvbk/qc2e6tlp.json', 'output', 'file=/tmp/tmprcj3dvbk/prophet_modelqw_2t4th/prophet_model-20250731124930.csv', 'method=optimize', 'algorithm=lbfgs', 'iter=10000']
[2025-07-31T12:49:30.326+0000] {logging_mixin.py:188} WARNING - 12:49:30 - cmdstanpy - INFO - Chain [1] start processing
[2025-07-31T12:49:30.326+0000] {model.py:2058} INFO - Chain [1] start processing
[2025-07-31T12:49:30.459+0000] {logging_mixin.py:188} WARNING - 12:49:30 - cmdstanpy - INFO - Chain [1] done processing
[2025-07-31T12:49:30.459+0000] {model.py:2115} INFO - Chain [1] done processing
[2025-07-31T12:49:30.466+0000] {logging_mixin.py:188} INFO - Erreur pour {'changepoint_prior_scale': 0.1, 'seasonality_prior_scale': 10.0, 'seasonality_mode': 'multiplicative'}: Less data than horizon after initial window. Make horizon or initial shorter.
[2025-07-31T12:49:30.467+0000] {taskinstance.py:441} INFO - ::group::Post task execution logs
[2025-07-31T12:49:30.467+0000] {taskinstance.py:2905} ERROR - Task failed with exception
Traceback (most recent call last):
  File "/home/airflow/.local/lib/python3.11/site-packages/airflow/models/taskinstance.py", line 465, in _execute_task
    result = _execute_callable(context=context, **execute_callable_kwargs)
             ^^^^^^^^^^^^^^^^^^^^^^^^^^^^^^^^^^^^^^^^^^^^^^^^^^^^^^^^^^^^^
  File "/home/airflow/.local/lib/python3.11/site-packages/airflow/models/taskinstance.py", line 432, in _execute_callable
    return execute_callable(context=context, **execute_callable_kwargs)
           ^^^^^^^^^^^^^^^^^^^^^^^^^^^^^^^^^^^^^^^^^^^^^^^^^^^^^^^^^^^^
  File "/home/airflow/.local/lib/python3.11/site-packages/airflow/models/baseoperator.py", line 401, in wrapper
    return func(self, *args, **kwargs)
           ^^^^^^^^^^^^^^^^^^^^^^^^^^^
  File "/home/airflow/.local/lib/python3.11/site-packages/airflow/operators/python.py", line 235, in execute
    return_value = self.execute_callable()
                   ^^^^^^^^^^^^^^^^^^^^^^^
  File "/home/airflow/.local/lib/python3.11/site-packages/airflow/operators/python.py", line 252, in execute_callable
    return self.python_callable(*self.op_args, **self.op_kwargs)
           ^^^^^^^^^^^^^^^^^^^^^^^^^^^^^^^^^^^^^^^^^^^^^^^^^^^^^
  File "/opt/airflow/dags/scripts/train_prophet.py", line 92, in train_prophet
    best_model_temp, scores_temp = optimize_prophet_model(temp_df)
                                   ^^^^^^^^^^^^^^^^^^^^^^^^^^^^^^^
  File "/opt/airflow/dags/scripts/train_prophet.py", line 44, in optimize_prophet_model
    best = min(results, key=lambda x: x[1])
           ^^^^^^^^^^^^^^^^^^^^^^^^^^^^^^^^
ValueError: min() arg is an empty sequence
[2025-07-31T12:49:30.501+0000] {taskinstance.py:1206} INFO - Marking task as FAILED. dag_id=solar_ai_pipeline_2, task_id=train_prophet, run_id=scheduled__2023-07-24T00:00:00+00:00, execution_date=20230724T000000, start_date=20250731T124925, end_date=20250731T124930
[2025-07-31T12:49:30.564+0000] {standard_task_runner.py:110} ERROR - Failed to execute job 2961 for task train_prophet (min() arg is an empty sequence; 9892)
[2025-07-31T12:49:30.607+0000] {local_task_job_runner.py:240} INFO - Task exited with return code 1
[2025-07-31T12:49:30.657+0000] {taskinstance.py:3503} INFO - 0 downstream tasks scheduled from follow-on schedule check
[2025-07-31T12:49:30.699+0000] {local_task_job_runner.py:222} INFO - ::endgroup::
