[2025-07-31T09:18:16.452+0000] {local_task_job_runner.py:120} INFO - ::group::Pre task execution logs
[2025-07-31T09:18:16.528+0000] {taskinstance.py:2076} INFO - Dependencies all met for dep_context=non-requeueable deps ti=<TaskInstance: solar_ai_pipeline_2.predict_prophet scheduled__2023-08-30T00:00:00+00:00 [queued]>
[2025-07-31T09:18:16.553+0000] {taskinstance.py:2076} INFO - Dependencies all met for dep_context=requeueable deps ti=<TaskInstance: solar_ai_pipeline_2.predict_prophet scheduled__2023-08-30T00:00:00+00:00 [queued]>
[2025-07-31T09:18:16.554+0000] {taskinstance.py:2306} INFO - Starting attempt 1 of 2
[2025-07-31T09:18:16.607+0000] {taskinstance.py:2330} INFO - Executing <Task(PythonOperator): predict_prophet> on 2023-08-30 00:00:00+00:00
[2025-07-31T09:18:16.612+0000] {standard_task_runner.py:63} INFO - Started process 7031 to run task
[2025-07-31T09:18:16.615+0000] {standard_task_runner.py:90} INFO - Running: ['airflow', 'tasks', 'run', 'solar_ai_pipeline_2', 'predict_prophet', 'scheduled__2023-08-30T00:00:00+00:00', '--job-id', '2361', '--raw', '--subdir', 'DAGS_FOLDER/prophet_pipeline.py', '--cfg-path', '/tmp/tmp_xkphltm']
[2025-07-31T09:18:16.618+0000] {standard_task_runner.py:91} INFO - Job 2361: Subtask predict_prophet
[2025-07-31T09:18:16.755+0000] {task_command.py:426} INFO - Running <TaskInstance: solar_ai_pipeline_2.predict_prophet scheduled__2023-08-30T00:00:00+00:00 [running]> on host a2a0dd314bdc
[2025-07-31T09:18:16.940+0000] {taskinstance.py:2648} INFO - Exporting env vars: AIRFLOW_CTX_DAG_OWNER='ensam' AIRFLOW_CTX_DAG_ID='solar_ai_pipeline_2' AIRFLOW_CTX_TASK_ID='predict_prophet' AIRFLOW_CTX_EXECUTION_DATE='2023-08-30T00:00:00+00:00' AIRFLOW_CTX_TRY_NUMBER='1' AIRFLOW_CTX_DAG_RUN_ID='scheduled__2023-08-30T00:00:00+00:00'
[2025-07-31T09:18:16.940+0000] {taskinstance.py:430} INFO - ::endgroup::
[2025-07-31T09:18:18.565+0000] {plot.py:39} ERROR - Importing plotly failed. Interactive plots will not work.
[2025-07-31T09:18:20.066+0000] {logging_mixin.py:188} WARNING - /opt/airflow/dags/scripts/predict_prophet.py:52 FutureWarning: In a future version of pandas, parsing datetimes with mixed time zones will raise an error unless `utc=True`. Please specify `utc=True` to opt in to the new behaviour and silence this warning. To create a `Series` with mixed offsets and `object` dtype, please use `apply` and `datetime.datetime.strptime`
[2025-07-31T09:18:20.073+0000] {taskinstance.py:441} INFO - ::group::Post task execution logs
[2025-07-31T09:18:20.074+0000] {taskinstance.py:2905} ERROR - Task failed with exception
Traceback (most recent call last):
  File "/home/airflow/.local/lib/python3.11/site-packages/airflow/models/taskinstance.py", line 465, in _execute_task
    result = _execute_callable(context=context, **execute_callable_kwargs)
             ^^^^^^^^^^^^^^^^^^^^^^^^^^^^^^^^^^^^^^^^^^^^^^^^^^^^^^^^^^^^^
  File "/home/airflow/.local/lib/python3.11/site-packages/airflow/models/taskinstance.py", line 432, in _execute_callable
    return execute_callable(context=context, **execute_callable_kwargs)
           ^^^^^^^^^^^^^^^^^^^^^^^^^^^^^^^^^^^^^^^^^^^^^^^^^^^^^^^^^^^^
  File "/home/airflow/.local/lib/python3.11/site-packages/airflow/models/baseoperator.py", line 401, in wrapper
    return func(self, *args, **kwargs)
           ^^^^^^^^^^^^^^^^^^^^^^^^^^^
  File "/home/airflow/.local/lib/python3.11/site-packages/airflow/operators/python.py", line 235, in execute
    return_value = self.execute_callable()
                   ^^^^^^^^^^^^^^^^^^^^^^^
  File "/home/airflow/.local/lib/python3.11/site-packages/airflow/operators/python.py", line 252, in execute_callable
    return self.python_callable(*self.op_args, **self.op_kwargs)
           ^^^^^^^^^^^^^^^^^^^^^^^^^^^^^^^^^^^^^^^^^^^^^^^^^^^^^
  File "/opt/airflow/dags/scripts/predict_prophet.py", line 56, in predict_prophet
    forecast = model.predict(future_df[["ds"]])
               ^^^^^^^^^^^^^^^^^^^^^^^^^^^^^^^^
  File "/home/airflow/.local/lib/python3.11/site-packages/prophet/forecaster.py", line 1270, in predict
    df = self.setup_dataframe(df.copy())
         ^^^^^^^^^^^^^^^^^^^^^^^^^^^^^^^
  File "/home/airflow/.local/lib/python3.11/site-packages/prophet/forecaster.py", line 287, in setup_dataframe
    df['ds'] = pd.to_datetime(df['ds'])
               ^^^^^^^^^^^^^^^^^^^^^^^^
  File "/home/airflow/.local/lib/python3.11/site-packages/pandas/core/tools/datetimes.py", line 1112, in to_datetime
    values = convert_listlike(arg._values, format)
             ^^^^^^^^^^^^^^^^^^^^^^^^^^^^^^^^^^^^^
  File "/home/airflow/.local/lib/python3.11/site-packages/pandas/core/tools/datetimes.py", line 490, in _convert_listlike_datetimes
    result, tz_parsed = objects_to_datetime64ns(
                        ^^^^^^^^^^^^^^^^^^^^^^^^
  File "/home/airflow/.local/lib/python3.11/site-packages/pandas/core/arrays/datetimes.py", line 2346, in objects_to_datetime64ns
    result, tz_parsed = tslib.array_to_datetime(
                        ^^^^^^^^^^^^^^^^^^^^^^^^
  File "tslib.pyx", line 403, in pandas._libs.tslib.array_to_datetime
  File "tslib.pyx", line 552, in pandas._libs.tslib.array_to_datetime
  File "tslib.pyx", line 480, in pandas._libs.tslib.array_to_datetime
  File "conversion.pyx", line 716, in pandas._libs.tslibs.conversion.convert_timezone
ValueError: Tz-aware datetime.datetime cannot be converted to datetime64 unless utc=True, at position 360
[2025-07-31T09:18:20.104+0000] {taskinstance.py:1206} INFO - Marking task as UP_FOR_RETRY. dag_id=solar_ai_pipeline_2, task_id=predict_prophet, run_id=scheduled__2023-08-30T00:00:00+00:00, execution_date=20230830T000000, start_date=20250731T091816, end_date=20250731T091820
[2025-07-31T09:18:20.176+0000] {standard_task_runner.py:110} ERROR - Failed to execute job 2361 for task predict_prophet (Tz-aware datetime.datetime cannot be converted to datetime64 unless utc=True, at position 360; 7031)
[2025-07-31T09:18:20.207+0000] {local_task_job_runner.py:240} INFO - Task exited with return code 1
[2025-07-31T09:18:20.253+0000] {taskinstance.py:3503} INFO - 0 downstream tasks scheduled from follow-on schedule check
[2025-07-31T09:18:20.257+0000] {local_task_job_runner.py:222} INFO - ::endgroup::
