[2025-07-31T11:47:55.518+0000] {local_task_job_runner.py:120} INFO - ::group::Pre task execution logs
[2025-07-31T11:47:55.643+0000] {taskinstance.py:2076} INFO - Dependencies all met for dep_context=non-requeueable deps ti=<TaskInstance: solar_ai_pipeline_2.train_prophet scheduled__2023-07-07T00:00:00+00:00 [queued]>
[2025-07-31T11:47:55.701+0000] {taskinstance.py:2076} INFO - Dependencies all met for dep_context=requeueable deps ti=<TaskInstance: solar_ai_pipeline_2.train_prophet scheduled__2023-07-07T00:00:00+00:00 [queued]>
[2025-07-31T11:47:55.706+0000] {taskinstance.py:2306} INFO - Starting attempt 3 of 4
[2025-07-31T11:47:55.810+0000] {taskinstance.py:2330} INFO - Executing <Task(PythonOperator): train_prophet> on 2023-07-07 00:00:00+00:00
[2025-07-31T11:47:55.821+0000] {standard_task_runner.py:63} INFO - Started process 3354 to run task
[2025-07-31T11:47:55.832+0000] {standard_task_runner.py:90} INFO - Running: ['airflow', 'tasks', 'run', 'solar_ai_pipeline_2', 'train_prophet', 'scheduled__2023-07-07T00:00:00+00:00', '--job-id', '2894', '--raw', '--subdir', 'DAGS_FOLDER/prophet_pipeline.py', '--cfg-path', '/tmp/tmpm5yq72nn']
[2025-07-31T11:47:55.837+0000] {standard_task_runner.py:91} INFO - Job 2894: Subtask train_prophet
[2025-07-31T11:47:56.141+0000] {task_command.py:426} INFO - Running <TaskInstance: solar_ai_pipeline_2.train_prophet scheduled__2023-07-07T00:00:00+00:00 [running]> on host a2a0dd314bdc
[2025-07-31T11:47:56.727+0000] {taskinstance.py:2648} INFO - Exporting env vars: AIRFLOW_CTX_DAG_OWNER='ensam' AIRFLOW_CTX_DAG_ID='solar_ai_pipeline_2' AIRFLOW_CTX_TASK_ID='train_prophet' AIRFLOW_CTX_EXECUTION_DATE='2023-07-07T00:00:00+00:00' AIRFLOW_CTX_TRY_NUMBER='3' AIRFLOW_CTX_DAG_RUN_ID='scheduled__2023-07-07T00:00:00+00:00'
[2025-07-31T11:47:56.729+0000] {taskinstance.py:430} INFO - ::endgroup::
[2025-07-31T11:47:57.763+0000] {plot.py:39} ERROR - Importing plotly failed. Interactive plots will not work.
[2025-07-31T11:47:57.773+0000] {logging_mixin.py:188} INFO - Training from 2023-01-01 to 2023-01-08
[2025-07-31T11:47:58.012+0000] {logging_mixin.py:188} INFO - Test 1/18: {'changepoint_prior_scale': 0.01, 'seasonality_prior_scale': 1.0, 'seasonality_mode': 'additive'}
[2025-07-31T11:47:58.079+0000] {filesystem.py:118} DEBUG - input tempfile: /tmp/tmph07cscfm/k5tucmlv.json
[2025-07-31T11:47:58.103+0000] {filesystem.py:118} DEBUG - input tempfile: /tmp/tmph07cscfm/tfv36oqf.json
[2025-07-31T11:47:58.105+0000] {model.py:2042} DEBUG - idx 0
[2025-07-31T11:47:58.107+0000] {model.py:2043} DEBUG - running CmdStan, num_threads: None
[2025-07-31T11:47:58.107+0000] {model.py:2055} DEBUG - CmdStan args: ['/home/airflow/.local/lib/python3.11/site-packages/prophet/stan_model/prophet_model.bin', 'random', 'seed=9677', 'data', 'file=/tmp/tmph07cscfm/k5tucmlv.json', 'init=/tmp/tmph07cscfm/tfv36oqf.json', 'output', 'file=/tmp/tmph07cscfm/prophet_modelc50ff96f/prophet_model-20250731114758.csv', 'method=optimize', 'algorithm=lbfgs', 'iter=10000']
[2025-07-31T11:47:58.108+0000] {logging_mixin.py:188} WARNING - 11:47:58 - cmdstanpy - INFO - Chain [1] start processing
[2025-07-31T11:47:58.108+0000] {model.py:2058} INFO - Chain [1] start processing
[2025-07-31T11:47:58.146+0000] {logging_mixin.py:188} WARNING - 11:47:58 - cmdstanpy - INFO - Chain [1] done processing
[2025-07-31T11:47:58.146+0000] {model.py:2115} INFO - Chain [1] done processing
[2025-07-31T11:47:58.151+0000] {logging_mixin.py:188} INFO - Erreur pour {'changepoint_prior_scale': 0.01, 'seasonality_prior_scale': 1.0, 'seasonality_mode': 'additive'}: Less data than horizon after initial window. Make horizon or initial shorter.
[2025-07-31T11:47:58.152+0000] {logging_mixin.py:188} INFO - Test 2/18: {'changepoint_prior_scale': 0.01, 'seasonality_prior_scale': 1.0, 'seasonality_mode': 'multiplicative'}
[2025-07-31T11:47:58.187+0000] {filesystem.py:118} DEBUG - input tempfile: /tmp/tmph07cscfm/vgvu0iog.json
[2025-07-31T11:47:58.210+0000] {filesystem.py:118} DEBUG - input tempfile: /tmp/tmph07cscfm/g81wbs_h.json
[2025-07-31T11:47:58.213+0000] {model.py:2042} DEBUG - idx 0
[2025-07-31T11:47:58.214+0000] {model.py:2043} DEBUG - running CmdStan, num_threads: None
[2025-07-31T11:47:58.215+0000] {model.py:2055} DEBUG - CmdStan args: ['/home/airflow/.local/lib/python3.11/site-packages/prophet/stan_model/prophet_model.bin', 'random', 'seed=97011', 'data', 'file=/tmp/tmph07cscfm/vgvu0iog.json', 'init=/tmp/tmph07cscfm/g81wbs_h.json', 'output', 'file=/tmp/tmph07cscfm/prophet_model79h3lv72/prophet_model-20250731114758.csv', 'method=optimize', 'algorithm=lbfgs', 'iter=10000']
[2025-07-31T11:47:58.216+0000] {logging_mixin.py:188} WARNING - 11:47:58 - cmdstanpy - INFO - Chain [1] start processing
[2025-07-31T11:47:58.216+0000] {model.py:2058} INFO - Chain [1] start processing
[2025-07-31T11:47:58.269+0000] {logging_mixin.py:188} WARNING - 11:47:58 - cmdstanpy - INFO - Chain [1] done processing
[2025-07-31T11:47:58.268+0000] {model.py:2115} INFO - Chain [1] done processing
[2025-07-31T11:47:58.275+0000] {logging_mixin.py:188} INFO - Erreur pour {'changepoint_prior_scale': 0.01, 'seasonality_prior_scale': 1.0, 'seasonality_mode': 'multiplicative'}: Less data than horizon after initial window. Make horizon or initial shorter.
[2025-07-31T11:47:58.276+0000] {logging_mixin.py:188} INFO - Test 3/18: {'changepoint_prior_scale': 0.01, 'seasonality_prior_scale': 5.0, 'seasonality_mode': 'additive'}
[2025-07-31T11:47:58.311+0000] {filesystem.py:118} DEBUG - input tempfile: /tmp/tmph07cscfm/pi7oaam8.json
[2025-07-31T11:47:58.354+0000] {filesystem.py:118} DEBUG - input tempfile: /tmp/tmph07cscfm/jdcqakcs.json
[2025-07-31T11:47:58.358+0000] {model.py:2042} DEBUG - idx 0
[2025-07-31T11:47:58.359+0000] {model.py:2043} DEBUG - running CmdStan, num_threads: None
[2025-07-31T11:47:58.360+0000] {model.py:2055} DEBUG - CmdStan args: ['/home/airflow/.local/lib/python3.11/site-packages/prophet/stan_model/prophet_model.bin', 'random', 'seed=18298', 'data', 'file=/tmp/tmph07cscfm/pi7oaam8.json', 'init=/tmp/tmph07cscfm/jdcqakcs.json', 'output', 'file=/tmp/tmph07cscfm/prophet_modelk7c8h3cm/prophet_model-20250731114758.csv', 'method=optimize', 'algorithm=lbfgs', 'iter=10000']
[2025-07-31T11:47:58.360+0000] {logging_mixin.py:188} WARNING - 11:47:58 - cmdstanpy - INFO - Chain [1] start processing
[2025-07-31T11:47:58.360+0000] {model.py:2058} INFO - Chain [1] start processing
[2025-07-31T11:47:58.388+0000] {logging_mixin.py:188} WARNING - 11:47:58 - cmdstanpy - INFO - Chain [1] done processing
[2025-07-31T11:47:58.388+0000] {model.py:2115} INFO - Chain [1] done processing
[2025-07-31T11:47:58.393+0000] {logging_mixin.py:188} INFO - Erreur pour {'changepoint_prior_scale': 0.01, 'seasonality_prior_scale': 5.0, 'seasonality_mode': 'additive'}: Less data than horizon after initial window. Make horizon or initial shorter.
[2025-07-31T11:47:58.394+0000] {logging_mixin.py:188} INFO - Test 4/18: {'changepoint_prior_scale': 0.01, 'seasonality_prior_scale': 5.0, 'seasonality_mode': 'multiplicative'}
[2025-07-31T11:47:58.419+0000] {filesystem.py:118} DEBUG - input tempfile: /tmp/tmph07cscfm/n93piao9.json
[2025-07-31T11:47:58.454+0000] {filesystem.py:118} DEBUG - input tempfile: /tmp/tmph07cscfm/4uezgr35.json
[2025-07-31T11:47:58.456+0000] {model.py:2042} DEBUG - idx 0
[2025-07-31T11:47:58.457+0000] {model.py:2043} DEBUG - running CmdStan, num_threads: None
[2025-07-31T11:47:58.458+0000] {model.py:2055} DEBUG - CmdStan args: ['/home/airflow/.local/lib/python3.11/site-packages/prophet/stan_model/prophet_model.bin', 'random', 'seed=11395', 'data', 'file=/tmp/tmph07cscfm/n93piao9.json', 'init=/tmp/tmph07cscfm/4uezgr35.json', 'output', 'file=/tmp/tmph07cscfm/prophet_model992hhy_7/prophet_model-20250731114758.csv', 'method=optimize', 'algorithm=lbfgs', 'iter=10000']
[2025-07-31T11:47:58.458+0000] {logging_mixin.py:188} WARNING - 11:47:58 - cmdstanpy - INFO - Chain [1] start processing
[2025-07-31T11:47:58.458+0000] {model.py:2058} INFO - Chain [1] start processing
[2025-07-31T11:47:58.488+0000] {logging_mixin.py:188} WARNING - 11:47:58 - cmdstanpy - INFO - Chain [1] done processing
[2025-07-31T11:47:58.488+0000] {model.py:2115} INFO - Chain [1] done processing
[2025-07-31T11:47:58.492+0000] {logging_mixin.py:188} INFO - Erreur pour {'changepoint_prior_scale': 0.01, 'seasonality_prior_scale': 5.0, 'seasonality_mode': 'multiplicative'}: Less data than horizon after initial window. Make horizon or initial shorter.
[2025-07-31T11:47:58.492+0000] {logging_mixin.py:188} INFO - Test 5/18: {'changepoint_prior_scale': 0.01, 'seasonality_prior_scale': 10.0, 'seasonality_mode': 'additive'}
[2025-07-31T11:47:58.509+0000] {filesystem.py:118} DEBUG - input tempfile: /tmp/tmph07cscfm/7e82ncsa.json
[2025-07-31T11:47:58.531+0000] {filesystem.py:118} DEBUG - input tempfile: /tmp/tmph07cscfm/brqddxvv.json
[2025-07-31T11:47:58.534+0000] {model.py:2042} DEBUG - idx 0
[2025-07-31T11:47:58.535+0000] {model.py:2043} DEBUG - running CmdStan, num_threads: None
[2025-07-31T11:47:58.535+0000] {model.py:2055} DEBUG - CmdStan args: ['/home/airflow/.local/lib/python3.11/site-packages/prophet/stan_model/prophet_model.bin', 'random', 'seed=46079', 'data', 'file=/tmp/tmph07cscfm/7e82ncsa.json', 'init=/tmp/tmph07cscfm/brqddxvv.json', 'output', 'file=/tmp/tmph07cscfm/prophet_modelpektkpln/prophet_model-20250731114758.csv', 'method=optimize', 'algorithm=lbfgs', 'iter=10000']
[2025-07-31T11:47:58.536+0000] {logging_mixin.py:188} WARNING - 11:47:58 - cmdstanpy - INFO - Chain [1] start processing
[2025-07-31T11:47:58.536+0000] {model.py:2058} INFO - Chain [1] start processing
[2025-07-31T11:47:58.565+0000] {logging_mixin.py:188} WARNING - 11:47:58 - cmdstanpy - INFO - Chain [1] done processing
[2025-07-31T11:47:58.565+0000] {model.py:2115} INFO - Chain [1] done processing
[2025-07-31T11:47:58.569+0000] {logging_mixin.py:188} INFO - Erreur pour {'changepoint_prior_scale': 0.01, 'seasonality_prior_scale': 10.0, 'seasonality_mode': 'additive'}: Less data than horizon after initial window. Make horizon or initial shorter.
[2025-07-31T11:47:58.570+0000] {logging_mixin.py:188} INFO - Test 6/18: {'changepoint_prior_scale': 0.01, 'seasonality_prior_scale': 10.0, 'seasonality_mode': 'multiplicative'}
[2025-07-31T11:47:58.594+0000] {filesystem.py:118} DEBUG - input tempfile: /tmp/tmph07cscfm/eaxxp_28.json
[2025-07-31T11:47:58.635+0000] {filesystem.py:118} DEBUG - input tempfile: /tmp/tmph07cscfm/p3hijo3g.json
[2025-07-31T11:47:58.638+0000] {model.py:2042} DEBUG - idx 0
[2025-07-31T11:47:58.639+0000] {model.py:2043} DEBUG - running CmdStan, num_threads: None
[2025-07-31T11:47:58.640+0000] {model.py:2055} DEBUG - CmdStan args: ['/home/airflow/.local/lib/python3.11/site-packages/prophet/stan_model/prophet_model.bin', 'random', 'seed=74054', 'data', 'file=/tmp/tmph07cscfm/eaxxp_28.json', 'init=/tmp/tmph07cscfm/p3hijo3g.json', 'output', 'file=/tmp/tmph07cscfm/prophet_modelb9z96f2s/prophet_model-20250731114758.csv', 'method=optimize', 'algorithm=lbfgs', 'iter=10000']
[2025-07-31T11:47:58.641+0000] {logging_mixin.py:188} WARNING - 11:47:58 - cmdstanpy - INFO - Chain [1] start processing
[2025-07-31T11:47:58.641+0000] {model.py:2058} INFO - Chain [1] start processing
[2025-07-31T11:47:58.691+0000] {logging_mixin.py:188} WARNING - 11:47:58 - cmdstanpy - INFO - Chain [1] done processing
[2025-07-31T11:47:58.691+0000] {model.py:2115} INFO - Chain [1] done processing
[2025-07-31T11:47:58.698+0000] {logging_mixin.py:188} INFO - Erreur pour {'changepoint_prior_scale': 0.01, 'seasonality_prior_scale': 10.0, 'seasonality_mode': 'multiplicative'}: Less data than horizon after initial window. Make horizon or initial shorter.
[2025-07-31T11:47:58.699+0000] {logging_mixin.py:188} INFO - Test 7/18: {'changepoint_prior_scale': 0.05, 'seasonality_prior_scale': 1.0, 'seasonality_mode': 'additive'}
[2025-07-31T11:47:58.733+0000] {filesystem.py:118} DEBUG - input tempfile: /tmp/tmph07cscfm/s9trst8j.json
[2025-07-31T11:47:58.757+0000] {filesystem.py:118} DEBUG - input tempfile: /tmp/tmph07cscfm/310n7764.json
[2025-07-31T11:47:58.762+0000] {model.py:2042} DEBUG - idx 0
[2025-07-31T11:47:58.762+0000] {model.py:2043} DEBUG - running CmdStan, num_threads: None
[2025-07-31T11:47:58.763+0000] {model.py:2055} DEBUG - CmdStan args: ['/home/airflow/.local/lib/python3.11/site-packages/prophet/stan_model/prophet_model.bin', 'random', 'seed=33800', 'data', 'file=/tmp/tmph07cscfm/s9trst8j.json', 'init=/tmp/tmph07cscfm/310n7764.json', 'output', 'file=/tmp/tmph07cscfm/prophet_modelvljkvjtt/prophet_model-20250731114758.csv', 'method=optimize', 'algorithm=lbfgs', 'iter=10000']
[2025-07-31T11:47:58.765+0000] {logging_mixin.py:188} WARNING - 11:47:58 - cmdstanpy - INFO - Chain [1] start processing
[2025-07-31T11:47:58.764+0000] {model.py:2058} INFO - Chain [1] start processing
[2025-07-31T11:47:58.792+0000] {logging_mixin.py:188} WARNING - 11:47:58 - cmdstanpy - INFO - Chain [1] done processing
[2025-07-31T11:47:58.792+0000] {model.py:2115} INFO - Chain [1] done processing
[2025-07-31T11:47:58.796+0000] {logging_mixin.py:188} INFO - Erreur pour {'changepoint_prior_scale': 0.05, 'seasonality_prior_scale': 1.0, 'seasonality_mode': 'additive'}: Less data than horizon after initial window. Make horizon or initial shorter.
[2025-07-31T11:47:58.797+0000] {logging_mixin.py:188} INFO - Test 8/18: {'changepoint_prior_scale': 0.05, 'seasonality_prior_scale': 1.0, 'seasonality_mode': 'multiplicative'}
[2025-07-31T11:47:58.826+0000] {filesystem.py:118} DEBUG - input tempfile: /tmp/tmph07cscfm/gy4r86qg.json
[2025-07-31T11:47:58.866+0000] {filesystem.py:118} DEBUG - input tempfile: /tmp/tmph07cscfm/rae35m7h.json
[2025-07-31T11:47:58.868+0000] {model.py:2042} DEBUG - idx 0
[2025-07-31T11:47:58.869+0000] {model.py:2043} DEBUG - running CmdStan, num_threads: None
[2025-07-31T11:47:58.869+0000] {model.py:2055} DEBUG - CmdStan args: ['/home/airflow/.local/lib/python3.11/site-packages/prophet/stan_model/prophet_model.bin', 'random', 'seed=46659', 'data', 'file=/tmp/tmph07cscfm/gy4r86qg.json', 'init=/tmp/tmph07cscfm/rae35m7h.json', 'output', 'file=/tmp/tmph07cscfm/prophet_modela9sh1884/prophet_model-20250731114758.csv', 'method=optimize', 'algorithm=lbfgs', 'iter=10000']
[2025-07-31T11:47:58.870+0000] {logging_mixin.py:188} WARNING - 11:47:58 - cmdstanpy - INFO - Chain [1] start processing
[2025-07-31T11:47:58.870+0000] {model.py:2058} INFO - Chain [1] start processing
[2025-07-31T11:47:58.905+0000] {logging_mixin.py:188} WARNING - 11:47:58 - cmdstanpy - INFO - Chain [1] done processing
[2025-07-31T11:47:58.905+0000] {model.py:2115} INFO - Chain [1] done processing
[2025-07-31T11:47:58.911+0000] {logging_mixin.py:188} INFO - Erreur pour {'changepoint_prior_scale': 0.05, 'seasonality_prior_scale': 1.0, 'seasonality_mode': 'multiplicative'}: Less data than horizon after initial window. Make horizon or initial shorter.
[2025-07-31T11:47:58.912+0000] {logging_mixin.py:188} INFO - Test 9/18: {'changepoint_prior_scale': 0.05, 'seasonality_prior_scale': 5.0, 'seasonality_mode': 'additive'}
[2025-07-31T11:47:58.943+0000] {filesystem.py:118} DEBUG - input tempfile: /tmp/tmph07cscfm/9ladjwlw.json
[2025-07-31T11:47:58.967+0000] {filesystem.py:118} DEBUG - input tempfile: /tmp/tmph07cscfm/kt_64bei.json
[2025-07-31T11:47:58.969+0000] {model.py:2042} DEBUG - idx 0
[2025-07-31T11:47:58.970+0000] {model.py:2043} DEBUG - running CmdStan, num_threads: None
[2025-07-31T11:47:58.970+0000] {model.py:2055} DEBUG - CmdStan args: ['/home/airflow/.local/lib/python3.11/site-packages/prophet/stan_model/prophet_model.bin', 'random', 'seed=21892', 'data', 'file=/tmp/tmph07cscfm/9ladjwlw.json', 'init=/tmp/tmph07cscfm/kt_64bei.json', 'output', 'file=/tmp/tmph07cscfm/prophet_modele982rlgm/prophet_model-20250731114758.csv', 'method=optimize', 'algorithm=lbfgs', 'iter=10000']
[2025-07-31T11:47:58.971+0000] {logging_mixin.py:188} WARNING - 11:47:58 - cmdstanpy - INFO - Chain [1] start processing
[2025-07-31T11:47:58.971+0000] {model.py:2058} INFO - Chain [1] start processing
[2025-07-31T11:47:58.999+0000] {logging_mixin.py:188} WARNING - 11:47:58 - cmdstanpy - INFO - Chain [1] done processing
[2025-07-31T11:47:58.999+0000] {model.py:2115} INFO - Chain [1] done processing
[2025-07-31T11:47:59.002+0000] {logging_mixin.py:188} INFO - Erreur pour {'changepoint_prior_scale': 0.05, 'seasonality_prior_scale': 5.0, 'seasonality_mode': 'additive'}: Less data than horizon after initial window. Make horizon or initial shorter.
[2025-07-31T11:47:59.003+0000] {logging_mixin.py:188} INFO - Test 10/18: {'changepoint_prior_scale': 0.05, 'seasonality_prior_scale': 5.0, 'seasonality_mode': 'multiplicative'}
[2025-07-31T11:47:59.019+0000] {filesystem.py:118} DEBUG - input tempfile: /tmp/tmph07cscfm/ifa1dci0.json
[2025-07-31T11:47:59.047+0000] {filesystem.py:118} DEBUG - input tempfile: /tmp/tmph07cscfm/11a6_8ry.json
[2025-07-31T11:47:59.048+0000] {model.py:2042} DEBUG - idx 0
[2025-07-31T11:47:59.049+0000] {model.py:2043} DEBUG - running CmdStan, num_threads: None
[2025-07-31T11:47:59.050+0000] {model.py:2055} DEBUG - CmdStan args: ['/home/airflow/.local/lib/python3.11/site-packages/prophet/stan_model/prophet_model.bin', 'random', 'seed=61145', 'data', 'file=/tmp/tmph07cscfm/ifa1dci0.json', 'init=/tmp/tmph07cscfm/11a6_8ry.json', 'output', 'file=/tmp/tmph07cscfm/prophet_modelflm9q1sc/prophet_model-20250731114759.csv', 'method=optimize', 'algorithm=lbfgs', 'iter=10000']
[2025-07-31T11:47:59.051+0000] {logging_mixin.py:188} WARNING - 11:47:59 - cmdstanpy - INFO - Chain [1] start processing
[2025-07-31T11:47:59.051+0000] {model.py:2058} INFO - Chain [1] start processing
[2025-07-31T11:47:59.102+0000] {logging_mixin.py:188} WARNING - 11:47:59 - cmdstanpy - INFO - Chain [1] done processing
[2025-07-31T11:47:59.102+0000] {model.py:2115} INFO - Chain [1] done processing
[2025-07-31T11:47:59.106+0000] {logging_mixin.py:188} INFO - Erreur pour {'changepoint_prior_scale': 0.05, 'seasonality_prior_scale': 5.0, 'seasonality_mode': 'multiplicative'}: Less data than horizon after initial window. Make horizon or initial shorter.
[2025-07-31T11:47:59.106+0000] {logging_mixin.py:188} INFO - Test 11/18: {'changepoint_prior_scale': 0.05, 'seasonality_prior_scale': 10.0, 'seasonality_mode': 'additive'}
[2025-07-31T11:47:59.125+0000] {filesystem.py:118} DEBUG - input tempfile: /tmp/tmph07cscfm/xn66pbpi.json
[2025-07-31T11:47:59.149+0000] {filesystem.py:118} DEBUG - input tempfile: /tmp/tmph07cscfm/cem94rm3.json
[2025-07-31T11:47:59.151+0000] {model.py:2042} DEBUG - idx 0
[2025-07-31T11:47:59.152+0000] {model.py:2043} DEBUG - running CmdStan, num_threads: None
[2025-07-31T11:47:59.153+0000] {model.py:2055} DEBUG - CmdStan args: ['/home/airflow/.local/lib/python3.11/site-packages/prophet/stan_model/prophet_model.bin', 'random', 'seed=3495', 'data', 'file=/tmp/tmph07cscfm/xn66pbpi.json', 'init=/tmp/tmph07cscfm/cem94rm3.json', 'output', 'file=/tmp/tmph07cscfm/prophet_modelvpbum92w/prophet_model-20250731114759.csv', 'method=optimize', 'algorithm=lbfgs', 'iter=10000']
[2025-07-31T11:47:59.153+0000] {logging_mixin.py:188} WARNING - 11:47:59 - cmdstanpy - INFO - Chain [1] start processing
[2025-07-31T11:47:59.153+0000] {model.py:2058} INFO - Chain [1] start processing
[2025-07-31T11:47:59.184+0000] {logging_mixin.py:188} WARNING - 11:47:59 - cmdstanpy - INFO - Chain [1] done processing
[2025-07-31T11:47:59.184+0000] {model.py:2115} INFO - Chain [1] done processing
[2025-07-31T11:47:59.187+0000] {logging_mixin.py:188} INFO - Erreur pour {'changepoint_prior_scale': 0.05, 'seasonality_prior_scale': 10.0, 'seasonality_mode': 'additive'}: Less data than horizon after initial window. Make horizon or initial shorter.
[2025-07-31T11:47:59.188+0000] {logging_mixin.py:188} INFO - Test 12/18: {'changepoint_prior_scale': 0.05, 'seasonality_prior_scale': 10.0, 'seasonality_mode': 'multiplicative'}
[2025-07-31T11:47:59.206+0000] {filesystem.py:118} DEBUG - input tempfile: /tmp/tmph07cscfm/i5h9pcsi.json
[2025-07-31T11:47:59.233+0000] {filesystem.py:118} DEBUG - input tempfile: /tmp/tmph07cscfm/77ljrgs5.json
[2025-07-31T11:47:59.235+0000] {model.py:2042} DEBUG - idx 0
[2025-07-31T11:47:59.236+0000] {model.py:2043} DEBUG - running CmdStan, num_threads: None
[2025-07-31T11:47:59.236+0000] {model.py:2055} DEBUG - CmdStan args: ['/home/airflow/.local/lib/python3.11/site-packages/prophet/stan_model/prophet_model.bin', 'random', 'seed=60413', 'data', 'file=/tmp/tmph07cscfm/i5h9pcsi.json', 'init=/tmp/tmph07cscfm/77ljrgs5.json', 'output', 'file=/tmp/tmph07cscfm/prophet_model7z3n1lws/prophet_model-20250731114759.csv', 'method=optimize', 'algorithm=lbfgs', 'iter=10000']
[2025-07-31T11:47:59.237+0000] {logging_mixin.py:188} WARNING - 11:47:59 - cmdstanpy - INFO - Chain [1] start processing
[2025-07-31T11:47:59.237+0000] {model.py:2058} INFO - Chain [1] start processing
[2025-07-31T11:47:59.268+0000] {logging_mixin.py:188} WARNING - 11:47:59 - cmdstanpy - INFO - Chain [1] done processing
[2025-07-31T11:47:59.268+0000] {model.py:2115} INFO - Chain [1] done processing
[2025-07-31T11:47:59.272+0000] {logging_mixin.py:188} INFO - Erreur pour {'changepoint_prior_scale': 0.05, 'seasonality_prior_scale': 10.0, 'seasonality_mode': 'multiplicative'}: Less data than horizon after initial window. Make horizon or initial shorter.
[2025-07-31T11:47:59.273+0000] {logging_mixin.py:188} INFO - Test 13/18: {'changepoint_prior_scale': 0.1, 'seasonality_prior_scale': 1.0, 'seasonality_mode': 'additive'}
[2025-07-31T11:47:59.290+0000] {filesystem.py:118} DEBUG - input tempfile: /tmp/tmph07cscfm/i5kl17as.json
[2025-07-31T11:47:59.313+0000] {filesystem.py:118} DEBUG - input tempfile: /tmp/tmph07cscfm/06qwrjih.json
[2025-07-31T11:47:59.315+0000] {model.py:2042} DEBUG - idx 0
[2025-07-31T11:47:59.316+0000] {model.py:2043} DEBUG - running CmdStan, num_threads: None
[2025-07-31T11:47:59.316+0000] {model.py:2055} DEBUG - CmdStan args: ['/home/airflow/.local/lib/python3.11/site-packages/prophet/stan_model/prophet_model.bin', 'random', 'seed=97080', 'data', 'file=/tmp/tmph07cscfm/i5kl17as.json', 'init=/tmp/tmph07cscfm/06qwrjih.json', 'output', 'file=/tmp/tmph07cscfm/prophet_model_jqzxezj/prophet_model-20250731114759.csv', 'method=optimize', 'algorithm=lbfgs', 'iter=10000']
[2025-07-31T11:47:59.317+0000] {logging_mixin.py:188} WARNING - 11:47:59 - cmdstanpy - INFO - Chain [1] start processing
[2025-07-31T11:47:59.317+0000] {model.py:2058} INFO - Chain [1] start processing
[2025-07-31T11:47:59.350+0000] {logging_mixin.py:188} WARNING - 11:47:59 - cmdstanpy - INFO - Chain [1] done processing
[2025-07-31T11:47:59.350+0000] {model.py:2115} INFO - Chain [1] done processing
[2025-07-31T11:47:59.353+0000] {logging_mixin.py:188} INFO - Erreur pour {'changepoint_prior_scale': 0.1, 'seasonality_prior_scale': 1.0, 'seasonality_mode': 'additive'}: Less data than horizon after initial window. Make horizon or initial shorter.
[2025-07-31T11:47:59.354+0000] {logging_mixin.py:188} INFO - Test 14/18: {'changepoint_prior_scale': 0.1, 'seasonality_prior_scale': 1.0, 'seasonality_mode': 'multiplicative'}
[2025-07-31T11:47:59.371+0000] {filesystem.py:118} DEBUG - input tempfile: /tmp/tmph07cscfm/obpwh035.json
[2025-07-31T11:47:59.398+0000] {filesystem.py:118} DEBUG - input tempfile: /tmp/tmph07cscfm/aw3orj4p.json
[2025-07-31T11:47:59.399+0000] {model.py:2042} DEBUG - idx 0
[2025-07-31T11:47:59.400+0000] {model.py:2043} DEBUG - running CmdStan, num_threads: None
[2025-07-31T11:47:59.400+0000] {model.py:2055} DEBUG - CmdStan args: ['/home/airflow/.local/lib/python3.11/site-packages/prophet/stan_model/prophet_model.bin', 'random', 'seed=99486', 'data', 'file=/tmp/tmph07cscfm/obpwh035.json', 'init=/tmp/tmph07cscfm/aw3orj4p.json', 'output', 'file=/tmp/tmph07cscfm/prophet_modellw51n348/prophet_model-20250731114759.csv', 'method=optimize', 'algorithm=lbfgs', 'iter=10000']
[2025-07-31T11:47:59.401+0000] {logging_mixin.py:188} WARNING - 11:47:59 - cmdstanpy - INFO - Chain [1] start processing
[2025-07-31T11:47:59.401+0000] {model.py:2058} INFO - Chain [1] start processing
[2025-07-31T11:47:59.432+0000] {logging_mixin.py:188} WARNING - 11:47:59 - cmdstanpy - INFO - Chain [1] done processing
[2025-07-31T11:47:59.432+0000] {model.py:2115} INFO - Chain [1] done processing
[2025-07-31T11:47:59.435+0000] {logging_mixin.py:188} INFO - Erreur pour {'changepoint_prior_scale': 0.1, 'seasonality_prior_scale': 1.0, 'seasonality_mode': 'multiplicative'}: Less data than horizon after initial window. Make horizon or initial shorter.
[2025-07-31T11:47:59.436+0000] {logging_mixin.py:188} INFO - Test 15/18: {'changepoint_prior_scale': 0.1, 'seasonality_prior_scale': 5.0, 'seasonality_mode': 'additive'}
[2025-07-31T11:47:59.453+0000] {filesystem.py:118} DEBUG - input tempfile: /tmp/tmph07cscfm/inws7aa0.json
[2025-07-31T11:47:59.479+0000] {filesystem.py:118} DEBUG - input tempfile: /tmp/tmph07cscfm/98bmgamu.json
[2025-07-31T11:47:59.481+0000] {model.py:2042} DEBUG - idx 0
[2025-07-31T11:47:59.481+0000] {model.py:2043} DEBUG - running CmdStan, num_threads: None
[2025-07-31T11:47:59.482+0000] {model.py:2055} DEBUG - CmdStan args: ['/home/airflow/.local/lib/python3.11/site-packages/prophet/stan_model/prophet_model.bin', 'random', 'seed=89139', 'data', 'file=/tmp/tmph07cscfm/inws7aa0.json', 'init=/tmp/tmph07cscfm/98bmgamu.json', 'output', 'file=/tmp/tmph07cscfm/prophet_model1uv_2v4_/prophet_model-20250731114759.csv', 'method=optimize', 'algorithm=lbfgs', 'iter=10000']
[2025-07-31T11:47:59.483+0000] {logging_mixin.py:188} WARNING - 11:47:59 - cmdstanpy - INFO - Chain [1] start processing
[2025-07-31T11:47:59.483+0000] {model.py:2058} INFO - Chain [1] start processing
[2025-07-31T11:47:59.509+0000] {logging_mixin.py:188} WARNING - 11:47:59 - cmdstanpy - INFO - Chain [1] done processing
[2025-07-31T11:47:59.509+0000] {model.py:2115} INFO - Chain [1] done processing
[2025-07-31T11:47:59.512+0000] {logging_mixin.py:188} INFO - Erreur pour {'changepoint_prior_scale': 0.1, 'seasonality_prior_scale': 5.0, 'seasonality_mode': 'additive'}: Less data than horizon after initial window. Make horizon or initial shorter.
[2025-07-31T11:47:59.513+0000] {logging_mixin.py:188} INFO - Test 16/18: {'changepoint_prior_scale': 0.1, 'seasonality_prior_scale': 5.0, 'seasonality_mode': 'multiplicative'}
[2025-07-31T11:47:59.531+0000] {filesystem.py:118} DEBUG - input tempfile: /tmp/tmph07cscfm/97wr3fe3.json
[2025-07-31T11:47:59.553+0000] {filesystem.py:118} DEBUG - input tempfile: /tmp/tmph07cscfm/o4orm162.json
[2025-07-31T11:47:59.555+0000] {model.py:2042} DEBUG - idx 0
[2025-07-31T11:47:59.556+0000] {model.py:2043} DEBUG - running CmdStan, num_threads: None
[2025-07-31T11:47:59.556+0000] {model.py:2055} DEBUG - CmdStan args: ['/home/airflow/.local/lib/python3.11/site-packages/prophet/stan_model/prophet_model.bin', 'random', 'seed=96792', 'data', 'file=/tmp/tmph07cscfm/97wr3fe3.json', 'init=/tmp/tmph07cscfm/o4orm162.json', 'output', 'file=/tmp/tmph07cscfm/prophet_modelu3n6ci96/prophet_model-20250731114759.csv', 'method=optimize', 'algorithm=lbfgs', 'iter=10000']
[2025-07-31T11:47:59.557+0000] {logging_mixin.py:188} WARNING - 11:47:59 - cmdstanpy - INFO - Chain [1] start processing
[2025-07-31T11:47:59.557+0000] {model.py:2058} INFO - Chain [1] start processing
[2025-07-31T11:47:59.585+0000] {logging_mixin.py:188} WARNING - 11:47:59 - cmdstanpy - INFO - Chain [1] done processing
[2025-07-31T11:47:59.585+0000] {model.py:2115} INFO - Chain [1] done processing
[2025-07-31T11:47:59.589+0000] {logging_mixin.py:188} INFO - Erreur pour {'changepoint_prior_scale': 0.1, 'seasonality_prior_scale': 5.0, 'seasonality_mode': 'multiplicative'}: Less data than horizon after initial window. Make horizon or initial shorter.
[2025-07-31T11:47:59.590+0000] {logging_mixin.py:188} INFO - Test 17/18: {'changepoint_prior_scale': 0.1, 'seasonality_prior_scale': 10.0, 'seasonality_mode': 'additive'}
[2025-07-31T11:47:59.609+0000] {filesystem.py:118} DEBUG - input tempfile: /tmp/tmph07cscfm/cygvkws1.json
[2025-07-31T11:47:59.638+0000] {filesystem.py:118} DEBUG - input tempfile: /tmp/tmph07cscfm/1ac0ppf5.json
[2025-07-31T11:47:59.640+0000] {model.py:2042} DEBUG - idx 0
[2025-07-31T11:47:59.641+0000] {model.py:2043} DEBUG - running CmdStan, num_threads: None
[2025-07-31T11:47:59.642+0000] {model.py:2055} DEBUG - CmdStan args: ['/home/airflow/.local/lib/python3.11/site-packages/prophet/stan_model/prophet_model.bin', 'random', 'seed=42816', 'data', 'file=/tmp/tmph07cscfm/cygvkws1.json', 'init=/tmp/tmph07cscfm/1ac0ppf5.json', 'output', 'file=/tmp/tmph07cscfm/prophet_modelwg_35n4b/prophet_model-20250731114759.csv', 'method=optimize', 'algorithm=lbfgs', 'iter=10000']
[2025-07-31T11:47:59.642+0000] {logging_mixin.py:188} WARNING - 11:47:59 - cmdstanpy - INFO - Chain [1] start processing
[2025-07-31T11:47:59.642+0000] {model.py:2058} INFO - Chain [1] start processing
[2025-07-31T11:47:59.676+0000] {logging_mixin.py:188} WARNING - 11:47:59 - cmdstanpy - INFO - Chain [1] done processing
[2025-07-31T11:47:59.676+0000] {model.py:2115} INFO - Chain [1] done processing
[2025-07-31T11:47:59.681+0000] {logging_mixin.py:188} INFO - Erreur pour {'changepoint_prior_scale': 0.1, 'seasonality_prior_scale': 10.0, 'seasonality_mode': 'additive'}: Less data than horizon after initial window. Make horizon or initial shorter.
[2025-07-31T11:47:59.682+0000] {logging_mixin.py:188} INFO - Test 18/18: {'changepoint_prior_scale': 0.1, 'seasonality_prior_scale': 10.0, 'seasonality_mode': 'multiplicative'}
[2025-07-31T11:47:59.698+0000] {filesystem.py:118} DEBUG - input tempfile: /tmp/tmph07cscfm/9gved780.json
[2025-07-31T11:47:59.723+0000] {filesystem.py:118} DEBUG - input tempfile: /tmp/tmph07cscfm/la2_ufem.json
[2025-07-31T11:47:59.725+0000] {model.py:2042} DEBUG - idx 0
[2025-07-31T11:47:59.725+0000] {model.py:2043} DEBUG - running CmdStan, num_threads: None
[2025-07-31T11:47:59.726+0000] {model.py:2055} DEBUG - CmdStan args: ['/home/airflow/.local/lib/python3.11/site-packages/prophet/stan_model/prophet_model.bin', 'random', 'seed=95528', 'data', 'file=/tmp/tmph07cscfm/9gved780.json', 'init=/tmp/tmph07cscfm/la2_ufem.json', 'output', 'file=/tmp/tmph07cscfm/prophet_modelllmthbcy/prophet_model-20250731114759.csv', 'method=optimize', 'algorithm=lbfgs', 'iter=10000']
[2025-07-31T11:47:59.727+0000] {logging_mixin.py:188} WARNING - 11:47:59 - cmdstanpy - INFO - Chain [1] start processing
[2025-07-31T11:47:59.727+0000] {model.py:2058} INFO - Chain [1] start processing
[2025-07-31T11:47:59.758+0000] {logging_mixin.py:188} WARNING - 11:47:59 - cmdstanpy - INFO - Chain [1] done processing
[2025-07-31T11:47:59.758+0000] {model.py:2115} INFO - Chain [1] done processing
[2025-07-31T11:47:59.762+0000] {logging_mixin.py:188} INFO - Erreur pour {'changepoint_prior_scale': 0.1, 'seasonality_prior_scale': 10.0, 'seasonality_mode': 'multiplicative'}: Less data than horizon after initial window. Make horizon or initial shorter.
[2025-07-31T11:47:59.763+0000] {taskinstance.py:441} INFO - ::group::Post task execution logs
[2025-07-31T11:47:59.763+0000] {taskinstance.py:2905} ERROR - Task failed with exception
Traceback (most recent call last):
  File "/home/airflow/.local/lib/python3.11/site-packages/airflow/models/taskinstance.py", line 465, in _execute_task
    result = _execute_callable(context=context, **execute_callable_kwargs)
             ^^^^^^^^^^^^^^^^^^^^^^^^^^^^^^^^^^^^^^^^^^^^^^^^^^^^^^^^^^^^^
  File "/home/airflow/.local/lib/python3.11/site-packages/airflow/models/taskinstance.py", line 432, in _execute_callable
    return execute_callable(context=context, **execute_callable_kwargs)
           ^^^^^^^^^^^^^^^^^^^^^^^^^^^^^^^^^^^^^^^^^^^^^^^^^^^^^^^^^^^^
  File "/home/airflow/.local/lib/python3.11/site-packages/airflow/models/baseoperator.py", line 401, in wrapper
    return func(self, *args, **kwargs)
           ^^^^^^^^^^^^^^^^^^^^^^^^^^^
  File "/home/airflow/.local/lib/python3.11/site-packages/airflow/operators/python.py", line 235, in execute
    return_value = self.execute_callable()
                   ^^^^^^^^^^^^^^^^^^^^^^^
  File "/home/airflow/.local/lib/python3.11/site-packages/airflow/operators/python.py", line 252, in execute_callable
    return self.python_callable(*self.op_args, **self.op_kwargs)
           ^^^^^^^^^^^^^^^^^^^^^^^^^^^^^^^^^^^^^^^^^^^^^^^^^^^^^
  File "/opt/airflow/dags/scripts/train_prophet.py", line 92, in train_prophet
    best_model_temp, scores_temp = optimize_prophet_model(temp_df)
                                   ^^^^^^^^^^^^^^^^^^^^^^^^^^^^^^^
  File "/opt/airflow/dags/scripts/train_prophet.py", line 44, in optimize_prophet_model
    best = min(results, key=lambda x: x[1])
           ^^^^^^^^^^^^^^^^^^^^^^^^^^^^^^^^
ValueError: min() arg is an empty sequence
[2025-07-31T11:47:59.815+0000] {taskinstance.py:1206} INFO - Marking task as UP_FOR_RETRY. dag_id=solar_ai_pipeline_2, task_id=train_prophet, run_id=scheduled__2023-07-07T00:00:00+00:00, execution_date=20230707T000000, start_date=20250731T114755, end_date=20250731T114759
[2025-07-31T11:47:59.948+0000] {standard_task_runner.py:110} ERROR - Failed to execute job 2894 for task train_prophet (min() arg is an empty sequence; 3354)
[2025-07-31T11:48:00.027+0000] {local_task_job_runner.py:240} INFO - Task exited with return code 1
[2025-07-31T11:48:00.118+0000] {taskinstance.py:3503} INFO - 0 downstream tasks scheduled from follow-on schedule check
[2025-07-31T11:48:00.124+0000] {local_task_job_runner.py:222} INFO - ::endgroup::
