[2025-07-31T12:01:21.434+0000] {local_task_job_runner.py:120} INFO - ::group::Pre task execution logs
[2025-07-31T12:01:21.535+0000] {taskinstance.py:2076} INFO - Dependencies all met for dep_context=non-requeueable deps ti=<TaskInstance: solar_ai_pipeline_2.train_prophet scheduled__2023-07-07T00:00:00+00:00 [queued]>
[2025-07-31T12:01:21.569+0000] {taskinstance.py:2076} INFO - Dependencies all met for dep_context=requeueable deps ti=<TaskInstance: solar_ai_pipeline_2.train_prophet scheduled__2023-07-07T00:00:00+00:00 [queued]>
[2025-07-31T12:01:21.573+0000] {taskinstance.py:2306} INFO - Starting attempt 4 of 4
[2025-07-31T12:01:21.652+0000] {taskinstance.py:2330} INFO - Executing <Task(PythonOperator): train_prophet> on 2023-07-07 00:00:00+00:00
[2025-07-31T12:01:21.667+0000] {standard_task_runner.py:63} INFO - Started process 4167 to run task
[2025-07-31T12:01:21.675+0000] {standard_task_runner.py:90} INFO - Running: ['airflow', 'tasks', 'run', 'solar_ai_pipeline_2', 'train_prophet', 'scheduled__2023-07-07T00:00:00+00:00', '--job-id', '2923', '--raw', '--subdir', 'DAGS_FOLDER/prophet_pipeline.py', '--cfg-path', '/tmp/tmpcvq4uid1']
[2025-07-31T12:01:21.680+0000] {standard_task_runner.py:91} INFO - Job 2923: Subtask train_prophet
[2025-07-31T12:01:21.890+0000] {task_command.py:426} INFO - Running <TaskInstance: solar_ai_pipeline_2.train_prophet scheduled__2023-07-07T00:00:00+00:00 [running]> on host a2a0dd314bdc
[2025-07-31T12:01:22.260+0000] {taskinstance.py:2648} INFO - Exporting env vars: AIRFLOW_CTX_DAG_OWNER='ensam' AIRFLOW_CTX_DAG_ID='solar_ai_pipeline_2' AIRFLOW_CTX_TASK_ID='train_prophet' AIRFLOW_CTX_EXECUTION_DATE='2023-07-07T00:00:00+00:00' AIRFLOW_CTX_TRY_NUMBER='4' AIRFLOW_CTX_DAG_RUN_ID='scheduled__2023-07-07T00:00:00+00:00'
[2025-07-31T12:01:22.261+0000] {taskinstance.py:430} INFO - ::endgroup::
[2025-07-31T12:01:23.184+0000] {plot.py:39} ERROR - Importing plotly failed. Interactive plots will not work.
[2025-07-31T12:01:23.192+0000] {logging_mixin.py:188} INFO - Training from 2023-01-01 to 2023-01-08
[2025-07-31T12:01:23.361+0000] {logging_mixin.py:188} INFO - Test 1/18: {'changepoint_prior_scale': 0.01, 'seasonality_prior_scale': 1.0, 'seasonality_mode': 'additive'}
[2025-07-31T12:01:23.417+0000] {filesystem.py:118} DEBUG - input tempfile: /tmp/tmpw5myzdas/9wqeybcj.json
[2025-07-31T12:01:23.440+0000] {filesystem.py:118} DEBUG - input tempfile: /tmp/tmpw5myzdas/nk8ea3xa.json
[2025-07-31T12:01:23.443+0000] {model.py:2042} DEBUG - idx 0
[2025-07-31T12:01:23.444+0000] {model.py:2043} DEBUG - running CmdStan, num_threads: None
[2025-07-31T12:01:23.445+0000] {model.py:2055} DEBUG - CmdStan args: ['/home/airflow/.local/lib/python3.11/site-packages/prophet/stan_model/prophet_model.bin', 'random', 'seed=27213', 'data', 'file=/tmp/tmpw5myzdas/9wqeybcj.json', 'init=/tmp/tmpw5myzdas/nk8ea3xa.json', 'output', 'file=/tmp/tmpw5myzdas/prophet_modelxqy1nf7x/prophet_model-20250731120123.csv', 'method=optimize', 'algorithm=lbfgs', 'iter=10000']
[2025-07-31T12:01:23.446+0000] {logging_mixin.py:188} WARNING - 12:01:23 - cmdstanpy - INFO - Chain [1] start processing
[2025-07-31T12:01:23.445+0000] {model.py:2058} INFO - Chain [1] start processing
[2025-07-31T12:01:23.472+0000] {logging_mixin.py:188} WARNING - 12:01:23 - cmdstanpy - INFO - Chain [1] done processing
[2025-07-31T12:01:23.472+0000] {model.py:2115} INFO - Chain [1] done processing
[2025-07-31T12:01:23.476+0000] {logging_mixin.py:188} INFO - Erreur pour {'changepoint_prior_scale': 0.01, 'seasonality_prior_scale': 1.0, 'seasonality_mode': 'additive'}: Less data than horizon after initial window. Make horizon or initial shorter.
[2025-07-31T12:01:23.477+0000] {logging_mixin.py:188} INFO - Test 2/18: {'changepoint_prior_scale': 0.01, 'seasonality_prior_scale': 1.0, 'seasonality_mode': 'multiplicative'}
[2025-07-31T12:01:23.495+0000] {filesystem.py:118} DEBUG - input tempfile: /tmp/tmpw5myzdas/ux2av_c7.json
[2025-07-31T12:01:23.518+0000] {filesystem.py:118} DEBUG - input tempfile: /tmp/tmpw5myzdas/zdxe7zi0.json
[2025-07-31T12:01:23.522+0000] {model.py:2042} DEBUG - idx 0
[2025-07-31T12:01:23.523+0000] {model.py:2043} DEBUG - running CmdStan, num_threads: None
[2025-07-31T12:01:23.523+0000] {model.py:2055} DEBUG - CmdStan args: ['/home/airflow/.local/lib/python3.11/site-packages/prophet/stan_model/prophet_model.bin', 'random', 'seed=77030', 'data', 'file=/tmp/tmpw5myzdas/ux2av_c7.json', 'init=/tmp/tmpw5myzdas/zdxe7zi0.json', 'output', 'file=/tmp/tmpw5myzdas/prophet_modelixtkw856/prophet_model-20250731120123.csv', 'method=optimize', 'algorithm=lbfgs', 'iter=10000']
[2025-07-31T12:01:23.525+0000] {logging_mixin.py:188} WARNING - 12:01:23 - cmdstanpy - INFO - Chain [1] start processing
[2025-07-31T12:01:23.524+0000] {model.py:2058} INFO - Chain [1] start processing
[2025-07-31T12:01:23.553+0000] {logging_mixin.py:188} WARNING - 12:01:23 - cmdstanpy - INFO - Chain [1] done processing
[2025-07-31T12:01:23.553+0000] {model.py:2115} INFO - Chain [1] done processing
[2025-07-31T12:01:23.556+0000] {logging_mixin.py:188} INFO - Erreur pour {'changepoint_prior_scale': 0.01, 'seasonality_prior_scale': 1.0, 'seasonality_mode': 'multiplicative'}: Less data than horizon after initial window. Make horizon or initial shorter.
[2025-07-31T12:01:23.557+0000] {logging_mixin.py:188} INFO - Test 3/18: {'changepoint_prior_scale': 0.01, 'seasonality_prior_scale': 5.0, 'seasonality_mode': 'additive'}
[2025-07-31T12:01:23.573+0000] {filesystem.py:118} DEBUG - input tempfile: /tmp/tmpw5myzdas/m9wv9m6l.json
[2025-07-31T12:01:23.596+0000] {filesystem.py:118} DEBUG - input tempfile: /tmp/tmpw5myzdas/zzfsuayb.json
[2025-07-31T12:01:23.597+0000] {model.py:2042} DEBUG - idx 0
[2025-07-31T12:01:23.598+0000] {model.py:2043} DEBUG - running CmdStan, num_threads: None
[2025-07-31T12:01:23.598+0000] {model.py:2055} DEBUG - CmdStan args: ['/home/airflow/.local/lib/python3.11/site-packages/prophet/stan_model/prophet_model.bin', 'random', 'seed=68572', 'data', 'file=/tmp/tmpw5myzdas/m9wv9m6l.json', 'init=/tmp/tmpw5myzdas/zzfsuayb.json', 'output', 'file=/tmp/tmpw5myzdas/prophet_model07lqza_6/prophet_model-20250731120123.csv', 'method=optimize', 'algorithm=lbfgs', 'iter=10000']
[2025-07-31T12:01:23.599+0000] {logging_mixin.py:188} WARNING - 12:01:23 - cmdstanpy - INFO - Chain [1] start processing
[2025-07-31T12:01:23.599+0000] {model.py:2058} INFO - Chain [1] start processing
[2025-07-31T12:01:23.620+0000] {logging_mixin.py:188} WARNING - 12:01:23 - cmdstanpy - INFO - Chain [1] done processing
[2025-07-31T12:01:23.620+0000] {model.py:2115} INFO - Chain [1] done processing
[2025-07-31T12:01:23.624+0000] {logging_mixin.py:188} INFO - Erreur pour {'changepoint_prior_scale': 0.01, 'seasonality_prior_scale': 5.0, 'seasonality_mode': 'additive'}: Less data than horizon after initial window. Make horizon or initial shorter.
[2025-07-31T12:01:23.624+0000] {logging_mixin.py:188} INFO - Test 4/18: {'changepoint_prior_scale': 0.01, 'seasonality_prior_scale': 5.0, 'seasonality_mode': 'multiplicative'}
[2025-07-31T12:01:23.641+0000] {filesystem.py:118} DEBUG - input tempfile: /tmp/tmpw5myzdas/2mzqs9dh.json
[2025-07-31T12:01:23.662+0000] {filesystem.py:118} DEBUG - input tempfile: /tmp/tmpw5myzdas/4_og9avm.json
[2025-07-31T12:01:23.663+0000] {model.py:2042} DEBUG - idx 0
[2025-07-31T12:01:23.664+0000] {model.py:2043} DEBUG - running CmdStan, num_threads: None
[2025-07-31T12:01:23.664+0000] {model.py:2055} DEBUG - CmdStan args: ['/home/airflow/.local/lib/python3.11/site-packages/prophet/stan_model/prophet_model.bin', 'random', 'seed=32559', 'data', 'file=/tmp/tmpw5myzdas/2mzqs9dh.json', 'init=/tmp/tmpw5myzdas/4_og9avm.json', 'output', 'file=/tmp/tmpw5myzdas/prophet_modeloxhzfeqx/prophet_model-20250731120123.csv', 'method=optimize', 'algorithm=lbfgs', 'iter=10000']
[2025-07-31T12:01:23.665+0000] {logging_mixin.py:188} WARNING - 12:01:23 - cmdstanpy - INFO - Chain [1] start processing
[2025-07-31T12:01:23.665+0000] {model.py:2058} INFO - Chain [1] start processing
[2025-07-31T12:01:23.694+0000] {logging_mixin.py:188} WARNING - 12:01:23 - cmdstanpy - INFO - Chain [1] done processing
[2025-07-31T12:01:23.694+0000] {model.py:2115} INFO - Chain [1] done processing
[2025-07-31T12:01:23.697+0000] {logging_mixin.py:188} INFO - Erreur pour {'changepoint_prior_scale': 0.01, 'seasonality_prior_scale': 5.0, 'seasonality_mode': 'multiplicative'}: Less data than horizon after initial window. Make horizon or initial shorter.
[2025-07-31T12:01:23.698+0000] {logging_mixin.py:188} INFO - Test 5/18: {'changepoint_prior_scale': 0.01, 'seasonality_prior_scale': 10.0, 'seasonality_mode': 'additive'}
[2025-07-31T12:01:23.717+0000] {filesystem.py:118} DEBUG - input tempfile: /tmp/tmpw5myzdas/v6mmw_5h.json
[2025-07-31T12:01:23.738+0000] {filesystem.py:118} DEBUG - input tempfile: /tmp/tmpw5myzdas/6ajmgz42.json
[2025-07-31T12:01:23.739+0000] {model.py:2042} DEBUG - idx 0
[2025-07-31T12:01:23.740+0000] {model.py:2043} DEBUG - running CmdStan, num_threads: None
[2025-07-31T12:01:23.740+0000] {model.py:2055} DEBUG - CmdStan args: ['/home/airflow/.local/lib/python3.11/site-packages/prophet/stan_model/prophet_model.bin', 'random', 'seed=42456', 'data', 'file=/tmp/tmpw5myzdas/v6mmw_5h.json', 'init=/tmp/tmpw5myzdas/6ajmgz42.json', 'output', 'file=/tmp/tmpw5myzdas/prophet_modelvhh744x0/prophet_model-20250731120123.csv', 'method=optimize', 'algorithm=lbfgs', 'iter=10000']
[2025-07-31T12:01:23.741+0000] {logging_mixin.py:188} WARNING - 12:01:23 - cmdstanpy - INFO - Chain [1] start processing
[2025-07-31T12:01:23.741+0000] {model.py:2058} INFO - Chain [1] start processing
[2025-07-31T12:01:23.763+0000] {logging_mixin.py:188} WARNING - 12:01:23 - cmdstanpy - INFO - Chain [1] done processing
[2025-07-31T12:01:23.763+0000] {model.py:2115} INFO - Chain [1] done processing
[2025-07-31T12:01:23.766+0000] {logging_mixin.py:188} INFO - Erreur pour {'changepoint_prior_scale': 0.01, 'seasonality_prior_scale': 10.0, 'seasonality_mode': 'additive'}: Less data than horizon after initial window. Make horizon or initial shorter.
[2025-07-31T12:01:23.767+0000] {logging_mixin.py:188} INFO - Test 6/18: {'changepoint_prior_scale': 0.01, 'seasonality_prior_scale': 10.0, 'seasonality_mode': 'multiplicative'}
[2025-07-31T12:01:23.782+0000] {filesystem.py:118} DEBUG - input tempfile: /tmp/tmpw5myzdas/0inoq4vb.json
[2025-07-31T12:01:23.804+0000] {filesystem.py:118} DEBUG - input tempfile: /tmp/tmpw5myzdas/o8y505a9.json
[2025-07-31T12:01:23.805+0000] {model.py:2042} DEBUG - idx 0
[2025-07-31T12:01:23.806+0000] {model.py:2043} DEBUG - running CmdStan, num_threads: None
[2025-07-31T12:01:23.806+0000] {model.py:2055} DEBUG - CmdStan args: ['/home/airflow/.local/lib/python3.11/site-packages/prophet/stan_model/prophet_model.bin', 'random', 'seed=73173', 'data', 'file=/tmp/tmpw5myzdas/0inoq4vb.json', 'init=/tmp/tmpw5myzdas/o8y505a9.json', 'output', 'file=/tmp/tmpw5myzdas/prophet_modelp6uxv23p/prophet_model-20250731120123.csv', 'method=optimize', 'algorithm=lbfgs', 'iter=10000']
[2025-07-31T12:01:23.807+0000] {logging_mixin.py:188} WARNING - 12:01:23 - cmdstanpy - INFO - Chain [1] start processing
[2025-07-31T12:01:23.807+0000] {model.py:2058} INFO - Chain [1] start processing
[2025-07-31T12:01:23.832+0000] {logging_mixin.py:188} WARNING - 12:01:23 - cmdstanpy - INFO - Chain [1] done processing
[2025-07-31T12:01:23.832+0000] {model.py:2115} INFO - Chain [1] done processing
[2025-07-31T12:01:23.835+0000] {logging_mixin.py:188} INFO - Erreur pour {'changepoint_prior_scale': 0.01, 'seasonality_prior_scale': 10.0, 'seasonality_mode': 'multiplicative'}: Less data than horizon after initial window. Make horizon or initial shorter.
[2025-07-31T12:01:23.836+0000] {logging_mixin.py:188} INFO - Test 7/18: {'changepoint_prior_scale': 0.05, 'seasonality_prior_scale': 1.0, 'seasonality_mode': 'additive'}
[2025-07-31T12:01:23.851+0000] {filesystem.py:118} DEBUG - input tempfile: /tmp/tmpw5myzdas/489oly0p.json
[2025-07-31T12:01:23.873+0000] {filesystem.py:118} DEBUG - input tempfile: /tmp/tmpw5myzdas/hd_21sqs.json
[2025-07-31T12:01:23.875+0000] {model.py:2042} DEBUG - idx 0
[2025-07-31T12:01:23.875+0000] {model.py:2043} DEBUG - running CmdStan, num_threads: None
[2025-07-31T12:01:23.876+0000] {model.py:2055} DEBUG - CmdStan args: ['/home/airflow/.local/lib/python3.11/site-packages/prophet/stan_model/prophet_model.bin', 'random', 'seed=24791', 'data', 'file=/tmp/tmpw5myzdas/489oly0p.json', 'init=/tmp/tmpw5myzdas/hd_21sqs.json', 'output', 'file=/tmp/tmpw5myzdas/prophet_modelqrlue4p0/prophet_model-20250731120123.csv', 'method=optimize', 'algorithm=lbfgs', 'iter=10000']
[2025-07-31T12:01:23.876+0000] {logging_mixin.py:188} WARNING - 12:01:23 - cmdstanpy - INFO - Chain [1] start processing
[2025-07-31T12:01:23.876+0000] {model.py:2058} INFO - Chain [1] start processing
[2025-07-31T12:01:23.900+0000] {logging_mixin.py:188} WARNING - 12:01:23 - cmdstanpy - INFO - Chain [1] done processing
[2025-07-31T12:01:23.900+0000] {model.py:2115} INFO - Chain [1] done processing
[2025-07-31T12:01:23.903+0000] {logging_mixin.py:188} INFO - Erreur pour {'changepoint_prior_scale': 0.05, 'seasonality_prior_scale': 1.0, 'seasonality_mode': 'additive'}: Less data than horizon after initial window. Make horizon or initial shorter.
[2025-07-31T12:01:23.904+0000] {logging_mixin.py:188} INFO - Test 8/18: {'changepoint_prior_scale': 0.05, 'seasonality_prior_scale': 1.0, 'seasonality_mode': 'multiplicative'}
[2025-07-31T12:01:23.920+0000] {filesystem.py:118} DEBUG - input tempfile: /tmp/tmpw5myzdas/hxgnmb7i.json
[2025-07-31T12:01:23.941+0000] {filesystem.py:118} DEBUG - input tempfile: /tmp/tmpw5myzdas/4wqfc0xr.json
[2025-07-31T12:01:23.943+0000] {model.py:2042} DEBUG - idx 0
[2025-07-31T12:01:23.944+0000] {model.py:2043} DEBUG - running CmdStan, num_threads: None
[2025-07-31T12:01:23.944+0000] {model.py:2055} DEBUG - CmdStan args: ['/home/airflow/.local/lib/python3.11/site-packages/prophet/stan_model/prophet_model.bin', 'random', 'seed=44776', 'data', 'file=/tmp/tmpw5myzdas/hxgnmb7i.json', 'init=/tmp/tmpw5myzdas/4wqfc0xr.json', 'output', 'file=/tmp/tmpw5myzdas/prophet_modelbcrmnx3s/prophet_model-20250731120123.csv', 'method=optimize', 'algorithm=lbfgs', 'iter=10000']
[2025-07-31T12:01:23.945+0000] {logging_mixin.py:188} WARNING - 12:01:23 - cmdstanpy - INFO - Chain [1] start processing
[2025-07-31T12:01:23.944+0000] {model.py:2058} INFO - Chain [1] start processing
[2025-07-31T12:01:23.972+0000] {logging_mixin.py:188} WARNING - 12:01:23 - cmdstanpy - INFO - Chain [1] done processing
[2025-07-31T12:01:23.972+0000] {model.py:2115} INFO - Chain [1] done processing
[2025-07-31T12:01:23.975+0000] {logging_mixin.py:188} INFO - Erreur pour {'changepoint_prior_scale': 0.05, 'seasonality_prior_scale': 1.0, 'seasonality_mode': 'multiplicative'}: Less data than horizon after initial window. Make horizon or initial shorter.
[2025-07-31T12:01:23.976+0000] {logging_mixin.py:188} INFO - Test 9/18: {'changepoint_prior_scale': 0.05, 'seasonality_prior_scale': 5.0, 'seasonality_mode': 'additive'}
[2025-07-31T12:01:23.992+0000] {filesystem.py:118} DEBUG - input tempfile: /tmp/tmpw5myzdas/ef8vhowg.json
[2025-07-31T12:01:24.014+0000] {filesystem.py:118} DEBUG - input tempfile: /tmp/tmpw5myzdas/kakqcryz.json
[2025-07-31T12:01:24.015+0000] {model.py:2042} DEBUG - idx 0
[2025-07-31T12:01:24.016+0000] {model.py:2043} DEBUG - running CmdStan, num_threads: None
[2025-07-31T12:01:24.016+0000] {model.py:2055} DEBUG - CmdStan args: ['/home/airflow/.local/lib/python3.11/site-packages/prophet/stan_model/prophet_model.bin', 'random', 'seed=62220', 'data', 'file=/tmp/tmpw5myzdas/ef8vhowg.json', 'init=/tmp/tmpw5myzdas/kakqcryz.json', 'output', 'file=/tmp/tmpw5myzdas/prophet_model94557ctl/prophet_model-20250731120124.csv', 'method=optimize', 'algorithm=lbfgs', 'iter=10000']
[2025-07-31T12:01:24.017+0000] {logging_mixin.py:188} WARNING - 12:01:24 - cmdstanpy - INFO - Chain [1] start processing
[2025-07-31T12:01:24.017+0000] {model.py:2058} INFO - Chain [1] start processing
[2025-07-31T12:01:24.043+0000] {logging_mixin.py:188} WARNING - 12:01:24 - cmdstanpy - INFO - Chain [1] done processing
[2025-07-31T12:01:24.043+0000] {model.py:2115} INFO - Chain [1] done processing
[2025-07-31T12:01:24.046+0000] {logging_mixin.py:188} INFO - Erreur pour {'changepoint_prior_scale': 0.05, 'seasonality_prior_scale': 5.0, 'seasonality_mode': 'additive'}: Less data than horizon after initial window. Make horizon or initial shorter.
[2025-07-31T12:01:24.047+0000] {logging_mixin.py:188} INFO - Test 10/18: {'changepoint_prior_scale': 0.05, 'seasonality_prior_scale': 5.0, 'seasonality_mode': 'multiplicative'}
[2025-07-31T12:01:24.062+0000] {filesystem.py:118} DEBUG - input tempfile: /tmp/tmpw5myzdas/w4y_ojbb.json
[2025-07-31T12:01:24.083+0000] {filesystem.py:118} DEBUG - input tempfile: /tmp/tmpw5myzdas/inza431v.json
[2025-07-31T12:01:24.085+0000] {model.py:2042} DEBUG - idx 0
[2025-07-31T12:01:24.085+0000] {model.py:2043} DEBUG - running CmdStan, num_threads: None
[2025-07-31T12:01:24.086+0000] {model.py:2055} DEBUG - CmdStan args: ['/home/airflow/.local/lib/python3.11/site-packages/prophet/stan_model/prophet_model.bin', 'random', 'seed=30650', 'data', 'file=/tmp/tmpw5myzdas/w4y_ojbb.json', 'init=/tmp/tmpw5myzdas/inza431v.json', 'output', 'file=/tmp/tmpw5myzdas/prophet_model55wbrz03/prophet_model-20250731120124.csv', 'method=optimize', 'algorithm=lbfgs', 'iter=10000']
[2025-07-31T12:01:24.086+0000] {logging_mixin.py:188} WARNING - 12:01:24 - cmdstanpy - INFO - Chain [1] start processing
[2025-07-31T12:01:24.086+0000] {model.py:2058} INFO - Chain [1] start processing
[2025-07-31T12:01:24.113+0000] {logging_mixin.py:188} WARNING - 12:01:24 - cmdstanpy - INFO - Chain [1] done processing
[2025-07-31T12:01:24.113+0000] {model.py:2115} INFO - Chain [1] done processing
[2025-07-31T12:01:24.116+0000] {logging_mixin.py:188} INFO - Erreur pour {'changepoint_prior_scale': 0.05, 'seasonality_prior_scale': 5.0, 'seasonality_mode': 'multiplicative'}: Less data than horizon after initial window. Make horizon or initial shorter.
[2025-07-31T12:01:24.116+0000] {logging_mixin.py:188} INFO - Test 11/18: {'changepoint_prior_scale': 0.05, 'seasonality_prior_scale': 10.0, 'seasonality_mode': 'additive'}
[2025-07-31T12:01:24.133+0000] {filesystem.py:118} DEBUG - input tempfile: /tmp/tmpw5myzdas/y2juefa_.json
[2025-07-31T12:01:24.154+0000] {filesystem.py:118} DEBUG - input tempfile: /tmp/tmpw5myzdas/960xey2j.json
[2025-07-31T12:01:24.155+0000] {model.py:2042} DEBUG - idx 0
[2025-07-31T12:01:24.156+0000] {model.py:2043} DEBUG - running CmdStan, num_threads: None
[2025-07-31T12:01:24.156+0000] {model.py:2055} DEBUG - CmdStan args: ['/home/airflow/.local/lib/python3.11/site-packages/prophet/stan_model/prophet_model.bin', 'random', 'seed=16637', 'data', 'file=/tmp/tmpw5myzdas/y2juefa_.json', 'init=/tmp/tmpw5myzdas/960xey2j.json', 'output', 'file=/tmp/tmpw5myzdas/prophet_modelut1fka_2/prophet_model-20250731120124.csv', 'method=optimize', 'algorithm=lbfgs', 'iter=10000']
[2025-07-31T12:01:24.157+0000] {logging_mixin.py:188} WARNING - 12:01:24 - cmdstanpy - INFO - Chain [1] start processing
[2025-07-31T12:01:24.157+0000] {model.py:2058} INFO - Chain [1] start processing
[2025-07-31T12:01:24.183+0000] {logging_mixin.py:188} WARNING - 12:01:24 - cmdstanpy - INFO - Chain [1] done processing
[2025-07-31T12:01:24.183+0000] {model.py:2115} INFO - Chain [1] done processing
[2025-07-31T12:01:24.188+0000] {logging_mixin.py:188} INFO - Erreur pour {'changepoint_prior_scale': 0.05, 'seasonality_prior_scale': 10.0, 'seasonality_mode': 'additive'}: Less data than horizon after initial window. Make horizon or initial shorter.
[2025-07-31T12:01:24.189+0000] {logging_mixin.py:188} INFO - Test 12/18: {'changepoint_prior_scale': 0.05, 'seasonality_prior_scale': 10.0, 'seasonality_mode': 'multiplicative'}
[2025-07-31T12:01:24.209+0000] {filesystem.py:118} DEBUG - input tempfile: /tmp/tmpw5myzdas/i4dk_wq5.json
[2025-07-31T12:01:24.231+0000] {filesystem.py:118} DEBUG - input tempfile: /tmp/tmpw5myzdas/xq_uwpim.json
[2025-07-31T12:01:24.232+0000] {model.py:2042} DEBUG - idx 0
[2025-07-31T12:01:24.233+0000] {model.py:2043} DEBUG - running CmdStan, num_threads: None
[2025-07-31T12:01:24.233+0000] {model.py:2055} DEBUG - CmdStan args: ['/home/airflow/.local/lib/python3.11/site-packages/prophet/stan_model/prophet_model.bin', 'random', 'seed=86187', 'data', 'file=/tmp/tmpw5myzdas/i4dk_wq5.json', 'init=/tmp/tmpw5myzdas/xq_uwpim.json', 'output', 'file=/tmp/tmpw5myzdas/prophet_model9825zvmh/prophet_model-20250731120124.csv', 'method=optimize', 'algorithm=lbfgs', 'iter=10000']
[2025-07-31T12:01:24.234+0000] {logging_mixin.py:188} WARNING - 12:01:24 - cmdstanpy - INFO - Chain [1] start processing
[2025-07-31T12:01:24.234+0000] {model.py:2058} INFO - Chain [1] start processing
[2025-07-31T12:01:24.259+0000] {logging_mixin.py:188} WARNING - 12:01:24 - cmdstanpy - INFO - Chain [1] done processing
[2025-07-31T12:01:24.259+0000] {model.py:2115} INFO - Chain [1] done processing
[2025-07-31T12:01:24.262+0000] {logging_mixin.py:188} INFO - Erreur pour {'changepoint_prior_scale': 0.05, 'seasonality_prior_scale': 10.0, 'seasonality_mode': 'multiplicative'}: Less data than horizon after initial window. Make horizon or initial shorter.
[2025-07-31T12:01:24.263+0000] {logging_mixin.py:188} INFO - Test 13/18: {'changepoint_prior_scale': 0.1, 'seasonality_prior_scale': 1.0, 'seasonality_mode': 'additive'}
[2025-07-31T12:01:24.278+0000] {filesystem.py:118} DEBUG - input tempfile: /tmp/tmpw5myzdas/pvyeja_z.json
[2025-07-31T12:01:24.299+0000] {filesystem.py:118} DEBUG - input tempfile: /tmp/tmpw5myzdas/22fzgjj_.json
[2025-07-31T12:01:24.300+0000] {model.py:2042} DEBUG - idx 0
[2025-07-31T12:01:24.301+0000] {model.py:2043} DEBUG - running CmdStan, num_threads: None
[2025-07-31T12:01:24.302+0000] {model.py:2055} DEBUG - CmdStan args: ['/home/airflow/.local/lib/python3.11/site-packages/prophet/stan_model/prophet_model.bin', 'random', 'seed=67729', 'data', 'file=/tmp/tmpw5myzdas/pvyeja_z.json', 'init=/tmp/tmpw5myzdas/22fzgjj_.json', 'output', 'file=/tmp/tmpw5myzdas/prophet_modelaqnp0tw8/prophet_model-20250731120124.csv', 'method=optimize', 'algorithm=lbfgs', 'iter=10000']
[2025-07-31T12:01:24.302+0000] {logging_mixin.py:188} WARNING - 12:01:24 - cmdstanpy - INFO - Chain [1] start processing
[2025-07-31T12:01:24.302+0000] {model.py:2058} INFO - Chain [1] start processing
[2025-07-31T12:01:24.329+0000] {logging_mixin.py:188} WARNING - 12:01:24 - cmdstanpy - INFO - Chain [1] done processing
[2025-07-31T12:01:24.329+0000] {model.py:2115} INFO - Chain [1] done processing
[2025-07-31T12:01:24.332+0000] {logging_mixin.py:188} INFO - Erreur pour {'changepoint_prior_scale': 0.1, 'seasonality_prior_scale': 1.0, 'seasonality_mode': 'additive'}: Less data than horizon after initial window. Make horizon or initial shorter.
[2025-07-31T12:01:24.332+0000] {logging_mixin.py:188} INFO - Test 14/18: {'changepoint_prior_scale': 0.1, 'seasonality_prior_scale': 1.0, 'seasonality_mode': 'multiplicative'}
[2025-07-31T12:01:24.348+0000] {filesystem.py:118} DEBUG - input tempfile: /tmp/tmpw5myzdas/ffuqh9yp.json
[2025-07-31T12:01:24.368+0000] {filesystem.py:118} DEBUG - input tempfile: /tmp/tmpw5myzdas/j46qlbns.json
[2025-07-31T12:01:24.370+0000] {model.py:2042} DEBUG - idx 0
[2025-07-31T12:01:24.370+0000] {model.py:2043} DEBUG - running CmdStan, num_threads: None
[2025-07-31T12:01:24.371+0000] {model.py:2055} DEBUG - CmdStan args: ['/home/airflow/.local/lib/python3.11/site-packages/prophet/stan_model/prophet_model.bin', 'random', 'seed=98618', 'data', 'file=/tmp/tmpw5myzdas/ffuqh9yp.json', 'init=/tmp/tmpw5myzdas/j46qlbns.json', 'output', 'file=/tmp/tmpw5myzdas/prophet_modeluhnl3v6f/prophet_model-20250731120124.csv', 'method=optimize', 'algorithm=lbfgs', 'iter=10000']
[2025-07-31T12:01:24.371+0000] {logging_mixin.py:188} WARNING - 12:01:24 - cmdstanpy - INFO - Chain [1] start processing
[2025-07-31T12:01:24.371+0000] {model.py:2058} INFO - Chain [1] start processing
[2025-07-31T12:01:24.401+0000] {logging_mixin.py:188} WARNING - 12:01:24 - cmdstanpy - INFO - Chain [1] done processing
[2025-07-31T12:01:24.401+0000] {model.py:2115} INFO - Chain [1] done processing
[2025-07-31T12:01:24.404+0000] {logging_mixin.py:188} INFO - Erreur pour {'changepoint_prior_scale': 0.1, 'seasonality_prior_scale': 1.0, 'seasonality_mode': 'multiplicative'}: Less data than horizon after initial window. Make horizon or initial shorter.
[2025-07-31T12:01:24.404+0000] {logging_mixin.py:188} INFO - Test 15/18: {'changepoint_prior_scale': 0.1, 'seasonality_prior_scale': 5.0, 'seasonality_mode': 'additive'}
[2025-07-31T12:01:24.420+0000] {filesystem.py:118} DEBUG - input tempfile: /tmp/tmpw5myzdas/qm5847oy.json
[2025-07-31T12:01:24.442+0000] {filesystem.py:118} DEBUG - input tempfile: /tmp/tmpw5myzdas/ao8wpiqw.json
[2025-07-31T12:01:24.444+0000] {model.py:2042} DEBUG - idx 0
[2025-07-31T12:01:24.444+0000] {model.py:2043} DEBUG - running CmdStan, num_threads: None
[2025-07-31T12:01:24.445+0000] {model.py:2055} DEBUG - CmdStan args: ['/home/airflow/.local/lib/python3.11/site-packages/prophet/stan_model/prophet_model.bin', 'random', 'seed=15006', 'data', 'file=/tmp/tmpw5myzdas/qm5847oy.json', 'init=/tmp/tmpw5myzdas/ao8wpiqw.json', 'output', 'file=/tmp/tmpw5myzdas/prophet_model39gj0ism/prophet_model-20250731120124.csv', 'method=optimize', 'algorithm=lbfgs', 'iter=10000']
[2025-07-31T12:01:24.445+0000] {logging_mixin.py:188} WARNING - 12:01:24 - cmdstanpy - INFO - Chain [1] start processing
[2025-07-31T12:01:24.445+0000] {model.py:2058} INFO - Chain [1] start processing
[2025-07-31T12:01:24.468+0000] {logging_mixin.py:188} WARNING - 12:01:24 - cmdstanpy - INFO - Chain [1] done processing
[2025-07-31T12:01:24.468+0000] {model.py:2115} INFO - Chain [1] done processing
[2025-07-31T12:01:24.471+0000] {logging_mixin.py:188} INFO - Erreur pour {'changepoint_prior_scale': 0.1, 'seasonality_prior_scale': 5.0, 'seasonality_mode': 'additive'}: Less data than horizon after initial window. Make horizon or initial shorter.
[2025-07-31T12:01:24.472+0000] {logging_mixin.py:188} INFO - Test 16/18: {'changepoint_prior_scale': 0.1, 'seasonality_prior_scale': 5.0, 'seasonality_mode': 'multiplicative'}
[2025-07-31T12:01:24.488+0000] {filesystem.py:118} DEBUG - input tempfile: /tmp/tmpw5myzdas/gvpprmiz.json
[2025-07-31T12:01:24.512+0000] {filesystem.py:118} DEBUG - input tempfile: /tmp/tmpw5myzdas/4dpdtt_z.json
[2025-07-31T12:01:24.513+0000] {model.py:2042} DEBUG - idx 0
[2025-07-31T12:01:24.514+0000] {model.py:2043} DEBUG - running CmdStan, num_threads: None
[2025-07-31T12:01:24.514+0000] {model.py:2055} DEBUG - CmdStan args: ['/home/airflow/.local/lib/python3.11/site-packages/prophet/stan_model/prophet_model.bin', 'random', 'seed=98460', 'data', 'file=/tmp/tmpw5myzdas/gvpprmiz.json', 'init=/tmp/tmpw5myzdas/4dpdtt_z.json', 'output', 'file=/tmp/tmpw5myzdas/prophet_modelw2qdpq37/prophet_model-20250731120124.csv', 'method=optimize', 'algorithm=lbfgs', 'iter=10000']
[2025-07-31T12:01:24.515+0000] {logging_mixin.py:188} WARNING - 12:01:24 - cmdstanpy - INFO - Chain [1] start processing
[2025-07-31T12:01:24.515+0000] {model.py:2058} INFO - Chain [1] start processing
[2025-07-31T12:01:24.539+0000] {logging_mixin.py:188} WARNING - 12:01:24 - cmdstanpy - INFO - Chain [1] done processing
[2025-07-31T12:01:24.539+0000] {model.py:2115} INFO - Chain [1] done processing
[2025-07-31T12:01:24.543+0000] {logging_mixin.py:188} INFO - Erreur pour {'changepoint_prior_scale': 0.1, 'seasonality_prior_scale': 5.0, 'seasonality_mode': 'multiplicative'}: Less data than horizon after initial window. Make horizon or initial shorter.
[2025-07-31T12:01:24.544+0000] {logging_mixin.py:188} INFO - Test 17/18: {'changepoint_prior_scale': 0.1, 'seasonality_prior_scale': 10.0, 'seasonality_mode': 'additive'}
[2025-07-31T12:01:24.561+0000] {filesystem.py:118} DEBUG - input tempfile: /tmp/tmpw5myzdas/gtpfx7ug.json
[2025-07-31T12:01:24.588+0000] {filesystem.py:118} DEBUG - input tempfile: /tmp/tmpw5myzdas/8az55u_c.json
[2025-07-31T12:01:24.589+0000] {model.py:2042} DEBUG - idx 0
[2025-07-31T12:01:24.590+0000] {model.py:2043} DEBUG - running CmdStan, num_threads: None
[2025-07-31T12:01:24.591+0000] {model.py:2055} DEBUG - CmdStan args: ['/home/airflow/.local/lib/python3.11/site-packages/prophet/stan_model/prophet_model.bin', 'random', 'seed=16617', 'data', 'file=/tmp/tmpw5myzdas/gtpfx7ug.json', 'init=/tmp/tmpw5myzdas/8az55u_c.json', 'output', 'file=/tmp/tmpw5myzdas/prophet_modeltg1r25mu/prophet_model-20250731120124.csv', 'method=optimize', 'algorithm=lbfgs', 'iter=10000']
[2025-07-31T12:01:24.591+0000] {logging_mixin.py:188} WARNING - 12:01:24 - cmdstanpy - INFO - Chain [1] start processing
[2025-07-31T12:01:24.591+0000] {model.py:2058} INFO - Chain [1] start processing
[2025-07-31T12:01:24.619+0000] {logging_mixin.py:188} WARNING - 12:01:24 - cmdstanpy - INFO - Chain [1] done processing
[2025-07-31T12:01:24.618+0000] {model.py:2115} INFO - Chain [1] done processing
[2025-07-31T12:01:24.623+0000] {logging_mixin.py:188} INFO - Erreur pour {'changepoint_prior_scale': 0.1, 'seasonality_prior_scale': 10.0, 'seasonality_mode': 'additive'}: Less data than horizon after initial window. Make horizon or initial shorter.
[2025-07-31T12:01:24.624+0000] {logging_mixin.py:188} INFO - Test 18/18: {'changepoint_prior_scale': 0.1, 'seasonality_prior_scale': 10.0, 'seasonality_mode': 'multiplicative'}
[2025-07-31T12:01:24.645+0000] {filesystem.py:118} DEBUG - input tempfile: /tmp/tmpw5myzdas/sba1trvg.json
[2025-07-31T12:01:24.668+0000] {filesystem.py:118} DEBUG - input tempfile: /tmp/tmpw5myzdas/q834rjrq.json
[2025-07-31T12:01:24.669+0000] {model.py:2042} DEBUG - idx 0
[2025-07-31T12:01:24.670+0000] {model.py:2043} DEBUG - running CmdStan, num_threads: None
[2025-07-31T12:01:24.670+0000] {model.py:2055} DEBUG - CmdStan args: ['/home/airflow/.local/lib/python3.11/site-packages/prophet/stan_model/prophet_model.bin', 'random', 'seed=7700', 'data', 'file=/tmp/tmpw5myzdas/sba1trvg.json', 'init=/tmp/tmpw5myzdas/q834rjrq.json', 'output', 'file=/tmp/tmpw5myzdas/prophet_modeljmbkz3rq/prophet_model-20250731120124.csv', 'method=optimize', 'algorithm=lbfgs', 'iter=10000']
[2025-07-31T12:01:24.671+0000] {logging_mixin.py:188} WARNING - 12:01:24 - cmdstanpy - INFO - Chain [1] start processing
[2025-07-31T12:01:24.671+0000] {model.py:2058} INFO - Chain [1] start processing
[2025-07-31T12:01:24.699+0000] {logging_mixin.py:188} WARNING - 12:01:24 - cmdstanpy - INFO - Chain [1] done processing
[2025-07-31T12:01:24.699+0000] {model.py:2115} INFO - Chain [1] done processing
[2025-07-31T12:01:24.702+0000] {logging_mixin.py:188} INFO - Erreur pour {'changepoint_prior_scale': 0.1, 'seasonality_prior_scale': 10.0, 'seasonality_mode': 'multiplicative'}: Less data than horizon after initial window. Make horizon or initial shorter.
[2025-07-31T12:01:24.703+0000] {taskinstance.py:441} INFO - ::group::Post task execution logs
[2025-07-31T12:01:24.703+0000] {taskinstance.py:2905} ERROR - Task failed with exception
Traceback (most recent call last):
  File "/home/airflow/.local/lib/python3.11/site-packages/airflow/models/taskinstance.py", line 465, in _execute_task
    result = _execute_callable(context=context, **execute_callable_kwargs)
             ^^^^^^^^^^^^^^^^^^^^^^^^^^^^^^^^^^^^^^^^^^^^^^^^^^^^^^^^^^^^^
  File "/home/airflow/.local/lib/python3.11/site-packages/airflow/models/taskinstance.py", line 432, in _execute_callable
    return execute_callable(context=context, **execute_callable_kwargs)
           ^^^^^^^^^^^^^^^^^^^^^^^^^^^^^^^^^^^^^^^^^^^^^^^^^^^^^^^^^^^^
  File "/home/airflow/.local/lib/python3.11/site-packages/airflow/models/baseoperator.py", line 401, in wrapper
    return func(self, *args, **kwargs)
           ^^^^^^^^^^^^^^^^^^^^^^^^^^^
  File "/home/airflow/.local/lib/python3.11/site-packages/airflow/operators/python.py", line 235, in execute
    return_value = self.execute_callable()
                   ^^^^^^^^^^^^^^^^^^^^^^^
  File "/home/airflow/.local/lib/python3.11/site-packages/airflow/operators/python.py", line 252, in execute_callable
    return self.python_callable(*self.op_args, **self.op_kwargs)
           ^^^^^^^^^^^^^^^^^^^^^^^^^^^^^^^^^^^^^^^^^^^^^^^^^^^^^
  File "/opt/airflow/dags/scripts/train_prophet.py", line 92, in train_prophet
    best_model_temp, scores_temp = optimize_prophet_model(temp_df)
                                   ^^^^^^^^^^^^^^^^^^^^^^^^^^^^^^^
  File "/opt/airflow/dags/scripts/train_prophet.py", line 44, in optimize_prophet_model
    best = min(results, key=lambda x: x[1])
           ^^^^^^^^^^^^^^^^^^^^^^^^^^^^^^^^
ValueError: min() arg is an empty sequence
[2025-07-31T12:01:24.733+0000] {taskinstance.py:1206} INFO - Marking task as FAILED. dag_id=solar_ai_pipeline_2, task_id=train_prophet, run_id=scheduled__2023-07-07T00:00:00+00:00, execution_date=20230707T000000, start_date=20250731T120121, end_date=20250731T120124
[2025-07-31T12:01:24.831+0000] {standard_task_runner.py:110} ERROR - Failed to execute job 2923 for task train_prophet (min() arg is an empty sequence; 4167)
[2025-07-31T12:01:24.864+0000] {local_task_job_runner.py:240} INFO - Task exited with return code 1
[2025-07-31T12:01:24.915+0000] {taskinstance.py:3503} INFO - 0 downstream tasks scheduled from follow-on schedule check
[2025-07-31T12:01:24.961+0000] {local_task_job_runner.py:222} INFO - ::endgroup::
