[2025-07-31T12:11:07.044+0000] {local_task_job_runner.py:120} INFO - ::group::Pre task execution logs
[2025-07-31T12:11:07.159+0000] {taskinstance.py:2076} INFO - Dependencies all met for dep_context=non-requeueable deps ti=<TaskInstance: solar_ai_pipeline_2.predict_prophet scheduled__2023-07-31T00:00:00+00:00 [queued]>
[2025-07-31T12:11:07.200+0000] {taskinstance.py:2076} INFO - Dependencies all met for dep_context=requeueable deps ti=<TaskInstance: solar_ai_pipeline_2.predict_prophet scheduled__2023-07-31T00:00:00+00:00 [queued]>
[2025-07-31T12:11:07.205+0000] {taskinstance.py:2306} INFO - Starting attempt 1 of 2
[2025-07-31T12:11:07.313+0000] {taskinstance.py:2330} INFO - Executing <Task(PythonOperator): predict_prophet> on 2023-07-31 00:00:00+00:00
[2025-07-31T12:11:07.323+0000] {standard_task_runner.py:63} INFO - Started process 9713 to run task
[2025-07-31T12:11:07.329+0000] {standard_task_runner.py:90} INFO - Running: ['airflow', 'tasks', 'run', 'solar_ai_pipeline_2', 'predict_prophet', 'scheduled__2023-07-31T00:00:00+00:00', '--job-id', '2955', '--raw', '--subdir', 'DAGS_FOLDER/prophet_pipeline.py', '--cfg-path', '/tmp/tmp5h8qbd6b']
[2025-07-31T12:11:07.333+0000] {standard_task_runner.py:91} INFO - Job 2955: Subtask predict_prophet
[2025-07-31T12:11:07.604+0000] {task_command.py:426} INFO - Running <TaskInstance: solar_ai_pipeline_2.predict_prophet scheduled__2023-07-31T00:00:00+00:00 [running]> on host a2a0dd314bdc
[2025-07-31T12:11:07.945+0000] {taskinstance.py:2648} INFO - Exporting env vars: AIRFLOW_CTX_DAG_OWNER='ensam' AIRFLOW_CTX_DAG_ID='solar_ai_pipeline_2' AIRFLOW_CTX_TASK_ID='predict_prophet' AIRFLOW_CTX_EXECUTION_DATE='2023-07-31T00:00:00+00:00' AIRFLOW_CTX_TRY_NUMBER='1' AIRFLOW_CTX_DAG_RUN_ID='scheduled__2023-07-31T00:00:00+00:00'
[2025-07-31T12:11:07.947+0000] {taskinstance.py:430} INFO - ::endgroup::
[2025-07-31T12:11:09.963+0000] {plot.py:39} ERROR - Importing plotly failed. Interactive plots will not work.
[2025-07-31T12:11:12.904+0000] {logging_mixin.py:188} WARNING - /opt/airflow/dags/scripts/predict_prophet.py:52 FutureWarning: In a future version of pandas, parsing datetimes with mixed time zones will raise an error unless `utc=True`. Please specify `utc=True` to opt in to the new behaviour and silence this warning. To create a `Series` with mixed offsets and `object` dtype, please use `apply` and `datetime.datetime.strptime`
[2025-07-31T12:11:12.929+0000] {taskinstance.py:441} INFO - ::group::Post task execution logs
[2025-07-31T12:11:12.931+0000] {taskinstance.py:2905} ERROR - Task failed with exception
Traceback (most recent call last):
  File "/home/airflow/.local/lib/python3.11/site-packages/airflow/models/taskinstance.py", line 465, in _execute_task
    result = _execute_callable(context=context, **execute_callable_kwargs)
             ^^^^^^^^^^^^^^^^^^^^^^^^^^^^^^^^^^^^^^^^^^^^^^^^^^^^^^^^^^^^^
  File "/home/airflow/.local/lib/python3.11/site-packages/airflow/models/taskinstance.py", line 432, in _execute_callable
    return execute_callable(context=context, **execute_callable_kwargs)
           ^^^^^^^^^^^^^^^^^^^^^^^^^^^^^^^^^^^^^^^^^^^^^^^^^^^^^^^^^^^^
  File "/home/airflow/.local/lib/python3.11/site-packages/airflow/models/baseoperator.py", line 401, in wrapper
    return func(self, *args, **kwargs)
           ^^^^^^^^^^^^^^^^^^^^^^^^^^^
  File "/home/airflow/.local/lib/python3.11/site-packages/airflow/operators/python.py", line 235, in execute
    return_value = self.execute_callable()
                   ^^^^^^^^^^^^^^^^^^^^^^^
  File "/home/airflow/.local/lib/python3.11/site-packages/airflow/operators/python.py", line 252, in execute_callable
    return self.python_callable(*self.op_args, **self.op_kwargs)
           ^^^^^^^^^^^^^^^^^^^^^^^^^^^^^^^^^^^^^^^^^^^^^^^^^^^^^
  File "/opt/airflow/dags/scripts/predict_prophet.py", line 59, in predict_prophet
    forecast = model.predict(future_df[["ds"]])
               ^^^^^^^^^^^^^^^^^^^^^^^^^^^^^^^^
  File "/home/airflow/.local/lib/python3.11/site-packages/prophet/forecaster.py", line 1270, in predict
    df = self.setup_dataframe(df.copy())
         ^^^^^^^^^^^^^^^^^^^^^^^^^^^^^^^
  File "/home/airflow/.local/lib/python3.11/site-packages/prophet/forecaster.py", line 294, in setup_dataframe
    raise ValueError('Found NaN in column ds.')
ValueError: Found NaN in column ds.
[2025-07-31T12:11:12.972+0000] {taskinstance.py:1206} INFO - Marking task as UP_FOR_RETRY. dag_id=solar_ai_pipeline_2, task_id=predict_prophet, run_id=scheduled__2023-07-31T00:00:00+00:00, execution_date=20230731T000000, start_date=20250731T121107, end_date=20250731T121112
[2025-07-31T12:11:13.093+0000] {standard_task_runner.py:110} ERROR - Failed to execute job 2955 for task predict_prophet (Found NaN in column ds.; 9713)
[2025-07-31T12:11:13.173+0000] {local_task_job_runner.py:240} INFO - Task exited with return code 1
[2025-07-31T12:11:13.221+0000] {taskinstance.py:3503} INFO - 0 downstream tasks scheduled from follow-on schedule check
[2025-07-31T12:11:13.225+0000] {local_task_job_runner.py:222} INFO - ::endgroup::
