[2025-07-31T12:49:07.157+0000] {local_task_job_runner.py:120} INFO - ::group::Pre task execution logs
[2025-07-31T12:49:07.270+0000] {taskinstance.py:2076} INFO - Dependencies all met for dep_context=non-requeueable deps ti=<TaskInstance: solar_ai_pipeline_2.train_prophet scheduled__2023-07-22T00:00:00+00:00 [queued]>
[2025-07-31T12:49:07.311+0000] {taskinstance.py:2076} INFO - Dependencies all met for dep_context=requeueable deps ti=<TaskInstance: solar_ai_pipeline_2.train_prophet scheduled__2023-07-22T00:00:00+00:00 [queued]>
[2025-07-31T12:49:07.312+0000] {taskinstance.py:2306} INFO - Starting attempt 4 of 4
[2025-07-31T12:49:07.374+0000] {taskinstance.py:2330} INFO - Executing <Task(PythonOperator): train_prophet> on 2023-07-22 00:00:00+00:00
[2025-07-31T12:49:07.382+0000] {standard_task_runner.py:63} INFO - Started process 9826 to run task
[2025-07-31T12:49:07.386+0000] {standard_task_runner.py:90} INFO - Running: ['airflow', 'tasks', 'run', 'solar_ai_pipeline_2', 'train_prophet', 'scheduled__2023-07-22T00:00:00+00:00', '--job-id', '2959', '--raw', '--subdir', 'DAGS_FOLDER/prophet_pipeline.py', '--cfg-path', '/tmp/tmpx84vvx4s']
[2025-07-31T12:49:07.389+0000] {standard_task_runner.py:91} INFO - Job 2959: Subtask train_prophet
[2025-07-31T12:49:07.571+0000] {task_command.py:426} INFO - Running <TaskInstance: solar_ai_pipeline_2.train_prophet scheduled__2023-07-22T00:00:00+00:00 [running]> on host a2a0dd314bdc
[2025-07-31T12:49:07.827+0000] {taskinstance.py:2648} INFO - Exporting env vars: AIRFLOW_CTX_DAG_OWNER='ensam' AIRFLOW_CTX_DAG_ID='solar_ai_pipeline_2' AIRFLOW_CTX_TASK_ID='train_prophet' AIRFLOW_CTX_EXECUTION_DATE='2023-07-22T00:00:00+00:00' AIRFLOW_CTX_TRY_NUMBER='4' AIRFLOW_CTX_DAG_RUN_ID='scheduled__2023-07-22T00:00:00+00:00'
[2025-07-31T12:49:07.828+0000] {taskinstance.py:430} INFO - ::endgroup::
[2025-07-31T12:49:08.739+0000] {plot.py:39} ERROR - Importing plotly failed. Interactive plots will not work.
[2025-07-31T12:49:08.747+0000] {logging_mixin.py:188} INFO - Training from 2023-01-01 to 2023-01-23
[2025-07-31T12:49:09.057+0000] {logging_mixin.py:188} INFO - Test 1/18: {'changepoint_prior_scale': 0.01, 'seasonality_prior_scale': 1.0, 'seasonality_mode': 'additive'}
[2025-07-31T12:49:09.113+0000] {filesystem.py:118} DEBUG - input tempfile: /tmp/tmppms1w56n/27ty87fi.json
[2025-07-31T12:49:09.175+0000] {filesystem.py:118} DEBUG - input tempfile: /tmp/tmppms1w56n/vvmkattn.json
[2025-07-31T12:49:09.177+0000] {model.py:2042} DEBUG - idx 0
[2025-07-31T12:49:09.178+0000] {model.py:2043} DEBUG - running CmdStan, num_threads: None
[2025-07-31T12:49:09.178+0000] {model.py:2055} DEBUG - CmdStan args: ['/home/airflow/.local/lib/python3.11/site-packages/prophet/stan_model/prophet_model.bin', 'random', 'seed=83492', 'data', 'file=/tmp/tmppms1w56n/27ty87fi.json', 'init=/tmp/tmppms1w56n/vvmkattn.json', 'output', 'file=/tmp/tmppms1w56n/prophet_modelptmsejmf/prophet_model-20250731124909.csv', 'method=optimize', 'algorithm=lbfgs', 'iter=10000']
[2025-07-31T12:49:09.179+0000] {logging_mixin.py:188} WARNING - 12:49:09 - cmdstanpy - INFO - Chain [1] start processing
[2025-07-31T12:49:09.178+0000] {model.py:2058} INFO - Chain [1] start processing
[2025-07-31T12:49:09.227+0000] {logging_mixin.py:188} WARNING - 12:49:09 - cmdstanpy - INFO - Chain [1] done processing
[2025-07-31T12:49:09.227+0000] {model.py:2115} INFO - Chain [1] done processing
[2025-07-31T12:49:09.232+0000] {logging_mixin.py:188} INFO - Erreur pour {'changepoint_prior_scale': 0.01, 'seasonality_prior_scale': 1.0, 'seasonality_mode': 'additive'}: Less data than horizon after initial window. Make horizon or initial shorter.
[2025-07-31T12:49:09.233+0000] {logging_mixin.py:188} INFO - Test 2/18: {'changepoint_prior_scale': 0.01, 'seasonality_prior_scale': 1.0, 'seasonality_mode': 'multiplicative'}
[2025-07-31T12:49:09.254+0000] {filesystem.py:118} DEBUG - input tempfile: /tmp/tmppms1w56n/l62cvfnl.json
[2025-07-31T12:49:09.311+0000] {filesystem.py:118} DEBUG - input tempfile: /tmp/tmppms1w56n/0a8k5a1b.json
[2025-07-31T12:49:09.312+0000] {model.py:2042} DEBUG - idx 0
[2025-07-31T12:49:09.313+0000] {model.py:2043} DEBUG - running CmdStan, num_threads: None
[2025-07-31T12:49:09.313+0000] {model.py:2055} DEBUG - CmdStan args: ['/home/airflow/.local/lib/python3.11/site-packages/prophet/stan_model/prophet_model.bin', 'random', 'seed=47478', 'data', 'file=/tmp/tmppms1w56n/l62cvfnl.json', 'init=/tmp/tmppms1w56n/0a8k5a1b.json', 'output', 'file=/tmp/tmppms1w56n/prophet_modelwvsghciz/prophet_model-20250731124909.csv', 'method=optimize', 'algorithm=lbfgs', 'iter=10000']
[2025-07-31T12:49:09.314+0000] {logging_mixin.py:188} WARNING - 12:49:09 - cmdstanpy - INFO - Chain [1] start processing
[2025-07-31T12:49:09.314+0000] {model.py:2058} INFO - Chain [1] start processing
[2025-07-31T12:49:09.373+0000] {logging_mixin.py:188} WARNING - 12:49:09 - cmdstanpy - INFO - Chain [1] done processing
[2025-07-31T12:49:09.372+0000] {model.py:2115} INFO - Chain [1] done processing
[2025-07-31T12:49:09.377+0000] {logging_mixin.py:188} INFO - Erreur pour {'changepoint_prior_scale': 0.01, 'seasonality_prior_scale': 1.0, 'seasonality_mode': 'multiplicative'}: Less data than horizon after initial window. Make horizon or initial shorter.
[2025-07-31T12:49:09.378+0000] {logging_mixin.py:188} INFO - Test 3/18: {'changepoint_prior_scale': 0.01, 'seasonality_prior_scale': 5.0, 'seasonality_mode': 'additive'}
[2025-07-31T12:49:09.396+0000] {filesystem.py:118} DEBUG - input tempfile: /tmp/tmppms1w56n/4on1y7hd.json
[2025-07-31T12:49:09.456+0000] {filesystem.py:118} DEBUG - input tempfile: /tmp/tmppms1w56n/zj7ha2eu.json
[2025-07-31T12:49:09.458+0000] {model.py:2042} DEBUG - idx 0
[2025-07-31T12:49:09.458+0000] {model.py:2043} DEBUG - running CmdStan, num_threads: None
[2025-07-31T12:49:09.459+0000] {model.py:2055} DEBUG - CmdStan args: ['/home/airflow/.local/lib/python3.11/site-packages/prophet/stan_model/prophet_model.bin', 'random', 'seed=54150', 'data', 'file=/tmp/tmppms1w56n/4on1y7hd.json', 'init=/tmp/tmppms1w56n/zj7ha2eu.json', 'output', 'file=/tmp/tmppms1w56n/prophet_modelfvq_hlzk/prophet_model-20250731124909.csv', 'method=optimize', 'algorithm=lbfgs', 'iter=10000']
[2025-07-31T12:49:09.460+0000] {logging_mixin.py:188} WARNING - 12:49:09 - cmdstanpy - INFO - Chain [1] start processing
[2025-07-31T12:49:09.460+0000] {model.py:2058} INFO - Chain [1] start processing
[2025-07-31T12:49:09.495+0000] {logging_mixin.py:188} WARNING - 12:49:09 - cmdstanpy - INFO - Chain [1] done processing
[2025-07-31T12:49:09.495+0000] {model.py:2115} INFO - Chain [1] done processing
[2025-07-31T12:49:09.499+0000] {logging_mixin.py:188} INFO - Erreur pour {'changepoint_prior_scale': 0.01, 'seasonality_prior_scale': 5.0, 'seasonality_mode': 'additive'}: Less data than horizon after initial window. Make horizon or initial shorter.
[2025-07-31T12:49:09.499+0000] {logging_mixin.py:188} INFO - Test 4/18: {'changepoint_prior_scale': 0.01, 'seasonality_prior_scale': 5.0, 'seasonality_mode': 'multiplicative'}
[2025-07-31T12:49:09.519+0000] {filesystem.py:118} DEBUG - input tempfile: /tmp/tmppms1w56n/6ph4c_io.json
[2025-07-31T12:49:09.578+0000] {filesystem.py:118} DEBUG - input tempfile: /tmp/tmppms1w56n/8h3a9gzy.json
[2025-07-31T12:49:09.579+0000] {model.py:2042} DEBUG - idx 0
[2025-07-31T12:49:09.580+0000] {model.py:2043} DEBUG - running CmdStan, num_threads: None
[2025-07-31T12:49:09.580+0000] {model.py:2055} DEBUG - CmdStan args: ['/home/airflow/.local/lib/python3.11/site-packages/prophet/stan_model/prophet_model.bin', 'random', 'seed=7459', 'data', 'file=/tmp/tmppms1w56n/6ph4c_io.json', 'init=/tmp/tmppms1w56n/8h3a9gzy.json', 'output', 'file=/tmp/tmppms1w56n/prophet_modelu7y2ipr_/prophet_model-20250731124909.csv', 'method=optimize', 'algorithm=lbfgs', 'iter=10000']
[2025-07-31T12:49:09.581+0000] {logging_mixin.py:188} WARNING - 12:49:09 - cmdstanpy - INFO - Chain [1] start processing
[2025-07-31T12:49:09.581+0000] {model.py:2058} INFO - Chain [1] start processing
[2025-07-31T12:49:09.634+0000] {logging_mixin.py:188} WARNING - 12:49:09 - cmdstanpy - INFO - Chain [1] done processing
[2025-07-31T12:49:09.634+0000] {model.py:2115} INFO - Chain [1] done processing
[2025-07-31T12:49:09.638+0000] {logging_mixin.py:188} INFO - Erreur pour {'changepoint_prior_scale': 0.01, 'seasonality_prior_scale': 5.0, 'seasonality_mode': 'multiplicative'}: Less data than horizon after initial window. Make horizon or initial shorter.
[2025-07-31T12:49:09.639+0000] {logging_mixin.py:188} INFO - Test 5/18: {'changepoint_prior_scale': 0.01, 'seasonality_prior_scale': 10.0, 'seasonality_mode': 'additive'}
[2025-07-31T12:49:09.656+0000] {filesystem.py:118} DEBUG - input tempfile: /tmp/tmppms1w56n/28bva5uv.json
[2025-07-31T12:49:09.713+0000] {filesystem.py:118} DEBUG - input tempfile: /tmp/tmppms1w56n/99wmc9pt.json
[2025-07-31T12:49:09.714+0000] {model.py:2042} DEBUG - idx 0
[2025-07-31T12:49:09.715+0000] {model.py:2043} DEBUG - running CmdStan, num_threads: None
[2025-07-31T12:49:09.715+0000] {model.py:2055} DEBUG - CmdStan args: ['/home/airflow/.local/lib/python3.11/site-packages/prophet/stan_model/prophet_model.bin', 'random', 'seed=37264', 'data', 'file=/tmp/tmppms1w56n/28bva5uv.json', 'init=/tmp/tmppms1w56n/99wmc9pt.json', 'output', 'file=/tmp/tmppms1w56n/prophet_modelsmh805iu/prophet_model-20250731124909.csv', 'method=optimize', 'algorithm=lbfgs', 'iter=10000']
[2025-07-31T12:49:09.716+0000] {logging_mixin.py:188} WARNING - 12:49:09 - cmdstanpy - INFO - Chain [1] start processing
[2025-07-31T12:49:09.716+0000] {model.py:2058} INFO - Chain [1] start processing
[2025-07-31T12:49:09.752+0000] {logging_mixin.py:188} WARNING - 12:49:09 - cmdstanpy - INFO - Chain [1] done processing
[2025-07-31T12:49:09.752+0000] {model.py:2115} INFO - Chain [1] done processing
[2025-07-31T12:49:09.756+0000] {logging_mixin.py:188} INFO - Erreur pour {'changepoint_prior_scale': 0.01, 'seasonality_prior_scale': 10.0, 'seasonality_mode': 'additive'}: Less data than horizon after initial window. Make horizon or initial shorter.
[2025-07-31T12:49:09.756+0000] {logging_mixin.py:188} INFO - Test 6/18: {'changepoint_prior_scale': 0.01, 'seasonality_prior_scale': 10.0, 'seasonality_mode': 'multiplicative'}
[2025-07-31T12:49:09.773+0000] {filesystem.py:118} DEBUG - input tempfile: /tmp/tmppms1w56n/hd5rsd9z.json
[2025-07-31T12:49:09.830+0000] {filesystem.py:118} DEBUG - input tempfile: /tmp/tmppms1w56n/5yiyzsts.json
[2025-07-31T12:49:09.832+0000] {model.py:2042} DEBUG - idx 0
[2025-07-31T12:49:09.832+0000] {model.py:2043} DEBUG - running CmdStan, num_threads: None
[2025-07-31T12:49:09.833+0000] {model.py:2055} DEBUG - CmdStan args: ['/home/airflow/.local/lib/python3.11/site-packages/prophet/stan_model/prophet_model.bin', 'random', 'seed=28650', 'data', 'file=/tmp/tmppms1w56n/hd5rsd9z.json', 'init=/tmp/tmppms1w56n/5yiyzsts.json', 'output', 'file=/tmp/tmppms1w56n/prophet_modeluqhkm2ar/prophet_model-20250731124909.csv', 'method=optimize', 'algorithm=lbfgs', 'iter=10000']
[2025-07-31T12:49:09.833+0000] {logging_mixin.py:188} WARNING - 12:49:09 - cmdstanpy - INFO - Chain [1] start processing
[2025-07-31T12:49:09.833+0000] {model.py:2058} INFO - Chain [1] start processing
[2025-07-31T12:49:09.889+0000] {logging_mixin.py:188} WARNING - 12:49:09 - cmdstanpy - INFO - Chain [1] done processing
[2025-07-31T12:49:09.889+0000] {model.py:2115} INFO - Chain [1] done processing
[2025-07-31T12:49:09.893+0000] {logging_mixin.py:188} INFO - Erreur pour {'changepoint_prior_scale': 0.01, 'seasonality_prior_scale': 10.0, 'seasonality_mode': 'multiplicative'}: Less data than horizon after initial window. Make horizon or initial shorter.
[2025-07-31T12:49:09.894+0000] {logging_mixin.py:188} INFO - Test 7/18: {'changepoint_prior_scale': 0.05, 'seasonality_prior_scale': 1.0, 'seasonality_mode': 'additive'}
[2025-07-31T12:49:09.910+0000] {filesystem.py:118} DEBUG - input tempfile: /tmp/tmppms1w56n/uji089gy.json
[2025-07-31T12:49:09.967+0000] {filesystem.py:118} DEBUG - input tempfile: /tmp/tmppms1w56n/5wcjdycs.json
[2025-07-31T12:49:09.969+0000] {model.py:2042} DEBUG - idx 0
[2025-07-31T12:49:09.969+0000] {model.py:2043} DEBUG - running CmdStan, num_threads: None
[2025-07-31T12:49:09.970+0000] {model.py:2055} DEBUG - CmdStan args: ['/home/airflow/.local/lib/python3.11/site-packages/prophet/stan_model/prophet_model.bin', 'random', 'seed=60857', 'data', 'file=/tmp/tmppms1w56n/uji089gy.json', 'init=/tmp/tmppms1w56n/5wcjdycs.json', 'output', 'file=/tmp/tmppms1w56n/prophet_model5_0itvsh/prophet_model-20250731124909.csv', 'method=optimize', 'algorithm=lbfgs', 'iter=10000']
[2025-07-31T12:49:09.970+0000] {logging_mixin.py:188} WARNING - 12:49:09 - cmdstanpy - INFO - Chain [1] start processing
[2025-07-31T12:49:09.970+0000] {model.py:2058} INFO - Chain [1] start processing
[2025-07-31T12:49:10.004+0000] {logging_mixin.py:188} WARNING - 12:49:10 - cmdstanpy - INFO - Chain [1] done processing
[2025-07-31T12:49:10.004+0000] {model.py:2115} INFO - Chain [1] done processing
[2025-07-31T12:49:10.008+0000] {logging_mixin.py:188} INFO - Erreur pour {'changepoint_prior_scale': 0.05, 'seasonality_prior_scale': 1.0, 'seasonality_mode': 'additive'}: Less data than horizon after initial window. Make horizon or initial shorter.
[2025-07-31T12:49:10.008+0000] {logging_mixin.py:188} INFO - Test 8/18: {'changepoint_prior_scale': 0.05, 'seasonality_prior_scale': 1.0, 'seasonality_mode': 'multiplicative'}
[2025-07-31T12:49:10.025+0000] {filesystem.py:118} DEBUG - input tempfile: /tmp/tmppms1w56n/59ncloi0.json
[2025-07-31T12:49:10.083+0000] {filesystem.py:118} DEBUG - input tempfile: /tmp/tmppms1w56n/q2tg_z2w.json
[2025-07-31T12:49:10.086+0000] {model.py:2042} DEBUG - idx 0
[2025-07-31T12:49:10.086+0000] {model.py:2043} DEBUG - running CmdStan, num_threads: None
[2025-07-31T12:49:10.087+0000] {model.py:2055} DEBUG - CmdStan args: ['/home/airflow/.local/lib/python3.11/site-packages/prophet/stan_model/prophet_model.bin', 'random', 'seed=25911', 'data', 'file=/tmp/tmppms1w56n/59ncloi0.json', 'init=/tmp/tmppms1w56n/q2tg_z2w.json', 'output', 'file=/tmp/tmppms1w56n/prophet_modelh40m1t6l/prophet_model-20250731124910.csv', 'method=optimize', 'algorithm=lbfgs', 'iter=10000']
[2025-07-31T12:49:10.088+0000] {logging_mixin.py:188} WARNING - 12:49:10 - cmdstanpy - INFO - Chain [1] start processing
[2025-07-31T12:49:10.088+0000] {model.py:2058} INFO - Chain [1] start processing
[2025-07-31T12:49:10.146+0000] {logging_mixin.py:188} WARNING - 12:49:10 - cmdstanpy - INFO - Chain [1] done processing
[2025-07-31T12:49:10.145+0000] {model.py:2115} INFO - Chain [1] done processing
[2025-07-31T12:49:10.150+0000] {logging_mixin.py:188} INFO - Erreur pour {'changepoint_prior_scale': 0.05, 'seasonality_prior_scale': 1.0, 'seasonality_mode': 'multiplicative'}: Less data than horizon after initial window. Make horizon or initial shorter.
[2025-07-31T12:49:10.151+0000] {logging_mixin.py:188} INFO - Test 9/18: {'changepoint_prior_scale': 0.05, 'seasonality_prior_scale': 5.0, 'seasonality_mode': 'additive'}
[2025-07-31T12:49:10.170+0000] {filesystem.py:118} DEBUG - input tempfile: /tmp/tmppms1w56n/j9pi96p3.json
[2025-07-31T12:49:10.232+0000] {filesystem.py:118} DEBUG - input tempfile: /tmp/tmppms1w56n/9jyqevh2.json
[2025-07-31T12:49:10.234+0000] {model.py:2042} DEBUG - idx 0
[2025-07-31T12:49:10.234+0000] {model.py:2043} DEBUG - running CmdStan, num_threads: None
[2025-07-31T12:49:10.235+0000] {model.py:2055} DEBUG - CmdStan args: ['/home/airflow/.local/lib/python3.11/site-packages/prophet/stan_model/prophet_model.bin', 'random', 'seed=13783', 'data', 'file=/tmp/tmppms1w56n/j9pi96p3.json', 'init=/tmp/tmppms1w56n/9jyqevh2.json', 'output', 'file=/tmp/tmppms1w56n/prophet_model2sfgmv2v/prophet_model-20250731124910.csv', 'method=optimize', 'algorithm=lbfgs', 'iter=10000']
[2025-07-31T12:49:10.236+0000] {logging_mixin.py:188} WARNING - 12:49:10 - cmdstanpy - INFO - Chain [1] start processing
[2025-07-31T12:49:10.235+0000] {model.py:2058} INFO - Chain [1] start processing
[2025-07-31T12:49:10.282+0000] {logging_mixin.py:188} WARNING - 12:49:10 - cmdstanpy - INFO - Chain [1] done processing
[2025-07-31T12:49:10.281+0000] {model.py:2115} INFO - Chain [1] done processing
[2025-07-31T12:49:10.286+0000] {logging_mixin.py:188} INFO - Erreur pour {'changepoint_prior_scale': 0.05, 'seasonality_prior_scale': 5.0, 'seasonality_mode': 'additive'}: Less data than horizon after initial window. Make horizon or initial shorter.
[2025-07-31T12:49:10.286+0000] {logging_mixin.py:188} INFO - Test 10/18: {'changepoint_prior_scale': 0.05, 'seasonality_prior_scale': 5.0, 'seasonality_mode': 'multiplicative'}
[2025-07-31T12:49:10.306+0000] {filesystem.py:118} DEBUG - input tempfile: /tmp/tmppms1w56n/2r3de0v7.json
[2025-07-31T12:49:10.372+0000] {filesystem.py:118} DEBUG - input tempfile: /tmp/tmppms1w56n/f7jhwixm.json
[2025-07-31T12:49:10.374+0000] {model.py:2042} DEBUG - idx 0
[2025-07-31T12:49:10.374+0000] {model.py:2043} DEBUG - running CmdStan, num_threads: None
[2025-07-31T12:49:10.375+0000] {model.py:2055} DEBUG - CmdStan args: ['/home/airflow/.local/lib/python3.11/site-packages/prophet/stan_model/prophet_model.bin', 'random', 'seed=31701', 'data', 'file=/tmp/tmppms1w56n/2r3de0v7.json', 'init=/tmp/tmppms1w56n/f7jhwixm.json', 'output', 'file=/tmp/tmppms1w56n/prophet_modelcxo336wb/prophet_model-20250731124910.csv', 'method=optimize', 'algorithm=lbfgs', 'iter=10000']
[2025-07-31T12:49:10.376+0000] {logging_mixin.py:188} WARNING - 12:49:10 - cmdstanpy - INFO - Chain [1] start processing
[2025-07-31T12:49:10.376+0000] {model.py:2058} INFO - Chain [1] start processing
[2025-07-31T12:49:10.428+0000] {logging_mixin.py:188} WARNING - 12:49:10 - cmdstanpy - INFO - Chain [1] done processing
[2025-07-31T12:49:10.427+0000] {model.py:2115} INFO - Chain [1] done processing
[2025-07-31T12:49:10.432+0000] {logging_mixin.py:188} INFO - Erreur pour {'changepoint_prior_scale': 0.05, 'seasonality_prior_scale': 5.0, 'seasonality_mode': 'multiplicative'}: Less data than horizon after initial window. Make horizon or initial shorter.
[2025-07-31T12:49:10.433+0000] {logging_mixin.py:188} INFO - Test 11/18: {'changepoint_prior_scale': 0.05, 'seasonality_prior_scale': 10.0, 'seasonality_mode': 'additive'}
[2025-07-31T12:49:10.453+0000] {filesystem.py:118} DEBUG - input tempfile: /tmp/tmppms1w56n/4818358i.json
[2025-07-31T12:49:10.514+0000] {filesystem.py:118} DEBUG - input tempfile: /tmp/tmppms1w56n/cdlsmf57.json
[2025-07-31T12:49:10.515+0000] {model.py:2042} DEBUG - idx 0
[2025-07-31T12:49:10.516+0000] {model.py:2043} DEBUG - running CmdStan, num_threads: None
[2025-07-31T12:49:10.516+0000] {model.py:2055} DEBUG - CmdStan args: ['/home/airflow/.local/lib/python3.11/site-packages/prophet/stan_model/prophet_model.bin', 'random', 'seed=81614', 'data', 'file=/tmp/tmppms1w56n/4818358i.json', 'init=/tmp/tmppms1w56n/cdlsmf57.json', 'output', 'file=/tmp/tmppms1w56n/prophet_modelk6zk0daj/prophet_model-20250731124910.csv', 'method=optimize', 'algorithm=lbfgs', 'iter=10000']
[2025-07-31T12:49:10.517+0000] {logging_mixin.py:188} WARNING - 12:49:10 - cmdstanpy - INFO - Chain [1] start processing
[2025-07-31T12:49:10.517+0000] {model.py:2058} INFO - Chain [1] start processing
[2025-07-31T12:49:10.553+0000] {logging_mixin.py:188} WARNING - 12:49:10 - cmdstanpy - INFO - Chain [1] done processing
[2025-07-31T12:49:10.553+0000] {model.py:2115} INFO - Chain [1] done processing
[2025-07-31T12:49:10.557+0000] {logging_mixin.py:188} INFO - Erreur pour {'changepoint_prior_scale': 0.05, 'seasonality_prior_scale': 10.0, 'seasonality_mode': 'additive'}: Less data than horizon after initial window. Make horizon or initial shorter.
[2025-07-31T12:49:10.557+0000] {logging_mixin.py:188} INFO - Test 12/18: {'changepoint_prior_scale': 0.05, 'seasonality_prior_scale': 10.0, 'seasonality_mode': 'multiplicative'}
[2025-07-31T12:49:10.574+0000] {filesystem.py:118} DEBUG - input tempfile: /tmp/tmppms1w56n/wgcnu61p.json
[2025-07-31T12:49:10.636+0000] {filesystem.py:118} DEBUG - input tempfile: /tmp/tmppms1w56n/vr88kr51.json
[2025-07-31T12:49:10.637+0000] {model.py:2042} DEBUG - idx 0
[2025-07-31T12:49:10.638+0000] {model.py:2043} DEBUG - running CmdStan, num_threads: None
[2025-07-31T12:49:10.639+0000] {model.py:2055} DEBUG - CmdStan args: ['/home/airflow/.local/lib/python3.11/site-packages/prophet/stan_model/prophet_model.bin', 'random', 'seed=25204', 'data', 'file=/tmp/tmppms1w56n/wgcnu61p.json', 'init=/tmp/tmppms1w56n/vr88kr51.json', 'output', 'file=/tmp/tmppms1w56n/prophet_modelcbnr1h7n/prophet_model-20250731124910.csv', 'method=optimize', 'algorithm=lbfgs', 'iter=10000']
[2025-07-31T12:49:10.639+0000] {logging_mixin.py:188} WARNING - 12:49:10 - cmdstanpy - INFO - Chain [1] start processing
[2025-07-31T12:49:10.639+0000] {model.py:2058} INFO - Chain [1] start processing
[2025-07-31T12:49:10.687+0000] {logging_mixin.py:188} WARNING - 12:49:10 - cmdstanpy - INFO - Chain [1] done processing
[2025-07-31T12:49:10.687+0000] {model.py:2115} INFO - Chain [1] done processing
[2025-07-31T12:49:10.691+0000] {logging_mixin.py:188} INFO - Erreur pour {'changepoint_prior_scale': 0.05, 'seasonality_prior_scale': 10.0, 'seasonality_mode': 'multiplicative'}: Less data than horizon after initial window. Make horizon or initial shorter.
[2025-07-31T12:49:10.692+0000] {logging_mixin.py:188} INFO - Test 13/18: {'changepoint_prior_scale': 0.1, 'seasonality_prior_scale': 1.0, 'seasonality_mode': 'additive'}
[2025-07-31T12:49:10.708+0000] {filesystem.py:118} DEBUG - input tempfile: /tmp/tmppms1w56n/rlt0bmrr.json
[2025-07-31T12:49:10.765+0000] {filesystem.py:118} DEBUG - input tempfile: /tmp/tmppms1w56n/4oihbu94.json
[2025-07-31T12:49:10.766+0000] {model.py:2042} DEBUG - idx 0
[2025-07-31T12:49:10.767+0000] {model.py:2043} DEBUG - running CmdStan, num_threads: None
[2025-07-31T12:49:10.767+0000] {model.py:2055} DEBUG - CmdStan args: ['/home/airflow/.local/lib/python3.11/site-packages/prophet/stan_model/prophet_model.bin', 'random', 'seed=72867', 'data', 'file=/tmp/tmppms1w56n/rlt0bmrr.json', 'init=/tmp/tmppms1w56n/4oihbu94.json', 'output', 'file=/tmp/tmppms1w56n/prophet_modeloadgp3bm/prophet_model-20250731124910.csv', 'method=optimize', 'algorithm=lbfgs', 'iter=10000']
[2025-07-31T12:49:10.768+0000] {logging_mixin.py:188} WARNING - 12:49:10 - cmdstanpy - INFO - Chain [1] start processing
[2025-07-31T12:49:10.768+0000] {model.py:2058} INFO - Chain [1] start processing
[2025-07-31T12:49:10.801+0000] {logging_mixin.py:188} WARNING - 12:49:10 - cmdstanpy - INFO - Chain [1] done processing
[2025-07-31T12:49:10.801+0000] {model.py:2115} INFO - Chain [1] done processing
[2025-07-31T12:49:10.805+0000] {logging_mixin.py:188} INFO - Erreur pour {'changepoint_prior_scale': 0.1, 'seasonality_prior_scale': 1.0, 'seasonality_mode': 'additive'}: Less data than horizon after initial window. Make horizon or initial shorter.
[2025-07-31T12:49:10.806+0000] {logging_mixin.py:188} INFO - Test 14/18: {'changepoint_prior_scale': 0.1, 'seasonality_prior_scale': 1.0, 'seasonality_mode': 'multiplicative'}
[2025-07-31T12:49:10.821+0000] {filesystem.py:118} DEBUG - input tempfile: /tmp/tmppms1w56n/5gacqcht.json
[2025-07-31T12:49:10.879+0000] {filesystem.py:118} DEBUG - input tempfile: /tmp/tmppms1w56n/gaac64p6.json
[2025-07-31T12:49:10.881+0000] {model.py:2042} DEBUG - idx 0
[2025-07-31T12:49:10.881+0000] {model.py:2043} DEBUG - running CmdStan, num_threads: None
[2025-07-31T12:49:10.882+0000] {model.py:2055} DEBUG - CmdStan args: ['/home/airflow/.local/lib/python3.11/site-packages/prophet/stan_model/prophet_model.bin', 'random', 'seed=75752', 'data', 'file=/tmp/tmppms1w56n/5gacqcht.json', 'init=/tmp/tmppms1w56n/gaac64p6.json', 'output', 'file=/tmp/tmppms1w56n/prophet_modelh9yditfc/prophet_model-20250731124910.csv', 'method=optimize', 'algorithm=lbfgs', 'iter=10000']
[2025-07-31T12:49:10.883+0000] {logging_mixin.py:188} WARNING - 12:49:10 - cmdstanpy - INFO - Chain [1] start processing
[2025-07-31T12:49:10.883+0000] {model.py:2058} INFO - Chain [1] start processing
[2025-07-31T12:49:10.943+0000] {logging_mixin.py:188} WARNING - 12:49:10 - cmdstanpy - INFO - Chain [1] done processing
[2025-07-31T12:49:10.943+0000] {model.py:2115} INFO - Chain [1] done processing
[2025-07-31T12:49:10.947+0000] {logging_mixin.py:188} INFO - Erreur pour {'changepoint_prior_scale': 0.1, 'seasonality_prior_scale': 1.0, 'seasonality_mode': 'multiplicative'}: Less data than horizon after initial window. Make horizon or initial shorter.
[2025-07-31T12:49:10.947+0000] {logging_mixin.py:188} INFO - Test 15/18: {'changepoint_prior_scale': 0.1, 'seasonality_prior_scale': 5.0, 'seasonality_mode': 'additive'}
[2025-07-31T12:49:10.963+0000] {filesystem.py:118} DEBUG - input tempfile: /tmp/tmppms1w56n/8nnz54xg.json
[2025-07-31T12:49:11.020+0000] {filesystem.py:118} DEBUG - input tempfile: /tmp/tmppms1w56n/no5sp8z9.json
[2025-07-31T12:49:11.021+0000] {model.py:2042} DEBUG - idx 0
[2025-07-31T12:49:11.022+0000] {model.py:2043} DEBUG - running CmdStan, num_threads: None
[2025-07-31T12:49:11.022+0000] {model.py:2055} DEBUG - CmdStan args: ['/home/airflow/.local/lib/python3.11/site-packages/prophet/stan_model/prophet_model.bin', 'random', 'seed=10020', 'data', 'file=/tmp/tmppms1w56n/8nnz54xg.json', 'init=/tmp/tmppms1w56n/no5sp8z9.json', 'output', 'file=/tmp/tmppms1w56n/prophet_model7xurbwnt/prophet_model-20250731124911.csv', 'method=optimize', 'algorithm=lbfgs', 'iter=10000']
[2025-07-31T12:49:11.023+0000] {logging_mixin.py:188} WARNING - 12:49:11 - cmdstanpy - INFO - Chain [1] start processing
[2025-07-31T12:49:11.023+0000] {model.py:2058} INFO - Chain [1] start processing
[2025-07-31T12:49:11.057+0000] {logging_mixin.py:188} WARNING - 12:49:11 - cmdstanpy - INFO - Chain [1] done processing
[2025-07-31T12:49:11.057+0000] {model.py:2115} INFO - Chain [1] done processing
[2025-07-31T12:49:11.062+0000] {logging_mixin.py:188} INFO - Erreur pour {'changepoint_prior_scale': 0.1, 'seasonality_prior_scale': 5.0, 'seasonality_mode': 'additive'}: Less data than horizon after initial window. Make horizon or initial shorter.
[2025-07-31T12:49:11.062+0000] {logging_mixin.py:188} INFO - Test 16/18: {'changepoint_prior_scale': 0.1, 'seasonality_prior_scale': 5.0, 'seasonality_mode': 'multiplicative'}
[2025-07-31T12:49:11.079+0000] {filesystem.py:118} DEBUG - input tempfile: /tmp/tmppms1w56n/ecbz5o33.json
[2025-07-31T12:49:11.135+0000] {filesystem.py:118} DEBUG - input tempfile: /tmp/tmppms1w56n/73ze8vi1.json
[2025-07-31T12:49:11.136+0000] {model.py:2042} DEBUG - idx 0
[2025-07-31T12:49:11.137+0000] {model.py:2043} DEBUG - running CmdStan, num_threads: None
[2025-07-31T12:49:11.137+0000] {model.py:2055} DEBUG - CmdStan args: ['/home/airflow/.local/lib/python3.11/site-packages/prophet/stan_model/prophet_model.bin', 'random', 'seed=40682', 'data', 'file=/tmp/tmppms1w56n/ecbz5o33.json', 'init=/tmp/tmppms1w56n/73ze8vi1.json', 'output', 'file=/tmp/tmppms1w56n/prophet_model0yayel6j/prophet_model-20250731124911.csv', 'method=optimize', 'algorithm=lbfgs', 'iter=10000']
[2025-07-31T12:49:11.138+0000] {logging_mixin.py:188} WARNING - 12:49:11 - cmdstanpy - INFO - Chain [1] start processing
[2025-07-31T12:49:11.138+0000] {model.py:2058} INFO - Chain [1] start processing
[2025-07-31T12:49:11.218+0000] {logging_mixin.py:188} WARNING - 12:49:11 - cmdstanpy - INFO - Chain [1] done processing
[2025-07-31T12:49:11.218+0000] {model.py:2115} INFO - Chain [1] done processing
[2025-07-31T12:49:11.222+0000] {logging_mixin.py:188} INFO - Erreur pour {'changepoint_prior_scale': 0.1, 'seasonality_prior_scale': 5.0, 'seasonality_mode': 'multiplicative'}: Less data than horizon after initial window. Make horizon or initial shorter.
[2025-07-31T12:49:11.223+0000] {logging_mixin.py:188} INFO - Test 17/18: {'changepoint_prior_scale': 0.1, 'seasonality_prior_scale': 10.0, 'seasonality_mode': 'additive'}
[2025-07-31T12:49:11.239+0000] {filesystem.py:118} DEBUG - input tempfile: /tmp/tmppms1w56n/538wmtln.json
[2025-07-31T12:49:11.295+0000] {filesystem.py:118} DEBUG - input tempfile: /tmp/tmppms1w56n/ithmhm4l.json
[2025-07-31T12:49:11.296+0000] {model.py:2042} DEBUG - idx 0
[2025-07-31T12:49:11.297+0000] {model.py:2043} DEBUG - running CmdStan, num_threads: None
[2025-07-31T12:49:11.297+0000] {model.py:2055} DEBUG - CmdStan args: ['/home/airflow/.local/lib/python3.11/site-packages/prophet/stan_model/prophet_model.bin', 'random', 'seed=25184', 'data', 'file=/tmp/tmppms1w56n/538wmtln.json', 'init=/tmp/tmppms1w56n/ithmhm4l.json', 'output', 'file=/tmp/tmppms1w56n/prophet_modelcvl2v48u/prophet_model-20250731124911.csv', 'method=optimize', 'algorithm=lbfgs', 'iter=10000']
[2025-07-31T12:49:11.298+0000] {logging_mixin.py:188} WARNING - 12:49:11 - cmdstanpy - INFO - Chain [1] start processing
[2025-07-31T12:49:11.298+0000] {model.py:2058} INFO - Chain [1] start processing
[2025-07-31T12:49:11.334+0000] {logging_mixin.py:188} WARNING - 12:49:11 - cmdstanpy - INFO - Chain [1] done processing
[2025-07-31T12:49:11.334+0000] {model.py:2115} INFO - Chain [1] done processing
[2025-07-31T12:49:11.338+0000] {logging_mixin.py:188} INFO - Erreur pour {'changepoint_prior_scale': 0.1, 'seasonality_prior_scale': 10.0, 'seasonality_mode': 'additive'}: Less data than horizon after initial window. Make horizon or initial shorter.
[2025-07-31T12:49:11.338+0000] {logging_mixin.py:188} INFO - Test 18/18: {'changepoint_prior_scale': 0.1, 'seasonality_prior_scale': 10.0, 'seasonality_mode': 'multiplicative'}
[2025-07-31T12:49:11.355+0000] {filesystem.py:118} DEBUG - input tempfile: /tmp/tmppms1w56n/racn2w16.json
[2025-07-31T12:49:11.416+0000] {filesystem.py:118} DEBUG - input tempfile: /tmp/tmppms1w56n/c1yj2hwf.json
[2025-07-31T12:49:11.418+0000] {model.py:2042} DEBUG - idx 0
[2025-07-31T12:49:11.419+0000] {model.py:2043} DEBUG - running CmdStan, num_threads: None
[2025-07-31T12:49:11.419+0000] {model.py:2055} DEBUG - CmdStan args: ['/home/airflow/.local/lib/python3.11/site-packages/prophet/stan_model/prophet_model.bin', 'random', 'seed=58169', 'data', 'file=/tmp/tmppms1w56n/racn2w16.json', 'init=/tmp/tmppms1w56n/c1yj2hwf.json', 'output', 'file=/tmp/tmppms1w56n/prophet_model6dczkwjx/prophet_model-20250731124911.csv', 'method=optimize', 'algorithm=lbfgs', 'iter=10000']
[2025-07-31T12:49:11.420+0000] {logging_mixin.py:188} WARNING - 12:49:11 - cmdstanpy - INFO - Chain [1] start processing
[2025-07-31T12:49:11.420+0000] {model.py:2058} INFO - Chain [1] start processing
[2025-07-31T12:49:11.500+0000] {logging_mixin.py:188} WARNING - 12:49:11 - cmdstanpy - INFO - Chain [1] done processing
[2025-07-31T12:49:11.500+0000] {model.py:2115} INFO - Chain [1] done processing
[2025-07-31T12:49:11.504+0000] {logging_mixin.py:188} INFO - Erreur pour {'changepoint_prior_scale': 0.1, 'seasonality_prior_scale': 10.0, 'seasonality_mode': 'multiplicative'}: Less data than horizon after initial window. Make horizon or initial shorter.
[2025-07-31T12:49:11.505+0000] {taskinstance.py:441} INFO - ::group::Post task execution logs
[2025-07-31T12:49:11.505+0000] {taskinstance.py:2905} ERROR - Task failed with exception
Traceback (most recent call last):
  File "/home/airflow/.local/lib/python3.11/site-packages/airflow/models/taskinstance.py", line 465, in _execute_task
    result = _execute_callable(context=context, **execute_callable_kwargs)
             ^^^^^^^^^^^^^^^^^^^^^^^^^^^^^^^^^^^^^^^^^^^^^^^^^^^^^^^^^^^^^
  File "/home/airflow/.local/lib/python3.11/site-packages/airflow/models/taskinstance.py", line 432, in _execute_callable
    return execute_callable(context=context, **execute_callable_kwargs)
           ^^^^^^^^^^^^^^^^^^^^^^^^^^^^^^^^^^^^^^^^^^^^^^^^^^^^^^^^^^^^
  File "/home/airflow/.local/lib/python3.11/site-packages/airflow/models/baseoperator.py", line 401, in wrapper
    return func(self, *args, **kwargs)
           ^^^^^^^^^^^^^^^^^^^^^^^^^^^
  File "/home/airflow/.local/lib/python3.11/site-packages/airflow/operators/python.py", line 235, in execute
    return_value = self.execute_callable()
                   ^^^^^^^^^^^^^^^^^^^^^^^
  File "/home/airflow/.local/lib/python3.11/site-packages/airflow/operators/python.py", line 252, in execute_callable
    return self.python_callable(*self.op_args, **self.op_kwargs)
           ^^^^^^^^^^^^^^^^^^^^^^^^^^^^^^^^^^^^^^^^^^^^^^^^^^^^^
  File "/opt/airflow/dags/scripts/train_prophet.py", line 92, in train_prophet
    best_model_temp, scores_temp = optimize_prophet_model(temp_df)
                                   ^^^^^^^^^^^^^^^^^^^^^^^^^^^^^^^
  File "/opt/airflow/dags/scripts/train_prophet.py", line 44, in optimize_prophet_model
    best = min(results, key=lambda x: x[1])
           ^^^^^^^^^^^^^^^^^^^^^^^^^^^^^^^^
ValueError: min() arg is an empty sequence
[2025-07-31T12:49:11.537+0000] {taskinstance.py:1206} INFO - Marking task as FAILED. dag_id=solar_ai_pipeline_2, task_id=train_prophet, run_id=scheduled__2023-07-22T00:00:00+00:00, execution_date=20230722T000000, start_date=20250731T124907, end_date=20250731T124911
[2025-07-31T12:49:11.678+0000] {standard_task_runner.py:110} ERROR - Failed to execute job 2959 for task train_prophet (min() arg is an empty sequence; 9826)
[2025-07-31T12:49:11.738+0000] {local_task_job_runner.py:240} INFO - Task exited with return code 1
[2025-07-31T12:49:11.784+0000] {taskinstance.py:3503} INFO - 0 downstream tasks scheduled from follow-on schedule check
[2025-07-31T12:49:11.821+0000] {local_task_job_runner.py:222} INFO - ::endgroup::
