[2025-07-31T12:02:12.131+0000] {local_task_job_runner.py:120} INFO - ::group::Pre task execution logs
[2025-07-31T12:02:12.228+0000] {taskinstance.py:2076} INFO - Dependencies all met for dep_context=non-requeueable deps ti=<TaskInstance: solar_ai_pipeline_2.train_prophet scheduled__2023-07-22T00:00:00+00:00 [queued]>
[2025-07-31T12:02:12.267+0000] {taskinstance.py:2076} INFO - Dependencies all met for dep_context=requeueable deps ti=<TaskInstance: solar_ai_pipeline_2.train_prophet scheduled__2023-07-22T00:00:00+00:00 [queued]>
[2025-07-31T12:02:12.271+0000] {taskinstance.py:2306} INFO - Starting attempt 3 of 4
[2025-07-31T12:02:12.333+0000] {taskinstance.py:2330} INFO - Executing <Task(PythonOperator): train_prophet> on 2023-07-22 00:00:00+00:00
[2025-07-31T12:02:12.339+0000] {standard_task_runner.py:63} INFO - Started process 4366 to run task
[2025-07-31T12:02:12.343+0000] {standard_task_runner.py:90} INFO - Running: ['airflow', 'tasks', 'run', 'solar_ai_pipeline_2', 'train_prophet', 'scheduled__2023-07-22T00:00:00+00:00', '--job-id', '2929', '--raw', '--subdir', 'DAGS_FOLDER/prophet_pipeline.py', '--cfg-path', '/tmp/tmpx3a535i7']
[2025-07-31T12:02:12.346+0000] {standard_task_runner.py:91} INFO - Job 2929: Subtask train_prophet
[2025-07-31T12:02:12.509+0000] {task_command.py:426} INFO - Running <TaskInstance: solar_ai_pipeline_2.train_prophet scheduled__2023-07-22T00:00:00+00:00 [running]> on host a2a0dd314bdc
[2025-07-31T12:02:12.824+0000] {taskinstance.py:2648} INFO - Exporting env vars: AIRFLOW_CTX_DAG_OWNER='ensam' AIRFLOW_CTX_DAG_ID='solar_ai_pipeline_2' AIRFLOW_CTX_TASK_ID='train_prophet' AIRFLOW_CTX_EXECUTION_DATE='2023-07-22T00:00:00+00:00' AIRFLOW_CTX_TRY_NUMBER='3' AIRFLOW_CTX_DAG_RUN_ID='scheduled__2023-07-22T00:00:00+00:00'
[2025-07-31T12:02:12.828+0000] {taskinstance.py:430} INFO - ::endgroup::
[2025-07-31T12:02:13.804+0000] {plot.py:39} ERROR - Importing plotly failed. Interactive plots will not work.
[2025-07-31T12:02:13.813+0000] {logging_mixin.py:188} INFO - Training from 2023-01-01 to 2023-01-23
[2025-07-31T12:02:14.105+0000] {logging_mixin.py:188} INFO - Test 1/18: {'changepoint_prior_scale': 0.01, 'seasonality_prior_scale': 1.0, 'seasonality_mode': 'additive'}
[2025-07-31T12:02:14.161+0000] {filesystem.py:118} DEBUG - input tempfile: /tmp/tmpkniq6q7f/dhyj5wtf.json
[2025-07-31T12:02:14.219+0000] {filesystem.py:118} DEBUG - input tempfile: /tmp/tmpkniq6q7f/o0f9ihy3.json
[2025-07-31T12:02:14.223+0000] {model.py:2042} DEBUG - idx 0
[2025-07-31T12:02:14.224+0000] {model.py:2043} DEBUG - running CmdStan, num_threads: None
[2025-07-31T12:02:14.224+0000] {model.py:2055} DEBUG - CmdStan args: ['/home/airflow/.local/lib/python3.11/site-packages/prophet/stan_model/prophet_model.bin', 'random', 'seed=67965', 'data', 'file=/tmp/tmpkniq6q7f/dhyj5wtf.json', 'init=/tmp/tmpkniq6q7f/o0f9ihy3.json', 'output', 'file=/tmp/tmpkniq6q7f/prophet_model09dhqqy4/prophet_model-20250731120214.csv', 'method=optimize', 'algorithm=lbfgs', 'iter=10000']
[2025-07-31T12:02:14.225+0000] {logging_mixin.py:188} WARNING - 12:02:14 - cmdstanpy - INFO - Chain [1] start processing
[2025-07-31T12:02:14.225+0000] {model.py:2058} INFO - Chain [1] start processing
[2025-07-31T12:02:14.279+0000] {logging_mixin.py:188} WARNING - 12:02:14 - cmdstanpy - INFO - Chain [1] done processing
[2025-07-31T12:02:14.279+0000] {model.py:2115} INFO - Chain [1] done processing
[2025-07-31T12:02:14.284+0000] {logging_mixin.py:188} INFO - Erreur pour {'changepoint_prior_scale': 0.01, 'seasonality_prior_scale': 1.0, 'seasonality_mode': 'additive'}: Less data than horizon after initial window. Make horizon or initial shorter.
[2025-07-31T12:02:14.285+0000] {logging_mixin.py:188} INFO - Test 2/18: {'changepoint_prior_scale': 0.01, 'seasonality_prior_scale': 1.0, 'seasonality_mode': 'multiplicative'}
[2025-07-31T12:02:14.302+0000] {filesystem.py:118} DEBUG - input tempfile: /tmp/tmpkniq6q7f/ibsz3k64.json
[2025-07-31T12:02:14.360+0000] {filesystem.py:118} DEBUG - input tempfile: /tmp/tmpkniq6q7f/yr8c5r4h.json
[2025-07-31T12:02:14.362+0000] {model.py:2042} DEBUG - idx 0
[2025-07-31T12:02:14.362+0000] {model.py:2043} DEBUG - running CmdStan, num_threads: None
[2025-07-31T12:02:14.363+0000] {model.py:2055} DEBUG - CmdStan args: ['/home/airflow/.local/lib/python3.11/site-packages/prophet/stan_model/prophet_model.bin', 'random', 'seed=35031', 'data', 'file=/tmp/tmpkniq6q7f/ibsz3k64.json', 'init=/tmp/tmpkniq6q7f/yr8c5r4h.json', 'output', 'file=/tmp/tmpkniq6q7f/prophet_model0vd_dqeo/prophet_model-20250731120214.csv', 'method=optimize', 'algorithm=lbfgs', 'iter=10000']
[2025-07-31T12:02:14.363+0000] {logging_mixin.py:188} WARNING - 12:02:14 - cmdstanpy - INFO - Chain [1] start processing
[2025-07-31T12:02:14.363+0000] {model.py:2058} INFO - Chain [1] start processing
[2025-07-31T12:02:14.417+0000] {logging_mixin.py:188} WARNING - 12:02:14 - cmdstanpy - INFO - Chain [1] done processing
[2025-07-31T12:02:14.417+0000] {model.py:2115} INFO - Chain [1] done processing
[2025-07-31T12:02:14.422+0000] {logging_mixin.py:188} INFO - Erreur pour {'changepoint_prior_scale': 0.01, 'seasonality_prior_scale': 1.0, 'seasonality_mode': 'multiplicative'}: Less data than horizon after initial window. Make horizon or initial shorter.
[2025-07-31T12:02:14.422+0000] {logging_mixin.py:188} INFO - Test 3/18: {'changepoint_prior_scale': 0.01, 'seasonality_prior_scale': 5.0, 'seasonality_mode': 'additive'}
[2025-07-31T12:02:14.443+0000] {filesystem.py:118} DEBUG - input tempfile: /tmp/tmpkniq6q7f/h7jzsoz6.json
[2025-07-31T12:02:14.535+0000] {filesystem.py:118} DEBUG - input tempfile: /tmp/tmpkniq6q7f/d5za19dg.json
[2025-07-31T12:02:14.537+0000] {model.py:2042} DEBUG - idx 0
[2025-07-31T12:02:14.538+0000] {model.py:2043} DEBUG - running CmdStan, num_threads: None
[2025-07-31T12:02:14.538+0000] {model.py:2055} DEBUG - CmdStan args: ['/home/airflow/.local/lib/python3.11/site-packages/prophet/stan_model/prophet_model.bin', 'random', 'seed=32874', 'data', 'file=/tmp/tmpkniq6q7f/h7jzsoz6.json', 'init=/tmp/tmpkniq6q7f/d5za19dg.json', 'output', 'file=/tmp/tmpkniq6q7f/prophet_modellsraukcm/prophet_model-20250731120214.csv', 'method=optimize', 'algorithm=lbfgs', 'iter=10000']
[2025-07-31T12:02:14.539+0000] {logging_mixin.py:188} WARNING - 12:02:14 - cmdstanpy - INFO - Chain [1] start processing
[2025-07-31T12:02:14.539+0000] {model.py:2058} INFO - Chain [1] start processing
[2025-07-31T12:02:14.581+0000] {logging_mixin.py:188} WARNING - 12:02:14 - cmdstanpy - INFO - Chain [1] done processing
[2025-07-31T12:02:14.581+0000] {model.py:2115} INFO - Chain [1] done processing
[2025-07-31T12:02:14.586+0000] {logging_mixin.py:188} INFO - Erreur pour {'changepoint_prior_scale': 0.01, 'seasonality_prior_scale': 5.0, 'seasonality_mode': 'additive'}: Less data than horizon after initial window. Make horizon or initial shorter.
[2025-07-31T12:02:14.586+0000] {logging_mixin.py:188} INFO - Test 4/18: {'changepoint_prior_scale': 0.01, 'seasonality_prior_scale': 5.0, 'seasonality_mode': 'multiplicative'}
[2025-07-31T12:02:14.608+0000] {filesystem.py:118} DEBUG - input tempfile: /tmp/tmpkniq6q7f/i5zi0qhx.json
[2025-07-31T12:02:14.686+0000] {filesystem.py:118} DEBUG - input tempfile: /tmp/tmpkniq6q7f/li9d3vat.json
[2025-07-31T12:02:14.688+0000] {model.py:2042} DEBUG - idx 0
[2025-07-31T12:02:14.688+0000] {model.py:2043} DEBUG - running CmdStan, num_threads: None
[2025-07-31T12:02:14.689+0000] {model.py:2055} DEBUG - CmdStan args: ['/home/airflow/.local/lib/python3.11/site-packages/prophet/stan_model/prophet_model.bin', 'random', 'seed=61490', 'data', 'file=/tmp/tmpkniq6q7f/i5zi0qhx.json', 'init=/tmp/tmpkniq6q7f/li9d3vat.json', 'output', 'file=/tmp/tmpkniq6q7f/prophet_modellckhq6ee/prophet_model-20250731120214.csv', 'method=optimize', 'algorithm=lbfgs', 'iter=10000']
[2025-07-31T12:02:14.689+0000] {logging_mixin.py:188} WARNING - 12:02:14 - cmdstanpy - INFO - Chain [1] start processing
[2025-07-31T12:02:14.689+0000] {model.py:2058} INFO - Chain [1] start processing
[2025-07-31T12:02:14.757+0000] {logging_mixin.py:188} WARNING - 12:02:14 - cmdstanpy - INFO - Chain [1] done processing
[2025-07-31T12:02:14.757+0000] {model.py:2115} INFO - Chain [1] done processing
[2025-07-31T12:02:14.762+0000] {logging_mixin.py:188} INFO - Erreur pour {'changepoint_prior_scale': 0.01, 'seasonality_prior_scale': 5.0, 'seasonality_mode': 'multiplicative'}: Less data than horizon after initial window. Make horizon or initial shorter.
[2025-07-31T12:02:14.763+0000] {logging_mixin.py:188} INFO - Test 5/18: {'changepoint_prior_scale': 0.01, 'seasonality_prior_scale': 10.0, 'seasonality_mode': 'additive'}
[2025-07-31T12:02:14.784+0000] {filesystem.py:118} DEBUG - input tempfile: /tmp/tmpkniq6q7f/1pmzkgfv.json
[2025-07-31T12:02:14.849+0000] {filesystem.py:118} DEBUG - input tempfile: /tmp/tmpkniq6q7f/gaqglg5w.json
[2025-07-31T12:02:14.851+0000] {model.py:2042} DEBUG - idx 0
[2025-07-31T12:02:14.851+0000] {model.py:2043} DEBUG - running CmdStan, num_threads: None
[2025-07-31T12:02:14.852+0000] {model.py:2055} DEBUG - CmdStan args: ['/home/airflow/.local/lib/python3.11/site-packages/prophet/stan_model/prophet_model.bin', 'random', 'seed=92805', 'data', 'file=/tmp/tmpkniq6q7f/1pmzkgfv.json', 'init=/tmp/tmpkniq6q7f/gaqglg5w.json', 'output', 'file=/tmp/tmpkniq6q7f/prophet_model1024306x/prophet_model-20250731120214.csv', 'method=optimize', 'algorithm=lbfgs', 'iter=10000']
[2025-07-31T12:02:14.852+0000] {logging_mixin.py:188} WARNING - 12:02:14 - cmdstanpy - INFO - Chain [1] start processing
[2025-07-31T12:02:14.852+0000] {model.py:2058} INFO - Chain [1] start processing
[2025-07-31T12:02:14.891+0000] {logging_mixin.py:188} WARNING - 12:02:14 - cmdstanpy - INFO - Chain [1] done processing
[2025-07-31T12:02:14.890+0000] {model.py:2115} INFO - Chain [1] done processing
[2025-07-31T12:02:14.896+0000] {logging_mixin.py:188} INFO - Erreur pour {'changepoint_prior_scale': 0.01, 'seasonality_prior_scale': 10.0, 'seasonality_mode': 'additive'}: Less data than horizon after initial window. Make horizon or initial shorter.
[2025-07-31T12:02:14.897+0000] {logging_mixin.py:188} INFO - Test 6/18: {'changepoint_prior_scale': 0.01, 'seasonality_prior_scale': 10.0, 'seasonality_mode': 'multiplicative'}
[2025-07-31T12:02:14.918+0000] {filesystem.py:118} DEBUG - input tempfile: /tmp/tmpkniq6q7f/9m0cswyy.json
[2025-07-31T12:02:14.977+0000] {filesystem.py:118} DEBUG - input tempfile: /tmp/tmpkniq6q7f/t4iag5av.json
[2025-07-31T12:02:14.978+0000] {model.py:2042} DEBUG - idx 0
[2025-07-31T12:02:14.979+0000] {model.py:2043} DEBUG - running CmdStan, num_threads: None
[2025-07-31T12:02:14.979+0000] {model.py:2055} DEBUG - CmdStan args: ['/home/airflow/.local/lib/python3.11/site-packages/prophet/stan_model/prophet_model.bin', 'random', 'seed=13752', 'data', 'file=/tmp/tmpkniq6q7f/9m0cswyy.json', 'init=/tmp/tmpkniq6q7f/t4iag5av.json', 'output', 'file=/tmp/tmpkniq6q7f/prophet_modelkr80z0rf/prophet_model-20250731120214.csv', 'method=optimize', 'algorithm=lbfgs', 'iter=10000']
[2025-07-31T12:02:14.980+0000] {logging_mixin.py:188} WARNING - 12:02:14 - cmdstanpy - INFO - Chain [1] start processing
[2025-07-31T12:02:14.980+0000] {model.py:2058} INFO - Chain [1] start processing
[2025-07-31T12:02:15.039+0000] {logging_mixin.py:188} WARNING - 12:02:15 - cmdstanpy - INFO - Chain [1] done processing
[2025-07-31T12:02:15.039+0000] {model.py:2115} INFO - Chain [1] done processing
[2025-07-31T12:02:15.043+0000] {logging_mixin.py:188} INFO - Erreur pour {'changepoint_prior_scale': 0.01, 'seasonality_prior_scale': 10.0, 'seasonality_mode': 'multiplicative'}: Less data than horizon after initial window. Make horizon or initial shorter.
[2025-07-31T12:02:15.044+0000] {logging_mixin.py:188} INFO - Test 7/18: {'changepoint_prior_scale': 0.05, 'seasonality_prior_scale': 1.0, 'seasonality_mode': 'additive'}
[2025-07-31T12:02:15.061+0000] {filesystem.py:118} DEBUG - input tempfile: /tmp/tmpkniq6q7f/a0hkakjg.json
[2025-07-31T12:02:15.119+0000] {filesystem.py:118} DEBUG - input tempfile: /tmp/tmpkniq6q7f/i764fa41.json
[2025-07-31T12:02:15.120+0000] {model.py:2042} DEBUG - idx 0
[2025-07-31T12:02:15.121+0000] {model.py:2043} DEBUG - running CmdStan, num_threads: None
[2025-07-31T12:02:15.122+0000] {model.py:2055} DEBUG - CmdStan args: ['/home/airflow/.local/lib/python3.11/site-packages/prophet/stan_model/prophet_model.bin', 'random', 'seed=88052', 'data', 'file=/tmp/tmpkniq6q7f/a0hkakjg.json', 'init=/tmp/tmpkniq6q7f/i764fa41.json', 'output', 'file=/tmp/tmpkniq6q7f/prophet_modeln207kgw_/prophet_model-20250731120215.csv', 'method=optimize', 'algorithm=lbfgs', 'iter=10000']
[2025-07-31T12:02:15.122+0000] {logging_mixin.py:188} WARNING - 12:02:15 - cmdstanpy - INFO - Chain [1] start processing
[2025-07-31T12:02:15.122+0000] {model.py:2058} INFO - Chain [1] start processing
[2025-07-31T12:02:15.159+0000] {logging_mixin.py:188} WARNING - 12:02:15 - cmdstanpy - INFO - Chain [1] done processing
[2025-07-31T12:02:15.159+0000] {model.py:2115} INFO - Chain [1] done processing
[2025-07-31T12:02:15.163+0000] {logging_mixin.py:188} INFO - Erreur pour {'changepoint_prior_scale': 0.05, 'seasonality_prior_scale': 1.0, 'seasonality_mode': 'additive'}: Less data than horizon after initial window. Make horizon or initial shorter.
[2025-07-31T12:02:15.163+0000] {logging_mixin.py:188} INFO - Test 8/18: {'changepoint_prior_scale': 0.05, 'seasonality_prior_scale': 1.0, 'seasonality_mode': 'multiplicative'}
[2025-07-31T12:02:15.181+0000] {filesystem.py:118} DEBUG - input tempfile: /tmp/tmpkniq6q7f/71fmy5p1.json
[2025-07-31T12:02:15.239+0000] {filesystem.py:118} DEBUG - input tempfile: /tmp/tmpkniq6q7f/ulgkpj4m.json
[2025-07-31T12:02:15.241+0000] {model.py:2042} DEBUG - idx 0
[2025-07-31T12:02:15.241+0000] {model.py:2043} DEBUG - running CmdStan, num_threads: None
[2025-07-31T12:02:15.242+0000] {model.py:2055} DEBUG - CmdStan args: ['/home/airflow/.local/lib/python3.11/site-packages/prophet/stan_model/prophet_model.bin', 'random', 'seed=86132', 'data', 'file=/tmp/tmpkniq6q7f/71fmy5p1.json', 'init=/tmp/tmpkniq6q7f/ulgkpj4m.json', 'output', 'file=/tmp/tmpkniq6q7f/prophet_model7rs2e61_/prophet_model-20250731120215.csv', 'method=optimize', 'algorithm=lbfgs', 'iter=10000']
[2025-07-31T12:02:15.242+0000] {logging_mixin.py:188} WARNING - 12:02:15 - cmdstanpy - INFO - Chain [1] start processing
[2025-07-31T12:02:15.242+0000] {model.py:2058} INFO - Chain [1] start processing
[2025-07-31T12:02:15.287+0000] {logging_mixin.py:188} WARNING - 12:02:15 - cmdstanpy - INFO - Chain [1] done processing
[2025-07-31T12:02:15.287+0000] {model.py:2115} INFO - Chain [1] done processing
[2025-07-31T12:02:15.291+0000] {logging_mixin.py:188} INFO - Erreur pour {'changepoint_prior_scale': 0.05, 'seasonality_prior_scale': 1.0, 'seasonality_mode': 'multiplicative'}: Less data than horizon after initial window. Make horizon or initial shorter.
[2025-07-31T12:02:15.291+0000] {logging_mixin.py:188} INFO - Test 9/18: {'changepoint_prior_scale': 0.05, 'seasonality_prior_scale': 5.0, 'seasonality_mode': 'additive'}
[2025-07-31T12:02:15.308+0000] {filesystem.py:118} DEBUG - input tempfile: /tmp/tmpkniq6q7f/qxh8lagk.json
[2025-07-31T12:02:15.367+0000] {filesystem.py:118} DEBUG - input tempfile: /tmp/tmpkniq6q7f/gtwnm4jc.json
[2025-07-31T12:02:15.369+0000] {model.py:2042} DEBUG - idx 0
[2025-07-31T12:02:15.369+0000] {model.py:2043} DEBUG - running CmdStan, num_threads: None
[2025-07-31T12:02:15.370+0000] {model.py:2055} DEBUG - CmdStan args: ['/home/airflow/.local/lib/python3.11/site-packages/prophet/stan_model/prophet_model.bin', 'random', 'seed=83595', 'data', 'file=/tmp/tmpkniq6q7f/qxh8lagk.json', 'init=/tmp/tmpkniq6q7f/gtwnm4jc.json', 'output', 'file=/tmp/tmpkniq6q7f/prophet_modelbkwl9723/prophet_model-20250731120215.csv', 'method=optimize', 'algorithm=lbfgs', 'iter=10000']
[2025-07-31T12:02:15.370+0000] {logging_mixin.py:188} WARNING - 12:02:15 - cmdstanpy - INFO - Chain [1] start processing
[2025-07-31T12:02:15.370+0000] {model.py:2058} INFO - Chain [1] start processing
[2025-07-31T12:02:15.412+0000] {logging_mixin.py:188} WARNING - 12:02:15 - cmdstanpy - INFO - Chain [1] done processing
[2025-07-31T12:02:15.412+0000] {model.py:2115} INFO - Chain [1] done processing
[2025-07-31T12:02:15.416+0000] {logging_mixin.py:188} INFO - Erreur pour {'changepoint_prior_scale': 0.05, 'seasonality_prior_scale': 5.0, 'seasonality_mode': 'additive'}: Less data than horizon after initial window. Make horizon or initial shorter.
[2025-07-31T12:02:15.416+0000] {logging_mixin.py:188} INFO - Test 10/18: {'changepoint_prior_scale': 0.05, 'seasonality_prior_scale': 5.0, 'seasonality_mode': 'multiplicative'}
[2025-07-31T12:02:15.437+0000] {filesystem.py:118} DEBUG - input tempfile: /tmp/tmpkniq6q7f/fgj_e6l0.json
[2025-07-31T12:02:15.497+0000] {filesystem.py:118} DEBUG - input tempfile: /tmp/tmpkniq6q7f/72xn04ov.json
[2025-07-31T12:02:15.499+0000] {model.py:2042} DEBUG - idx 0
[2025-07-31T12:02:15.499+0000] {model.py:2043} DEBUG - running CmdStan, num_threads: None
[2025-07-31T12:02:15.500+0000] {model.py:2055} DEBUG - CmdStan args: ['/home/airflow/.local/lib/python3.11/site-packages/prophet/stan_model/prophet_model.bin', 'random', 'seed=44335', 'data', 'file=/tmp/tmpkniq6q7f/fgj_e6l0.json', 'init=/tmp/tmpkniq6q7f/72xn04ov.json', 'output', 'file=/tmp/tmpkniq6q7f/prophet_modelm5la7308/prophet_model-20250731120215.csv', 'method=optimize', 'algorithm=lbfgs', 'iter=10000']
[2025-07-31T12:02:15.500+0000] {logging_mixin.py:188} WARNING - 12:02:15 - cmdstanpy - INFO - Chain [1] start processing
[2025-07-31T12:02:15.500+0000] {model.py:2058} INFO - Chain [1] start processing
[2025-07-31T12:02:15.554+0000] {logging_mixin.py:188} WARNING - 12:02:15 - cmdstanpy - INFO - Chain [1] done processing
[2025-07-31T12:02:15.553+0000] {model.py:2115} INFO - Chain [1] done processing
[2025-07-31T12:02:15.558+0000] {logging_mixin.py:188} INFO - Erreur pour {'changepoint_prior_scale': 0.05, 'seasonality_prior_scale': 5.0, 'seasonality_mode': 'multiplicative'}: Less data than horizon after initial window. Make horizon or initial shorter.
[2025-07-31T12:02:15.558+0000] {logging_mixin.py:188} INFO - Test 11/18: {'changepoint_prior_scale': 0.05, 'seasonality_prior_scale': 10.0, 'seasonality_mode': 'additive'}
[2025-07-31T12:02:15.577+0000] {filesystem.py:118} DEBUG - input tempfile: /tmp/tmpkniq6q7f/otd0qbkz.json
[2025-07-31T12:02:15.639+0000] {filesystem.py:118} DEBUG - input tempfile: /tmp/tmpkniq6q7f/djmitul8.json
[2025-07-31T12:02:15.641+0000] {model.py:2042} DEBUG - idx 0
[2025-07-31T12:02:15.641+0000] {model.py:2043} DEBUG - running CmdStan, num_threads: None
[2025-07-31T12:02:15.642+0000] {model.py:2055} DEBUG - CmdStan args: ['/home/airflow/.local/lib/python3.11/site-packages/prophet/stan_model/prophet_model.bin', 'random', 'seed=94379', 'data', 'file=/tmp/tmpkniq6q7f/otd0qbkz.json', 'init=/tmp/tmpkniq6q7f/djmitul8.json', 'output', 'file=/tmp/tmpkniq6q7f/prophet_model2swoe0t5/prophet_model-20250731120215.csv', 'method=optimize', 'algorithm=lbfgs', 'iter=10000']
[2025-07-31T12:02:15.642+0000] {logging_mixin.py:188} WARNING - 12:02:15 - cmdstanpy - INFO - Chain [1] start processing
[2025-07-31T12:02:15.642+0000] {model.py:2058} INFO - Chain [1] start processing
[2025-07-31T12:02:15.679+0000] {logging_mixin.py:188} WARNING - 12:02:15 - cmdstanpy - INFO - Chain [1] done processing
[2025-07-31T12:02:15.679+0000] {model.py:2115} INFO - Chain [1] done processing
[2025-07-31T12:02:15.683+0000] {logging_mixin.py:188} INFO - Erreur pour {'changepoint_prior_scale': 0.05, 'seasonality_prior_scale': 10.0, 'seasonality_mode': 'additive'}: Less data than horizon after initial window. Make horizon or initial shorter.
[2025-07-31T12:02:15.684+0000] {logging_mixin.py:188} INFO - Test 12/18: {'changepoint_prior_scale': 0.05, 'seasonality_prior_scale': 10.0, 'seasonality_mode': 'multiplicative'}
[2025-07-31T12:02:15.701+0000] {filesystem.py:118} DEBUG - input tempfile: /tmp/tmpkniq6q7f/9u8pcdvs.json
[2025-07-31T12:02:15.758+0000] {filesystem.py:118} DEBUG - input tempfile: /tmp/tmpkniq6q7f/16ko5frz.json
[2025-07-31T12:02:15.759+0000] {model.py:2042} DEBUG - idx 0
[2025-07-31T12:02:15.760+0000] {model.py:2043} DEBUG - running CmdStan, num_threads: None
[2025-07-31T12:02:15.761+0000] {model.py:2055} DEBUG - CmdStan args: ['/home/airflow/.local/lib/python3.11/site-packages/prophet/stan_model/prophet_model.bin', 'random', 'seed=96553', 'data', 'file=/tmp/tmpkniq6q7f/9u8pcdvs.json', 'init=/tmp/tmpkniq6q7f/16ko5frz.json', 'output', 'file=/tmp/tmpkniq6q7f/prophet_modelzho0y41t/prophet_model-20250731120215.csv', 'method=optimize', 'algorithm=lbfgs', 'iter=10000']
[2025-07-31T12:02:15.761+0000] {logging_mixin.py:188} WARNING - 12:02:15 - cmdstanpy - INFO - Chain [1] start processing
[2025-07-31T12:02:15.761+0000] {model.py:2058} INFO - Chain [1] start processing
[2025-07-31T12:02:15.812+0000] {logging_mixin.py:188} WARNING - 12:02:15 - cmdstanpy - INFO - Chain [1] done processing
[2025-07-31T12:02:15.812+0000] {model.py:2115} INFO - Chain [1] done processing
[2025-07-31T12:02:15.816+0000] {logging_mixin.py:188} INFO - Erreur pour {'changepoint_prior_scale': 0.05, 'seasonality_prior_scale': 10.0, 'seasonality_mode': 'multiplicative'}: Less data than horizon after initial window. Make horizon or initial shorter.
[2025-07-31T12:02:15.817+0000] {logging_mixin.py:188} INFO - Test 13/18: {'changepoint_prior_scale': 0.1, 'seasonality_prior_scale': 1.0, 'seasonality_mode': 'additive'}
[2025-07-31T12:02:15.837+0000] {filesystem.py:118} DEBUG - input tempfile: /tmp/tmpkniq6q7f/zpw9x1un.json
[2025-07-31T12:02:15.908+0000] {filesystem.py:118} DEBUG - input tempfile: /tmp/tmpkniq6q7f/5e9sdils.json
[2025-07-31T12:02:15.910+0000] {model.py:2042} DEBUG - idx 0
[2025-07-31T12:02:15.911+0000] {model.py:2043} DEBUG - running CmdStan, num_threads: None
[2025-07-31T12:02:15.911+0000] {model.py:2055} DEBUG - CmdStan args: ['/home/airflow/.local/lib/python3.11/site-packages/prophet/stan_model/prophet_model.bin', 'random', 'seed=26717', 'data', 'file=/tmp/tmpkniq6q7f/zpw9x1un.json', 'init=/tmp/tmpkniq6q7f/5e9sdils.json', 'output', 'file=/tmp/tmpkniq6q7f/prophet_modelver7vbsi/prophet_model-20250731120215.csv', 'method=optimize', 'algorithm=lbfgs', 'iter=10000']
[2025-07-31T12:02:15.912+0000] {logging_mixin.py:188} WARNING - 12:02:15 - cmdstanpy - INFO - Chain [1] start processing
[2025-07-31T12:02:15.912+0000] {model.py:2058} INFO - Chain [1] start processing
[2025-07-31T12:02:15.951+0000] {logging_mixin.py:188} WARNING - 12:02:15 - cmdstanpy - INFO - Chain [1] done processing
[2025-07-31T12:02:15.951+0000] {model.py:2115} INFO - Chain [1] done processing
[2025-07-31T12:02:15.956+0000] {logging_mixin.py:188} INFO - Erreur pour {'changepoint_prior_scale': 0.1, 'seasonality_prior_scale': 1.0, 'seasonality_mode': 'additive'}: Less data than horizon after initial window. Make horizon or initial shorter.
[2025-07-31T12:02:15.957+0000] {logging_mixin.py:188} INFO - Test 14/18: {'changepoint_prior_scale': 0.1, 'seasonality_prior_scale': 1.0, 'seasonality_mode': 'multiplicative'}
[2025-07-31T12:02:15.977+0000] {filesystem.py:118} DEBUG - input tempfile: /tmp/tmpkniq6q7f/2mqw4a14.json
[2025-07-31T12:02:16.042+0000] {filesystem.py:118} DEBUG - input tempfile: /tmp/tmpkniq6q7f/l3sagqow.json
[2025-07-31T12:02:16.044+0000] {model.py:2042} DEBUG - idx 0
[2025-07-31T12:02:16.044+0000] {model.py:2043} DEBUG - running CmdStan, num_threads: None
[2025-07-31T12:02:16.045+0000] {model.py:2055} DEBUG - CmdStan args: ['/home/airflow/.local/lib/python3.11/site-packages/prophet/stan_model/prophet_model.bin', 'random', 'seed=51326', 'data', 'file=/tmp/tmpkniq6q7f/2mqw4a14.json', 'init=/tmp/tmpkniq6q7f/l3sagqow.json', 'output', 'file=/tmp/tmpkniq6q7f/prophet_model4wohc6gd/prophet_model-20250731120216.csv', 'method=optimize', 'algorithm=lbfgs', 'iter=10000']
[2025-07-31T12:02:16.045+0000] {logging_mixin.py:188} WARNING - 12:02:16 - cmdstanpy - INFO - Chain [1] start processing
[2025-07-31T12:02:16.045+0000] {model.py:2058} INFO - Chain [1] start processing
[2025-07-31T12:02:16.108+0000] {logging_mixin.py:188} WARNING - 12:02:16 - cmdstanpy - INFO - Chain [1] done processing
[2025-07-31T12:02:16.108+0000] {model.py:2115} INFO - Chain [1] done processing
[2025-07-31T12:02:16.112+0000] {logging_mixin.py:188} INFO - Erreur pour {'changepoint_prior_scale': 0.1, 'seasonality_prior_scale': 1.0, 'seasonality_mode': 'multiplicative'}: Less data than horizon after initial window. Make horizon or initial shorter.
[2025-07-31T12:02:16.113+0000] {logging_mixin.py:188} INFO - Test 15/18: {'changepoint_prior_scale': 0.1, 'seasonality_prior_scale': 5.0, 'seasonality_mode': 'additive'}
[2025-07-31T12:02:16.129+0000] {filesystem.py:118} DEBUG - input tempfile: /tmp/tmpkniq6q7f/p7ag0vjs.json
[2025-07-31T12:02:16.186+0000] {filesystem.py:118} DEBUG - input tempfile: /tmp/tmpkniq6q7f/6cnylc69.json
[2025-07-31T12:02:16.188+0000] {model.py:2042} DEBUG - idx 0
[2025-07-31T12:02:16.188+0000] {model.py:2043} DEBUG - running CmdStan, num_threads: None
[2025-07-31T12:02:16.189+0000] {model.py:2055} DEBUG - CmdStan args: ['/home/airflow/.local/lib/python3.11/site-packages/prophet/stan_model/prophet_model.bin', 'random', 'seed=30641', 'data', 'file=/tmp/tmpkniq6q7f/p7ag0vjs.json', 'init=/tmp/tmpkniq6q7f/6cnylc69.json', 'output', 'file=/tmp/tmpkniq6q7f/prophet_modell_d0nwfs/prophet_model-20250731120216.csv', 'method=optimize', 'algorithm=lbfgs', 'iter=10000']
[2025-07-31T12:02:16.189+0000] {logging_mixin.py:188} WARNING - 12:02:16 - cmdstanpy - INFO - Chain [1] start processing
[2025-07-31T12:02:16.189+0000] {model.py:2058} INFO - Chain [1] start processing
[2025-07-31T12:02:16.230+0000] {logging_mixin.py:188} WARNING - 12:02:16 - cmdstanpy - INFO - Chain [1] done processing
[2025-07-31T12:02:16.230+0000] {model.py:2115} INFO - Chain [1] done processing
[2025-07-31T12:02:16.234+0000] {logging_mixin.py:188} INFO - Erreur pour {'changepoint_prior_scale': 0.1, 'seasonality_prior_scale': 5.0, 'seasonality_mode': 'additive'}: Less data than horizon after initial window. Make horizon or initial shorter.
[2025-07-31T12:02:16.235+0000] {logging_mixin.py:188} INFO - Test 16/18: {'changepoint_prior_scale': 0.1, 'seasonality_prior_scale': 5.0, 'seasonality_mode': 'multiplicative'}
[2025-07-31T12:02:16.254+0000] {filesystem.py:118} DEBUG - input tempfile: /tmp/tmpkniq6q7f/35fiaqwu.json
[2025-07-31T12:02:16.312+0000] {filesystem.py:118} DEBUG - input tempfile: /tmp/tmpkniq6q7f/4d52cghh.json
[2025-07-31T12:02:16.313+0000] {model.py:2042} DEBUG - idx 0
[2025-07-31T12:02:16.314+0000] {model.py:2043} DEBUG - running CmdStan, num_threads: None
[2025-07-31T12:02:16.314+0000] {model.py:2055} DEBUG - CmdStan args: ['/home/airflow/.local/lib/python3.11/site-packages/prophet/stan_model/prophet_model.bin', 'random', 'seed=2023', 'data', 'file=/tmp/tmpkniq6q7f/35fiaqwu.json', 'init=/tmp/tmpkniq6q7f/4d52cghh.json', 'output', 'file=/tmp/tmpkniq6q7f/prophet_model1xmr3c1a/prophet_model-20250731120216.csv', 'method=optimize', 'algorithm=lbfgs', 'iter=10000']
[2025-07-31T12:02:16.315+0000] {logging_mixin.py:188} WARNING - 12:02:16 - cmdstanpy - INFO - Chain [1] start processing
[2025-07-31T12:02:16.315+0000] {model.py:2058} INFO - Chain [1] start processing
[2025-07-31T12:02:16.392+0000] {logging_mixin.py:188} WARNING - 12:02:16 - cmdstanpy - INFO - Chain [1] done processing
[2025-07-31T12:02:16.392+0000] {model.py:2115} INFO - Chain [1] done processing
[2025-07-31T12:02:16.396+0000] {logging_mixin.py:188} INFO - Erreur pour {'changepoint_prior_scale': 0.1, 'seasonality_prior_scale': 5.0, 'seasonality_mode': 'multiplicative'}: Less data than horizon after initial window. Make horizon or initial shorter.
[2025-07-31T12:02:16.396+0000] {logging_mixin.py:188} INFO - Test 17/18: {'changepoint_prior_scale': 0.1, 'seasonality_prior_scale': 10.0, 'seasonality_mode': 'additive'}
[2025-07-31T12:02:16.414+0000] {filesystem.py:118} DEBUG - input tempfile: /tmp/tmpkniq6q7f/frgahwxf.json
[2025-07-31T12:02:16.472+0000] {filesystem.py:118} DEBUG - input tempfile: /tmp/tmpkniq6q7f/_pejd5ol.json
[2025-07-31T12:02:16.474+0000] {model.py:2042} DEBUG - idx 0
[2025-07-31T12:02:16.474+0000] {model.py:2043} DEBUG - running CmdStan, num_threads: None
[2025-07-31T12:02:16.475+0000] {model.py:2055} DEBUG - CmdStan args: ['/home/airflow/.local/lib/python3.11/site-packages/prophet/stan_model/prophet_model.bin', 'random', 'seed=89758', 'data', 'file=/tmp/tmpkniq6q7f/frgahwxf.json', 'init=/tmp/tmpkniq6q7f/_pejd5ol.json', 'output', 'file=/tmp/tmpkniq6q7f/prophet_modelo02wfzfo/prophet_model-20250731120216.csv', 'method=optimize', 'algorithm=lbfgs', 'iter=10000']
[2025-07-31T12:02:16.475+0000] {logging_mixin.py:188} WARNING - 12:02:16 - cmdstanpy - INFO - Chain [1] start processing
[2025-07-31T12:02:16.475+0000] {model.py:2058} INFO - Chain [1] start processing
[2025-07-31T12:02:16.512+0000] {logging_mixin.py:188} WARNING - 12:02:16 - cmdstanpy - INFO - Chain [1] done processing
[2025-07-31T12:02:16.512+0000] {model.py:2115} INFO - Chain [1] done processing
[2025-07-31T12:02:16.516+0000] {logging_mixin.py:188} INFO - Erreur pour {'changepoint_prior_scale': 0.1, 'seasonality_prior_scale': 10.0, 'seasonality_mode': 'additive'}: Less data than horizon after initial window. Make horizon or initial shorter.
[2025-07-31T12:02:16.516+0000] {logging_mixin.py:188} INFO - Test 18/18: {'changepoint_prior_scale': 0.1, 'seasonality_prior_scale': 10.0, 'seasonality_mode': 'multiplicative'}
[2025-07-31T12:02:16.536+0000] {filesystem.py:118} DEBUG - input tempfile: /tmp/tmpkniq6q7f/r2yoxx6n.json
[2025-07-31T12:02:16.601+0000] {filesystem.py:118} DEBUG - input tempfile: /tmp/tmpkniq6q7f/yzuubssa.json
[2025-07-31T12:02:16.602+0000] {model.py:2042} DEBUG - idx 0
[2025-07-31T12:02:16.603+0000] {model.py:2043} DEBUG - running CmdStan, num_threads: None
[2025-07-31T12:02:16.603+0000] {model.py:2055} DEBUG - CmdStan args: ['/home/airflow/.local/lib/python3.11/site-packages/prophet/stan_model/prophet_model.bin', 'random', 'seed=39208', 'data', 'file=/tmp/tmpkniq6q7f/r2yoxx6n.json', 'init=/tmp/tmpkniq6q7f/yzuubssa.json', 'output', 'file=/tmp/tmpkniq6q7f/prophet_model6elf6gno/prophet_model-20250731120216.csv', 'method=optimize', 'algorithm=lbfgs', 'iter=10000']
[2025-07-31T12:02:16.604+0000] {logging_mixin.py:188} WARNING - 12:02:16 - cmdstanpy - INFO - Chain [1] start processing
[2025-07-31T12:02:16.604+0000] {model.py:2058} INFO - Chain [1] start processing
[2025-07-31T12:02:16.677+0000] {logging_mixin.py:188} WARNING - 12:02:16 - cmdstanpy - INFO - Chain [1] done processing
[2025-07-31T12:02:16.677+0000] {model.py:2115} INFO - Chain [1] done processing
[2025-07-31T12:02:16.681+0000] {logging_mixin.py:188} INFO - Erreur pour {'changepoint_prior_scale': 0.1, 'seasonality_prior_scale': 10.0, 'seasonality_mode': 'multiplicative'}: Less data than horizon after initial window. Make horizon or initial shorter.
[2025-07-31T12:02:16.681+0000] {taskinstance.py:441} INFO - ::group::Post task execution logs
[2025-07-31T12:02:16.682+0000] {taskinstance.py:2905} ERROR - Task failed with exception
Traceback (most recent call last):
  File "/home/airflow/.local/lib/python3.11/site-packages/airflow/models/taskinstance.py", line 465, in _execute_task
    result = _execute_callable(context=context, **execute_callable_kwargs)
             ^^^^^^^^^^^^^^^^^^^^^^^^^^^^^^^^^^^^^^^^^^^^^^^^^^^^^^^^^^^^^
  File "/home/airflow/.local/lib/python3.11/site-packages/airflow/models/taskinstance.py", line 432, in _execute_callable
    return execute_callable(context=context, **execute_callable_kwargs)
           ^^^^^^^^^^^^^^^^^^^^^^^^^^^^^^^^^^^^^^^^^^^^^^^^^^^^^^^^^^^^
  File "/home/airflow/.local/lib/python3.11/site-packages/airflow/models/baseoperator.py", line 401, in wrapper
    return func(self, *args, **kwargs)
           ^^^^^^^^^^^^^^^^^^^^^^^^^^^
  File "/home/airflow/.local/lib/python3.11/site-packages/airflow/operators/python.py", line 235, in execute
    return_value = self.execute_callable()
                   ^^^^^^^^^^^^^^^^^^^^^^^
  File "/home/airflow/.local/lib/python3.11/site-packages/airflow/operators/python.py", line 252, in execute_callable
    return self.python_callable(*self.op_args, **self.op_kwargs)
           ^^^^^^^^^^^^^^^^^^^^^^^^^^^^^^^^^^^^^^^^^^^^^^^^^^^^^
  File "/opt/airflow/dags/scripts/train_prophet.py", line 92, in train_prophet
    best_model_temp, scores_temp = optimize_prophet_model(temp_df)
                                   ^^^^^^^^^^^^^^^^^^^^^^^^^^^^^^^
  File "/opt/airflow/dags/scripts/train_prophet.py", line 44, in optimize_prophet_model
    best = min(results, key=lambda x: x[1])
           ^^^^^^^^^^^^^^^^^^^^^^^^^^^^^^^^
ValueError: min() arg is an empty sequence
[2025-07-31T12:02:16.707+0000] {taskinstance.py:1206} INFO - Marking task as UP_FOR_RETRY. dag_id=solar_ai_pipeline_2, task_id=train_prophet, run_id=scheduled__2023-07-22T00:00:00+00:00, execution_date=20230722T000000, start_date=20250731T120212, end_date=20250731T120216
[2025-07-31T12:02:16.769+0000] {standard_task_runner.py:110} ERROR - Failed to execute job 2929 for task train_prophet (min() arg is an empty sequence; 4366)
[2025-07-31T12:02:16.816+0000] {local_task_job_runner.py:240} INFO - Task exited with return code 1
[2025-07-31T12:02:16.862+0000] {taskinstance.py:3503} INFO - 0 downstream tasks scheduled from follow-on schedule check
[2025-07-31T12:02:16.865+0000] {local_task_job_runner.py:222} INFO - ::endgroup::
