[2025-07-31T12:03:59.171+0000] {local_task_job_runner.py:120} INFO - ::group::Pre task execution logs
[2025-07-31T12:03:59.354+0000] {taskinstance.py:2076} INFO - Dependencies all met for dep_context=non-requeueable deps ti=<TaskInstance: solar_ai_pipeline_2.train_prophet scheduled__2023-07-14T00:00:00+00:00 [queued]>
[2025-07-31T12:03:59.424+0000] {taskinstance.py:2076} INFO - Dependencies all met for dep_context=requeueable deps ti=<TaskInstance: solar_ai_pipeline_2.train_prophet scheduled__2023-07-14T00:00:00+00:00 [queued]>
[2025-07-31T12:03:59.428+0000] {taskinstance.py:2306} INFO - Starting attempt 4 of 4
[2025-07-31T12:03:59.530+0000] {taskinstance.py:2330} INFO - Executing <Task(PythonOperator): train_prophet> on 2023-07-14 00:00:00+00:00
[2025-07-31T12:03:59.538+0000] {standard_task_runner.py:63} INFO - Started process 4632 to run task
[2025-07-31T12:03:59.543+0000] {standard_task_runner.py:90} INFO - Running: ['airflow', 'tasks', 'run', 'solar_ai_pipeline_2', 'train_prophet', 'scheduled__2023-07-14T00:00:00+00:00', '--job-id', '2937', '--raw', '--subdir', 'DAGS_FOLDER/prophet_pipeline.py', '--cfg-path', '/tmp/tmppb7u_npu']
[2025-07-31T12:03:59.546+0000] {standard_task_runner.py:91} INFO - Job 2937: Subtask train_prophet
[2025-07-31T12:03:59.783+0000] {task_command.py:426} INFO - Running <TaskInstance: solar_ai_pipeline_2.train_prophet scheduled__2023-07-14T00:00:00+00:00 [running]> on host a2a0dd314bdc
[2025-07-31T12:04:00.445+0000] {taskinstance.py:2648} INFO - Exporting env vars: AIRFLOW_CTX_DAG_OWNER='ensam' AIRFLOW_CTX_DAG_ID='solar_ai_pipeline_2' AIRFLOW_CTX_TASK_ID='train_prophet' AIRFLOW_CTX_EXECUTION_DATE='2023-07-14T00:00:00+00:00' AIRFLOW_CTX_TRY_NUMBER='4' AIRFLOW_CTX_DAG_RUN_ID='scheduled__2023-07-14T00:00:00+00:00'
[2025-07-31T12:04:00.446+0000] {taskinstance.py:430} INFO - ::endgroup::
[2025-07-31T12:04:01.494+0000] {plot.py:39} ERROR - Importing plotly failed. Interactive plots will not work.
[2025-07-31T12:04:01.504+0000] {logging_mixin.py:188} INFO - Training from 2023-01-01 to 2023-01-15
[2025-07-31T12:04:01.834+0000] {logging_mixin.py:188} INFO - Test 1/18: {'changepoint_prior_scale': 0.01, 'seasonality_prior_scale': 1.0, 'seasonality_mode': 'additive'}
[2025-07-31T12:04:01.898+0000] {filesystem.py:118} DEBUG - input tempfile: /tmp/tmpl_gyao1b/58jr2isg.json
[2025-07-31T12:04:01.941+0000] {filesystem.py:118} DEBUG - input tempfile: /tmp/tmpl_gyao1b/46n6wtvd.json
[2025-07-31T12:04:01.946+0000] {model.py:2042} DEBUG - idx 0
[2025-07-31T12:04:01.947+0000] {model.py:2043} DEBUG - running CmdStan, num_threads: None
[2025-07-31T12:04:01.948+0000] {model.py:2055} DEBUG - CmdStan args: ['/home/airflow/.local/lib/python3.11/site-packages/prophet/stan_model/prophet_model.bin', 'random', 'seed=57732', 'data', 'file=/tmp/tmpl_gyao1b/58jr2isg.json', 'init=/tmp/tmpl_gyao1b/46n6wtvd.json', 'output', 'file=/tmp/tmpl_gyao1b/prophet_modelxfqa2cnf/prophet_model-20250731120401.csv', 'method=optimize', 'algorithm=lbfgs', 'iter=10000']
[2025-07-31T12:04:01.948+0000] {logging_mixin.py:188} WARNING - 12:04:01 - cmdstanpy - INFO - Chain [1] start processing
[2025-07-31T12:04:01.948+0000] {model.py:2058} INFO - Chain [1] start processing
[2025-07-31T12:04:02.016+0000] {logging_mixin.py:188} WARNING - 12:04:02 - cmdstanpy - INFO - Chain [1] done processing
[2025-07-31T12:04:02.016+0000] {model.py:2115} INFO - Chain [1] done processing
[2025-07-31T12:04:02.020+0000] {logging_mixin.py:188} INFO - Erreur pour {'changepoint_prior_scale': 0.01, 'seasonality_prior_scale': 1.0, 'seasonality_mode': 'additive'}: Less data than horizon after initial window. Make horizon or initial shorter.
[2025-07-31T12:04:02.021+0000] {logging_mixin.py:188} INFO - Test 2/18: {'changepoint_prior_scale': 0.01, 'seasonality_prior_scale': 1.0, 'seasonality_mode': 'multiplicative'}
[2025-07-31T12:04:02.043+0000] {filesystem.py:118} DEBUG - input tempfile: /tmp/tmpl_gyao1b/knd2i3wd.json
[2025-07-31T12:04:02.086+0000] {filesystem.py:118} DEBUG - input tempfile: /tmp/tmpl_gyao1b/q7me7zl6.json
[2025-07-31T12:04:02.088+0000] {model.py:2042} DEBUG - idx 0
[2025-07-31T12:04:02.089+0000] {model.py:2043} DEBUG - running CmdStan, num_threads: None
[2025-07-31T12:04:02.089+0000] {model.py:2055} DEBUG - CmdStan args: ['/home/airflow/.local/lib/python3.11/site-packages/prophet/stan_model/prophet_model.bin', 'random', 'seed=73991', 'data', 'file=/tmp/tmpl_gyao1b/knd2i3wd.json', 'init=/tmp/tmpl_gyao1b/q7me7zl6.json', 'output', 'file=/tmp/tmpl_gyao1b/prophet_modely90w4aks/prophet_model-20250731120402.csv', 'method=optimize', 'algorithm=lbfgs', 'iter=10000']
[2025-07-31T12:04:02.090+0000] {logging_mixin.py:188} WARNING - 12:04:02 - cmdstanpy - INFO - Chain [1] start processing
[2025-07-31T12:04:02.090+0000] {model.py:2058} INFO - Chain [1] start processing
[2025-07-31T12:04:02.137+0000] {logging_mixin.py:188} WARNING - 12:04:02 - cmdstanpy - INFO - Chain [1] done processing
[2025-07-31T12:04:02.137+0000] {model.py:2115} INFO - Chain [1] done processing
[2025-07-31T12:04:02.141+0000] {logging_mixin.py:188} INFO - Erreur pour {'changepoint_prior_scale': 0.01, 'seasonality_prior_scale': 1.0, 'seasonality_mode': 'multiplicative'}: Less data than horizon after initial window. Make horizon or initial shorter.
[2025-07-31T12:04:02.142+0000] {logging_mixin.py:188} INFO - Test 3/18: {'changepoint_prior_scale': 0.01, 'seasonality_prior_scale': 5.0, 'seasonality_mode': 'additive'}
[2025-07-31T12:04:02.168+0000] {filesystem.py:118} DEBUG - input tempfile: /tmp/tmpl_gyao1b/li5zzqgm.json
[2025-07-31T12:04:02.228+0000] {filesystem.py:118} DEBUG - input tempfile: /tmp/tmpl_gyao1b/bda6p0ad.json
[2025-07-31T12:04:02.230+0000] {model.py:2042} DEBUG - idx 0
[2025-07-31T12:04:02.231+0000] {model.py:2043} DEBUG - running CmdStan, num_threads: None
[2025-07-31T12:04:02.231+0000] {model.py:2055} DEBUG - CmdStan args: ['/home/airflow/.local/lib/python3.11/site-packages/prophet/stan_model/prophet_model.bin', 'random', 'seed=35002', 'data', 'file=/tmp/tmpl_gyao1b/li5zzqgm.json', 'init=/tmp/tmpl_gyao1b/bda6p0ad.json', 'output', 'file=/tmp/tmpl_gyao1b/prophet_model4n71nya_/prophet_model-20250731120402.csv', 'method=optimize', 'algorithm=lbfgs', 'iter=10000']
[2025-07-31T12:04:02.232+0000] {logging_mixin.py:188} WARNING - 12:04:02 - cmdstanpy - INFO - Chain [1] start processing
[2025-07-31T12:04:02.232+0000] {model.py:2058} INFO - Chain [1] start processing
[2025-07-31T12:04:02.285+0000] {logging_mixin.py:188} WARNING - 12:04:02 - cmdstanpy - INFO - Chain [1] done processing
[2025-07-31T12:04:02.285+0000] {model.py:2115} INFO - Chain [1] done processing
[2025-07-31T12:04:02.291+0000] {logging_mixin.py:188} INFO - Erreur pour {'changepoint_prior_scale': 0.01, 'seasonality_prior_scale': 5.0, 'seasonality_mode': 'additive'}: Less data than horizon after initial window. Make horizon or initial shorter.
[2025-07-31T12:04:02.292+0000] {logging_mixin.py:188} INFO - Test 4/18: {'changepoint_prior_scale': 0.01, 'seasonality_prior_scale': 5.0, 'seasonality_mode': 'multiplicative'}
[2025-07-31T12:04:02.314+0000] {filesystem.py:118} DEBUG - input tempfile: /tmp/tmpl_gyao1b/4zii5n9z.json
[2025-07-31T12:04:02.354+0000] {filesystem.py:118} DEBUG - input tempfile: /tmp/tmpl_gyao1b/l4hsttp_.json
[2025-07-31T12:04:02.356+0000] {model.py:2042} DEBUG - idx 0
[2025-07-31T12:04:02.356+0000] {model.py:2043} DEBUG - running CmdStan, num_threads: None
[2025-07-31T12:04:02.357+0000] {model.py:2055} DEBUG - CmdStan args: ['/home/airflow/.local/lib/python3.11/site-packages/prophet/stan_model/prophet_model.bin', 'random', 'seed=56354', 'data', 'file=/tmp/tmpl_gyao1b/4zii5n9z.json', 'init=/tmp/tmpl_gyao1b/l4hsttp_.json', 'output', 'file=/tmp/tmpl_gyao1b/prophet_model7rab464x/prophet_model-20250731120402.csv', 'method=optimize', 'algorithm=lbfgs', 'iter=10000']
[2025-07-31T12:04:02.358+0000] {logging_mixin.py:188} WARNING - 12:04:02 - cmdstanpy - INFO - Chain [1] start processing
[2025-07-31T12:04:02.358+0000] {model.py:2058} INFO - Chain [1] start processing
[2025-07-31T12:04:02.405+0000] {logging_mixin.py:188} WARNING - 12:04:02 - cmdstanpy - INFO - Chain [1] done processing
[2025-07-31T12:04:02.404+0000] {model.py:2115} INFO - Chain [1] done processing
[2025-07-31T12:04:02.409+0000] {logging_mixin.py:188} INFO - Erreur pour {'changepoint_prior_scale': 0.01, 'seasonality_prior_scale': 5.0, 'seasonality_mode': 'multiplicative'}: Less data than horizon after initial window. Make horizon or initial shorter.
[2025-07-31T12:04:02.411+0000] {logging_mixin.py:188} INFO - Test 5/18: {'changepoint_prior_scale': 0.01, 'seasonality_prior_scale': 10.0, 'seasonality_mode': 'additive'}
[2025-07-31T12:04:02.427+0000] {filesystem.py:118} DEBUG - input tempfile: /tmp/tmpl_gyao1b/k66glv2e.json
[2025-07-31T12:04:02.472+0000] {filesystem.py:118} DEBUG - input tempfile: /tmp/tmpl_gyao1b/_e4pc8et.json
[2025-07-31T12:04:02.474+0000] {model.py:2042} DEBUG - idx 0
[2025-07-31T12:04:02.475+0000] {model.py:2043} DEBUG - running CmdStan, num_threads: None
[2025-07-31T12:04:02.476+0000] {model.py:2055} DEBUG - CmdStan args: ['/home/airflow/.local/lib/python3.11/site-packages/prophet/stan_model/prophet_model.bin', 'random', 'seed=48769', 'data', 'file=/tmp/tmpl_gyao1b/k66glv2e.json', 'init=/tmp/tmpl_gyao1b/_e4pc8et.json', 'output', 'file=/tmp/tmpl_gyao1b/prophet_modely3r24ono/prophet_model-20250731120402.csv', 'method=optimize', 'algorithm=lbfgs', 'iter=10000']
[2025-07-31T12:04:02.477+0000] {logging_mixin.py:188} WARNING - 12:04:02 - cmdstanpy - INFO - Chain [1] start processing
[2025-07-31T12:04:02.477+0000] {model.py:2058} INFO - Chain [1] start processing
[2025-07-31T12:04:02.534+0000] {logging_mixin.py:188} WARNING - 12:04:02 - cmdstanpy - INFO - Chain [1] done processing
[2025-07-31T12:04:02.534+0000] {model.py:2115} INFO - Chain [1] done processing
[2025-07-31T12:04:02.541+0000] {logging_mixin.py:188} INFO - Erreur pour {'changepoint_prior_scale': 0.01, 'seasonality_prior_scale': 10.0, 'seasonality_mode': 'additive'}: Less data than horizon after initial window. Make horizon or initial shorter.
[2025-07-31T12:04:02.543+0000] {logging_mixin.py:188} INFO - Test 6/18: {'changepoint_prior_scale': 0.01, 'seasonality_prior_scale': 10.0, 'seasonality_mode': 'multiplicative'}
[2025-07-31T12:04:02.576+0000] {filesystem.py:118} DEBUG - input tempfile: /tmp/tmpl_gyao1b/r7qmy8bj.json
[2025-07-31T12:04:02.635+0000] {filesystem.py:118} DEBUG - input tempfile: /tmp/tmpl_gyao1b/gholmfj3.json
[2025-07-31T12:04:02.636+0000] {model.py:2042} DEBUG - idx 0
[2025-07-31T12:04:02.637+0000] {model.py:2043} DEBUG - running CmdStan, num_threads: None
[2025-07-31T12:04:02.638+0000] {model.py:2055} DEBUG - CmdStan args: ['/home/airflow/.local/lib/python3.11/site-packages/prophet/stan_model/prophet_model.bin', 'random', 'seed=86195', 'data', 'file=/tmp/tmpl_gyao1b/r7qmy8bj.json', 'init=/tmp/tmpl_gyao1b/gholmfj3.json', 'output', 'file=/tmp/tmpl_gyao1b/prophet_modelxuh_y49b/prophet_model-20250731120402.csv', 'method=optimize', 'algorithm=lbfgs', 'iter=10000']
[2025-07-31T12:04:02.639+0000] {logging_mixin.py:188} WARNING - 12:04:02 - cmdstanpy - INFO - Chain [1] start processing
[2025-07-31T12:04:02.639+0000] {model.py:2058} INFO - Chain [1] start processing
[2025-07-31T12:04:02.686+0000] {logging_mixin.py:188} WARNING - 12:04:02 - cmdstanpy - INFO - Chain [1] done processing
[2025-07-31T12:04:02.686+0000] {model.py:2115} INFO - Chain [1] done processing
[2025-07-31T12:04:02.693+0000] {logging_mixin.py:188} INFO - Erreur pour {'changepoint_prior_scale': 0.01, 'seasonality_prior_scale': 10.0, 'seasonality_mode': 'multiplicative'}: Less data than horizon after initial window. Make horizon or initial shorter.
[2025-07-31T12:04:02.693+0000] {logging_mixin.py:188} INFO - Test 7/18: {'changepoint_prior_scale': 0.05, 'seasonality_prior_scale': 1.0, 'seasonality_mode': 'additive'}
[2025-07-31T12:04:02.718+0000] {filesystem.py:118} DEBUG - input tempfile: /tmp/tmpl_gyao1b/ecxvdng8.json
[2025-07-31T12:04:02.781+0000] {filesystem.py:118} DEBUG - input tempfile: /tmp/tmpl_gyao1b/d2s9cr7l.json
[2025-07-31T12:04:02.783+0000] {model.py:2042} DEBUG - idx 0
[2025-07-31T12:04:02.784+0000] {model.py:2043} DEBUG - running CmdStan, num_threads: None
[2025-07-31T12:04:02.785+0000] {model.py:2055} DEBUG - CmdStan args: ['/home/airflow/.local/lib/python3.11/site-packages/prophet/stan_model/prophet_model.bin', 'random', 'seed=66482', 'data', 'file=/tmp/tmpl_gyao1b/ecxvdng8.json', 'init=/tmp/tmpl_gyao1b/d2s9cr7l.json', 'output', 'file=/tmp/tmpl_gyao1b/prophet_modelvbo91unp/prophet_model-20250731120402.csv', 'method=optimize', 'algorithm=lbfgs', 'iter=10000']
[2025-07-31T12:04:02.785+0000] {logging_mixin.py:188} WARNING - 12:04:02 - cmdstanpy - INFO - Chain [1] start processing
[2025-07-31T12:04:02.785+0000] {model.py:2058} INFO - Chain [1] start processing
[2025-07-31T12:04:02.845+0000] {logging_mixin.py:188} WARNING - 12:04:02 - cmdstanpy - INFO - Chain [1] done processing
[2025-07-31T12:04:02.845+0000] {model.py:2115} INFO - Chain [1] done processing
[2025-07-31T12:04:02.850+0000] {logging_mixin.py:188} INFO - Erreur pour {'changepoint_prior_scale': 0.05, 'seasonality_prior_scale': 1.0, 'seasonality_mode': 'additive'}: Less data than horizon after initial window. Make horizon or initial shorter.
[2025-07-31T12:04:02.851+0000] {logging_mixin.py:188} INFO - Test 8/18: {'changepoint_prior_scale': 0.05, 'seasonality_prior_scale': 1.0, 'seasonality_mode': 'multiplicative'}
[2025-07-31T12:04:02.871+0000] {filesystem.py:118} DEBUG - input tempfile: /tmp/tmpl_gyao1b/lbbyx_sj.json
[2025-07-31T12:04:02.927+0000] {filesystem.py:118} DEBUG - input tempfile: /tmp/tmpl_gyao1b/reho_lkf.json
[2025-07-31T12:04:02.928+0000] {model.py:2042} DEBUG - idx 0
[2025-07-31T12:04:02.929+0000] {model.py:2043} DEBUG - running CmdStan, num_threads: None
[2025-07-31T12:04:02.930+0000] {model.py:2055} DEBUG - CmdStan args: ['/home/airflow/.local/lib/python3.11/site-packages/prophet/stan_model/prophet_model.bin', 'random', 'seed=16545', 'data', 'file=/tmp/tmpl_gyao1b/lbbyx_sj.json', 'init=/tmp/tmpl_gyao1b/reho_lkf.json', 'output', 'file=/tmp/tmpl_gyao1b/prophet_modeljt_vo10o/prophet_model-20250731120402.csv', 'method=optimize', 'algorithm=lbfgs', 'iter=10000']
[2025-07-31T12:04:02.931+0000] {logging_mixin.py:188} WARNING - 12:04:02 - cmdstanpy - INFO - Chain [1] start processing
[2025-07-31T12:04:02.931+0000] {model.py:2058} INFO - Chain [1] start processing
[2025-07-31T12:04:03.006+0000] {logging_mixin.py:188} WARNING - 12:04:03 - cmdstanpy - INFO - Chain [1] done processing
[2025-07-31T12:04:03.006+0000] {model.py:2115} INFO - Chain [1] done processing
[2025-07-31T12:04:03.011+0000] {logging_mixin.py:188} INFO - Erreur pour {'changepoint_prior_scale': 0.05, 'seasonality_prior_scale': 1.0, 'seasonality_mode': 'multiplicative'}: Less data than horizon after initial window. Make horizon or initial shorter.
[2025-07-31T12:04:03.012+0000] {logging_mixin.py:188} INFO - Test 9/18: {'changepoint_prior_scale': 0.05, 'seasonality_prior_scale': 5.0, 'seasonality_mode': 'additive'}
[2025-07-31T12:04:03.033+0000] {filesystem.py:118} DEBUG - input tempfile: /tmp/tmpl_gyao1b/2yks5c77.json
[2025-07-31T12:04:03.083+0000] {filesystem.py:118} DEBUG - input tempfile: /tmp/tmpl_gyao1b/4cpj290e.json
[2025-07-31T12:04:03.084+0000] {model.py:2042} DEBUG - idx 0
[2025-07-31T12:04:03.085+0000] {model.py:2043} DEBUG - running CmdStan, num_threads: None
[2025-07-31T12:04:03.086+0000] {model.py:2055} DEBUG - CmdStan args: ['/home/airflow/.local/lib/python3.11/site-packages/prophet/stan_model/prophet_model.bin', 'random', 'seed=17950', 'data', 'file=/tmp/tmpl_gyao1b/2yks5c77.json', 'init=/tmp/tmpl_gyao1b/4cpj290e.json', 'output', 'file=/tmp/tmpl_gyao1b/prophet_modelm8i1vfn3/prophet_model-20250731120403.csv', 'method=optimize', 'algorithm=lbfgs', 'iter=10000']
[2025-07-31T12:04:03.086+0000] {logging_mixin.py:188} WARNING - 12:04:03 - cmdstanpy - INFO - Chain [1] start processing
[2025-07-31T12:04:03.086+0000] {model.py:2058} INFO - Chain [1] start processing
[2025-07-31T12:04:03.136+0000] {logging_mixin.py:188} WARNING - 12:04:03 - cmdstanpy - INFO - Chain [1] done processing
[2025-07-31T12:04:03.135+0000] {model.py:2115} INFO - Chain [1] done processing
[2025-07-31T12:04:03.140+0000] {logging_mixin.py:188} INFO - Erreur pour {'changepoint_prior_scale': 0.05, 'seasonality_prior_scale': 5.0, 'seasonality_mode': 'additive'}: Less data than horizon after initial window. Make horizon or initial shorter.
[2025-07-31T12:04:03.141+0000] {logging_mixin.py:188} INFO - Test 10/18: {'changepoint_prior_scale': 0.05, 'seasonality_prior_scale': 5.0, 'seasonality_mode': 'multiplicative'}
[2025-07-31T12:04:03.161+0000] {filesystem.py:118} DEBUG - input tempfile: /tmp/tmpl_gyao1b/1aw1byma.json
[2025-07-31T12:04:03.207+0000] {filesystem.py:118} DEBUG - input tempfile: /tmp/tmpl_gyao1b/_6yjaa17.json
[2025-07-31T12:04:03.209+0000] {model.py:2042} DEBUG - idx 0
[2025-07-31T12:04:03.210+0000] {model.py:2043} DEBUG - running CmdStan, num_threads: None
[2025-07-31T12:04:03.210+0000] {model.py:2055} DEBUG - CmdStan args: ['/home/airflow/.local/lib/python3.11/site-packages/prophet/stan_model/prophet_model.bin', 'random', 'seed=71789', 'data', 'file=/tmp/tmpl_gyao1b/1aw1byma.json', 'init=/tmp/tmpl_gyao1b/_6yjaa17.json', 'output', 'file=/tmp/tmpl_gyao1b/prophet_modeljz5zqeh8/prophet_model-20250731120403.csv', 'method=optimize', 'algorithm=lbfgs', 'iter=10000']
[2025-07-31T12:04:03.211+0000] {logging_mixin.py:188} WARNING - 12:04:03 - cmdstanpy - INFO - Chain [1] start processing
[2025-07-31T12:04:03.211+0000] {model.py:2058} INFO - Chain [1] start processing
[2025-07-31T12:04:03.265+0000] {logging_mixin.py:188} WARNING - 12:04:03 - cmdstanpy - INFO - Chain [1] done processing
[2025-07-31T12:04:03.265+0000] {model.py:2115} INFO - Chain [1] done processing
[2025-07-31T12:04:03.269+0000] {logging_mixin.py:188} INFO - Erreur pour {'changepoint_prior_scale': 0.05, 'seasonality_prior_scale': 5.0, 'seasonality_mode': 'multiplicative'}: Less data than horizon after initial window. Make horizon or initial shorter.
[2025-07-31T12:04:03.270+0000] {logging_mixin.py:188} INFO - Test 11/18: {'changepoint_prior_scale': 0.05, 'seasonality_prior_scale': 10.0, 'seasonality_mode': 'additive'}
[2025-07-31T12:04:03.288+0000] {filesystem.py:118} DEBUG - input tempfile: /tmp/tmpl_gyao1b/fvqttdwi.json
[2025-07-31T12:04:03.342+0000] {filesystem.py:118} DEBUG - input tempfile: /tmp/tmpl_gyao1b/t2r_cy2u.json
[2025-07-31T12:04:03.343+0000] {model.py:2042} DEBUG - idx 0
[2025-07-31T12:04:03.344+0000] {model.py:2043} DEBUG - running CmdStan, num_threads: None
[2025-07-31T12:04:03.345+0000] {model.py:2055} DEBUG - CmdStan args: ['/home/airflow/.local/lib/python3.11/site-packages/prophet/stan_model/prophet_model.bin', 'random', 'seed=3978', 'data', 'file=/tmp/tmpl_gyao1b/fvqttdwi.json', 'init=/tmp/tmpl_gyao1b/t2r_cy2u.json', 'output', 'file=/tmp/tmpl_gyao1b/prophet_modeldtvbmtyd/prophet_model-20250731120403.csv', 'method=optimize', 'algorithm=lbfgs', 'iter=10000']
[2025-07-31T12:04:03.346+0000] {logging_mixin.py:188} WARNING - 12:04:03 - cmdstanpy - INFO - Chain [1] start processing
[2025-07-31T12:04:03.345+0000] {model.py:2058} INFO - Chain [1] start processing
[2025-07-31T12:04:03.407+0000] {logging_mixin.py:188} WARNING - 12:04:03 - cmdstanpy - INFO - Chain [1] done processing
[2025-07-31T12:04:03.407+0000] {model.py:2115} INFO - Chain [1] done processing
[2025-07-31T12:04:03.413+0000] {logging_mixin.py:188} INFO - Erreur pour {'changepoint_prior_scale': 0.05, 'seasonality_prior_scale': 10.0, 'seasonality_mode': 'additive'}: Less data than horizon after initial window. Make horizon or initial shorter.
[2025-07-31T12:04:03.414+0000] {logging_mixin.py:188} INFO - Test 12/18: {'changepoint_prior_scale': 0.05, 'seasonality_prior_scale': 10.0, 'seasonality_mode': 'multiplicative'}
[2025-07-31T12:04:03.434+0000] {filesystem.py:118} DEBUG - input tempfile: /tmp/tmpl_gyao1b/hest9j1c.json
[2025-07-31T12:04:03.473+0000] {filesystem.py:118} DEBUG - input tempfile: /tmp/tmpl_gyao1b/zewhbknz.json
[2025-07-31T12:04:03.475+0000] {model.py:2042} DEBUG - idx 0
[2025-07-31T12:04:03.475+0000] {model.py:2043} DEBUG - running CmdStan, num_threads: None
[2025-07-31T12:04:03.476+0000] {model.py:2055} DEBUG - CmdStan args: ['/home/airflow/.local/lib/python3.11/site-packages/prophet/stan_model/prophet_model.bin', 'random', 'seed=74966', 'data', 'file=/tmp/tmpl_gyao1b/hest9j1c.json', 'init=/tmp/tmpl_gyao1b/zewhbknz.json', 'output', 'file=/tmp/tmpl_gyao1b/prophet_modelykfavd59/prophet_model-20250731120403.csv', 'method=optimize', 'algorithm=lbfgs', 'iter=10000']
[2025-07-31T12:04:03.477+0000] {logging_mixin.py:188} WARNING - 12:04:03 - cmdstanpy - INFO - Chain [1] start processing
[2025-07-31T12:04:03.477+0000] {model.py:2058} INFO - Chain [1] start processing
[2025-07-31T12:04:03.565+0000] {logging_mixin.py:188} WARNING - 12:04:03 - cmdstanpy - INFO - Chain [1] done processing
[2025-07-31T12:04:03.565+0000] {model.py:2115} INFO - Chain [1] done processing
[2025-07-31T12:04:03.569+0000] {logging_mixin.py:188} INFO - Erreur pour {'changepoint_prior_scale': 0.05, 'seasonality_prior_scale': 10.0, 'seasonality_mode': 'multiplicative'}: Less data than horizon after initial window. Make horizon or initial shorter.
[2025-07-31T12:04:03.570+0000] {logging_mixin.py:188} INFO - Test 13/18: {'changepoint_prior_scale': 0.1, 'seasonality_prior_scale': 1.0, 'seasonality_mode': 'additive'}
[2025-07-31T12:04:03.593+0000] {filesystem.py:118} DEBUG - input tempfile: /tmp/tmpl_gyao1b/2nvq9ycz.json
[2025-07-31T12:04:03.652+0000] {filesystem.py:118} DEBUG - input tempfile: /tmp/tmpl_gyao1b/ouh0akl0.json
[2025-07-31T12:04:03.653+0000] {model.py:2042} DEBUG - idx 0
[2025-07-31T12:04:03.654+0000] {model.py:2043} DEBUG - running CmdStan, num_threads: None
[2025-07-31T12:04:03.655+0000] {model.py:2055} DEBUG - CmdStan args: ['/home/airflow/.local/lib/python3.11/site-packages/prophet/stan_model/prophet_model.bin', 'random', 'seed=95601', 'data', 'file=/tmp/tmpl_gyao1b/2nvq9ycz.json', 'init=/tmp/tmpl_gyao1b/ouh0akl0.json', 'output', 'file=/tmp/tmpl_gyao1b/prophet_model9lmrwy1a/prophet_model-20250731120403.csv', 'method=optimize', 'algorithm=lbfgs', 'iter=10000']
[2025-07-31T12:04:03.655+0000] {logging_mixin.py:188} WARNING - 12:04:03 - cmdstanpy - INFO - Chain [1] start processing
[2025-07-31T12:04:03.655+0000] {model.py:2058} INFO - Chain [1] start processing
[2025-07-31T12:04:03.688+0000] {logging_mixin.py:188} WARNING - 12:04:03 - cmdstanpy - INFO - Chain [1] done processing
[2025-07-31T12:04:03.687+0000] {model.py:2115} INFO - Chain [1] done processing
[2025-07-31T12:04:03.692+0000] {logging_mixin.py:188} INFO - Erreur pour {'changepoint_prior_scale': 0.1, 'seasonality_prior_scale': 1.0, 'seasonality_mode': 'additive'}: Less data than horizon after initial window. Make horizon or initial shorter.
[2025-07-31T12:04:03.693+0000] {logging_mixin.py:188} INFO - Test 14/18: {'changepoint_prior_scale': 0.1, 'seasonality_prior_scale': 1.0, 'seasonality_mode': 'multiplicative'}
[2025-07-31T12:04:03.710+0000] {filesystem.py:118} DEBUG - input tempfile: /tmp/tmpl_gyao1b/llnbjjwl.json
[2025-07-31T12:04:03.748+0000] {filesystem.py:118} DEBUG - input tempfile: /tmp/tmpl_gyao1b/njqq_6qb.json
[2025-07-31T12:04:03.750+0000] {model.py:2042} DEBUG - idx 0
[2025-07-31T12:04:03.750+0000] {model.py:2043} DEBUG - running CmdStan, num_threads: None
[2025-07-31T12:04:03.751+0000] {model.py:2055} DEBUG - CmdStan args: ['/home/airflow/.local/lib/python3.11/site-packages/prophet/stan_model/prophet_model.bin', 'random', 'seed=81128', 'data', 'file=/tmp/tmpl_gyao1b/llnbjjwl.json', 'init=/tmp/tmpl_gyao1b/njqq_6qb.json', 'output', 'file=/tmp/tmpl_gyao1b/prophet_modelhpvhmfv9/prophet_model-20250731120403.csv', 'method=optimize', 'algorithm=lbfgs', 'iter=10000']
[2025-07-31T12:04:03.752+0000] {logging_mixin.py:188} WARNING - 12:04:03 - cmdstanpy - INFO - Chain [1] start processing
[2025-07-31T12:04:03.752+0000] {model.py:2058} INFO - Chain [1] start processing
[2025-07-31T12:04:03.819+0000] {logging_mixin.py:188} WARNING - 12:04:03 - cmdstanpy - INFO - Chain [1] done processing
[2025-07-31T12:04:03.819+0000] {model.py:2115} INFO - Chain [1] done processing
[2025-07-31T12:04:03.823+0000] {logging_mixin.py:188} INFO - Erreur pour {'changepoint_prior_scale': 0.1, 'seasonality_prior_scale': 1.0, 'seasonality_mode': 'multiplicative'}: Less data than horizon after initial window. Make horizon or initial shorter.
[2025-07-31T12:04:03.823+0000] {logging_mixin.py:188} INFO - Test 15/18: {'changepoint_prior_scale': 0.1, 'seasonality_prior_scale': 5.0, 'seasonality_mode': 'additive'}
[2025-07-31T12:04:03.847+0000] {filesystem.py:118} DEBUG - input tempfile: /tmp/tmpl_gyao1b/vukpbhqj.json
[2025-07-31T12:04:03.893+0000] {filesystem.py:118} DEBUG - input tempfile: /tmp/tmpl_gyao1b/jzjnj013.json
[2025-07-31T12:04:03.895+0000] {model.py:2042} DEBUG - idx 0
[2025-07-31T12:04:03.896+0000] {model.py:2043} DEBUG - running CmdStan, num_threads: None
[2025-07-31T12:04:03.897+0000] {model.py:2055} DEBUG - CmdStan args: ['/home/airflow/.local/lib/python3.11/site-packages/prophet/stan_model/prophet_model.bin', 'random', 'seed=8959', 'data', 'file=/tmp/tmpl_gyao1b/vukpbhqj.json', 'init=/tmp/tmpl_gyao1b/jzjnj013.json', 'output', 'file=/tmp/tmpl_gyao1b/prophet_modelo7e8l0l9/prophet_model-20250731120403.csv', 'method=optimize', 'algorithm=lbfgs', 'iter=10000']
[2025-07-31T12:04:03.897+0000] {logging_mixin.py:188} WARNING - 12:04:03 - cmdstanpy - INFO - Chain [1] start processing
[2025-07-31T12:04:03.897+0000] {model.py:2058} INFO - Chain [1] start processing
[2025-07-31T12:04:03.947+0000] {logging_mixin.py:188} WARNING - 12:04:03 - cmdstanpy - INFO - Chain [1] done processing
[2025-07-31T12:04:03.947+0000] {model.py:2115} INFO - Chain [1] done processing
[2025-07-31T12:04:03.951+0000] {logging_mixin.py:188} INFO - Erreur pour {'changepoint_prior_scale': 0.1, 'seasonality_prior_scale': 5.0, 'seasonality_mode': 'additive'}: Less data than horizon after initial window. Make horizon or initial shorter.
[2025-07-31T12:04:03.952+0000] {logging_mixin.py:188} INFO - Test 16/18: {'changepoint_prior_scale': 0.1, 'seasonality_prior_scale': 5.0, 'seasonality_mode': 'multiplicative'}
[2025-07-31T12:04:03.975+0000] {filesystem.py:118} DEBUG - input tempfile: /tmp/tmpl_gyao1b/k68ov8el.json
[2025-07-31T12:04:04.016+0000] {filesystem.py:118} DEBUG - input tempfile: /tmp/tmpl_gyao1b/pwylb_h0.json
[2025-07-31T12:04:04.018+0000] {model.py:2042} DEBUG - idx 0
[2025-07-31T12:04:04.019+0000] {model.py:2043} DEBUG - running CmdStan, num_threads: None
[2025-07-31T12:04:04.019+0000] {model.py:2055} DEBUG - CmdStan args: ['/home/airflow/.local/lib/python3.11/site-packages/prophet/stan_model/prophet_model.bin', 'random', 'seed=70909', 'data', 'file=/tmp/tmpl_gyao1b/k68ov8el.json', 'init=/tmp/tmpl_gyao1b/pwylb_h0.json', 'output', 'file=/tmp/tmpl_gyao1b/prophet_modelvitr2u9h/prophet_model-20250731120404.csv', 'method=optimize', 'algorithm=lbfgs', 'iter=10000']
[2025-07-31T12:04:04.020+0000] {logging_mixin.py:188} WARNING - 12:04:04 - cmdstanpy - INFO - Chain [1] start processing
[2025-07-31T12:04:04.020+0000] {model.py:2058} INFO - Chain [1] start processing
[2025-07-31T12:04:04.114+0000] {logging_mixin.py:188} WARNING - 12:04:04 - cmdstanpy - INFO - Chain [1] done processing
[2025-07-31T12:04:04.114+0000] {model.py:2115} INFO - Chain [1] done processing
[2025-07-31T12:04:04.121+0000] {logging_mixin.py:188} INFO - Erreur pour {'changepoint_prior_scale': 0.1, 'seasonality_prior_scale': 5.0, 'seasonality_mode': 'multiplicative'}: Less data than horizon after initial window. Make horizon or initial shorter.
[2025-07-31T12:04:04.122+0000] {logging_mixin.py:188} INFO - Test 17/18: {'changepoint_prior_scale': 0.1, 'seasonality_prior_scale': 10.0, 'seasonality_mode': 'additive'}
[2025-07-31T12:04:04.157+0000] {filesystem.py:118} DEBUG - input tempfile: /tmp/tmpl_gyao1b/o2aqb57o.json
[2025-07-31T12:04:04.200+0000] {filesystem.py:118} DEBUG - input tempfile: /tmp/tmpl_gyao1b/xd45ojc9.json
[2025-07-31T12:04:04.202+0000] {model.py:2042} DEBUG - idx 0
[2025-07-31T12:04:04.203+0000] {model.py:2043} DEBUG - running CmdStan, num_threads: None
[2025-07-31T12:04:04.203+0000] {model.py:2055} DEBUG - CmdStan args: ['/home/airflow/.local/lib/python3.11/site-packages/prophet/stan_model/prophet_model.bin', 'random', 'seed=23835', 'data', 'file=/tmp/tmpl_gyao1b/o2aqb57o.json', 'init=/tmp/tmpl_gyao1b/xd45ojc9.json', 'output', 'file=/tmp/tmpl_gyao1b/prophet_modelainn5yi3/prophet_model-20250731120404.csv', 'method=optimize', 'algorithm=lbfgs', 'iter=10000']
[2025-07-31T12:04:04.204+0000] {logging_mixin.py:188} WARNING - 12:04:04 - cmdstanpy - INFO - Chain [1] start processing
[2025-07-31T12:04:04.204+0000] {model.py:2058} INFO - Chain [1] start processing
[2025-07-31T12:04:04.249+0000] {logging_mixin.py:188} WARNING - 12:04:04 - cmdstanpy - INFO - Chain [1] done processing
[2025-07-31T12:04:04.249+0000] {model.py:2115} INFO - Chain [1] done processing
[2025-07-31T12:04:04.255+0000] {logging_mixin.py:188} INFO - Erreur pour {'changepoint_prior_scale': 0.1, 'seasonality_prior_scale': 10.0, 'seasonality_mode': 'additive'}: Less data than horizon after initial window. Make horizon or initial shorter.
[2025-07-31T12:04:04.256+0000] {logging_mixin.py:188} INFO - Test 18/18: {'changepoint_prior_scale': 0.1, 'seasonality_prior_scale': 10.0, 'seasonality_mode': 'multiplicative'}
[2025-07-31T12:04:04.279+0000] {filesystem.py:118} DEBUG - input tempfile: /tmp/tmpl_gyao1b/314gc6rd.json
[2025-07-31T12:04:04.326+0000] {filesystem.py:118} DEBUG - input tempfile: /tmp/tmpl_gyao1b/zrs0e4fo.json
[2025-07-31T12:04:04.328+0000] {model.py:2042} DEBUG - idx 0
[2025-07-31T12:04:04.329+0000] {model.py:2043} DEBUG - running CmdStan, num_threads: None
[2025-07-31T12:04:04.329+0000] {model.py:2055} DEBUG - CmdStan args: ['/home/airflow/.local/lib/python3.11/site-packages/prophet/stan_model/prophet_model.bin', 'random', 'seed=68883', 'data', 'file=/tmp/tmpl_gyao1b/314gc6rd.json', 'init=/tmp/tmpl_gyao1b/zrs0e4fo.json', 'output', 'file=/tmp/tmpl_gyao1b/prophet_modeleymzrpsz/prophet_model-20250731120404.csv', 'method=optimize', 'algorithm=lbfgs', 'iter=10000']
[2025-07-31T12:04:04.330+0000] {logging_mixin.py:188} WARNING - 12:04:04 - cmdstanpy - INFO - Chain [1] start processing
[2025-07-31T12:04:04.330+0000] {model.py:2058} INFO - Chain [1] start processing
[2025-07-31T12:04:04.414+0000] {logging_mixin.py:188} WARNING - 12:04:04 - cmdstanpy - INFO - Chain [1] done processing
[2025-07-31T12:04:04.414+0000] {model.py:2115} INFO - Chain [1] done processing
[2025-07-31T12:04:04.418+0000] {logging_mixin.py:188} INFO - Erreur pour {'changepoint_prior_scale': 0.1, 'seasonality_prior_scale': 10.0, 'seasonality_mode': 'multiplicative'}: Less data than horizon after initial window. Make horizon or initial shorter.
[2025-07-31T12:04:04.418+0000] {taskinstance.py:441} INFO - ::group::Post task execution logs
[2025-07-31T12:04:04.419+0000] {taskinstance.py:2905} ERROR - Task failed with exception
Traceback (most recent call last):
  File "/home/airflow/.local/lib/python3.11/site-packages/airflow/models/taskinstance.py", line 465, in _execute_task
    result = _execute_callable(context=context, **execute_callable_kwargs)
             ^^^^^^^^^^^^^^^^^^^^^^^^^^^^^^^^^^^^^^^^^^^^^^^^^^^^^^^^^^^^^
  File "/home/airflow/.local/lib/python3.11/site-packages/airflow/models/taskinstance.py", line 432, in _execute_callable
    return execute_callable(context=context, **execute_callable_kwargs)
           ^^^^^^^^^^^^^^^^^^^^^^^^^^^^^^^^^^^^^^^^^^^^^^^^^^^^^^^^^^^^
  File "/home/airflow/.local/lib/python3.11/site-packages/airflow/models/baseoperator.py", line 401, in wrapper
    return func(self, *args, **kwargs)
           ^^^^^^^^^^^^^^^^^^^^^^^^^^^
  File "/home/airflow/.local/lib/python3.11/site-packages/airflow/operators/python.py", line 235, in execute
    return_value = self.execute_callable()
                   ^^^^^^^^^^^^^^^^^^^^^^^
  File "/home/airflow/.local/lib/python3.11/site-packages/airflow/operators/python.py", line 252, in execute_callable
    return self.python_callable(*self.op_args, **self.op_kwargs)
           ^^^^^^^^^^^^^^^^^^^^^^^^^^^^^^^^^^^^^^^^^^^^^^^^^^^^^
  File "/opt/airflow/dags/scripts/train_prophet.py", line 92, in train_prophet
    best_model_temp, scores_temp = optimize_prophet_model(temp_df)
                                   ^^^^^^^^^^^^^^^^^^^^^^^^^^^^^^^
  File "/opt/airflow/dags/scripts/train_prophet.py", line 44, in optimize_prophet_model
    best = min(results, key=lambda x: x[1])
           ^^^^^^^^^^^^^^^^^^^^^^^^^^^^^^^^
ValueError: min() arg is an empty sequence
[2025-07-31T12:04:04.449+0000] {taskinstance.py:1206} INFO - Marking task as FAILED. dag_id=solar_ai_pipeline_2, task_id=train_prophet, run_id=scheduled__2023-07-14T00:00:00+00:00, execution_date=20230714T000000, start_date=20250731T120359, end_date=20250731T120404
[2025-07-31T12:04:04.549+0000] {standard_task_runner.py:110} ERROR - Failed to execute job 2937 for task train_prophet (min() arg is an empty sequence; 4632)
[2025-07-31T12:04:04.701+0000] {local_task_job_runner.py:240} INFO - Task exited with return code 1
[2025-07-31T12:04:04.781+0000] {taskinstance.py:3503} INFO - 0 downstream tasks scheduled from follow-on schedule check
[2025-07-31T12:04:04.860+0000] {local_task_job_runner.py:222} INFO - ::endgroup::
