[2025-07-31T11:52:57.582+0000] {local_task_job_runner.py:120} INFO - ::group::Pre task execution logs
[2025-07-31T11:52:57.760+0000] {taskinstance.py:2076} INFO - Dependencies all met for dep_context=non-requeueable deps ti=<TaskInstance: solar_ai_pipeline_2.train_prophet scheduled__2023-07-14T00:00:00+00:00 [queued]>
[2025-07-31T11:52:57.830+0000] {taskinstance.py:2076} INFO - Dependencies all met for dep_context=requeueable deps ti=<TaskInstance: solar_ai_pipeline_2.train_prophet scheduled__2023-07-14T00:00:00+00:00 [queued]>
[2025-07-31T11:52:57.835+0000] {taskinstance.py:2306} INFO - Starting attempt 3 of 4
[2025-07-31T11:52:57.952+0000] {taskinstance.py:2330} INFO - Executing <Task(PythonOperator): train_prophet> on 2023-07-14 00:00:00+00:00
[2025-07-31T11:52:57.963+0000] {standard_task_runner.py:63} INFO - Started process 3699 to run task
[2025-07-31T11:52:57.971+0000] {standard_task_runner.py:90} INFO - Running: ['airflow', 'tasks', 'run', 'solar_ai_pipeline_2', 'train_prophet', 'scheduled__2023-07-14T00:00:00+00:00', '--job-id', '2908', '--raw', '--subdir', 'DAGS_FOLDER/prophet_pipeline.py', '--cfg-path', '/tmp/tmp1kushnld']
[2025-07-31T11:52:57.975+0000] {standard_task_runner.py:91} INFO - Job 2908: Subtask train_prophet
[2025-07-31T11:52:58.277+0000] {task_command.py:426} INFO - Running <TaskInstance: solar_ai_pipeline_2.train_prophet scheduled__2023-07-14T00:00:00+00:00 [running]> on host a2a0dd314bdc
[2025-07-31T11:52:58.738+0000] {taskinstance.py:2648} INFO - Exporting env vars: AIRFLOW_CTX_DAG_OWNER='ensam' AIRFLOW_CTX_DAG_ID='solar_ai_pipeline_2' AIRFLOW_CTX_TASK_ID='train_prophet' AIRFLOW_CTX_EXECUTION_DATE='2023-07-14T00:00:00+00:00' AIRFLOW_CTX_TRY_NUMBER='3' AIRFLOW_CTX_DAG_RUN_ID='scheduled__2023-07-14T00:00:00+00:00'
[2025-07-31T11:52:58.740+0000] {taskinstance.py:430} INFO - ::endgroup::
[2025-07-31T11:52:59.705+0000] {plot.py:39} ERROR - Importing plotly failed. Interactive plots will not work.
[2025-07-31T11:52:59.716+0000] {logging_mixin.py:188} INFO - Training from 2023-01-01 to 2023-01-15
[2025-07-31T11:53:00.031+0000] {logging_mixin.py:188} INFO - Test 1/18: {'changepoint_prior_scale': 0.01, 'seasonality_prior_scale': 1.0, 'seasonality_mode': 'additive'}
[2025-07-31T11:53:00.110+0000] {filesystem.py:118} DEBUG - input tempfile: /tmp/tmp21fzt22k/jonrhhp9.json
[2025-07-31T11:53:00.162+0000] {filesystem.py:118} DEBUG - input tempfile: /tmp/tmp21fzt22k/4jr7csva.json
[2025-07-31T11:53:00.166+0000] {model.py:2042} DEBUG - idx 0
[2025-07-31T11:53:00.167+0000] {model.py:2043} DEBUG - running CmdStan, num_threads: None
[2025-07-31T11:53:00.168+0000] {model.py:2055} DEBUG - CmdStan args: ['/home/airflow/.local/lib/python3.11/site-packages/prophet/stan_model/prophet_model.bin', 'random', 'seed=71695', 'data', 'file=/tmp/tmp21fzt22k/jonrhhp9.json', 'init=/tmp/tmp21fzt22k/4jr7csva.json', 'output', 'file=/tmp/tmp21fzt22k/prophet_model8wx4yy51/prophet_model-20250731115300.csv', 'method=optimize', 'algorithm=lbfgs', 'iter=10000']
[2025-07-31T11:53:00.169+0000] {logging_mixin.py:188} WARNING - 11:53:00 - cmdstanpy - INFO - Chain [1] start processing
[2025-07-31T11:53:00.169+0000] {model.py:2058} INFO - Chain [1] start processing
[2025-07-31T11:53:00.214+0000] {logging_mixin.py:188} WARNING - 11:53:00 - cmdstanpy - INFO - Chain [1] done processing
[2025-07-31T11:53:00.214+0000] {model.py:2115} INFO - Chain [1] done processing
[2025-07-31T11:53:00.218+0000] {logging_mixin.py:188} INFO - Erreur pour {'changepoint_prior_scale': 0.01, 'seasonality_prior_scale': 1.0, 'seasonality_mode': 'additive'}: Less data than horizon after initial window. Make horizon or initial shorter.
[2025-07-31T11:53:00.219+0000] {logging_mixin.py:188} INFO - Test 2/18: {'changepoint_prior_scale': 0.01, 'seasonality_prior_scale': 1.0, 'seasonality_mode': 'multiplicative'}
[2025-07-31T11:53:00.239+0000] {filesystem.py:118} DEBUG - input tempfile: /tmp/tmp21fzt22k/abcmf68x.json
[2025-07-31T11:53:00.296+0000] {filesystem.py:118} DEBUG - input tempfile: /tmp/tmp21fzt22k/remfb1ks.json
[2025-07-31T11:53:00.298+0000] {model.py:2042} DEBUG - idx 0
[2025-07-31T11:53:00.298+0000] {model.py:2043} DEBUG - running CmdStan, num_threads: None
[2025-07-31T11:53:00.299+0000] {model.py:2055} DEBUG - CmdStan args: ['/home/airflow/.local/lib/python3.11/site-packages/prophet/stan_model/prophet_model.bin', 'random', 'seed=67515', 'data', 'file=/tmp/tmp21fzt22k/abcmf68x.json', 'init=/tmp/tmp21fzt22k/remfb1ks.json', 'output', 'file=/tmp/tmp21fzt22k/prophet_model31gmh8vr/prophet_model-20250731115300.csv', 'method=optimize', 'algorithm=lbfgs', 'iter=10000']
[2025-07-31T11:53:00.299+0000] {logging_mixin.py:188} WARNING - 11:53:00 - cmdstanpy - INFO - Chain [1] start processing
[2025-07-31T11:53:00.299+0000] {model.py:2058} INFO - Chain [1] start processing
[2025-07-31T11:53:00.344+0000] {logging_mixin.py:188} WARNING - 11:53:00 - cmdstanpy - INFO - Chain [1] done processing
[2025-07-31T11:53:00.344+0000] {model.py:2115} INFO - Chain [1] done processing
[2025-07-31T11:53:00.347+0000] {logging_mixin.py:188} INFO - Erreur pour {'changepoint_prior_scale': 0.01, 'seasonality_prior_scale': 1.0, 'seasonality_mode': 'multiplicative'}: Less data than horizon after initial window. Make horizon or initial shorter.
[2025-07-31T11:53:00.349+0000] {logging_mixin.py:188} INFO - Test 3/18: {'changepoint_prior_scale': 0.01, 'seasonality_prior_scale': 5.0, 'seasonality_mode': 'additive'}
[2025-07-31T11:53:00.384+0000] {filesystem.py:118} DEBUG - input tempfile: /tmp/tmp21fzt22k/sf_5qdrs.json
[2025-07-31T11:53:00.424+0000] {filesystem.py:118} DEBUG - input tempfile: /tmp/tmp21fzt22k/tt8j5qrg.json
[2025-07-31T11:53:00.426+0000] {model.py:2042} DEBUG - idx 0
[2025-07-31T11:53:00.426+0000] {model.py:2043} DEBUG - running CmdStan, num_threads: None
[2025-07-31T11:53:00.427+0000] {model.py:2055} DEBUG - CmdStan args: ['/home/airflow/.local/lib/python3.11/site-packages/prophet/stan_model/prophet_model.bin', 'random', 'seed=95356', 'data', 'file=/tmp/tmp21fzt22k/sf_5qdrs.json', 'init=/tmp/tmp21fzt22k/tt8j5qrg.json', 'output', 'file=/tmp/tmp21fzt22k/prophet_model7mtds94j/prophet_model-20250731115300.csv', 'method=optimize', 'algorithm=lbfgs', 'iter=10000']
[2025-07-31T11:53:00.427+0000] {logging_mixin.py:188} WARNING - 11:53:00 - cmdstanpy - INFO - Chain [1] start processing
[2025-07-31T11:53:00.427+0000] {model.py:2058} INFO - Chain [1] start processing
[2025-07-31T11:53:00.469+0000] {logging_mixin.py:188} WARNING - 11:53:00 - cmdstanpy - INFO - Chain [1] done processing
[2025-07-31T11:53:00.469+0000] {model.py:2115} INFO - Chain [1] done processing
[2025-07-31T11:53:00.477+0000] {logging_mixin.py:188} INFO - Erreur pour {'changepoint_prior_scale': 0.01, 'seasonality_prior_scale': 5.0, 'seasonality_mode': 'additive'}: Less data than horizon after initial window. Make horizon or initial shorter.
[2025-07-31T11:53:00.478+0000] {logging_mixin.py:188} INFO - Test 4/18: {'changepoint_prior_scale': 0.01, 'seasonality_prior_scale': 5.0, 'seasonality_mode': 'multiplicative'}
[2025-07-31T11:53:00.512+0000] {filesystem.py:118} DEBUG - input tempfile: /tmp/tmp21fzt22k/qrjbjizu.json
[2025-07-31T11:53:00.551+0000] {filesystem.py:118} DEBUG - input tempfile: /tmp/tmp21fzt22k/fc18f03y.json
[2025-07-31T11:53:00.553+0000] {model.py:2042} DEBUG - idx 0
[2025-07-31T11:53:00.553+0000] {model.py:2043} DEBUG - running CmdStan, num_threads: None
[2025-07-31T11:53:00.554+0000] {model.py:2055} DEBUG - CmdStan args: ['/home/airflow/.local/lib/python3.11/site-packages/prophet/stan_model/prophet_model.bin', 'random', 'seed=76462', 'data', 'file=/tmp/tmp21fzt22k/qrjbjizu.json', 'init=/tmp/tmp21fzt22k/fc18f03y.json', 'output', 'file=/tmp/tmp21fzt22k/prophet_model_0t7nwni/prophet_model-20250731115300.csv', 'method=optimize', 'algorithm=lbfgs', 'iter=10000']
[2025-07-31T11:53:00.555+0000] {logging_mixin.py:188} WARNING - 11:53:00 - cmdstanpy - INFO - Chain [1] start processing
[2025-07-31T11:53:00.555+0000] {model.py:2058} INFO - Chain [1] start processing
[2025-07-31T11:53:00.594+0000] {logging_mixin.py:188} WARNING - 11:53:00 - cmdstanpy - INFO - Chain [1] done processing
[2025-07-31T11:53:00.594+0000] {model.py:2115} INFO - Chain [1] done processing
[2025-07-31T11:53:00.598+0000] {logging_mixin.py:188} INFO - Erreur pour {'changepoint_prior_scale': 0.01, 'seasonality_prior_scale': 5.0, 'seasonality_mode': 'multiplicative'}: Less data than horizon after initial window. Make horizon or initial shorter.
[2025-07-31T11:53:00.599+0000] {logging_mixin.py:188} INFO - Test 5/18: {'changepoint_prior_scale': 0.01, 'seasonality_prior_scale': 10.0, 'seasonality_mode': 'additive'}
[2025-07-31T11:53:00.632+0000] {filesystem.py:118} DEBUG - input tempfile: /tmp/tmp21fzt22k/2j_vaj_3.json
[2025-07-31T11:53:00.670+0000] {filesystem.py:118} DEBUG - input tempfile: /tmp/tmp21fzt22k/0s3hls3f.json
[2025-07-31T11:53:00.672+0000] {model.py:2042} DEBUG - idx 0
[2025-07-31T11:53:00.673+0000] {model.py:2043} DEBUG - running CmdStan, num_threads: None
[2025-07-31T11:53:00.674+0000] {model.py:2055} DEBUG - CmdStan args: ['/home/airflow/.local/lib/python3.11/site-packages/prophet/stan_model/prophet_model.bin', 'random', 'seed=19716', 'data', 'file=/tmp/tmp21fzt22k/2j_vaj_3.json', 'init=/tmp/tmp21fzt22k/0s3hls3f.json', 'output', 'file=/tmp/tmp21fzt22k/prophet_modeljz8vvwf1/prophet_model-20250731115300.csv', 'method=optimize', 'algorithm=lbfgs', 'iter=10000']
[2025-07-31T11:53:00.675+0000] {logging_mixin.py:188} WARNING - 11:53:00 - cmdstanpy - INFO - Chain [1] start processing
[2025-07-31T11:53:00.675+0000] {model.py:2058} INFO - Chain [1] start processing
[2025-07-31T11:53:00.729+0000] {logging_mixin.py:188} WARNING - 11:53:00 - cmdstanpy - INFO - Chain [1] done processing
[2025-07-31T11:53:00.729+0000] {model.py:2115} INFO - Chain [1] done processing
[2025-07-31T11:53:00.735+0000] {logging_mixin.py:188} INFO - Erreur pour {'changepoint_prior_scale': 0.01, 'seasonality_prior_scale': 10.0, 'seasonality_mode': 'additive'}: Less data than horizon after initial window. Make horizon or initial shorter.
[2025-07-31T11:53:00.736+0000] {logging_mixin.py:188} INFO - Test 6/18: {'changepoint_prior_scale': 0.01, 'seasonality_prior_scale': 10.0, 'seasonality_mode': 'multiplicative'}
[2025-07-31T11:53:00.770+0000] {filesystem.py:118} DEBUG - input tempfile: /tmp/tmp21fzt22k/qzj1274f.json
[2025-07-31T11:53:00.828+0000] {filesystem.py:118} DEBUG - input tempfile: /tmp/tmp21fzt22k/lkuuny7s.json
[2025-07-31T11:53:00.830+0000] {model.py:2042} DEBUG - idx 0
[2025-07-31T11:53:00.831+0000] {model.py:2043} DEBUG - running CmdStan, num_threads: None
[2025-07-31T11:53:00.832+0000] {model.py:2055} DEBUG - CmdStan args: ['/home/airflow/.local/lib/python3.11/site-packages/prophet/stan_model/prophet_model.bin', 'random', 'seed=2106', 'data', 'file=/tmp/tmp21fzt22k/qzj1274f.json', 'init=/tmp/tmp21fzt22k/lkuuny7s.json', 'output', 'file=/tmp/tmp21fzt22k/prophet_modelcxvdu4ur/prophet_model-20250731115300.csv', 'method=optimize', 'algorithm=lbfgs', 'iter=10000']
[2025-07-31T11:53:00.832+0000] {logging_mixin.py:188} WARNING - 11:53:00 - cmdstanpy - INFO - Chain [1] start processing
[2025-07-31T11:53:00.832+0000] {model.py:2058} INFO - Chain [1] start processing
[2025-07-31T11:53:00.877+0000] {logging_mixin.py:188} WARNING - 11:53:00 - cmdstanpy - INFO - Chain [1] done processing
[2025-07-31T11:53:00.877+0000] {model.py:2115} INFO - Chain [1] done processing
[2025-07-31T11:53:00.881+0000] {logging_mixin.py:188} INFO - Erreur pour {'changepoint_prior_scale': 0.01, 'seasonality_prior_scale': 10.0, 'seasonality_mode': 'multiplicative'}: Less data than horizon after initial window. Make horizon or initial shorter.
[2025-07-31T11:53:00.881+0000] {logging_mixin.py:188} INFO - Test 7/18: {'changepoint_prior_scale': 0.05, 'seasonality_prior_scale': 1.0, 'seasonality_mode': 'additive'}
[2025-07-31T11:53:00.900+0000] {filesystem.py:118} DEBUG - input tempfile: /tmp/tmp21fzt22k/nay1pa39.json
[2025-07-31T11:53:00.946+0000] {filesystem.py:118} DEBUG - input tempfile: /tmp/tmp21fzt22k/a1ikeh6g.json
[2025-07-31T11:53:00.947+0000] {model.py:2042} DEBUG - idx 0
[2025-07-31T11:53:00.948+0000] {model.py:2043} DEBUG - running CmdStan, num_threads: None
[2025-07-31T11:53:00.949+0000] {model.py:2055} DEBUG - CmdStan args: ['/home/airflow/.local/lib/python3.11/site-packages/prophet/stan_model/prophet_model.bin', 'random', 'seed=32012', 'data', 'file=/tmp/tmp21fzt22k/nay1pa39.json', 'init=/tmp/tmp21fzt22k/a1ikeh6g.json', 'output', 'file=/tmp/tmp21fzt22k/prophet_modeli4vvl_9u/prophet_model-20250731115300.csv', 'method=optimize', 'algorithm=lbfgs', 'iter=10000']
[2025-07-31T11:53:00.950+0000] {logging_mixin.py:188} WARNING - 11:53:00 - cmdstanpy - INFO - Chain [1] start processing
[2025-07-31T11:53:00.950+0000] {model.py:2058} INFO - Chain [1] start processing
[2025-07-31T11:53:01.006+0000] {logging_mixin.py:188} WARNING - 11:53:01 - cmdstanpy - INFO - Chain [1] done processing
[2025-07-31T11:53:01.006+0000] {model.py:2115} INFO - Chain [1] done processing
[2025-07-31T11:53:01.010+0000] {logging_mixin.py:188} INFO - Erreur pour {'changepoint_prior_scale': 0.05, 'seasonality_prior_scale': 1.0, 'seasonality_mode': 'additive'}: Less data than horizon after initial window. Make horizon or initial shorter.
[2025-07-31T11:53:01.011+0000] {logging_mixin.py:188} INFO - Test 8/18: {'changepoint_prior_scale': 0.05, 'seasonality_prior_scale': 1.0, 'seasonality_mode': 'multiplicative'}
[2025-07-31T11:53:01.029+0000] {filesystem.py:118} DEBUG - input tempfile: /tmp/tmp21fzt22k/5c0yqs7p.json
[2025-07-31T11:53:01.076+0000] {filesystem.py:118} DEBUG - input tempfile: /tmp/tmp21fzt22k/tncsidgf.json
[2025-07-31T11:53:01.078+0000] {model.py:2042} DEBUG - idx 0
[2025-07-31T11:53:01.079+0000] {model.py:2043} DEBUG - running CmdStan, num_threads: None
[2025-07-31T11:53:01.080+0000] {model.py:2055} DEBUG - CmdStan args: ['/home/airflow/.local/lib/python3.11/site-packages/prophet/stan_model/prophet_model.bin', 'random', 'seed=22328', 'data', 'file=/tmp/tmp21fzt22k/5c0yqs7p.json', 'init=/tmp/tmp21fzt22k/tncsidgf.json', 'output', 'file=/tmp/tmp21fzt22k/prophet_modelay8uw74u/prophet_model-20250731115301.csv', 'method=optimize', 'algorithm=lbfgs', 'iter=10000']
[2025-07-31T11:53:01.080+0000] {logging_mixin.py:188} WARNING - 11:53:01 - cmdstanpy - INFO - Chain [1] start processing
[2025-07-31T11:53:01.080+0000] {model.py:2058} INFO - Chain [1] start processing
[2025-07-31T11:53:01.143+0000] {logging_mixin.py:188} WARNING - 11:53:01 - cmdstanpy - INFO - Chain [1] done processing
[2025-07-31T11:53:01.143+0000] {model.py:2115} INFO - Chain [1] done processing
[2025-07-31T11:53:01.147+0000] {logging_mixin.py:188} INFO - Erreur pour {'changepoint_prior_scale': 0.05, 'seasonality_prior_scale': 1.0, 'seasonality_mode': 'multiplicative'}: Less data than horizon after initial window. Make horizon or initial shorter.
[2025-07-31T11:53:01.147+0000] {logging_mixin.py:188} INFO - Test 9/18: {'changepoint_prior_scale': 0.05, 'seasonality_prior_scale': 5.0, 'seasonality_mode': 'additive'}
[2025-07-31T11:53:01.164+0000] {filesystem.py:118} DEBUG - input tempfile: /tmp/tmp21fzt22k/0m39crb8.json
[2025-07-31T11:53:01.209+0000] {filesystem.py:118} DEBUG - input tempfile: /tmp/tmp21fzt22k/ls6hl3u4.json
[2025-07-31T11:53:01.211+0000] {model.py:2042} DEBUG - idx 0
[2025-07-31T11:53:01.211+0000] {model.py:2043} DEBUG - running CmdStan, num_threads: None
[2025-07-31T11:53:01.212+0000] {model.py:2055} DEBUG - CmdStan args: ['/home/airflow/.local/lib/python3.11/site-packages/prophet/stan_model/prophet_model.bin', 'random', 'seed=74466', 'data', 'file=/tmp/tmp21fzt22k/0m39crb8.json', 'init=/tmp/tmp21fzt22k/ls6hl3u4.json', 'output', 'file=/tmp/tmp21fzt22k/prophet_modelx034i7ys/prophet_model-20250731115301.csv', 'method=optimize', 'algorithm=lbfgs', 'iter=10000']
[2025-07-31T11:53:01.213+0000] {logging_mixin.py:188} WARNING - 11:53:01 - cmdstanpy - INFO - Chain [1] start processing
[2025-07-31T11:53:01.212+0000] {model.py:2058} INFO - Chain [1] start processing
[2025-07-31T11:53:01.254+0000] {logging_mixin.py:188} WARNING - 11:53:01 - cmdstanpy - INFO - Chain [1] done processing
[2025-07-31T11:53:01.254+0000] {model.py:2115} INFO - Chain [1] done processing
[2025-07-31T11:53:01.258+0000] {logging_mixin.py:188} INFO - Erreur pour {'changepoint_prior_scale': 0.05, 'seasonality_prior_scale': 5.0, 'seasonality_mode': 'additive'}: Less data than horizon after initial window. Make horizon or initial shorter.
[2025-07-31T11:53:01.259+0000] {logging_mixin.py:188} INFO - Test 10/18: {'changepoint_prior_scale': 0.05, 'seasonality_prior_scale': 5.0, 'seasonality_mode': 'multiplicative'}
[2025-07-31T11:53:01.277+0000] {filesystem.py:118} DEBUG - input tempfile: /tmp/tmp21fzt22k/kqxngrgo.json
[2025-07-31T11:53:01.315+0000] {filesystem.py:118} DEBUG - input tempfile: /tmp/tmp21fzt22k/x665_lzm.json
[2025-07-31T11:53:01.317+0000] {model.py:2042} DEBUG - idx 0
[2025-07-31T11:53:01.318+0000] {model.py:2043} DEBUG - running CmdStan, num_threads: None
[2025-07-31T11:53:01.318+0000] {model.py:2055} DEBUG - CmdStan args: ['/home/airflow/.local/lib/python3.11/site-packages/prophet/stan_model/prophet_model.bin', 'random', 'seed=11323', 'data', 'file=/tmp/tmp21fzt22k/kqxngrgo.json', 'init=/tmp/tmp21fzt22k/x665_lzm.json', 'output', 'file=/tmp/tmp21fzt22k/prophet_modelmin849rv/prophet_model-20250731115301.csv', 'method=optimize', 'algorithm=lbfgs', 'iter=10000']
[2025-07-31T11:53:01.319+0000] {logging_mixin.py:188} WARNING - 11:53:01 - cmdstanpy - INFO - Chain [1] start processing
[2025-07-31T11:53:01.319+0000] {model.py:2058} INFO - Chain [1] start processing
[2025-07-31T11:53:01.390+0000] {logging_mixin.py:188} WARNING - 11:53:01 - cmdstanpy - INFO - Chain [1] done processing
[2025-07-31T11:53:01.390+0000] {model.py:2115} INFO - Chain [1] done processing
[2025-07-31T11:53:01.395+0000] {logging_mixin.py:188} INFO - Erreur pour {'changepoint_prior_scale': 0.05, 'seasonality_prior_scale': 5.0, 'seasonality_mode': 'multiplicative'}: Less data than horizon after initial window. Make horizon or initial shorter.
[2025-07-31T11:53:01.395+0000] {logging_mixin.py:188} INFO - Test 11/18: {'changepoint_prior_scale': 0.05, 'seasonality_prior_scale': 10.0, 'seasonality_mode': 'additive'}
[2025-07-31T11:53:01.420+0000] {filesystem.py:118} DEBUG - input tempfile: /tmp/tmp21fzt22k/zsf2vh0_.json
[2025-07-31T11:53:01.462+0000] {filesystem.py:118} DEBUG - input tempfile: /tmp/tmp21fzt22k/bkd44j9o.json
[2025-07-31T11:53:01.465+0000] {model.py:2042} DEBUG - idx 0
[2025-07-31T11:53:01.466+0000] {model.py:2043} DEBUG - running CmdStan, num_threads: None
[2025-07-31T11:53:01.467+0000] {model.py:2055} DEBUG - CmdStan args: ['/home/airflow/.local/lib/python3.11/site-packages/prophet/stan_model/prophet_model.bin', 'random', 'seed=13185', 'data', 'file=/tmp/tmp21fzt22k/zsf2vh0_.json', 'init=/tmp/tmp21fzt22k/bkd44j9o.json', 'output', 'file=/tmp/tmp21fzt22k/prophet_model2vq16tps/prophet_model-20250731115301.csv', 'method=optimize', 'algorithm=lbfgs', 'iter=10000']
[2025-07-31T11:53:01.468+0000] {logging_mixin.py:188} WARNING - 11:53:01 - cmdstanpy - INFO - Chain [1] start processing
[2025-07-31T11:53:01.468+0000] {model.py:2058} INFO - Chain [1] start processing
[2025-07-31T11:53:01.528+0000] {logging_mixin.py:188} WARNING - 11:53:01 - cmdstanpy - INFO - Chain [1] done processing
[2025-07-31T11:53:01.528+0000] {model.py:2115} INFO - Chain [1] done processing
[2025-07-31T11:53:01.533+0000] {logging_mixin.py:188} INFO - Erreur pour {'changepoint_prior_scale': 0.05, 'seasonality_prior_scale': 10.0, 'seasonality_mode': 'additive'}: Less data than horizon after initial window. Make horizon or initial shorter.
[2025-07-31T11:53:01.533+0000] {logging_mixin.py:188} INFO - Test 12/18: {'changepoint_prior_scale': 0.05, 'seasonality_prior_scale': 10.0, 'seasonality_mode': 'multiplicative'}
[2025-07-31T11:53:01.552+0000] {filesystem.py:118} DEBUG - input tempfile: /tmp/tmp21fzt22k/00h6axdr.json
[2025-07-31T11:53:01.595+0000] {filesystem.py:118} DEBUG - input tempfile: /tmp/tmp21fzt22k/962xgivi.json
[2025-07-31T11:53:01.596+0000] {model.py:2042} DEBUG - idx 0
[2025-07-31T11:53:01.597+0000] {model.py:2043} DEBUG - running CmdStan, num_threads: None
[2025-07-31T11:53:01.597+0000] {model.py:2055} DEBUG - CmdStan args: ['/home/airflow/.local/lib/python3.11/site-packages/prophet/stan_model/prophet_model.bin', 'random', 'seed=90538', 'data', 'file=/tmp/tmp21fzt22k/00h6axdr.json', 'init=/tmp/tmp21fzt22k/962xgivi.json', 'output', 'file=/tmp/tmp21fzt22k/prophet_modelwdf5382j/prophet_model-20250731115301.csv', 'method=optimize', 'algorithm=lbfgs', 'iter=10000']
[2025-07-31T11:53:01.598+0000] {logging_mixin.py:188} WARNING - 11:53:01 - cmdstanpy - INFO - Chain [1] start processing
[2025-07-31T11:53:01.598+0000] {model.py:2058} INFO - Chain [1] start processing
[2025-07-31T11:53:01.672+0000] {logging_mixin.py:188} WARNING - 11:53:01 - cmdstanpy - INFO - Chain [1] done processing
[2025-07-31T11:53:01.672+0000] {model.py:2115} INFO - Chain [1] done processing
[2025-07-31T11:53:01.676+0000] {logging_mixin.py:188} INFO - Erreur pour {'changepoint_prior_scale': 0.05, 'seasonality_prior_scale': 10.0, 'seasonality_mode': 'multiplicative'}: Less data than horizon after initial window. Make horizon or initial shorter.
[2025-07-31T11:53:01.676+0000] {logging_mixin.py:188} INFO - Test 13/18: {'changepoint_prior_scale': 0.1, 'seasonality_prior_scale': 1.0, 'seasonality_mode': 'additive'}
[2025-07-31T11:53:01.693+0000] {filesystem.py:118} DEBUG - input tempfile: /tmp/tmp21fzt22k/3aii25ua.json
[2025-07-31T11:53:01.731+0000] {filesystem.py:118} DEBUG - input tempfile: /tmp/tmp21fzt22k/3a_9gxbs.json
[2025-07-31T11:53:01.733+0000] {model.py:2042} DEBUG - idx 0
[2025-07-31T11:53:01.733+0000] {model.py:2043} DEBUG - running CmdStan, num_threads: None
[2025-07-31T11:53:01.734+0000] {model.py:2055} DEBUG - CmdStan args: ['/home/airflow/.local/lib/python3.11/site-packages/prophet/stan_model/prophet_model.bin', 'random', 'seed=36992', 'data', 'file=/tmp/tmp21fzt22k/3aii25ua.json', 'init=/tmp/tmp21fzt22k/3a_9gxbs.json', 'output', 'file=/tmp/tmp21fzt22k/prophet_modeli2ufisy3/prophet_model-20250731115301.csv', 'method=optimize', 'algorithm=lbfgs', 'iter=10000']
[2025-07-31T11:53:01.735+0000] {logging_mixin.py:188} WARNING - 11:53:01 - cmdstanpy - INFO - Chain [1] start processing
[2025-07-31T11:53:01.735+0000] {model.py:2058} INFO - Chain [1] start processing
[2025-07-31T11:53:01.789+0000] {logging_mixin.py:188} WARNING - 11:53:01 - cmdstanpy - INFO - Chain [1] done processing
[2025-07-31T11:53:01.789+0000] {model.py:2115} INFO - Chain [1] done processing
[2025-07-31T11:53:01.794+0000] {logging_mixin.py:188} INFO - Erreur pour {'changepoint_prior_scale': 0.1, 'seasonality_prior_scale': 1.0, 'seasonality_mode': 'additive'}: Less data than horizon after initial window. Make horizon or initial shorter.
[2025-07-31T11:53:01.796+0000] {logging_mixin.py:188} INFO - Test 14/18: {'changepoint_prior_scale': 0.1, 'seasonality_prior_scale': 1.0, 'seasonality_mode': 'multiplicative'}
[2025-07-31T11:53:01.829+0000] {filesystem.py:118} DEBUG - input tempfile: /tmp/tmp21fzt22k/vuvj460b.json
[2025-07-31T11:53:01.889+0000] {filesystem.py:118} DEBUG - input tempfile: /tmp/tmp21fzt22k/36j4bq2k.json
[2025-07-31T11:53:01.891+0000] {model.py:2042} DEBUG - idx 0
[2025-07-31T11:53:01.891+0000] {model.py:2043} DEBUG - running CmdStan, num_threads: None
[2025-07-31T11:53:01.892+0000] {model.py:2055} DEBUG - CmdStan args: ['/home/airflow/.local/lib/python3.11/site-packages/prophet/stan_model/prophet_model.bin', 'random', 'seed=67875', 'data', 'file=/tmp/tmp21fzt22k/vuvj460b.json', 'init=/tmp/tmp21fzt22k/36j4bq2k.json', 'output', 'file=/tmp/tmp21fzt22k/prophet_model4xodtl40/prophet_model-20250731115301.csv', 'method=optimize', 'algorithm=lbfgs', 'iter=10000']
[2025-07-31T11:53:01.893+0000] {logging_mixin.py:188} WARNING - 11:53:01 - cmdstanpy - INFO - Chain [1] start processing
[2025-07-31T11:53:01.892+0000] {model.py:2058} INFO - Chain [1] start processing
[2025-07-31T11:53:01.987+0000] {logging_mixin.py:188} WARNING - 11:53:01 - cmdstanpy - INFO - Chain [1] done processing
[2025-07-31T11:53:01.987+0000] {model.py:2115} INFO - Chain [1] done processing
[2025-07-31T11:53:01.991+0000] {logging_mixin.py:188} INFO - Erreur pour {'changepoint_prior_scale': 0.1, 'seasonality_prior_scale': 1.0, 'seasonality_mode': 'multiplicative'}: Less data than horizon after initial window. Make horizon or initial shorter.
[2025-07-31T11:53:01.992+0000] {logging_mixin.py:188} INFO - Test 15/18: {'changepoint_prior_scale': 0.1, 'seasonality_prior_scale': 5.0, 'seasonality_mode': 'additive'}
[2025-07-31T11:53:02.007+0000] {filesystem.py:118} DEBUG - input tempfile: /tmp/tmp21fzt22k/506lv6ve.json
[2025-07-31T11:53:02.053+0000] {filesystem.py:118} DEBUG - input tempfile: /tmp/tmp21fzt22k/3lz0s46y.json
[2025-07-31T11:53:02.055+0000] {model.py:2042} DEBUG - idx 0
[2025-07-31T11:53:02.056+0000] {model.py:2043} DEBUG - running CmdStan, num_threads: None
[2025-07-31T11:53:02.057+0000] {model.py:2055} DEBUG - CmdStan args: ['/home/airflow/.local/lib/python3.11/site-packages/prophet/stan_model/prophet_model.bin', 'random', 'seed=11850', 'data', 'file=/tmp/tmp21fzt22k/506lv6ve.json', 'init=/tmp/tmp21fzt22k/3lz0s46y.json', 'output', 'file=/tmp/tmp21fzt22k/prophet_model8pg02jh3/prophet_model-20250731115302.csv', 'method=optimize', 'algorithm=lbfgs', 'iter=10000']
[2025-07-31T11:53:02.058+0000] {logging_mixin.py:188} WARNING - 11:53:02 - cmdstanpy - INFO - Chain [1] start processing
[2025-07-31T11:53:02.058+0000] {model.py:2058} INFO - Chain [1] start processing
[2025-07-31T11:53:02.125+0000] {logging_mixin.py:188} WARNING - 11:53:02 - cmdstanpy - INFO - Chain [1] done processing
[2025-07-31T11:53:02.125+0000] {model.py:2115} INFO - Chain [1] done processing
[2025-07-31T11:53:02.130+0000] {logging_mixin.py:188} INFO - Erreur pour {'changepoint_prior_scale': 0.1, 'seasonality_prior_scale': 5.0, 'seasonality_mode': 'additive'}: Less data than horizon after initial window. Make horizon or initial shorter.
[2025-07-31T11:53:02.131+0000] {logging_mixin.py:188} INFO - Test 16/18: {'changepoint_prior_scale': 0.1, 'seasonality_prior_scale': 5.0, 'seasonality_mode': 'multiplicative'}
[2025-07-31T11:53:02.158+0000] {filesystem.py:118} DEBUG - input tempfile: /tmp/tmp21fzt22k/8s5i57h7.json
[2025-07-31T11:53:02.213+0000] {filesystem.py:118} DEBUG - input tempfile: /tmp/tmp21fzt22k/856nbbxr.json
[2025-07-31T11:53:02.214+0000] {model.py:2042} DEBUG - idx 0
[2025-07-31T11:53:02.215+0000] {model.py:2043} DEBUG - running CmdStan, num_threads: None
[2025-07-31T11:53:02.216+0000] {model.py:2055} DEBUG - CmdStan args: ['/home/airflow/.local/lib/python3.11/site-packages/prophet/stan_model/prophet_model.bin', 'random', 'seed=81305', 'data', 'file=/tmp/tmp21fzt22k/8s5i57h7.json', 'init=/tmp/tmp21fzt22k/856nbbxr.json', 'output', 'file=/tmp/tmp21fzt22k/prophet_model2jvs_4j2/prophet_model-20250731115302.csv', 'method=optimize', 'algorithm=lbfgs', 'iter=10000']
[2025-07-31T11:53:02.216+0000] {logging_mixin.py:188} WARNING - 11:53:02 - cmdstanpy - INFO - Chain [1] start processing
[2025-07-31T11:53:02.216+0000] {model.py:2058} INFO - Chain [1] start processing
[2025-07-31T11:53:02.317+0000] {logging_mixin.py:188} WARNING - 11:53:02 - cmdstanpy - INFO - Chain [1] done processing
[2025-07-31T11:53:02.317+0000] {model.py:2115} INFO - Chain [1] done processing
[2025-07-31T11:53:02.322+0000] {logging_mixin.py:188} INFO - Erreur pour {'changepoint_prior_scale': 0.1, 'seasonality_prior_scale': 5.0, 'seasonality_mode': 'multiplicative'}: Less data than horizon after initial window. Make horizon or initial shorter.
[2025-07-31T11:53:02.322+0000] {logging_mixin.py:188} INFO - Test 17/18: {'changepoint_prior_scale': 0.1, 'seasonality_prior_scale': 10.0, 'seasonality_mode': 'additive'}
[2025-07-31T11:53:02.338+0000] {filesystem.py:118} DEBUG - input tempfile: /tmp/tmp21fzt22k/_hl_sjsq.json
[2025-07-31T11:53:02.380+0000] {filesystem.py:118} DEBUG - input tempfile: /tmp/tmp21fzt22k/_trlgk9f.json
[2025-07-31T11:53:02.382+0000] {model.py:2042} DEBUG - idx 0
[2025-07-31T11:53:02.383+0000] {model.py:2043} DEBUG - running CmdStan, num_threads: None
[2025-07-31T11:53:02.383+0000] {model.py:2055} DEBUG - CmdStan args: ['/home/airflow/.local/lib/python3.11/site-packages/prophet/stan_model/prophet_model.bin', 'random', 'seed=14580', 'data', 'file=/tmp/tmp21fzt22k/_hl_sjsq.json', 'init=/tmp/tmp21fzt22k/_trlgk9f.json', 'output', 'file=/tmp/tmp21fzt22k/prophet_model1w75v3gn/prophet_model-20250731115302.csv', 'method=optimize', 'algorithm=lbfgs', 'iter=10000']
[2025-07-31T11:53:02.384+0000] {logging_mixin.py:188} WARNING - 11:53:02 - cmdstanpy - INFO - Chain [1] start processing
[2025-07-31T11:53:02.384+0000] {model.py:2058} INFO - Chain [1] start processing
[2025-07-31T11:53:02.428+0000] {logging_mixin.py:188} WARNING - 11:53:02 - cmdstanpy - INFO - Chain [1] done processing
[2025-07-31T11:53:02.427+0000] {model.py:2115} INFO - Chain [1] done processing
[2025-07-31T11:53:02.433+0000] {logging_mixin.py:188} INFO - Erreur pour {'changepoint_prior_scale': 0.1, 'seasonality_prior_scale': 10.0, 'seasonality_mode': 'additive'}: Less data than horizon after initial window. Make horizon or initial shorter.
[2025-07-31T11:53:02.434+0000] {logging_mixin.py:188} INFO - Test 18/18: {'changepoint_prior_scale': 0.1, 'seasonality_prior_scale': 10.0, 'seasonality_mode': 'multiplicative'}
[2025-07-31T11:53:02.467+0000] {filesystem.py:118} DEBUG - input tempfile: /tmp/tmp21fzt22k/ns2qyfcp.json
[2025-07-31T11:53:02.528+0000] {filesystem.py:118} DEBUG - input tempfile: /tmp/tmp21fzt22k/hwqn10tr.json
[2025-07-31T11:53:02.529+0000] {model.py:2042} DEBUG - idx 0
[2025-07-31T11:53:02.530+0000] {model.py:2043} DEBUG - running CmdStan, num_threads: None
[2025-07-31T11:53:02.531+0000] {model.py:2055} DEBUG - CmdStan args: ['/home/airflow/.local/lib/python3.11/site-packages/prophet/stan_model/prophet_model.bin', 'random', 'seed=83231', 'data', 'file=/tmp/tmp21fzt22k/ns2qyfcp.json', 'init=/tmp/tmp21fzt22k/hwqn10tr.json', 'output', 'file=/tmp/tmp21fzt22k/prophet_modeluz_tuaoc/prophet_model-20250731115302.csv', 'method=optimize', 'algorithm=lbfgs', 'iter=10000']
[2025-07-31T11:53:02.532+0000] {logging_mixin.py:188} WARNING - 11:53:02 - cmdstanpy - INFO - Chain [1] start processing
[2025-07-31T11:53:02.532+0000] {model.py:2058} INFO - Chain [1] start processing
[2025-07-31T11:53:02.603+0000] {logging_mixin.py:188} WARNING - 11:53:02 - cmdstanpy - INFO - Chain [1] done processing
[2025-07-31T11:53:02.603+0000] {model.py:2115} INFO - Chain [1] done processing
[2025-07-31T11:53:02.607+0000] {logging_mixin.py:188} INFO - Erreur pour {'changepoint_prior_scale': 0.1, 'seasonality_prior_scale': 10.0, 'seasonality_mode': 'multiplicative'}: Less data than horizon after initial window. Make horizon or initial shorter.
[2025-07-31T11:53:02.607+0000] {taskinstance.py:441} INFO - ::group::Post task execution logs
[2025-07-31T11:53:02.608+0000] {taskinstance.py:2905} ERROR - Task failed with exception
Traceback (most recent call last):
  File "/home/airflow/.local/lib/python3.11/site-packages/airflow/models/taskinstance.py", line 465, in _execute_task
    result = _execute_callable(context=context, **execute_callable_kwargs)
             ^^^^^^^^^^^^^^^^^^^^^^^^^^^^^^^^^^^^^^^^^^^^^^^^^^^^^^^^^^^^^
  File "/home/airflow/.local/lib/python3.11/site-packages/airflow/models/taskinstance.py", line 432, in _execute_callable
    return execute_callable(context=context, **execute_callable_kwargs)
           ^^^^^^^^^^^^^^^^^^^^^^^^^^^^^^^^^^^^^^^^^^^^^^^^^^^^^^^^^^^^
  File "/home/airflow/.local/lib/python3.11/site-packages/airflow/models/baseoperator.py", line 401, in wrapper
    return func(self, *args, **kwargs)
           ^^^^^^^^^^^^^^^^^^^^^^^^^^^
  File "/home/airflow/.local/lib/python3.11/site-packages/airflow/operators/python.py", line 235, in execute
    return_value = self.execute_callable()
                   ^^^^^^^^^^^^^^^^^^^^^^^
  File "/home/airflow/.local/lib/python3.11/site-packages/airflow/operators/python.py", line 252, in execute_callable
    return self.python_callable(*self.op_args, **self.op_kwargs)
           ^^^^^^^^^^^^^^^^^^^^^^^^^^^^^^^^^^^^^^^^^^^^^^^^^^^^^
  File "/opt/airflow/dags/scripts/train_prophet.py", line 92, in train_prophet
    best_model_temp, scores_temp = optimize_prophet_model(temp_df)
                                   ^^^^^^^^^^^^^^^^^^^^^^^^^^^^^^^
  File "/opt/airflow/dags/scripts/train_prophet.py", line 44, in optimize_prophet_model
    best = min(results, key=lambda x: x[1])
           ^^^^^^^^^^^^^^^^^^^^^^^^^^^^^^^^
ValueError: min() arg is an empty sequence
[2025-07-31T11:53:02.638+0000] {taskinstance.py:1206} INFO - Marking task as UP_FOR_RETRY. dag_id=solar_ai_pipeline_2, task_id=train_prophet, run_id=scheduled__2023-07-14T00:00:00+00:00, execution_date=20230714T000000, start_date=20250731T115257, end_date=20250731T115302
[2025-07-31T11:53:02.756+0000] {standard_task_runner.py:110} ERROR - Failed to execute job 2908 for task train_prophet (min() arg is an empty sequence; 3699)
[2025-07-31T11:53:02.810+0000] {local_task_job_runner.py:240} INFO - Task exited with return code 1
[2025-07-31T11:53:02.902+0000] {taskinstance.py:3503} INFO - 0 downstream tasks scheduled from follow-on schedule check
[2025-07-31T11:53:02.907+0000] {local_task_job_runner.py:222} INFO - ::endgroup::
