[2025-07-31T13:32:18.272+0000] {local_task_job_runner.py:120} INFO - ::group::Pre task execution logs
[2025-07-31T13:32:18.332+0000] {taskinstance.py:2076} INFO - Dependencies all met for dep_context=non-requeueable deps ti=<TaskInstance: solar_ai_pipeline_2.predict_prophet scheduled__2023-09-09T00:00:00+00:00 [queued]>
[2025-07-31T13:32:18.351+0000] {taskinstance.py:2076} INFO - Dependencies all met for dep_context=requeueable deps ti=<TaskInstance: solar_ai_pipeline_2.predict_prophet scheduled__2023-09-09T00:00:00+00:00 [queued]>
[2025-07-31T13:32:18.352+0000] {taskinstance.py:2306} INFO - Starting attempt 4 of 4
[2025-07-31T13:32:18.386+0000] {taskinstance.py:2330} INFO - Executing <Task(PythonOperator): predict_prophet> on 2023-09-09 00:00:00+00:00
[2025-07-31T13:32:18.391+0000] {standard_task_runner.py:63} INFO - Started process 26840 to run task
[2025-07-31T13:32:18.395+0000] {standard_task_runner.py:90} INFO - Running: ['airflow', 'tasks', 'run', 'solar_ai_pipeline_2', 'predict_prophet', 'scheduled__2023-09-09T00:00:00+00:00', '--job-id', '3070', '--raw', '--subdir', 'DAGS_FOLDER/prophet_pipeline.py', '--cfg-path', '/tmp/tmphpcdbkh_']
[2025-07-31T13:32:18.397+0000] {standard_task_runner.py:91} INFO - Job 3070: Subtask predict_prophet
[2025-07-31T13:32:18.508+0000] {task_command.py:426} INFO - Running <TaskInstance: solar_ai_pipeline_2.predict_prophet scheduled__2023-09-09T00:00:00+00:00 [running]> on host a2a0dd314bdc
[2025-07-31T13:32:18.706+0000] {taskinstance.py:2648} INFO - Exporting env vars: AIRFLOW_CTX_DAG_OWNER='ensam' AIRFLOW_CTX_DAG_ID='solar_ai_pipeline_2' AIRFLOW_CTX_TASK_ID='predict_prophet' AIRFLOW_CTX_EXECUTION_DATE='2023-09-09T00:00:00+00:00' AIRFLOW_CTX_TRY_NUMBER='4' AIRFLOW_CTX_DAG_RUN_ID='scheduled__2023-09-09T00:00:00+00:00'
[2025-07-31T13:32:18.707+0000] {taskinstance.py:430} INFO - ::endgroup::
[2025-07-31T13:32:20.247+0000] {plot.py:39} ERROR - Importing plotly failed. Interactive plots will not work.
[2025-07-31T13:32:21.665+0000] {logging_mixin.py:188} INFO - [ERROR] Invalid datetime values found in prediction data:
[2025-07-31T13:32:21.679+0000] {logging_mixin.py:188} INFO -    datetime  solar_irradiance  ...  saison_automne  saison_été
0       NaT               0.0  ...             NaN         NaN
1       NaT               0.0  ...             NaN         NaN
2       NaT               0.0  ...             NaN         NaN
3       NaT               0.0  ...             NaN         NaN
4       NaT               0.0  ...             NaN         NaN
..      ...               ...  ...             ...         ...
18      NaT               0.0  ...             0.0         NaN
19      NaT               0.0  ...             0.0         NaN
20      NaT               0.0  ...             0.0         NaN
21      NaT               0.0  ...             0.0         NaN
22      NaT               0.0  ...             0.0         NaN

[839 rows x 14 columns]
[2025-07-31T13:32:21.680+0000] {taskinstance.py:441} INFO - ::group::Post task execution logs
[2025-07-31T13:32:21.681+0000] {taskinstance.py:2905} ERROR - Task failed with exception
Traceback (most recent call last):
  File "/home/airflow/.local/lib/python3.11/site-packages/airflow/models/taskinstance.py", line 465, in _execute_task
    result = _execute_callable(context=context, **execute_callable_kwargs)
             ^^^^^^^^^^^^^^^^^^^^^^^^^^^^^^^^^^^^^^^^^^^^^^^^^^^^^^^^^^^^^
  File "/home/airflow/.local/lib/python3.11/site-packages/airflow/models/taskinstance.py", line 432, in _execute_callable
    return execute_callable(context=context, **execute_callable_kwargs)
           ^^^^^^^^^^^^^^^^^^^^^^^^^^^^^^^^^^^^^^^^^^^^^^^^^^^^^^^^^^^^
  File "/home/airflow/.local/lib/python3.11/site-packages/airflow/models/baseoperator.py", line 401, in wrapper
    return func(self, *args, **kwargs)
           ^^^^^^^^^^^^^^^^^^^^^^^^^^^
  File "/home/airflow/.local/lib/python3.11/site-packages/airflow/operators/python.py", line 235, in execute
    return_value = self.execute_callable()
                   ^^^^^^^^^^^^^^^^^^^^^^^
  File "/home/airflow/.local/lib/python3.11/site-packages/airflow/operators/python.py", line 252, in execute_callable
    return self.python_callable(*self.op_args, **self.op_kwargs)
           ^^^^^^^^^^^^^^^^^^^^^^^^^^^^^^^^^^^^^^^^^^^^^^^^^^^^^
  File "/opt/airflow/dags/scripts/predict_prophet.py", line 71, in predict_prophet
    raise ValueError("Found invalid datetime entries. Fix the input data before continuing.")
ValueError: Found invalid datetime entries. Fix the input data before continuing.
[2025-07-31T13:32:21.708+0000] {taskinstance.py:1206} INFO - Marking task as FAILED. dag_id=solar_ai_pipeline_2, task_id=predict_prophet, run_id=scheduled__2023-09-09T00:00:00+00:00, execution_date=20230909T000000, start_date=20250731T133218, end_date=20250731T133221
[2025-07-31T13:32:21.760+0000] {standard_task_runner.py:110} ERROR - Failed to execute job 3070 for task predict_prophet (Found invalid datetime entries. Fix the input data before continuing.; 26840)
[2025-07-31T13:32:21.788+0000] {local_task_job_runner.py:240} INFO - Task exited with return code 1
[2025-07-31T13:32:21.826+0000] {taskinstance.py:3503} INFO - 0 downstream tasks scheduled from follow-on schedule check
[2025-07-31T13:32:21.854+0000] {local_task_job_runner.py:222} INFO - ::endgroup::
