[2025-07-31T13:26:40.688+0000] {local_task_job_runner.py:120} INFO - ::group::Pre task execution logs
[2025-07-31T13:26:40.743+0000] {taskinstance.py:2076} INFO - Dependencies all met for dep_context=non-requeueable deps ti=<TaskInstance: solar_ai_pipeline_2.train_prophet scheduled__2023-09-21T00:00:00+00:00 [queued]>
[2025-07-31T13:26:40.759+0000] {taskinstance.py:2076} INFO - Dependencies all met for dep_context=requeueable deps ti=<TaskInstance: solar_ai_pipeline_2.train_prophet scheduled__2023-09-21T00:00:00+00:00 [queued]>
[2025-07-31T13:26:40.760+0000] {taskinstance.py:2306} INFO - Starting attempt 3 of 4
[2025-07-31T13:26:40.799+0000] {taskinstance.py:2330} INFO - Executing <Task(PythonOperator): train_prophet> on 2023-09-21 00:00:00+00:00
[2025-07-31T13:26:40.804+0000] {standard_task_runner.py:63} INFO - Started process 26414 to run task
[2025-07-31T13:26:40.808+0000] {standard_task_runner.py:90} INFO - Running: ['airflow', 'tasks', 'run', 'solar_ai_pipeline_2', 'train_prophet', 'scheduled__2023-09-21T00:00:00+00:00', '--job-id', '3050', '--raw', '--subdir', 'DAGS_FOLDER/prophet_pipeline.py', '--cfg-path', '/tmp/tmp2q9ti5c6']
[2025-07-31T13:26:40.811+0000] {standard_task_runner.py:91} INFO - Job 3050: Subtask train_prophet
[2025-07-31T13:26:40.931+0000] {task_command.py:426} INFO - Running <TaskInstance: solar_ai_pipeline_2.train_prophet scheduled__2023-09-21T00:00:00+00:00 [running]> on host a2a0dd314bdc
[2025-07-31T13:26:41.157+0000] {taskinstance.py:2648} INFO - Exporting env vars: AIRFLOW_CTX_DAG_OWNER='ensam' AIRFLOW_CTX_DAG_ID='solar_ai_pipeline_2' AIRFLOW_CTX_TASK_ID='train_prophet' AIRFLOW_CTX_EXECUTION_DATE='2023-09-21T00:00:00+00:00' AIRFLOW_CTX_TRY_NUMBER='3' AIRFLOW_CTX_DAG_RUN_ID='scheduled__2023-09-21T00:00:00+00:00'
[2025-07-31T13:26:41.157+0000] {taskinstance.py:430} INFO - ::endgroup::
[2025-07-31T13:26:41.956+0000] {plot.py:39} ERROR - Importing plotly failed. Interactive plots will not work.
[2025-07-31T13:26:41.962+0000] {logging_mixin.py:188} INFO - Training from 2023-01-01 to 2023-03-25
[2025-07-31T13:26:42.430+0000] {logging_mixin.py:188} WARNING - /opt/airflow/dags/scripts/train_prophet.py:85 FutureWarning: In a future version of pandas, parsing datetimes with mixed time zones will raise an error unless `utc=True`. Please specify `utc=True` to opt in to the new behaviour and silence this warning. To create a `Series` with mixed offsets and `object` dtype, please use `apply` and `datetime.datetime.strptime`
[2025-07-31T13:26:42.441+0000] {taskinstance.py:441} INFO - ::group::Post task execution logs
[2025-07-31T13:26:42.442+0000] {taskinstance.py:2905} ERROR - Task failed with exception
Traceback (most recent call last):
  File "/home/airflow/.local/lib/python3.11/site-packages/airflow/models/taskinstance.py", line 465, in _execute_task
    result = _execute_callable(context=context, **execute_callable_kwargs)
             ^^^^^^^^^^^^^^^^^^^^^^^^^^^^^^^^^^^^^^^^^^^^^^^^^^^^^^^^^^^^^
  File "/home/airflow/.local/lib/python3.11/site-packages/airflow/models/taskinstance.py", line 432, in _execute_callable
    return execute_callable(context=context, **execute_callable_kwargs)
           ^^^^^^^^^^^^^^^^^^^^^^^^^^^^^^^^^^^^^^^^^^^^^^^^^^^^^^^^^^^^
  File "/home/airflow/.local/lib/python3.11/site-packages/airflow/models/baseoperator.py", line 401, in wrapper
    return func(self, *args, **kwargs)
           ^^^^^^^^^^^^^^^^^^^^^^^^^^^
  File "/home/airflow/.local/lib/python3.11/site-packages/airflow/operators/python.py", line 235, in execute
    return_value = self.execute_callable()
                   ^^^^^^^^^^^^^^^^^^^^^^^
  File "/home/airflow/.local/lib/python3.11/site-packages/airflow/operators/python.py", line 252, in execute_callable
    return self.python_callable(*self.op_args, **self.op_kwargs)
           ^^^^^^^^^^^^^^^^^^^^^^^^^^^^^^^^^^^^^^^^^^^^^^^^^^^^^
  File "/opt/airflow/dags/scripts/train_prophet.py", line 90, in train_prophet
    temp_df['ds'] = temp_df['ds'].dt.tz_localize(None)
                    ^^^^^^^^^^^^^^^^
  File "/home/airflow/.local/lib/python3.11/site-packages/pandas/core/generic.py", line 6204, in __getattr__
    return object.__getattribute__(self, name)
           ^^^^^^^^^^^^^^^^^^^^^^^^^^^^^^^^^^^
  File "/home/airflow/.local/lib/python3.11/site-packages/pandas/core/accessor.py", line 224, in __get__
    accessor_obj = self._accessor(obj)
                   ^^^^^^^^^^^^^^^^^^^
  File "/home/airflow/.local/lib/python3.11/site-packages/pandas/core/indexes/accessors.py", line 608, in __new__
    raise AttributeError("Can only use .dt accessor with datetimelike values")
AttributeError: Can only use .dt accessor with datetimelike values
[2025-07-31T13:26:42.465+0000] {taskinstance.py:1206} INFO - Marking task as UP_FOR_RETRY. dag_id=solar_ai_pipeline_2, task_id=train_prophet, run_id=scheduled__2023-09-21T00:00:00+00:00, execution_date=20230921T000000, start_date=20250731T132640, end_date=20250731T132642
[2025-07-31T13:26:42.513+0000] {standard_task_runner.py:110} ERROR - Failed to execute job 3050 for task train_prophet (Can only use .dt accessor with datetimelike values; 26414)
[2025-07-31T13:26:42.548+0000] {local_task_job_runner.py:240} INFO - Task exited with return code 1
[2025-07-31T13:26:42.581+0000] {taskinstance.py:3503} INFO - 0 downstream tasks scheduled from follow-on schedule check
[2025-07-31T13:26:42.583+0000] {local_task_job_runner.py:222} INFO - ::endgroup::
