[2025-07-29T15:29:25.350+0000] {local_task_job_runner.py:120} INFO - ::group::Pre task execution logs
[2025-07-29T15:29:25.400+0000] {taskinstance.py:2076} INFO - Dependencies all met for dep_context=non-requeueable deps ti=<TaskInstance: solar_ai_pipeline_2.fetch_data scheduled__2023-01-25T00:00:00+00:00 [queued]>
[2025-07-29T15:29:25.429+0000] {taskinstance.py:2076} INFO - Dependencies all met for dep_context=requeueable deps ti=<TaskInstance: solar_ai_pipeline_2.fetch_data scheduled__2023-01-25T00:00:00+00:00 [queued]>
[2025-07-29T15:29:25.430+0000] {taskinstance.py:2306} INFO - Starting attempt 1 of 2
[2025-07-29T15:29:25.501+0000] {taskinstance.py:2330} INFO - Executing <Task(PythonOperator): fetch_data> on 2023-01-25 00:00:00+00:00
[2025-07-29T15:29:25.508+0000] {standard_task_runner.py:63} INFO - Started process 1708 to run task
[2025-07-29T15:29:25.515+0000] {standard_task_runner.py:90} INFO - Running: ['airflow', 'tasks', 'run', 'solar_ai_pipeline_2', 'fetch_data', 'scheduled__2023-01-25T00:00:00+00:00', '--job-id', '1368', '--raw', '--subdir', 'DAGS_FOLDER/prophet_pipeline.py', '--cfg-path', '/tmp/tmpyiisq689']
[2025-07-29T15:29:25.518+0000] {standard_task_runner.py:91} INFO - Job 1368: Subtask fetch_data
[2025-07-29T15:29:25.691+0000] {task_command.py:426} INFO - Running <TaskInstance: solar_ai_pipeline_2.fetch_data scheduled__2023-01-25T00:00:00+00:00 [running]> on host 4c586ddbbbe9
[2025-07-29T15:29:25.926+0000] {taskinstance.py:2648} INFO - Exporting env vars: AIRFLOW_CTX_DAG_OWNER='ensam' AIRFLOW_CTX_DAG_ID='solar_ai_pipeline_2' AIRFLOW_CTX_TASK_ID='fetch_data' AIRFLOW_CTX_EXECUTION_DATE='2023-01-25T00:00:00+00:00' AIRFLOW_CTX_TRY_NUMBER='1' AIRFLOW_CTX_DAG_RUN_ID='scheduled__2023-01-25T00:00:00+00:00'
[2025-07-29T15:29:25.927+0000] {taskinstance.py:430} INFO - ::endgroup::
[2025-07-29T15:29:36.543+0000] {logging_mixin.py:188} INFO - Données simulées pour 2023-01-25 sauvegardées dans dags/data/processed/simulated_solar_heating_2023-01-25.csv
[2025-07-29T15:29:36.547+0000] {logging_mixin.py:188} INFO - count     24.000000
mean     103.980013
std      157.470350
min        0.000000
25%        0.000000
50%        0.000000
75%      194.773950
max      434.824000
Name: solar_irradiance, dtype: float64
[2025-07-29T15:29:36.548+0000] {logging_mixin.py:188} INFO - 2023-01-25 00:00:00+01:00 → Altitude: -62.97
[2025-07-29T15:29:36.548+0000] {logging_mixin.py:188} INFO - NASA GHI response keys: ['2023012500', '2023012501', '2023012502', '2023012503', '2023012504', '2023012505', '2023012506', '2023012507', '2023012508', '2023012509', '2023012510', '2023012511', '2023012512', '2023012513', '2023012514', '2023012515', '2023012516', '2023012517', '2023012518', '2023012519', '2023012520', '2023012521', '2023012522', '2023012523']
[2025-07-29T15:29:36.549+0000] {logging_mixin.py:188} INFO - 2023-01-25 01:00:00+01:00 → Altitude: -72.68
[2025-07-29T15:29:36.550+0000] {logging_mixin.py:188} INFO - NASA GHI response keys: ['2023012500', '2023012501', '2023012502', '2023012503', '2023012504', '2023012505', '2023012506', '2023012507', '2023012508', '2023012509', '2023012510', '2023012511', '2023012512', '2023012513', '2023012514', '2023012515', '2023012516', '2023012517', '2023012518', '2023012519', '2023012520', '2023012521', '2023012522', '2023012523']
[2025-07-29T15:29:36.550+0000] {logging_mixin.py:188} INFO - 2023-01-25 02:00:00+01:00 → Altitude: -74.98
[2025-07-29T15:29:36.551+0000] {logging_mixin.py:188} INFO - NASA GHI response keys: ['2023012500', '2023012501', '2023012502', '2023012503', '2023012504', '2023012505', '2023012506', '2023012507', '2023012508', '2023012509', '2023012510', '2023012511', '2023012512', '2023012513', '2023012514', '2023012515', '2023012516', '2023012517', '2023012518', '2023012519', '2023012520', '2023012521', '2023012522', '2023012523']
[2025-07-29T15:29:36.551+0000] {logging_mixin.py:188} INFO - 2023-01-25 03:00:00+01:00 → Altitude: -67.45
[2025-07-29T15:29:36.552+0000] {logging_mixin.py:188} INFO - NASA GHI response keys: ['2023012500', '2023012501', '2023012502', '2023012503', '2023012504', '2023012505', '2023012506', '2023012507', '2023012508', '2023012509', '2023012510', '2023012511', '2023012512', '2023012513', '2023012514', '2023012515', '2023012516', '2023012517', '2023012518', '2023012519', '2023012520', '2023012521', '2023012522', '2023012523']
[2025-07-29T15:29:36.553+0000] {logging_mixin.py:188} INFO - 2023-01-25 04:00:00+01:00 → Altitude: -56.15
[2025-07-29T15:29:36.553+0000] {logging_mixin.py:188} INFO - NASA GHI response keys: ['2023012500', '2023012501', '2023012502', '2023012503', '2023012504', '2023012505', '2023012506', '2023012507', '2023012508', '2023012509', '2023012510', '2023012511', '2023012512', '2023012513', '2023012514', '2023012515', '2023012516', '2023012517', '2023012518', '2023012519', '2023012520', '2023012521', '2023012522', '2023012523']
[2025-07-29T15:29:36.554+0000] {logging_mixin.py:188} INFO - 2023-01-25 05:00:00+01:00 → Altitude: -43.89
[2025-07-29T15:29:36.555+0000] {logging_mixin.py:188} INFO - NASA GHI response keys: ['2023012500', '2023012501', '2023012502', '2023012503', '2023012504', '2023012505', '2023012506', '2023012507', '2023012508', '2023012509', '2023012510', '2023012511', '2023012512', '2023012513', '2023012514', '2023012515', '2023012516', '2023012517', '2023012518', '2023012519', '2023012520', '2023012521', '2023012522', '2023012523']
[2025-07-29T15:29:36.556+0000] {logging_mixin.py:188} INFO - 2023-01-25 06:00:00+01:00 → Altitude: -31.40
[2025-07-29T15:29:36.556+0000] {logging_mixin.py:188} INFO - NASA GHI response keys: ['2023012500', '2023012501', '2023012502', '2023012503', '2023012504', '2023012505', '2023012506', '2023012507', '2023012508', '2023012509', '2023012510', '2023012511', '2023012512', '2023012513', '2023012514', '2023012515', '2023012516', '2023012517', '2023012518', '2023012519', '2023012520', '2023012521', '2023012522', '2023012523']
[2025-07-29T15:29:36.557+0000] {logging_mixin.py:188} INFO - 2023-01-25 07:00:00+01:00 → Altitude: -18.99
[2025-07-29T15:29:36.557+0000] {logging_mixin.py:188} INFO - NASA GHI response keys: ['2023012500', '2023012501', '2023012502', '2023012503', '2023012504', '2023012505', '2023012506', '2023012507', '2023012508', '2023012509', '2023012510', '2023012511', '2023012512', '2023012513', '2023012514', '2023012515', '2023012516', '2023012517', '2023012518', '2023012519', '2023012520', '2023012521', '2023012522', '2023012523']
[2025-07-29T15:29:36.558+0000] {logging_mixin.py:188} INFO - 2023-01-25 08:00:00+01:00 → Altitude: -6.86
[2025-07-29T15:29:36.559+0000] {logging_mixin.py:188} INFO - NASA GHI response keys: ['2023012500', '2023012501', '2023012502', '2023012503', '2023012504', '2023012505', '2023012506', '2023012507', '2023012508', '2023012509', '2023012510', '2023012511', '2023012512', '2023012513', '2023012514', '2023012515', '2023012516', '2023012517', '2023012518', '2023012519', '2023012520', '2023012521', '2023012522', '2023012523']
[2025-07-29T15:29:36.559+0000] {logging_mixin.py:188} INFO - 2023-01-25 09:00:00+01:00 → Altitude: 4.82
[2025-07-29T15:29:36.560+0000] {logging_mixin.py:188} INFO - NASA GHI response keys: ['2023012500', '2023012501', '2023012502', '2023012503', '2023012504', '2023012505', '2023012506', '2023012507', '2023012508', '2023012509', '2023012510', '2023012511', '2023012512', '2023012513', '2023012514', '2023012515', '2023012516', '2023012517', '2023012518', '2023012519', '2023012520', '2023012521', '2023012522', '2023012523']
[2025-07-29T15:29:36.560+0000] {logging_mixin.py:188} INFO - 2023-01-25 10:00:00+01:00 → Altitude: 15.40
[2025-07-29T15:29:36.561+0000] {logging_mixin.py:188} INFO - NASA GHI response keys: ['2023012500', '2023012501', '2023012502', '2023012503', '2023012504', '2023012505', '2023012506', '2023012507', '2023012508', '2023012509', '2023012510', '2023012511', '2023012512', '2023012513', '2023012514', '2023012515', '2023012516', '2023012517', '2023012518', '2023012519', '2023012520', '2023012521', '2023012522', '2023012523']
[2025-07-29T15:29:36.561+0000] {logging_mixin.py:188} INFO - 2023-01-25 11:00:00+01:00 → Altitude: 24.74
[2025-07-29T15:29:36.562+0000] {logging_mixin.py:188} INFO - NASA GHI response keys: ['2023012500', '2023012501', '2023012502', '2023012503', '2023012504', '2023012505', '2023012506', '2023012507', '2023012508', '2023012509', '2023012510', '2023012511', '2023012512', '2023012513', '2023012514', '2023012515', '2023012516', '2023012517', '2023012518', '2023012519', '2023012520', '2023012521', '2023012522', '2023012523']
[2025-07-29T15:29:36.563+0000] {logging_mixin.py:188} INFO - 2023-01-25 12:00:00+01:00 → Altitude: 32.07
[2025-07-29T15:29:36.563+0000] {logging_mixin.py:188} INFO - NASA GHI response keys: ['2023012500', '2023012501', '2023012502', '2023012503', '2023012504', '2023012505', '2023012506', '2023012507', '2023012508', '2023012509', '2023012510', '2023012511', '2023012512', '2023012513', '2023012514', '2023012515', '2023012516', '2023012517', '2023012518', '2023012519', '2023012520', '2023012521', '2023012522', '2023012523']
[2025-07-29T15:29:36.564+0000] {logging_mixin.py:188} INFO - 2023-01-25 13:00:00+01:00 → Altitude: 36.52
[2025-07-29T15:29:36.564+0000] {logging_mixin.py:188} INFO - NASA GHI response keys: ['2023012500', '2023012501', '2023012502', '2023012503', '2023012504', '2023012505', '2023012506', '2023012507', '2023012508', '2023012509', '2023012510', '2023012511', '2023012512', '2023012513', '2023012514', '2023012515', '2023012516', '2023012517', '2023012518', '2023012519', '2023012520', '2023012521', '2023012522', '2023012523']
[2025-07-29T15:29:36.565+0000] {logging_mixin.py:188} INFO - 2023-01-25 14:00:00+01:00 → Altitude: 37.34
[2025-07-29T15:29:36.565+0000] {logging_mixin.py:188} INFO - NASA GHI response keys: ['2023012500', '2023012501', '2023012502', '2023012503', '2023012504', '2023012505', '2023012506', '2023012507', '2023012508', '2023012509', '2023012510', '2023012511', '2023012512', '2023012513', '2023012514', '2023012515', '2023012516', '2023012517', '2023012518', '2023012519', '2023012520', '2023012521', '2023012522', '2023012523']
[2025-07-29T15:29:36.566+0000] {logging_mixin.py:188} INFO - 2023-01-25 15:00:00+01:00 → Altitude: 34.37
[2025-07-29T15:29:36.566+0000] {logging_mixin.py:188} INFO - NASA GHI response keys: ['2023012500', '2023012501', '2023012502', '2023012503', '2023012504', '2023012505', '2023012506', '2023012507', '2023012508', '2023012509', '2023012510', '2023012511', '2023012512', '2023012513', '2023012514', '2023012515', '2023012516', '2023012517', '2023012518', '2023012519', '2023012520', '2023012521', '2023012522', '2023012523']
[2025-07-29T15:29:36.567+0000] {logging_mixin.py:188} INFO - 2023-01-25 16:00:00+01:00 → Altitude: 28.16
[2025-07-29T15:29:36.567+0000] {logging_mixin.py:188} INFO - NASA GHI response keys: ['2023012500', '2023012501', '2023012502', '2023012503', '2023012504', '2023012505', '2023012506', '2023012507', '2023012508', '2023012509', '2023012510', '2023012511', '2023012512', '2023012513', '2023012514', '2023012515', '2023012516', '2023012517', '2023012518', '2023012519', '2023012520', '2023012521', '2023012522', '2023012523']
[2025-07-29T15:29:36.568+0000] {logging_mixin.py:188} INFO - 2023-01-25 17:00:00+01:00 → Altitude: 19.58
[2025-07-29T15:29:36.568+0000] {logging_mixin.py:188} INFO - NASA GHI response keys: ['2023012500', '2023012501', '2023012502', '2023012503', '2023012504', '2023012505', '2023012506', '2023012507', '2023012508', '2023012509', '2023012510', '2023012511', '2023012512', '2023012513', '2023012514', '2023012515', '2023012516', '2023012517', '2023012518', '2023012519', '2023012520', '2023012521', '2023012522', '2023012523']
[2025-07-29T15:29:36.569+0000] {logging_mixin.py:188} INFO - 2023-01-25 18:00:00+01:00 → Altitude: 9.43
[2025-07-29T15:29:36.569+0000] {logging_mixin.py:188} INFO - NASA GHI response keys: ['2023012500', '2023012501', '2023012502', '2023012503', '2023012504', '2023012505', '2023012506', '2023012507', '2023012508', '2023012509', '2023012510', '2023012511', '2023012512', '2023012513', '2023012514', '2023012515', '2023012516', '2023012517', '2023012518', '2023012519', '2023012520', '2023012521', '2023012522', '2023012523']
[2025-07-29T15:29:36.570+0000] {logging_mixin.py:188} INFO - 2023-01-25 19:00:00+01:00 → Altitude: -1.72
[2025-07-29T15:29:36.570+0000] {logging_mixin.py:188} INFO - NASA GHI response keys: ['2023012500', '2023012501', '2023012502', '2023012503', '2023012504', '2023012505', '2023012506', '2023012507', '2023012508', '2023012509', '2023012510', '2023012511', '2023012512', '2023012513', '2023012514', '2023012515', '2023012516', '2023012517', '2023012518', '2023012519', '2023012520', '2023012521', '2023012522', '2023012523']
[2025-07-29T15:29:36.571+0000] {logging_mixin.py:188} INFO - 2023-01-25 20:00:00+01:00 → Altitude: -13.77
[2025-07-29T15:29:36.572+0000] {logging_mixin.py:188} INFO - NASA GHI response keys: ['2023012500', '2023012501', '2023012502', '2023012503', '2023012504', '2023012505', '2023012506', '2023012507', '2023012508', '2023012509', '2023012510', '2023012511', '2023012512', '2023012513', '2023012514', '2023012515', '2023012516', '2023012517', '2023012518', '2023012519', '2023012520', '2023012521', '2023012522', '2023012523']
[2025-07-29T15:29:36.572+0000] {logging_mixin.py:188} INFO - 2023-01-25 21:00:00+01:00 → Altitude: -26.08
[2025-07-29T15:29:36.573+0000] {logging_mixin.py:188} INFO - NASA GHI response keys: ['2023012500', '2023012501', '2023012502', '2023012503', '2023012504', '2023012505', '2023012506', '2023012507', '2023012508', '2023012509', '2023012510', '2023012511', '2023012512', '2023012513', '2023012514', '2023012515', '2023012516', '2023012517', '2023012518', '2023012519', '2023012520', '2023012521', '2023012522', '2023012523']
[2025-07-29T15:29:36.573+0000] {logging_mixin.py:188} INFO - 2023-01-25 22:00:00+01:00 → Altitude: -38.55
[2025-07-29T15:29:36.574+0000] {logging_mixin.py:188} INFO - NASA GHI response keys: ['2023012500', '2023012501', '2023012502', '2023012503', '2023012504', '2023012505', '2023012506', '2023012507', '2023012508', '2023012509', '2023012510', '2023012511', '2023012512', '2023012513', '2023012514', '2023012515', '2023012516', '2023012517', '2023012518', '2023012519', '2023012520', '2023012521', '2023012522', '2023012523']
[2025-07-29T15:29:36.575+0000] {logging_mixin.py:188} INFO - 2023-01-25 23:00:00+01:00 → Altitude: -50.95
[2025-07-29T15:29:36.575+0000] {logging_mixin.py:188} INFO - NASA GHI response keys: ['2023012500', '2023012501', '2023012502', '2023012503', '2023012504', '2023012505', '2023012506', '2023012507', '2023012508', '2023012509', '2023012510', '2023012511', '2023012512', '2023012513', '2023012514', '2023012515', '2023012516', '2023012517', '2023012518', '2023012519', '2023012520', '2023012521', '2023012522', '2023012523']
[2025-07-29T15:29:36.577+0000] {python.py:237} INFO - Done. Returned value was: None
[2025-07-29T15:29:36.578+0000] {taskinstance.py:441} INFO - ::group::Post task execution logs
[2025-07-29T15:29:36.597+0000] {taskinstance.py:1206} INFO - Marking task as SUCCESS. dag_id=solar_ai_pipeline_2, task_id=fetch_data, run_id=scheduled__2023-01-25T00:00:00+00:00, execution_date=20230125T000000, start_date=20250729T152925, end_date=20250729T152936
[2025-07-29T15:29:36.692+0000] {local_task_job_runner.py:240} INFO - Task exited with return code 0
[2025-07-29T15:29:36.753+0000] {taskinstance.py:3503} INFO - 1 downstream tasks scheduled from follow-on schedule check
[2025-07-29T15:29:36.778+0000] {local_task_job_runner.py:222} INFO - ::endgroup::
