[2025-07-31T15:51:49.660+0000] {local_task_job_runner.py:120} INFO - ::group::Pre task execution logs
[2025-07-31T15:51:49.837+0000] {taskinstance.py:2076} INFO - Dependencies all met for dep_context=non-requeueable deps ti=<TaskInstance: solar_ai_pipeline_2.train_rl scheduled__2024-01-14T00:00:00+00:00 [queued]>
[2025-07-31T15:51:49.896+0000] {taskinstance.py:2076} INFO - Dependencies all met for dep_context=requeueable deps ti=<TaskInstance: solar_ai_pipeline_2.train_rl scheduled__2024-01-14T00:00:00+00:00 [queued]>
[2025-07-31T15:51:49.898+0000] {taskinstance.py:2306} INFO - Starting attempt 2 of 2
[2025-07-31T15:51:50.142+0000] {taskinstance.py:2330} INFO - Executing <Task(PythonOperator): train_rl> on 2024-01-14 00:00:00+00:00
[2025-07-31T15:51:50.151+0000] {standard_task_runner.py:63} INFO - Started process 88629 to run task
[2025-07-31T15:51:50.157+0000] {standard_task_runner.py:90} INFO - Running: ['airflow', 'tasks', 'run', 'solar_ai_pipeline_2', 'train_rl', 'scheduled__2024-01-14T00:00:00+00:00', '--job-id', '3400', '--raw', '--subdir', 'DAGS_FOLDER/prophet_pipeline.py', '--cfg-path', '/tmp/tmp22sx3p8t']
[2025-07-31T15:51:50.162+0000] {standard_task_runner.py:91} INFO - Job 3400: Subtask train_rl
[2025-07-31T15:51:50.328+0000] {task_command.py:426} INFO - Running <TaskInstance: solar_ai_pipeline_2.train_rl scheduled__2024-01-14T00:00:00+00:00 [running]> on host a2a0dd314bdc
[2025-07-31T15:51:50.715+0000] {taskinstance.py:2648} INFO - Exporting env vars: AIRFLOW_CTX_DAG_OWNER='ensam' AIRFLOW_CTX_DAG_ID='solar_ai_pipeline_2' AIRFLOW_CTX_TASK_ID='train_rl' AIRFLOW_CTX_EXECUTION_DATE='2024-01-14T00:00:00+00:00' AIRFLOW_CTX_TRY_NUMBER='2' AIRFLOW_CTX_DAG_RUN_ID='scheduled__2024-01-14T00:00:00+00:00'
[2025-07-31T15:51:50.717+0000] {taskinstance.py:430} INFO - ::endgroup::
[2025-07-31T15:51:52.086+0000] {logging_mixin.py:188} INFO - [INFO] Starting Q-learning process...
[2025-07-31T15:51:52.354+0000] {logging_mixin.py:188} INFO - [INFO] Loading data files...
[2025-07-31T15:51:54.449+0000] {logging_mixin.py:188} INFO - [INFO] Merged dataset contains 312 rows
[2025-07-31T15:51:54.466+0000] {logging_mixin.py:188} INFO - [INFO] Loaded existing Q-table
[2025-07-31T15:51:54.491+0000] {logging_mixin.py:188} INFO - [INFO] Starting Q-learning training...
[2025-07-31T15:51:54.623+0000] {logging_mixin.py:188} INFO - [DEBUG] Reward counters snapshot: {'low_temp_low_solar': 142, 'high_temp_high_solar': 57, 'high_flow_low_temp': 13, 'other': 43}
[2025-07-31T15:51:54.624+0000] {logging_mixin.py:188} INFO - [DEBUG] Epoch 0: Total reward = -14.40, Epsilon = 0.9950
[2025-07-31T15:52:00.287+0000] {logging_mixin.py:188} INFO - [DEBUG] Epoch 50: Total reward = 77.20, Epsilon = 0.7744
[2025-07-31T15:52:05.745+0000] {logging_mixin.py:188} INFO - [DEBUG] Epoch 100: Total reward = 98.40, Epsilon = 0.6027
[2025-07-31T15:52:11.804+0000] {logging_mixin.py:188} INFO - [DEBUG] Epoch 150: Total reward = 105.30, Epsilon = 0.4691
[2025-07-31T15:52:18.668+0000] {logging_mixin.py:188} INFO - [DEBUG] Reward counters snapshot: {'low_temp_low_solar': 28542, 'high_temp_high_solar': 11457, 'high_flow_low_temp': 2613, 'other': 8643}
[2025-07-31T15:52:18.670+0000] {logging_mixin.py:188} INFO - [DEBUG] Epoch 200: Total reward = 149.90, Epsilon = 0.3651
[2025-07-31T15:52:25.382+0000] {logging_mixin.py:188} INFO - [DEBUG] Epoch 250: Total reward = 141.70, Epsilon = 0.2842
[2025-07-31T15:52:32.989+0000] {logging_mixin.py:188} INFO - [DEBUG] Epoch 300: Total reward = 151.70, Epsilon = 0.2212
[2025-07-31T15:52:42.590+0000] {logging_mixin.py:188} INFO - [DEBUG] Epoch 350: Total reward = 157.30, Epsilon = 0.1721
[2025-07-31T15:52:48.647+0000] {logging_mixin.py:188} INFO - [DEBUG] Reward counters snapshot: {'low_temp_low_solar': 56942, 'high_temp_high_solar': 22857, 'high_flow_low_temp': 5213, 'other': 17243}
[2025-07-31T15:52:48.648+0000] {logging_mixin.py:188} INFO - [DEBUG] Epoch 400: Total reward = 173.20, Epsilon = 0.1340
[2025-07-31T15:52:54.326+0000] {logging_mixin.py:188} INFO - [DEBUG] Epoch 450: Total reward = 187.70, Epsilon = 0.1043
[2025-07-31T15:52:59.471+0000] {logging_mixin.py:188} INFO - [DEBUG] Epoch 500: Total reward = 184.10, Epsilon = 0.1000
[2025-07-31T15:53:04.195+0000] {logging_mixin.py:188} INFO - [DEBUG] Epoch 550: Total reward = 176.60, Epsilon = 0.1000
[2025-07-31T15:53:10.763+0000] {logging_mixin.py:188} INFO - [DEBUG] Reward counters snapshot: {'low_temp_low_solar': 85342, 'high_temp_high_solar': 34257, 'high_flow_low_temp': 7813, 'other': 25843}
[2025-07-31T15:53:10.764+0000] {logging_mixin.py:188} INFO - [DEBUG] Epoch 600: Total reward = 188.60, Epsilon = 0.1000
[2025-07-31T15:53:16.415+0000] {logging_mixin.py:188} INFO - [DEBUG] Epoch 650: Total reward = 164.30, Epsilon = 0.1000
[2025-07-31T15:53:22.603+0000] {logging_mixin.py:188} INFO - [DEBUG] Epoch 700: Total reward = 181.80, Epsilon = 0.1000
[2025-07-31T15:53:28.469+0000] {logging_mixin.py:188} INFO - [DEBUG] Epoch 750: Total reward = 183.50, Epsilon = 0.1000
[2025-07-31T15:53:34.222+0000] {logging_mixin.py:188} INFO - [DEBUG] Reward counters snapshot: {'low_temp_low_solar': 113742, 'high_temp_high_solar': 45657, 'high_flow_low_temp': 10413, 'other': 34443}
[2025-07-31T15:53:34.223+0000] {logging_mixin.py:188} INFO - [DEBUG] Epoch 800: Total reward = 186.30, Epsilon = 0.1000
[2025-07-31T15:53:39.491+0000] {logging_mixin.py:188} INFO - [DEBUG] Epoch 850: Total reward = 182.70, Epsilon = 0.1000
[2025-07-31T15:53:45.698+0000] {logging_mixin.py:188} INFO - [DEBUG] Epoch 900: Total reward = 177.10, Epsilon = 0.1000
[2025-07-31T15:53:51.146+0000] {logging_mixin.py:188} INFO - [DEBUG] Epoch 950: Total reward = 183.40, Epsilon = 0.1000
[2025-07-31T15:53:56.300+0000] {logging_mixin.py:188} INFO - 
[DEBUG] Reward rule trigger counts during training:
[2025-07-31T15:53:56.301+0000] {logging_mixin.py:188} INFO -  - low_temp_low_solar: 142000 times
[2025-07-31T15:53:56.302+0000] {logging_mixin.py:188} INFO -  - high_temp_high_solar: 57000 times
[2025-07-31T15:53:56.302+0000] {logging_mixin.py:188} INFO -  - high_flow_low_temp: 13000 times
[2025-07-31T15:53:56.303+0000] {logging_mixin.py:188} INFO -  - other: 43000 times
[2025-07-31T15:53:56.313+0000] {logging_mixin.py:188} INFO - [INFO] Global Q-table saved (continuous learning)
[2025-07-31T15:53:56.314+0000] {logging_mixin.py:188} INFO - [INFO] Starting policy evaluation on last available day...
[2025-07-31T15:53:56.326+0000] {logging_mixin.py:188} INFO - 
[RESULT] Policy Evaluation on Last Day
[2025-07-31T15:53:56.333+0000] {logging_mixin.py:188} INFO -            datetime  yhat_temp  solar_irradiance  yhat_flow  action  reward
2024-01-12 23:00:00   0.117268          0.000000   0.813625       1     0.5
2024-01-13 00:00:00   0.116252          0.000000   0.721895       1     0.5
2024-01-13 01:00:00   0.138394          0.000000   0.598674       1     0.5
2024-01-13 02:00:00   0.172245          0.000000   0.464824       0     1.0
2024-01-13 03:00:00   0.189100          0.000000   0.371929       0     1.0
2024-01-13 04:00:00   0.176078          0.000000   0.362658       0     1.0
2024-01-13 05:00:00   0.159268          0.000000   0.430414       0     1.0
2024-01-13 06:00:00   0.192940          0.002629   0.518138       1     0.5
2024-01-13 07:00:00   0.321372          0.100445   0.561851       1     0.5
2024-01-13 08:00:00   0.544357          0.352632   0.542480       0     0.1
2024-01-13 09:00:00   0.813521          0.596012   0.500184       0     0.1
2024-01-13 10:00:00   1.059413          0.780247   0.498645       0     1.0
2024-01-13 11:00:00   1.225029          1.000000   0.571690       0     1.0
2024-01-13 12:00:00   1.281659          0.818196   0.699032       0     1.0
2024-01-13 13:00:00   1.224179          0.647598   0.829212       0     1.0
2024-01-13 14:00:00   1.061879          0.418775   0.924298       0     0.1
2024-01-13 15:00:00   0.819020          0.165207   0.984007       0     0.1
2024-01-13 16:00:00   0.541105          0.013305   1.030824       1     1.0
2024-01-13 17:00:00   0.290208          0.000000   1.076737       1     0.5
2024-01-13 18:00:00   0.121231          0.000000   1.107636       1     0.5
2024-01-13 19:00:00   0.052663          0.000000   1.099620       1     0.5
2024-01-13 20:00:00   0.057050          0.000000   1.046872       1     0.5
2024-01-13 21:00:00   0.083020          0.000000   0.969364       1     0.5
2024-01-13 22:00:00   0.093089          0.000000   0.891674       1     0.5
[2025-07-31T15:53:56.336+0000] {logging_mixin.py:188} INFO - 
[RESULT] Q-learning Q-table (Top non-zero rows):
[2025-07-31T15:53:56.340+0000] {logging_mixin.py:188} INFO -  state  Q_action_0  Q_action_1 best_action
     0    7.766004    4.805382  Q_action_0
     1    0.007320    0.005987  Q_action_0
     2    0.001560    0.001560  Q_action_0
     3    0.000581    0.008662  Q_action_1
     4    0.006011    0.007081  Q_action_1
     5    6.331653    6.763319  Q_action_1
     6    0.008324    0.002123  Q_action_0
     7    0.001818    0.001834  Q_action_1
     8    0.003042    0.005248  Q_action_1
     9    0.004319    0.002912  Q_action_0
    10    5.992208    6.485680  Q_action_1
    11    0.002921    0.003664  Q_action_1
    12    0.004561    0.007852  Q_action_1
    13    0.001997    0.005142  Q_action_1
    14    0.005924    0.000465  Q_action_0
    15    5.695579    6.246919  Q_action_1
    16    0.000651    0.009489  Q_action_1
    17    0.009656    0.008084  Q_action_0
    18    0.003046    0.000977  Q_action_0
    19    0.006842    0.004402  Q_action_0
[2025-07-31T15:53:56.341+0000] {logging_mixin.py:188} INFO - 
[DEBUG] Total states explored: 125 / 125
[2025-07-31T15:53:56.342+0000] {logging_mixin.py:188} INFO - [DEBUG] Best action counts:
[2025-07-31T15:53:56.343+0000] {logging_mixin.py:188} INFO - best_action
Q_action_0    77
Q_action_1    48
Name: count, dtype: int64
[2025-07-31T15:53:56.360+0000] {logging_mixin.py:188} INFO - [INFO] Q-table exported to /opt/airflow/dags/models/q_table_readable_2024-01-14.csv
[2025-07-31T15:53:56.361+0000] {logging_mixin.py:188} INFO - [DEBUG] Q-table stats:
[2025-07-31T15:53:56.362+0000] {logging_mixin.py:188} INFO - Mean Q-value for action 0: 1.7110
[2025-07-31T15:53:56.363+0000] {logging_mixin.py:188} INFO - Mean Q-value for action 1: 1.4658
[2025-07-31T15:53:56.418+0000] {logging_mixin.py:188} INFO - [DEBUG] Unique states in data: 35 / 125
[2025-07-31T15:53:56.464+0000] {logging_mixin.py:188} INFO - [DEBUG] Top 5 most frequent states: [(0, 53), (20, 51), (15, 28), (5, 26), (10, 17)]
[2025-07-31T15:53:56.473+0000] {logging_mixin.py:188} INFO -         yhat_temp  solar_irradiance   yhat_flow
count  312.000000        312.000000  312.000000
mean     0.434081          0.222540    0.741789
std      0.425448          0.339807    0.247839
min      0.025230          0.000000    0.346526
25%      0.098999          0.000000    0.520279
50%      0.169956          0.000000    0.719851
75%      0.799408          0.430493    0.984278
max      1.299156          1.000000    1.131174
[2025-07-31T15:53:56.907+0000] {python.py:237} INFO - Done. Returned value was: None
[2025-07-31T15:53:56.908+0000] {taskinstance.py:441} INFO - ::group::Post task execution logs
[2025-07-31T15:53:56.933+0000] {taskinstance.py:1206} INFO - Marking task as SUCCESS. dag_id=solar_ai_pipeline_2, task_id=train_rl, run_id=scheduled__2024-01-14T00:00:00+00:00, execution_date=20240114T000000, start_date=20250731T155149, end_date=20250731T155356
[2025-07-31T15:53:57.070+0000] {local_task_job_runner.py:240} INFO - Task exited with return code 0
[2025-07-31T15:53:57.128+0000] {taskinstance.py:3503} INFO - 1 downstream tasks scheduled from follow-on schedule check
[2025-07-31T15:53:57.176+0000] {local_task_job_runner.py:222} INFO - ::endgroup::
