[2025-07-31T15:29:24.375+0000] {local_task_job_runner.py:120} INFO - ::group::Pre task execution logs
[2025-07-31T15:29:24.441+0000] {taskinstance.py:2076} INFO - Dependencies all met for dep_context=non-requeueable deps ti=<TaskInstance: solar_ai_pipeline_2.train_rl scheduled__2024-01-14T00:00:00+00:00 [queued]>
[2025-07-31T15:29:24.478+0000] {taskinstance.py:2076} INFO - Dependencies all met for dep_context=requeueable deps ti=<TaskInstance: solar_ai_pipeline_2.train_rl scheduled__2024-01-14T00:00:00+00:00 [queued]>
[2025-07-31T15:29:24.479+0000] {taskinstance.py:2306} INFO - Starting attempt 1 of 2
[2025-07-31T15:29:24.545+0000] {taskinstance.py:2330} INFO - Executing <Task(PythonOperator): train_rl> on 2024-01-14 00:00:00+00:00
[2025-07-31T15:29:24.552+0000] {standard_task_runner.py:63} INFO - Started process 82679 to run task
[2025-07-31T15:29:24.555+0000] {standard_task_runner.py:90} INFO - Running: ['airflow', 'tasks', 'run', 'solar_ai_pipeline_2', 'train_rl', 'scheduled__2024-01-14T00:00:00+00:00', '--job-id', '3361', '--raw', '--subdir', 'DAGS_FOLDER/prophet_pipeline.py', '--cfg-path', '/tmp/tmp1ph4rm8c']
[2025-07-31T15:29:24.558+0000] {standard_task_runner.py:91} INFO - Job 3361: Subtask train_rl
[2025-07-31T15:29:24.681+0000] {task_command.py:426} INFO - Running <TaskInstance: solar_ai_pipeline_2.train_rl scheduled__2024-01-14T00:00:00+00:00 [running]> on host a2a0dd314bdc
[2025-07-31T15:29:24.872+0000] {taskinstance.py:2648} INFO - Exporting env vars: AIRFLOW_CTX_DAG_OWNER='ensam' AIRFLOW_CTX_DAG_ID='solar_ai_pipeline_2' AIRFLOW_CTX_TASK_ID='train_rl' AIRFLOW_CTX_EXECUTION_DATE='2024-01-14T00:00:00+00:00' AIRFLOW_CTX_TRY_NUMBER='1' AIRFLOW_CTX_DAG_RUN_ID='scheduled__2024-01-14T00:00:00+00:00'
[2025-07-31T15:29:24.873+0000] {taskinstance.py:430} INFO - ::endgroup::
[2025-07-31T15:29:25.909+0000] {logging_mixin.py:188} INFO - [INFO] Starting Q-learning process...
[2025-07-31T15:29:26.231+0000] {logging_mixin.py:188} INFO - [INFO] Loading data files...
[2025-07-31T15:29:26.522+0000] {logging_mixin.py:188} INFO - [INFO] Merged dataset contains 0 rows
[2025-07-31T15:29:26.524+0000] {taskinstance.py:441} INFO - ::group::Post task execution logs
[2025-07-31T15:29:26.527+0000] {taskinstance.py:2905} ERROR - Task failed with exception
Traceback (most recent call last):
  File "/home/airflow/.local/lib/python3.11/site-packages/airflow/models/taskinstance.py", line 465, in _execute_task
    result = _execute_callable(context=context, **execute_callable_kwargs)
             ^^^^^^^^^^^^^^^^^^^^^^^^^^^^^^^^^^^^^^^^^^^^^^^^^^^^^^^^^^^^^
  File "/home/airflow/.local/lib/python3.11/site-packages/airflow/models/taskinstance.py", line 432, in _execute_callable
    return execute_callable(context=context, **execute_callable_kwargs)
           ^^^^^^^^^^^^^^^^^^^^^^^^^^^^^^^^^^^^^^^^^^^^^^^^^^^^^^^^^^^^
  File "/home/airflow/.local/lib/python3.11/site-packages/airflow/models/baseoperator.py", line 401, in wrapper
    return func(self, *args, **kwargs)
           ^^^^^^^^^^^^^^^^^^^^^^^^^^^
  File "/home/airflow/.local/lib/python3.11/site-packages/airflow/operators/python.py", line 235, in execute
    return_value = self.execute_callable()
                   ^^^^^^^^^^^^^^^^^^^^^^^
  File "/home/airflow/.local/lib/python3.11/site-packages/airflow/operators/python.py", line 252, in execute_callable
    return self.python_callable(*self.op_args, **self.op_kwargs)
           ^^^^^^^^^^^^^^^^^^^^^^^^^^^^^^^^^^^^^^^^^^^^^^^^^^^^^
  File "/opt/airflow/dags/scripts/train_q_learning.py", line 62, in run_q_learning
    raise ValueError(f"Not enough data to train Q-learning for {date_str}")
ValueError: Not enough data to train Q-learning for 2024-01-14
[2025-07-31T15:29:26.605+0000] {taskinstance.py:1206} INFO - Marking task as UP_FOR_RETRY. dag_id=solar_ai_pipeline_2, task_id=train_rl, run_id=scheduled__2024-01-14T00:00:00+00:00, execution_date=20240114T000000, start_date=20250731T152924, end_date=20250731T152926
[2025-07-31T15:29:26.748+0000] {standard_task_runner.py:110} ERROR - Failed to execute job 3361 for task train_rl (Not enough data to train Q-learning for 2024-01-14; 82679)
[2025-07-31T15:29:26.862+0000] {local_task_job_runner.py:240} INFO - Task exited with return code 1
[2025-07-31T15:29:26.995+0000] {taskinstance.py:3503} INFO - 0 downstream tasks scheduled from follow-on schedule check
[2025-07-31T15:29:27.004+0000] {local_task_job_runner.py:222} INFO - ::endgroup::
