[2025-07-31T11:44:44.782+0000] {local_task_job_runner.py:120} INFO - ::group::Pre task execution logs
[2025-07-31T11:44:44.976+0000] {taskinstance.py:2076} INFO - Dependencies all met for dep_context=non-requeueable deps ti=<TaskInstance: solar_ai_pipeline_2.train_prophet scheduled__2023-07-01T00:00:00+00:00 [queued]>
[2025-07-31T11:44:45.027+0000] {taskinstance.py:2076} INFO - Dependencies all met for dep_context=requeueable deps ti=<TaskInstance: solar_ai_pipeline_2.train_prophet scheduled__2023-07-01T00:00:00+00:00 [queued]>
[2025-07-31T11:44:45.032+0000] {taskinstance.py:2306} INFO - Starting attempt 3 of 4
[2025-07-31T11:44:45.116+0000] {taskinstance.py:2330} INFO - Executing <Task(PythonOperator): train_prophet> on 2023-07-01 00:00:00+00:00
[2025-07-31T11:44:45.127+0000] {standard_task_runner.py:63} INFO - Started process 3060 to run task
[2025-07-31T11:44:45.138+0000] {standard_task_runner.py:90} INFO - Running: ['airflow', 'tasks', 'run', 'solar_ai_pipeline_2', 'train_prophet', 'scheduled__2023-07-01T00:00:00+00:00', '--job-id', '2882', '--raw', '--subdir', 'DAGS_FOLDER/prophet_pipeline.py', '--cfg-path', '/tmp/tmpl606iapv']
[2025-07-31T11:44:45.143+0000] {standard_task_runner.py:91} INFO - Job 2882: Subtask train_prophet
[2025-07-31T11:44:45.417+0000] {task_command.py:426} INFO - Running <TaskInstance: solar_ai_pipeline_2.train_prophet scheduled__2023-07-01T00:00:00+00:00 [running]> on host a2a0dd314bdc
[2025-07-31T11:44:45.718+0000] {taskinstance.py:2648} INFO - Exporting env vars: AIRFLOW_CTX_DAG_OWNER='ensam' AIRFLOW_CTX_DAG_ID='solar_ai_pipeline_2' AIRFLOW_CTX_TASK_ID='train_prophet' AIRFLOW_CTX_EXECUTION_DATE='2023-07-01T00:00:00+00:00' AIRFLOW_CTX_TRY_NUMBER='3' AIRFLOW_CTX_DAG_RUN_ID='scheduled__2023-07-01T00:00:00+00:00'
[2025-07-31T11:44:45.720+0000] {taskinstance.py:430} INFO - ::endgroup::
[2025-07-31T11:44:46.700+0000] {plot.py:39} ERROR - Importing plotly failed. Interactive plots will not work.
[2025-07-31T11:44:46.712+0000] {logging_mixin.py:188} INFO - Training from 2023-01-01 to 2023-01-02
[2025-07-31T11:44:46.859+0000] {logging_mixin.py:188} INFO - Test 1/18: {'changepoint_prior_scale': 0.01, 'seasonality_prior_scale': 1.0, 'seasonality_mode': 'additive'}
[2025-07-31T11:44:46.917+0000] {filesystem.py:118} DEBUG - input tempfile: /tmp/tmppl3vn5he/zxr4k3mv.json
[2025-07-31T11:44:46.928+0000] {filesystem.py:118} DEBUG - input tempfile: /tmp/tmppl3vn5he/03e_s6zz.json
[2025-07-31T11:44:46.930+0000] {model.py:2042} DEBUG - idx 0
[2025-07-31T11:44:46.931+0000] {model.py:2043} DEBUG - running CmdStan, num_threads: None
[2025-07-31T11:44:46.932+0000] {model.py:2055} DEBUG - CmdStan args: ['/home/airflow/.local/lib/python3.11/site-packages/prophet/stan_model/prophet_model.bin', 'random', 'seed=28115', 'data', 'file=/tmp/tmppl3vn5he/zxr4k3mv.json', 'init=/tmp/tmppl3vn5he/03e_s6zz.json', 'output', 'file=/tmp/tmppl3vn5he/prophet_model4ym5xyp8/prophet_model-20250731114446.csv', 'method=optimize', 'algorithm=newton', 'iter=10000']
[2025-07-31T11:44:46.932+0000] {logging_mixin.py:188} WARNING - 11:44:46 - cmdstanpy - INFO - Chain [1] start processing
[2025-07-31T11:44:46.932+0000] {model.py:2058} INFO - Chain [1] start processing
[2025-07-31T11:44:47.129+0000] {logging_mixin.py:188} WARNING - 11:44:47 - cmdstanpy - INFO - Chain [1] done processing
[2025-07-31T11:44:47.129+0000] {model.py:2115} INFO - Chain [1] done processing
[2025-07-31T11:44:47.133+0000] {logging_mixin.py:188} INFO - Erreur pour {'changepoint_prior_scale': 0.01, 'seasonality_prior_scale': 1.0, 'seasonality_mode': 'additive'}: Less data than horizon.
[2025-07-31T11:44:47.134+0000] {logging_mixin.py:188} INFO - Test 2/18: {'changepoint_prior_scale': 0.01, 'seasonality_prior_scale': 1.0, 'seasonality_mode': 'multiplicative'}
[2025-07-31T11:44:47.155+0000] {filesystem.py:118} DEBUG - input tempfile: /tmp/tmppl3vn5he/p3o1k0dx.json
[2025-07-31T11:44:47.163+0000] {filesystem.py:118} DEBUG - input tempfile: /tmp/tmppl3vn5he/vxvd3qyt.json
[2025-07-31T11:44:47.167+0000] {model.py:2042} DEBUG - idx 0
[2025-07-31T11:44:47.168+0000] {model.py:2043} DEBUG - running CmdStan, num_threads: None
[2025-07-31T11:44:47.169+0000] {model.py:2055} DEBUG - CmdStan args: ['/home/airflow/.local/lib/python3.11/site-packages/prophet/stan_model/prophet_model.bin', 'random', 'seed=47734', 'data', 'file=/tmp/tmppl3vn5he/p3o1k0dx.json', 'init=/tmp/tmppl3vn5he/vxvd3qyt.json', 'output', 'file=/tmp/tmppl3vn5he/prophet_modeljep704dc/prophet_model-20250731114447.csv', 'method=optimize', 'algorithm=newton', 'iter=10000']
[2025-07-31T11:44:47.170+0000] {logging_mixin.py:188} WARNING - 11:44:47 - cmdstanpy - INFO - Chain [1] start processing
[2025-07-31T11:44:47.170+0000] {model.py:2058} INFO - Chain [1] start processing
[2025-07-31T11:44:48.025+0000] {logging_mixin.py:188} WARNING - 11:44:48 - cmdstanpy - INFO - Chain [1] done processing
[2025-07-31T11:44:48.025+0000] {model.py:2115} INFO - Chain [1] done processing
[2025-07-31T11:44:48.027+0000] {logging_mixin.py:188} INFO - Erreur pour {'changepoint_prior_scale': 0.01, 'seasonality_prior_scale': 1.0, 'seasonality_mode': 'multiplicative'}: Less data than horizon.
[2025-07-31T11:44:48.028+0000] {logging_mixin.py:188} INFO - Test 3/18: {'changepoint_prior_scale': 0.01, 'seasonality_prior_scale': 5.0, 'seasonality_mode': 'additive'}
[2025-07-31T11:44:48.045+0000] {filesystem.py:118} DEBUG - input tempfile: /tmp/tmppl3vn5he/gbswopyr.json
[2025-07-31T11:44:48.056+0000] {filesystem.py:118} DEBUG - input tempfile: /tmp/tmppl3vn5he/jg68yaep.json
[2025-07-31T11:44:48.058+0000] {model.py:2042} DEBUG - idx 0
[2025-07-31T11:44:48.059+0000] {model.py:2043} DEBUG - running CmdStan, num_threads: None
[2025-07-31T11:44:48.059+0000] {model.py:2055} DEBUG - CmdStan args: ['/home/airflow/.local/lib/python3.11/site-packages/prophet/stan_model/prophet_model.bin', 'random', 'seed=48195', 'data', 'file=/tmp/tmppl3vn5he/gbswopyr.json', 'init=/tmp/tmppl3vn5he/jg68yaep.json', 'output', 'file=/tmp/tmppl3vn5he/prophet_modelxjps75pw/prophet_model-20250731114448.csv', 'method=optimize', 'algorithm=newton', 'iter=10000']
[2025-07-31T11:44:48.060+0000] {logging_mixin.py:188} WARNING - 11:44:48 - cmdstanpy - INFO - Chain [1] start processing
[2025-07-31T11:44:48.060+0000] {model.py:2058} INFO - Chain [1] start processing
[2025-07-31T11:44:48.297+0000] {logging_mixin.py:188} WARNING - 11:44:48 - cmdstanpy - INFO - Chain [1] done processing
[2025-07-31T11:44:48.296+0000] {model.py:2115} INFO - Chain [1] done processing
[2025-07-31T11:44:48.302+0000] {logging_mixin.py:188} INFO - Erreur pour {'changepoint_prior_scale': 0.01, 'seasonality_prior_scale': 5.0, 'seasonality_mode': 'additive'}: Less data than horizon.
[2025-07-31T11:44:48.303+0000] {logging_mixin.py:188} INFO - Test 4/18: {'changepoint_prior_scale': 0.01, 'seasonality_prior_scale': 5.0, 'seasonality_mode': 'multiplicative'}
[2025-07-31T11:44:48.332+0000] {filesystem.py:118} DEBUG - input tempfile: /tmp/tmppl3vn5he/yhhijzrv.json
[2025-07-31T11:44:48.347+0000] {filesystem.py:118} DEBUG - input tempfile: /tmp/tmppl3vn5he/s3e1ve1v.json
[2025-07-31T11:44:48.350+0000] {model.py:2042} DEBUG - idx 0
[2025-07-31T11:44:48.351+0000] {model.py:2043} DEBUG - running CmdStan, num_threads: None
[2025-07-31T11:44:48.352+0000] {model.py:2055} DEBUG - CmdStan args: ['/home/airflow/.local/lib/python3.11/site-packages/prophet/stan_model/prophet_model.bin', 'random', 'seed=19587', 'data', 'file=/tmp/tmppl3vn5he/yhhijzrv.json', 'init=/tmp/tmppl3vn5he/s3e1ve1v.json', 'output', 'file=/tmp/tmppl3vn5he/prophet_model1irf10tb/prophet_model-20250731114448.csv', 'method=optimize', 'algorithm=newton', 'iter=10000']
[2025-07-31T11:44:48.352+0000] {logging_mixin.py:188} WARNING - 11:44:48 - cmdstanpy - INFO - Chain [1] start processing
[2025-07-31T11:44:48.352+0000] {model.py:2058} INFO - Chain [1] start processing
[2025-07-31T11:44:49.651+0000] {logging_mixin.py:188} WARNING - 11:44:49 - cmdstanpy - INFO - Chain [1] done processing
[2025-07-31T11:44:49.651+0000] {model.py:2115} INFO - Chain [1] done processing
[2025-07-31T11:44:49.655+0000] {logging_mixin.py:188} INFO - Erreur pour {'changepoint_prior_scale': 0.01, 'seasonality_prior_scale': 5.0, 'seasonality_mode': 'multiplicative'}: Less data than horizon.
[2025-07-31T11:44:49.655+0000] {logging_mixin.py:188} INFO - Test 5/18: {'changepoint_prior_scale': 0.01, 'seasonality_prior_scale': 10.0, 'seasonality_mode': 'additive'}
[2025-07-31T11:44:49.674+0000] {filesystem.py:118} DEBUG - input tempfile: /tmp/tmppl3vn5he/qbk2ucgf.json
[2025-07-31T11:44:49.687+0000] {filesystem.py:118} DEBUG - input tempfile: /tmp/tmppl3vn5he/q4blny79.json
[2025-07-31T11:44:49.692+0000] {model.py:2042} DEBUG - idx 0
[2025-07-31T11:44:49.693+0000] {model.py:2043} DEBUG - running CmdStan, num_threads: None
[2025-07-31T11:44:49.695+0000] {model.py:2055} DEBUG - CmdStan args: ['/home/airflow/.local/lib/python3.11/site-packages/prophet/stan_model/prophet_model.bin', 'random', 'seed=98001', 'data', 'file=/tmp/tmppl3vn5he/qbk2ucgf.json', 'init=/tmp/tmppl3vn5he/q4blny79.json', 'output', 'file=/tmp/tmppl3vn5he/prophet_modelowvah8kr/prophet_model-20250731114449.csv', 'method=optimize', 'algorithm=newton', 'iter=10000']
[2025-07-31T11:44:49.696+0000] {logging_mixin.py:188} WARNING - 11:44:49 - cmdstanpy - INFO - Chain [1] start processing
[2025-07-31T11:44:49.696+0000] {model.py:2058} INFO - Chain [1] start processing
[2025-07-31T11:44:49.897+0000] {logging_mixin.py:188} WARNING - 11:44:49 - cmdstanpy - INFO - Chain [1] done processing
[2025-07-31T11:44:49.897+0000] {model.py:2115} INFO - Chain [1] done processing
[2025-07-31T11:44:49.900+0000] {logging_mixin.py:188} INFO - Erreur pour {'changepoint_prior_scale': 0.01, 'seasonality_prior_scale': 10.0, 'seasonality_mode': 'additive'}: Less data than horizon.
[2025-07-31T11:44:49.901+0000] {logging_mixin.py:188} INFO - Test 6/18: {'changepoint_prior_scale': 0.01, 'seasonality_prior_scale': 10.0, 'seasonality_mode': 'multiplicative'}
[2025-07-31T11:44:49.916+0000] {filesystem.py:118} DEBUG - input tempfile: /tmp/tmppl3vn5he/hxmz360l.json
[2025-07-31T11:44:49.923+0000] {filesystem.py:118} DEBUG - input tempfile: /tmp/tmppl3vn5he/xkw3fuca.json
[2025-07-31T11:44:49.927+0000] {model.py:2042} DEBUG - idx 0
[2025-07-31T11:44:49.928+0000] {model.py:2043} DEBUG - running CmdStan, num_threads: None
[2025-07-31T11:44:49.929+0000] {model.py:2055} DEBUG - CmdStan args: ['/home/airflow/.local/lib/python3.11/site-packages/prophet/stan_model/prophet_model.bin', 'random', 'seed=107', 'data', 'file=/tmp/tmppl3vn5he/hxmz360l.json', 'init=/tmp/tmppl3vn5he/xkw3fuca.json', 'output', 'file=/tmp/tmppl3vn5he/prophet_modelsua87omi/prophet_model-20250731114449.csv', 'method=optimize', 'algorithm=newton', 'iter=10000']
[2025-07-31T11:44:49.929+0000] {logging_mixin.py:188} WARNING - 11:44:49 - cmdstanpy - INFO - Chain [1] start processing
[2025-07-31T11:44:49.929+0000] {model.py:2058} INFO - Chain [1] start processing
[2025-07-31T11:44:50.313+0000] {logging_mixin.py:188} WARNING - 11:44:50 - cmdstanpy - INFO - Chain [1] done processing
[2025-07-31T11:44:50.313+0000] {model.py:2115} INFO - Chain [1] done processing
[2025-07-31T11:44:50.317+0000] {logging_mixin.py:188} INFO - Erreur pour {'changepoint_prior_scale': 0.01, 'seasonality_prior_scale': 10.0, 'seasonality_mode': 'multiplicative'}: Less data than horizon.
[2025-07-31T11:44:50.318+0000] {logging_mixin.py:188} INFO - Test 7/18: {'changepoint_prior_scale': 0.05, 'seasonality_prior_scale': 1.0, 'seasonality_mode': 'additive'}
[2025-07-31T11:44:50.333+0000] {filesystem.py:118} DEBUG - input tempfile: /tmp/tmppl3vn5he/593ghyja.json
[2025-07-31T11:44:50.340+0000] {filesystem.py:118} DEBUG - input tempfile: /tmp/tmppl3vn5he/rl2xq_zx.json
[2025-07-31T11:44:50.345+0000] {model.py:2042} DEBUG - idx 0
[2025-07-31T11:44:50.346+0000] {model.py:2043} DEBUG - running CmdStan, num_threads: None
[2025-07-31T11:44:50.346+0000] {model.py:2055} DEBUG - CmdStan args: ['/home/airflow/.local/lib/python3.11/site-packages/prophet/stan_model/prophet_model.bin', 'random', 'seed=88273', 'data', 'file=/tmp/tmppl3vn5he/593ghyja.json', 'init=/tmp/tmppl3vn5he/rl2xq_zx.json', 'output', 'file=/tmp/tmppl3vn5he/prophet_modelyh5pflou/prophet_model-20250731114450.csv', 'method=optimize', 'algorithm=newton', 'iter=10000']
[2025-07-31T11:44:50.347+0000] {logging_mixin.py:188} WARNING - 11:44:50 - cmdstanpy - INFO - Chain [1] start processing
[2025-07-31T11:44:50.347+0000] {model.py:2058} INFO - Chain [1] start processing
[2025-07-31T11:44:50.487+0000] {logging_mixin.py:188} WARNING - 11:44:50 - cmdstanpy - INFO - Chain [1] done processing
[2025-07-31T11:44:50.487+0000] {model.py:2115} INFO - Chain [1] done processing
[2025-07-31T11:44:50.490+0000] {logging_mixin.py:188} INFO - Erreur pour {'changepoint_prior_scale': 0.05, 'seasonality_prior_scale': 1.0, 'seasonality_mode': 'additive'}: Less data than horizon.
[2025-07-31T11:44:50.491+0000] {logging_mixin.py:188} INFO - Test 8/18: {'changepoint_prior_scale': 0.05, 'seasonality_prior_scale': 1.0, 'seasonality_mode': 'multiplicative'}
[2025-07-31T11:44:50.508+0000] {filesystem.py:118} DEBUG - input tempfile: /tmp/tmppl3vn5he/c07p46di.json
[2025-07-31T11:44:50.516+0000] {filesystem.py:118} DEBUG - input tempfile: /tmp/tmppl3vn5he/5gvi09fq.json
[2025-07-31T11:44:50.520+0000] {model.py:2042} DEBUG - idx 0
[2025-07-31T11:44:50.521+0000] {model.py:2043} DEBUG - running CmdStan, num_threads: None
[2025-07-31T11:44:50.522+0000] {model.py:2055} DEBUG - CmdStan args: ['/home/airflow/.local/lib/python3.11/site-packages/prophet/stan_model/prophet_model.bin', 'random', 'seed=64830', 'data', 'file=/tmp/tmppl3vn5he/c07p46di.json', 'init=/tmp/tmppl3vn5he/5gvi09fq.json', 'output', 'file=/tmp/tmppl3vn5he/prophet_modelue30czu3/prophet_model-20250731114450.csv', 'method=optimize', 'algorithm=newton', 'iter=10000']
[2025-07-31T11:44:50.522+0000] {logging_mixin.py:188} WARNING - 11:44:50 - cmdstanpy - INFO - Chain [1] start processing
[2025-07-31T11:44:50.522+0000] {model.py:2058} INFO - Chain [1] start processing
[2025-07-31T11:44:52.056+0000] {logging_mixin.py:188} WARNING - 11:44:52 - cmdstanpy - INFO - Chain [1] done processing
[2025-07-31T11:44:52.056+0000] {model.py:2115} INFO - Chain [1] done processing
[2025-07-31T11:44:52.059+0000] {logging_mixin.py:188} INFO - Erreur pour {'changepoint_prior_scale': 0.05, 'seasonality_prior_scale': 1.0, 'seasonality_mode': 'multiplicative'}: Less data than horizon.
[2025-07-31T11:44:52.059+0000] {logging_mixin.py:188} INFO - Test 9/18: {'changepoint_prior_scale': 0.05, 'seasonality_prior_scale': 5.0, 'seasonality_mode': 'additive'}
[2025-07-31T11:44:52.078+0000] {filesystem.py:118} DEBUG - input tempfile: /tmp/tmppl3vn5he/_l535skd.json
[2025-07-31T11:44:52.087+0000] {filesystem.py:118} DEBUG - input tempfile: /tmp/tmppl3vn5he/tlrr59xi.json
[2025-07-31T11:44:52.089+0000] {model.py:2042} DEBUG - idx 0
[2025-07-31T11:44:52.090+0000] {model.py:2043} DEBUG - running CmdStan, num_threads: None
[2025-07-31T11:44:52.090+0000] {model.py:2055} DEBUG - CmdStan args: ['/home/airflow/.local/lib/python3.11/site-packages/prophet/stan_model/prophet_model.bin', 'random', 'seed=93385', 'data', 'file=/tmp/tmppl3vn5he/_l535skd.json', 'init=/tmp/tmppl3vn5he/tlrr59xi.json', 'output', 'file=/tmp/tmppl3vn5he/prophet_modellwwj9tld/prophet_model-20250731114452.csv', 'method=optimize', 'algorithm=newton', 'iter=10000']
[2025-07-31T11:44:52.091+0000] {logging_mixin.py:188} WARNING - 11:44:52 - cmdstanpy - INFO - Chain [1] start processing
[2025-07-31T11:44:52.091+0000] {model.py:2058} INFO - Chain [1] start processing
[2025-07-31T11:44:52.409+0000] {logging_mixin.py:188} WARNING - 11:44:52 - cmdstanpy - INFO - Chain [1] done processing
[2025-07-31T11:44:52.409+0000] {model.py:2115} INFO - Chain [1] done processing
[2025-07-31T11:44:52.413+0000] {logging_mixin.py:188} INFO - Erreur pour {'changepoint_prior_scale': 0.05, 'seasonality_prior_scale': 5.0, 'seasonality_mode': 'additive'}: Less data than horizon.
[2025-07-31T11:44:52.414+0000] {logging_mixin.py:188} INFO - Test 10/18: {'changepoint_prior_scale': 0.05, 'seasonality_prior_scale': 5.0, 'seasonality_mode': 'multiplicative'}
[2025-07-31T11:44:52.434+0000] {filesystem.py:118} DEBUG - input tempfile: /tmp/tmppl3vn5he/i1ec9shm.json
[2025-07-31T11:44:52.444+0000] {filesystem.py:118} DEBUG - input tempfile: /tmp/tmppl3vn5he/qt120474.json
[2025-07-31T11:44:52.449+0000] {model.py:2042} DEBUG - idx 0
[2025-07-31T11:44:52.450+0000] {model.py:2043} DEBUG - running CmdStan, num_threads: None
[2025-07-31T11:44:52.451+0000] {model.py:2055} DEBUG - CmdStan args: ['/home/airflow/.local/lib/python3.11/site-packages/prophet/stan_model/prophet_model.bin', 'random', 'seed=97538', 'data', 'file=/tmp/tmppl3vn5he/i1ec9shm.json', 'init=/tmp/tmppl3vn5he/qt120474.json', 'output', 'file=/tmp/tmppl3vn5he/prophet_modelkrexmw7l/prophet_model-20250731114452.csv', 'method=optimize', 'algorithm=newton', 'iter=10000']
[2025-07-31T11:44:52.452+0000] {logging_mixin.py:188} WARNING - 11:44:52 - cmdstanpy - INFO - Chain [1] start processing
[2025-07-31T11:44:52.451+0000] {model.py:2058} INFO - Chain [1] start processing
[2025-07-31T11:44:52.979+0000] {logging_mixin.py:188} WARNING - 11:44:52 - cmdstanpy - INFO - Chain [1] done processing
[2025-07-31T11:44:52.979+0000] {model.py:2115} INFO - Chain [1] done processing
[2025-07-31T11:44:52.983+0000] {logging_mixin.py:188} INFO - Erreur pour {'changepoint_prior_scale': 0.05, 'seasonality_prior_scale': 5.0, 'seasonality_mode': 'multiplicative'}: Less data than horizon.
[2025-07-31T11:44:52.984+0000] {logging_mixin.py:188} INFO - Test 11/18: {'changepoint_prior_scale': 0.05, 'seasonality_prior_scale': 10.0, 'seasonality_mode': 'additive'}
[2025-07-31T11:44:53.004+0000] {filesystem.py:118} DEBUG - input tempfile: /tmp/tmppl3vn5he/6e9hr0g4.json
[2025-07-31T11:44:53.013+0000] {filesystem.py:118} DEBUG - input tempfile: /tmp/tmppl3vn5he/vt0_cfhs.json
[2025-07-31T11:44:53.018+0000] {model.py:2042} DEBUG - idx 0
[2025-07-31T11:44:53.018+0000] {model.py:2043} DEBUG - running CmdStan, num_threads: None
[2025-07-31T11:44:53.019+0000] {model.py:2055} DEBUG - CmdStan args: ['/home/airflow/.local/lib/python3.11/site-packages/prophet/stan_model/prophet_model.bin', 'random', 'seed=36204', 'data', 'file=/tmp/tmppl3vn5he/6e9hr0g4.json', 'init=/tmp/tmppl3vn5he/vt0_cfhs.json', 'output', 'file=/tmp/tmppl3vn5he/prophet_modelt9m6x_mx/prophet_model-20250731114453.csv', 'method=optimize', 'algorithm=newton', 'iter=10000']
[2025-07-31T11:44:53.020+0000] {logging_mixin.py:188} WARNING - 11:44:53 - cmdstanpy - INFO - Chain [1] start processing
[2025-07-31T11:44:53.020+0000] {model.py:2058} INFO - Chain [1] start processing
[2025-07-31T11:44:53.182+0000] {logging_mixin.py:188} WARNING - 11:44:53 - cmdstanpy - INFO - Chain [1] done processing
[2025-07-31T11:44:53.182+0000] {model.py:2115} INFO - Chain [1] done processing
[2025-07-31T11:44:53.186+0000] {logging_mixin.py:188} INFO - Erreur pour {'changepoint_prior_scale': 0.05, 'seasonality_prior_scale': 10.0, 'seasonality_mode': 'additive'}: Less data than horizon.
[2025-07-31T11:44:53.187+0000] {logging_mixin.py:188} INFO - Test 12/18: {'changepoint_prior_scale': 0.05, 'seasonality_prior_scale': 10.0, 'seasonality_mode': 'multiplicative'}
[2025-07-31T11:44:53.208+0000] {filesystem.py:118} DEBUG - input tempfile: /tmp/tmppl3vn5he/igbt3e6o.json
[2025-07-31T11:44:53.218+0000] {filesystem.py:118} DEBUG - input tempfile: /tmp/tmppl3vn5he/rwkywud6.json
[2025-07-31T11:44:53.221+0000] {model.py:2042} DEBUG - idx 0
[2025-07-31T11:44:53.221+0000] {model.py:2043} DEBUG - running CmdStan, num_threads: None
[2025-07-31T11:44:53.222+0000] {model.py:2055} DEBUG - CmdStan args: ['/home/airflow/.local/lib/python3.11/site-packages/prophet/stan_model/prophet_model.bin', 'random', 'seed=7086', 'data', 'file=/tmp/tmppl3vn5he/igbt3e6o.json', 'init=/tmp/tmppl3vn5he/rwkywud6.json', 'output', 'file=/tmp/tmppl3vn5he/prophet_model4er7wzz7/prophet_model-20250731114453.csv', 'method=optimize', 'algorithm=newton', 'iter=10000']
[2025-07-31T11:44:53.223+0000] {logging_mixin.py:188} WARNING - 11:44:53 - cmdstanpy - INFO - Chain [1] start processing
[2025-07-31T11:44:53.223+0000] {model.py:2058} INFO - Chain [1] start processing
[2025-07-31T11:44:53.806+0000] {logging_mixin.py:188} WARNING - 11:44:53 - cmdstanpy - INFO - Chain [1] done processing
[2025-07-31T11:44:53.806+0000] {model.py:2115} INFO - Chain [1] done processing
[2025-07-31T11:44:53.809+0000] {logging_mixin.py:188} INFO - Erreur pour {'changepoint_prior_scale': 0.05, 'seasonality_prior_scale': 10.0, 'seasonality_mode': 'multiplicative'}: Less data than horizon.
[2025-07-31T11:44:53.810+0000] {logging_mixin.py:188} INFO - Test 13/18: {'changepoint_prior_scale': 0.1, 'seasonality_prior_scale': 1.0, 'seasonality_mode': 'additive'}
[2025-07-31T11:44:53.829+0000] {filesystem.py:118} DEBUG - input tempfile: /tmp/tmppl3vn5he/7nru2294.json
[2025-07-31T11:44:53.841+0000] {filesystem.py:118} DEBUG - input tempfile: /tmp/tmppl3vn5he/kjr3fpbe.json
[2025-07-31T11:44:53.847+0000] {model.py:2042} DEBUG - idx 0
[2025-07-31T11:44:53.848+0000] {model.py:2043} DEBUG - running CmdStan, num_threads: None
[2025-07-31T11:44:53.849+0000] {model.py:2055} DEBUG - CmdStan args: ['/home/airflow/.local/lib/python3.11/site-packages/prophet/stan_model/prophet_model.bin', 'random', 'seed=69693', 'data', 'file=/tmp/tmppl3vn5he/7nru2294.json', 'init=/tmp/tmppl3vn5he/kjr3fpbe.json', 'output', 'file=/tmp/tmppl3vn5he/prophet_modelr6u6utvi/prophet_model-20250731114453.csv', 'method=optimize', 'algorithm=newton', 'iter=10000']
[2025-07-31T11:44:53.850+0000] {logging_mixin.py:188} WARNING - 11:44:53 - cmdstanpy - INFO - Chain [1] start processing
[2025-07-31T11:44:53.850+0000] {model.py:2058} INFO - Chain [1] start processing
[2025-07-31T11:44:54.059+0000] {logging_mixin.py:188} WARNING - 11:44:54 - cmdstanpy - INFO - Chain [1] done processing
[2025-07-31T11:44:54.058+0000] {model.py:2115} INFO - Chain [1] done processing
[2025-07-31T11:44:54.061+0000] {logging_mixin.py:188} INFO - Erreur pour {'changepoint_prior_scale': 0.1, 'seasonality_prior_scale': 1.0, 'seasonality_mode': 'additive'}: Less data than horizon.
[2025-07-31T11:44:54.062+0000] {logging_mixin.py:188} INFO - Test 14/18: {'changepoint_prior_scale': 0.1, 'seasonality_prior_scale': 1.0, 'seasonality_mode': 'multiplicative'}
[2025-07-31T11:44:54.081+0000] {filesystem.py:118} DEBUG - input tempfile: /tmp/tmppl3vn5he/140bqvth.json
[2025-07-31T11:44:54.090+0000] {filesystem.py:118} DEBUG - input tempfile: /tmp/tmppl3vn5he/f839z70t.json
[2025-07-31T11:44:54.091+0000] {model.py:2042} DEBUG - idx 0
[2025-07-31T11:44:54.092+0000] {model.py:2043} DEBUG - running CmdStan, num_threads: None
[2025-07-31T11:44:54.093+0000] {model.py:2055} DEBUG - CmdStan args: ['/home/airflow/.local/lib/python3.11/site-packages/prophet/stan_model/prophet_model.bin', 'random', 'seed=73529', 'data', 'file=/tmp/tmppl3vn5he/140bqvth.json', 'init=/tmp/tmppl3vn5he/f839z70t.json', 'output', 'file=/tmp/tmppl3vn5he/prophet_modelffisdyzc/prophet_model-20250731114454.csv', 'method=optimize', 'algorithm=newton', 'iter=10000']
[2025-07-31T11:44:54.094+0000] {logging_mixin.py:188} WARNING - 11:44:54 - cmdstanpy - INFO - Chain [1] start processing
[2025-07-31T11:44:54.093+0000] {model.py:2058} INFO - Chain [1] start processing
[2025-07-31T11:44:56.250+0000] {logging_mixin.py:188} WARNING - 11:44:56 - cmdstanpy - INFO - Chain [1] done processing
[2025-07-31T11:44:56.250+0000] {model.py:2115} INFO - Chain [1] done processing
[2025-07-31T11:44:56.256+0000] {logging_mixin.py:188} INFO - Erreur pour {'changepoint_prior_scale': 0.1, 'seasonality_prior_scale': 1.0, 'seasonality_mode': 'multiplicative'}: Less data than horizon.
[2025-07-31T11:44:56.257+0000] {logging_mixin.py:188} INFO - Test 15/18: {'changepoint_prior_scale': 0.1, 'seasonality_prior_scale': 5.0, 'seasonality_mode': 'additive'}
[2025-07-31T11:44:56.276+0000] {filesystem.py:118} DEBUG - input tempfile: /tmp/tmppl3vn5he/qmcxi2t0.json
[2025-07-31T11:44:56.283+0000] {filesystem.py:118} DEBUG - input tempfile: /tmp/tmppl3vn5he/2i7w0k2p.json
[2025-07-31T11:44:56.288+0000] {model.py:2042} DEBUG - idx 0
[2025-07-31T11:44:56.289+0000] {model.py:2043} DEBUG - running CmdStan, num_threads: None
[2025-07-31T11:44:56.289+0000] {model.py:2055} DEBUG - CmdStan args: ['/home/airflow/.local/lib/python3.11/site-packages/prophet/stan_model/prophet_model.bin', 'random', 'seed=58912', 'data', 'file=/tmp/tmppl3vn5he/qmcxi2t0.json', 'init=/tmp/tmppl3vn5he/2i7w0k2p.json', 'output', 'file=/tmp/tmppl3vn5he/prophet_modelasbvzxus/prophet_model-20250731114456.csv', 'method=optimize', 'algorithm=newton', 'iter=10000']
[2025-07-31T11:44:56.291+0000] {logging_mixin.py:188} WARNING - 11:44:56 - cmdstanpy - INFO - Chain [1] start processing
[2025-07-31T11:44:56.291+0000] {model.py:2058} INFO - Chain [1] start processing
[2025-07-31T11:44:56.510+0000] {logging_mixin.py:188} WARNING - 11:44:56 - cmdstanpy - INFO - Chain [1] done processing
[2025-07-31T11:44:56.510+0000] {model.py:2115} INFO - Chain [1] done processing
[2025-07-31T11:44:56.513+0000] {logging_mixin.py:188} INFO - Erreur pour {'changepoint_prior_scale': 0.1, 'seasonality_prior_scale': 5.0, 'seasonality_mode': 'additive'}: Less data than horizon.
[2025-07-31T11:44:56.514+0000] {logging_mixin.py:188} INFO - Test 16/18: {'changepoint_prior_scale': 0.1, 'seasonality_prior_scale': 5.0, 'seasonality_mode': 'multiplicative'}
[2025-07-31T11:44:56.533+0000] {filesystem.py:118} DEBUG - input tempfile: /tmp/tmppl3vn5he/5hs1ad7k.json
[2025-07-31T11:44:56.541+0000] {filesystem.py:118} DEBUG - input tempfile: /tmp/tmppl3vn5he/b1k2k64w.json
[2025-07-31T11:44:56.545+0000] {model.py:2042} DEBUG - idx 0
[2025-07-31T11:44:56.546+0000] {model.py:2043} DEBUG - running CmdStan, num_threads: None
[2025-07-31T11:44:56.546+0000] {model.py:2055} DEBUG - CmdStan args: ['/home/airflow/.local/lib/python3.11/site-packages/prophet/stan_model/prophet_model.bin', 'random', 'seed=55109', 'data', 'file=/tmp/tmppl3vn5he/5hs1ad7k.json', 'init=/tmp/tmppl3vn5he/b1k2k64w.json', 'output', 'file=/tmp/tmppl3vn5he/prophet_modelj8ijp515/prophet_model-20250731114456.csv', 'method=optimize', 'algorithm=newton', 'iter=10000']
[2025-07-31T11:44:56.547+0000] {logging_mixin.py:188} WARNING - 11:44:56 - cmdstanpy - INFO - Chain [1] start processing
[2025-07-31T11:44:56.547+0000] {model.py:2058} INFO - Chain [1] start processing
[2025-07-31T11:44:57.014+0000] {logging_mixin.py:188} WARNING - 11:44:57 - cmdstanpy - INFO - Chain [1] done processing
[2025-07-31T11:44:57.014+0000] {model.py:2115} INFO - Chain [1] done processing
[2025-07-31T11:44:57.017+0000] {logging_mixin.py:188} INFO - Erreur pour {'changepoint_prior_scale': 0.1, 'seasonality_prior_scale': 5.0, 'seasonality_mode': 'multiplicative'}: Less data than horizon.
[2025-07-31T11:44:57.018+0000] {logging_mixin.py:188} INFO - Test 17/18: {'changepoint_prior_scale': 0.1, 'seasonality_prior_scale': 10.0, 'seasonality_mode': 'additive'}
[2025-07-31T11:44:57.042+0000] {filesystem.py:118} DEBUG - input tempfile: /tmp/tmppl3vn5he/ozw8qz8z.json
[2025-07-31T11:44:57.052+0000] {filesystem.py:118} DEBUG - input tempfile: /tmp/tmppl3vn5he/1_mczqql.json
[2025-07-31T11:44:57.057+0000] {model.py:2042} DEBUG - idx 0
[2025-07-31T11:44:57.058+0000] {model.py:2043} DEBUG - running CmdStan, num_threads: None
[2025-07-31T11:44:57.059+0000] {model.py:2055} DEBUG - CmdStan args: ['/home/airflow/.local/lib/python3.11/site-packages/prophet/stan_model/prophet_model.bin', 'random', 'seed=62863', 'data', 'file=/tmp/tmppl3vn5he/ozw8qz8z.json', 'init=/tmp/tmppl3vn5he/1_mczqql.json', 'output', 'file=/tmp/tmppl3vn5he/prophet_model5llxzlfe/prophet_model-20250731114457.csv', 'method=optimize', 'algorithm=newton', 'iter=10000']
[2025-07-31T11:44:57.060+0000] {logging_mixin.py:188} WARNING - 11:44:57 - cmdstanpy - INFO - Chain [1] start processing
[2025-07-31T11:44:57.059+0000] {model.py:2058} INFO - Chain [1] start processing
[2025-07-31T11:44:57.264+0000] {logging_mixin.py:188} WARNING - 11:44:57 - cmdstanpy - INFO - Chain [1] done processing
[2025-07-31T11:44:57.264+0000] {model.py:2115} INFO - Chain [1] done processing
[2025-07-31T11:44:57.267+0000] {logging_mixin.py:188} INFO - Erreur pour {'changepoint_prior_scale': 0.1, 'seasonality_prior_scale': 10.0, 'seasonality_mode': 'additive'}: Less data than horizon.
[2025-07-31T11:44:57.267+0000] {logging_mixin.py:188} INFO - Test 18/18: {'changepoint_prior_scale': 0.1, 'seasonality_prior_scale': 10.0, 'seasonality_mode': 'multiplicative'}
[2025-07-31T11:44:57.289+0000] {filesystem.py:118} DEBUG - input tempfile: /tmp/tmppl3vn5he/219mfaym.json
[2025-07-31T11:44:57.302+0000] {filesystem.py:118} DEBUG - input tempfile: /tmp/tmppl3vn5he/7hk5qc5t.json
[2025-07-31T11:44:57.304+0000] {model.py:2042} DEBUG - idx 0
[2025-07-31T11:44:57.305+0000] {model.py:2043} DEBUG - running CmdStan, num_threads: None
[2025-07-31T11:44:57.305+0000] {model.py:2055} DEBUG - CmdStan args: ['/home/airflow/.local/lib/python3.11/site-packages/prophet/stan_model/prophet_model.bin', 'random', 'seed=32013', 'data', 'file=/tmp/tmppl3vn5he/219mfaym.json', 'init=/tmp/tmppl3vn5he/7hk5qc5t.json', 'output', 'file=/tmp/tmppl3vn5he/prophet_model9qdhxcm7/prophet_model-20250731114457.csv', 'method=optimize', 'algorithm=newton', 'iter=10000']
[2025-07-31T11:44:57.306+0000] {logging_mixin.py:188} WARNING - 11:44:57 - cmdstanpy - INFO - Chain [1] start processing
[2025-07-31T11:44:57.306+0000] {model.py:2058} INFO - Chain [1] start processing
[2025-07-31T11:44:57.859+0000] {logging_mixin.py:188} WARNING - 11:44:57 - cmdstanpy - INFO - Chain [1] done processing
[2025-07-31T11:44:57.859+0000] {model.py:2115} INFO - Chain [1] done processing
[2025-07-31T11:44:57.862+0000] {logging_mixin.py:188} INFO - Erreur pour {'changepoint_prior_scale': 0.1, 'seasonality_prior_scale': 10.0, 'seasonality_mode': 'multiplicative'}: Less data than horizon.
[2025-07-31T11:44:57.863+0000] {taskinstance.py:441} INFO - ::group::Post task execution logs
[2025-07-31T11:44:57.864+0000] {taskinstance.py:2905} ERROR - Task failed with exception
Traceback (most recent call last):
  File "/home/airflow/.local/lib/python3.11/site-packages/airflow/models/taskinstance.py", line 465, in _execute_task
    result = _execute_callable(context=context, **execute_callable_kwargs)
             ^^^^^^^^^^^^^^^^^^^^^^^^^^^^^^^^^^^^^^^^^^^^^^^^^^^^^^^^^^^^^
  File "/home/airflow/.local/lib/python3.11/site-packages/airflow/models/taskinstance.py", line 432, in _execute_callable
    return execute_callable(context=context, **execute_callable_kwargs)
           ^^^^^^^^^^^^^^^^^^^^^^^^^^^^^^^^^^^^^^^^^^^^^^^^^^^^^^^^^^^^
  File "/home/airflow/.local/lib/python3.11/site-packages/airflow/models/baseoperator.py", line 401, in wrapper
    return func(self, *args, **kwargs)
           ^^^^^^^^^^^^^^^^^^^^^^^^^^^
  File "/home/airflow/.local/lib/python3.11/site-packages/airflow/operators/python.py", line 235, in execute
    return_value = self.execute_callable()
                   ^^^^^^^^^^^^^^^^^^^^^^^
  File "/home/airflow/.local/lib/python3.11/site-packages/airflow/operators/python.py", line 252, in execute_callable
    return self.python_callable(*self.op_args, **self.op_kwargs)
           ^^^^^^^^^^^^^^^^^^^^^^^^^^^^^^^^^^^^^^^^^^^^^^^^^^^^^
  File "/opt/airflow/dags/scripts/train_prophet.py", line 92, in train_prophet
    best_model_temp, scores_temp = optimize_prophet_model(temp_df)
                                   ^^^^^^^^^^^^^^^^^^^^^^^^^^^^^^^
  File "/opt/airflow/dags/scripts/train_prophet.py", line 44, in optimize_prophet_model
    best = min(results, key=lambda x: x[1])
           ^^^^^^^^^^^^^^^^^^^^^^^^^^^^^^^^
ValueError: min() arg is an empty sequence
[2025-07-31T11:44:57.898+0000] {taskinstance.py:1206} INFO - Marking task as UP_FOR_RETRY. dag_id=solar_ai_pipeline_2, task_id=train_prophet, run_id=scheduled__2023-07-01T00:00:00+00:00, execution_date=20230701T000000, start_date=20250731T114444, end_date=20250731T114457
[2025-07-31T11:44:57.978+0000] {standard_task_runner.py:110} ERROR - Failed to execute job 2882 for task train_prophet (min() arg is an empty sequence; 3060)
[2025-07-31T11:44:58.010+0000] {local_task_job_runner.py:240} INFO - Task exited with return code 1
[2025-07-31T11:44:58.076+0000] {taskinstance.py:3503} INFO - 0 downstream tasks scheduled from follow-on schedule check
[2025-07-31T11:44:58.082+0000] {local_task_job_runner.py:222} INFO - ::endgroup::
