[2025-07-31T11:55:10.977+0000] {local_task_job_runner.py:120} INFO - ::group::Pre task execution logs
[2025-07-31T11:55:11.156+0000] {taskinstance.py:2076} INFO - Dependencies all met for dep_context=non-requeueable deps ti=<TaskInstance: solar_ai_pipeline_2.train_prophet scheduled__2023-07-01T00:00:00+00:00 [queued]>
[2025-07-31T11:55:11.228+0000] {taskinstance.py:2076} INFO - Dependencies all met for dep_context=requeueable deps ti=<TaskInstance: solar_ai_pipeline_2.train_prophet scheduled__2023-07-01T00:00:00+00:00 [queued]>
[2025-07-31T11:55:11.233+0000] {taskinstance.py:2306} INFO - Starting attempt 4 of 4
[2025-07-31T11:55:11.687+0000] {taskinstance.py:2330} INFO - Executing <Task(PythonOperator): train_prophet> on 2023-07-01 00:00:00+00:00
[2025-07-31T11:55:11.706+0000] {standard_task_runner.py:63} INFO - Started process 3832 to run task
[2025-07-31T11:55:11.718+0000] {standard_task_runner.py:90} INFO - Running: ['airflow', 'tasks', 'run', 'solar_ai_pipeline_2', 'train_prophet', 'scheduled__2023-07-01T00:00:00+00:00', '--job-id', '2913', '--raw', '--subdir', 'DAGS_FOLDER/prophet_pipeline.py', '--cfg-path', '/tmp/tmpmu6yzepi']
[2025-07-31T11:55:11.723+0000] {standard_task_runner.py:91} INFO - Job 2913: Subtask train_prophet
[2025-07-31T11:55:12.070+0000] {task_command.py:426} INFO - Running <TaskInstance: solar_ai_pipeline_2.train_prophet scheduled__2023-07-01T00:00:00+00:00 [running]> on host a2a0dd314bdc
[2025-07-31T11:55:12.470+0000] {taskinstance.py:2648} INFO - Exporting env vars: AIRFLOW_CTX_DAG_OWNER='ensam' AIRFLOW_CTX_DAG_ID='solar_ai_pipeline_2' AIRFLOW_CTX_TASK_ID='train_prophet' AIRFLOW_CTX_EXECUTION_DATE='2023-07-01T00:00:00+00:00' AIRFLOW_CTX_TRY_NUMBER='4' AIRFLOW_CTX_DAG_RUN_ID='scheduled__2023-07-01T00:00:00+00:00'
[2025-07-31T11:55:12.472+0000] {taskinstance.py:430} INFO - ::endgroup::
[2025-07-31T11:55:13.485+0000] {plot.py:39} ERROR - Importing plotly failed. Interactive plots will not work.
[2025-07-31T11:55:13.494+0000] {logging_mixin.py:188} INFO - Training from 2023-01-01 to 2023-01-02
[2025-07-31T11:55:13.605+0000] {logging_mixin.py:188} INFO - Test 1/18: {'changepoint_prior_scale': 0.01, 'seasonality_prior_scale': 1.0, 'seasonality_mode': 'additive'}
[2025-07-31T11:55:13.682+0000] {filesystem.py:118} DEBUG - input tempfile: /tmp/tmp865h9nuf/o0ckaq6t.json
[2025-07-31T11:55:13.689+0000] {filesystem.py:118} DEBUG - input tempfile: /tmp/tmp865h9nuf/rddd9j6x.json
[2025-07-31T11:55:13.694+0000] {model.py:2042} DEBUG - idx 0
[2025-07-31T11:55:13.696+0000] {model.py:2043} DEBUG - running CmdStan, num_threads: None
[2025-07-31T11:55:13.696+0000] {model.py:2055} DEBUG - CmdStan args: ['/home/airflow/.local/lib/python3.11/site-packages/prophet/stan_model/prophet_model.bin', 'random', 'seed=63143', 'data', 'file=/tmp/tmp865h9nuf/o0ckaq6t.json', 'init=/tmp/tmp865h9nuf/rddd9j6x.json', 'output', 'file=/tmp/tmp865h9nuf/prophet_modelhimunqjd/prophet_model-20250731115513.csv', 'method=optimize', 'algorithm=newton', 'iter=10000']
[2025-07-31T11:55:13.697+0000] {logging_mixin.py:188} WARNING - 11:55:13 - cmdstanpy - INFO - Chain [1] start processing
[2025-07-31T11:55:13.697+0000] {model.py:2058} INFO - Chain [1] start processing
[2025-07-31T11:55:13.877+0000] {logging_mixin.py:188} WARNING - 11:55:13 - cmdstanpy - INFO - Chain [1] done processing
[2025-07-31T11:55:13.877+0000] {model.py:2115} INFO - Chain [1] done processing
[2025-07-31T11:55:13.881+0000] {logging_mixin.py:188} INFO - Erreur pour {'changepoint_prior_scale': 0.01, 'seasonality_prior_scale': 1.0, 'seasonality_mode': 'additive'}: Less data than horizon.
[2025-07-31T11:55:13.882+0000] {logging_mixin.py:188} INFO - Test 2/18: {'changepoint_prior_scale': 0.01, 'seasonality_prior_scale': 1.0, 'seasonality_mode': 'multiplicative'}
[2025-07-31T11:55:13.896+0000] {filesystem.py:118} DEBUG - input tempfile: /tmp/tmp865h9nuf/1y3g6y1d.json
[2025-07-31T11:55:13.906+0000] {filesystem.py:118} DEBUG - input tempfile: /tmp/tmp865h9nuf/rkfkdo6g.json
[2025-07-31T11:55:13.908+0000] {model.py:2042} DEBUG - idx 0
[2025-07-31T11:55:13.909+0000] {model.py:2043} DEBUG - running CmdStan, num_threads: None
[2025-07-31T11:55:13.910+0000] {model.py:2055} DEBUG - CmdStan args: ['/home/airflow/.local/lib/python3.11/site-packages/prophet/stan_model/prophet_model.bin', 'random', 'seed=6411', 'data', 'file=/tmp/tmp865h9nuf/1y3g6y1d.json', 'init=/tmp/tmp865h9nuf/rkfkdo6g.json', 'output', 'file=/tmp/tmp865h9nuf/prophet_modeldarheehu/prophet_model-20250731115513.csv', 'method=optimize', 'algorithm=newton', 'iter=10000']
[2025-07-31T11:55:13.911+0000] {logging_mixin.py:188} WARNING - 11:55:13 - cmdstanpy - INFO - Chain [1] start processing
[2025-07-31T11:55:13.910+0000] {model.py:2058} INFO - Chain [1] start processing
[2025-07-31T11:55:14.788+0000] {logging_mixin.py:188} WARNING - 11:55:14 - cmdstanpy - INFO - Chain [1] done processing
[2025-07-31T11:55:14.788+0000] {model.py:2115} INFO - Chain [1] done processing
[2025-07-31T11:55:14.792+0000] {logging_mixin.py:188} INFO - Erreur pour {'changepoint_prior_scale': 0.01, 'seasonality_prior_scale': 1.0, 'seasonality_mode': 'multiplicative'}: Less data than horizon.
[2025-07-31T11:55:14.793+0000] {logging_mixin.py:188} INFO - Test 3/18: {'changepoint_prior_scale': 0.01, 'seasonality_prior_scale': 5.0, 'seasonality_mode': 'additive'}
[2025-07-31T11:55:14.811+0000] {filesystem.py:118} DEBUG - input tempfile: /tmp/tmp865h9nuf/l4qfe8tf.json
[2025-07-31T11:55:14.819+0000] {filesystem.py:118} DEBUG - input tempfile: /tmp/tmp865h9nuf/ec_dqfv5.json
[2025-07-31T11:55:14.820+0000] {model.py:2042} DEBUG - idx 0
[2025-07-31T11:55:14.821+0000] {model.py:2043} DEBUG - running CmdStan, num_threads: None
[2025-07-31T11:55:14.821+0000] {model.py:2055} DEBUG - CmdStan args: ['/home/airflow/.local/lib/python3.11/site-packages/prophet/stan_model/prophet_model.bin', 'random', 'seed=12160', 'data', 'file=/tmp/tmp865h9nuf/l4qfe8tf.json', 'init=/tmp/tmp865h9nuf/ec_dqfv5.json', 'output', 'file=/tmp/tmp865h9nuf/prophet_modelpp4g06l_/prophet_model-20250731115514.csv', 'method=optimize', 'algorithm=newton', 'iter=10000']
[2025-07-31T11:55:14.822+0000] {logging_mixin.py:188} WARNING - 11:55:14 - cmdstanpy - INFO - Chain [1] start processing
[2025-07-31T11:55:14.822+0000] {model.py:2058} INFO - Chain [1] start processing
[2025-07-31T11:55:15.012+0000] {logging_mixin.py:188} WARNING - 11:55:15 - cmdstanpy - INFO - Chain [1] done processing
[2025-07-31T11:55:15.011+0000] {model.py:2115} INFO - Chain [1] done processing
[2025-07-31T11:55:15.015+0000] {logging_mixin.py:188} INFO - Erreur pour {'changepoint_prior_scale': 0.01, 'seasonality_prior_scale': 5.0, 'seasonality_mode': 'additive'}: Less data than horizon.
[2025-07-31T11:55:15.016+0000] {logging_mixin.py:188} INFO - Test 4/18: {'changepoint_prior_scale': 0.01, 'seasonality_prior_scale': 5.0, 'seasonality_mode': 'multiplicative'}
[2025-07-31T11:55:15.036+0000] {filesystem.py:118} DEBUG - input tempfile: /tmp/tmp865h9nuf/ei0z8kqk.json
[2025-07-31T11:55:15.044+0000] {filesystem.py:118} DEBUG - input tempfile: /tmp/tmp865h9nuf/vzzeffj2.json
[2025-07-31T11:55:15.048+0000] {model.py:2042} DEBUG - idx 0
[2025-07-31T11:55:15.049+0000] {model.py:2043} DEBUG - running CmdStan, num_threads: None
[2025-07-31T11:55:15.050+0000] {model.py:2055} DEBUG - CmdStan args: ['/home/airflow/.local/lib/python3.11/site-packages/prophet/stan_model/prophet_model.bin', 'random', 'seed=17657', 'data', 'file=/tmp/tmp865h9nuf/ei0z8kqk.json', 'init=/tmp/tmp865h9nuf/vzzeffj2.json', 'output', 'file=/tmp/tmp865h9nuf/prophet_modelxchbuyw1/prophet_model-20250731115515.csv', 'method=optimize', 'algorithm=newton', 'iter=10000']
[2025-07-31T11:55:15.051+0000] {logging_mixin.py:188} WARNING - 11:55:15 - cmdstanpy - INFO - Chain [1] start processing
[2025-07-31T11:55:15.051+0000] {model.py:2058} INFO - Chain [1] start processing
[2025-07-31T11:55:16.142+0000] {logging_mixin.py:188} WARNING - 11:55:16 - cmdstanpy - INFO - Chain [1] done processing
[2025-07-31T11:55:16.142+0000] {model.py:2115} INFO - Chain [1] done processing
[2025-07-31T11:55:16.145+0000] {logging_mixin.py:188} INFO - Erreur pour {'changepoint_prior_scale': 0.01, 'seasonality_prior_scale': 5.0, 'seasonality_mode': 'multiplicative'}: Less data than horizon.
[2025-07-31T11:55:16.145+0000] {logging_mixin.py:188} INFO - Test 5/18: {'changepoint_prior_scale': 0.01, 'seasonality_prior_scale': 10.0, 'seasonality_mode': 'additive'}
[2025-07-31T11:55:16.160+0000] {filesystem.py:118} DEBUG - input tempfile: /tmp/tmp865h9nuf/ojmytxq9.json
[2025-07-31T11:55:16.166+0000] {filesystem.py:118} DEBUG - input tempfile: /tmp/tmp865h9nuf/sr8s9v87.json
[2025-07-31T11:55:16.168+0000] {model.py:2042} DEBUG - idx 0
[2025-07-31T11:55:16.168+0000] {model.py:2043} DEBUG - running CmdStan, num_threads: None
[2025-07-31T11:55:16.169+0000] {model.py:2055} DEBUG - CmdStan args: ['/home/airflow/.local/lib/python3.11/site-packages/prophet/stan_model/prophet_model.bin', 'random', 'seed=22004', 'data', 'file=/tmp/tmp865h9nuf/ojmytxq9.json', 'init=/tmp/tmp865h9nuf/sr8s9v87.json', 'output', 'file=/tmp/tmp865h9nuf/prophet_model0kf2xz_s/prophet_model-20250731115516.csv', 'method=optimize', 'algorithm=newton', 'iter=10000']
[2025-07-31T11:55:16.170+0000] {logging_mixin.py:188} WARNING - 11:55:16 - cmdstanpy - INFO - Chain [1] start processing
[2025-07-31T11:55:16.170+0000] {model.py:2058} INFO - Chain [1] start processing
[2025-07-31T11:55:16.315+0000] {logging_mixin.py:188} WARNING - 11:55:16 - cmdstanpy - INFO - Chain [1] done processing
[2025-07-31T11:55:16.315+0000] {model.py:2115} INFO - Chain [1] done processing
[2025-07-31T11:55:16.318+0000] {logging_mixin.py:188} INFO - Erreur pour {'changepoint_prior_scale': 0.01, 'seasonality_prior_scale': 10.0, 'seasonality_mode': 'additive'}: Less data than horizon.
[2025-07-31T11:55:16.319+0000] {logging_mixin.py:188} INFO - Test 6/18: {'changepoint_prior_scale': 0.01, 'seasonality_prior_scale': 10.0, 'seasonality_mode': 'multiplicative'}
[2025-07-31T11:55:16.334+0000] {filesystem.py:118} DEBUG - input tempfile: /tmp/tmp865h9nuf/foq7bkx3.json
[2025-07-31T11:55:16.341+0000] {filesystem.py:118} DEBUG - input tempfile: /tmp/tmp865h9nuf/6_uj84f5.json
[2025-07-31T11:55:16.343+0000] {model.py:2042} DEBUG - idx 0
[2025-07-31T11:55:16.343+0000] {model.py:2043} DEBUG - running CmdStan, num_threads: None
[2025-07-31T11:55:16.344+0000] {model.py:2055} DEBUG - CmdStan args: ['/home/airflow/.local/lib/python3.11/site-packages/prophet/stan_model/prophet_model.bin', 'random', 'seed=74385', 'data', 'file=/tmp/tmp865h9nuf/foq7bkx3.json', 'init=/tmp/tmp865h9nuf/6_uj84f5.json', 'output', 'file=/tmp/tmp865h9nuf/prophet_modelv5k983rq/prophet_model-20250731115516.csv', 'method=optimize', 'algorithm=newton', 'iter=10000']
[2025-07-31T11:55:16.345+0000] {logging_mixin.py:188} WARNING - 11:55:16 - cmdstanpy - INFO - Chain [1] start processing
[2025-07-31T11:55:16.345+0000] {model.py:2058} INFO - Chain [1] start processing
[2025-07-31T11:55:16.683+0000] {logging_mixin.py:188} WARNING - 11:55:16 - cmdstanpy - INFO - Chain [1] done processing
[2025-07-31T11:55:16.683+0000] {model.py:2115} INFO - Chain [1] done processing
[2025-07-31T11:55:16.686+0000] {logging_mixin.py:188} INFO - Erreur pour {'changepoint_prior_scale': 0.01, 'seasonality_prior_scale': 10.0, 'seasonality_mode': 'multiplicative'}: Less data than horizon.
[2025-07-31T11:55:16.687+0000] {logging_mixin.py:188} INFO - Test 7/18: {'changepoint_prior_scale': 0.05, 'seasonality_prior_scale': 1.0, 'seasonality_mode': 'additive'}
[2025-07-31T11:55:16.708+0000] {filesystem.py:118} DEBUG - input tempfile: /tmp/tmp865h9nuf/yv4hcrjx.json
[2025-07-31T11:55:16.717+0000] {filesystem.py:118} DEBUG - input tempfile: /tmp/tmp865h9nuf/qtz6fuam.json
[2025-07-31T11:55:16.719+0000] {model.py:2042} DEBUG - idx 0
[2025-07-31T11:55:16.720+0000] {model.py:2043} DEBUG - running CmdStan, num_threads: None
[2025-07-31T11:55:16.720+0000] {model.py:2055} DEBUG - CmdStan args: ['/home/airflow/.local/lib/python3.11/site-packages/prophet/stan_model/prophet_model.bin', 'random', 'seed=15464', 'data', 'file=/tmp/tmp865h9nuf/yv4hcrjx.json', 'init=/tmp/tmp865h9nuf/qtz6fuam.json', 'output', 'file=/tmp/tmp865h9nuf/prophet_model3ezc2fzn/prophet_model-20250731115516.csv', 'method=optimize', 'algorithm=newton', 'iter=10000']
[2025-07-31T11:55:16.721+0000] {logging_mixin.py:188} WARNING - 11:55:16 - cmdstanpy - INFO - Chain [1] start processing
[2025-07-31T11:55:16.721+0000] {model.py:2058} INFO - Chain [1] start processing
[2025-07-31T11:55:16.892+0000] {logging_mixin.py:188} WARNING - 11:55:16 - cmdstanpy - INFO - Chain [1] done processing
[2025-07-31T11:55:16.892+0000] {model.py:2115} INFO - Chain [1] done processing
[2025-07-31T11:55:16.895+0000] {logging_mixin.py:188} INFO - Erreur pour {'changepoint_prior_scale': 0.05, 'seasonality_prior_scale': 1.0, 'seasonality_mode': 'additive'}: Less data than horizon.
[2025-07-31T11:55:16.896+0000] {logging_mixin.py:188} INFO - Test 8/18: {'changepoint_prior_scale': 0.05, 'seasonality_prior_scale': 1.0, 'seasonality_mode': 'multiplicative'}
[2025-07-31T11:55:16.914+0000] {filesystem.py:118} DEBUG - input tempfile: /tmp/tmp865h9nuf/s0bws2hz.json
[2025-07-31T11:55:16.922+0000] {filesystem.py:118} DEBUG - input tempfile: /tmp/tmp865h9nuf/6xaaqtdg.json
[2025-07-31T11:55:16.924+0000] {model.py:2042} DEBUG - idx 0
[2025-07-31T11:55:16.924+0000] {model.py:2043} DEBUG - running CmdStan, num_threads: None
[2025-07-31T11:55:16.925+0000] {model.py:2055} DEBUG - CmdStan args: ['/home/airflow/.local/lib/python3.11/site-packages/prophet/stan_model/prophet_model.bin', 'random', 'seed=35826', 'data', 'file=/tmp/tmp865h9nuf/s0bws2hz.json', 'init=/tmp/tmp865h9nuf/6xaaqtdg.json', 'output', 'file=/tmp/tmp865h9nuf/prophet_modeluht8jsyl/prophet_model-20250731115516.csv', 'method=optimize', 'algorithm=newton', 'iter=10000']
[2025-07-31T11:55:16.926+0000] {logging_mixin.py:188} WARNING - 11:55:16 - cmdstanpy - INFO - Chain [1] start processing
[2025-07-31T11:55:16.926+0000] {model.py:2058} INFO - Chain [1] start processing
[2025-07-31T11:55:18.162+0000] {logging_mixin.py:188} WARNING - 11:55:18 - cmdstanpy - INFO - Chain [1] done processing
[2025-07-31T11:55:18.161+0000] {model.py:2115} INFO - Chain [1] done processing
[2025-07-31T11:55:18.166+0000] {logging_mixin.py:188} INFO - Erreur pour {'changepoint_prior_scale': 0.05, 'seasonality_prior_scale': 1.0, 'seasonality_mode': 'multiplicative'}: Less data than horizon.
[2025-07-31T11:55:18.167+0000] {logging_mixin.py:188} INFO - Test 9/18: {'changepoint_prior_scale': 0.05, 'seasonality_prior_scale': 5.0, 'seasonality_mode': 'additive'}
[2025-07-31T11:55:18.195+0000] {filesystem.py:118} DEBUG - input tempfile: /tmp/tmp865h9nuf/uvgfo5me.json
[2025-07-31T11:55:18.203+0000] {filesystem.py:118} DEBUG - input tempfile: /tmp/tmp865h9nuf/pucecwo3.json
[2025-07-31T11:55:18.208+0000] {model.py:2042} DEBUG - idx 0
[2025-07-31T11:55:18.209+0000] {model.py:2043} DEBUG - running CmdStan, num_threads: None
[2025-07-31T11:55:18.210+0000] {model.py:2055} DEBUG - CmdStan args: ['/home/airflow/.local/lib/python3.11/site-packages/prophet/stan_model/prophet_model.bin', 'random', 'seed=86148', 'data', 'file=/tmp/tmp865h9nuf/uvgfo5me.json', 'init=/tmp/tmp865h9nuf/pucecwo3.json', 'output', 'file=/tmp/tmp865h9nuf/prophet_modelgvr3kwr1/prophet_model-20250731115518.csv', 'method=optimize', 'algorithm=newton', 'iter=10000']
[2025-07-31T11:55:18.210+0000] {logging_mixin.py:188} WARNING - 11:55:18 - cmdstanpy - INFO - Chain [1] start processing
[2025-07-31T11:55:18.210+0000] {model.py:2058} INFO - Chain [1] start processing
[2025-07-31T11:55:18.472+0000] {logging_mixin.py:188} WARNING - 11:55:18 - cmdstanpy - INFO - Chain [1] done processing
[2025-07-31T11:55:18.472+0000] {model.py:2115} INFO - Chain [1] done processing
[2025-07-31T11:55:18.475+0000] {logging_mixin.py:188} INFO - Erreur pour {'changepoint_prior_scale': 0.05, 'seasonality_prior_scale': 5.0, 'seasonality_mode': 'additive'}: Less data than horizon.
[2025-07-31T11:55:18.477+0000] {logging_mixin.py:188} INFO - Test 10/18: {'changepoint_prior_scale': 0.05, 'seasonality_prior_scale': 5.0, 'seasonality_mode': 'multiplicative'}
[2025-07-31T11:55:18.497+0000] {filesystem.py:118} DEBUG - input tempfile: /tmp/tmp865h9nuf/uy2ct7wz.json
[2025-07-31T11:55:18.512+0000] {filesystem.py:118} DEBUG - input tempfile: /tmp/tmp865h9nuf/0rvhfv4h.json
[2025-07-31T11:55:18.515+0000] {model.py:2042} DEBUG - idx 0
[2025-07-31T11:55:18.516+0000] {model.py:2043} DEBUG - running CmdStan, num_threads: None
[2025-07-31T11:55:18.517+0000] {model.py:2055} DEBUG - CmdStan args: ['/home/airflow/.local/lib/python3.11/site-packages/prophet/stan_model/prophet_model.bin', 'random', 'seed=32391', 'data', 'file=/tmp/tmp865h9nuf/uy2ct7wz.json', 'init=/tmp/tmp865h9nuf/0rvhfv4h.json', 'output', 'file=/tmp/tmp865h9nuf/prophet_modelksmlhgo3/prophet_model-20250731115518.csv', 'method=optimize', 'algorithm=newton', 'iter=10000']
[2025-07-31T11:55:18.518+0000] {logging_mixin.py:188} WARNING - 11:55:18 - cmdstanpy - INFO - Chain [1] start processing
[2025-07-31T11:55:18.518+0000] {model.py:2058} INFO - Chain [1] start processing
[2025-07-31T11:55:19.028+0000] {logging_mixin.py:188} WARNING - 11:55:19 - cmdstanpy - INFO - Chain [1] done processing
[2025-07-31T11:55:19.028+0000] {model.py:2115} INFO - Chain [1] done processing
[2025-07-31T11:55:19.031+0000] {logging_mixin.py:188} INFO - Erreur pour {'changepoint_prior_scale': 0.05, 'seasonality_prior_scale': 5.0, 'seasonality_mode': 'multiplicative'}: Less data than horizon.
[2025-07-31T11:55:19.032+0000] {logging_mixin.py:188} INFO - Test 11/18: {'changepoint_prior_scale': 0.05, 'seasonality_prior_scale': 10.0, 'seasonality_mode': 'additive'}
[2025-07-31T11:55:19.052+0000] {filesystem.py:118} DEBUG - input tempfile: /tmp/tmp865h9nuf/mm47vo8y.json
[2025-07-31T11:55:19.060+0000] {filesystem.py:118} DEBUG - input tempfile: /tmp/tmp865h9nuf/u4fnpcp8.json
[2025-07-31T11:55:19.065+0000] {model.py:2042} DEBUG - idx 0
[2025-07-31T11:55:19.065+0000] {model.py:2043} DEBUG - running CmdStan, num_threads: None
[2025-07-31T11:55:19.066+0000] {model.py:2055} DEBUG - CmdStan args: ['/home/airflow/.local/lib/python3.11/site-packages/prophet/stan_model/prophet_model.bin', 'random', 'seed=50929', 'data', 'file=/tmp/tmp865h9nuf/mm47vo8y.json', 'init=/tmp/tmp865h9nuf/u4fnpcp8.json', 'output', 'file=/tmp/tmp865h9nuf/prophet_modelu_t9vnsl/prophet_model-20250731115519.csv', 'method=optimize', 'algorithm=newton', 'iter=10000']
[2025-07-31T11:55:19.067+0000] {logging_mixin.py:188} WARNING - 11:55:19 - cmdstanpy - INFO - Chain [1] start processing
[2025-07-31T11:55:19.067+0000] {model.py:2058} INFO - Chain [1] start processing
[2025-07-31T11:55:19.189+0000] {logging_mixin.py:188} WARNING - 11:55:19 - cmdstanpy - INFO - Chain [1] done processing
[2025-07-31T11:55:19.189+0000] {model.py:2115} INFO - Chain [1] done processing
[2025-07-31T11:55:19.192+0000] {logging_mixin.py:188} INFO - Erreur pour {'changepoint_prior_scale': 0.05, 'seasonality_prior_scale': 10.0, 'seasonality_mode': 'additive'}: Less data than horizon.
[2025-07-31T11:55:19.193+0000] {logging_mixin.py:188} INFO - Test 12/18: {'changepoint_prior_scale': 0.05, 'seasonality_prior_scale': 10.0, 'seasonality_mode': 'multiplicative'}
[2025-07-31T11:55:19.228+0000] {filesystem.py:118} DEBUG - input tempfile: /tmp/tmp865h9nuf/p__4d29i.json
[2025-07-31T11:55:19.237+0000] {filesystem.py:118} DEBUG - input tempfile: /tmp/tmp865h9nuf/jmt0akfs.json
[2025-07-31T11:55:19.239+0000] {model.py:2042} DEBUG - idx 0
[2025-07-31T11:55:19.240+0000] {model.py:2043} DEBUG - running CmdStan, num_threads: None
[2025-07-31T11:55:19.241+0000] {model.py:2055} DEBUG - CmdStan args: ['/home/airflow/.local/lib/python3.11/site-packages/prophet/stan_model/prophet_model.bin', 'random', 'seed=50281', 'data', 'file=/tmp/tmp865h9nuf/p__4d29i.json', 'init=/tmp/tmp865h9nuf/jmt0akfs.json', 'output', 'file=/tmp/tmp865h9nuf/prophet_modelmrnfpixt/prophet_model-20250731115519.csv', 'method=optimize', 'algorithm=newton', 'iter=10000']
[2025-07-31T11:55:19.242+0000] {logging_mixin.py:188} WARNING - 11:55:19 - cmdstanpy - INFO - Chain [1] start processing
[2025-07-31T11:55:19.242+0000] {model.py:2058} INFO - Chain [1] start processing
[2025-07-31T11:55:19.813+0000] {logging_mixin.py:188} WARNING - 11:55:19 - cmdstanpy - INFO - Chain [1] done processing
[2025-07-31T11:55:19.813+0000] {model.py:2115} INFO - Chain [1] done processing
[2025-07-31T11:55:19.816+0000] {logging_mixin.py:188} INFO - Erreur pour {'changepoint_prior_scale': 0.05, 'seasonality_prior_scale': 10.0, 'seasonality_mode': 'multiplicative'}: Less data than horizon.
[2025-07-31T11:55:19.817+0000] {logging_mixin.py:188} INFO - Test 13/18: {'changepoint_prior_scale': 0.1, 'seasonality_prior_scale': 1.0, 'seasonality_mode': 'additive'}
[2025-07-31T11:55:19.835+0000] {filesystem.py:118} DEBUG - input tempfile: /tmp/tmp865h9nuf/3lfr03zd.json
[2025-07-31T11:55:19.841+0000] {filesystem.py:118} DEBUG - input tempfile: /tmp/tmp865h9nuf/bj8uv_lw.json
[2025-07-31T11:55:19.846+0000] {model.py:2042} DEBUG - idx 0
[2025-07-31T11:55:19.847+0000] {model.py:2043} DEBUG - running CmdStan, num_threads: None
[2025-07-31T11:55:19.847+0000] {model.py:2055} DEBUG - CmdStan args: ['/home/airflow/.local/lib/python3.11/site-packages/prophet/stan_model/prophet_model.bin', 'random', 'seed=83801', 'data', 'file=/tmp/tmp865h9nuf/3lfr03zd.json', 'init=/tmp/tmp865h9nuf/bj8uv_lw.json', 'output', 'file=/tmp/tmp865h9nuf/prophet_modelcuxnagdy/prophet_model-20250731115519.csv', 'method=optimize', 'algorithm=newton', 'iter=10000']
[2025-07-31T11:55:19.848+0000] {logging_mixin.py:188} WARNING - 11:55:19 - cmdstanpy - INFO - Chain [1] start processing
[2025-07-31T11:55:19.848+0000] {model.py:2058} INFO - Chain [1] start processing
[2025-07-31T11:55:20.040+0000] {logging_mixin.py:188} WARNING - 11:55:20 - cmdstanpy - INFO - Chain [1] done processing
[2025-07-31T11:55:20.039+0000] {model.py:2115} INFO - Chain [1] done processing
[2025-07-31T11:55:20.042+0000] {logging_mixin.py:188} INFO - Erreur pour {'changepoint_prior_scale': 0.1, 'seasonality_prior_scale': 1.0, 'seasonality_mode': 'additive'}: Less data than horizon.
[2025-07-31T11:55:20.044+0000] {logging_mixin.py:188} INFO - Test 14/18: {'changepoint_prior_scale': 0.1, 'seasonality_prior_scale': 1.0, 'seasonality_mode': 'multiplicative'}
[2025-07-31T11:55:20.072+0000] {filesystem.py:118} DEBUG - input tempfile: /tmp/tmp865h9nuf/lelkwfu3.json
[2025-07-31T11:55:20.082+0000] {filesystem.py:118} DEBUG - input tempfile: /tmp/tmp865h9nuf/q7sgx1tb.json
[2025-07-31T11:55:20.086+0000] {model.py:2042} DEBUG - idx 0
[2025-07-31T11:55:20.087+0000] {model.py:2043} DEBUG - running CmdStan, num_threads: None
[2025-07-31T11:55:20.088+0000] {model.py:2055} DEBUG - CmdStan args: ['/home/airflow/.local/lib/python3.11/site-packages/prophet/stan_model/prophet_model.bin', 'random', 'seed=51245', 'data', 'file=/tmp/tmp865h9nuf/lelkwfu3.json', 'init=/tmp/tmp865h9nuf/q7sgx1tb.json', 'output', 'file=/tmp/tmp865h9nuf/prophet_modelbnp85nrl/prophet_model-20250731115520.csv', 'method=optimize', 'algorithm=newton', 'iter=10000']
[2025-07-31T11:55:20.089+0000] {logging_mixin.py:188} WARNING - 11:55:20 - cmdstanpy - INFO - Chain [1] start processing
[2025-07-31T11:55:20.089+0000] {model.py:2058} INFO - Chain [1] start processing
[2025-07-31T11:55:22.015+0000] {logging_mixin.py:188} WARNING - 11:55:22 - cmdstanpy - INFO - Chain [1] done processing
[2025-07-31T11:55:22.015+0000] {model.py:2115} INFO - Chain [1] done processing
[2025-07-31T11:55:22.018+0000] {logging_mixin.py:188} INFO - Erreur pour {'changepoint_prior_scale': 0.1, 'seasonality_prior_scale': 1.0, 'seasonality_mode': 'multiplicative'}: Less data than horizon.
[2025-07-31T11:55:22.019+0000] {logging_mixin.py:188} INFO - Test 15/18: {'changepoint_prior_scale': 0.1, 'seasonality_prior_scale': 5.0, 'seasonality_mode': 'additive'}
[2025-07-31T11:55:22.036+0000] {filesystem.py:118} DEBUG - input tempfile: /tmp/tmp865h9nuf/yh4_1lbh.json
[2025-07-31T11:55:22.044+0000] {filesystem.py:118} DEBUG - input tempfile: /tmp/tmp865h9nuf/exbby789.json
[2025-07-31T11:55:22.049+0000] {model.py:2042} DEBUG - idx 0
[2025-07-31T11:55:22.050+0000] {model.py:2043} DEBUG - running CmdStan, num_threads: None
[2025-07-31T11:55:22.050+0000] {model.py:2055} DEBUG - CmdStan args: ['/home/airflow/.local/lib/python3.11/site-packages/prophet/stan_model/prophet_model.bin', 'random', 'seed=84466', 'data', 'file=/tmp/tmp865h9nuf/yh4_1lbh.json', 'init=/tmp/tmp865h9nuf/exbby789.json', 'output', 'file=/tmp/tmp865h9nuf/prophet_modell1cuqkw9/prophet_model-20250731115522.csv', 'method=optimize', 'algorithm=newton', 'iter=10000']
[2025-07-31T11:55:22.051+0000] {logging_mixin.py:188} WARNING - 11:55:22 - cmdstanpy - INFO - Chain [1] start processing
[2025-07-31T11:55:22.051+0000] {model.py:2058} INFO - Chain [1] start processing
[2025-07-31T11:55:22.287+0000] {logging_mixin.py:188} WARNING - 11:55:22 - cmdstanpy - INFO - Chain [1] done processing
[2025-07-31T11:55:22.287+0000] {model.py:2115} INFO - Chain [1] done processing
[2025-07-31T11:55:22.291+0000] {logging_mixin.py:188} INFO - Erreur pour {'changepoint_prior_scale': 0.1, 'seasonality_prior_scale': 5.0, 'seasonality_mode': 'additive'}: Less data than horizon.
[2025-07-31T11:55:22.292+0000] {logging_mixin.py:188} INFO - Test 16/18: {'changepoint_prior_scale': 0.1, 'seasonality_prior_scale': 5.0, 'seasonality_mode': 'multiplicative'}
[2025-07-31T11:55:22.324+0000] {filesystem.py:118} DEBUG - input tempfile: /tmp/tmp865h9nuf/sofeqmxr.json
[2025-07-31T11:55:22.337+0000] {filesystem.py:118} DEBUG - input tempfile: /tmp/tmp865h9nuf/wj6vq9u9.json
[2025-07-31T11:55:22.340+0000] {model.py:2042} DEBUG - idx 0
[2025-07-31T11:55:22.341+0000] {model.py:2043} DEBUG - running CmdStan, num_threads: None
[2025-07-31T11:55:22.342+0000] {model.py:2055} DEBUG - CmdStan args: ['/home/airflow/.local/lib/python3.11/site-packages/prophet/stan_model/prophet_model.bin', 'random', 'seed=51365', 'data', 'file=/tmp/tmp865h9nuf/sofeqmxr.json', 'init=/tmp/tmp865h9nuf/wj6vq9u9.json', 'output', 'file=/tmp/tmp865h9nuf/prophet_modelpb9nzrmg/prophet_model-20250731115522.csv', 'method=optimize', 'algorithm=newton', 'iter=10000']
[2025-07-31T11:55:22.343+0000] {logging_mixin.py:188} WARNING - 11:55:22 - cmdstanpy - INFO - Chain [1] start processing
[2025-07-31T11:55:22.343+0000] {model.py:2058} INFO - Chain [1] start processing
[2025-07-31T11:55:22.799+0000] {logging_mixin.py:188} WARNING - 11:55:22 - cmdstanpy - INFO - Chain [1] done processing
[2025-07-31T11:55:22.799+0000] {model.py:2115} INFO - Chain [1] done processing
[2025-07-31T11:55:22.802+0000] {logging_mixin.py:188} INFO - Erreur pour {'changepoint_prior_scale': 0.1, 'seasonality_prior_scale': 5.0, 'seasonality_mode': 'multiplicative'}: Less data than horizon.
[2025-07-31T11:55:22.803+0000] {logging_mixin.py:188} INFO - Test 17/18: {'changepoint_prior_scale': 0.1, 'seasonality_prior_scale': 10.0, 'seasonality_mode': 'additive'}
[2025-07-31T11:55:22.817+0000] {filesystem.py:118} DEBUG - input tempfile: /tmp/tmp865h9nuf/8e9_rk7o.json
[2025-07-31T11:55:22.831+0000] {filesystem.py:118} DEBUG - input tempfile: /tmp/tmp865h9nuf/db9xv_l3.json
[2025-07-31T11:55:22.834+0000] {model.py:2042} DEBUG - idx 0
[2025-07-31T11:55:22.835+0000] {model.py:2043} DEBUG - running CmdStan, num_threads: None
[2025-07-31T11:55:22.836+0000] {model.py:2055} DEBUG - CmdStan args: ['/home/airflow/.local/lib/python3.11/site-packages/prophet/stan_model/prophet_model.bin', 'random', 'seed=96989', 'data', 'file=/tmp/tmp865h9nuf/8e9_rk7o.json', 'init=/tmp/tmp865h9nuf/db9xv_l3.json', 'output', 'file=/tmp/tmp865h9nuf/prophet_modeltviwbr6v/prophet_model-20250731115522.csv', 'method=optimize', 'algorithm=newton', 'iter=10000']
[2025-07-31T11:55:22.837+0000] {logging_mixin.py:188} WARNING - 11:55:22 - cmdstanpy - INFO - Chain [1] start processing
[2025-07-31T11:55:22.837+0000] {model.py:2058} INFO - Chain [1] start processing
[2025-07-31T11:55:23.008+0000] {logging_mixin.py:188} WARNING - 11:55:23 - cmdstanpy - INFO - Chain [1] done processing
[2025-07-31T11:55:23.008+0000] {model.py:2115} INFO - Chain [1] done processing
[2025-07-31T11:55:23.011+0000] {logging_mixin.py:188} INFO - Erreur pour {'changepoint_prior_scale': 0.1, 'seasonality_prior_scale': 10.0, 'seasonality_mode': 'additive'}: Less data than horizon.
[2025-07-31T11:55:23.013+0000] {logging_mixin.py:188} INFO - Test 18/18: {'changepoint_prior_scale': 0.1, 'seasonality_prior_scale': 10.0, 'seasonality_mode': 'multiplicative'}
[2025-07-31T11:55:23.030+0000] {filesystem.py:118} DEBUG - input tempfile: /tmp/tmp865h9nuf/8k1u2gnu.json
[2025-07-31T11:55:23.038+0000] {filesystem.py:118} DEBUG - input tempfile: /tmp/tmp865h9nuf/0bwxv0v8.json
[2025-07-31T11:55:23.043+0000] {model.py:2042} DEBUG - idx 0
[2025-07-31T11:55:23.043+0000] {model.py:2043} DEBUG - running CmdStan, num_threads: None
[2025-07-31T11:55:23.044+0000] {model.py:2055} DEBUG - CmdStan args: ['/home/airflow/.local/lib/python3.11/site-packages/prophet/stan_model/prophet_model.bin', 'random', 'seed=64514', 'data', 'file=/tmp/tmp865h9nuf/8k1u2gnu.json', 'init=/tmp/tmp865h9nuf/0bwxv0v8.json', 'output', 'file=/tmp/tmp865h9nuf/prophet_modelz3ne3pf4/prophet_model-20250731115523.csv', 'method=optimize', 'algorithm=newton', 'iter=10000']
[2025-07-31T11:55:23.045+0000] {logging_mixin.py:188} WARNING - 11:55:23 - cmdstanpy - INFO - Chain [1] start processing
[2025-07-31T11:55:23.045+0000] {model.py:2058} INFO - Chain [1] start processing
[2025-07-31T11:55:23.574+0000] {logging_mixin.py:188} WARNING - 11:55:23 - cmdstanpy - INFO - Chain [1] done processing
[2025-07-31T11:55:23.574+0000] {model.py:2115} INFO - Chain [1] done processing
[2025-07-31T11:55:23.577+0000] {logging_mixin.py:188} INFO - Erreur pour {'changepoint_prior_scale': 0.1, 'seasonality_prior_scale': 10.0, 'seasonality_mode': 'multiplicative'}: Less data than horizon.
[2025-07-31T11:55:23.578+0000] {taskinstance.py:441} INFO - ::group::Post task execution logs
[2025-07-31T11:55:23.579+0000] {taskinstance.py:2905} ERROR - Task failed with exception
Traceback (most recent call last):
  File "/home/airflow/.local/lib/python3.11/site-packages/airflow/models/taskinstance.py", line 465, in _execute_task
    result = _execute_callable(context=context, **execute_callable_kwargs)
             ^^^^^^^^^^^^^^^^^^^^^^^^^^^^^^^^^^^^^^^^^^^^^^^^^^^^^^^^^^^^^
  File "/home/airflow/.local/lib/python3.11/site-packages/airflow/models/taskinstance.py", line 432, in _execute_callable
    return execute_callable(context=context, **execute_callable_kwargs)
           ^^^^^^^^^^^^^^^^^^^^^^^^^^^^^^^^^^^^^^^^^^^^^^^^^^^^^^^^^^^^
  File "/home/airflow/.local/lib/python3.11/site-packages/airflow/models/baseoperator.py", line 401, in wrapper
    return func(self, *args, **kwargs)
           ^^^^^^^^^^^^^^^^^^^^^^^^^^^
  File "/home/airflow/.local/lib/python3.11/site-packages/airflow/operators/python.py", line 235, in execute
    return_value = self.execute_callable()
                   ^^^^^^^^^^^^^^^^^^^^^^^
  File "/home/airflow/.local/lib/python3.11/site-packages/airflow/operators/python.py", line 252, in execute_callable
    return self.python_callable(*self.op_args, **self.op_kwargs)
           ^^^^^^^^^^^^^^^^^^^^^^^^^^^^^^^^^^^^^^^^^^^^^^^^^^^^^
  File "/opt/airflow/dags/scripts/train_prophet.py", line 92, in train_prophet
    best_model_temp, scores_temp = optimize_prophet_model(temp_df)
                                   ^^^^^^^^^^^^^^^^^^^^^^^^^^^^^^^
  File "/opt/airflow/dags/scripts/train_prophet.py", line 44, in optimize_prophet_model
    best = min(results, key=lambda x: x[1])
           ^^^^^^^^^^^^^^^^^^^^^^^^^^^^^^^^
ValueError: min() arg is an empty sequence
[2025-07-31T11:55:23.620+0000] {taskinstance.py:1206} INFO - Marking task as FAILED. dag_id=solar_ai_pipeline_2, task_id=train_prophet, run_id=scheduled__2023-07-01T00:00:00+00:00, execution_date=20230701T000000, start_date=20250731T115511, end_date=20250731T115523
[2025-07-31T11:55:23.766+0000] {standard_task_runner.py:110} ERROR - Failed to execute job 2913 for task train_prophet (min() arg is an empty sequence; 3832)
[2025-07-31T11:55:23.819+0000] {local_task_job_runner.py:240} INFO - Task exited with return code 1
[2025-07-31T11:55:23.900+0000] {taskinstance.py:3503} INFO - 0 downstream tasks scheduled from follow-on schedule check
[2025-07-31T11:55:23.986+0000] {local_task_job_runner.py:222} INFO - ::endgroup::
