[2025-07-31T15:30:20.349+0000] {local_task_job_runner.py:120} INFO - ::group::Pre task execution logs
[2025-07-31T15:30:20.564+0000] {taskinstance.py:2076} INFO - Dependencies all met for dep_context=non-requeueable deps ti=<TaskInstance: solar_ai_pipeline_2.train_rl scheduled__2024-01-12T00:00:00+00:00 [queued]>
[2025-07-31T15:30:20.650+0000] {taskinstance.py:2076} INFO - Dependencies all met for dep_context=requeueable deps ti=<TaskInstance: solar_ai_pipeline_2.train_rl scheduled__2024-01-12T00:00:00+00:00 [queued]>
[2025-07-31T15:30:20.657+0000] {taskinstance.py:2306} INFO - Starting attempt 2 of 2
[2025-07-31T15:30:20.868+0000] {taskinstance.py:2330} INFO - Executing <Task(PythonOperator): train_rl> on 2024-01-12 00:00:00+00:00
[2025-07-31T15:30:20.904+0000] {standard_task_runner.py:63} INFO - Started process 82886 to run task
[2025-07-31T15:30:20.931+0000] {standard_task_runner.py:90} INFO - Running: ['airflow', 'tasks', 'run', 'solar_ai_pipeline_2', 'train_rl', 'scheduled__2024-01-12T00:00:00+00:00', '--job-id', '3363', '--raw', '--subdir', 'DAGS_FOLDER/prophet_pipeline.py', '--cfg-path', '/tmp/tmp8uqb7u8v']
[2025-07-31T15:30:20.940+0000] {standard_task_runner.py:91} INFO - Job 3363: Subtask train_rl
[2025-07-31T15:30:21.365+0000] {task_command.py:426} INFO - Running <TaskInstance: solar_ai_pipeline_2.train_rl scheduled__2024-01-12T00:00:00+00:00 [running]> on host a2a0dd314bdc
[2025-07-31T15:30:22.667+0000] {taskinstance.py:2648} INFO - Exporting env vars: AIRFLOW_CTX_DAG_OWNER='ensam' AIRFLOW_CTX_DAG_ID='solar_ai_pipeline_2' AIRFLOW_CTX_TASK_ID='train_rl' AIRFLOW_CTX_EXECUTION_DATE='2024-01-12T00:00:00+00:00' AIRFLOW_CTX_TRY_NUMBER='2' AIRFLOW_CTX_DAG_RUN_ID='scheduled__2024-01-12T00:00:00+00:00'
[2025-07-31T15:30:22.682+0000] {taskinstance.py:430} INFO - ::endgroup::
[2025-07-31T15:30:26.773+0000] {logging_mixin.py:188} INFO - [INFO] Starting Q-learning process...
[2025-07-31T15:30:27.614+0000] {logging_mixin.py:188} INFO - [INFO] Loading data files...
[2025-07-31T15:30:28.204+0000] {logging_mixin.py:188} INFO - [INFO] Merged dataset contains 0 rows
[2025-07-31T15:30:28.210+0000] {taskinstance.py:441} INFO - ::group::Post task execution logs
[2025-07-31T15:30:28.212+0000] {taskinstance.py:2905} ERROR - Task failed with exception
Traceback (most recent call last):
  File "/home/airflow/.local/lib/python3.11/site-packages/airflow/models/taskinstance.py", line 465, in _execute_task
    result = _execute_callable(context=context, **execute_callable_kwargs)
             ^^^^^^^^^^^^^^^^^^^^^^^^^^^^^^^^^^^^^^^^^^^^^^^^^^^^^^^^^^^^^
  File "/home/airflow/.local/lib/python3.11/site-packages/airflow/models/taskinstance.py", line 432, in _execute_callable
    return execute_callable(context=context, **execute_callable_kwargs)
           ^^^^^^^^^^^^^^^^^^^^^^^^^^^^^^^^^^^^^^^^^^^^^^^^^^^^^^^^^^^^
  File "/home/airflow/.local/lib/python3.11/site-packages/airflow/models/baseoperator.py", line 401, in wrapper
    return func(self, *args, **kwargs)
           ^^^^^^^^^^^^^^^^^^^^^^^^^^^
  File "/home/airflow/.local/lib/python3.11/site-packages/airflow/operators/python.py", line 235, in execute
    return_value = self.execute_callable()
                   ^^^^^^^^^^^^^^^^^^^^^^^
  File "/home/airflow/.local/lib/python3.11/site-packages/airflow/operators/python.py", line 252, in execute_callable
    return self.python_callable(*self.op_args, **self.op_kwargs)
           ^^^^^^^^^^^^^^^^^^^^^^^^^^^^^^^^^^^^^^^^^^^^^^^^^^^^^
  File "/opt/airflow/dags/scripts/train_q_learning.py", line 62, in run_q_learning
    raise ValueError(f"Not enough data to train Q-learning for {date_str}")
ValueError: Not enough data to train Q-learning for 2024-01-12
[2025-07-31T15:30:28.275+0000] {taskinstance.py:1206} INFO - Marking task as FAILED. dag_id=solar_ai_pipeline_2, task_id=train_rl, run_id=scheduled__2024-01-12T00:00:00+00:00, execution_date=20240112T000000, start_date=20250731T153020, end_date=20250731T153028
[2025-07-31T15:30:28.423+0000] {standard_task_runner.py:110} ERROR - Failed to execute job 3363 for task train_rl (Not enough data to train Q-learning for 2024-01-12; 82886)
[2025-07-31T15:30:28.631+0000] {local_task_job_runner.py:240} INFO - Task exited with return code 1
[2025-07-31T15:30:28.834+0000] {taskinstance.py:3503} INFO - 0 downstream tasks scheduled from follow-on schedule check
[2025-07-31T15:30:28.921+0000] {local_task_job_runner.py:222} INFO - ::endgroup::
