[2025-07-31T16:21:13.398+0000] {local_task_job_runner.py:120} INFO - ::group::Pre task execution logs
[2025-07-31T16:21:13.479+0000] {taskinstance.py:2076} INFO - Dependencies all met for dep_context=non-requeueable deps ti=<TaskInstance: solar_ai_pipeline_2.train_rl scheduled__2024-01-12T00:00:00+00:00 [queued]>
[2025-07-31T16:21:13.506+0000] {taskinstance.py:2076} INFO - Dependencies all met for dep_context=requeueable deps ti=<TaskInstance: solar_ai_pipeline_2.train_rl scheduled__2024-01-12T00:00:00+00:00 [queued]>
[2025-07-31T16:21:13.506+0000] {taskinstance.py:2306} INFO - Starting attempt 3 of 4
[2025-07-31T16:21:13.571+0000] {taskinstance.py:2330} INFO - Executing <Task(PythonOperator): train_rl> on 2024-01-12 00:00:00+00:00
[2025-07-31T16:21:13.576+0000] {standard_task_runner.py:63} INFO - Started process 91098 to run task
[2025-07-31T16:21:13.580+0000] {standard_task_runner.py:90} INFO - Running: ['airflow', 'tasks', 'run', 'solar_ai_pipeline_2', 'train_rl', 'scheduled__2024-01-12T00:00:00+00:00', '--job-id', '3427', '--raw', '--subdir', 'DAGS_FOLDER/prophet_pipeline.py', '--cfg-path', '/tmp/tmpmxgwf1ie']
[2025-07-31T16:21:13.582+0000] {standard_task_runner.py:91} INFO - Job 3427: Subtask train_rl
[2025-07-31T16:21:13.724+0000] {task_command.py:426} INFO - Running <TaskInstance: solar_ai_pipeline_2.train_rl scheduled__2024-01-12T00:00:00+00:00 [running]> on host a2a0dd314bdc
[2025-07-31T16:21:13.972+0000] {taskinstance.py:2648} INFO - Exporting env vars: AIRFLOW_CTX_DAG_OWNER='ensam' AIRFLOW_CTX_DAG_ID='solar_ai_pipeline_2' AIRFLOW_CTX_TASK_ID='train_rl' AIRFLOW_CTX_EXECUTION_DATE='2024-01-12T00:00:00+00:00' AIRFLOW_CTX_TRY_NUMBER='3' AIRFLOW_CTX_DAG_RUN_ID='scheduled__2024-01-12T00:00:00+00:00'
[2025-07-31T16:21:13.973+0000] {taskinstance.py:430} INFO - ::endgroup::
[2025-07-31T16:21:14.675+0000] {logging_mixin.py:188} INFO - [INFO] Starting Q-learning process...
[2025-07-31T16:21:14.784+0000] {logging_mixin.py:188} INFO - [INFO] Loading data files...
[2025-07-31T16:21:15.546+0000] {logging_mixin.py:188} INFO - [INFO] Merged dataset contains 3168 rows
[2025-07-31T16:21:15.555+0000] {logging_mixin.py:188} INFO - [INFO] Loaded existing Q-table
[2025-07-31T16:21:15.568+0000] {logging_mixin.py:188} INFO - [INFO] Starting Q-learning training...
[2025-07-31T16:21:16.182+0000] {logging_mixin.py:188} INFO - [DEBUG] Reward counters snapshot: {'low_temp_low_solar': 916, 'high_temp_high_solar': 181, 'high_flow_low_temp': 129, 'other': 209}
[2025-07-31T16:21:16.183+0000] {logging_mixin.py:188} INFO - [DEBUG] Epoch 0: Total reward = -618.10, Epsilon = 0.9950
[2025-07-31T16:21:48.076+0000] {logging_mixin.py:188} INFO - [DEBUG] Epoch 50: Total reward = 150.40, Epsilon = 0.7744
[2025-07-31T16:22:18.959+0000] {logging_mixin.py:188} INFO - [DEBUG] Epoch 100: Total reward = 667.70, Epsilon = 0.6027
[2025-07-31T16:22:49.360+0000] {logging_mixin.py:188} INFO - [DEBUG] Epoch 150: Total reward = 1074.50, Epsilon = 0.4691
[2025-07-31T16:23:19.747+0000] {logging_mixin.py:188} INFO - [DEBUG] Reward counters snapshot: {'low_temp_low_solar': 184116, 'high_temp_high_solar': 36381, 'high_flow_low_temp': 25929, 'other': 42009}
[2025-07-31T16:23:19.748+0000] {logging_mixin.py:188} INFO - [DEBUG] Epoch 200: Total reward = 1372.10, Epsilon = 0.3651
[2025-07-31T16:23:50.537+0000] {logging_mixin.py:188} INFO - [DEBUG] Epoch 250: Total reward = 1595.60, Epsilon = 0.2842
[2025-07-31T16:24:21.692+0000] {logging_mixin.py:188} INFO - [DEBUG] Epoch 300: Total reward = 1811.70, Epsilon = 0.2212
[2025-07-31T16:24:51.123+0000] {logging_mixin.py:188} INFO - [DEBUG] Epoch 350: Total reward = 1914.20, Epsilon = 0.1721
[2025-07-31T16:25:20.957+0000] {logging_mixin.py:188} INFO - [DEBUG] Reward counters snapshot: {'low_temp_low_solar': 367316, 'high_temp_high_solar': 72581, 'high_flow_low_temp': 51729, 'other': 83809}
[2025-07-31T16:25:20.957+0000] {logging_mixin.py:188} INFO - [DEBUG] Epoch 400: Total reward = 2086.70, Epsilon = 0.1340
[2025-07-31T16:25:50.601+0000] {logging_mixin.py:188} INFO - [DEBUG] Epoch 450: Total reward = 2153.70, Epsilon = 0.1043
[2025-07-31T16:26:20.157+0000] {logging_mixin.py:188} INFO - [DEBUG] Epoch 500: Total reward = 2158.00, Epsilon = 0.1000
[2025-07-31T16:26:49.525+0000] {logging_mixin.py:188} INFO - [DEBUG] Epoch 550: Total reward = 2185.30, Epsilon = 0.1000
[2025-07-31T16:27:19.047+0000] {logging_mixin.py:188} INFO - [DEBUG] Reward counters snapshot: {'low_temp_low_solar': 550516, 'high_temp_high_solar': 108781, 'high_flow_low_temp': 77529, 'other': 125609}
[2025-07-31T16:27:19.048+0000] {logging_mixin.py:188} INFO - [DEBUG] Epoch 600: Total reward = 2140.20, Epsilon = 0.1000
[2025-07-31T16:27:48.174+0000] {logging_mixin.py:188} INFO - [DEBUG] Epoch 650: Total reward = 2178.70, Epsilon = 0.1000
[2025-07-31T16:28:17.804+0000] {logging_mixin.py:188} INFO - [DEBUG] Epoch 700: Total reward = 2156.40, Epsilon = 0.1000
[2025-07-31T16:28:47.163+0000] {logging_mixin.py:188} INFO - [DEBUG] Epoch 750: Total reward = 2206.10, Epsilon = 0.1000
[2025-07-31T16:29:17.879+0000] {logging_mixin.py:188} INFO - [DEBUG] Reward counters snapshot: {'low_temp_low_solar': 733716, 'high_temp_high_solar': 144981, 'high_flow_low_temp': 103329, 'other': 167409}
[2025-07-31T16:29:17.880+0000] {logging_mixin.py:188} INFO - [DEBUG] Epoch 800: Total reward = 2177.50, Epsilon = 0.1000
[2025-07-31T16:29:47.799+0000] {logging_mixin.py:188} INFO - [DEBUG] Epoch 850: Total reward = 2171.00, Epsilon = 0.1000
[2025-07-31T16:30:17.091+0000] {logging_mixin.py:188} INFO - [DEBUG] Epoch 900: Total reward = 2200.60, Epsilon = 0.1000
[2025-07-31T16:30:46.769+0000] {logging_mixin.py:188} INFO - [DEBUG] Epoch 950: Total reward = 2169.40, Epsilon = 0.1000
[2025-07-31T16:31:15.666+0000] {logging_mixin.py:188} INFO - 
[DEBUG] Reward rule trigger counts during training:
[2025-07-31T16:31:15.666+0000] {logging_mixin.py:188} INFO -  - low_temp_low_solar: 916000 times
[2025-07-31T16:31:15.667+0000] {logging_mixin.py:188} INFO -  - high_temp_high_solar: 181000 times
[2025-07-31T16:31:15.667+0000] {logging_mixin.py:188} INFO -  - high_flow_low_temp: 129000 times
[2025-07-31T16:31:15.668+0000] {logging_mixin.py:188} INFO -  - other: 209000 times
[2025-07-31T16:31:15.674+0000] {logging_mixin.py:188} INFO - [INFO] Global Q-table saved (continuous learning)
[2025-07-31T16:31:15.674+0000] {logging_mixin.py:188} INFO - [INFO] Starting policy evaluation on last available day...
[2025-07-31T16:31:15.682+0000] {logging_mixin.py:188} INFO - 
[RESULT] Policy Evaluation on Last Day
[2025-07-31T16:31:15.688+0000] {logging_mixin.py:188} INFO -            datetime  yhat_temp  solar_irradiance  yhat_flow  action  reward
2024-01-10 23:00:00   0.063459          0.000000   0.495334       0     1.0
2024-01-11 00:00:00   0.063025          0.000000   0.402100       0     1.0
2024-01-11 01:00:00   0.085280          0.000000   0.277840       0     1.0
2024-01-11 02:00:00   0.119179          0.000000   0.142878       0     1.0
2024-01-11 03:00:00   0.136872          0.000000   0.048237       0     1.0
2024-01-11 04:00:00   0.125748          0.000000   0.036646       0     1.0
2024-01-11 05:00:00   0.110962          0.000000   0.102252       0     1.0
2024-01-11 06:00:00   0.145164          0.003254   0.188761       0     1.0
2024-01-11 07:00:00   0.271626          0.148493   0.232224       0     1.0
2024-01-11 08:00:00   0.490720          0.452721   0.212772       0     1.0
2024-01-11 09:00:00   0.756001          0.735303   0.169647       0     1.0
2024-01-11 10:00:00   1.000046          0.942342   0.166344       0     1.0
2024-01-11 11:00:00   1.166780          1.000000   0.237408       0     1.0
2024-01-11 12:00:00   1.227101          0.948769   0.363511       0     1.0
2024-01-11 13:00:00   1.174927          0.772156   0.493506       0     1.0
2024-01-11 14:00:00   1.018876          0.507376   0.588860       0     0.1
2024-01-11 15:00:00   0.782984          0.210441   0.648376       0     0.1
2024-01-11 16:00:00   0.512469          0.012783   0.694168       1    -0.1
2024-01-11 17:00:00   0.268623          0.000000   0.738712       1     0.5
2024-01-11 18:00:00   0.105319          0.000000   0.768726       1     0.5
2024-01-11 19:00:00   0.040534          0.000000   0.760687       1     0.5
2024-01-11 20:00:00   0.047299          0.000000   0.708406       1     0.5
2024-01-11 21:00:00   0.075354          0.000000   0.631189       1     0.5
2024-01-11 22:00:00   0.088003          0.000000   0.553348       0     0.0
[2025-07-31T16:31:15.690+0000] {logging_mixin.py:188} INFO - 
[RESULT] Q-learning Q-table (Top non-zero rows):
[2025-07-31T16:31:15.692+0000] {logging_mixin.py:188} INFO -  state  Q_action_0  Q_action_1 best_action
     0    9.053584    6.167972  Q_action_0
     1    0.007320    0.005987  Q_action_0
     2    0.001560    0.001560  Q_action_0
     3    0.000581    0.008662  Q_action_1
     4    0.006011    0.007081  Q_action_1
     5    9.005779    5.829178  Q_action_0
     6    8.406578    5.390677  Q_action_0
     7    8.362344    5.360749  Q_action_0
     8    0.003042    0.005248  Q_action_1
     9    0.004319    0.002912  Q_action_0
    10    9.000647    6.853129  Q_action_0
    11    0.002921    0.003664  Q_action_1
    12    0.004561    0.007852  Q_action_1
    13    0.001997    0.005142  Q_action_1
    14    0.005924    0.000465  Q_action_0
    15    7.639937    8.103994  Q_action_1
    16    0.000651    0.009489  Q_action_1
    17    0.009656    0.008084  Q_action_0
    18    0.003046    0.000977  Q_action_0
    19    0.006842    0.004402  Q_action_0
[2025-07-31T16:31:15.693+0000] {logging_mixin.py:188} INFO - 
[DEBUG] Total states explored: 125 / 125
[2025-07-31T16:31:15.694+0000] {logging_mixin.py:188} INFO - [DEBUG] Best action counts:
[2025-07-31T16:31:15.695+0000] {logging_mixin.py:188} INFO - best_action
Q_action_0    84
Q_action_1    41
Name: count, dtype: int64
[2025-07-31T16:31:15.705+0000] {logging_mixin.py:188} INFO - [INFO] Q-table exported to /opt/airflow/dags/models/q_table_readable_2024-01-12.csv
[2025-07-31T16:31:15.706+0000] {logging_mixin.py:188} INFO - [DEBUG] Q-table stats:
[2025-07-31T16:31:15.706+0000] {logging_mixin.py:188} INFO - Mean Q-value for action 0: 3.5838
[2025-07-31T16:31:15.706+0000] {logging_mixin.py:188} INFO - Mean Q-value for action 1: 2.7083
[2025-07-31T16:31:15.973+0000] {logging_mixin.py:188} INFO - [DEBUG] Unique states in data: 58 / 125
[2025-07-31T16:31:16.261+0000] {logging_mixin.py:188} INFO - [DEBUG] Top 5 most frequent states: [(20, 458), (0, 423), (5, 342), (15, 323), (10, 171)]
[2025-07-31T16:31:16.270+0000] {logging_mixin.py:188} INFO -          yhat_temp  solar_irradiance    yhat_flow
count  3168.000000       3168.000000  3168.000000
mean      0.391403          0.268472     0.487731
std       0.381193          0.361022     0.248508
min      -0.020713          0.000000     0.036646
25%       0.096791          0.000000     0.267370
50%       0.162570          0.004376     0.467351
75%       0.724747          0.570088     0.731377
max       1.243242          1.000000     0.908063
[2025-07-31T16:31:16.662+0000] {python.py:237} INFO - Done. Returned value was: None
[2025-07-31T16:31:16.663+0000] {taskinstance.py:441} INFO - ::group::Post task execution logs
[2025-07-31T16:31:16.680+0000] {taskinstance.py:1206} INFO - Marking task as SUCCESS. dag_id=solar_ai_pipeline_2, task_id=train_rl, run_id=scheduled__2024-01-12T00:00:00+00:00, execution_date=20240112T000000, start_date=20250731T162113, end_date=20250731T163116
[2025-07-31T16:31:16.784+0000] {local_task_job_runner.py:240} INFO - Task exited with return code 0
[2025-07-31T16:31:16.830+0000] {taskinstance.py:3503} INFO - 1 downstream tasks scheduled from follow-on schedule check
[2025-07-31T16:31:16.870+0000] {local_task_job_runner.py:222} INFO - ::endgroup::
