[2025-07-31T15:58:25.047+0000] {local_task_job_runner.py:120} INFO - ::group::Pre task execution logs
[2025-07-31T15:58:25.160+0000] {taskinstance.py:2076} INFO - Dependencies all met for dep_context=non-requeueable deps ti=<TaskInstance: solar_ai_pipeline_2.decide backfill__2024-01-03T00:00:00+00:00 [queued]>
[2025-07-31T15:58:25.202+0000] {taskinstance.py:2076} INFO - Dependencies all met for dep_context=requeueable deps ti=<TaskInstance: solar_ai_pipeline_2.decide backfill__2024-01-03T00:00:00+00:00 [queued]>
[2025-07-31T15:58:25.207+0000] {taskinstance.py:2306} INFO - Starting attempt 1 of 2
[2025-07-31T15:58:25.273+0000] {taskinstance.py:2330} INFO - Executing <Task(PythonOperator): decide> on 2024-01-03 00:00:00+00:00
[2025-07-31T15:58:25.281+0000] {standard_task_runner.py:63} INFO - Started process 88950 to run task
[2025-07-31T15:58:25.286+0000] {standard_task_runner.py:90} INFO - Running: ['airflow', 'tasks', 'run', 'solar_ai_pipeline_2', 'decide', 'backfill__2024-01-03T00:00:00+00:00', '--job-id', '3411', '--pool', 'default_pool', '--raw', '--subdir', 'DAGS_FOLDER/prophet_pipeline.py', '--cfg-path', '/tmp/tmp6nc9jjit']
[2025-07-31T15:58:25.289+0000] {standard_task_runner.py:91} INFO - Job 3411: Subtask decide
[2025-07-31T15:58:25.454+0000] {task_command.py:426} INFO - Running <TaskInstance: solar_ai_pipeline_2.decide backfill__2024-01-03T00:00:00+00:00 [running]> on host a2a0dd314bdc
[2025-07-31T15:58:25.744+0000] {taskinstance.py:2648} INFO - Exporting env vars: AIRFLOW_CTX_DAG_OWNER='ensam' AIRFLOW_CTX_DAG_ID='solar_ai_pipeline_2' AIRFLOW_CTX_TASK_ID='decide' AIRFLOW_CTX_EXECUTION_DATE='2024-01-03T00:00:00+00:00' AIRFLOW_CTX_TRY_NUMBER='1' AIRFLOW_CTX_DAG_RUN_ID='backfill__2024-01-03T00:00:00+00:00'
[2025-07-31T15:58:25.746+0000] {taskinstance.py:430} INFO - ::endgroup::
[2025-07-31T15:58:26.527+0000] {logging_mixin.py:188} INFO - [INFO] Starting decision-making process...
[2025-07-31T15:58:26.552+0000] {logging_mixin.py:188} INFO - 📥 [INFO] Loading data...
[2025-07-31T15:58:26.652+0000] {logging_mixin.py:188} INFO - [INFO] 2024-01-02 23:00:00 → Ne pas chauffer (solaire ou inutilisé) | Temp: 0.06°C, Débit: 0.6452 m³/s, Irrad: 0.00 W/m²
[2025-07-31T15:58:26.655+0000] {logging_mixin.py:188} INFO - [INFO] 2024-01-03 00:00:00 → Ne pas chauffer (solaire ou inutilisé) | Temp: 0.07°C, Débit: 0.5540 m³/s, Irrad: 0.00 W/m²
[2025-07-31T15:58:26.659+0000] {logging_mixin.py:188} INFO - [INFO] 2024-01-03 01:00:00 → Ne pas chauffer (solaire ou inutilisé) | Temp: 0.09°C, Débit: 0.4344 m³/s, Irrad: 0.00 W/m²
[2025-07-31T15:58:26.660+0000] {logging_mixin.py:188} INFO - [INFO] 2024-01-03 02:00:00 → Ne pas chauffer (solaire ou inutilisé) | Temp: 0.13°C, Débit: 0.3036 m³/s, Irrad: 0.00 W/m²
[2025-07-31T15:58:26.661+0000] {logging_mixin.py:188} INFO - [INFO] 2024-01-03 03:00:00 → Ne pas chauffer (solaire ou inutilisé) | Temp: 0.15°C, Débit: 0.2097 m³/s, Irrad: 0.00 W/m²
[2025-07-31T15:58:26.662+0000] {logging_mixin.py:188} INFO - [INFO] 2024-01-03 04:00:00 → Ne pas chauffer (solaire ou inutilisé) | Temp: 0.14°C, Débit: 0.1955 m³/s, Irrad: 0.00 W/m²
[2025-07-31T15:58:26.663+0000] {logging_mixin.py:188} INFO - [INFO] 2024-01-03 05:00:00 → Ne pas chauffer (solaire ou inutilisé) | Temp: 0.12°C, Débit: 0.2588 m³/s, Irrad: 0.00 W/m²
[2025-07-31T15:58:26.664+0000] {logging_mixin.py:188} INFO - [INFO] 2024-01-03 06:00:00 → Ne pas chauffer (solaire ou inutilisé) | Temp: 0.15°C, Débit: 0.3472 m³/s, Irrad: 0.00 W/m²
[2025-07-31T15:58:26.665+0000] {logging_mixin.py:188} INFO - [INFO] 2024-01-03 07:00:00 → Ne pas chauffer (solaire ou inutilisé) | Temp: 0.28°C, Débit: 0.3974 m³/s, Irrad: 0.13 W/m²
[2025-07-31T15:58:26.666+0000] {logging_mixin.py:188} INFO - [INFO] 2024-01-03 08:00:00 → Ne pas chauffer (solaire ou inutilisé) | Temp: 0.51°C, Débit: 0.3860 m³/s, Irrad: 0.43 W/m²
[2025-07-31T15:58:26.668+0000] {logging_mixin.py:188} INFO - [INFO] 2024-01-03 09:00:00 → Ne pas chauffer (solaire ou inutilisé) | Temp: 0.79°C, Débit: 0.3477 m³/s, Irrad: 0.72 W/m²
[2025-07-31T15:58:26.670+0000] {logging_mixin.py:188} INFO - [INFO] 2024-01-03 10:00:00 → Ne pas chauffer (solaire ou inutilisé) | Temp: 1.04°C, Débit: 0.3440 m³/s, Irrad: 0.92 W/m²
[2025-07-31T15:58:26.671+0000] {logging_mixin.py:188} INFO - [INFO] 2024-01-03 11:00:00 → Ne pas chauffer (solaire ou inutilisé) | Temp: 1.22°C, Débit: 0.4119 m³/s, Irrad: 1.00 W/m²
[2025-07-31T15:58:26.672+0000] {logging_mixin.py:188} INFO - [INFO] 2024-01-03 12:00:00 → Ne pas chauffer (solaire ou inutilisé) | Temp: 1.29°C, Débit: 0.5361 m³/s, Irrad: 0.94 W/m²
[2025-07-31T15:58:26.674+0000] {logging_mixin.py:188} INFO - [INFO] 2024-01-03 13:00:00 → Ne pas chauffer (solaire ou inutilisé) | Temp: 1.23°C, Débit: 0.6673 m³/s, Irrad: 0.76 W/m²
[2025-07-31T15:58:26.676+0000] {logging_mixin.py:188} INFO - [INFO] 2024-01-03 14:00:00 → Ne pas chauffer (solaire ou inutilisé) | Temp: 1.06°C, Débit: 0.7656 m³/s, Irrad: 0.49 W/m²
[2025-07-31T15:58:26.682+0000] {logging_mixin.py:188} INFO - [INFO] 2024-01-03 15:00:00 → Chauffer (résistance activée) | Temp: 0.81°C, Débit: 0.8270 m³/s, Irrad: 0.19 W/m²
[2025-07-31T15:58:26.683+0000] {logging_mixin.py:188} INFO - [INFO] 2024-01-03 16:00:00 → Ne pas chauffer (solaire ou inutilisé) | Temp: 0.52°C, Débit: 0.8723 m³/s, Irrad: 0.01 W/m²
[2025-07-31T15:58:26.687+0000] {logging_mixin.py:188} INFO - [INFO] 2024-01-03 17:00:00 → Chauffer (résistance activée) | Temp: 0.26°C, Débit: 0.9156 m³/s, Irrad: 0.00 W/m²
[2025-07-31T15:58:26.690+0000] {logging_mixin.py:188} INFO - [INFO] 2024-01-03 18:00:00 → Chauffer (résistance activée) | Temp: 0.09°C, Débit: 0.9460 m³/s, Irrad: 0.00 W/m²
[2025-07-31T15:58:26.694+0000] {logging_mixin.py:188} INFO - [INFO] 2024-01-03 19:00:00 → Chauffer (résistance activée) | Temp: 0.02°C, Débit: 0.9403 m³/s, Irrad: 0.00 W/m²
[2025-07-31T15:58:26.698+0000] {logging_mixin.py:188} INFO - [INFO] 2024-01-03 20:00:00 → Chauffer (résistance activée) | Temp: 0.03°C, Débit: 0.8905 m³/s, Irrad: 0.00 W/m²
[2025-07-31T15:58:26.699+0000] {logging_mixin.py:188} INFO - [INFO] 2024-01-03 21:00:00 → Chauffer (résistance activée) | Temp: 0.06°C, Débit: 0.8134 m³/s, Irrad: 0.00 W/m²
[2025-07-31T15:58:26.702+0000] {logging_mixin.py:188} INFO - [INFO] 2024-01-03 22:00:00 → Ne pas chauffer (solaire ou inutilisé) | Temp: 0.07°C, Débit: 0.7332 m³/s, Irrad: 0.00 W/m²
[2025-07-31T15:58:26.734+0000] {logging_mixin.py:188} INFO - [INFO] All hourly decisions saved to /opt/airflow/dags/logs/decision_2024-01-03.csv
[2025-07-31T15:58:26.897+0000] {python.py:237} INFO - Done. Returned value was: [{'datetime': '2024-01-02 23:00:00', 'temp': 0.06, 'flow': 0.6452, 'irradiance': 0.0, 'action': 0, 'text': 'Ne pas chauffer (solaire ou inutilisé)'}, {'datetime': '2024-01-03 00:00:00', 'temp': 0.07, 'flow': 0.554, 'irradiance': 0.0, 'action': 0, 'text': 'Ne pas chauffer (solaire ou inutilisé)'}, {'datetime': '2024-01-03 01:00:00', 'temp': 0.09, 'flow': 0.4344, 'irradiance': 0.0, 'action': 0, 'text': 'Ne pas chauffer (solaire ou inutilisé)'}, {'datetime': '2024-01-03 02:00:00', 'temp': 0.13, 'flow': 0.3036, 'irradiance': 0.0, 'action': 0, 'text': 'Ne pas chauffer (solaire ou inutilisé)'}, {'datetime': '2024-01-03 03:00:00', 'temp': 0.15, 'flow': 0.2097, 'irradiance': 0.0, 'action': 0, 'text': 'Ne pas chauffer (solaire ou inutilisé)'}, {'datetime': '2024-01-03 04:00:00', 'temp': 0.14, 'flow': 0.1955, 'irradiance': 0.0, 'action': 0, 'text': 'Ne pas chauffer (solaire ou inutilisé)'}, {'datetime': '2024-01-03 05:00:00', 'temp': 0.12, 'flow': 0.2588, 'irradiance': 0.0, 'action': 0, 'text': 'Ne pas chauffer (solaire ou inutilisé)'}, {'datetime': '2024-01-03 06:00:00', 'temp': 0.15, 'flow': 0.3472, 'irradiance': 0.0, 'action': 0, 'text': 'Ne pas chauffer (solaire ou inutilisé)'}, {'datetime': '2024-01-03 07:00:00', 'temp': 0.28, 'flow': 0.3974, 'irradiance': 0.13, 'action': 0, 'text': 'Ne pas chauffer (solaire ou inutilisé)'}, {'datetime': '2024-01-03 08:00:00', 'temp': 0.51, 'flow': 0.386, 'irradiance': 0.43, 'action': 0, 'text': 'Ne pas chauffer (solaire ou inutilisé)'}, {'datetime': '2024-01-03 09:00:00', 'temp': 0.79, 'flow': 0.3477, 'irradiance': 0.72, 'action': 0, 'text': 'Ne pas chauffer (solaire ou inutilisé)'}, {'datetime': '2024-01-03 10:00:00', 'temp': 1.04, 'flow': 0.344, 'irradiance': 0.92, 'action': 0, 'text': 'Ne pas chauffer (solaire ou inutilisé)'}, {'datetime': '2024-01-03 11:00:00', 'temp': 1.22, 'flow': 0.4119, 'irradiance': 1.0, 'action': 0, 'text': 'Ne pas chauffer (solaire ou inutilisé)'}, {'datetime': '2024-01-03 12:00:00', 'temp': 1.29, 'flow': 0.5361, 'irradiance': 0.94, 'action': 0, 'text': 'Ne pas chauffer (solaire ou inutilisé)'}, {'datetime': '2024-01-03 13:00:00', 'temp': 1.23, 'flow': 0.6673, 'irradiance': 0.76, 'action': 0, 'text': 'Ne pas chauffer (solaire ou inutilisé)'}, {'datetime': '2024-01-03 14:00:00', 'temp': 1.06, 'flow': 0.7656, 'irradiance': 0.49, 'action': 0, 'text': 'Ne pas chauffer (solaire ou inutilisé)'}, {'datetime': '2024-01-03 15:00:00', 'temp': 0.81, 'flow': 0.827, 'irradiance': 0.19, 'action': 1, 'text': 'Chauffer (résistance activée)'}, {'datetime': '2024-01-03 16:00:00', 'temp': 0.52, 'flow': 0.8723, 'irradiance': 0.01, 'action': 0, 'text': 'Ne pas chauffer (solaire ou inutilisé)'}, {'datetime': '2024-01-03 17:00:00', 'temp': 0.26, 'flow': 0.9156, 'irradiance': 0.0, 'action': 1, 'text': 'Chauffer (résistance activée)'}, {'datetime': '2024-01-03 18:00:00', 'temp': 0.09, 'flow': 0.946, 'irradiance': 0.0, 'action': 1, 'text': 'Chauffer (résistance activée)'}, {'datetime': '2024-01-03 19:00:00', 'temp': 0.02, 'flow': 0.9403, 'irradiance': 0.0, 'action': 1, 'text': 'Chauffer (résistance activée)'}, {'datetime': '2024-01-03 20:00:00', 'temp': 0.03, 'flow': 0.8905, 'irradiance': 0.0, 'action': 1, 'text': 'Chauffer (résistance activée)'}, {'datetime': '2024-01-03 21:00:00', 'temp': 0.06, 'flow': 0.8134, 'irradiance': 0.0, 'action': 1, 'text': 'Chauffer (résistance activée)'}, {'datetime': '2024-01-03 22:00:00', 'temp': 0.07, 'flow': 0.7332, 'irradiance': 0.0, 'action': 0, 'text': 'Ne pas chauffer (solaire ou inutilisé)'}]
[2025-07-31T15:58:26.898+0000] {taskinstance.py:441} INFO - ::group::Post task execution logs
[2025-07-31T15:58:27.063+0000] {taskinstance.py:1206} INFO - Marking task as SUCCESS. dag_id=solar_ai_pipeline_2, task_id=decide, run_id=backfill__2024-01-03T00:00:00+00:00, execution_date=20240103T000000, start_date=20250731T155825, end_date=20250731T155827
[2025-07-31T15:58:27.446+0000] {local_task_job_runner.py:240} INFO - Task exited with return code 0
[2025-07-31T15:58:27.572+0000] {taskinstance.py:3503} INFO - 0 downstream tasks scheduled from follow-on schedule check
[2025-07-31T15:58:27.623+0000] {local_task_job_runner.py:222} INFO - ::endgroup::
