[2025-07-29T15:25:51.494+0000] {local_task_job_runner.py:120} INFO - ::group::Pre task execution logs
[2025-07-29T15:25:51.541+0000] {taskinstance.py:2076} INFO - Dependencies all met for dep_context=non-requeueable deps ti=<TaskInstance: solar_ai_pipeline_2.fetch_data scheduled__2023-01-18T00:00:00+00:00 [queued]>
[2025-07-29T15:25:51.560+0000] {taskinstance.py:2076} INFO - Dependencies all met for dep_context=requeueable deps ti=<TaskInstance: solar_ai_pipeline_2.fetch_data scheduled__2023-01-18T00:00:00+00:00 [queued]>
[2025-07-29T15:25:51.561+0000] {taskinstance.py:2306} INFO - Starting attempt 1 of 2
[2025-07-29T15:25:51.628+0000] {taskinstance.py:2330} INFO - Executing <Task(PythonOperator): fetch_data> on 2023-01-18 00:00:00+00:00
[2025-07-29T15:25:51.640+0000] {standard_task_runner.py:63} INFO - Started process 1338 to run task
[2025-07-29T15:25:51.648+0000] {standard_task_runner.py:90} INFO - Running: ['airflow', 'tasks', 'run', 'solar_ai_pipeline_2', 'fetch_data', 'scheduled__2023-01-18T00:00:00+00:00', '--job-id', '1348', '--raw', '--subdir', 'DAGS_FOLDER/prophet_pipeline.py', '--cfg-path', '/tmp/tmptftdli4s']
[2025-07-29T15:25:51.654+0000] {standard_task_runner.py:91} INFO - Job 1348: Subtask fetch_data
[2025-07-29T15:25:51.905+0000] {task_command.py:426} INFO - Running <TaskInstance: solar_ai_pipeline_2.fetch_data scheduled__2023-01-18T00:00:00+00:00 [running]> on host 4c586ddbbbe9
[2025-07-29T15:25:52.286+0000] {taskinstance.py:2648} INFO - Exporting env vars: AIRFLOW_CTX_DAG_OWNER='ensam' AIRFLOW_CTX_DAG_ID='solar_ai_pipeline_2' AIRFLOW_CTX_TASK_ID='fetch_data' AIRFLOW_CTX_EXECUTION_DATE='2023-01-18T00:00:00+00:00' AIRFLOW_CTX_TRY_NUMBER='1' AIRFLOW_CTX_DAG_RUN_ID='scheduled__2023-01-18T00:00:00+00:00'
[2025-07-29T15:25:52.289+0000] {taskinstance.py:430} INFO - ::endgroup::
[2025-07-29T15:26:03.135+0000] {logging_mixin.py:188} INFO - Données simulées pour 2023-01-18 sauvegardées dans dags/data/processed/simulated_solar_heating_2023-01-18.csv
[2025-07-29T15:26:03.145+0000] {logging_mixin.py:188} INFO - count     24.000000
mean      48.754433
std       72.369323
min        0.000000
25%        0.000000
50%        0.000000
75%      100.121125
max      206.010000
Name: solar_irradiance, dtype: float64
[2025-07-29T15:26:03.147+0000] {logging_mixin.py:188} INFO - 2023-01-18 00:00:00+01:00 → Altitude: -64.27
[2025-07-29T15:26:03.148+0000] {logging_mixin.py:188} INFO - NASA GHI response keys: ['2023011800', '2023011801', '2023011802', '2023011803', '2023011804', '2023011805', '2023011806', '2023011807', '2023011808', '2023011809', '2023011810', '2023011811', '2023011812', '2023011813', '2023011814', '2023011815', '2023011816', '2023011817', '2023011818', '2023011819', '2023011820', '2023011821', '2023011822', '2023011823']
[2025-07-29T15:26:03.149+0000] {logging_mixin.py:188} INFO - 2023-01-18 01:00:00+01:00 → Altitude: -74.25
[2025-07-29T15:26:03.150+0000] {logging_mixin.py:188} INFO - NASA GHI response keys: ['2023011800', '2023011801', '2023011802', '2023011803', '2023011804', '2023011805', '2023011806', '2023011807', '2023011808', '2023011809', '2023011810', '2023011811', '2023011812', '2023011813', '2023011814', '2023011815', '2023011816', '2023011817', '2023011818', '2023011819', '2023011820', '2023011821', '2023011822', '2023011823']
[2025-07-29T15:26:03.151+0000] {logging_mixin.py:188} INFO - 2023-01-18 02:00:00+01:00 → Altitude: -76.36
[2025-07-29T15:26:03.152+0000] {logging_mixin.py:188} INFO - NASA GHI response keys: ['2023011800', '2023011801', '2023011802', '2023011803', '2023011804', '2023011805', '2023011806', '2023011807', '2023011808', '2023011809', '2023011810', '2023011811', '2023011812', '2023011813', '2023011814', '2023011815', '2023011816', '2023011817', '2023011818', '2023011819', '2023011820', '2023011821', '2023011822', '2023011823']
[2025-07-29T15:26:03.154+0000] {logging_mixin.py:188} INFO - 2023-01-18 03:00:00+01:00 → Altitude: -68.15
[2025-07-29T15:26:03.155+0000] {logging_mixin.py:188} INFO - NASA GHI response keys: ['2023011800', '2023011801', '2023011802', '2023011803', '2023011804', '2023011805', '2023011806', '2023011807', '2023011808', '2023011809', '2023011810', '2023011811', '2023011812', '2023011813', '2023011814', '2023011815', '2023011816', '2023011817', '2023011818', '2023011819', '2023011820', '2023011821', '2023011822', '2023011823']
[2025-07-29T15:26:03.156+0000] {logging_mixin.py:188} INFO - 2023-01-18 04:00:00+01:00 → Altitude: -56.57
[2025-07-29T15:26:03.157+0000] {logging_mixin.py:188} INFO - NASA GHI response keys: ['2023011800', '2023011801', '2023011802', '2023011803', '2023011804', '2023011805', '2023011806', '2023011807', '2023011808', '2023011809', '2023011810', '2023011811', '2023011812', '2023011813', '2023011814', '2023011815', '2023011816', '2023011817', '2023011818', '2023011819', '2023011820', '2023011821', '2023011822', '2023011823']
[2025-07-29T15:26:03.158+0000] {logging_mixin.py:188} INFO - 2023-01-18 05:00:00+01:00 → Altitude: -44.21
[2025-07-29T15:26:03.159+0000] {logging_mixin.py:188} INFO - NASA GHI response keys: ['2023011800', '2023011801', '2023011802', '2023011803', '2023011804', '2023011805', '2023011806', '2023011807', '2023011808', '2023011809', '2023011810', '2023011811', '2023011812', '2023011813', '2023011814', '2023011815', '2023011816', '2023011817', '2023011818', '2023011819', '2023011820', '2023011821', '2023011822', '2023011823']
[2025-07-29T15:26:03.160+0000] {logging_mixin.py:188} INFO - 2023-01-18 06:00:00+01:00 → Altitude: -31.72
[2025-07-29T15:26:03.162+0000] {logging_mixin.py:188} INFO - NASA GHI response keys: ['2023011800', '2023011801', '2023011802', '2023011803', '2023011804', '2023011805', '2023011806', '2023011807', '2023011808', '2023011809', '2023011810', '2023011811', '2023011812', '2023011813', '2023011814', '2023011815', '2023011816', '2023011817', '2023011818', '2023011819', '2023011820', '2023011821', '2023011822', '2023011823']
[2025-07-29T15:26:03.163+0000] {logging_mixin.py:188} INFO - 2023-01-18 07:00:00+01:00 → Altitude: -19.37
[2025-07-29T15:26:03.164+0000] {logging_mixin.py:188} INFO - NASA GHI response keys: ['2023011800', '2023011801', '2023011802', '2023011803', '2023011804', '2023011805', '2023011806', '2023011807', '2023011808', '2023011809', '2023011810', '2023011811', '2023011812', '2023011813', '2023011814', '2023011815', '2023011816', '2023011817', '2023011818', '2023011819', '2023011820', '2023011821', '2023011822', '2023011823']
[2025-07-29T15:26:03.165+0000] {logging_mixin.py:188} INFO - 2023-01-18 08:00:00+01:00 → Altitude: -7.34
[2025-07-29T15:26:03.166+0000] {logging_mixin.py:188} INFO - NASA GHI response keys: ['2023011800', '2023011801', '2023011802', '2023011803', '2023011804', '2023011805', '2023011806', '2023011807', '2023011808', '2023011809', '2023011810', '2023011811', '2023011812', '2023011813', '2023011814', '2023011815', '2023011816', '2023011817', '2023011818', '2023011819', '2023011820', '2023011821', '2023011822', '2023011823']
[2025-07-29T15:26:03.168+0000] {logging_mixin.py:188} INFO - 2023-01-18 09:00:00+01:00 → Altitude: 4.23
[2025-07-29T15:26:03.169+0000] {logging_mixin.py:188} INFO - NASA GHI response keys: ['2023011800', '2023011801', '2023011802', '2023011803', '2023011804', '2023011805', '2023011806', '2023011807', '2023011808', '2023011809', '2023011810', '2023011811', '2023011812', '2023011813', '2023011814', '2023011815', '2023011816', '2023011817', '2023011818', '2023011819', '2023011820', '2023011821', '2023011822', '2023011823']
[2025-07-29T15:26:03.170+0000] {logging_mixin.py:188} INFO - 2023-01-18 10:00:00+01:00 → Altitude: 14.62
[2025-07-29T15:26:03.171+0000] {logging_mixin.py:188} INFO - NASA GHI response keys: ['2023011800', '2023011801', '2023011802', '2023011803', '2023011804', '2023011805', '2023011806', '2023011807', '2023011808', '2023011809', '2023011810', '2023011811', '2023011812', '2023011813', '2023011814', '2023011815', '2023011816', '2023011817', '2023011818', '2023011819', '2023011820', '2023011821', '2023011822', '2023011823']
[2025-07-29T15:26:03.172+0000] {logging_mixin.py:188} INFO - 2023-01-18 11:00:00+01:00 → Altitude: 23.74
[2025-07-29T15:26:03.173+0000] {logging_mixin.py:188} INFO - NASA GHI response keys: ['2023011800', '2023011801', '2023011802', '2023011803', '2023011804', '2023011805', '2023011806', '2023011807', '2023011808', '2023011809', '2023011810', '2023011811', '2023011812', '2023011813', '2023011814', '2023011815', '2023011816', '2023011817', '2023011818', '2023011819', '2023011820', '2023011821', '2023011822', '2023011823']
[2025-07-29T15:26:03.175+0000] {logging_mixin.py:188} INFO - 2023-01-18 12:00:00+01:00 → Altitude: 30.83
[2025-07-29T15:26:03.176+0000] {logging_mixin.py:188} INFO - NASA GHI response keys: ['2023011800', '2023011801', '2023011802', '2023011803', '2023011804', '2023011805', '2023011806', '2023011807', '2023011808', '2023011809', '2023011810', '2023011811', '2023011812', '2023011813', '2023011814', '2023011815', '2023011816', '2023011817', '2023011818', '2023011819', '2023011820', '2023011821', '2023011822', '2023011823']
[2025-07-29T15:26:03.177+0000] {logging_mixin.py:188} INFO - 2023-01-18 13:00:00+01:00 → Altitude: 35.05
[2025-07-29T15:26:03.178+0000] {logging_mixin.py:188} INFO - NASA GHI response keys: ['2023011800', '2023011801', '2023011802', '2023011803', '2023011804', '2023011805', '2023011806', '2023011807', '2023011808', '2023011809', '2023011810', '2023011811', '2023011812', '2023011813', '2023011814', '2023011815', '2023011816', '2023011817', '2023011818', '2023011819', '2023011820', '2023011821', '2023011822', '2023011823']
[2025-07-29T15:26:03.180+0000] {logging_mixin.py:188} INFO - 2023-01-18 14:00:00+01:00 → Altitude: 35.73
[2025-07-29T15:26:03.181+0000] {logging_mixin.py:188} INFO - NASA GHI response keys: ['2023011800', '2023011801', '2023011802', '2023011803', '2023011804', '2023011805', '2023011806', '2023011807', '2023011808', '2023011809', '2023011810', '2023011811', '2023011812', '2023011813', '2023011814', '2023011815', '2023011816', '2023011817', '2023011818', '2023011819', '2023011820', '2023011821', '2023011822', '2023011823']
[2025-07-29T15:26:03.182+0000] {logging_mixin.py:188} INFO - 2023-01-18 15:00:00+01:00 → Altitude: 32.73
[2025-07-29T15:26:03.183+0000] {logging_mixin.py:188} INFO - NASA GHI response keys: ['2023011800', '2023011801', '2023011802', '2023011803', '2023011804', '2023011805', '2023011806', '2023011807', '2023011808', '2023011809', '2023011810', '2023011811', '2023011812', '2023011813', '2023011814', '2023011815', '2023011816', '2023011817', '2023011818', '2023011819', '2023011820', '2023011821', '2023011822', '2023011823']
[2025-07-29T15:26:03.184+0000] {logging_mixin.py:188} INFO - 2023-01-18 16:00:00+01:00 → Altitude: 26.58
[2025-07-29T15:26:03.185+0000] {logging_mixin.py:188} INFO - NASA GHI response keys: ['2023011800', '2023011801', '2023011802', '2023011803', '2023011804', '2023011805', '2023011806', '2023011807', '2023011808', '2023011809', '2023011810', '2023011811', '2023011812', '2023011813', '2023011814', '2023011815', '2023011816', '2023011817', '2023011818', '2023011819', '2023011820', '2023011821', '2023011822', '2023011823']
[2025-07-29T15:26:03.187+0000] {logging_mixin.py:188} INFO - 2023-01-18 17:00:00+01:00 → Altitude: 18.10
[2025-07-29T15:26:03.188+0000] {logging_mixin.py:188} INFO - NASA GHI response keys: ['2023011800', '2023011801', '2023011802', '2023011803', '2023011804', '2023011805', '2023011806', '2023011807', '2023011808', '2023011809', '2023011810', '2023011811', '2023011812', '2023011813', '2023011814', '2023011815', '2023011816', '2023011817', '2023011818', '2023011819', '2023011820', '2023011821', '2023011822', '2023011823']
[2025-07-29T15:26:03.189+0000] {logging_mixin.py:188} INFO - 2023-01-18 18:00:00+01:00 → Altitude: 8.07
[2025-07-29T15:26:03.190+0000] {logging_mixin.py:188} INFO - NASA GHI response keys: ['2023011800', '2023011801', '2023011802', '2023011803', '2023011804', '2023011805', '2023011806', '2023011807', '2023011808', '2023011809', '2023011810', '2023011811', '2023011812', '2023011813', '2023011814', '2023011815', '2023011816', '2023011817', '2023011818', '2023011819', '2023011820', '2023011821', '2023011822', '2023011823']
[2025-07-29T15:26:03.191+0000] {logging_mixin.py:188} INFO - 2023-01-18 19:00:00+01:00 → Altitude: -3.07
[2025-07-29T15:26:03.192+0000] {logging_mixin.py:188} INFO - NASA GHI response keys: ['2023011800', '2023011801', '2023011802', '2023011803', '2023011804', '2023011805', '2023011806', '2023011807', '2023011808', '2023011809', '2023011810', '2023011811', '2023011812', '2023011813', '2023011814', '2023011815', '2023011816', '2023011817', '2023011818', '2023011819', '2023011820', '2023011821', '2023011822', '2023011823']
[2025-07-29T15:26:03.194+0000] {logging_mixin.py:188} INFO - 2023-01-18 20:00:00+01:00 → Altitude: -14.98
[2025-07-29T15:26:03.195+0000] {logging_mixin.py:188} INFO - NASA GHI response keys: ['2023011800', '2023011801', '2023011802', '2023011803', '2023011804', '2023011805', '2023011806', '2023011807', '2023011808', '2023011809', '2023011810', '2023011811', '2023011812', '2023011813', '2023011814', '2023011815', '2023011816', '2023011817', '2023011818', '2023011819', '2023011820', '2023011821', '2023011822', '2023011823']
[2025-07-29T15:26:03.196+0000] {logging_mixin.py:188} INFO - 2023-01-18 21:00:00+01:00 → Altitude: -27.23
[2025-07-29T15:26:03.197+0000] {logging_mixin.py:188} INFO - NASA GHI response keys: ['2023011800', '2023011801', '2023011802', '2023011803', '2023011804', '2023011805', '2023011806', '2023011807', '2023011808', '2023011809', '2023011810', '2023011811', '2023011812', '2023011813', '2023011814', '2023011815', '2023011816', '2023011817', '2023011818', '2023011819', '2023011820', '2023011821', '2023011822', '2023011823']
[2025-07-29T15:26:03.198+0000] {logging_mixin.py:188} INFO - 2023-01-18 22:00:00+01:00 → Altitude: -39.69
[2025-07-29T15:26:03.199+0000] {logging_mixin.py:188} INFO - NASA GHI response keys: ['2023011800', '2023011801', '2023011802', '2023011803', '2023011804', '2023011805', '2023011806', '2023011807', '2023011808', '2023011809', '2023011810', '2023011811', '2023011812', '2023011813', '2023011814', '2023011815', '2023011816', '2023011817', '2023011818', '2023011819', '2023011820', '2023011821', '2023011822', '2023011823']
[2025-07-29T15:26:03.201+0000] {logging_mixin.py:188} INFO - 2023-01-18 23:00:00+01:00 → Altitude: -52.13
[2025-07-29T15:26:03.202+0000] {logging_mixin.py:188} INFO - NASA GHI response keys: ['2023011800', '2023011801', '2023011802', '2023011803', '2023011804', '2023011805', '2023011806', '2023011807', '2023011808', '2023011809', '2023011810', '2023011811', '2023011812', '2023011813', '2023011814', '2023011815', '2023011816', '2023011817', '2023011818', '2023011819', '2023011820', '2023011821', '2023011822', '2023011823']
[2025-07-29T15:26:03.205+0000] {python.py:237} INFO - Done. Returned value was: None
[2025-07-29T15:26:03.207+0000] {taskinstance.py:441} INFO - ::group::Post task execution logs
[2025-07-29T15:26:03.244+0000] {taskinstance.py:1206} INFO - Marking task as SUCCESS. dag_id=solar_ai_pipeline_2, task_id=fetch_data, run_id=scheduled__2023-01-18T00:00:00+00:00, execution_date=20230118T000000, start_date=20250729T152551, end_date=20250729T152603
[2025-07-29T15:26:03.402+0000] {local_task_job_runner.py:240} INFO - Task exited with return code 0
[2025-07-29T15:26:03.515+0000] {taskinstance.py:3503} INFO - 1 downstream tasks scheduled from follow-on schedule check
[2025-07-29T15:26:03.564+0000] {local_task_job_runner.py:222} INFO - ::endgroup::
