[2025-07-29T14:16:53.561+0000] {local_task_job_runner.py:120} INFO - ::group::Pre task execution logs
[2025-07-29T14:16:53.594+0000] {taskinstance.py:2076} INFO - Dependencies all met for dep_context=non-requeueable deps ti=<TaskInstance: solar_ai_pipeline_2.fetch_data scheduled__2023-01-06T00:00:00+00:00 [queued]>
[2025-07-29T14:16:53.608+0000] {taskinstance.py:2076} INFO - Dependencies all met for dep_context=requeueable deps ti=<TaskInstance: solar_ai_pipeline_2.fetch_data scheduled__2023-01-06T00:00:00+00:00 [queued]>
[2025-07-29T14:16:53.608+0000] {taskinstance.py:2306} INFO - Starting attempt 1 of 2
[2025-07-29T14:16:53.654+0000] {taskinstance.py:2330} INFO - Executing <Task(PythonOperator): fetch_data> on 2023-01-06 00:00:00+00:00
[2025-07-29T14:16:53.659+0000] {standard_task_runner.py:63} INFO - Started process 183 to run task
[2025-07-29T14:16:53.662+0000] {standard_task_runner.py:90} INFO - Running: ['airflow', 'tasks', 'run', 'solar_ai_pipeline_2', 'fetch_data', 'scheduled__2023-01-06T00:00:00+00:00', '--job-id', '1262', '--raw', '--subdir', 'DAGS_FOLDER/prophet_pipeline.py', '--cfg-path', '/tmp/tmp26bioylw']
[2025-07-29T14:16:53.664+0000] {standard_task_runner.py:91} INFO - Job 1262: Subtask fetch_data
[2025-07-29T14:16:53.818+0000] {task_command.py:426} INFO - Running <TaskInstance: solar_ai_pipeline_2.fetch_data scheduled__2023-01-06T00:00:00+00:00 [running]> on host 63c65cd97f20
[2025-07-29T14:16:54.001+0000] {taskinstance.py:2648} INFO - Exporting env vars: AIRFLOW_CTX_DAG_OWNER='ensam' AIRFLOW_CTX_DAG_ID='solar_ai_pipeline_2' AIRFLOW_CTX_TASK_ID='fetch_data' AIRFLOW_CTX_EXECUTION_DATE='2023-01-06T00:00:00+00:00' AIRFLOW_CTX_TRY_NUMBER='1' AIRFLOW_CTX_DAG_RUN_ID='scheduled__2023-01-06T00:00:00+00:00'
[2025-07-29T14:16:54.002+0000] {taskinstance.py:430} INFO - ::endgroup::
[2025-07-29T14:16:54.414+0000] {taskinstance.py:441} INFO - ::group::Post task execution logs
[2025-07-29T14:16:54.415+0000] {taskinstance.py:2905} ERROR - Task failed with exception
Traceback (most recent call last):
  File "/home/airflow/.local/lib/python3.11/site-packages/airflow/models/taskinstance.py", line 465, in _execute_task
    result = _execute_callable(context=context, **execute_callable_kwargs)
             ^^^^^^^^^^^^^^^^^^^^^^^^^^^^^^^^^^^^^^^^^^^^^^^^^^^^^^^^^^^^^
  File "/home/airflow/.local/lib/python3.11/site-packages/airflow/models/taskinstance.py", line 432, in _execute_callable
    return execute_callable(context=context, **execute_callable_kwargs)
           ^^^^^^^^^^^^^^^^^^^^^^^^^^^^^^^^^^^^^^^^^^^^^^^^^^^^^^^^^^^^
  File "/home/airflow/.local/lib/python3.11/site-packages/airflow/models/baseoperator.py", line 401, in wrapper
    return func(self, *args, **kwargs)
           ^^^^^^^^^^^^^^^^^^^^^^^^^^^
  File "/home/airflow/.local/lib/python3.11/site-packages/airflow/operators/python.py", line 235, in execute
    return_value = self.execute_callable()
                   ^^^^^^^^^^^^^^^^^^^^^^^
  File "/home/airflow/.local/lib/python3.11/site-packages/airflow/operators/python.py", line 252, in execute_callable
    return self.python_callable(*self.op_args, **self.op_kwargs)
           ^^^^^^^^^^^^^^^^^^^^^^^^^^^^^^^^^^^^^^^^^^^^^^^^^^^^^
  File "/opt/airflow/dags/prophet_pipeline.py", line 25, in fetch_and_simulate
    simulate_solar_data(exec_date)
  File "/opt/airflow/dags/scripts/fetch_data.py", line 7, in simulate_solar_data
    from astral.sun import sun
ModuleNotFoundError: No module named 'astral'
[2025-07-29T14:16:54.437+0000] {taskinstance.py:1206} INFO - Marking task as UP_FOR_RETRY. dag_id=solar_ai_pipeline_2, task_id=fetch_data, run_id=scheduled__2023-01-06T00:00:00+00:00, execution_date=20230106T000000, start_date=20250729T141653, end_date=20250729T141654
[2025-07-29T14:16:54.478+0000] {standard_task_runner.py:110} ERROR - Failed to execute job 1262 for task fetch_data (No module named 'astral'; 183)
[2025-07-29T14:16:54.520+0000] {local_task_job_runner.py:240} INFO - Task exited with return code 1
[2025-07-29T14:16:54.554+0000] {taskinstance.py:3503} INFO - 0 downstream tasks scheduled from follow-on schedule check
[2025-07-29T14:16:54.556+0000] {local_task_job_runner.py:222} INFO - ::endgroup::
