[2025-07-29T15:37:45.634+0000] {local_task_job_runner.py:120} INFO - ::group::Pre task execution logs
[2025-07-29T15:37:45.722+0000] {taskinstance.py:2076} INFO - Dependencies all met for dep_context=non-requeueable deps ti=<TaskInstance: solar_ai_pipeline_2.fetch_data scheduled__2023-01-06T00:00:00+00:00 [queued]>
[2025-07-29T15:37:45.762+0000] {taskinstance.py:2076} INFO - Dependencies all met for dep_context=requeueable deps ti=<TaskInstance: solar_ai_pipeline_2.fetch_data scheduled__2023-01-06T00:00:00+00:00 [queued]>
[2025-07-29T15:37:45.764+0000] {taskinstance.py:2306} INFO - Starting attempt 3 of 4
[2025-07-29T15:37:45.871+0000] {taskinstance.py:2330} INFO - Executing <Task(PythonOperator): fetch_data> on 2023-01-06 00:00:00+00:00
[2025-07-29T15:37:45.885+0000] {standard_task_runner.py:63} INFO - Started process 2308 to run task
[2025-07-29T15:37:45.895+0000] {standard_task_runner.py:90} INFO - Running: ['airflow', 'tasks', 'run', 'solar_ai_pipeline_2', 'fetch_data', 'scheduled__2023-01-06T00:00:00+00:00', '--job-id', '1401', '--raw', '--subdir', 'DAGS_FOLDER/prophet_pipeline.py', '--cfg-path', '/tmp/tmpuikcdkdz']
[2025-07-29T15:37:45.900+0000] {standard_task_runner.py:91} INFO - Job 1401: Subtask fetch_data
[2025-07-29T15:37:46.200+0000] {task_command.py:426} INFO - Running <TaskInstance: solar_ai_pipeline_2.fetch_data scheduled__2023-01-06T00:00:00+00:00 [running]> on host 4c586ddbbbe9
[2025-07-29T15:37:46.662+0000] {taskinstance.py:2648} INFO - Exporting env vars: AIRFLOW_CTX_DAG_OWNER='ensam' AIRFLOW_CTX_DAG_ID='solar_ai_pipeline_2' AIRFLOW_CTX_TASK_ID='fetch_data' AIRFLOW_CTX_EXECUTION_DATE='2023-01-06T00:00:00+00:00' AIRFLOW_CTX_TRY_NUMBER='3' AIRFLOW_CTX_DAG_RUN_ID='scheduled__2023-01-06T00:00:00+00:00'
[2025-07-29T15:37:46.665+0000] {taskinstance.py:430} INFO - ::endgroup::
[2025-07-29T15:37:57.251+0000] {logging_mixin.py:188} INFO - Données simulées pour 2023-01-06 sauvegardées dans dags/data/processed/simulated_solar_heating_2023-01-06.csv
[2025-07-29T15:37:57.259+0000] {logging_mixin.py:188} INFO - count     24.000000
mean      94.281738
std      144.956209
min        0.000000
25%        0.000000
50%        0.000000
75%      181.336050
max      404.532000
Name: solar_irradiance, dtype: float64
[2025-07-29T15:37:57.261+0000] {logging_mixin.py:188} INFO - 2023-01-06 00:00:00+01:00 → Altitude: -66.24
[2025-07-29T15:37:57.262+0000] {logging_mixin.py:188} INFO - NASA GHI response keys: ['2023010600', '2023010601', '2023010602', '2023010603', '2023010604', '2023010605', '2023010606', '2023010607', '2023010608', '2023010609', '2023010610', '2023010611', '2023010612', '2023010613', '2023010614', '2023010615', '2023010616', '2023010617', '2023010618', '2023010619', '2023010620', '2023010621', '2023010622', '2023010623']
[2025-07-29T15:37:57.264+0000] {logging_mixin.py:188} INFO - 2023-01-06 01:00:00+01:00 → Altitude: -76.45
[2025-07-29T15:37:57.265+0000] {logging_mixin.py:188} INFO - NASA GHI response keys: ['2023010600', '2023010601', '2023010602', '2023010603', '2023010604', '2023010605', '2023010606', '2023010607', '2023010608', '2023010609', '2023010610', '2023010611', '2023010612', '2023010613', '2023010614', '2023010615', '2023010616', '2023010617', '2023010618', '2023010619', '2023010620', '2023010621', '2023010622', '2023010623']
[2025-07-29T15:37:57.266+0000] {logging_mixin.py:188} INFO - 2023-01-06 02:00:00+01:00 → Altitude: -77.77
[2025-07-29T15:37:57.267+0000] {logging_mixin.py:188} INFO - NASA GHI response keys: ['2023010600', '2023010601', '2023010602', '2023010603', '2023010604', '2023010605', '2023010606', '2023010607', '2023010608', '2023010609', '2023010610', '2023010611', '2023010612', '2023010613', '2023010614', '2023010615', '2023010616', '2023010617', '2023010618', '2023010619', '2023010620', '2023010621', '2023010622', '2023010623']
[2025-07-29T15:37:57.269+0000] {logging_mixin.py:188} INFO - 2023-01-06 03:00:00+01:00 → Altitude: -68.48
[2025-07-29T15:37:57.270+0000] {logging_mixin.py:188} INFO - NASA GHI response keys: ['2023010600', '2023010601', '2023010602', '2023010603', '2023010604', '2023010605', '2023010606', '2023010607', '2023010608', '2023010609', '2023010610', '2023010611', '2023010612', '2023010613', '2023010614', '2023010615', '2023010616', '2023010617', '2023010618', '2023010619', '2023010620', '2023010621', '2023010622', '2023010623']
[2025-07-29T15:37:57.271+0000] {logging_mixin.py:188} INFO - 2023-01-06 04:00:00+01:00 → Altitude: -56.55
[2025-07-29T15:37:57.272+0000] {logging_mixin.py:188} INFO - NASA GHI response keys: ['2023010600', '2023010601', '2023010602', '2023010603', '2023010604', '2023010605', '2023010606', '2023010607', '2023010608', '2023010609', '2023010610', '2023010611', '2023010612', '2023010613', '2023010614', '2023010615', '2023010616', '2023010617', '2023010618', '2023010619', '2023010620', '2023010621', '2023010622', '2023010623']
[2025-07-29T15:37:57.273+0000] {logging_mixin.py:188} INFO - 2023-01-06 05:00:00+01:00 → Altitude: -44.11
[2025-07-29T15:37:57.274+0000] {logging_mixin.py:188} INFO - NASA GHI response keys: ['2023010600', '2023010601', '2023010602', '2023010603', '2023010604', '2023010605', '2023010606', '2023010607', '2023010608', '2023010609', '2023010610', '2023010611', '2023010612', '2023010613', '2023010614', '2023010615', '2023010616', '2023010617', '2023010618', '2023010619', '2023010620', '2023010621', '2023010622', '2023010623']
[2025-07-29T15:37:57.275+0000] {logging_mixin.py:188} INFO - 2023-01-06 06:00:00+01:00 → Altitude: -31.64
[2025-07-29T15:37:57.276+0000] {logging_mixin.py:188} INFO - NASA GHI response keys: ['2023010600', '2023010601', '2023010602', '2023010603', '2023010604', '2023010605', '2023010606', '2023010607', '2023010608', '2023010609', '2023010610', '2023010611', '2023010612', '2023010613', '2023010614', '2023010615', '2023010616', '2023010617', '2023010618', '2023010619', '2023010620', '2023010621', '2023010622', '2023010623']
[2025-07-29T15:37:57.278+0000] {logging_mixin.py:188} INFO - 2023-01-06 07:00:00+01:00 → Altitude: -19.38
[2025-07-29T15:37:57.279+0000] {logging_mixin.py:188} INFO - NASA GHI response keys: ['2023010600', '2023010601', '2023010602', '2023010603', '2023010604', '2023010605', '2023010606', '2023010607', '2023010608', '2023010609', '2023010610', '2023010611', '2023010612', '2023010613', '2023010614', '2023010615', '2023010616', '2023010617', '2023010618', '2023010619', '2023010620', '2023010621', '2023010622', '2023010623']
[2025-07-29T15:37:57.280+0000] {logging_mixin.py:188} INFO - 2023-01-06 08:00:00+01:00 → Altitude: -7.50
[2025-07-29T15:37:57.281+0000] {logging_mixin.py:188} INFO - NASA GHI response keys: ['2023010600', '2023010601', '2023010602', '2023010603', '2023010604', '2023010605', '2023010606', '2023010607', '2023010608', '2023010609', '2023010610', '2023010611', '2023010612', '2023010613', '2023010614', '2023010615', '2023010616', '2023010617', '2023010618', '2023010619', '2023010620', '2023010621', '2023010622', '2023010623']
[2025-07-29T15:37:57.282+0000] {logging_mixin.py:188} INFO - 2023-01-06 09:00:00+01:00 → Altitude: 3.88
[2025-07-29T15:37:57.284+0000] {logging_mixin.py:188} INFO - NASA GHI response keys: ['2023010600', '2023010601', '2023010602', '2023010603', '2023010604', '2023010605', '2023010606', '2023010607', '2023010608', '2023010609', '2023010610', '2023010611', '2023010612', '2023010613', '2023010614', '2023010615', '2023010616', '2023010617', '2023010618', '2023010619', '2023010620', '2023010621', '2023010622', '2023010623']
[2025-07-29T15:37:57.285+0000] {logging_mixin.py:188} INFO - 2023-01-06 10:00:00+01:00 → Altitude: 13.99
[2025-07-29T15:37:57.286+0000] {logging_mixin.py:188} INFO - NASA GHI response keys: ['2023010600', '2023010601', '2023010602', '2023010603', '2023010604', '2023010605', '2023010606', '2023010607', '2023010608', '2023010609', '2023010610', '2023010611', '2023010612', '2023010613', '2023010614', '2023010615', '2023010616', '2023010617', '2023010618', '2023010619', '2023010620', '2023010621', '2023010622', '2023010623']
[2025-07-29T15:37:57.287+0000] {logging_mixin.py:188} INFO - 2023-01-06 11:00:00+01:00 → Altitude: 22.78
[2025-07-29T15:37:57.288+0000] {logging_mixin.py:188} INFO - NASA GHI response keys: ['2023010600', '2023010601', '2023010602', '2023010603', '2023010604', '2023010605', '2023010606', '2023010607', '2023010608', '2023010609', '2023010610', '2023010611', '2023010612', '2023010613', '2023010614', '2023010615', '2023010616', '2023010617', '2023010618', '2023010619', '2023010620', '2023010621', '2023010622', '2023010623']
[2025-07-29T15:37:57.290+0000] {logging_mixin.py:188} INFO - 2023-01-06 12:00:00+01:00 → Altitude: 29.47
[2025-07-29T15:37:57.291+0000] {logging_mixin.py:188} INFO - NASA GHI response keys: ['2023010600', '2023010601', '2023010602', '2023010603', '2023010604', '2023010605', '2023010606', '2023010607', '2023010608', '2023010609', '2023010610', '2023010611', '2023010612', '2023010613', '2023010614', '2023010615', '2023010616', '2023010617', '2023010618', '2023010619', '2023010620', '2023010621', '2023010622', '2023010623']
[2025-07-29T15:37:57.292+0000] {logging_mixin.py:188} INFO - 2023-01-06 13:00:00+01:00 → Altitude: 33.31
[2025-07-29T15:37:57.294+0000] {logging_mixin.py:188} INFO - NASA GHI response keys: ['2023010600', '2023010601', '2023010602', '2023010603', '2023010604', '2023010605', '2023010606', '2023010607', '2023010608', '2023010609', '2023010610', '2023010611', '2023010612', '2023010613', '2023010614', '2023010615', '2023010616', '2023010617', '2023010618', '2023010619', '2023010620', '2023010621', '2023010622', '2023010623']
[2025-07-29T15:37:57.295+0000] {logging_mixin.py:188} INFO - 2023-01-06 14:00:00+01:00 → Altitude: 33.68
[2025-07-29T15:37:57.296+0000] {logging_mixin.py:188} INFO - NASA GHI response keys: ['2023010600', '2023010601', '2023010602', '2023010603', '2023010604', '2023010605', '2023010606', '2023010607', '2023010608', '2023010609', '2023010610', '2023010611', '2023010612', '2023010613', '2023010614', '2023010615', '2023010616', '2023010617', '2023010618', '2023010619', '2023010620', '2023010621', '2023010622', '2023010623']
[2025-07-29T15:37:57.298+0000] {logging_mixin.py:188} INFO - 2023-01-06 15:00:00+01:00 → Altitude: 30.52
[2025-07-29T15:37:57.299+0000] {logging_mixin.py:188} INFO - NASA GHI response keys: ['2023010600', '2023010601', '2023010602', '2023010603', '2023010604', '2023010605', '2023010606', '2023010607', '2023010608', '2023010609', '2023010610', '2023010611', '2023010612', '2023010613', '2023010614', '2023010615', '2023010616', '2023010617', '2023010618', '2023010619', '2023010620', '2023010621', '2023010622', '2023010623']
[2025-07-29T15:37:57.300+0000] {logging_mixin.py:188} INFO - 2023-01-06 16:00:00+01:00 → Altitude: 24.35
[2025-07-29T15:37:57.301+0000] {logging_mixin.py:188} INFO - NASA GHI response keys: ['2023010600', '2023010601', '2023010602', '2023010603', '2023010604', '2023010605', '2023010606', '2023010607', '2023010608', '2023010609', '2023010610', '2023010611', '2023010612', '2023010613', '2023010614', '2023010615', '2023010616', '2023010617', '2023010618', '2023010619', '2023010620', '2023010621', '2023010622', '2023010623']
[2025-07-29T15:37:57.302+0000] {logging_mixin.py:188} INFO - 2023-01-06 17:00:00+01:00 → Altitude: 15.93
[2025-07-29T15:37:57.303+0000] {logging_mixin.py:188} INFO - NASA GHI response keys: ['2023010600', '2023010601', '2023010602', '2023010603', '2023010604', '2023010605', '2023010606', '2023010607', '2023010608', '2023010609', '2023010610', '2023010611', '2023010612', '2023010613', '2023010614', '2023010615', '2023010616', '2023010617', '2023010618', '2023010619', '2023010620', '2023010621', '2023010622', '2023010623']
[2025-07-29T15:37:57.304+0000] {logging_mixin.py:188} INFO - 2023-01-06 18:00:00+01:00 → Altitude: 6.02
[2025-07-29T15:37:57.305+0000] {logging_mixin.py:188} INFO - NASA GHI response keys: ['2023010600', '2023010601', '2023010602', '2023010603', '2023010604', '2023010605', '2023010606', '2023010607', '2023010608', '2023010609', '2023010610', '2023010611', '2023010612', '2023010613', '2023010614', '2023010615', '2023010616', '2023010617', '2023010618', '2023010619', '2023010620', '2023010621', '2023010622', '2023010623']
[2025-07-29T15:37:57.306+0000] {logging_mixin.py:188} INFO - 2023-01-06 19:00:00+01:00 → Altitude: -5.11
[2025-07-29T15:37:57.308+0000] {logging_mixin.py:188} INFO - NASA GHI response keys: ['2023010600', '2023010601', '2023010602', '2023010603', '2023010604', '2023010605', '2023010606', '2023010607', '2023010608', '2023010609', '2023010610', '2023010611', '2023010612', '2023010613', '2023010614', '2023010615', '2023010616', '2023010617', '2023010618', '2023010619', '2023010620', '2023010621', '2023010622', '2023010623']
[2025-07-29T15:37:57.309+0000] {logging_mixin.py:188} INFO - 2023-01-06 20:00:00+01:00 → Altitude: -16.90
[2025-07-29T15:37:57.310+0000] {logging_mixin.py:188} INFO - NASA GHI response keys: ['2023010600', '2023010601', '2023010602', '2023010603', '2023010604', '2023010605', '2023010606', '2023010607', '2023010608', '2023010609', '2023010610', '2023010611', '2023010612', '2023010613', '2023010614', '2023010615', '2023010616', '2023010617', '2023010618', '2023010619', '2023010620', '2023010621', '2023010622', '2023010623']
[2025-07-29T15:37:57.311+0000] {logging_mixin.py:188} INFO - 2023-01-06 21:00:00+01:00 → Altitude: -29.09
[2025-07-29T15:37:57.313+0000] {logging_mixin.py:188} INFO - NASA GHI response keys: ['2023010600', '2023010601', '2023010602', '2023010603', '2023010604', '2023010605', '2023010606', '2023010607', '2023010608', '2023010609', '2023010610', '2023010611', '2023010612', '2023010613', '2023010614', '2023010615', '2023010616', '2023010617', '2023010618', '2023010619', '2023010620', '2023010621', '2023010622', '2023010623']
[2025-07-29T15:37:57.314+0000] {logging_mixin.py:188} INFO - 2023-01-06 22:00:00+01:00 → Altitude: -41.53
[2025-07-29T15:37:57.315+0000] {logging_mixin.py:188} INFO - NASA GHI response keys: ['2023010600', '2023010601', '2023010602', '2023010603', '2023010604', '2023010605', '2023010606', '2023010607', '2023010608', '2023010609', '2023010610', '2023010611', '2023010612', '2023010613', '2023010614', '2023010615', '2023010616', '2023010617', '2023010618', '2023010619', '2023010620', '2023010621', '2023010622', '2023010623']
[2025-07-29T15:37:57.317+0000] {logging_mixin.py:188} INFO - 2023-01-06 23:00:00+01:00 → Altitude: -53.99
[2025-07-29T15:37:57.319+0000] {logging_mixin.py:188} INFO - NASA GHI response keys: ['2023010600', '2023010601', '2023010602', '2023010603', '2023010604', '2023010605', '2023010606', '2023010607', '2023010608', '2023010609', '2023010610', '2023010611', '2023010612', '2023010613', '2023010614', '2023010615', '2023010616', '2023010617', '2023010618', '2023010619', '2023010620', '2023010621', '2023010622', '2023010623']
[2025-07-29T15:37:57.322+0000] {python.py:237} INFO - Done. Returned value was: None
[2025-07-29T15:37:57.325+0000] {taskinstance.py:441} INFO - ::group::Post task execution logs
[2025-07-29T15:37:57.355+0000] {taskinstance.py:1206} INFO - Marking task as SUCCESS. dag_id=solar_ai_pipeline_2, task_id=fetch_data, run_id=scheduled__2023-01-06T00:00:00+00:00, execution_date=20230106T000000, start_date=20250729T153745, end_date=20250729T153757
[2025-07-29T15:37:57.529+0000] {local_task_job_runner.py:240} INFO - Task exited with return code 0
[2025-07-29T15:37:57.644+0000] {taskinstance.py:3503} INFO - 1 downstream tasks scheduled from follow-on schedule check
[2025-07-29T15:37:57.678+0000] {local_task_job_runner.py:222} INFO - ::endgroup::
