[2025-07-29T15:28:23.680+0000] {local_task_job_runner.py:120} INFO - ::group::Pre task execution logs
[2025-07-29T15:28:23.812+0000] {taskinstance.py:2076} INFO - Dependencies all met for dep_context=non-requeueable deps ti=<TaskInstance: solar_ai_pipeline_2.fetch_data scheduled__2023-01-23T00:00:00+00:00 [queued]>
[2025-07-29T15:28:23.853+0000] {taskinstance.py:2076} INFO - Dependencies all met for dep_context=requeueable deps ti=<TaskInstance: solar_ai_pipeline_2.fetch_data scheduled__2023-01-23T00:00:00+00:00 [queued]>
[2025-07-29T15:28:23.855+0000] {taskinstance.py:2306} INFO - Starting attempt 1 of 2
[2025-07-29T15:28:23.970+0000] {taskinstance.py:2330} INFO - Executing <Task(PythonOperator): fetch_data> on 2023-01-23 00:00:00+00:00
[2025-07-29T15:28:23.981+0000] {standard_task_runner.py:63} INFO - Started process 1598 to run task
[2025-07-29T15:28:23.992+0000] {standard_task_runner.py:90} INFO - Running: ['airflow', 'tasks', 'run', 'solar_ai_pipeline_2', 'fetch_data', 'scheduled__2023-01-23T00:00:00+00:00', '--job-id', '1362', '--raw', '--subdir', 'DAGS_FOLDER/prophet_pipeline.py', '--cfg-path', '/tmp/tmpx7qcigbu']
[2025-07-29T15:28:23.996+0000] {standard_task_runner.py:91} INFO - Job 1362: Subtask fetch_data
[2025-07-29T15:28:24.209+0000] {task_command.py:426} INFO - Running <TaskInstance: solar_ai_pipeline_2.fetch_data scheduled__2023-01-23T00:00:00+00:00 [running]> on host 4c586ddbbbe9
[2025-07-29T15:28:24.571+0000] {taskinstance.py:2648} INFO - Exporting env vars: AIRFLOW_CTX_DAG_OWNER='ensam' AIRFLOW_CTX_DAG_ID='solar_ai_pipeline_2' AIRFLOW_CTX_TASK_ID='fetch_data' AIRFLOW_CTX_EXECUTION_DATE='2023-01-23T00:00:00+00:00' AIRFLOW_CTX_TRY_NUMBER='1' AIRFLOW_CTX_DAG_RUN_ID='scheduled__2023-01-23T00:00:00+00:00'
[2025-07-29T15:28:24.573+0000] {taskinstance.py:430} INFO - ::endgroup::
[2025-07-29T15:28:34.996+0000] {logging_mixin.py:188} INFO - Données simulées pour 2023-01-23 sauvegardées dans dags/data/processed/simulated_solar_heating_2023-01-23.csv
[2025-07-29T15:28:35.007+0000] {logging_mixin.py:188} INFO - count     24.000000
mean     122.779417
std      182.799011
min        0.000000
25%        0.000000
50%        0.000000
75%      236.437775
max      486.856000
Name: solar_irradiance, dtype: float64
[2025-07-29T15:28:35.009+0000] {logging_mixin.py:188} INFO - 2023-01-23 00:00:00+01:00 → Altitude: -63.35
[2025-07-29T15:28:35.010+0000] {logging_mixin.py:188} INFO - NASA GHI response keys: ['2023012300', '2023012301', '2023012302', '2023012303', '2023012304', '2023012305', '2023012306', '2023012307', '2023012308', '2023012309', '2023012310', '2023012311', '2023012312', '2023012313', '2023012314', '2023012315', '2023012316', '2023012317', '2023012318', '2023012319', '2023012320', '2023012321', '2023012322', '2023012323']
[2025-07-29T15:28:35.012+0000] {logging_mixin.py:188} INFO - 2023-01-23 01:00:00+01:00 → Altitude: -73.15
[2025-07-29T15:28:35.013+0000] {logging_mixin.py:188} INFO - NASA GHI response keys: ['2023012300', '2023012301', '2023012302', '2023012303', '2023012304', '2023012305', '2023012306', '2023012307', '2023012308', '2023012309', '2023012310', '2023012311', '2023012312', '2023012313', '2023012314', '2023012315', '2023012316', '2023012317', '2023012318', '2023012319', '2023012320', '2023012321', '2023012322', '2023012323']
[2025-07-29T15:28:35.014+0000] {logging_mixin.py:188} INFO - 2023-01-23 02:00:00+01:00 → Altitude: -75.41
[2025-07-29T15:28:35.016+0000] {logging_mixin.py:188} INFO - NASA GHI response keys: ['2023012300', '2023012301', '2023012302', '2023012303', '2023012304', '2023012305', '2023012306', '2023012307', '2023012308', '2023012309', '2023012310', '2023012311', '2023012312', '2023012313', '2023012314', '2023012315', '2023012316', '2023012317', '2023012318', '2023012319', '2023012320', '2023012321', '2023012322', '2023012323']
[2025-07-29T15:28:35.017+0000] {logging_mixin.py:188} INFO - 2023-01-23 03:00:00+01:00 → Altitude: -67.69
[2025-07-29T15:28:35.018+0000] {logging_mixin.py:188} INFO - NASA GHI response keys: ['2023012300', '2023012301', '2023012302', '2023012303', '2023012304', '2023012305', '2023012306', '2023012307', '2023012308', '2023012309', '2023012310', '2023012311', '2023012312', '2023012313', '2023012314', '2023012315', '2023012316', '2023012317', '2023012318', '2023012319', '2023012320', '2023012321', '2023012322', '2023012323']
[2025-07-29T15:28:35.019+0000] {logging_mixin.py:188} INFO - 2023-01-23 04:00:00+01:00 → Altitude: -56.31
[2025-07-29T15:28:35.020+0000] {logging_mixin.py:188} INFO - NASA GHI response keys: ['2023012300', '2023012301', '2023012302', '2023012303', '2023012304', '2023012305', '2023012306', '2023012307', '2023012308', '2023012309', '2023012310', '2023012311', '2023012312', '2023012313', '2023012314', '2023012315', '2023012316', '2023012317', '2023012318', '2023012319', '2023012320', '2023012321', '2023012322', '2023012323']
[2025-07-29T15:28:35.021+0000] {logging_mixin.py:188} INFO - 2023-01-23 05:00:00+01:00 → Altitude: -44.01
[2025-07-29T15:28:35.022+0000] {logging_mixin.py:188} INFO - NASA GHI response keys: ['2023012300', '2023012301', '2023012302', '2023012303', '2023012304', '2023012305', '2023012306', '2023012307', '2023012308', '2023012309', '2023012310', '2023012311', '2023012312', '2023012313', '2023012314', '2023012315', '2023012316', '2023012317', '2023012318', '2023012319', '2023012320', '2023012321', '2023012322', '2023012323']
[2025-07-29T15:28:35.023+0000] {logging_mixin.py:188} INFO - 2023-01-23 06:00:00+01:00 → Altitude: -31.52
[2025-07-29T15:28:35.024+0000] {logging_mixin.py:188} INFO - NASA GHI response keys: ['2023012300', '2023012301', '2023012302', '2023012303', '2023012304', '2023012305', '2023012306', '2023012307', '2023012308', '2023012309', '2023012310', '2023012311', '2023012312', '2023012313', '2023012314', '2023012315', '2023012316', '2023012317', '2023012318', '2023012319', '2023012320', '2023012321', '2023012322', '2023012323']
[2025-07-29T15:28:35.025+0000] {logging_mixin.py:188} INFO - 2023-01-23 07:00:00+01:00 → Altitude: -19.13
[2025-07-29T15:28:35.026+0000] {logging_mixin.py:188} INFO - NASA GHI response keys: ['2023012300', '2023012301', '2023012302', '2023012303', '2023012304', '2023012305', '2023012306', '2023012307', '2023012308', '2023012309', '2023012310', '2023012311', '2023012312', '2023012313', '2023012314', '2023012315', '2023012316', '2023012317', '2023012318', '2023012319', '2023012320', '2023012321', '2023012322', '2023012323']
[2025-07-29T15:28:35.027+0000] {logging_mixin.py:188} INFO - 2023-01-23 08:00:00+01:00 → Altitude: -7.03
[2025-07-29T15:28:35.028+0000] {logging_mixin.py:188} INFO - NASA GHI response keys: ['2023012300', '2023012301', '2023012302', '2023012303', '2023012304', '2023012305', '2023012306', '2023012307', '2023012308', '2023012309', '2023012310', '2023012311', '2023012312', '2023012313', '2023012314', '2023012315', '2023012316', '2023012317', '2023012318', '2023012319', '2023012320', '2023012321', '2023012322', '2023012323']
[2025-07-29T15:28:35.028+0000] {logging_mixin.py:188} INFO - 2023-01-23 09:00:00+01:00 → Altitude: 4.62
[2025-07-29T15:28:35.029+0000] {logging_mixin.py:188} INFO - NASA GHI response keys: ['2023012300', '2023012301', '2023012302', '2023012303', '2023012304', '2023012305', '2023012306', '2023012307', '2023012308', '2023012309', '2023012310', '2023012311', '2023012312', '2023012313', '2023012314', '2023012315', '2023012316', '2023012317', '2023012318', '2023012319', '2023012320', '2023012321', '2023012322', '2023012323']
[2025-07-29T15:28:35.030+0000] {logging_mixin.py:188} INFO - 2023-01-23 10:00:00+01:00 → Altitude: 15.15
[2025-07-29T15:28:35.031+0000] {logging_mixin.py:188} INFO - NASA GHI response keys: ['2023012300', '2023012301', '2023012302', '2023012303', '2023012304', '2023012305', '2023012306', '2023012307', '2023012308', '2023012309', '2023012310', '2023012311', '2023012312', '2023012313', '2023012314', '2023012315', '2023012316', '2023012317', '2023012318', '2023012319', '2023012320', '2023012321', '2023012322', '2023012323']
[2025-07-29T15:28:35.032+0000] {logging_mixin.py:188} INFO - 2023-01-23 11:00:00+01:00 → Altitude: 24.43
[2025-07-29T15:28:35.032+0000] {logging_mixin.py:188} INFO - NASA GHI response keys: ['2023012300', '2023012301', '2023012302', '2023012303', '2023012304', '2023012305', '2023012306', '2023012307', '2023012308', '2023012309', '2023012310', '2023012311', '2023012312', '2023012313', '2023012314', '2023012315', '2023012316', '2023012317', '2023012318', '2023012319', '2023012320', '2023012321', '2023012322', '2023012323']
[2025-07-29T15:28:35.033+0000] {logging_mixin.py:188} INFO - 2023-01-23 12:00:00+01:00 → Altitude: 31.68
[2025-07-29T15:28:35.034+0000] {logging_mixin.py:188} INFO - NASA GHI response keys: ['2023012300', '2023012301', '2023012302', '2023012303', '2023012304', '2023012305', '2023012306', '2023012307', '2023012308', '2023012309', '2023012310', '2023012311', '2023012312', '2023012313', '2023012314', '2023012315', '2023012316', '2023012317', '2023012318', '2023012319', '2023012320', '2023012321', '2023012322', '2023012323']
[2025-07-29T15:28:35.034+0000] {logging_mixin.py:188} INFO - 2023-01-23 13:00:00+01:00 → Altitude: 36.07
[2025-07-29T15:28:35.035+0000] {logging_mixin.py:188} INFO - NASA GHI response keys: ['2023012300', '2023012301', '2023012302', '2023012303', '2023012304', '2023012305', '2023012306', '2023012307', '2023012308', '2023012309', '2023012310', '2023012311', '2023012312', '2023012313', '2023012314', '2023012315', '2023012316', '2023012317', '2023012318', '2023012319', '2023012320', '2023012321', '2023012322', '2023012323']
[2025-07-29T15:28:35.036+0000] {logging_mixin.py:188} INFO - 2023-01-23 14:00:00+01:00 → Altitude: 36.85
[2025-07-29T15:28:35.037+0000] {logging_mixin.py:188} INFO - NASA GHI response keys: ['2023012300', '2023012301', '2023012302', '2023012303', '2023012304', '2023012305', '2023012306', '2023012307', '2023012308', '2023012309', '2023012310', '2023012311', '2023012312', '2023012313', '2023012314', '2023012315', '2023012316', '2023012317', '2023012318', '2023012319', '2023012320', '2023012321', '2023012322', '2023012323']
[2025-07-29T15:28:35.037+0000] {logging_mixin.py:188} INFO - 2023-01-23 15:00:00+01:00 → Altitude: 33.88
[2025-07-29T15:28:35.038+0000] {logging_mixin.py:188} INFO - NASA GHI response keys: ['2023012300', '2023012301', '2023012302', '2023012303', '2023012304', '2023012305', '2023012306', '2023012307', '2023012308', '2023012309', '2023012310', '2023012311', '2023012312', '2023012313', '2023012314', '2023012315', '2023012316', '2023012317', '2023012318', '2023012319', '2023012320', '2023012321', '2023012322', '2023012323']
[2025-07-29T15:28:35.039+0000] {logging_mixin.py:188} INFO - 2023-01-23 16:00:00+01:00 → Altitude: 27.69
[2025-07-29T15:28:35.039+0000] {logging_mixin.py:188} INFO - NASA GHI response keys: ['2023012300', '2023012301', '2023012302', '2023012303', '2023012304', '2023012305', '2023012306', '2023012307', '2023012308', '2023012309', '2023012310', '2023012311', '2023012312', '2023012313', '2023012314', '2023012315', '2023012316', '2023012317', '2023012318', '2023012319', '2023012320', '2023012321', '2023012322', '2023012323']
[2025-07-29T15:28:35.040+0000] {logging_mixin.py:188} INFO - 2023-01-23 17:00:00+01:00 → Altitude: 19.15
[2025-07-29T15:28:35.040+0000] {logging_mixin.py:188} INFO - NASA GHI response keys: ['2023012300', '2023012301', '2023012302', '2023012303', '2023012304', '2023012305', '2023012306', '2023012307', '2023012308', '2023012309', '2023012310', '2023012311', '2023012312', '2023012313', '2023012314', '2023012315', '2023012316', '2023012317', '2023012318', '2023012319', '2023012320', '2023012321', '2023012322', '2023012323']
[2025-07-29T15:28:35.041+0000] {logging_mixin.py:188} INFO - 2023-01-23 18:00:00+01:00 → Altitude: 9.04
[2025-07-29T15:28:35.042+0000] {logging_mixin.py:188} INFO - NASA GHI response keys: ['2023012300', '2023012301', '2023012302', '2023012303', '2023012304', '2023012305', '2023012306', '2023012307', '2023012308', '2023012309', '2023012310', '2023012311', '2023012312', '2023012313', '2023012314', '2023012315', '2023012316', '2023012317', '2023012318', '2023012319', '2023012320', '2023012321', '2023012322', '2023012323']
[2025-07-29T15:28:35.042+0000] {logging_mixin.py:188} INFO - 2023-01-23 19:00:00+01:00 → Altitude: -2.12
[2025-07-29T15:28:35.043+0000] {logging_mixin.py:188} INFO - NASA GHI response keys: ['2023012300', '2023012301', '2023012302', '2023012303', '2023012304', '2023012305', '2023012306', '2023012307', '2023012308', '2023012309', '2023012310', '2023012311', '2023012312', '2023012313', '2023012314', '2023012315', '2023012316', '2023012317', '2023012318', '2023012319', '2023012320', '2023012321', '2023012322', '2023012323']
[2025-07-29T15:28:35.043+0000] {logging_mixin.py:188} INFO - 2023-01-23 20:00:00+01:00 → Altitude: -14.12
[2025-07-29T15:28:35.044+0000] {logging_mixin.py:188} INFO - NASA GHI response keys: ['2023012300', '2023012301', '2023012302', '2023012303', '2023012304', '2023012305', '2023012306', '2023012307', '2023012308', '2023012309', '2023012310', '2023012311', '2023012312', '2023012313', '2023012314', '2023012315', '2023012316', '2023012317', '2023012318', '2023012319', '2023012320', '2023012321', '2023012322', '2023012323']
[2025-07-29T15:28:35.045+0000] {logging_mixin.py:188} INFO - 2023-01-23 21:00:00+01:00 → Altitude: -26.41
[2025-07-29T15:28:35.045+0000] {logging_mixin.py:188} INFO - NASA GHI response keys: ['2023012300', '2023012301', '2023012302', '2023012303', '2023012304', '2023012305', '2023012306', '2023012307', '2023012308', '2023012309', '2023012310', '2023012311', '2023012312', '2023012313', '2023012314', '2023012315', '2023012316', '2023012317', '2023012318', '2023012319', '2023012320', '2023012321', '2023012322', '2023012323']
[2025-07-29T15:28:35.046+0000] {logging_mixin.py:188} INFO - 2023-01-23 22:00:00+01:00 → Altitude: -38.88
[2025-07-29T15:28:35.047+0000] {logging_mixin.py:188} INFO - NASA GHI response keys: ['2023012300', '2023012301', '2023012302', '2023012303', '2023012304', '2023012305', '2023012306', '2023012307', '2023012308', '2023012309', '2023012310', '2023012311', '2023012312', '2023012313', '2023012314', '2023012315', '2023012316', '2023012317', '2023012318', '2023012319', '2023012320', '2023012321', '2023012322', '2023012323']
[2025-07-29T15:28:35.047+0000] {logging_mixin.py:188} INFO - 2023-01-23 23:00:00+01:00 → Altitude: -51.29
[2025-07-29T15:28:35.048+0000] {logging_mixin.py:188} INFO - NASA GHI response keys: ['2023012300', '2023012301', '2023012302', '2023012303', '2023012304', '2023012305', '2023012306', '2023012307', '2023012308', '2023012309', '2023012310', '2023012311', '2023012312', '2023012313', '2023012314', '2023012315', '2023012316', '2023012317', '2023012318', '2023012319', '2023012320', '2023012321', '2023012322', '2023012323']
[2025-07-29T15:28:35.051+0000] {python.py:237} INFO - Done. Returned value was: None
[2025-07-29T15:28:35.052+0000] {taskinstance.py:441} INFO - ::group::Post task execution logs
[2025-07-29T15:28:35.075+0000] {taskinstance.py:1206} INFO - Marking task as SUCCESS. dag_id=solar_ai_pipeline_2, task_id=fetch_data, run_id=scheduled__2023-01-23T00:00:00+00:00, execution_date=20230123T000000, start_date=20250729T152823, end_date=20250729T152835
[2025-07-29T15:28:35.259+0000] {local_task_job_runner.py:240} INFO - Task exited with return code 0
[2025-07-29T15:28:35.370+0000] {taskinstance.py:3503} INFO - 1 downstream tasks scheduled from follow-on schedule check
[2025-07-29T15:28:35.443+0000] {local_task_job_runner.py:222} INFO - ::endgroup::
