[2025-07-29T15:31:04.149+0000] {local_task_job_runner.py:120} INFO - ::group::Pre task execution logs
[2025-07-29T15:31:04.228+0000] {taskinstance.py:2076} INFO - Dependencies all met for dep_context=non-requeueable deps ti=<TaskInstance: solar_ai_pipeline_2.fetch_data scheduled__2023-01-28T00:00:00+00:00 [queued]>
[2025-07-29T15:31:04.270+0000] {taskinstance.py:2076} INFO - Dependencies all met for dep_context=requeueable deps ti=<TaskInstance: solar_ai_pipeline_2.fetch_data scheduled__2023-01-28T00:00:00+00:00 [queued]>
[2025-07-29T15:31:04.275+0000] {taskinstance.py:2306} INFO - Starting attempt 1 of 2
[2025-07-29T15:31:04.382+0000] {taskinstance.py:2330} INFO - Executing <Task(PythonOperator): fetch_data> on 2023-01-28 00:00:00+00:00
[2025-07-29T15:31:04.394+0000] {standard_task_runner.py:63} INFO - Started process 1873 to run task
[2025-07-29T15:31:04.405+0000] {standard_task_runner.py:90} INFO - Running: ['airflow', 'tasks', 'run', 'solar_ai_pipeline_2', 'fetch_data', 'scheduled__2023-01-28T00:00:00+00:00', '--job-id', '1377', '--raw', '--subdir', 'DAGS_FOLDER/prophet_pipeline.py', '--cfg-path', '/tmp/tmp_kskyvk4']
[2025-07-29T15:31:04.410+0000] {standard_task_runner.py:91} INFO - Job 1377: Subtask fetch_data
[2025-07-29T15:31:04.685+0000] {task_command.py:426} INFO - Running <TaskInstance: solar_ai_pipeline_2.fetch_data scheduled__2023-01-28T00:00:00+00:00 [running]> on host 4c586ddbbbe9
[2025-07-29T15:31:05.137+0000] {taskinstance.py:2648} INFO - Exporting env vars: AIRFLOW_CTX_DAG_OWNER='ensam' AIRFLOW_CTX_DAG_ID='solar_ai_pipeline_2' AIRFLOW_CTX_TASK_ID='fetch_data' AIRFLOW_CTX_EXECUTION_DATE='2023-01-28T00:00:00+00:00' AIRFLOW_CTX_TRY_NUMBER='1' AIRFLOW_CTX_DAG_RUN_ID='scheduled__2023-01-28T00:00:00+00:00'
[2025-07-29T15:31:05.140+0000] {taskinstance.py:430} INFO - ::endgroup::
[2025-07-29T15:31:15.228+0000] {logging_mixin.py:188} INFO - Données simulées pour 2023-01-28 sauvegardées dans dags/data/processed/simulated_solar_heating_2023-01-28.csv
[2025-07-29T15:31:15.237+0000] {logging_mixin.py:188} INFO - count     24.000000
mean      68.197083
std      104.018439
min        0.000000
25%        0.000000
50%        0.000000
75%      133.873225
max      309.938000
Name: solar_irradiance, dtype: float64
[2025-07-29T15:31:15.238+0000] {logging_mixin.py:188} INFO - 2023-01-28 00:00:00+01:00 → Altitude: -62.38
[2025-07-29T15:31:15.240+0000] {logging_mixin.py:188} INFO - NASA GHI response keys: ['2023012800', '2023012801', '2023012802', '2023012803', '2023012804', '2023012805', '2023012806', '2023012807', '2023012808', '2023012809', '2023012810', '2023012811', '2023012812', '2023012813', '2023012814', '2023012815', '2023012816', '2023012817', '2023012818', '2023012819', '2023012820', '2023012821', '2023012822', '2023012823']
[2025-07-29T15:31:15.241+0000] {logging_mixin.py:188} INFO - 2023-01-28 01:00:00+01:00 → Altitude: -71.95
[2025-07-29T15:31:15.242+0000] {logging_mixin.py:188} INFO - NASA GHI response keys: ['2023012800', '2023012801', '2023012802', '2023012803', '2023012804', '2023012805', '2023012806', '2023012807', '2023012808', '2023012809', '2023012810', '2023012811', '2023012812', '2023012813', '2023012814', '2023012815', '2023012816', '2023012817', '2023012818', '2023012819', '2023012820', '2023012821', '2023012822', '2023012823']
[2025-07-29T15:31:15.243+0000] {logging_mixin.py:188} INFO - 2023-01-28 02:00:00+01:00 → Altitude: -74.28
[2025-07-29T15:31:15.244+0000] {logging_mixin.py:188} INFO - NASA GHI response keys: ['2023012800', '2023012801', '2023012802', '2023012803', '2023012804', '2023012805', '2023012806', '2023012807', '2023012808', '2023012809', '2023012810', '2023012811', '2023012812', '2023012813', '2023012814', '2023012815', '2023012816', '2023012817', '2023012818', '2023012819', '2023012820', '2023012821', '2023012822', '2023012823']
[2025-07-29T15:31:15.246+0000] {logging_mixin.py:188} INFO - 2023-01-28 03:00:00+01:00 → Altitude: -67.02
[2025-07-29T15:31:15.247+0000] {logging_mixin.py:188} INFO - NASA GHI response keys: ['2023012800', '2023012801', '2023012802', '2023012803', '2023012804', '2023012805', '2023012806', '2023012807', '2023012808', '2023012809', '2023012810', '2023012811', '2023012812', '2023012813', '2023012814', '2023012815', '2023012816', '2023012817', '2023012818', '2023012819', '2023012820', '2023012821', '2023012822', '2023012823']
[2025-07-29T15:31:15.248+0000] {logging_mixin.py:188} INFO - 2023-01-28 04:00:00+01:00 → Altitude: -55.87
[2025-07-29T15:31:15.249+0000] {logging_mixin.py:188} INFO - NASA GHI response keys: ['2023012800', '2023012801', '2023012802', '2023012803', '2023012804', '2023012805', '2023012806', '2023012807', '2023012808', '2023012809', '2023012810', '2023012811', '2023012812', '2023012813', '2023012814', '2023012815', '2023012816', '2023012817', '2023012818', '2023012819', '2023012820', '2023012821', '2023012822', '2023012823']
[2025-07-29T15:31:15.250+0000] {logging_mixin.py:188} INFO - 2023-01-28 05:00:00+01:00 → Altitude: -43.65
[2025-07-29T15:31:15.251+0000] {logging_mixin.py:188} INFO - NASA GHI response keys: ['2023012800', '2023012801', '2023012802', '2023012803', '2023012804', '2023012805', '2023012806', '2023012807', '2023012808', '2023012809', '2023012810', '2023012811', '2023012812', '2023012813', '2023012814', '2023012815', '2023012816', '2023012817', '2023012818', '2023012819', '2023012820', '2023012821', '2023012822', '2023012823']
[2025-07-29T15:31:15.252+0000] {logging_mixin.py:188} INFO - 2023-01-28 06:00:00+01:00 → Altitude: -31.17
[2025-07-29T15:31:15.253+0000] {logging_mixin.py:188} INFO - NASA GHI response keys: ['2023012800', '2023012801', '2023012802', '2023012803', '2023012804', '2023012805', '2023012806', '2023012807', '2023012808', '2023012809', '2023012810', '2023012811', '2023012812', '2023012813', '2023012814', '2023012815', '2023012816', '2023012817', '2023012818', '2023012819', '2023012820', '2023012821', '2023012822', '2023012823']
[2025-07-29T15:31:15.254+0000] {logging_mixin.py:188} INFO - 2023-01-28 07:00:00+01:00 → Altitude: -18.74
[2025-07-29T15:31:15.255+0000] {logging_mixin.py:188} INFO - NASA GHI response keys: ['2023012800', '2023012801', '2023012802', '2023012803', '2023012804', '2023012805', '2023012806', '2023012807', '2023012808', '2023012809', '2023012810', '2023012811', '2023012812', '2023012813', '2023012814', '2023012815', '2023012816', '2023012817', '2023012818', '2023012819', '2023012820', '2023012821', '2023012822', '2023012823']
[2025-07-29T15:31:15.256+0000] {logging_mixin.py:188} INFO - 2023-01-28 08:00:00+01:00 → Altitude: -6.57
[2025-07-29T15:31:15.257+0000] {logging_mixin.py:188} INFO - NASA GHI response keys: ['2023012800', '2023012801', '2023012802', '2023012803', '2023012804', '2023012805', '2023012806', '2023012807', '2023012808', '2023012809', '2023012810', '2023012811', '2023012812', '2023012813', '2023012814', '2023012815', '2023012816', '2023012817', '2023012818', '2023012819', '2023012820', '2023012821', '2023012822', '2023012823']
[2025-07-29T15:31:15.258+0000] {logging_mixin.py:188} INFO - 2023-01-28 09:00:00+01:00 → Altitude: 5.16
[2025-07-29T15:31:15.259+0000] {logging_mixin.py:188} INFO - NASA GHI response keys: ['2023012800', '2023012801', '2023012802', '2023012803', '2023012804', '2023012805', '2023012806', '2023012807', '2023012808', '2023012809', '2023012810', '2023012811', '2023012812', '2023012813', '2023012814', '2023012815', '2023012816', '2023012817', '2023012818', '2023012819', '2023012820', '2023012821', '2023012822', '2023012823']
[2025-07-29T15:31:15.260+0000] {logging_mixin.py:188} INFO - 2023-01-28 10:00:00+01:00 → Altitude: 15.83
[2025-07-29T15:31:15.261+0000] {logging_mixin.py:188} INFO - NASA GHI response keys: ['2023012800', '2023012801', '2023012802', '2023012803', '2023012804', '2023012805', '2023012806', '2023012807', '2023012808', '2023012809', '2023012810', '2023012811', '2023012812', '2023012813', '2023012814', '2023012815', '2023012816', '2023012817', '2023012818', '2023012819', '2023012820', '2023012821', '2023012822', '2023012823']
[2025-07-29T15:31:15.262+0000] {logging_mixin.py:188} INFO - 2023-01-28 11:00:00+01:00 → Altitude: 25.26
[2025-07-29T15:31:15.263+0000] {logging_mixin.py:188} INFO - NASA GHI response keys: ['2023012800', '2023012801', '2023012802', '2023012803', '2023012804', '2023012805', '2023012806', '2023012807', '2023012808', '2023012809', '2023012810', '2023012811', '2023012812', '2023012813', '2023012814', '2023012815', '2023012816', '2023012817', '2023012818', '2023012819', '2023012820', '2023012821', '2023012822', '2023012823']
[2025-07-29T15:31:15.264+0000] {logging_mixin.py:188} INFO - 2023-01-28 12:00:00+01:00 → Altitude: 32.70
[2025-07-29T15:31:15.265+0000] {logging_mixin.py:188} INFO - NASA GHI response keys: ['2023012800', '2023012801', '2023012802', '2023012803', '2023012804', '2023012805', '2023012806', '2023012807', '2023012808', '2023012809', '2023012810', '2023012811', '2023012812', '2023012813', '2023012814', '2023012815', '2023012816', '2023012817', '2023012818', '2023012819', '2023012820', '2023012821', '2023012822', '2023012823']
[2025-07-29T15:31:15.266+0000] {logging_mixin.py:188} INFO - 2023-01-28 13:00:00+01:00 → Altitude: 37.24
[2025-07-29T15:31:15.267+0000] {logging_mixin.py:188} INFO - NASA GHI response keys: ['2023012800', '2023012801', '2023012802', '2023012803', '2023012804', '2023012805', '2023012806', '2023012807', '2023012808', '2023012809', '2023012810', '2023012811', '2023012812', '2023012813', '2023012814', '2023012815', '2023012816', '2023012817', '2023012818', '2023012819', '2023012820', '2023012821', '2023012822', '2023012823']
[2025-07-29T15:31:15.268+0000] {logging_mixin.py:188} INFO - 2023-01-28 14:00:00+01:00 → Altitude: 38.12
[2025-07-29T15:31:15.269+0000] {logging_mixin.py:188} INFO - NASA GHI response keys: ['2023012800', '2023012801', '2023012802', '2023012803', '2023012804', '2023012805', '2023012806', '2023012807', '2023012808', '2023012809', '2023012810', '2023012811', '2023012812', '2023012813', '2023012814', '2023012815', '2023012816', '2023012817', '2023012818', '2023012819', '2023012820', '2023012821', '2023012822', '2023012823']
[2025-07-29T15:31:15.270+0000] {logging_mixin.py:188} INFO - 2023-01-28 15:00:00+01:00 → Altitude: 35.14
[2025-07-29T15:31:15.271+0000] {logging_mixin.py:188} INFO - NASA GHI response keys: ['2023012800', '2023012801', '2023012802', '2023012803', '2023012804', '2023012805', '2023012806', '2023012807', '2023012808', '2023012809', '2023012810', '2023012811', '2023012812', '2023012813', '2023012814', '2023012815', '2023012816', '2023012817', '2023012818', '2023012819', '2023012820', '2023012821', '2023012822', '2023012823']
[2025-07-29T15:31:15.272+0000] {logging_mixin.py:188} INFO - 2023-01-28 16:00:00+01:00 → Altitude: 28.89
[2025-07-29T15:31:15.273+0000] {logging_mixin.py:188} INFO - NASA GHI response keys: ['2023012800', '2023012801', '2023012802', '2023012803', '2023012804', '2023012805', '2023012806', '2023012807', '2023012808', '2023012809', '2023012810', '2023012811', '2023012812', '2023012813', '2023012814', '2023012815', '2023012816', '2023012817', '2023012818', '2023012819', '2023012820', '2023012821', '2023012822', '2023012823']
[2025-07-29T15:31:15.274+0000] {logging_mixin.py:188} INFO - 2023-01-28 17:00:00+01:00 → Altitude: 20.25
[2025-07-29T15:31:15.275+0000] {logging_mixin.py:188} INFO - NASA GHI response keys: ['2023012800', '2023012801', '2023012802', '2023012803', '2023012804', '2023012805', '2023012806', '2023012807', '2023012808', '2023012809', '2023012810', '2023012811', '2023012812', '2023012813', '2023012814', '2023012815', '2023012816', '2023012817', '2023012818', '2023012819', '2023012820', '2023012821', '2023012822', '2023012823']
[2025-07-29T15:31:15.276+0000] {logging_mixin.py:188} INFO - 2023-01-28 18:00:00+01:00 → Altitude: 10.04
[2025-07-29T15:31:15.277+0000] {logging_mixin.py:188} INFO - NASA GHI response keys: ['2023012800', '2023012801', '2023012802', '2023012803', '2023012804', '2023012805', '2023012806', '2023012807', '2023012808', '2023012809', '2023012810', '2023012811', '2023012812', '2023012813', '2023012814', '2023012815', '2023012816', '2023012817', '2023012818', '2023012819', '2023012820', '2023012821', '2023012822', '2023012823']
[2025-07-29T15:31:15.278+0000] {logging_mixin.py:188} INFO - 2023-01-28 19:00:00+01:00 → Altitude: -1.09
[2025-07-29T15:31:15.279+0000] {logging_mixin.py:188} INFO - NASA GHI response keys: ['2023012800', '2023012801', '2023012802', '2023012803', '2023012804', '2023012805', '2023012806', '2023012807', '2023012808', '2023012809', '2023012810', '2023012811', '2023012812', '2023012813', '2023012814', '2023012815', '2023012816', '2023012817', '2023012818', '2023012819', '2023012820', '2023012821', '2023012822', '2023012823']
[2025-07-29T15:31:15.280+0000] {logging_mixin.py:188} INFO - 2023-01-28 20:00:00+01:00 → Altitude: -13.25
[2025-07-29T15:31:15.281+0000] {logging_mixin.py:188} INFO - NASA GHI response keys: ['2023012800', '2023012801', '2023012802', '2023012803', '2023012804', '2023012805', '2023012806', '2023012807', '2023012808', '2023012809', '2023012810', '2023012811', '2023012812', '2023012813', '2023012814', '2023012815', '2023012816', '2023012817', '2023012818', '2023012819', '2023012820', '2023012821', '2023012822', '2023012823']
[2025-07-29T15:31:15.282+0000] {logging_mixin.py:188} INFO - 2023-01-28 21:00:00+01:00 → Altitude: -25.58
[2025-07-29T15:31:15.283+0000] {logging_mixin.py:188} INFO - NASA GHI response keys: ['2023012800', '2023012801', '2023012802', '2023012803', '2023012804', '2023012805', '2023012806', '2023012807', '2023012808', '2023012809', '2023012810', '2023012811', '2023012812', '2023012813', '2023012814', '2023012815', '2023012816', '2023012817', '2023012818', '2023012819', '2023012820', '2023012821', '2023012822', '2023012823']
[2025-07-29T15:31:15.284+0000] {logging_mixin.py:188} INFO - 2023-01-28 22:00:00+01:00 → Altitude: -38.06
[2025-07-29T15:31:15.285+0000] {logging_mixin.py:188} INFO - NASA GHI response keys: ['2023012800', '2023012801', '2023012802', '2023012803', '2023012804', '2023012805', '2023012806', '2023012807', '2023012808', '2023012809', '2023012810', '2023012811', '2023012812', '2023012813', '2023012814', '2023012815', '2023012816', '2023012817', '2023012818', '2023012819', '2023012820', '2023012821', '2023012822', '2023012823']
[2025-07-29T15:31:15.286+0000] {logging_mixin.py:188} INFO - 2023-01-28 23:00:00+01:00 → Altitude: -50.43
[2025-07-29T15:31:15.287+0000] {logging_mixin.py:188} INFO - NASA GHI response keys: ['2023012800', '2023012801', '2023012802', '2023012803', '2023012804', '2023012805', '2023012806', '2023012807', '2023012808', '2023012809', '2023012810', '2023012811', '2023012812', '2023012813', '2023012814', '2023012815', '2023012816', '2023012817', '2023012818', '2023012819', '2023012820', '2023012821', '2023012822', '2023012823']
[2025-07-29T15:31:15.289+0000] {python.py:237} INFO - Done. Returned value was: None
[2025-07-29T15:31:15.291+0000] {taskinstance.py:441} INFO - ::group::Post task execution logs
[2025-07-29T15:31:15.322+0000] {taskinstance.py:1206} INFO - Marking task as SUCCESS. dag_id=solar_ai_pipeline_2, task_id=fetch_data, run_id=scheduled__2023-01-28T00:00:00+00:00, execution_date=20230128T000000, start_date=20250729T153104, end_date=20250729T153115
[2025-07-29T15:31:15.480+0000] {local_task_job_runner.py:240} INFO - Task exited with return code 0
[2025-07-29T15:31:15.584+0000] {taskinstance.py:3503} INFO - 1 downstream tasks scheduled from follow-on schedule check
[2025-07-29T15:31:15.646+0000] {local_task_job_runner.py:222} INFO - ::endgroup::
