[2025-07-31T15:59:44.679+0000] {local_task_job_runner.py:120} INFO - ::group::Pre task execution logs
[2025-07-31T15:59:44.791+0000] {taskinstance.py:2076} INFO - Dependencies all met for dep_context=non-requeueable deps ti=<TaskInstance: solar_ai_pipeline_2.decide backfill__2024-01-09T00:00:00+00:00 [queued]>
[2025-07-31T15:59:44.837+0000] {taskinstance.py:2076} INFO - Dependencies all met for dep_context=requeueable deps ti=<TaskInstance: solar_ai_pipeline_2.decide backfill__2024-01-09T00:00:00+00:00 [queued]>
[2025-07-31T15:59:44.838+0000] {taskinstance.py:2306} INFO - Starting attempt 1 of 2
[2025-07-31T15:59:44.912+0000] {taskinstance.py:2330} INFO - Executing <Task(PythonOperator): decide> on 2024-01-09 00:00:00+00:00
[2025-07-31T15:59:44.919+0000] {standard_task_runner.py:63} INFO - Started process 89299 to run task
[2025-07-31T15:59:44.923+0000] {standard_task_runner.py:90} INFO - Running: ['airflow', 'tasks', 'run', 'solar_ai_pipeline_2', 'decide', 'backfill__2024-01-09T00:00:00+00:00', '--job-id', '3417', '--pool', 'default_pool', '--raw', '--subdir', 'DAGS_FOLDER/prophet_pipeline.py', '--cfg-path', '/tmp/tmpqcsz0jmt']
[2025-07-31T15:59:44.926+0000] {standard_task_runner.py:91} INFO - Job 3417: Subtask decide
[2025-07-31T15:59:45.102+0000] {task_command.py:426} INFO - Running <TaskInstance: solar_ai_pipeline_2.decide backfill__2024-01-09T00:00:00+00:00 [running]> on host a2a0dd314bdc
[2025-07-31T15:59:45.373+0000] {taskinstance.py:2648} INFO - Exporting env vars: AIRFLOW_CTX_DAG_OWNER='ensam' AIRFLOW_CTX_DAG_ID='solar_ai_pipeline_2' AIRFLOW_CTX_TASK_ID='decide' AIRFLOW_CTX_EXECUTION_DATE='2024-01-09T00:00:00+00:00' AIRFLOW_CTX_TRY_NUMBER='1' AIRFLOW_CTX_DAG_RUN_ID='backfill__2024-01-09T00:00:00+00:00'
[2025-07-31T15:59:45.374+0000] {taskinstance.py:430} INFO - ::endgroup::
[2025-07-31T15:59:45.959+0000] {logging_mixin.py:188} INFO - [INFO] Starting decision-making process...
[2025-07-31T15:59:45.980+0000] {logging_mixin.py:188} INFO - 📥 [INFO] Loading data...
[2025-07-31T15:59:46.037+0000] {logging_mixin.py:188} INFO - [INFO] 2024-01-08 23:00:00 → Ne pas chauffer (solaire ou inutilisé) | Temp: 0.06°C, Débit: 0.4639 m³/s, Irrad: 0.00 W/m²
[2025-07-31T15:59:46.038+0000] {logging_mixin.py:188} INFO - [INFO] 2024-01-09 00:00:00 → Ne pas chauffer (solaire ou inutilisé) | Temp: 0.06°C, Débit: 0.3781 m³/s, Irrad: 0.00 W/m²
[2025-07-31T15:59:46.039+0000] {logging_mixin.py:188} INFO - [INFO] 2024-01-09 01:00:00 → Ne pas chauffer (solaire ou inutilisé) | Temp: 0.08°C, Débit: 0.2551 m³/s, Irrad: 0.00 W/m²
[2025-07-31T15:59:46.040+0000] {logging_mixin.py:188} INFO - [INFO] 2024-01-09 02:00:00 → Ne pas chauffer (solaire ou inutilisé) | Temp: 0.10°C, Débit: 0.1151 m³/s, Irrad: 0.00 W/m²
[2025-07-31T15:59:46.040+0000] {logging_mixin.py:188} INFO - [INFO] 2024-01-09 03:00:00 → Ne pas chauffer (solaire ou inutilisé) | Temp: 0.11°C, Débit: 0.0162 m³/s, Irrad: 0.00 W/m²
[2025-07-31T15:59:46.041+0000] {logging_mixin.py:188} INFO - [INFO] 2024-01-09 04:00:00 → Ne pas chauffer (solaire ou inutilisé) | Temp: 0.10°C, Débit: 0.0084 m³/s, Irrad: 0.00 W/m²
[2025-07-31T15:59:46.042+0000] {logging_mixin.py:188} INFO - [INFO] 2024-01-09 05:00:00 → Ne pas chauffer (solaire ou inutilisé) | Temp: 0.09°C, Débit: 0.0849 m³/s, Irrad: 0.00 W/m²
[2025-07-31T15:59:46.043+0000] {logging_mixin.py:188} INFO - [INFO] 2024-01-09 06:00:00 → Ne pas chauffer (solaire ou inutilisé) | Temp: 0.11°C, Débit: 0.1807 m³/s, Irrad: 0.00 W/m²
[2025-07-31T15:59:46.044+0000] {logging_mixin.py:188} INFO - [INFO] 2024-01-09 07:00:00 → Ne pas chauffer (solaire ou inutilisé) | Temp: 0.20°C, Débit: 0.2232 m³/s, Irrad: 0.11 W/m²
[2025-07-31T15:59:46.045+0000] {logging_mixin.py:188} INFO - [INFO] 2024-01-09 08:00:00 → Ne pas chauffer (solaire ou inutilisé) | Temp: 0.36°C, Débit: 0.1925 m³/s, Irrad: 0.37 W/m²
[2025-07-31T15:59:46.045+0000] {logging_mixin.py:188} INFO - [INFO] 2024-01-09 09:00:00 → Ne pas chauffer (solaire ou inutilisé) | Temp: 0.55°C, Débit: 0.1367 m³/s, Irrad: 0.67 W/m²
[2025-07-31T15:59:46.046+0000] {logging_mixin.py:188} INFO - [INFO] 2024-01-09 10:00:00 → Ne pas chauffer (solaire ou inutilisé) | Temp: 0.72°C, Débit: 0.1294 m³/s, Irrad: 0.91 W/m²
[2025-07-31T15:59:46.047+0000] {logging_mixin.py:188} INFO - [INFO] 2024-01-09 11:00:00 → Ne pas chauffer (solaire ou inutilisé) | Temp: 0.84°C, Débit: 0.2072 m³/s, Irrad: 1.00 W/m²
[2025-07-31T15:59:46.048+0000] {logging_mixin.py:188} INFO - [INFO] 2024-01-09 12:00:00 → Ne pas chauffer (solaire ou inutilisé) | Temp: 0.87°C, Débit: 0.3434 m³/s, Irrad: 0.79 W/m²
[2025-07-31T15:59:46.049+0000] {logging_mixin.py:188} INFO - [INFO] 2024-01-09 13:00:00 → Ne pas chauffer (solaire ou inutilisé) | Temp: 0.83°C, Débit: 0.4778 m³/s, Irrad: 0.60 W/m²
[2025-07-31T15:59:46.050+0000] {logging_mixin.py:188} INFO - [INFO] 2024-01-09 14:00:00 → Ne pas chauffer (solaire ou inutilisé) | Temp: 0.72°C, Débit: 0.5697 m³/s, Irrad: 0.39 W/m²
[2025-07-31T15:59:46.051+0000] {logging_mixin.py:188} INFO - [INFO] 2024-01-09 15:00:00 → Ne pas chauffer (solaire ou inutilisé) | Temp: 0.55°C, Débit: 0.6238 m³/s, Irrad: 0.16 W/m²
[2025-07-31T15:59:46.052+0000] {logging_mixin.py:188} INFO - [INFO] 2024-01-09 16:00:00 → Ne pas chauffer (solaire ou inutilisé) | Temp: 0.36°C, Débit: 0.6700 m³/s, Irrad: 0.01 W/m²
[2025-07-31T15:59:46.052+0000] {logging_mixin.py:188} INFO - [INFO] 2024-01-09 17:00:00 → Ne pas chauffer (solaire ou inutilisé) | Temp: 0.19°C, Débit: 0.7219 m³/s, Irrad: 0.00 W/m²
[2025-07-31T15:59:46.053+0000] {logging_mixin.py:188} INFO - [INFO] 2024-01-09 18:00:00 → Ne pas chauffer (solaire ou inutilisé) | Temp: 0.08°C, Débit: 0.7596 m³/s, Irrad: 0.00 W/m²
[2025-07-31T15:59:46.054+0000] {logging_mixin.py:188} INFO - [INFO] 2024-01-09 19:00:00 → Ne pas chauffer (solaire ou inutilisé) | Temp: 0.04°C, Débit: 0.7521 m³/s, Irrad: 0.00 W/m²
[2025-07-31T15:59:46.055+0000] {logging_mixin.py:188} INFO - [INFO] 2024-01-09 20:00:00 → Ne pas chauffer (solaire ou inutilisé) | Temp: 0.05°C, Débit: 0.6923 m³/s, Irrad: 0.00 W/m²
[2025-07-31T15:59:46.056+0000] {logging_mixin.py:188} INFO - [INFO] 2024-01-09 21:00:00 → Ne pas chauffer (solaire ou inutilisé) | Temp: 0.07°C, Débit: 0.6064 m³/s, Irrad: 0.00 W/m²
[2025-07-31T15:59:46.057+0000] {logging_mixin.py:188} INFO - [INFO] 2024-01-09 22:00:00 → Ne pas chauffer (solaire ou inutilisé) | Temp: 0.08°C, Débit: 0.5266 m³/s, Irrad: 0.00 W/m²
[2025-07-31T15:59:46.074+0000] {logging_mixin.py:188} INFO - [INFO] All hourly decisions saved to /opt/airflow/dags/logs/decision_2024-01-09.csv
[2025-07-31T15:59:46.172+0000] {python.py:237} INFO - Done. Returned value was: [{'datetime': '2024-01-08 23:00:00', 'temp': 0.06, 'flow': 0.4639, 'irradiance': 0.0, 'action': 0, 'text': 'Ne pas chauffer (solaire ou inutilisé)'}, {'datetime': '2024-01-09 00:00:00', 'temp': 0.06, 'flow': 0.3781, 'irradiance': 0.0, 'action': 0, 'text': 'Ne pas chauffer (solaire ou inutilisé)'}, {'datetime': '2024-01-09 01:00:00', 'temp': 0.08, 'flow': 0.2551, 'irradiance': 0.0, 'action': 0, 'text': 'Ne pas chauffer (solaire ou inutilisé)'}, {'datetime': '2024-01-09 02:00:00', 'temp': 0.1, 'flow': 0.1151, 'irradiance': 0.0, 'action': 0, 'text': 'Ne pas chauffer (solaire ou inutilisé)'}, {'datetime': '2024-01-09 03:00:00', 'temp': 0.11, 'flow': 0.0162, 'irradiance': 0.0, 'action': 0, 'text': 'Ne pas chauffer (solaire ou inutilisé)'}, {'datetime': '2024-01-09 04:00:00', 'temp': 0.1, 'flow': 0.0084, 'irradiance': 0.0, 'action': 0, 'text': 'Ne pas chauffer (solaire ou inutilisé)'}, {'datetime': '2024-01-09 05:00:00', 'temp': 0.09, 'flow': 0.0849, 'irradiance': 0.0, 'action': 0, 'text': 'Ne pas chauffer (solaire ou inutilisé)'}, {'datetime': '2024-01-09 06:00:00', 'temp': 0.11, 'flow': 0.1807, 'irradiance': 0.0, 'action': 0, 'text': 'Ne pas chauffer (solaire ou inutilisé)'}, {'datetime': '2024-01-09 07:00:00', 'temp': 0.2, 'flow': 0.2232, 'irradiance': 0.11, 'action': 0, 'text': 'Ne pas chauffer (solaire ou inutilisé)'}, {'datetime': '2024-01-09 08:00:00', 'temp': 0.36, 'flow': 0.1925, 'irradiance': 0.37, 'action': 0, 'text': 'Ne pas chauffer (solaire ou inutilisé)'}, {'datetime': '2024-01-09 09:00:00', 'temp': 0.55, 'flow': 0.1367, 'irradiance': 0.67, 'action': 0, 'text': 'Ne pas chauffer (solaire ou inutilisé)'}, {'datetime': '2024-01-09 10:00:00', 'temp': 0.72, 'flow': 0.1294, 'irradiance': 0.91, 'action': 0, 'text': 'Ne pas chauffer (solaire ou inutilisé)'}, {'datetime': '2024-01-09 11:00:00', 'temp': 0.84, 'flow': 0.2072, 'irradiance': 1.0, 'action': 0, 'text': 'Ne pas chauffer (solaire ou inutilisé)'}, {'datetime': '2024-01-09 12:00:00', 'temp': 0.87, 'flow': 0.3434, 'irradiance': 0.79, 'action': 0, 'text': 'Ne pas chauffer (solaire ou inutilisé)'}, {'datetime': '2024-01-09 13:00:00', 'temp': 0.83, 'flow': 0.4778, 'irradiance': 0.6, 'action': 0, 'text': 'Ne pas chauffer (solaire ou inutilisé)'}, {'datetime': '2024-01-09 14:00:00', 'temp': 0.72, 'flow': 0.5697, 'irradiance': 0.39, 'action': 0, 'text': 'Ne pas chauffer (solaire ou inutilisé)'}, {'datetime': '2024-01-09 15:00:00', 'temp': 0.55, 'flow': 0.6238, 'irradiance': 0.16, 'action': 0, 'text': 'Ne pas chauffer (solaire ou inutilisé)'}, {'datetime': '2024-01-09 16:00:00', 'temp': 0.36, 'flow': 0.67, 'irradiance': 0.01, 'action': 0, 'text': 'Ne pas chauffer (solaire ou inutilisé)'}, {'datetime': '2024-01-09 17:00:00', 'temp': 0.19, 'flow': 0.7219, 'irradiance': 0.0, 'action': 0, 'text': 'Ne pas chauffer (solaire ou inutilisé)'}, {'datetime': '2024-01-09 18:00:00', 'temp': 0.08, 'flow': 0.7596, 'irradiance': 0.0, 'action': 0, 'text': 'Ne pas chauffer (solaire ou inutilisé)'}, {'datetime': '2024-01-09 19:00:00', 'temp': 0.04, 'flow': 0.7521, 'irradiance': 0.0, 'action': 0, 'text': 'Ne pas chauffer (solaire ou inutilisé)'}, {'datetime': '2024-01-09 20:00:00', 'temp': 0.05, 'flow': 0.6923, 'irradiance': 0.0, 'action': 0, 'text': 'Ne pas chauffer (solaire ou inutilisé)'}, {'datetime': '2024-01-09 21:00:00', 'temp': 0.07, 'flow': 0.6064, 'irradiance': 0.0, 'action': 0, 'text': 'Ne pas chauffer (solaire ou inutilisé)'}, {'datetime': '2024-01-09 22:00:00', 'temp': 0.08, 'flow': 0.5266, 'irradiance': 0.0, 'action': 0, 'text': 'Ne pas chauffer (solaire ou inutilisé)'}]
[2025-07-31T15:59:46.173+0000] {taskinstance.py:441} INFO - ::group::Post task execution logs
[2025-07-31T15:59:46.262+0000] {taskinstance.py:1206} INFO - Marking task as SUCCESS. dag_id=solar_ai_pipeline_2, task_id=decide, run_id=backfill__2024-01-09T00:00:00+00:00, execution_date=20240109T000000, start_date=20250731T155944, end_date=20250731T155946
[2025-07-31T15:59:46.385+0000] {local_task_job_runner.py:240} INFO - Task exited with return code 0
[2025-07-31T15:59:46.459+0000] {taskinstance.py:3503} INFO - 0 downstream tasks scheduled from follow-on schedule check
[2025-07-31T15:59:46.462+0000] {local_task_job_runner.py:222} INFO - ::endgroup::
