[2025-07-29T15:35:46.194+0000] {local_task_job_runner.py:120} INFO - ::group::Pre task execution logs
[2025-07-29T15:35:46.249+0000] {taskinstance.py:2076} INFO - Dependencies all met for dep_context=non-requeueable deps ti=<TaskInstance: solar_ai_pipeline_2.fetch_data scheduled__2023-01-04T00:00:00+00:00 [queued]>
[2025-07-29T15:35:46.273+0000] {taskinstance.py:2076} INFO - Dependencies all met for dep_context=requeueable deps ti=<TaskInstance: solar_ai_pipeline_2.fetch_data scheduled__2023-01-04T00:00:00+00:00 [queued]>
[2025-07-29T15:35:46.274+0000] {taskinstance.py:2306} INFO - Starting attempt 3 of 4
[2025-07-29T15:35:46.365+0000] {taskinstance.py:2330} INFO - Executing <Task(PythonOperator): fetch_data> on 2023-01-04 00:00:00+00:00
[2025-07-29T15:35:46.376+0000] {standard_task_runner.py:63} INFO - Started process 2167 to run task
[2025-07-29T15:35:46.388+0000] {standard_task_runner.py:90} INFO - Running: ['airflow', 'tasks', 'run', 'solar_ai_pipeline_2', 'fetch_data', 'scheduled__2023-01-04T00:00:00+00:00', '--job-id', '1393', '--raw', '--subdir', 'DAGS_FOLDER/prophet_pipeline.py', '--cfg-path', '/tmp/tmpk45wg4_5']
[2025-07-29T15:35:46.393+0000] {standard_task_runner.py:91} INFO - Job 1393: Subtask fetch_data
[2025-07-29T15:35:46.707+0000] {task_command.py:426} INFO - Running <TaskInstance: solar_ai_pipeline_2.fetch_data scheduled__2023-01-04T00:00:00+00:00 [running]> on host 4c586ddbbbe9
[2025-07-29T15:35:47.104+0000] {taskinstance.py:2648} INFO - Exporting env vars: AIRFLOW_CTX_DAG_OWNER='ensam' AIRFLOW_CTX_DAG_ID='solar_ai_pipeline_2' AIRFLOW_CTX_TASK_ID='fetch_data' AIRFLOW_CTX_EXECUTION_DATE='2023-01-04T00:00:00+00:00' AIRFLOW_CTX_TRY_NUMBER='3' AIRFLOW_CTX_DAG_RUN_ID='scheduled__2023-01-04T00:00:00+00:00'
[2025-07-29T15:35:47.106+0000] {taskinstance.py:430} INFO - ::endgroup::
[2025-07-29T15:35:58.171+0000] {logging_mixin.py:188} INFO - Données simulées pour 2023-01-04 sauvegardées dans dags/data/processed/simulated_solar_heating_2023-01-04.csv
[2025-07-29T15:35:58.175+0000] {logging_mixin.py:188} INFO - count     24.000000
mean      91.559525
std      142.719621
min        0.000000
25%        0.000000
50%        0.000000
75%      167.997100
max      403.272000
Name: solar_irradiance, dtype: float64
[2025-07-29T15:35:58.176+0000] {logging_mixin.py:188} INFO - 2023-01-04 00:00:00+01:00 → Altitude: -66.53
[2025-07-29T15:35:58.177+0000] {logging_mixin.py:188} INFO - NASA GHI response keys: ['2023010400', '2023010401', '2023010402', '2023010403', '2023010404', '2023010405', '2023010406', '2023010407', '2023010408', '2023010409', '2023010410', '2023010411', '2023010412', '2023010413', '2023010414', '2023010415', '2023010416', '2023010417', '2023010418', '2023010419', '2023010420', '2023010421', '2023010422', '2023010423']
[2025-07-29T15:35:58.178+0000] {logging_mixin.py:188} INFO - 2023-01-04 01:00:00+01:00 → Altitude: -76.74
[2025-07-29T15:35:58.178+0000] {logging_mixin.py:188} INFO - NASA GHI response keys: ['2023010400', '2023010401', '2023010402', '2023010403', '2023010404', '2023010405', '2023010406', '2023010407', '2023010408', '2023010409', '2023010410', '2023010411', '2023010412', '2023010413', '2023010414', '2023010415', '2023010416', '2023010417', '2023010418', '2023010419', '2023010420', '2023010421', '2023010422', '2023010423']
[2025-07-29T15:35:58.179+0000] {logging_mixin.py:188} INFO - 2023-01-04 02:00:00+01:00 → Altitude: -77.88
[2025-07-29T15:35:58.180+0000] {logging_mixin.py:188} INFO - NASA GHI response keys: ['2023010400', '2023010401', '2023010402', '2023010403', '2023010404', '2023010405', '2023010406', '2023010407', '2023010408', '2023010409', '2023010410', '2023010411', '2023010412', '2023010413', '2023010414', '2023010415', '2023010416', '2023010417', '2023010418', '2023010419', '2023010420', '2023010421', '2023010422', '2023010423']
[2025-07-29T15:35:58.181+0000] {logging_mixin.py:188} INFO - 2023-01-04 03:00:00+01:00 → Altitude: -68.44
[2025-07-29T15:35:58.181+0000] {logging_mixin.py:188} INFO - NASA GHI response keys: ['2023010400', '2023010401', '2023010402', '2023010403', '2023010404', '2023010405', '2023010406', '2023010407', '2023010408', '2023010409', '2023010410', '2023010411', '2023010412', '2023010413', '2023010414', '2023010415', '2023010416', '2023010417', '2023010418', '2023010419', '2023010420', '2023010421', '2023010422', '2023010423']
[2025-07-29T15:35:58.182+0000] {logging_mixin.py:188} INFO - 2023-01-04 04:00:00+01:00 → Altitude: -56.46
[2025-07-29T15:35:58.183+0000] {logging_mixin.py:188} INFO - NASA GHI response keys: ['2023010400', '2023010401', '2023010402', '2023010403', '2023010404', '2023010405', '2023010406', '2023010407', '2023010408', '2023010409', '2023010410', '2023010411', '2023010412', '2023010413', '2023010414', '2023010415', '2023010416', '2023010417', '2023010418', '2023010419', '2023010420', '2023010421', '2023010422', '2023010423']
[2025-07-29T15:35:58.184+0000] {logging_mixin.py:188} INFO - 2023-01-04 05:00:00+01:00 → Altitude: -44.01
[2025-07-29T15:35:58.184+0000] {logging_mixin.py:188} INFO - NASA GHI response keys: ['2023010400', '2023010401', '2023010402', '2023010403', '2023010404', '2023010405', '2023010406', '2023010407', '2023010408', '2023010409', '2023010410', '2023010411', '2023010412', '2023010413', '2023010414', '2023010415', '2023010416', '2023010417', '2023010418', '2023010419', '2023010420', '2023010421', '2023010422', '2023010423']
[2025-07-29T15:35:58.185+0000] {logging_mixin.py:188} INFO - 2023-01-04 06:00:00+01:00 → Altitude: -31.56
[2025-07-29T15:35:58.186+0000] {logging_mixin.py:188} INFO - NASA GHI response keys: ['2023010400', '2023010401', '2023010402', '2023010403', '2023010404', '2023010405', '2023010406', '2023010407', '2023010408', '2023010409', '2023010410', '2023010411', '2023010412', '2023010413', '2023010414', '2023010415', '2023010416', '2023010417', '2023010418', '2023010419', '2023010420', '2023010421', '2023010422', '2023010423']
[2025-07-29T15:35:58.187+0000] {logging_mixin.py:188} INFO - 2023-01-04 07:00:00+01:00 → Altitude: -19.31
[2025-07-29T15:35:58.187+0000] {logging_mixin.py:188} INFO - NASA GHI response keys: ['2023010400', '2023010401', '2023010402', '2023010403', '2023010404', '2023010405', '2023010406', '2023010407', '2023010408', '2023010409', '2023010410', '2023010411', '2023010412', '2023010413', '2023010414', '2023010415', '2023010416', '2023010417', '2023010418', '2023010419', '2023010420', '2023010421', '2023010422', '2023010423']
[2025-07-29T15:35:58.188+0000] {logging_mixin.py:188} INFO - 2023-01-04 08:00:00+01:00 → Altitude: -7.45
[2025-07-29T15:35:58.189+0000] {logging_mixin.py:188} INFO - NASA GHI response keys: ['2023010400', '2023010401', '2023010402', '2023010403', '2023010404', '2023010405', '2023010406', '2023010407', '2023010408', '2023010409', '2023010410', '2023010411', '2023010412', '2023010413', '2023010414', '2023010415', '2023010416', '2023010417', '2023010418', '2023010419', '2023010420', '2023010421', '2023010422', '2023010423']
[2025-07-29T15:35:58.190+0000] {logging_mixin.py:188} INFO - 2023-01-04 09:00:00+01:00 → Altitude: 3.90
[2025-07-29T15:35:58.190+0000] {logging_mixin.py:188} INFO - NASA GHI response keys: ['2023010400', '2023010401', '2023010402', '2023010403', '2023010404', '2023010405', '2023010406', '2023010407', '2023010408', '2023010409', '2023010410', '2023010411', '2023010412', '2023010413', '2023010414', '2023010415', '2023010416', '2023010417', '2023010418', '2023010419', '2023010420', '2023010421', '2023010422', '2023010423']
[2025-07-29T15:35:58.191+0000] {logging_mixin.py:188} INFO - 2023-01-04 10:00:00+01:00 → Altitude: 13.97
[2025-07-29T15:35:58.192+0000] {logging_mixin.py:188} INFO - NASA GHI response keys: ['2023010400', '2023010401', '2023010402', '2023010403', '2023010404', '2023010405', '2023010406', '2023010407', '2023010408', '2023010409', '2023010410', '2023010411', '2023010412', '2023010413', '2023010414', '2023010415', '2023010416', '2023010417', '2023010418', '2023010419', '2023010420', '2023010421', '2023010422', '2023010423']
[2025-07-29T15:35:58.193+0000] {logging_mixin.py:188} INFO - 2023-01-04 11:00:00+01:00 → Altitude: 22.71
[2025-07-29T15:35:58.193+0000] {logging_mixin.py:188} INFO - NASA GHI response keys: ['2023010400', '2023010401', '2023010402', '2023010403', '2023010404', '2023010405', '2023010406', '2023010407', '2023010408', '2023010409', '2023010410', '2023010411', '2023010412', '2023010413', '2023010414', '2023010415', '2023010416', '2023010417', '2023010418', '2023010419', '2023010420', '2023010421', '2023010422', '2023010423']
[2025-07-29T15:35:58.194+0000] {logging_mixin.py:188} INFO - 2023-01-04 12:00:00+01:00 → Altitude: 29.35
[2025-07-29T15:35:58.195+0000] {logging_mixin.py:188} INFO - NASA GHI response keys: ['2023010400', '2023010401', '2023010402', '2023010403', '2023010404', '2023010405', '2023010406', '2023010407', '2023010408', '2023010409', '2023010410', '2023010411', '2023010412', '2023010413', '2023010414', '2023010415', '2023010416', '2023010417', '2023010418', '2023010419', '2023010420', '2023010421', '2023010422', '2023010423']
[2025-07-29T15:35:58.196+0000] {logging_mixin.py:188} INFO - 2023-01-04 13:00:00+01:00 → Altitude: 33.12
[2025-07-29T15:35:58.196+0000] {logging_mixin.py:188} INFO - NASA GHI response keys: ['2023010400', '2023010401', '2023010402', '2023010403', '2023010404', '2023010405', '2023010406', '2023010407', '2023010408', '2023010409', '2023010410', '2023010411', '2023010412', '2023010413', '2023010414', '2023010415', '2023010416', '2023010417', '2023010418', '2023010419', '2023010420', '2023010421', '2023010422', '2023010423']
[2025-07-29T15:35:58.197+0000] {logging_mixin.py:188} INFO - 2023-01-04 14:00:00+01:00 → Altitude: 33.43
[2025-07-29T15:35:58.198+0000] {logging_mixin.py:188} INFO - NASA GHI response keys: ['2023010400', '2023010401', '2023010402', '2023010403', '2023010404', '2023010405', '2023010406', '2023010407', '2023010408', '2023010409', '2023010410', '2023010411', '2023010412', '2023010413', '2023010414', '2023010415', '2023010416', '2023010417', '2023010418', '2023010419', '2023010420', '2023010421', '2023010422', '2023010423']
[2025-07-29T15:35:58.199+0000] {logging_mixin.py:188} INFO - 2023-01-04 15:00:00+01:00 → Altitude: 30.24
[2025-07-29T15:35:58.199+0000] {logging_mixin.py:188} INFO - NASA GHI response keys: ['2023010400', '2023010401', '2023010402', '2023010403', '2023010404', '2023010405', '2023010406', '2023010407', '2023010408', '2023010409', '2023010410', '2023010411', '2023010412', '2023010413', '2023010414', '2023010415', '2023010416', '2023010417', '2023010418', '2023010419', '2023010420', '2023010421', '2023010422', '2023010423']
[2025-07-29T15:35:58.200+0000] {logging_mixin.py:188} INFO - 2023-01-04 16:00:00+01:00 → Altitude: 24.05
[2025-07-29T15:35:58.201+0000] {logging_mixin.py:188} INFO - NASA GHI response keys: ['2023010400', '2023010401', '2023010402', '2023010403', '2023010404', '2023010405', '2023010406', '2023010407', '2023010408', '2023010409', '2023010410', '2023010411', '2023010412', '2023010413', '2023010414', '2023010415', '2023010416', '2023010417', '2023010418', '2023010419', '2023010420', '2023010421', '2023010422', '2023010423']
[2025-07-29T15:35:58.202+0000] {logging_mixin.py:188} INFO - 2023-01-04 17:00:00+01:00 → Altitude: 15.63
[2025-07-29T15:35:58.203+0000] {logging_mixin.py:188} INFO - NASA GHI response keys: ['2023010400', '2023010401', '2023010402', '2023010403', '2023010404', '2023010405', '2023010406', '2023010407', '2023010408', '2023010409', '2023010410', '2023010411', '2023010412', '2023010413', '2023010414', '2023010415', '2023010416', '2023010417', '2023010418', '2023010419', '2023010420', '2023010421', '2023010422', '2023010423']
[2025-07-29T15:35:58.203+0000] {logging_mixin.py:188} INFO - 2023-01-04 18:00:00+01:00 → Altitude: 5.72
[2025-07-29T15:35:58.204+0000] {logging_mixin.py:188} INFO - NASA GHI response keys: ['2023010400', '2023010401', '2023010402', '2023010403', '2023010404', '2023010405', '2023010406', '2023010407', '2023010408', '2023010409', '2023010410', '2023010411', '2023010412', '2023010413', '2023010414', '2023010415', '2023010416', '2023010417', '2023010418', '2023010419', '2023010420', '2023010421', '2023010422', '2023010423']
[2025-07-29T15:35:58.205+0000] {logging_mixin.py:188} INFO - 2023-01-04 19:00:00+01:00 → Altitude: -5.41
[2025-07-29T15:35:58.206+0000] {logging_mixin.py:188} INFO - NASA GHI response keys: ['2023010400', '2023010401', '2023010402', '2023010403', '2023010404', '2023010405', '2023010406', '2023010407', '2023010408', '2023010409', '2023010410', '2023010411', '2023010412', '2023010413', '2023010414', '2023010415', '2023010416', '2023010417', '2023010418', '2023010419', '2023010420', '2023010421', '2023010422', '2023010423']
[2025-07-29T15:35:58.206+0000] {logging_mixin.py:188} INFO - 2023-01-04 20:00:00+01:00 → Altitude: -17.19
[2025-07-29T15:35:58.207+0000] {logging_mixin.py:188} INFO - NASA GHI response keys: ['2023010400', '2023010401', '2023010402', '2023010403', '2023010404', '2023010405', '2023010406', '2023010407', '2023010408', '2023010409', '2023010410', '2023010411', '2023010412', '2023010413', '2023010414', '2023010415', '2023010416', '2023010417', '2023010418', '2023010419', '2023010420', '2023010421', '2023010422', '2023010423']
[2025-07-29T15:35:58.208+0000] {logging_mixin.py:188} INFO - 2023-01-04 21:00:00+01:00 → Altitude: -29.38
[2025-07-29T15:35:58.209+0000] {logging_mixin.py:188} INFO - NASA GHI response keys: ['2023010400', '2023010401', '2023010402', '2023010403', '2023010404', '2023010405', '2023010406', '2023010407', '2023010408', '2023010409', '2023010410', '2023010411', '2023010412', '2023010413', '2023010414', '2023010415', '2023010416', '2023010417', '2023010418', '2023010419', '2023010420', '2023010421', '2023010422', '2023010423']
[2025-07-29T15:35:58.209+0000] {logging_mixin.py:188} INFO - 2023-01-04 22:00:00+01:00 → Altitude: -41.81
[2025-07-29T15:35:58.210+0000] {logging_mixin.py:188} INFO - NASA GHI response keys: ['2023010400', '2023010401', '2023010402', '2023010403', '2023010404', '2023010405', '2023010406', '2023010407', '2023010408', '2023010409', '2023010410', '2023010411', '2023010412', '2023010413', '2023010414', '2023010415', '2023010416', '2023010417', '2023010418', '2023010419', '2023010420', '2023010421', '2023010422', '2023010423']
[2025-07-29T15:35:58.211+0000] {logging_mixin.py:188} INFO - 2023-01-04 23:00:00+01:00 → Altitude: -54.28
[2025-07-29T15:35:58.211+0000] {logging_mixin.py:188} INFO - NASA GHI response keys: ['2023010400', '2023010401', '2023010402', '2023010403', '2023010404', '2023010405', '2023010406', '2023010407', '2023010408', '2023010409', '2023010410', '2023010411', '2023010412', '2023010413', '2023010414', '2023010415', '2023010416', '2023010417', '2023010418', '2023010419', '2023010420', '2023010421', '2023010422', '2023010423']
[2025-07-29T15:35:58.213+0000] {python.py:237} INFO - Done. Returned value was: None
[2025-07-29T15:35:58.215+0000] {taskinstance.py:441} INFO - ::group::Post task execution logs
[2025-07-29T15:35:58.239+0000] {taskinstance.py:1206} INFO - Marking task as SUCCESS. dag_id=solar_ai_pipeline_2, task_id=fetch_data, run_id=scheduled__2023-01-04T00:00:00+00:00, execution_date=20230104T000000, start_date=20250729T153546, end_date=20250729T153558
[2025-07-29T15:35:58.365+0000] {local_task_job_runner.py:240} INFO - Task exited with return code 0
[2025-07-29T15:35:58.447+0000] {taskinstance.py:3503} INFO - 1 downstream tasks scheduled from follow-on schedule check
[2025-07-29T15:35:58.511+0000] {local_task_job_runner.py:222} INFO - ::endgroup::
