[2025-07-31T16:31:20.142+0000] {local_task_job_runner.py:120} INFO - ::group::Pre task execution logs
[2025-07-31T16:31:20.215+0000] {taskinstance.py:2076} INFO - Dependencies all met for dep_context=non-requeueable deps ti=<TaskInstance: solar_ai_pipeline_2.train_rl scheduled__2024-01-13T00:00:00+00:00 [queued]>
[2025-07-31T16:31:20.245+0000] {taskinstance.py:2076} INFO - Dependencies all met for dep_context=requeueable deps ti=<TaskInstance: solar_ai_pipeline_2.train_rl scheduled__2024-01-13T00:00:00+00:00 [queued]>
[2025-07-31T16:31:20.246+0000] {taskinstance.py:2306} INFO - Starting attempt 3 of 4
[2025-07-31T16:31:20.295+0000] {taskinstance.py:2330} INFO - Executing <Task(PythonOperator): train_rl> on 2024-01-13 00:00:00+00:00
[2025-07-31T16:31:20.301+0000] {standard_task_runner.py:63} INFO - Started process 91124 to run task
[2025-07-31T16:31:20.304+0000] {standard_task_runner.py:90} INFO - Running: ['airflow', 'tasks', 'run', 'solar_ai_pipeline_2', 'train_rl', 'scheduled__2024-01-13T00:00:00+00:00', '--job-id', '3428', '--raw', '--subdir', 'DAGS_FOLDER/prophet_pipeline.py', '--cfg-path', '/tmp/tmpzj3hh3yd']
[2025-07-31T16:31:20.307+0000] {standard_task_runner.py:91} INFO - Job 3428: Subtask train_rl
[2025-07-31T16:31:20.426+0000] {task_command.py:426} INFO - Running <TaskInstance: solar_ai_pipeline_2.train_rl scheduled__2024-01-13T00:00:00+00:00 [running]> on host a2a0dd314bdc
[2025-07-31T16:31:20.647+0000] {taskinstance.py:2648} INFO - Exporting env vars: AIRFLOW_CTX_DAG_OWNER='ensam' AIRFLOW_CTX_DAG_ID='solar_ai_pipeline_2' AIRFLOW_CTX_TASK_ID='train_rl' AIRFLOW_CTX_EXECUTION_DATE='2024-01-13T00:00:00+00:00' AIRFLOW_CTX_TRY_NUMBER='3' AIRFLOW_CTX_DAG_RUN_ID='scheduled__2024-01-13T00:00:00+00:00'
[2025-07-31T16:31:20.648+0000] {taskinstance.py:430} INFO - ::endgroup::
[2025-07-31T16:31:21.388+0000] {logging_mixin.py:188} INFO - [INFO] Starting Q-learning process...
[2025-07-31T16:31:21.499+0000] {logging_mixin.py:188} INFO - [INFO] Loading data files...
[2025-07-31T16:31:22.230+0000] {logging_mixin.py:188} INFO - [INFO] Merged dataset contains 3168 rows
[2025-07-31T16:31:22.239+0000] {logging_mixin.py:188} INFO - [INFO] Loaded existing Q-table
[2025-07-31T16:31:22.252+0000] {logging_mixin.py:188} INFO - [INFO] Starting Q-learning training...
[2025-07-31T16:31:22.867+0000] {logging_mixin.py:188} INFO - [DEBUG] Reward counters snapshot: {'low_temp_low_solar': 1060, 'high_temp_high_solar': 310, 'high_flow_low_temp': 127, 'other': 214}
[2025-07-31T16:31:22.867+0000] {logging_mixin.py:188} INFO - [DEBUG] Epoch 0: Total reward = -457.90, Epsilon = 0.9950
[2025-07-31T16:31:54.638+0000] {logging_mixin.py:188} INFO - [DEBUG] Epoch 50: Total reward = 271.20, Epsilon = 0.7744
[2025-07-31T16:32:25.869+0000] {logging_mixin.py:188} INFO - [DEBUG] Epoch 100: Total reward = 764.30, Epsilon = 0.6027
[2025-07-31T16:32:56.944+0000] {logging_mixin.py:188} INFO - [DEBUG] Epoch 150: Total reward = 1120.30, Epsilon = 0.4691
[2025-07-31T16:33:27.609+0000] {logging_mixin.py:188} INFO - [DEBUG] Reward counters snapshot: {'low_temp_low_solar': 213060, 'high_temp_high_solar': 62310, 'high_flow_low_temp': 25527, 'other': 43014}
[2025-07-31T16:33:27.610+0000] {logging_mixin.py:188} INFO - [DEBUG] Epoch 200: Total reward = 1369.80, Epsilon = 0.3651
[2025-07-31T16:33:58.396+0000] {logging_mixin.py:188} INFO - [DEBUG] Epoch 250: Total reward = 1582.20, Epsilon = 0.2842
[2025-07-31T16:34:28.596+0000] {logging_mixin.py:188} INFO - [DEBUG] Epoch 300: Total reward = 1783.40, Epsilon = 0.2212
[2025-07-31T16:34:58.669+0000] {logging_mixin.py:188} INFO - [DEBUG] Epoch 350: Total reward = 1899.90, Epsilon = 0.1721
[2025-07-31T16:35:28.428+0000] {logging_mixin.py:188} INFO - [DEBUG] Reward counters snapshot: {'low_temp_low_solar': 425060, 'high_temp_high_solar': 124310, 'high_flow_low_temp': 50927, 'other': 85814}
[2025-07-31T16:35:28.429+0000] {logging_mixin.py:188} INFO - [DEBUG] Epoch 400: Total reward = 2033.60, Epsilon = 0.1340
[2025-07-31T16:35:57.857+0000] {logging_mixin.py:188} INFO - [DEBUG] Epoch 450: Total reward = 2113.20, Epsilon = 0.1043
[2025-07-31T16:36:27.345+0000] {logging_mixin.py:188} INFO - [DEBUG] Epoch 500: Total reward = 2119.30, Epsilon = 0.1000
[2025-07-31T16:36:57.009+0000] {logging_mixin.py:188} INFO - [DEBUG] Epoch 550: Total reward = 2149.40, Epsilon = 0.1000
[2025-07-31T16:37:26.301+0000] {logging_mixin.py:188} INFO - [DEBUG] Reward counters snapshot: {'low_temp_low_solar': 637060, 'high_temp_high_solar': 186310, 'high_flow_low_temp': 76327, 'other': 128614}
[2025-07-31T16:37:26.302+0000] {logging_mixin.py:188} INFO - [DEBUG] Epoch 600: Total reward = 2118.50, Epsilon = 0.1000
[2025-07-31T16:37:55.808+0000] {logging_mixin.py:188} INFO - [DEBUG] Epoch 650: Total reward = 2144.40, Epsilon = 0.1000
[2025-07-31T16:38:25.870+0000] {logging_mixin.py:188} INFO - [DEBUG] Epoch 700: Total reward = 2117.50, Epsilon = 0.1000
[2025-07-31T16:38:55.861+0000] {logging_mixin.py:188} INFO - [DEBUG] Epoch 750: Total reward = 2163.50, Epsilon = 0.1000
[2025-07-31T16:39:25.222+0000] {logging_mixin.py:188} INFO - [DEBUG] Reward counters snapshot: {'low_temp_low_solar': 849060, 'high_temp_high_solar': 248310, 'high_flow_low_temp': 101727, 'other': 171414}
[2025-07-31T16:39:25.223+0000] {logging_mixin.py:188} INFO - [DEBUG] Epoch 800: Total reward = 2130.10, Epsilon = 0.1000
[2025-07-31T16:39:55.222+0000] {logging_mixin.py:188} INFO - [DEBUG] Epoch 850: Total reward = 2127.20, Epsilon = 0.1000
[2025-07-31T16:40:24.490+0000] {logging_mixin.py:188} INFO - [DEBUG] Epoch 900: Total reward = 2170.30, Epsilon = 0.1000
[2025-07-31T16:40:54.368+0000] {logging_mixin.py:188} INFO - [DEBUG] Epoch 950: Total reward = 2134.10, Epsilon = 0.1000
[2025-07-31T16:41:23.245+0000] {logging_mixin.py:188} INFO - 
[DEBUG] Reward rule trigger counts during training:
[2025-07-31T16:41:23.246+0000] {logging_mixin.py:188} INFO -  - low_temp_low_solar: 1060000 times
[2025-07-31T16:41:23.246+0000] {logging_mixin.py:188} INFO -  - high_temp_high_solar: 310000 times
[2025-07-31T16:41:23.247+0000] {logging_mixin.py:188} INFO -  - high_flow_low_temp: 127000 times
[2025-07-31T16:41:23.247+0000] {logging_mixin.py:188} INFO -  - other: 214000 times
[2025-07-31T16:41:23.253+0000] {logging_mixin.py:188} INFO - [INFO] Global Q-table saved (continuous learning)
[2025-07-31T16:41:23.253+0000] {logging_mixin.py:188} INFO - [INFO] Starting policy evaluation on last available day...
[2025-07-31T16:41:23.261+0000] {logging_mixin.py:188} INFO - 
[RESULT] Policy Evaluation on Last Day
[2025-07-31T16:41:23.265+0000] {logging_mixin.py:188} INFO -            datetime  yhat_temp  solar_irradiance  yhat_flow  action  reward
2024-01-11 23:00:00   0.086095          0.000000   0.569864       1     0.5
2024-01-12 00:00:00   0.088187          0.000000   0.477474       1     0.5
2024-01-12 01:00:00   0.113639          0.000000   0.354330       0     1.0
2024-01-12 02:00:00   0.150911          0.000000   0.220798       0     1.0
2024-01-12 03:00:00   0.171157          0.000000   0.127825       0     1.0
2024-01-12 04:00:00   0.161439          0.000000   0.117964       0     1.0
2024-01-12 05:00:00   0.147913          0.000000   0.185176       0     1.0
2024-01-12 06:00:00   0.184973          0.002598   0.273097       0     1.0
2024-01-12 07:00:00   0.317005          0.122233   0.317874       0     1.0
2024-01-12 08:00:00   0.543879          0.416850   0.299828       0     1.0
2024-01-12 09:00:00   0.817292          0.693513   0.258332       0     1.0
2024-01-12 10:00:00   1.067806          0.898818   0.256849       0     1.0
2024-01-12 11:00:00   1.238230          1.000000   0.329752       0     1.0
2024-01-12 12:00:00   1.299360          0.949709   0.457539       0     1.0
2024-01-12 13:00:00   1.245367          0.761749   0.589012       0     1.0
2024-01-12 14:00:00   1.084949          0.514119   0.685744       0     0.1
2024-01-12 15:00:00   0.842267          0.205124   0.746692       0     0.1
2024-01-12 16:00:00   0.563342          0.011575   0.794052       1     1.0
2024-01-12 17:00:00   0.311138          0.000000   0.840247       1     0.5
2024-01-12 18:00:00   0.141328          0.000000   0.871848       1     0.5
2024-01-12 19:00:00   0.072673          0.000000   0.865192       1     0.5
2024-01-12 20:00:00   0.077470          0.000000   0.814019       1     0.5
2024-01-12 21:00:00   0.103872          0.000000   0.737637       1     0.5
2024-01-12 22:00:00   0.114052          0.000000   0.660408       1     0.5
[2025-07-31T16:41:23.267+0000] {logging_mixin.py:188} INFO - 
[RESULT] Q-learning Q-table (Top non-zero rows):
[2025-07-31T16:41:23.269+0000] {logging_mixin.py:188} INFO -  state  Q_action_0  Q_action_1 best_action
     0    9.086604    6.174930  Q_action_0
     1    0.007320    0.005987  Q_action_0
     2    0.001560    0.001560  Q_action_0
     3    0.000581    0.008662  Q_action_1
     4    0.006011    0.007081  Q_action_1
     5    8.893943    5.718332  Q_action_0
     6    8.248814    5.254184  Q_action_0
     7    8.187684    5.188612  Q_action_0
     8    0.003042    0.005248  Q_action_1
     9    0.004319    0.002912  Q_action_0
    10    7.708459    8.196753  Q_action_1
    11    0.002921    0.003664  Q_action_1
    12    0.004561    0.007852  Q_action_1
    13    0.001997    0.005142  Q_action_1
    14    0.005924    0.000465  Q_action_0
    15    7.114267    7.661309  Q_action_1
    16    0.000651    0.009489  Q_action_1
    17    0.009656    0.008084  Q_action_0
    18    0.003046    0.000977  Q_action_0
    19    0.006842    0.004402  Q_action_0
[2025-07-31T16:41:23.270+0000] {logging_mixin.py:188} INFO - 
[DEBUG] Total states explored: 125 / 125
[2025-07-31T16:41:23.270+0000] {logging_mixin.py:188} INFO - [DEBUG] Best action counts:
[2025-07-31T16:41:23.271+0000] {logging_mixin.py:188} INFO - best_action
Q_action_0    85
Q_action_1    40
Name: count, dtype: int64
[2025-07-31T16:41:23.280+0000] {logging_mixin.py:188} INFO - [INFO] Q-table exported to /opt/airflow/dags/models/q_table_readable_2024-01-13.csv
[2025-07-31T16:41:23.281+0000] {logging_mixin.py:188} INFO - [DEBUG] Q-table stats:
[2025-07-31T16:41:23.281+0000] {logging_mixin.py:188} INFO - Mean Q-value for action 0: 3.6121
[2025-07-31T16:41:23.282+0000] {logging_mixin.py:188} INFO - Mean Q-value for action 1: 2.8088
[2025-07-31T16:41:23.536+0000] {logging_mixin.py:188} INFO - [DEBUG] Unique states in data: 58 / 125
[2025-07-31T16:41:23.794+0000] {logging_mixin.py:188} INFO - [DEBUG] Top 5 most frequent states: [(20, 502), (0, 487), (15, 301), (5, 289), (10, 197)]
[2025-07-31T16:41:23.802+0000] {logging_mixin.py:188} INFO -          yhat_temp  solar_irradiance    yhat_flow
count  3168.000000       3168.000000  3168.000000
mean      0.368890          0.267980     0.545367
std       0.386691          0.360971     0.248262
min      -0.026578          0.000000     0.117964
25%       0.068637          0.000000     0.322486
50%       0.132629          0.004153     0.521395
75%       0.699319          0.567307     0.788022
max       1.299360          1.000000     0.965151
[2025-07-31T16:41:24.176+0000] {python.py:237} INFO - Done. Returned value was: None
[2025-07-31T16:41:24.177+0000] {taskinstance.py:441} INFO - ::group::Post task execution logs
[2025-07-31T16:41:24.194+0000] {taskinstance.py:1206} INFO - Marking task as SUCCESS. dag_id=solar_ai_pipeline_2, task_id=train_rl, run_id=scheduled__2024-01-13T00:00:00+00:00, execution_date=20240113T000000, start_date=20250731T163120, end_date=20250731T164124
[2025-07-31T16:41:24.302+0000] {local_task_job_runner.py:240} INFO - Task exited with return code 0
[2025-07-31T16:41:24.341+0000] {taskinstance.py:3503} INFO - 1 downstream tasks scheduled from follow-on schedule check
[2025-07-31T16:41:24.379+0000] {local_task_job_runner.py:222} INFO - ::endgroup::
