[2025-07-29T15:44:13.037+0000] {local_task_job_runner.py:120} INFO - ::group::Pre task execution logs
[2025-07-29T15:44:13.113+0000] {taskinstance.py:2076} INFO - Dependencies all met for dep_context=non-requeueable deps ti=<TaskInstance: solar_ai_pipeline_2.fetch_data scheduled__2023-01-15T00:00:00+00:00 [queued]>
[2025-07-29T15:44:13.149+0000] {taskinstance.py:2076} INFO - Dependencies all met for dep_context=requeueable deps ti=<TaskInstance: solar_ai_pipeline_2.fetch_data scheduled__2023-01-15T00:00:00+00:00 [queued]>
[2025-07-29T15:44:13.153+0000] {taskinstance.py:2306} INFO - Starting attempt 3 of 4
[2025-07-29T15:44:13.262+0000] {taskinstance.py:2330} INFO - Executing <Task(PythonOperator): fetch_data> on 2023-01-15 00:00:00+00:00
[2025-07-29T15:44:13.273+0000] {standard_task_runner.py:63} INFO - Started process 2999 to run task
[2025-07-29T15:44:13.281+0000] {standard_task_runner.py:90} INFO - Running: ['airflow', 'tasks', 'run', 'solar_ai_pipeline_2', 'fetch_data', 'scheduled__2023-01-15T00:00:00+00:00', '--job-id', '1441', '--raw', '--subdir', 'DAGS_FOLDER/prophet_pipeline.py', '--cfg-path', '/tmp/tmp53a7mit1']
[2025-07-29T15:44:13.285+0000] {standard_task_runner.py:91} INFO - Job 1441: Subtask fetch_data
[2025-07-29T15:44:13.520+0000] {task_command.py:426} INFO - Running <TaskInstance: solar_ai_pipeline_2.fetch_data scheduled__2023-01-15T00:00:00+00:00 [running]> on host 4c586ddbbbe9
[2025-07-29T15:44:13.918+0000] {taskinstance.py:2648} INFO - Exporting env vars: AIRFLOW_CTX_DAG_OWNER='ensam' AIRFLOW_CTX_DAG_ID='solar_ai_pipeline_2' AIRFLOW_CTX_TASK_ID='fetch_data' AIRFLOW_CTX_EXECUTION_DATE='2023-01-15T00:00:00+00:00' AIRFLOW_CTX_TRY_NUMBER='3' AIRFLOW_CTX_DAG_RUN_ID='scheduled__2023-01-15T00:00:00+00:00'
[2025-07-29T15:44:13.920+0000] {taskinstance.py:430} INFO - ::endgroup::
[2025-07-29T15:44:24.314+0000] {logging_mixin.py:188} INFO - Données simulées pour 2023-01-15 sauvegardées dans dags/data/processed/simulated_solar_heating_2023-01-15.csv
[2025-07-29T15:44:24.318+0000] {logging_mixin.py:188} INFO - count     24.000000
mean     103.453700
std      159.061061
min        0.000000
25%        0.000000
50%        0.000000
75%      191.081400
max      443.385800
Name: solar_irradiance, dtype: float64
[2025-07-29T15:44:24.319+0000] {logging_mixin.py:188} INFO - 2023-01-15 00:00:00+01:00 → Altitude: -64.80
[2025-07-29T15:44:24.320+0000] {logging_mixin.py:188} INFO - NASA GHI response keys: ['2023011500', '2023011501', '2023011502', '2023011503', '2023011504', '2023011505', '2023011506', '2023011507', '2023011508', '2023011509', '2023011510', '2023011511', '2023011512', '2023011513', '2023011514', '2023011515', '2023011516', '2023011517', '2023011518', '2023011519', '2023011520', '2023011521', '2023011522', '2023011523']
[2025-07-29T15:44:24.321+0000] {logging_mixin.py:188} INFO - 2023-01-15 01:00:00+01:00 → Altitude: -74.86
[2025-07-29T15:44:24.322+0000] {logging_mixin.py:188} INFO - NASA GHI response keys: ['2023011500', '2023011501', '2023011502', '2023011503', '2023011504', '2023011505', '2023011506', '2023011507', '2023011508', '2023011509', '2023011510', '2023011511', '2023011512', '2023011513', '2023011514', '2023011515', '2023011516', '2023011517', '2023011518', '2023011519', '2023011520', '2023011521', '2023011522', '2023011523']
[2025-07-29T15:44:24.322+0000] {logging_mixin.py:188} INFO - 2023-01-15 02:00:00+01:00 → Altitude: -76.83
[2025-07-29T15:44:24.323+0000] {logging_mixin.py:188} INFO - NASA GHI response keys: ['2023011500', '2023011501', '2023011502', '2023011503', '2023011504', '2023011505', '2023011506', '2023011507', '2023011508', '2023011509', '2023011510', '2023011511', '2023011512', '2023011513', '2023011514', '2023011515', '2023011516', '2023011517', '2023011518', '2023011519', '2023011520', '2023011521', '2023011522', '2023011523']
[2025-07-29T15:44:24.324+0000] {logging_mixin.py:188} INFO - 2023-01-15 03:00:00+01:00 → Altitude: -68.33
[2025-07-29T15:44:24.324+0000] {logging_mixin.py:188} INFO - NASA GHI response keys: ['2023011500', '2023011501', '2023011502', '2023011503', '2023011504', '2023011505', '2023011506', '2023011507', '2023011508', '2023011509', '2023011510', '2023011511', '2023011512', '2023011513', '2023011514', '2023011515', '2023011516', '2023011517', '2023011518', '2023011519', '2023011520', '2023011521', '2023011522', '2023011523']
[2025-07-29T15:44:24.325+0000] {logging_mixin.py:188} INFO - 2023-01-15 04:00:00+01:00 → Altitude: -56.65
[2025-07-29T15:44:24.325+0000] {logging_mixin.py:188} INFO - NASA GHI response keys: ['2023011500', '2023011501', '2023011502', '2023011503', '2023011504', '2023011505', '2023011506', '2023011507', '2023011508', '2023011509', '2023011510', '2023011511', '2023011512', '2023011513', '2023011514', '2023011515', '2023011516', '2023011517', '2023011518', '2023011519', '2023011520', '2023011521', '2023011522', '2023011523']
[2025-07-29T15:44:24.326+0000] {logging_mixin.py:188} INFO - 2023-01-15 05:00:00+01:00 → Altitude: -44.26
[2025-07-29T15:44:24.327+0000] {logging_mixin.py:188} INFO - NASA GHI response keys: ['2023011500', '2023011501', '2023011502', '2023011503', '2023011504', '2023011505', '2023011506', '2023011507', '2023011508', '2023011509', '2023011510', '2023011511', '2023011512', '2023011513', '2023011514', '2023011515', '2023011516', '2023011517', '2023011518', '2023011519', '2023011520', '2023011521', '2023011522', '2023011523']
[2025-07-29T15:44:24.328+0000] {logging_mixin.py:188} INFO - 2023-01-15 06:00:00+01:00 → Altitude: -31.78
[2025-07-29T15:44:24.329+0000] {logging_mixin.py:188} INFO - NASA GHI response keys: ['2023011500', '2023011501', '2023011502', '2023011503', '2023011504', '2023011505', '2023011506', '2023011507', '2023011508', '2023011509', '2023011510', '2023011511', '2023011512', '2023011513', '2023011514', '2023011515', '2023011516', '2023011517', '2023011518', '2023011519', '2023011520', '2023011521', '2023011522', '2023011523']
[2025-07-29T15:44:24.330+0000] {logging_mixin.py:188} INFO - 2023-01-15 07:00:00+01:00 → Altitude: -19.45
[2025-07-29T15:44:24.331+0000] {logging_mixin.py:188} INFO - NASA GHI response keys: ['2023011500', '2023011501', '2023011502', '2023011503', '2023011504', '2023011505', '2023011506', '2023011507', '2023011508', '2023011509', '2023011510', '2023011511', '2023011512', '2023011513', '2023011514', '2023011515', '2023011516', '2023011517', '2023011518', '2023011519', '2023011520', '2023011521', '2023011522', '2023011523']
[2025-07-29T15:44:24.332+0000] {logging_mixin.py:188} INFO - 2023-01-15 08:00:00+01:00 → Altitude: -7.46
[2025-07-29T15:44:24.333+0000] {logging_mixin.py:188} INFO - NASA GHI response keys: ['2023011500', '2023011501', '2023011502', '2023011503', '2023011504', '2023011505', '2023011506', '2023011507', '2023011508', '2023011509', '2023011510', '2023011511', '2023011512', '2023011513', '2023011514', '2023011515', '2023011516', '2023011517', '2023011518', '2023011519', '2023011520', '2023011521', '2023011522', '2023011523']
[2025-07-29T15:44:24.335+0000] {logging_mixin.py:188} INFO - 2023-01-15 09:00:00+01:00 → Altitude: 4.06
[2025-07-29T15:44:24.336+0000] {logging_mixin.py:188} INFO - NASA GHI response keys: ['2023011500', '2023011501', '2023011502', '2023011503', '2023011504', '2023011505', '2023011506', '2023011507', '2023011508', '2023011509', '2023011510', '2023011511', '2023011512', '2023011513', '2023011514', '2023011515', '2023011516', '2023011517', '2023011518', '2023011519', '2023011520', '2023011521', '2023011522', '2023011523']
[2025-07-29T15:44:24.338+0000] {logging_mixin.py:188} INFO - 2023-01-15 10:00:00+01:00 → Altitude: 14.38
[2025-07-29T15:44:24.339+0000] {logging_mixin.py:188} INFO - NASA GHI response keys: ['2023011500', '2023011501', '2023011502', '2023011503', '2023011504', '2023011505', '2023011506', '2023011507', '2023011508', '2023011509', '2023011510', '2023011511', '2023011512', '2023011513', '2023011514', '2023011515', '2023011516', '2023011517', '2023011518', '2023011519', '2023011520', '2023011521', '2023011522', '2023011523']
[2025-07-29T15:44:24.340+0000] {logging_mixin.py:188} INFO - 2023-01-15 11:00:00+01:00 → Altitude: 23.41
[2025-07-29T15:44:24.341+0000] {logging_mixin.py:188} INFO - NASA GHI response keys: ['2023011500', '2023011501', '2023011502', '2023011503', '2023011504', '2023011505', '2023011506', '2023011507', '2023011508', '2023011509', '2023011510', '2023011511', '2023011512', '2023011513', '2023011514', '2023011515', '2023011516', '2023011517', '2023011518', '2023011519', '2023011520', '2023011521', '2023011522', '2023011523']
[2025-07-29T15:44:24.342+0000] {logging_mixin.py:188} INFO - 2023-01-15 12:00:00+01:00 → Altitude: 30.40
[2025-07-29T15:44:24.344+0000] {logging_mixin.py:188} INFO - NASA GHI response keys: ['2023011500', '2023011501', '2023011502', '2023011503', '2023011504', '2023011505', '2023011506', '2023011507', '2023011508', '2023011509', '2023011510', '2023011511', '2023011512', '2023011513', '2023011514', '2023011515', '2023011516', '2023011517', '2023011518', '2023011519', '2023011520', '2023011521', '2023011522', '2023011523']
[2025-07-29T15:44:24.345+0000] {logging_mixin.py:188} INFO - 2023-01-15 13:00:00+01:00 → Altitude: 34.52
[2025-07-29T15:44:24.346+0000] {logging_mixin.py:188} INFO - NASA GHI response keys: ['2023011500', '2023011501', '2023011502', '2023011503', '2023011504', '2023011505', '2023011506', '2023011507', '2023011508', '2023011509', '2023011510', '2023011511', '2023011512', '2023011513', '2023011514', '2023011515', '2023011516', '2023011517', '2023011518', '2023011519', '2023011520', '2023011521', '2023011522', '2023011523']
[2025-07-29T15:44:24.347+0000] {logging_mixin.py:188} INFO - 2023-01-15 14:00:00+01:00 → Altitude: 35.13
[2025-07-29T15:44:24.350+0000] {logging_mixin.py:188} INFO - NASA GHI response keys: ['2023011500', '2023011501', '2023011502', '2023011503', '2023011504', '2023011505', '2023011506', '2023011507', '2023011508', '2023011509', '2023011510', '2023011511', '2023011512', '2023011513', '2023011514', '2023011515', '2023011516', '2023011517', '2023011518', '2023011519', '2023011520', '2023011521', '2023011522', '2023011523']
[2025-07-29T15:44:24.352+0000] {logging_mixin.py:188} INFO - 2023-01-15 15:00:00+01:00 → Altitude: 32.10
[2025-07-29T15:44:24.353+0000] {logging_mixin.py:188} INFO - NASA GHI response keys: ['2023011500', '2023011501', '2023011502', '2023011503', '2023011504', '2023011505', '2023011506', '2023011507', '2023011508', '2023011509', '2023011510', '2023011511', '2023011512', '2023011513', '2023011514', '2023011515', '2023011516', '2023011517', '2023011518', '2023011519', '2023011520', '2023011521', '2023011522', '2023011523']
[2025-07-29T15:44:24.354+0000] {logging_mixin.py:188} INFO - 2023-01-15 16:00:00+01:00 → Altitude: 25.96
[2025-07-29T15:44:24.355+0000] {logging_mixin.py:188} INFO - NASA GHI response keys: ['2023011500', '2023011501', '2023011502', '2023011503', '2023011504', '2023011505', '2023011506', '2023011507', '2023011508', '2023011509', '2023011510', '2023011511', '2023011512', '2023011513', '2023011514', '2023011515', '2023011516', '2023011517', '2023011518', '2023011519', '2023011520', '2023011521', '2023011522', '2023011523']
[2025-07-29T15:44:24.357+0000] {logging_mixin.py:188} INFO - 2023-01-15 17:00:00+01:00 → Altitude: 17.51
[2025-07-29T15:44:24.358+0000] {logging_mixin.py:188} INFO - NASA GHI response keys: ['2023011500', '2023011501', '2023011502', '2023011503', '2023011504', '2023011505', '2023011506', '2023011507', '2023011508', '2023011509', '2023011510', '2023011511', '2023011512', '2023011513', '2023011514', '2023011515', '2023011516', '2023011517', '2023011518', '2023011519', '2023011520', '2023011521', '2023011522', '2023011523']
[2025-07-29T15:44:24.359+0000] {logging_mixin.py:188} INFO - 2023-01-15 18:00:00+01:00 → Altitude: 7.52
[2025-07-29T15:44:24.361+0000] {logging_mixin.py:188} INFO - NASA GHI response keys: ['2023011500', '2023011501', '2023011502', '2023011503', '2023011504', '2023011505', '2023011506', '2023011507', '2023011508', '2023011509', '2023011510', '2023011511', '2023011512', '2023011513', '2023011514', '2023011515', '2023011516', '2023011517', '2023011518', '2023011519', '2023011520', '2023011521', '2023011522', '2023011523']
[2025-07-29T15:44:24.362+0000] {logging_mixin.py:188} INFO - 2023-01-15 19:00:00+01:00 → Altitude: -3.61
[2025-07-29T15:44:24.363+0000] {logging_mixin.py:188} INFO - NASA GHI response keys: ['2023011500', '2023011501', '2023011502', '2023011503', '2023011504', '2023011505', '2023011506', '2023011507', '2023011508', '2023011509', '2023011510', '2023011511', '2023011512', '2023011513', '2023011514', '2023011515', '2023011516', '2023011517', '2023011518', '2023011519', '2023011520', '2023011521', '2023011522', '2023011523']
[2025-07-29T15:44:24.364+0000] {logging_mixin.py:188} INFO - 2023-01-15 20:00:00+01:00 → Altitude: -15.48
[2025-07-29T15:44:24.365+0000] {logging_mixin.py:188} INFO - NASA GHI response keys: ['2023011500', '2023011501', '2023011502', '2023011503', '2023011504', '2023011505', '2023011506', '2023011507', '2023011508', '2023011509', '2023011510', '2023011511', '2023011512', '2023011513', '2023011514', '2023011515', '2023011516', '2023011517', '2023011518', '2023011519', '2023011520', '2023011521', '2023011522', '2023011523']
[2025-07-29T15:44:24.367+0000] {logging_mixin.py:188} INFO - 2023-01-15 21:00:00+01:00 → Altitude: -27.72
[2025-07-29T15:44:24.368+0000] {logging_mixin.py:188} INFO - NASA GHI response keys: ['2023011500', '2023011501', '2023011502', '2023011503', '2023011504', '2023011505', '2023011506', '2023011507', '2023011508', '2023011509', '2023011510', '2023011511', '2023011512', '2023011513', '2023011514', '2023011515', '2023011516', '2023011517', '2023011518', '2023011519', '2023011520', '2023011521', '2023011522', '2023011523']
[2025-07-29T15:44:24.369+0000] {logging_mixin.py:188} INFO - 2023-01-15 22:00:00+01:00 → Altitude: -40.17
[2025-07-29T15:44:24.370+0000] {logging_mixin.py:188} INFO - NASA GHI response keys: ['2023011500', '2023011501', '2023011502', '2023011503', '2023011504', '2023011505', '2023011506', '2023011507', '2023011508', '2023011509', '2023011510', '2023011511', '2023011512', '2023011513', '2023011514', '2023011515', '2023011516', '2023011517', '2023011518', '2023011519', '2023011520', '2023011521', '2023011522', '2023011523']
[2025-07-29T15:44:24.372+0000] {logging_mixin.py:188} INFO - 2023-01-15 23:00:00+01:00 → Altitude: -52.62
[2025-07-29T15:44:24.373+0000] {logging_mixin.py:188} INFO - NASA GHI response keys: ['2023011500', '2023011501', '2023011502', '2023011503', '2023011504', '2023011505', '2023011506', '2023011507', '2023011508', '2023011509', '2023011510', '2023011511', '2023011512', '2023011513', '2023011514', '2023011515', '2023011516', '2023011517', '2023011518', '2023011519', '2023011520', '2023011521', '2023011522', '2023011523']
[2025-07-29T15:44:24.376+0000] {python.py:237} INFO - Done. Returned value was: None
[2025-07-29T15:44:24.378+0000] {taskinstance.py:441} INFO - ::group::Post task execution logs
[2025-07-29T15:44:24.410+0000] {taskinstance.py:1206} INFO - Marking task as SUCCESS. dag_id=solar_ai_pipeline_2, task_id=fetch_data, run_id=scheduled__2023-01-15T00:00:00+00:00, execution_date=20230115T000000, start_date=20250729T154413, end_date=20250729T154424
[2025-07-29T15:44:24.539+0000] {local_task_job_runner.py:240} INFO - Task exited with return code 0
[2025-07-29T15:44:24.741+0000] {taskinstance.py:3503} INFO - 1 downstream tasks scheduled from follow-on schedule check
[2025-07-29T15:44:24.900+0000] {local_task_job_runner.py:222} INFO - ::endgroup::
