[2025-07-29T15:25:33.593+0000] {local_task_job_runner.py:120} INFO - ::group::Pre task execution logs
[2025-07-29T15:25:33.671+0000] {taskinstance.py:2076} INFO - Dependencies all met for dep_context=non-requeueable deps ti=<TaskInstance: solar_ai_pipeline_2.fetch_data scheduled__2023-01-17T00:00:00+00:00 [queued]>
[2025-07-29T15:25:33.700+0000] {taskinstance.py:2076} INFO - Dependencies all met for dep_context=requeueable deps ti=<TaskInstance: solar_ai_pipeline_2.fetch_data scheduled__2023-01-17T00:00:00+00:00 [queued]>
[2025-07-29T15:25:33.702+0000] {taskinstance.py:2306} INFO - Starting attempt 1 of 2
[2025-07-29T15:25:33.781+0000] {taskinstance.py:2330} INFO - Executing <Task(PythonOperator): fetch_data> on 2023-01-17 00:00:00+00:00
[2025-07-29T15:25:33.790+0000] {standard_task_runner.py:63} INFO - Started process 1324 to run task
[2025-07-29T15:25:33.799+0000] {standard_task_runner.py:90} INFO - Running: ['airflow', 'tasks', 'run', 'solar_ai_pipeline_2', 'fetch_data', 'scheduled__2023-01-17T00:00:00+00:00', '--job-id', '1347', '--raw', '--subdir', 'DAGS_FOLDER/prophet_pipeline.py', '--cfg-path', '/tmp/tmpgchz099q']
[2025-07-29T15:25:33.803+0000] {standard_task_runner.py:91} INFO - Job 1347: Subtask fetch_data
[2025-07-29T15:25:34.039+0000] {task_command.py:426} INFO - Running <TaskInstance: solar_ai_pipeline_2.fetch_data scheduled__2023-01-17T00:00:00+00:00 [running]> on host 4c586ddbbbe9
[2025-07-29T15:25:34.522+0000] {taskinstance.py:2648} INFO - Exporting env vars: AIRFLOW_CTX_DAG_OWNER='ensam' AIRFLOW_CTX_DAG_ID='solar_ai_pipeline_2' AIRFLOW_CTX_TASK_ID='fetch_data' AIRFLOW_CTX_EXECUTION_DATE='2023-01-17T00:00:00+00:00' AIRFLOW_CTX_TRY_NUMBER='1' AIRFLOW_CTX_DAG_RUN_ID='scheduled__2023-01-17T00:00:00+00:00'
[2025-07-29T15:25:34.524+0000] {taskinstance.py:430} INFO - ::endgroup::
[2025-07-29T15:25:45.934+0000] {logging_mixin.py:188} INFO - Données simulées pour 2023-01-17 sauvegardées dans dags/data/processed/simulated_solar_heating_2023-01-17.csv
[2025-07-29T15:25:45.945+0000] {logging_mixin.py:188} INFO - count     24.000000
mean      39.329663
std       58.580672
min        0.000000
25%        0.000000
50%        0.000000
75%       83.640150
max      187.104000
Name: solar_irradiance, dtype: float64
[2025-07-29T15:25:45.947+0000] {logging_mixin.py:188} INFO - 2023-01-17 00:00:00+01:00 → Altitude: -64.45
[2025-07-29T15:25:45.949+0000] {logging_mixin.py:188} INFO - NASA GHI response keys: ['2023011700', '2023011701', '2023011702', '2023011703', '2023011704', '2023011705', '2023011706', '2023011707', '2023011708', '2023011709', '2023011710', '2023011711', '2023011712', '2023011713', '2023011714', '2023011715', '2023011716', '2023011717', '2023011718', '2023011719', '2023011720', '2023011721', '2023011722', '2023011723']
[2025-07-29T15:25:45.951+0000] {logging_mixin.py:188} INFO - 2023-01-17 01:00:00+01:00 → Altitude: -74.46
[2025-07-29T15:25:45.952+0000] {logging_mixin.py:188} INFO - NASA GHI response keys: ['2023011700', '2023011701', '2023011702', '2023011703', '2023011704', '2023011705', '2023011706', '2023011707', '2023011708', '2023011709', '2023011710', '2023011711', '2023011712', '2023011713', '2023011714', '2023011715', '2023011716', '2023011717', '2023011718', '2023011719', '2023011720', '2023011721', '2023011722', '2023011723']
[2025-07-29T15:25:45.953+0000] {logging_mixin.py:188} INFO - 2023-01-17 02:00:00+01:00 → Altitude: -76.52
[2025-07-29T15:25:45.954+0000] {logging_mixin.py:188} INFO - NASA GHI response keys: ['2023011700', '2023011701', '2023011702', '2023011703', '2023011704', '2023011705', '2023011706', '2023011707', '2023011708', '2023011709', '2023011710', '2023011711', '2023011712', '2023011713', '2023011714', '2023011715', '2023011716', '2023011717', '2023011718', '2023011719', '2023011720', '2023011721', '2023011722', '2023011723']
[2025-07-29T15:25:45.959+0000] {logging_mixin.py:188} INFO - 2023-01-17 03:00:00+01:00 → Altitude: -68.22
[2025-07-29T15:25:45.960+0000] {logging_mixin.py:188} INFO - NASA GHI response keys: ['2023011700', '2023011701', '2023011702', '2023011703', '2023011704', '2023011705', '2023011706', '2023011707', '2023011708', '2023011709', '2023011710', '2023011711', '2023011712', '2023011713', '2023011714', '2023011715', '2023011716', '2023011717', '2023011718', '2023011719', '2023011720', '2023011721', '2023011722', '2023011723']
[2025-07-29T15:25:45.961+0000] {logging_mixin.py:188} INFO - 2023-01-17 04:00:00+01:00 → Altitude: -56.60
[2025-07-29T15:25:45.962+0000] {logging_mixin.py:188} INFO - NASA GHI response keys: ['2023011700', '2023011701', '2023011702', '2023011703', '2023011704', '2023011705', '2023011706', '2023011707', '2023011708', '2023011709', '2023011710', '2023011711', '2023011712', '2023011713', '2023011714', '2023011715', '2023011716', '2023011717', '2023011718', '2023011719', '2023011720', '2023011721', '2023011722', '2023011723']
[2025-07-29T15:25:45.963+0000] {logging_mixin.py:188} INFO - 2023-01-17 05:00:00+01:00 → Altitude: -44.24
[2025-07-29T15:25:45.964+0000] {logging_mixin.py:188} INFO - NASA GHI response keys: ['2023011700', '2023011701', '2023011702', '2023011703', '2023011704', '2023011705', '2023011706', '2023011707', '2023011708', '2023011709', '2023011710', '2023011711', '2023011712', '2023011713', '2023011714', '2023011715', '2023011716', '2023011717', '2023011718', '2023011719', '2023011720', '2023011721', '2023011722', '2023011723']
[2025-07-29T15:25:45.965+0000] {logging_mixin.py:188} INFO - 2023-01-17 06:00:00+01:00 → Altitude: -31.75
[2025-07-29T15:25:45.966+0000] {logging_mixin.py:188} INFO - NASA GHI response keys: ['2023011700', '2023011701', '2023011702', '2023011703', '2023011704', '2023011705', '2023011706', '2023011707', '2023011708', '2023011709', '2023011710', '2023011711', '2023011712', '2023011713', '2023011714', '2023011715', '2023011716', '2023011717', '2023011718', '2023011719', '2023011720', '2023011721', '2023011722', '2023011723']
[2025-07-29T15:25:45.967+0000] {logging_mixin.py:188} INFO - 2023-01-17 07:00:00+01:00 → Altitude: -19.40
[2025-07-29T15:25:45.968+0000] {logging_mixin.py:188} INFO - NASA GHI response keys: ['2023011700', '2023011701', '2023011702', '2023011703', '2023011704', '2023011705', '2023011706', '2023011707', '2023011708', '2023011709', '2023011710', '2023011711', '2023011712', '2023011713', '2023011714', '2023011715', '2023011716', '2023011717', '2023011718', '2023011719', '2023011720', '2023011721', '2023011722', '2023011723']
[2025-07-29T15:25:45.969+0000] {logging_mixin.py:188} INFO - 2023-01-17 08:00:00+01:00 → Altitude: -7.38
[2025-07-29T15:25:45.970+0000] {logging_mixin.py:188} INFO - NASA GHI response keys: ['2023011700', '2023011701', '2023011702', '2023011703', '2023011704', '2023011705', '2023011706', '2023011707', '2023011708', '2023011709', '2023011710', '2023011711', '2023011712', '2023011713', '2023011714', '2023011715', '2023011716', '2023011717', '2023011718', '2023011719', '2023011720', '2023011721', '2023011722', '2023011723']
[2025-07-29T15:25:45.971+0000] {logging_mixin.py:188} INFO - 2023-01-17 09:00:00+01:00 → Altitude: 4.17
[2025-07-29T15:25:45.972+0000] {logging_mixin.py:188} INFO - NASA GHI response keys: ['2023011700', '2023011701', '2023011702', '2023011703', '2023011704', '2023011705', '2023011706', '2023011707', '2023011708', '2023011709', '2023011710', '2023011711', '2023011712', '2023011713', '2023011714', '2023011715', '2023011716', '2023011717', '2023011718', '2023011719', '2023011720', '2023011721', '2023011722', '2023011723']
[2025-07-29T15:25:45.972+0000] {logging_mixin.py:188} INFO - 2023-01-17 10:00:00+01:00 → Altitude: 14.54
[2025-07-29T15:25:45.973+0000] {logging_mixin.py:188} INFO - NASA GHI response keys: ['2023011700', '2023011701', '2023011702', '2023011703', '2023011704', '2023011705', '2023011706', '2023011707', '2023011708', '2023011709', '2023011710', '2023011711', '2023011712', '2023011713', '2023011714', '2023011715', '2023011716', '2023011717', '2023011718', '2023011719', '2023011720', '2023011721', '2023011722', '2023011723']
[2025-07-29T15:25:45.974+0000] {logging_mixin.py:188} INFO - 2023-01-17 11:00:00+01:00 → Altitude: 23.63
[2025-07-29T15:25:45.975+0000] {logging_mixin.py:188} INFO - NASA GHI response keys: ['2023011700', '2023011701', '2023011702', '2023011703', '2023011704', '2023011705', '2023011706', '2023011707', '2023011708', '2023011709', '2023011710', '2023011711', '2023011712', '2023011713', '2023011714', '2023011715', '2023011716', '2023011717', '2023011718', '2023011719', '2023011720', '2023011721', '2023011722', '2023011723']
[2025-07-29T15:25:45.976+0000] {logging_mixin.py:188} INFO - 2023-01-17 12:00:00+01:00 → Altitude: 30.68
[2025-07-29T15:25:45.977+0000] {logging_mixin.py:188} INFO - NASA GHI response keys: ['2023011700', '2023011701', '2023011702', '2023011703', '2023011704', '2023011705', '2023011706', '2023011707', '2023011708', '2023011709', '2023011710', '2023011711', '2023011712', '2023011713', '2023011714', '2023011715', '2023011716', '2023011717', '2023011718', '2023011719', '2023011720', '2023011721', '2023011722', '2023011723']
[2025-07-29T15:25:45.977+0000] {logging_mixin.py:188} INFO - 2023-01-17 13:00:00+01:00 → Altitude: 34.87
[2025-07-29T15:25:45.978+0000] {logging_mixin.py:188} INFO - NASA GHI response keys: ['2023011700', '2023011701', '2023011702', '2023011703', '2023011704', '2023011705', '2023011706', '2023011707', '2023011708', '2023011709', '2023011710', '2023011711', '2023011712', '2023011713', '2023011714', '2023011715', '2023011716', '2023011717', '2023011718', '2023011719', '2023011720', '2023011721', '2023011722', '2023011723']
[2025-07-29T15:25:45.979+0000] {logging_mixin.py:188} INFO - 2023-01-17 14:00:00+01:00 → Altitude: 35.52
[2025-07-29T15:25:45.980+0000] {logging_mixin.py:188} INFO - NASA GHI response keys: ['2023011700', '2023011701', '2023011702', '2023011703', '2023011704', '2023011705', '2023011706', '2023011707', '2023011708', '2023011709', '2023011710', '2023011711', '2023011712', '2023011713', '2023011714', '2023011715', '2023011716', '2023011717', '2023011718', '2023011719', '2023011720', '2023011721', '2023011722', '2023011723']
[2025-07-29T15:25:45.981+0000] {logging_mixin.py:188} INFO - 2023-01-17 15:00:00+01:00 → Altitude: 32.51
[2025-07-29T15:25:45.982+0000] {logging_mixin.py:188} INFO - NASA GHI response keys: ['2023011700', '2023011701', '2023011702', '2023011703', '2023011704', '2023011705', '2023011706', '2023011707', '2023011708', '2023011709', '2023011710', '2023011711', '2023011712', '2023011713', '2023011714', '2023011715', '2023011716', '2023011717', '2023011718', '2023011719', '2023011720', '2023011721', '2023011722', '2023011723']
[2025-07-29T15:25:45.983+0000] {logging_mixin.py:188} INFO - 2023-01-17 16:00:00+01:00 → Altitude: 26.37
[2025-07-29T15:25:45.984+0000] {logging_mixin.py:188} INFO - NASA GHI response keys: ['2023011700', '2023011701', '2023011702', '2023011703', '2023011704', '2023011705', '2023011706', '2023011707', '2023011708', '2023011709', '2023011710', '2023011711', '2023011712', '2023011713', '2023011714', '2023011715', '2023011716', '2023011717', '2023011718', '2023011719', '2023011720', '2023011721', '2023011722', '2023011723']
[2025-07-29T15:25:45.984+0000] {logging_mixin.py:188} INFO - 2023-01-17 17:00:00+01:00 → Altitude: 17.90
[2025-07-29T15:25:45.985+0000] {logging_mixin.py:188} INFO - NASA GHI response keys: ['2023011700', '2023011701', '2023011702', '2023011703', '2023011704', '2023011705', '2023011706', '2023011707', '2023011708', '2023011709', '2023011710', '2023011711', '2023011712', '2023011713', '2023011714', '2023011715', '2023011716', '2023011717', '2023011718', '2023011719', '2023011720', '2023011721', '2023011722', '2023011723']
[2025-07-29T15:25:45.986+0000] {logging_mixin.py:188} INFO - 2023-01-17 18:00:00+01:00 → Altitude: 7.89
[2025-07-29T15:25:45.987+0000] {logging_mixin.py:188} INFO - NASA GHI response keys: ['2023011700', '2023011701', '2023011702', '2023011703', '2023011704', '2023011705', '2023011706', '2023011707', '2023011708', '2023011709', '2023011710', '2023011711', '2023011712', '2023011713', '2023011714', '2023011715', '2023011716', '2023011717', '2023011718', '2023011719', '2023011720', '2023011721', '2023011722', '2023011723']
[2025-07-29T15:25:45.988+0000] {logging_mixin.py:188} INFO - 2023-01-17 19:00:00+01:00 → Altitude: -3.26
[2025-07-29T15:25:45.989+0000] {logging_mixin.py:188} INFO - NASA GHI response keys: ['2023011700', '2023011701', '2023011702', '2023011703', '2023011704', '2023011705', '2023011706', '2023011707', '2023011708', '2023011709', '2023011710', '2023011711', '2023011712', '2023011713', '2023011714', '2023011715', '2023011716', '2023011717', '2023011718', '2023011719', '2023011720', '2023011721', '2023011722', '2023011723']
[2025-07-29T15:25:45.990+0000] {logging_mixin.py:188} INFO - 2023-01-17 20:00:00+01:00 → Altitude: -15.15
[2025-07-29T15:25:45.991+0000] {logging_mixin.py:188} INFO - NASA GHI response keys: ['2023011700', '2023011701', '2023011702', '2023011703', '2023011704', '2023011705', '2023011706', '2023011707', '2023011708', '2023011709', '2023011710', '2023011711', '2023011712', '2023011713', '2023011714', '2023011715', '2023011716', '2023011717', '2023011718', '2023011719', '2023011720', '2023011721', '2023011722', '2023011723']
[2025-07-29T15:25:45.991+0000] {logging_mixin.py:188} INFO - 2023-01-17 21:00:00+01:00 → Altitude: -27.40
[2025-07-29T15:25:45.992+0000] {logging_mixin.py:188} INFO - NASA GHI response keys: ['2023011700', '2023011701', '2023011702', '2023011703', '2023011704', '2023011705', '2023011706', '2023011707', '2023011708', '2023011709', '2023011710', '2023011711', '2023011712', '2023011713', '2023011714', '2023011715', '2023011716', '2023011717', '2023011718', '2023011719', '2023011720', '2023011721', '2023011722', '2023011723']
[2025-07-29T15:25:45.993+0000] {logging_mixin.py:188} INFO - 2023-01-17 22:00:00+01:00 → Altitude: -39.85
[2025-07-29T15:25:45.994+0000] {logging_mixin.py:188} INFO - NASA GHI response keys: ['2023011700', '2023011701', '2023011702', '2023011703', '2023011704', '2023011705', '2023011706', '2023011707', '2023011708', '2023011709', '2023011710', '2023011711', '2023011712', '2023011713', '2023011714', '2023011715', '2023011716', '2023011717', '2023011718', '2023011719', '2023011720', '2023011721', '2023011722', '2023011723']
[2025-07-29T15:25:45.995+0000] {logging_mixin.py:188} INFO - 2023-01-17 23:00:00+01:00 → Altitude: -52.29
[2025-07-29T15:25:45.996+0000] {logging_mixin.py:188} INFO - NASA GHI response keys: ['2023011700', '2023011701', '2023011702', '2023011703', '2023011704', '2023011705', '2023011706', '2023011707', '2023011708', '2023011709', '2023011710', '2023011711', '2023011712', '2023011713', '2023011714', '2023011715', '2023011716', '2023011717', '2023011718', '2023011719', '2023011720', '2023011721', '2023011722', '2023011723']
[2025-07-29T15:25:45.998+0000] {python.py:237} INFO - Done. Returned value was: None
[2025-07-29T15:25:46.000+0000] {taskinstance.py:441} INFO - ::group::Post task execution logs
[2025-07-29T15:25:46.036+0000] {taskinstance.py:1206} INFO - Marking task as SUCCESS. dag_id=solar_ai_pipeline_2, task_id=fetch_data, run_id=scheduled__2023-01-17T00:00:00+00:00, execution_date=20230117T000000, start_date=20250729T152533, end_date=20250729T152546
[2025-07-29T15:25:46.248+0000] {local_task_job_runner.py:240} INFO - Task exited with return code 0
[2025-07-29T15:25:46.337+0000] {taskinstance.py:3503} INFO - 1 downstream tasks scheduled from follow-on schedule check
[2025-07-29T15:25:46.388+0000] {local_task_job_runner.py:222} INFO - ::endgroup::
