[2025-07-31T11:57:37.887+0000] {local_task_job_runner.py:120} INFO - ::group::Pre task execution logs
[2025-07-31T11:57:38.002+0000] {taskinstance.py:2076} INFO - Dependencies all met for dep_context=non-requeueable deps ti=<TaskInstance: solar_ai_pipeline_2.train_prophet scheduled__2023-07-05T00:00:00+00:00 [queued]>
[2025-07-31T11:57:38.035+0000] {taskinstance.py:2076} INFO - Dependencies all met for dep_context=requeueable deps ti=<TaskInstance: solar_ai_pipeline_2.train_prophet scheduled__2023-07-05T00:00:00+00:00 [queued]>
[2025-07-31T11:57:38.040+0000] {taskinstance.py:2306} INFO - Starting attempt 4 of 4
[2025-07-31T11:57:38.134+0000] {taskinstance.py:2330} INFO - Executing <Task(PythonOperator): train_prophet> on 2023-07-05 00:00:00+00:00
[2025-07-31T11:57:38.146+0000] {standard_task_runner.py:63} INFO - Started process 4100 to run task
[2025-07-31T11:57:38.154+0000] {standard_task_runner.py:90} INFO - Running: ['airflow', 'tasks', 'run', 'solar_ai_pipeline_2', 'train_prophet', 'scheduled__2023-07-05T00:00:00+00:00', '--job-id', '2921', '--raw', '--subdir', 'DAGS_FOLDER/prophet_pipeline.py', '--cfg-path', '/tmp/tmpr6smk0xp']
[2025-07-31T11:57:38.159+0000] {standard_task_runner.py:91} INFO - Job 2921: Subtask train_prophet
[2025-07-31T11:57:38.466+0000] {task_command.py:426} INFO - Running <TaskInstance: solar_ai_pipeline_2.train_prophet scheduled__2023-07-05T00:00:00+00:00 [running]> on host a2a0dd314bdc
[2025-07-31T11:57:38.961+0000] {taskinstance.py:2648} INFO - Exporting env vars: AIRFLOW_CTX_DAG_OWNER='ensam' AIRFLOW_CTX_DAG_ID='solar_ai_pipeline_2' AIRFLOW_CTX_TASK_ID='train_prophet' AIRFLOW_CTX_EXECUTION_DATE='2023-07-05T00:00:00+00:00' AIRFLOW_CTX_TRY_NUMBER='4' AIRFLOW_CTX_DAG_RUN_ID='scheduled__2023-07-05T00:00:00+00:00'
[2025-07-31T11:57:38.963+0000] {taskinstance.py:430} INFO - ::endgroup::
[2025-07-31T11:57:39.948+0000] {plot.py:39} ERROR - Importing plotly failed. Interactive plots will not work.
[2025-07-31T11:57:39.958+0000] {logging_mixin.py:188} INFO - Training from 2023-01-01 to 2023-01-06
[2025-07-31T11:57:40.168+0000] {logging_mixin.py:188} INFO - Test 1/18: {'changepoint_prior_scale': 0.01, 'seasonality_prior_scale': 1.0, 'seasonality_mode': 'additive'}
[2025-07-31T11:57:40.260+0000] {filesystem.py:118} DEBUG - input tempfile: /tmp/tmpmfw4x_pe/ktuawx2e.json
[2025-07-31T11:57:40.279+0000] {filesystem.py:118} DEBUG - input tempfile: /tmp/tmpmfw4x_pe/ntv20kn2.json
[2025-07-31T11:57:40.283+0000] {model.py:2042} DEBUG - idx 0
[2025-07-31T11:57:40.284+0000] {model.py:2043} DEBUG - running CmdStan, num_threads: None
[2025-07-31T11:57:40.285+0000] {model.py:2055} DEBUG - CmdStan args: ['/home/airflow/.local/lib/python3.11/site-packages/prophet/stan_model/prophet_model.bin', 'random', 'seed=49355', 'data', 'file=/tmp/tmpmfw4x_pe/ktuawx2e.json', 'init=/tmp/tmpmfw4x_pe/ntv20kn2.json', 'output', 'file=/tmp/tmpmfw4x_pe/prophet_modelhvohqyco/prophet_model-20250731115740.csv', 'method=optimize', 'algorithm=lbfgs', 'iter=10000']
[2025-07-31T11:57:40.285+0000] {logging_mixin.py:188} WARNING - 11:57:40 - cmdstanpy - INFO - Chain [1] start processing
[2025-07-31T11:57:40.285+0000] {model.py:2058} INFO - Chain [1] start processing
[2025-07-31T11:57:40.308+0000] {logging_mixin.py:188} WARNING - 11:57:40 - cmdstanpy - INFO - Chain [1] done processing
[2025-07-31T11:57:40.308+0000] {model.py:2115} INFO - Chain [1] done processing
[2025-07-31T11:57:40.311+0000] {logging_mixin.py:188} INFO - Erreur pour {'changepoint_prior_scale': 0.01, 'seasonality_prior_scale': 1.0, 'seasonality_mode': 'additive'}: Less data than horizon.
[2025-07-31T11:57:40.312+0000] {logging_mixin.py:188} INFO - Test 2/18: {'changepoint_prior_scale': 0.01, 'seasonality_prior_scale': 1.0, 'seasonality_mode': 'multiplicative'}
[2025-07-31T11:57:40.331+0000] {filesystem.py:118} DEBUG - input tempfile: /tmp/tmpmfw4x_pe/ednkbh8c.json
[2025-07-31T11:57:40.347+0000] {filesystem.py:118} DEBUG - input tempfile: /tmp/tmpmfw4x_pe/d8l3pzub.json
[2025-07-31T11:57:40.349+0000] {model.py:2042} DEBUG - idx 0
[2025-07-31T11:57:40.349+0000] {model.py:2043} DEBUG - running CmdStan, num_threads: None
[2025-07-31T11:57:40.350+0000] {model.py:2055} DEBUG - CmdStan args: ['/home/airflow/.local/lib/python3.11/site-packages/prophet/stan_model/prophet_model.bin', 'random', 'seed=98408', 'data', 'file=/tmp/tmpmfw4x_pe/ednkbh8c.json', 'init=/tmp/tmpmfw4x_pe/d8l3pzub.json', 'output', 'file=/tmp/tmpmfw4x_pe/prophet_modell3_a_nte/prophet_model-20250731115740.csv', 'method=optimize', 'algorithm=lbfgs', 'iter=10000']
[2025-07-31T11:57:40.351+0000] {logging_mixin.py:188} WARNING - 11:57:40 - cmdstanpy - INFO - Chain [1] start processing
[2025-07-31T11:57:40.351+0000] {model.py:2058} INFO - Chain [1] start processing
[2025-07-31T11:57:40.378+0000] {logging_mixin.py:188} WARNING - 11:57:40 - cmdstanpy - INFO - Chain [1] done processing
[2025-07-31T11:57:40.377+0000] {model.py:2115} INFO - Chain [1] done processing
[2025-07-31T11:57:40.381+0000] {logging_mixin.py:188} INFO - Erreur pour {'changepoint_prior_scale': 0.01, 'seasonality_prior_scale': 1.0, 'seasonality_mode': 'multiplicative'}: Less data than horizon.
[2025-07-31T11:57:40.381+0000] {logging_mixin.py:188} INFO - Test 3/18: {'changepoint_prior_scale': 0.01, 'seasonality_prior_scale': 5.0, 'seasonality_mode': 'additive'}
[2025-07-31T11:57:40.398+0000] {filesystem.py:118} DEBUG - input tempfile: /tmp/tmpmfw4x_pe/mnvzts29.json
[2025-07-31T11:57:40.414+0000] {filesystem.py:118} DEBUG - input tempfile: /tmp/tmpmfw4x_pe/igcxx7e4.json
[2025-07-31T11:57:40.416+0000] {model.py:2042} DEBUG - idx 0
[2025-07-31T11:57:40.416+0000] {model.py:2043} DEBUG - running CmdStan, num_threads: None
[2025-07-31T11:57:40.417+0000] {model.py:2055} DEBUG - CmdStan args: ['/home/airflow/.local/lib/python3.11/site-packages/prophet/stan_model/prophet_model.bin', 'random', 'seed=22394', 'data', 'file=/tmp/tmpmfw4x_pe/mnvzts29.json', 'init=/tmp/tmpmfw4x_pe/igcxx7e4.json', 'output', 'file=/tmp/tmpmfw4x_pe/prophet_modelyvm6nn3k/prophet_model-20250731115740.csv', 'method=optimize', 'algorithm=lbfgs', 'iter=10000']
[2025-07-31T11:57:40.417+0000] {logging_mixin.py:188} WARNING - 11:57:40 - cmdstanpy - INFO - Chain [1] start processing
[2025-07-31T11:57:40.417+0000] {model.py:2058} INFO - Chain [1] start processing
[2025-07-31T11:57:40.446+0000] {logging_mixin.py:188} WARNING - 11:57:40 - cmdstanpy - INFO - Chain [1] done processing
[2025-07-31T11:57:40.446+0000] {model.py:2115} INFO - Chain [1] done processing
[2025-07-31T11:57:40.450+0000] {logging_mixin.py:188} INFO - Erreur pour {'changepoint_prior_scale': 0.01, 'seasonality_prior_scale': 5.0, 'seasonality_mode': 'additive'}: Less data than horizon.
[2025-07-31T11:57:40.450+0000] {logging_mixin.py:188} INFO - Test 4/18: {'changepoint_prior_scale': 0.01, 'seasonality_prior_scale': 5.0, 'seasonality_mode': 'multiplicative'}
[2025-07-31T11:57:40.466+0000] {filesystem.py:118} DEBUG - input tempfile: /tmp/tmpmfw4x_pe/ut680pqj.json
[2025-07-31T11:57:40.482+0000] {filesystem.py:118} DEBUG - input tempfile: /tmp/tmpmfw4x_pe/v625jk59.json
[2025-07-31T11:57:40.484+0000] {model.py:2042} DEBUG - idx 0
[2025-07-31T11:57:40.485+0000] {model.py:2043} DEBUG - running CmdStan, num_threads: None
[2025-07-31T11:57:40.486+0000] {model.py:2055} DEBUG - CmdStan args: ['/home/airflow/.local/lib/python3.11/site-packages/prophet/stan_model/prophet_model.bin', 'random', 'seed=3995', 'data', 'file=/tmp/tmpmfw4x_pe/ut680pqj.json', 'init=/tmp/tmpmfw4x_pe/v625jk59.json', 'output', 'file=/tmp/tmpmfw4x_pe/prophet_modelg8tvp3sg/prophet_model-20250731115740.csv', 'method=optimize', 'algorithm=lbfgs', 'iter=10000']
[2025-07-31T11:57:40.487+0000] {logging_mixin.py:188} WARNING - 11:57:40 - cmdstanpy - INFO - Chain [1] start processing
[2025-07-31T11:57:40.487+0000] {model.py:2058} INFO - Chain [1] start processing
[2025-07-31T11:57:40.518+0000] {logging_mixin.py:188} WARNING - 11:57:40 - cmdstanpy - INFO - Chain [1] done processing
[2025-07-31T11:57:40.518+0000] {model.py:2115} INFO - Chain [1] done processing
[2025-07-31T11:57:40.521+0000] {logging_mixin.py:188} INFO - Erreur pour {'changepoint_prior_scale': 0.01, 'seasonality_prior_scale': 5.0, 'seasonality_mode': 'multiplicative'}: Less data than horizon.
[2025-07-31T11:57:40.522+0000] {logging_mixin.py:188} INFO - Test 5/18: {'changepoint_prior_scale': 0.01, 'seasonality_prior_scale': 10.0, 'seasonality_mode': 'additive'}
[2025-07-31T11:57:40.540+0000] {filesystem.py:118} DEBUG - input tempfile: /tmp/tmpmfw4x_pe/56r0klao.json
[2025-07-31T11:57:40.556+0000] {filesystem.py:118} DEBUG - input tempfile: /tmp/tmpmfw4x_pe/5kpaxhcq.json
[2025-07-31T11:57:40.558+0000] {model.py:2042} DEBUG - idx 0
[2025-07-31T11:57:40.559+0000] {model.py:2043} DEBUG - running CmdStan, num_threads: None
[2025-07-31T11:57:40.559+0000] {model.py:2055} DEBUG - CmdStan args: ['/home/airflow/.local/lib/python3.11/site-packages/prophet/stan_model/prophet_model.bin', 'random', 'seed=17086', 'data', 'file=/tmp/tmpmfw4x_pe/56r0klao.json', 'init=/tmp/tmpmfw4x_pe/5kpaxhcq.json', 'output', 'file=/tmp/tmpmfw4x_pe/prophet_modelj0y3kl6m/prophet_model-20250731115740.csv', 'method=optimize', 'algorithm=lbfgs', 'iter=10000']
[2025-07-31T11:57:40.560+0000] {logging_mixin.py:188} WARNING - 11:57:40 - cmdstanpy - INFO - Chain [1] start processing
[2025-07-31T11:57:40.560+0000] {model.py:2058} INFO - Chain [1] start processing
[2025-07-31T11:57:40.603+0000] {logging_mixin.py:188} WARNING - 11:57:40 - cmdstanpy - INFO - Chain [1] done processing
[2025-07-31T11:57:40.603+0000] {model.py:2115} INFO - Chain [1] done processing
[2025-07-31T11:57:40.609+0000] {logging_mixin.py:188} INFO - Erreur pour {'changepoint_prior_scale': 0.01, 'seasonality_prior_scale': 10.0, 'seasonality_mode': 'additive'}: Less data than horizon.
[2025-07-31T11:57:40.610+0000] {logging_mixin.py:188} INFO - Test 6/18: {'changepoint_prior_scale': 0.01, 'seasonality_prior_scale': 10.0, 'seasonality_mode': 'multiplicative'}
[2025-07-31T11:57:40.641+0000] {filesystem.py:118} DEBUG - input tempfile: /tmp/tmpmfw4x_pe/1hu94a7p.json
[2025-07-31T11:57:40.659+0000] {filesystem.py:118} DEBUG - input tempfile: /tmp/tmpmfw4x_pe/xws3plmn.json
[2025-07-31T11:57:40.660+0000] {model.py:2042} DEBUG - idx 0
[2025-07-31T11:57:40.661+0000] {model.py:2043} DEBUG - running CmdStan, num_threads: None
[2025-07-31T11:57:40.662+0000] {model.py:2055} DEBUG - CmdStan args: ['/home/airflow/.local/lib/python3.11/site-packages/prophet/stan_model/prophet_model.bin', 'random', 'seed=63225', 'data', 'file=/tmp/tmpmfw4x_pe/1hu94a7p.json', 'init=/tmp/tmpmfw4x_pe/xws3plmn.json', 'output', 'file=/tmp/tmpmfw4x_pe/prophet_modelod1hmr0e/prophet_model-20250731115740.csv', 'method=optimize', 'algorithm=lbfgs', 'iter=10000']
[2025-07-31T11:57:40.662+0000] {logging_mixin.py:188} WARNING - 11:57:40 - cmdstanpy - INFO - Chain [1] start processing
[2025-07-31T11:57:40.662+0000] {model.py:2058} INFO - Chain [1] start processing
[2025-07-31T11:57:40.691+0000] {logging_mixin.py:188} WARNING - 11:57:40 - cmdstanpy - INFO - Chain [1] done processing
[2025-07-31T11:57:40.691+0000] {model.py:2115} INFO - Chain [1] done processing
[2025-07-31T11:57:40.695+0000] {logging_mixin.py:188} INFO - Erreur pour {'changepoint_prior_scale': 0.01, 'seasonality_prior_scale': 10.0, 'seasonality_mode': 'multiplicative'}: Less data than horizon.
[2025-07-31T11:57:40.696+0000] {logging_mixin.py:188} INFO - Test 7/18: {'changepoint_prior_scale': 0.05, 'seasonality_prior_scale': 1.0, 'seasonality_mode': 'additive'}
[2025-07-31T11:57:40.715+0000] {filesystem.py:118} DEBUG - input tempfile: /tmp/tmpmfw4x_pe/et6llhfe.json
[2025-07-31T11:57:40.737+0000] {filesystem.py:118} DEBUG - input tempfile: /tmp/tmpmfw4x_pe/0x4fekzu.json
[2025-07-31T11:57:40.738+0000] {model.py:2042} DEBUG - idx 0
[2025-07-31T11:57:40.739+0000] {model.py:2043} DEBUG - running CmdStan, num_threads: None
[2025-07-31T11:57:40.740+0000] {model.py:2055} DEBUG - CmdStan args: ['/home/airflow/.local/lib/python3.11/site-packages/prophet/stan_model/prophet_model.bin', 'random', 'seed=37424', 'data', 'file=/tmp/tmpmfw4x_pe/et6llhfe.json', 'init=/tmp/tmpmfw4x_pe/0x4fekzu.json', 'output', 'file=/tmp/tmpmfw4x_pe/prophet_modela2u8gaej/prophet_model-20250731115740.csv', 'method=optimize', 'algorithm=lbfgs', 'iter=10000']
[2025-07-31T11:57:40.740+0000] {logging_mixin.py:188} WARNING - 11:57:40 - cmdstanpy - INFO - Chain [1] start processing
[2025-07-31T11:57:40.740+0000] {model.py:2058} INFO - Chain [1] start processing
[2025-07-31T11:57:40.783+0000] {logging_mixin.py:188} WARNING - 11:57:40 - cmdstanpy - INFO - Chain [1] done processing
[2025-07-31T11:57:40.783+0000] {model.py:2115} INFO - Chain [1] done processing
[2025-07-31T11:57:40.789+0000] {logging_mixin.py:188} INFO - Erreur pour {'changepoint_prior_scale': 0.05, 'seasonality_prior_scale': 1.0, 'seasonality_mode': 'additive'}: Less data than horizon.
[2025-07-31T11:57:40.790+0000] {logging_mixin.py:188} INFO - Test 8/18: {'changepoint_prior_scale': 0.05, 'seasonality_prior_scale': 1.0, 'seasonality_mode': 'multiplicative'}
[2025-07-31T11:57:40.823+0000] {filesystem.py:118} DEBUG - input tempfile: /tmp/tmpmfw4x_pe/jrdpilid.json
[2025-07-31T11:57:40.841+0000] {filesystem.py:118} DEBUG - input tempfile: /tmp/tmpmfw4x_pe/hjupjzur.json
[2025-07-31T11:57:40.843+0000] {model.py:2042} DEBUG - idx 0
[2025-07-31T11:57:40.843+0000] {model.py:2043} DEBUG - running CmdStan, num_threads: None
[2025-07-31T11:57:40.844+0000] {model.py:2055} DEBUG - CmdStan args: ['/home/airflow/.local/lib/python3.11/site-packages/prophet/stan_model/prophet_model.bin', 'random', 'seed=64700', 'data', 'file=/tmp/tmpmfw4x_pe/jrdpilid.json', 'init=/tmp/tmpmfw4x_pe/hjupjzur.json', 'output', 'file=/tmp/tmpmfw4x_pe/prophet_modelni74x441/prophet_model-20250731115740.csv', 'method=optimize', 'algorithm=lbfgs', 'iter=10000']
[2025-07-31T11:57:40.844+0000] {logging_mixin.py:188} WARNING - 11:57:40 - cmdstanpy - INFO - Chain [1] start processing
[2025-07-31T11:57:40.844+0000] {model.py:2058} INFO - Chain [1] start processing
[2025-07-31T11:57:40.874+0000] {logging_mixin.py:188} WARNING - 11:57:40 - cmdstanpy - INFO - Chain [1] done processing
[2025-07-31T11:57:40.874+0000] {model.py:2115} INFO - Chain [1] done processing
[2025-07-31T11:57:40.878+0000] {logging_mixin.py:188} INFO - Erreur pour {'changepoint_prior_scale': 0.05, 'seasonality_prior_scale': 1.0, 'seasonality_mode': 'multiplicative'}: Less data than horizon.
[2025-07-31T11:57:40.878+0000] {logging_mixin.py:188} INFO - Test 9/18: {'changepoint_prior_scale': 0.05, 'seasonality_prior_scale': 5.0, 'seasonality_mode': 'additive'}
[2025-07-31T11:57:40.897+0000] {filesystem.py:118} DEBUG - input tempfile: /tmp/tmpmfw4x_pe/l8zhk9s8.json
[2025-07-31T11:57:40.913+0000] {filesystem.py:118} DEBUG - input tempfile: /tmp/tmpmfw4x_pe/4bv5mwfw.json
[2025-07-31T11:57:40.915+0000] {model.py:2042} DEBUG - idx 0
[2025-07-31T11:57:40.916+0000] {model.py:2043} DEBUG - running CmdStan, num_threads: None
[2025-07-31T11:57:40.917+0000] {model.py:2055} DEBUG - CmdStan args: ['/home/airflow/.local/lib/python3.11/site-packages/prophet/stan_model/prophet_model.bin', 'random', 'seed=48035', 'data', 'file=/tmp/tmpmfw4x_pe/l8zhk9s8.json', 'init=/tmp/tmpmfw4x_pe/4bv5mwfw.json', 'output', 'file=/tmp/tmpmfw4x_pe/prophet_modelvpagpa56/prophet_model-20250731115740.csv', 'method=optimize', 'algorithm=lbfgs', 'iter=10000']
[2025-07-31T11:57:40.917+0000] {logging_mixin.py:188} WARNING - 11:57:40 - cmdstanpy - INFO - Chain [1] start processing
[2025-07-31T11:57:40.917+0000] {model.py:2058} INFO - Chain [1] start processing
[2025-07-31T11:57:40.959+0000] {logging_mixin.py:188} WARNING - 11:57:40 - cmdstanpy - INFO - Chain [1] done processing
[2025-07-31T11:57:40.958+0000] {model.py:2115} INFO - Chain [1] done processing
[2025-07-31T11:57:40.963+0000] {logging_mixin.py:188} INFO - Erreur pour {'changepoint_prior_scale': 0.05, 'seasonality_prior_scale': 5.0, 'seasonality_mode': 'additive'}: Less data than horizon.
[2025-07-31T11:57:40.964+0000] {logging_mixin.py:188} INFO - Test 10/18: {'changepoint_prior_scale': 0.05, 'seasonality_prior_scale': 5.0, 'seasonality_mode': 'multiplicative'}
[2025-07-31T11:57:40.996+0000] {filesystem.py:118} DEBUG - input tempfile: /tmp/tmpmfw4x_pe/z51p0wja.json
[2025-07-31T11:57:41.031+0000] {filesystem.py:118} DEBUG - input tempfile: /tmp/tmpmfw4x_pe/2q2dlnk2.json
[2025-07-31T11:57:41.033+0000] {model.py:2042} DEBUG - idx 0
[2025-07-31T11:57:41.034+0000] {model.py:2043} DEBUG - running CmdStan, num_threads: None
[2025-07-31T11:57:41.035+0000] {model.py:2055} DEBUG - CmdStan args: ['/home/airflow/.local/lib/python3.11/site-packages/prophet/stan_model/prophet_model.bin', 'random', 'seed=82239', 'data', 'file=/tmp/tmpmfw4x_pe/z51p0wja.json', 'init=/tmp/tmpmfw4x_pe/2q2dlnk2.json', 'output', 'file=/tmp/tmpmfw4x_pe/prophet_modelo7wj3aj6/prophet_model-20250731115741.csv', 'method=optimize', 'algorithm=lbfgs', 'iter=10000']
[2025-07-31T11:57:41.036+0000] {logging_mixin.py:188} WARNING - 11:57:41 - cmdstanpy - INFO - Chain [1] start processing
[2025-07-31T11:57:41.036+0000] {model.py:2058} INFO - Chain [1] start processing
[2025-07-31T11:57:41.089+0000] {logging_mixin.py:188} WARNING - 11:57:41 - cmdstanpy - INFO - Chain [1] done processing
[2025-07-31T11:57:41.088+0000] {model.py:2115} INFO - Chain [1] done processing
[2025-07-31T11:57:41.093+0000] {logging_mixin.py:188} INFO - Erreur pour {'changepoint_prior_scale': 0.05, 'seasonality_prior_scale': 5.0, 'seasonality_mode': 'multiplicative'}: Less data than horizon.
[2025-07-31T11:57:41.094+0000] {logging_mixin.py:188} INFO - Test 11/18: {'changepoint_prior_scale': 0.05, 'seasonality_prior_scale': 10.0, 'seasonality_mode': 'additive'}
[2025-07-31T11:57:41.121+0000] {filesystem.py:118} DEBUG - input tempfile: /tmp/tmpmfw4x_pe/54bya8eb.json
[2025-07-31T11:57:41.140+0000] {filesystem.py:118} DEBUG - input tempfile: /tmp/tmpmfw4x_pe/bhlyqaix.json
[2025-07-31T11:57:41.142+0000] {model.py:2042} DEBUG - idx 0
[2025-07-31T11:57:41.142+0000] {model.py:2043} DEBUG - running CmdStan, num_threads: None
[2025-07-31T11:57:41.143+0000] {model.py:2055} DEBUG - CmdStan args: ['/home/airflow/.local/lib/python3.11/site-packages/prophet/stan_model/prophet_model.bin', 'random', 'seed=70728', 'data', 'file=/tmp/tmpmfw4x_pe/54bya8eb.json', 'init=/tmp/tmpmfw4x_pe/bhlyqaix.json', 'output', 'file=/tmp/tmpmfw4x_pe/prophet_modelfox64sh_/prophet_model-20250731115741.csv', 'method=optimize', 'algorithm=lbfgs', 'iter=10000']
[2025-07-31T11:57:41.143+0000] {logging_mixin.py:188} WARNING - 11:57:41 - cmdstanpy - INFO - Chain [1] start processing
[2025-07-31T11:57:41.143+0000] {model.py:2058} INFO - Chain [1] start processing
[2025-07-31T11:57:41.167+0000] {logging_mixin.py:188} WARNING - 11:57:41 - cmdstanpy - INFO - Chain [1] done processing
[2025-07-31T11:57:41.167+0000] {model.py:2115} INFO - Chain [1] done processing
[2025-07-31T11:57:41.170+0000] {logging_mixin.py:188} INFO - Erreur pour {'changepoint_prior_scale': 0.05, 'seasonality_prior_scale': 10.0, 'seasonality_mode': 'additive'}: Less data than horizon.
[2025-07-31T11:57:41.171+0000] {logging_mixin.py:188} INFO - Test 12/18: {'changepoint_prior_scale': 0.05, 'seasonality_prior_scale': 10.0, 'seasonality_mode': 'multiplicative'}
[2025-07-31T11:57:41.189+0000] {filesystem.py:118} DEBUG - input tempfile: /tmp/tmpmfw4x_pe/c9hx_iz8.json
[2025-07-31T11:57:41.207+0000] {filesystem.py:118} DEBUG - input tempfile: /tmp/tmpmfw4x_pe/sj4fktsl.json
[2025-07-31T11:57:41.209+0000] {model.py:2042} DEBUG - idx 0
[2025-07-31T11:57:41.210+0000] {model.py:2043} DEBUG - running CmdStan, num_threads: None
[2025-07-31T11:57:41.210+0000] {model.py:2055} DEBUG - CmdStan args: ['/home/airflow/.local/lib/python3.11/site-packages/prophet/stan_model/prophet_model.bin', 'random', 'seed=22868', 'data', 'file=/tmp/tmpmfw4x_pe/c9hx_iz8.json', 'init=/tmp/tmpmfw4x_pe/sj4fktsl.json', 'output', 'file=/tmp/tmpmfw4x_pe/prophet_modelp1eelhv9/prophet_model-20250731115741.csv', 'method=optimize', 'algorithm=lbfgs', 'iter=10000']
[2025-07-31T11:57:41.211+0000] {logging_mixin.py:188} WARNING - 11:57:41 - cmdstanpy - INFO - Chain [1] start processing
[2025-07-31T11:57:41.211+0000] {model.py:2058} INFO - Chain [1] start processing
[2025-07-31T11:57:41.234+0000] {logging_mixin.py:188} WARNING - 11:57:41 - cmdstanpy - INFO - Chain [1] done processing
[2025-07-31T11:57:41.234+0000] {model.py:2115} INFO - Chain [1] done processing
[2025-07-31T11:57:41.237+0000] {logging_mixin.py:188} INFO - Erreur pour {'changepoint_prior_scale': 0.05, 'seasonality_prior_scale': 10.0, 'seasonality_mode': 'multiplicative'}: Less data than horizon.
[2025-07-31T11:57:41.238+0000] {logging_mixin.py:188} INFO - Test 13/18: {'changepoint_prior_scale': 0.1, 'seasonality_prior_scale': 1.0, 'seasonality_mode': 'additive'}
[2025-07-31T11:57:41.256+0000] {filesystem.py:118} DEBUG - input tempfile: /tmp/tmpmfw4x_pe/d92ibg87.json
[2025-07-31T11:57:41.274+0000] {filesystem.py:118} DEBUG - input tempfile: /tmp/tmpmfw4x_pe/7h5khto9.json
[2025-07-31T11:57:41.275+0000] {model.py:2042} DEBUG - idx 0
[2025-07-31T11:57:41.276+0000] {model.py:2043} DEBUG - running CmdStan, num_threads: None
[2025-07-31T11:57:41.276+0000] {model.py:2055} DEBUG - CmdStan args: ['/home/airflow/.local/lib/python3.11/site-packages/prophet/stan_model/prophet_model.bin', 'random', 'seed=12645', 'data', 'file=/tmp/tmpmfw4x_pe/d92ibg87.json', 'init=/tmp/tmpmfw4x_pe/7h5khto9.json', 'output', 'file=/tmp/tmpmfw4x_pe/prophet_modeljf4hx745/prophet_model-20250731115741.csv', 'method=optimize', 'algorithm=lbfgs', 'iter=10000']
[2025-07-31T11:57:41.277+0000] {logging_mixin.py:188} WARNING - 11:57:41 - cmdstanpy - INFO - Chain [1] start processing
[2025-07-31T11:57:41.277+0000] {model.py:2058} INFO - Chain [1] start processing
[2025-07-31T11:57:41.319+0000] {logging_mixin.py:188} WARNING - 11:57:41 - cmdstanpy - INFO - Chain [1] done processing
[2025-07-31T11:57:41.319+0000] {model.py:2115} INFO - Chain [1] done processing
[2025-07-31T11:57:41.324+0000] {logging_mixin.py:188} INFO - Erreur pour {'changepoint_prior_scale': 0.1, 'seasonality_prior_scale': 1.0, 'seasonality_mode': 'additive'}: Less data than horizon.
[2025-07-31T11:57:41.325+0000] {logging_mixin.py:188} INFO - Test 14/18: {'changepoint_prior_scale': 0.1, 'seasonality_prior_scale': 1.0, 'seasonality_mode': 'multiplicative'}
[2025-07-31T11:57:41.356+0000] {filesystem.py:118} DEBUG - input tempfile: /tmp/tmpmfw4x_pe/txk6pw0m.json
[2025-07-31T11:57:41.388+0000] {filesystem.py:118} DEBUG - input tempfile: /tmp/tmpmfw4x_pe/wyq1k13b.json
[2025-07-31T11:57:41.391+0000] {model.py:2042} DEBUG - idx 0
[2025-07-31T11:57:41.392+0000] {model.py:2043} DEBUG - running CmdStan, num_threads: None
[2025-07-31T11:57:41.392+0000] {model.py:2055} DEBUG - CmdStan args: ['/home/airflow/.local/lib/python3.11/site-packages/prophet/stan_model/prophet_model.bin', 'random', 'seed=63613', 'data', 'file=/tmp/tmpmfw4x_pe/txk6pw0m.json', 'init=/tmp/tmpmfw4x_pe/wyq1k13b.json', 'output', 'file=/tmp/tmpmfw4x_pe/prophet_model3qgbydx7/prophet_model-20250731115741.csv', 'method=optimize', 'algorithm=lbfgs', 'iter=10000']
[2025-07-31T11:57:41.393+0000] {logging_mixin.py:188} WARNING - 11:57:41 - cmdstanpy - INFO - Chain [1] start processing
[2025-07-31T11:57:41.393+0000] {model.py:2058} INFO - Chain [1] start processing
[2025-07-31T11:57:41.430+0000] {logging_mixin.py:188} WARNING - 11:57:41 - cmdstanpy - INFO - Chain [1] done processing
[2025-07-31T11:57:41.430+0000] {model.py:2115} INFO - Chain [1] done processing
[2025-07-31T11:57:41.434+0000] {logging_mixin.py:188} INFO - Erreur pour {'changepoint_prior_scale': 0.1, 'seasonality_prior_scale': 1.0, 'seasonality_mode': 'multiplicative'}: Less data than horizon.
[2025-07-31T11:57:41.435+0000] {logging_mixin.py:188} INFO - Test 15/18: {'changepoint_prior_scale': 0.1, 'seasonality_prior_scale': 5.0, 'seasonality_mode': 'additive'}
[2025-07-31T11:57:41.455+0000] {filesystem.py:118} DEBUG - input tempfile: /tmp/tmpmfw4x_pe/1jyhgh6w.json
[2025-07-31T11:57:41.472+0000] {filesystem.py:118} DEBUG - input tempfile: /tmp/tmpmfw4x_pe/heplxrmv.json
[2025-07-31T11:57:41.474+0000] {model.py:2042} DEBUG - idx 0
[2025-07-31T11:57:41.474+0000] {model.py:2043} DEBUG - running CmdStan, num_threads: None
[2025-07-31T11:57:41.475+0000] {model.py:2055} DEBUG - CmdStan args: ['/home/airflow/.local/lib/python3.11/site-packages/prophet/stan_model/prophet_model.bin', 'random', 'seed=17977', 'data', 'file=/tmp/tmpmfw4x_pe/1jyhgh6w.json', 'init=/tmp/tmpmfw4x_pe/heplxrmv.json', 'output', 'file=/tmp/tmpmfw4x_pe/prophet_model78m3vr49/prophet_model-20250731115741.csv', 'method=optimize', 'algorithm=lbfgs', 'iter=10000']
[2025-07-31T11:57:41.476+0000] {logging_mixin.py:188} WARNING - 11:57:41 - cmdstanpy - INFO - Chain [1] start processing
[2025-07-31T11:57:41.475+0000] {model.py:2058} INFO - Chain [1] start processing
[2025-07-31T11:57:41.518+0000] {logging_mixin.py:188} WARNING - 11:57:41 - cmdstanpy - INFO - Chain [1] done processing
[2025-07-31T11:57:41.517+0000] {model.py:2115} INFO - Chain [1] done processing
[2025-07-31T11:57:41.523+0000] {logging_mixin.py:188} INFO - Erreur pour {'changepoint_prior_scale': 0.1, 'seasonality_prior_scale': 5.0, 'seasonality_mode': 'additive'}: Less data than horizon.
[2025-07-31T11:57:41.524+0000] {logging_mixin.py:188} INFO - Test 16/18: {'changepoint_prior_scale': 0.1, 'seasonality_prior_scale': 5.0, 'seasonality_mode': 'multiplicative'}
[2025-07-31T11:57:41.551+0000] {filesystem.py:118} DEBUG - input tempfile: /tmp/tmpmfw4x_pe/e7wc02na.json
[2025-07-31T11:57:41.569+0000] {filesystem.py:118} DEBUG - input tempfile: /tmp/tmpmfw4x_pe/fkuithp0.json
[2025-07-31T11:57:41.570+0000] {model.py:2042} DEBUG - idx 0
[2025-07-31T11:57:41.571+0000] {model.py:2043} DEBUG - running CmdStan, num_threads: None
[2025-07-31T11:57:41.572+0000] {model.py:2055} DEBUG - CmdStan args: ['/home/airflow/.local/lib/python3.11/site-packages/prophet/stan_model/prophet_model.bin', 'random', 'seed=44590', 'data', 'file=/tmp/tmpmfw4x_pe/e7wc02na.json', 'init=/tmp/tmpmfw4x_pe/fkuithp0.json', 'output', 'file=/tmp/tmpmfw4x_pe/prophet_modelz6ib8k5s/prophet_model-20250731115741.csv', 'method=optimize', 'algorithm=lbfgs', 'iter=10000']
[2025-07-31T11:57:41.573+0000] {logging_mixin.py:188} WARNING - 11:57:41 - cmdstanpy - INFO - Chain [1] start processing
[2025-07-31T11:57:41.572+0000] {model.py:2058} INFO - Chain [1] start processing
[2025-07-31T11:57:41.599+0000] {logging_mixin.py:188} WARNING - 11:57:41 - cmdstanpy - INFO - Chain [1] done processing
[2025-07-31T11:57:41.599+0000] {model.py:2115} INFO - Chain [1] done processing
[2025-07-31T11:57:41.602+0000] {logging_mixin.py:188} INFO - Erreur pour {'changepoint_prior_scale': 0.1, 'seasonality_prior_scale': 5.0, 'seasonality_mode': 'multiplicative'}: Less data than horizon.
[2025-07-31T11:57:41.603+0000] {logging_mixin.py:188} INFO - Test 17/18: {'changepoint_prior_scale': 0.1, 'seasonality_prior_scale': 10.0, 'seasonality_mode': 'additive'}
[2025-07-31T11:57:41.619+0000] {filesystem.py:118} DEBUG - input tempfile: /tmp/tmpmfw4x_pe/o3dv5i9o.json
[2025-07-31T11:57:41.635+0000] {filesystem.py:118} DEBUG - input tempfile: /tmp/tmpmfw4x_pe/n64sm21l.json
[2025-07-31T11:57:41.638+0000] {model.py:2042} DEBUG - idx 0
[2025-07-31T11:57:41.638+0000] {model.py:2043} DEBUG - running CmdStan, num_threads: None
[2025-07-31T11:57:41.639+0000] {model.py:2055} DEBUG - CmdStan args: ['/home/airflow/.local/lib/python3.11/site-packages/prophet/stan_model/prophet_model.bin', 'random', 'seed=71585', 'data', 'file=/tmp/tmpmfw4x_pe/o3dv5i9o.json', 'init=/tmp/tmpmfw4x_pe/n64sm21l.json', 'output', 'file=/tmp/tmpmfw4x_pe/prophet_modelh0k_sn_3/prophet_model-20250731115741.csv', 'method=optimize', 'algorithm=lbfgs', 'iter=10000']
[2025-07-31T11:57:41.640+0000] {logging_mixin.py:188} WARNING - 11:57:41 - cmdstanpy - INFO - Chain [1] start processing
[2025-07-31T11:57:41.640+0000] {model.py:2058} INFO - Chain [1] start processing
[2025-07-31T11:57:41.675+0000] {logging_mixin.py:188} WARNING - 11:57:41 - cmdstanpy - INFO - Chain [1] done processing
[2025-07-31T11:57:41.675+0000] {model.py:2115} INFO - Chain [1] done processing
[2025-07-31T11:57:41.680+0000] {logging_mixin.py:188} INFO - Erreur pour {'changepoint_prior_scale': 0.1, 'seasonality_prior_scale': 10.0, 'seasonality_mode': 'additive'}: Less data than horizon.
[2025-07-31T11:57:41.681+0000] {logging_mixin.py:188} INFO - Test 18/18: {'changepoint_prior_scale': 0.1, 'seasonality_prior_scale': 10.0, 'seasonality_mode': 'multiplicative'}
[2025-07-31T11:57:41.701+0000] {filesystem.py:118} DEBUG - input tempfile: /tmp/tmpmfw4x_pe/784wpzdn.json
[2025-07-31T11:57:41.726+0000] {filesystem.py:118} DEBUG - input tempfile: /tmp/tmpmfw4x_pe/xuxcoqqq.json
[2025-07-31T11:57:41.728+0000] {model.py:2042} DEBUG - idx 0
[2025-07-31T11:57:41.729+0000] {model.py:2043} DEBUG - running CmdStan, num_threads: None
[2025-07-31T11:57:41.729+0000] {model.py:2055} DEBUG - CmdStan args: ['/home/airflow/.local/lib/python3.11/site-packages/prophet/stan_model/prophet_model.bin', 'random', 'seed=9197', 'data', 'file=/tmp/tmpmfw4x_pe/784wpzdn.json', 'init=/tmp/tmpmfw4x_pe/xuxcoqqq.json', 'output', 'file=/tmp/tmpmfw4x_pe/prophet_modelm2rfucrc/prophet_model-20250731115741.csv', 'method=optimize', 'algorithm=lbfgs', 'iter=10000']
[2025-07-31T11:57:41.730+0000] {logging_mixin.py:188} WARNING - 11:57:41 - cmdstanpy - INFO - Chain [1] start processing
[2025-07-31T11:57:41.730+0000] {model.py:2058} INFO - Chain [1] start processing
[2025-07-31T11:57:41.779+0000] {logging_mixin.py:188} WARNING - 11:57:41 - cmdstanpy - INFO - Chain [1] done processing
[2025-07-31T11:57:41.778+0000] {model.py:2115} INFO - Chain [1] done processing
[2025-07-31T11:57:41.783+0000] {logging_mixin.py:188} INFO - Erreur pour {'changepoint_prior_scale': 0.1, 'seasonality_prior_scale': 10.0, 'seasonality_mode': 'multiplicative'}: Less data than horizon.
[2025-07-31T11:57:41.784+0000] {taskinstance.py:441} INFO - ::group::Post task execution logs
[2025-07-31T11:57:41.785+0000] {taskinstance.py:2905} ERROR - Task failed with exception
Traceback (most recent call last):
  File "/home/airflow/.local/lib/python3.11/site-packages/airflow/models/taskinstance.py", line 465, in _execute_task
    result = _execute_callable(context=context, **execute_callable_kwargs)
             ^^^^^^^^^^^^^^^^^^^^^^^^^^^^^^^^^^^^^^^^^^^^^^^^^^^^^^^^^^^^^
  File "/home/airflow/.local/lib/python3.11/site-packages/airflow/models/taskinstance.py", line 432, in _execute_callable
    return execute_callable(context=context, **execute_callable_kwargs)
           ^^^^^^^^^^^^^^^^^^^^^^^^^^^^^^^^^^^^^^^^^^^^^^^^^^^^^^^^^^^^
  File "/home/airflow/.local/lib/python3.11/site-packages/airflow/models/baseoperator.py", line 401, in wrapper
    return func(self, *args, **kwargs)
           ^^^^^^^^^^^^^^^^^^^^^^^^^^^
  File "/home/airflow/.local/lib/python3.11/site-packages/airflow/operators/python.py", line 235, in execute
    return_value = self.execute_callable()
                   ^^^^^^^^^^^^^^^^^^^^^^^
  File "/home/airflow/.local/lib/python3.11/site-packages/airflow/operators/python.py", line 252, in execute_callable
    return self.python_callable(*self.op_args, **self.op_kwargs)
           ^^^^^^^^^^^^^^^^^^^^^^^^^^^^^^^^^^^^^^^^^^^^^^^^^^^^^
  File "/opt/airflow/dags/scripts/train_prophet.py", line 92, in train_prophet
    best_model_temp, scores_temp = optimize_prophet_model(temp_df)
                                   ^^^^^^^^^^^^^^^^^^^^^^^^^^^^^^^
  File "/opt/airflow/dags/scripts/train_prophet.py", line 44, in optimize_prophet_model
    best = min(results, key=lambda x: x[1])
           ^^^^^^^^^^^^^^^^^^^^^^^^^^^^^^^^
ValueError: min() arg is an empty sequence
[2025-07-31T11:57:41.828+0000] {taskinstance.py:1206} INFO - Marking task as FAILED. dag_id=solar_ai_pipeline_2, task_id=train_prophet, run_id=scheduled__2023-07-05T00:00:00+00:00, execution_date=20230705T000000, start_date=20250731T115738, end_date=20250731T115741
[2025-07-31T11:57:41.948+0000] {standard_task_runner.py:110} ERROR - Failed to execute job 2921 for task train_prophet (min() arg is an empty sequence; 4100)
[2025-07-31T11:57:41.988+0000] {local_task_job_runner.py:240} INFO - Task exited with return code 1
[2025-07-31T11:57:42.075+0000] {taskinstance.py:3503} INFO - 0 downstream tasks scheduled from follow-on schedule check
[2025-07-31T11:57:42.159+0000] {local_task_job_runner.py:222} INFO - ::endgroup::
