[2025-07-31T11:47:21.230+0000] {local_task_job_runner.py:120} INFO - ::group::Pre task execution logs
[2025-07-31T11:47:21.366+0000] {taskinstance.py:2076} INFO - Dependencies all met for dep_context=non-requeueable deps ti=<TaskInstance: solar_ai_pipeline_2.train_prophet scheduled__2023-07-05T00:00:00+00:00 [queued]>
[2025-07-31T11:47:21.413+0000] {taskinstance.py:2076} INFO - Dependencies all met for dep_context=requeueable deps ti=<TaskInstance: solar_ai_pipeline_2.train_prophet scheduled__2023-07-05T00:00:00+00:00 [queued]>
[2025-07-31T11:47:21.417+0000] {taskinstance.py:2306} INFO - Starting attempt 3 of 4
[2025-07-31T11:47:21.494+0000] {taskinstance.py:2330} INFO - Executing <Task(PythonOperator): train_prophet> on 2023-07-05 00:00:00+00:00
[2025-07-31T11:47:21.506+0000] {standard_task_runner.py:63} INFO - Started process 3272 to run task
[2025-07-31T11:47:21.518+0000] {standard_task_runner.py:90} INFO - Running: ['airflow', 'tasks', 'run', 'solar_ai_pipeline_2', 'train_prophet', 'scheduled__2023-07-05T00:00:00+00:00', '--job-id', '2891', '--raw', '--subdir', 'DAGS_FOLDER/prophet_pipeline.py', '--cfg-path', '/tmp/tmphjc5uml1']
[2025-07-31T11:47:21.524+0000] {standard_task_runner.py:91} INFO - Job 2891: Subtask train_prophet
[2025-07-31T11:47:21.723+0000] {task_command.py:426} INFO - Running <TaskInstance: solar_ai_pipeline_2.train_prophet scheduled__2023-07-05T00:00:00+00:00 [running]> on host a2a0dd314bdc
[2025-07-31T11:47:22.058+0000] {taskinstance.py:2648} INFO - Exporting env vars: AIRFLOW_CTX_DAG_OWNER='ensam' AIRFLOW_CTX_DAG_ID='solar_ai_pipeline_2' AIRFLOW_CTX_TASK_ID='train_prophet' AIRFLOW_CTX_EXECUTION_DATE='2023-07-05T00:00:00+00:00' AIRFLOW_CTX_TRY_NUMBER='3' AIRFLOW_CTX_DAG_RUN_ID='scheduled__2023-07-05T00:00:00+00:00'
[2025-07-31T11:47:22.060+0000] {taskinstance.py:430} INFO - ::endgroup::
[2025-07-31T11:47:23.079+0000] {plot.py:39} ERROR - Importing plotly failed. Interactive plots will not work.
[2025-07-31T11:47:23.095+0000] {logging_mixin.py:188} INFO - Training from 2023-01-01 to 2023-01-06
[2025-07-31T11:47:23.296+0000] {logging_mixin.py:188} INFO - Test 1/18: {'changepoint_prior_scale': 0.01, 'seasonality_prior_scale': 1.0, 'seasonality_mode': 'additive'}
[2025-07-31T11:47:23.363+0000] {filesystem.py:118} DEBUG - input tempfile: /tmp/tmp04j72rol/0_fo2ftw.json
[2025-07-31T11:47:23.389+0000] {filesystem.py:118} DEBUG - input tempfile: /tmp/tmp04j72rol/vs_nuohp.json
[2025-07-31T11:47:23.391+0000] {model.py:2042} DEBUG - idx 0
[2025-07-31T11:47:23.392+0000] {model.py:2043} DEBUG - running CmdStan, num_threads: None
[2025-07-31T11:47:23.393+0000] {model.py:2055} DEBUG - CmdStan args: ['/home/airflow/.local/lib/python3.11/site-packages/prophet/stan_model/prophet_model.bin', 'random', 'seed=67482', 'data', 'file=/tmp/tmp04j72rol/0_fo2ftw.json', 'init=/tmp/tmp04j72rol/vs_nuohp.json', 'output', 'file=/tmp/tmp04j72rol/prophet_model7ifc6987/prophet_model-20250731114723.csv', 'method=optimize', 'algorithm=lbfgs', 'iter=10000']
[2025-07-31T11:47:23.394+0000] {logging_mixin.py:188} WARNING - 11:47:23 - cmdstanpy - INFO - Chain [1] start processing
[2025-07-31T11:47:23.394+0000] {model.py:2058} INFO - Chain [1] start processing
[2025-07-31T11:47:23.425+0000] {logging_mixin.py:188} WARNING - 11:47:23 - cmdstanpy - INFO - Chain [1] done processing
[2025-07-31T11:47:23.425+0000] {model.py:2115} INFO - Chain [1] done processing
[2025-07-31T11:47:23.429+0000] {logging_mixin.py:188} INFO - Erreur pour {'changepoint_prior_scale': 0.01, 'seasonality_prior_scale': 1.0, 'seasonality_mode': 'additive'}: Less data than horizon.
[2025-07-31T11:47:23.430+0000] {logging_mixin.py:188} INFO - Test 2/18: {'changepoint_prior_scale': 0.01, 'seasonality_prior_scale': 1.0, 'seasonality_mode': 'multiplicative'}
[2025-07-31T11:47:23.454+0000] {filesystem.py:118} DEBUG - input tempfile: /tmp/tmp04j72rol/xlttgvwb.json
[2025-07-31T11:47:23.475+0000] {filesystem.py:118} DEBUG - input tempfile: /tmp/tmp04j72rol/7lfqlz6f.json
[2025-07-31T11:47:23.479+0000] {model.py:2042} DEBUG - idx 0
[2025-07-31T11:47:23.480+0000] {model.py:2043} DEBUG - running CmdStan, num_threads: None
[2025-07-31T11:47:23.480+0000] {model.py:2055} DEBUG - CmdStan args: ['/home/airflow/.local/lib/python3.11/site-packages/prophet/stan_model/prophet_model.bin', 'random', 'seed=27180', 'data', 'file=/tmp/tmp04j72rol/xlttgvwb.json', 'init=/tmp/tmp04j72rol/7lfqlz6f.json', 'output', 'file=/tmp/tmp04j72rol/prophet_modelan46rj99/prophet_model-20250731114723.csv', 'method=optimize', 'algorithm=lbfgs', 'iter=10000']
[2025-07-31T11:47:23.481+0000] {logging_mixin.py:188} WARNING - 11:47:23 - cmdstanpy - INFO - Chain [1] start processing
[2025-07-31T11:47:23.481+0000] {model.py:2058} INFO - Chain [1] start processing
[2025-07-31T11:47:23.512+0000] {logging_mixin.py:188} WARNING - 11:47:23 - cmdstanpy - INFO - Chain [1] done processing
[2025-07-31T11:47:23.512+0000] {model.py:2115} INFO - Chain [1] done processing
[2025-07-31T11:47:23.516+0000] {logging_mixin.py:188} INFO - Erreur pour {'changepoint_prior_scale': 0.01, 'seasonality_prior_scale': 1.0, 'seasonality_mode': 'multiplicative'}: Less data than horizon.
[2025-07-31T11:47:23.517+0000] {logging_mixin.py:188} INFO - Test 3/18: {'changepoint_prior_scale': 0.01, 'seasonality_prior_scale': 5.0, 'seasonality_mode': 'additive'}
[2025-07-31T11:47:23.541+0000] {filesystem.py:118} DEBUG - input tempfile: /tmp/tmp04j72rol/9pv90crn.json
[2025-07-31T11:47:23.564+0000] {filesystem.py:118} DEBUG - input tempfile: /tmp/tmp04j72rol/kvd_ktue.json
[2025-07-31T11:47:23.566+0000] {model.py:2042} DEBUG - idx 0
[2025-07-31T11:47:23.567+0000] {model.py:2043} DEBUG - running CmdStan, num_threads: None
[2025-07-31T11:47:23.568+0000] {model.py:2055} DEBUG - CmdStan args: ['/home/airflow/.local/lib/python3.11/site-packages/prophet/stan_model/prophet_model.bin', 'random', 'seed=97700', 'data', 'file=/tmp/tmp04j72rol/9pv90crn.json', 'init=/tmp/tmp04j72rol/kvd_ktue.json', 'output', 'file=/tmp/tmp04j72rol/prophet_modelrkbabih4/prophet_model-20250731114723.csv', 'method=optimize', 'algorithm=lbfgs', 'iter=10000']
[2025-07-31T11:47:23.569+0000] {logging_mixin.py:188} WARNING - 11:47:23 - cmdstanpy - INFO - Chain [1] start processing
[2025-07-31T11:47:23.569+0000] {model.py:2058} INFO - Chain [1] start processing
[2025-07-31T11:47:23.602+0000] {logging_mixin.py:188} WARNING - 11:47:23 - cmdstanpy - INFO - Chain [1] done processing
[2025-07-31T11:47:23.602+0000] {model.py:2115} INFO - Chain [1] done processing
[2025-07-31T11:47:23.606+0000] {logging_mixin.py:188} INFO - Erreur pour {'changepoint_prior_scale': 0.01, 'seasonality_prior_scale': 5.0, 'seasonality_mode': 'additive'}: Less data than horizon.
[2025-07-31T11:47:23.606+0000] {logging_mixin.py:188} INFO - Test 4/18: {'changepoint_prior_scale': 0.01, 'seasonality_prior_scale': 5.0, 'seasonality_mode': 'multiplicative'}
[2025-07-31T11:47:23.626+0000] {filesystem.py:118} DEBUG - input tempfile: /tmp/tmp04j72rol/jmf4jrvt.json
[2025-07-31T11:47:23.645+0000] {filesystem.py:118} DEBUG - input tempfile: /tmp/tmp04j72rol/4e43hgvp.json
[2025-07-31T11:47:23.648+0000] {model.py:2042} DEBUG - idx 0
[2025-07-31T11:47:23.649+0000] {model.py:2043} DEBUG - running CmdStan, num_threads: None
[2025-07-31T11:47:23.650+0000] {model.py:2055} DEBUG - CmdStan args: ['/home/airflow/.local/lib/python3.11/site-packages/prophet/stan_model/prophet_model.bin', 'random', 'seed=80495', 'data', 'file=/tmp/tmp04j72rol/jmf4jrvt.json', 'init=/tmp/tmp04j72rol/4e43hgvp.json', 'output', 'file=/tmp/tmp04j72rol/prophet_modeliilw03k9/prophet_model-20250731114723.csv', 'method=optimize', 'algorithm=lbfgs', 'iter=10000']
[2025-07-31T11:47:23.650+0000] {logging_mixin.py:188} WARNING - 11:47:23 - cmdstanpy - INFO - Chain [1] start processing
[2025-07-31T11:47:23.650+0000] {model.py:2058} INFO - Chain [1] start processing
[2025-07-31T11:47:23.695+0000] {logging_mixin.py:188} WARNING - 11:47:23 - cmdstanpy - INFO - Chain [1] done processing
[2025-07-31T11:47:23.695+0000] {model.py:2115} INFO - Chain [1] done processing
[2025-07-31T11:47:23.700+0000] {logging_mixin.py:188} INFO - Erreur pour {'changepoint_prior_scale': 0.01, 'seasonality_prior_scale': 5.0, 'seasonality_mode': 'multiplicative'}: Less data than horizon.
[2025-07-31T11:47:23.701+0000] {logging_mixin.py:188} INFO - Test 5/18: {'changepoint_prior_scale': 0.01, 'seasonality_prior_scale': 10.0, 'seasonality_mode': 'additive'}
[2025-07-31T11:47:23.729+0000] {filesystem.py:118} DEBUG - input tempfile: /tmp/tmp04j72rol/qnlazu22.json
[2025-07-31T11:47:23.752+0000] {filesystem.py:118} DEBUG - input tempfile: /tmp/tmp04j72rol/ferm17c5.json
[2025-07-31T11:47:23.754+0000] {model.py:2042} DEBUG - idx 0
[2025-07-31T11:47:23.755+0000] {model.py:2043} DEBUG - running CmdStan, num_threads: None
[2025-07-31T11:47:23.756+0000] {model.py:2055} DEBUG - CmdStan args: ['/home/airflow/.local/lib/python3.11/site-packages/prophet/stan_model/prophet_model.bin', 'random', 'seed=62752', 'data', 'file=/tmp/tmp04j72rol/qnlazu22.json', 'init=/tmp/tmp04j72rol/ferm17c5.json', 'output', 'file=/tmp/tmp04j72rol/prophet_modelsjbur9t8/prophet_model-20250731114723.csv', 'method=optimize', 'algorithm=lbfgs', 'iter=10000']
[2025-07-31T11:47:23.757+0000] {logging_mixin.py:188} WARNING - 11:47:23 - cmdstanpy - INFO - Chain [1] start processing
[2025-07-31T11:47:23.757+0000] {model.py:2058} INFO - Chain [1] start processing
[2025-07-31T11:47:23.790+0000] {logging_mixin.py:188} WARNING - 11:47:23 - cmdstanpy - INFO - Chain [1] done processing
[2025-07-31T11:47:23.790+0000] {model.py:2115} INFO - Chain [1] done processing
[2025-07-31T11:47:23.795+0000] {logging_mixin.py:188} INFO - Erreur pour {'changepoint_prior_scale': 0.01, 'seasonality_prior_scale': 10.0, 'seasonality_mode': 'additive'}: Less data than horizon.
[2025-07-31T11:47:23.796+0000] {logging_mixin.py:188} INFO - Test 6/18: {'changepoint_prior_scale': 0.01, 'seasonality_prior_scale': 10.0, 'seasonality_mode': 'multiplicative'}
[2025-07-31T11:47:23.817+0000] {filesystem.py:118} DEBUG - input tempfile: /tmp/tmp04j72rol/4r3sdfpg.json
[2025-07-31T11:47:23.836+0000] {filesystem.py:118} DEBUG - input tempfile: /tmp/tmp04j72rol/1dqsq49o.json
[2025-07-31T11:47:23.838+0000] {model.py:2042} DEBUG - idx 0
[2025-07-31T11:47:23.839+0000] {model.py:2043} DEBUG - running CmdStan, num_threads: None
[2025-07-31T11:47:23.839+0000] {model.py:2055} DEBUG - CmdStan args: ['/home/airflow/.local/lib/python3.11/site-packages/prophet/stan_model/prophet_model.bin', 'random', 'seed=10983', 'data', 'file=/tmp/tmp04j72rol/4r3sdfpg.json', 'init=/tmp/tmp04j72rol/1dqsq49o.json', 'output', 'file=/tmp/tmp04j72rol/prophet_modeldnzez22b/prophet_model-20250731114723.csv', 'method=optimize', 'algorithm=lbfgs', 'iter=10000']
[2025-07-31T11:47:23.840+0000] {logging_mixin.py:188} WARNING - 11:47:23 - cmdstanpy - INFO - Chain [1] start processing
[2025-07-31T11:47:23.840+0000] {model.py:2058} INFO - Chain [1] start processing
[2025-07-31T11:47:23.872+0000] {logging_mixin.py:188} WARNING - 11:47:23 - cmdstanpy - INFO - Chain [1] done processing
[2025-07-31T11:47:23.872+0000] {model.py:2115} INFO - Chain [1] done processing
[2025-07-31T11:47:23.876+0000] {logging_mixin.py:188} INFO - Erreur pour {'changepoint_prior_scale': 0.01, 'seasonality_prior_scale': 10.0, 'seasonality_mode': 'multiplicative'}: Less data than horizon.
[2025-07-31T11:47:23.877+0000] {logging_mixin.py:188} INFO - Test 7/18: {'changepoint_prior_scale': 0.05, 'seasonality_prior_scale': 1.0, 'seasonality_mode': 'additive'}
[2025-07-31T11:47:23.900+0000] {filesystem.py:118} DEBUG - input tempfile: /tmp/tmp04j72rol/cd36oa7m.json
[2025-07-31T11:47:23.924+0000] {filesystem.py:118} DEBUG - input tempfile: /tmp/tmp04j72rol/v_nhek4p.json
[2025-07-31T11:47:23.926+0000] {model.py:2042} DEBUG - idx 0
[2025-07-31T11:47:23.927+0000] {model.py:2043} DEBUG - running CmdStan, num_threads: None
[2025-07-31T11:47:23.927+0000] {model.py:2055} DEBUG - CmdStan args: ['/home/airflow/.local/lib/python3.11/site-packages/prophet/stan_model/prophet_model.bin', 'random', 'seed=94684', 'data', 'file=/tmp/tmp04j72rol/cd36oa7m.json', 'init=/tmp/tmp04j72rol/v_nhek4p.json', 'output', 'file=/tmp/tmp04j72rol/prophet_model0d2r22xw/prophet_model-20250731114723.csv', 'method=optimize', 'algorithm=lbfgs', 'iter=10000']
[2025-07-31T11:47:23.928+0000] {logging_mixin.py:188} WARNING - 11:47:23 - cmdstanpy - INFO - Chain [1] start processing
[2025-07-31T11:47:23.928+0000] {model.py:2058} INFO - Chain [1] start processing
[2025-07-31T11:47:23.961+0000] {logging_mixin.py:188} WARNING - 11:47:23 - cmdstanpy - INFO - Chain [1] done processing
[2025-07-31T11:47:23.961+0000] {model.py:2115} INFO - Chain [1] done processing
[2025-07-31T11:47:23.966+0000] {logging_mixin.py:188} INFO - Erreur pour {'changepoint_prior_scale': 0.05, 'seasonality_prior_scale': 1.0, 'seasonality_mode': 'additive'}: Less data than horizon.
[2025-07-31T11:47:23.966+0000] {logging_mixin.py:188} INFO - Test 8/18: {'changepoint_prior_scale': 0.05, 'seasonality_prior_scale': 1.0, 'seasonality_mode': 'multiplicative'}
[2025-07-31T11:47:23.992+0000] {filesystem.py:118} DEBUG - input tempfile: /tmp/tmp04j72rol/q_otj_oh.json
[2025-07-31T11:47:24.019+0000] {filesystem.py:118} DEBUG - input tempfile: /tmp/tmp04j72rol/ebneuci5.json
[2025-07-31T11:47:24.021+0000] {model.py:2042} DEBUG - idx 0
[2025-07-31T11:47:24.021+0000] {model.py:2043} DEBUG - running CmdStan, num_threads: None
[2025-07-31T11:47:24.022+0000] {model.py:2055} DEBUG - CmdStan args: ['/home/airflow/.local/lib/python3.11/site-packages/prophet/stan_model/prophet_model.bin', 'random', 'seed=43880', 'data', 'file=/tmp/tmp04j72rol/q_otj_oh.json', 'init=/tmp/tmp04j72rol/ebneuci5.json', 'output', 'file=/tmp/tmp04j72rol/prophet_model83abvzb7/prophet_model-20250731114724.csv', 'method=optimize', 'algorithm=lbfgs', 'iter=10000']
[2025-07-31T11:47:24.023+0000] {logging_mixin.py:188} WARNING - 11:47:24 - cmdstanpy - INFO - Chain [1] start processing
[2025-07-31T11:47:24.023+0000] {model.py:2058} INFO - Chain [1] start processing
[2025-07-31T11:47:24.059+0000] {logging_mixin.py:188} WARNING - 11:47:24 - cmdstanpy - INFO - Chain [1] done processing
[2025-07-31T11:47:24.059+0000] {model.py:2115} INFO - Chain [1] done processing
[2025-07-31T11:47:24.064+0000] {logging_mixin.py:188} INFO - Erreur pour {'changepoint_prior_scale': 0.05, 'seasonality_prior_scale': 1.0, 'seasonality_mode': 'multiplicative'}: Less data than horizon.
[2025-07-31T11:47:24.066+0000] {logging_mixin.py:188} INFO - Test 9/18: {'changepoint_prior_scale': 0.05, 'seasonality_prior_scale': 5.0, 'seasonality_mode': 'additive'}
[2025-07-31T11:47:24.092+0000] {filesystem.py:118} DEBUG - input tempfile: /tmp/tmp04j72rol/dpqaese9.json
[2025-07-31T11:47:24.116+0000] {filesystem.py:118} DEBUG - input tempfile: /tmp/tmp04j72rol/jbsdl1m6.json
[2025-07-31T11:47:24.118+0000] {model.py:2042} DEBUG - idx 0
[2025-07-31T11:47:24.119+0000] {model.py:2043} DEBUG - running CmdStan, num_threads: None
[2025-07-31T11:47:24.120+0000] {model.py:2055} DEBUG - CmdStan args: ['/home/airflow/.local/lib/python3.11/site-packages/prophet/stan_model/prophet_model.bin', 'random', 'seed=16645', 'data', 'file=/tmp/tmp04j72rol/dpqaese9.json', 'init=/tmp/tmp04j72rol/jbsdl1m6.json', 'output', 'file=/tmp/tmp04j72rol/prophet_model1u2r7w0m/prophet_model-20250731114724.csv', 'method=optimize', 'algorithm=lbfgs', 'iter=10000']
[2025-07-31T11:47:24.121+0000] {logging_mixin.py:188} WARNING - 11:47:24 - cmdstanpy - INFO - Chain [1] start processing
[2025-07-31T11:47:24.120+0000] {model.py:2058} INFO - Chain [1] start processing
[2025-07-31T11:47:24.169+0000] {logging_mixin.py:188} WARNING - 11:47:24 - cmdstanpy - INFO - Chain [1] done processing
[2025-07-31T11:47:24.169+0000] {model.py:2115} INFO - Chain [1] done processing
[2025-07-31T11:47:24.174+0000] {logging_mixin.py:188} INFO - Erreur pour {'changepoint_prior_scale': 0.05, 'seasonality_prior_scale': 5.0, 'seasonality_mode': 'additive'}: Less data than horizon.
[2025-07-31T11:47:24.175+0000] {logging_mixin.py:188} INFO - Test 10/18: {'changepoint_prior_scale': 0.05, 'seasonality_prior_scale': 5.0, 'seasonality_mode': 'multiplicative'}
[2025-07-31T11:47:24.208+0000] {filesystem.py:118} DEBUG - input tempfile: /tmp/tmp04j72rol/n_ykp958.json
[2025-07-31T11:47:24.237+0000] {filesystem.py:118} DEBUG - input tempfile: /tmp/tmp04j72rol/7hrm2df_.json
[2025-07-31T11:47:24.242+0000] {model.py:2042} DEBUG - idx 0
[2025-07-31T11:47:24.243+0000] {model.py:2043} DEBUG - running CmdStan, num_threads: None
[2025-07-31T11:47:24.244+0000] {model.py:2055} DEBUG - CmdStan args: ['/home/airflow/.local/lib/python3.11/site-packages/prophet/stan_model/prophet_model.bin', 'random', 'seed=86651', 'data', 'file=/tmp/tmp04j72rol/n_ykp958.json', 'init=/tmp/tmp04j72rol/7hrm2df_.json', 'output', 'file=/tmp/tmp04j72rol/prophet_modelzzyrxte6/prophet_model-20250731114724.csv', 'method=optimize', 'algorithm=lbfgs', 'iter=10000']
[2025-07-31T11:47:24.244+0000] {logging_mixin.py:188} WARNING - 11:47:24 - cmdstanpy - INFO - Chain [1] start processing
[2025-07-31T11:47:24.244+0000] {model.py:2058} INFO - Chain [1] start processing
[2025-07-31T11:47:24.293+0000] {logging_mixin.py:188} WARNING - 11:47:24 - cmdstanpy - INFO - Chain [1] done processing
[2025-07-31T11:47:24.293+0000] {model.py:2115} INFO - Chain [1] done processing
[2025-07-31T11:47:24.297+0000] {logging_mixin.py:188} INFO - Erreur pour {'changepoint_prior_scale': 0.05, 'seasonality_prior_scale': 5.0, 'seasonality_mode': 'multiplicative'}: Less data than horizon.
[2025-07-31T11:47:24.297+0000] {logging_mixin.py:188} INFO - Test 11/18: {'changepoint_prior_scale': 0.05, 'seasonality_prior_scale': 10.0, 'seasonality_mode': 'additive'}
[2025-07-31T11:47:24.321+0000] {filesystem.py:118} DEBUG - input tempfile: /tmp/tmp04j72rol/7m9_q5ya.json
[2025-07-31T11:47:24.350+0000] {filesystem.py:118} DEBUG - input tempfile: /tmp/tmp04j72rol/k5l_c_ju.json
[2025-07-31T11:47:24.353+0000] {model.py:2042} DEBUG - idx 0
[2025-07-31T11:47:24.354+0000] {model.py:2043} DEBUG - running CmdStan, num_threads: None
[2025-07-31T11:47:24.355+0000] {model.py:2055} DEBUG - CmdStan args: ['/home/airflow/.local/lib/python3.11/site-packages/prophet/stan_model/prophet_model.bin', 'random', 'seed=90852', 'data', 'file=/tmp/tmp04j72rol/7m9_q5ya.json', 'init=/tmp/tmp04j72rol/k5l_c_ju.json', 'output', 'file=/tmp/tmp04j72rol/prophet_modeln_b2bv_t/prophet_model-20250731114724.csv', 'method=optimize', 'algorithm=lbfgs', 'iter=10000']
[2025-07-31T11:47:24.356+0000] {logging_mixin.py:188} WARNING - 11:47:24 - cmdstanpy - INFO - Chain [1] start processing
[2025-07-31T11:47:24.356+0000] {model.py:2058} INFO - Chain [1] start processing
[2025-07-31T11:47:24.402+0000] {logging_mixin.py:188} WARNING - 11:47:24 - cmdstanpy - INFO - Chain [1] done processing
[2025-07-31T11:47:24.401+0000] {model.py:2115} INFO - Chain [1] done processing
[2025-07-31T11:47:24.407+0000] {logging_mixin.py:188} INFO - Erreur pour {'changepoint_prior_scale': 0.05, 'seasonality_prior_scale': 10.0, 'seasonality_mode': 'additive'}: Less data than horizon.
[2025-07-31T11:47:24.408+0000] {logging_mixin.py:188} INFO - Test 12/18: {'changepoint_prior_scale': 0.05, 'seasonality_prior_scale': 10.0, 'seasonality_mode': 'multiplicative'}
[2025-07-31T11:47:24.437+0000] {filesystem.py:118} DEBUG - input tempfile: /tmp/tmp04j72rol/il3nzuhl.json
[2025-07-31T11:47:24.457+0000] {filesystem.py:118} DEBUG - input tempfile: /tmp/tmp04j72rol/cgfj56s7.json
[2025-07-31T11:47:24.458+0000] {model.py:2042} DEBUG - idx 0
[2025-07-31T11:47:24.459+0000] {model.py:2043} DEBUG - running CmdStan, num_threads: None
[2025-07-31T11:47:24.459+0000] {model.py:2055} DEBUG - CmdStan args: ['/home/airflow/.local/lib/python3.11/site-packages/prophet/stan_model/prophet_model.bin', 'random', 'seed=50612', 'data', 'file=/tmp/tmp04j72rol/il3nzuhl.json', 'init=/tmp/tmp04j72rol/cgfj56s7.json', 'output', 'file=/tmp/tmp04j72rol/prophet_model__11hzg5/prophet_model-20250731114724.csv', 'method=optimize', 'algorithm=lbfgs', 'iter=10000']
[2025-07-31T11:47:24.460+0000] {logging_mixin.py:188} WARNING - 11:47:24 - cmdstanpy - INFO - Chain [1] start processing
[2025-07-31T11:47:24.460+0000] {model.py:2058} INFO - Chain [1] start processing
[2025-07-31T11:47:24.482+0000] {logging_mixin.py:188} WARNING - 11:47:24 - cmdstanpy - INFO - Chain [1] done processing
[2025-07-31T11:47:24.482+0000] {model.py:2115} INFO - Chain [1] done processing
[2025-07-31T11:47:24.486+0000] {logging_mixin.py:188} INFO - Erreur pour {'changepoint_prior_scale': 0.05, 'seasonality_prior_scale': 10.0, 'seasonality_mode': 'multiplicative'}: Less data than horizon.
[2025-07-31T11:47:24.486+0000] {logging_mixin.py:188} INFO - Test 13/18: {'changepoint_prior_scale': 0.1, 'seasonality_prior_scale': 1.0, 'seasonality_mode': 'additive'}
[2025-07-31T11:47:24.504+0000] {filesystem.py:118} DEBUG - input tempfile: /tmp/tmp04j72rol/n0hyzc4v.json
[2025-07-31T11:47:24.522+0000] {filesystem.py:118} DEBUG - input tempfile: /tmp/tmp04j72rol/t5zyqwng.json
[2025-07-31T11:47:24.524+0000] {model.py:2042} DEBUG - idx 0
[2025-07-31T11:47:24.524+0000] {model.py:2043} DEBUG - running CmdStan, num_threads: None
[2025-07-31T11:47:24.525+0000] {model.py:2055} DEBUG - CmdStan args: ['/home/airflow/.local/lib/python3.11/site-packages/prophet/stan_model/prophet_model.bin', 'random', 'seed=31666', 'data', 'file=/tmp/tmp04j72rol/n0hyzc4v.json', 'init=/tmp/tmp04j72rol/t5zyqwng.json', 'output', 'file=/tmp/tmp04j72rol/prophet_modelgihmqxl8/prophet_model-20250731114724.csv', 'method=optimize', 'algorithm=lbfgs', 'iter=10000']
[2025-07-31T11:47:24.526+0000] {logging_mixin.py:188} WARNING - 11:47:24 - cmdstanpy - INFO - Chain [1] start processing
[2025-07-31T11:47:24.525+0000] {model.py:2058} INFO - Chain [1] start processing
[2025-07-31T11:47:24.558+0000] {logging_mixin.py:188} WARNING - 11:47:24 - cmdstanpy - INFO - Chain [1] done processing
[2025-07-31T11:47:24.558+0000] {model.py:2115} INFO - Chain [1] done processing
[2025-07-31T11:47:24.562+0000] {logging_mixin.py:188} INFO - Erreur pour {'changepoint_prior_scale': 0.1, 'seasonality_prior_scale': 1.0, 'seasonality_mode': 'additive'}: Less data than horizon.
[2025-07-31T11:47:24.562+0000] {logging_mixin.py:188} INFO - Test 14/18: {'changepoint_prior_scale': 0.1, 'seasonality_prior_scale': 1.0, 'seasonality_mode': 'multiplicative'}
[2025-07-31T11:47:24.582+0000] {filesystem.py:118} DEBUG - input tempfile: /tmp/tmp04j72rol/c30aweq1.json
[2025-07-31T11:47:24.601+0000] {filesystem.py:118} DEBUG - input tempfile: /tmp/tmp04j72rol/1aje3sf8.json
[2025-07-31T11:47:24.603+0000] {model.py:2042} DEBUG - idx 0
[2025-07-31T11:47:24.603+0000] {model.py:2043} DEBUG - running CmdStan, num_threads: None
[2025-07-31T11:47:24.604+0000] {model.py:2055} DEBUG - CmdStan args: ['/home/airflow/.local/lib/python3.11/site-packages/prophet/stan_model/prophet_model.bin', 'random', 'seed=955', 'data', 'file=/tmp/tmp04j72rol/c30aweq1.json', 'init=/tmp/tmp04j72rol/1aje3sf8.json', 'output', 'file=/tmp/tmp04j72rol/prophet_modelttdorno1/prophet_model-20250731114724.csv', 'method=optimize', 'algorithm=lbfgs', 'iter=10000']
[2025-07-31T11:47:24.604+0000] {logging_mixin.py:188} WARNING - 11:47:24 - cmdstanpy - INFO - Chain [1] start processing
[2025-07-31T11:47:24.604+0000] {model.py:2058} INFO - Chain [1] start processing
[2025-07-31T11:47:24.642+0000] {logging_mixin.py:188} WARNING - 11:47:24 - cmdstanpy - INFO - Chain [1] done processing
[2025-07-31T11:47:24.642+0000] {model.py:2115} INFO - Chain [1] done processing
[2025-07-31T11:47:24.645+0000] {logging_mixin.py:188} INFO - Erreur pour {'changepoint_prior_scale': 0.1, 'seasonality_prior_scale': 1.0, 'seasonality_mode': 'multiplicative'}: Less data than horizon.
[2025-07-31T11:47:24.646+0000] {logging_mixin.py:188} INFO - Test 15/18: {'changepoint_prior_scale': 0.1, 'seasonality_prior_scale': 5.0, 'seasonality_mode': 'additive'}
[2025-07-31T11:47:24.676+0000] {filesystem.py:118} DEBUG - input tempfile: /tmp/tmp04j72rol/hcs6cc1x.json
[2025-07-31T11:47:24.700+0000] {filesystem.py:118} DEBUG - input tempfile: /tmp/tmp04j72rol/we_rab7w.json
[2025-07-31T11:47:24.702+0000] {model.py:2042} DEBUG - idx 0
[2025-07-31T11:47:24.703+0000] {model.py:2043} DEBUG - running CmdStan, num_threads: None
[2025-07-31T11:47:24.703+0000] {model.py:2055} DEBUG - CmdStan args: ['/home/airflow/.local/lib/python3.11/site-packages/prophet/stan_model/prophet_model.bin', 'random', 'seed=53302', 'data', 'file=/tmp/tmp04j72rol/hcs6cc1x.json', 'init=/tmp/tmp04j72rol/we_rab7w.json', 'output', 'file=/tmp/tmp04j72rol/prophet_modelhtoh78d3/prophet_model-20250731114724.csv', 'method=optimize', 'algorithm=lbfgs', 'iter=10000']
[2025-07-31T11:47:24.704+0000] {logging_mixin.py:188} WARNING - 11:47:24 - cmdstanpy - INFO - Chain [1] start processing
[2025-07-31T11:47:24.704+0000] {model.py:2058} INFO - Chain [1] start processing
[2025-07-31T11:47:24.732+0000] {logging_mixin.py:188} WARNING - 11:47:24 - cmdstanpy - INFO - Chain [1] done processing
[2025-07-31T11:47:24.732+0000] {model.py:2115} INFO - Chain [1] done processing
[2025-07-31T11:47:24.736+0000] {logging_mixin.py:188} INFO - Erreur pour {'changepoint_prior_scale': 0.1, 'seasonality_prior_scale': 5.0, 'seasonality_mode': 'additive'}: Less data than horizon.
[2025-07-31T11:47:24.736+0000] {logging_mixin.py:188} INFO - Test 16/18: {'changepoint_prior_scale': 0.1, 'seasonality_prior_scale': 5.0, 'seasonality_mode': 'multiplicative'}
[2025-07-31T11:47:24.758+0000] {filesystem.py:118} DEBUG - input tempfile: /tmp/tmp04j72rol/zvxtbony.json
[2025-07-31T11:47:24.777+0000] {filesystem.py:118} DEBUG - input tempfile: /tmp/tmp04j72rol/lynz40jt.json
[2025-07-31T11:47:24.779+0000] {model.py:2042} DEBUG - idx 0
[2025-07-31T11:47:24.780+0000] {model.py:2043} DEBUG - running CmdStan, num_threads: None
[2025-07-31T11:47:24.781+0000] {model.py:2055} DEBUG - CmdStan args: ['/home/airflow/.local/lib/python3.11/site-packages/prophet/stan_model/prophet_model.bin', 'random', 'seed=57240', 'data', 'file=/tmp/tmp04j72rol/zvxtbony.json', 'init=/tmp/tmp04j72rol/lynz40jt.json', 'output', 'file=/tmp/tmp04j72rol/prophet_model6b5fkzwk/prophet_model-20250731114724.csv', 'method=optimize', 'algorithm=lbfgs', 'iter=10000']
[2025-07-31T11:47:24.782+0000] {logging_mixin.py:188} WARNING - 11:47:24 - cmdstanpy - INFO - Chain [1] start processing
[2025-07-31T11:47:24.782+0000] {model.py:2058} INFO - Chain [1] start processing
[2025-07-31T11:47:24.811+0000] {logging_mixin.py:188} WARNING - 11:47:24 - cmdstanpy - INFO - Chain [1] done processing
[2025-07-31T11:47:24.811+0000] {model.py:2115} INFO - Chain [1] done processing
[2025-07-31T11:47:24.817+0000] {logging_mixin.py:188} INFO - Erreur pour {'changepoint_prior_scale': 0.1, 'seasonality_prior_scale': 5.0, 'seasonality_mode': 'multiplicative'}: Less data than horizon.
[2025-07-31T11:47:24.818+0000] {logging_mixin.py:188} INFO - Test 17/18: {'changepoint_prior_scale': 0.1, 'seasonality_prior_scale': 10.0, 'seasonality_mode': 'additive'}
[2025-07-31T11:47:24.840+0000] {filesystem.py:118} DEBUG - input tempfile: /tmp/tmp04j72rol/c8aa3tzk.json
[2025-07-31T11:47:24.860+0000] {filesystem.py:118} DEBUG - input tempfile: /tmp/tmp04j72rol/ic53ishs.json
[2025-07-31T11:47:24.862+0000] {model.py:2042} DEBUG - idx 0
[2025-07-31T11:47:24.863+0000] {model.py:2043} DEBUG - running CmdStan, num_threads: None
[2025-07-31T11:47:24.864+0000] {model.py:2055} DEBUG - CmdStan args: ['/home/airflow/.local/lib/python3.11/site-packages/prophet/stan_model/prophet_model.bin', 'random', 'seed=21232', 'data', 'file=/tmp/tmp04j72rol/c8aa3tzk.json', 'init=/tmp/tmp04j72rol/ic53ishs.json', 'output', 'file=/tmp/tmp04j72rol/prophet_model2lw4rq8n/prophet_model-20250731114724.csv', 'method=optimize', 'algorithm=lbfgs', 'iter=10000']
[2025-07-31T11:47:24.865+0000] {logging_mixin.py:188} WARNING - 11:47:24 - cmdstanpy - INFO - Chain [1] start processing
[2025-07-31T11:47:24.865+0000] {model.py:2058} INFO - Chain [1] start processing
[2025-07-31T11:47:24.892+0000] {logging_mixin.py:188} WARNING - 11:47:24 - cmdstanpy - INFO - Chain [1] done processing
[2025-07-31T11:47:24.892+0000] {model.py:2115} INFO - Chain [1] done processing
[2025-07-31T11:47:24.895+0000] {logging_mixin.py:188} INFO - Erreur pour {'changepoint_prior_scale': 0.1, 'seasonality_prior_scale': 10.0, 'seasonality_mode': 'additive'}: Less data than horizon.
[2025-07-31T11:47:24.896+0000] {logging_mixin.py:188} INFO - Test 18/18: {'changepoint_prior_scale': 0.1, 'seasonality_prior_scale': 10.0, 'seasonality_mode': 'multiplicative'}
[2025-07-31T11:47:24.913+0000] {filesystem.py:118} DEBUG - input tempfile: /tmp/tmp04j72rol/16bxoh5a.json
[2025-07-31T11:47:24.932+0000] {filesystem.py:118} DEBUG - input tempfile: /tmp/tmp04j72rol/r9nw6ali.json
[2025-07-31T11:47:24.934+0000] {model.py:2042} DEBUG - idx 0
[2025-07-31T11:47:24.935+0000] {model.py:2043} DEBUG - running CmdStan, num_threads: None
[2025-07-31T11:47:24.935+0000] {model.py:2055} DEBUG - CmdStan args: ['/home/airflow/.local/lib/python3.11/site-packages/prophet/stan_model/prophet_model.bin', 'random', 'seed=47359', 'data', 'file=/tmp/tmp04j72rol/16bxoh5a.json', 'init=/tmp/tmp04j72rol/r9nw6ali.json', 'output', 'file=/tmp/tmp04j72rol/prophet_modelfh6l_mrg/prophet_model-20250731114724.csv', 'method=optimize', 'algorithm=lbfgs', 'iter=10000']
[2025-07-31T11:47:24.936+0000] {logging_mixin.py:188} WARNING - 11:47:24 - cmdstanpy - INFO - Chain [1] start processing
[2025-07-31T11:47:24.936+0000] {model.py:2058} INFO - Chain [1] start processing
[2025-07-31T11:47:24.968+0000] {logging_mixin.py:188} WARNING - 11:47:24 - cmdstanpy - INFO - Chain [1] done processing
[2025-07-31T11:47:24.968+0000] {model.py:2115} INFO - Chain [1] done processing
[2025-07-31T11:47:24.971+0000] {logging_mixin.py:188} INFO - Erreur pour {'changepoint_prior_scale': 0.1, 'seasonality_prior_scale': 10.0, 'seasonality_mode': 'multiplicative'}: Less data than horizon.
[2025-07-31T11:47:24.972+0000] {taskinstance.py:441} INFO - ::group::Post task execution logs
[2025-07-31T11:47:24.972+0000] {taskinstance.py:2905} ERROR - Task failed with exception
Traceback (most recent call last):
  File "/home/airflow/.local/lib/python3.11/site-packages/airflow/models/taskinstance.py", line 465, in _execute_task
    result = _execute_callable(context=context, **execute_callable_kwargs)
             ^^^^^^^^^^^^^^^^^^^^^^^^^^^^^^^^^^^^^^^^^^^^^^^^^^^^^^^^^^^^^
  File "/home/airflow/.local/lib/python3.11/site-packages/airflow/models/taskinstance.py", line 432, in _execute_callable
    return execute_callable(context=context, **execute_callable_kwargs)
           ^^^^^^^^^^^^^^^^^^^^^^^^^^^^^^^^^^^^^^^^^^^^^^^^^^^^^^^^^^^^
  File "/home/airflow/.local/lib/python3.11/site-packages/airflow/models/baseoperator.py", line 401, in wrapper
    return func(self, *args, **kwargs)
           ^^^^^^^^^^^^^^^^^^^^^^^^^^^
  File "/home/airflow/.local/lib/python3.11/site-packages/airflow/operators/python.py", line 235, in execute
    return_value = self.execute_callable()
                   ^^^^^^^^^^^^^^^^^^^^^^^
  File "/home/airflow/.local/lib/python3.11/site-packages/airflow/operators/python.py", line 252, in execute_callable
    return self.python_callable(*self.op_args, **self.op_kwargs)
           ^^^^^^^^^^^^^^^^^^^^^^^^^^^^^^^^^^^^^^^^^^^^^^^^^^^^^
  File "/opt/airflow/dags/scripts/train_prophet.py", line 92, in train_prophet
    best_model_temp, scores_temp = optimize_prophet_model(temp_df)
                                   ^^^^^^^^^^^^^^^^^^^^^^^^^^^^^^^
  File "/opt/airflow/dags/scripts/train_prophet.py", line 44, in optimize_prophet_model
    best = min(results, key=lambda x: x[1])
           ^^^^^^^^^^^^^^^^^^^^^^^^^^^^^^^^
ValueError: min() arg is an empty sequence
[2025-07-31T11:47:25.010+0000] {taskinstance.py:1206} INFO - Marking task as UP_FOR_RETRY. dag_id=solar_ai_pipeline_2, task_id=train_prophet, run_id=scheduled__2023-07-05T00:00:00+00:00, execution_date=20230705T000000, start_date=20250731T114721, end_date=20250731T114725
[2025-07-31T11:47:25.145+0000] {standard_task_runner.py:110} ERROR - Failed to execute job 2891 for task train_prophet (min() arg is an empty sequence; 3272)
[2025-07-31T11:47:25.191+0000] {local_task_job_runner.py:240} INFO - Task exited with return code 1
[2025-07-31T11:47:25.267+0000] {taskinstance.py:3503} INFO - 0 downstream tasks scheduled from follow-on schedule check
[2025-07-31T11:47:25.271+0000] {local_task_job_runner.py:222} INFO - ::endgroup::
