[2025-07-31T09:33:03.148+0000] {local_task_job_runner.py:120} INFO - ::group::Pre task execution logs
[2025-07-31T09:33:03.209+0000] {taskinstance.py:2076} INFO - Dependencies all met for dep_context=non-requeueable deps ti=<TaskInstance: solar_ai_pipeline_2.predict_prophet scheduled__2023-09-10T00:00:00+00:00 [queued]>
[2025-07-31T09:33:03.228+0000] {taskinstance.py:2076} INFO - Dependencies all met for dep_context=requeueable deps ti=<TaskInstance: solar_ai_pipeline_2.predict_prophet scheduled__2023-09-10T00:00:00+00:00 [queued]>
[2025-07-31T09:33:03.229+0000] {taskinstance.py:2306} INFO - Starting attempt 2 of 2
[2025-07-31T09:33:03.272+0000] {taskinstance.py:2330} INFO - Executing <Task(PythonOperator): predict_prophet> on 2023-09-10 00:00:00+00:00
[2025-07-31T09:33:03.277+0000] {standard_task_runner.py:63} INFO - Started process 17515 to run task
[2025-07-31T09:33:03.280+0000] {standard_task_runner.py:90} INFO - Running: ['airflow', 'tasks', 'run', 'solar_ai_pipeline_2', 'predict_prophet', 'scheduled__2023-09-10T00:00:00+00:00', '--job-id', '2418', '--raw', '--subdir', 'DAGS_FOLDER/prophet_pipeline.py', '--cfg-path', '/tmp/tmp38w8xu8y']
[2025-07-31T09:33:03.282+0000] {standard_task_runner.py:91} INFO - Job 2418: Subtask predict_prophet
[2025-07-31T09:33:03.418+0000] {task_command.py:426} INFO - Running <TaskInstance: solar_ai_pipeline_2.predict_prophet scheduled__2023-09-10T00:00:00+00:00 [running]> on host a2a0dd314bdc
[2025-07-31T09:33:03.644+0000] {taskinstance.py:2648} INFO - Exporting env vars: AIRFLOW_CTX_DAG_OWNER='ensam' AIRFLOW_CTX_DAG_ID='solar_ai_pipeline_2' AIRFLOW_CTX_TASK_ID='predict_prophet' AIRFLOW_CTX_EXECUTION_DATE='2023-09-10T00:00:00+00:00' AIRFLOW_CTX_TRY_NUMBER='2' AIRFLOW_CTX_DAG_RUN_ID='scheduled__2023-09-10T00:00:00+00:00'
[2025-07-31T09:33:03.645+0000] {taskinstance.py:430} INFO - ::endgroup::
[2025-07-31T09:33:05.139+0000] {plot.py:39} ERROR - Importing plotly failed. Interactive plots will not work.
[2025-07-31T09:33:05.990+0000] {logging_mixin.py:188} WARNING - /opt/airflow/dags/scripts/predict_prophet.py:52 FutureWarning: In a future version of pandas, parsing datetimes with mixed time zones will raise an error unless `utc=True`. Please specify `utc=True` to opt in to the new behaviour and silence this warning. To create a `Series` with mixed offsets and `object` dtype, please use `apply` and `datetime.datetime.strptime`
[2025-07-31T09:33:07.263+0000] {logging_mixin.py:188} INFO - Prédictions temperature enregistrées (prophet_forecast_temperature_2023-09-10.csv) — MAE: 0.2507 | RMSE: 0.2746
[2025-07-31T09:33:08.087+0000] {logging_mixin.py:188} WARNING - /opt/airflow/dags/scripts/predict_prophet.py:52 FutureWarning: In a future version of pandas, parsing datetimes with mixed time zones will raise an error unless `utc=True`. Please specify `utc=True` to opt in to the new behaviour and silence this warning. To create a `Series` with mixed offsets and `object` dtype, please use `apply` and `datetime.datetime.strptime`
[2025-07-31T09:33:09.346+0000] {logging_mixin.py:188} INFO - Prédictions flow enregistrées (prophet_forecast_flow_2023-09-10.csv) — MAE: 0.1984 | RMSE: 0.2526
[2025-07-31T09:33:09.348+0000] {python.py:237} INFO - Done. Returned value was: None
[2025-07-31T09:33:09.348+0000] {taskinstance.py:441} INFO - ::group::Post task execution logs
[2025-07-31T09:33:09.364+0000] {taskinstance.py:1206} INFO - Marking task as SUCCESS. dag_id=solar_ai_pipeline_2, task_id=predict_prophet, run_id=scheduled__2023-09-10T00:00:00+00:00, execution_date=20230910T000000, start_date=20250731T093303, end_date=20250731T093309
[2025-07-31T09:33:09.488+0000] {local_task_job_runner.py:240} INFO - Task exited with return code 0
[2025-07-31T09:33:09.538+0000] {taskinstance.py:3503} INFO - 1 downstream tasks scheduled from follow-on schedule check
[2025-07-31T09:33:09.559+0000] {local_task_job_runner.py:222} INFO - ::endgroup::
