[2025-07-31T09:34:43.778+0000] {local_task_job_runner.py:120} INFO - ::group::Pre task execution logs
[2025-07-31T09:34:43.839+0000] {taskinstance.py:2076} INFO - Dependencies all met for dep_context=non-requeueable deps ti=<TaskInstance: solar_ai_pipeline_2.predict_prophet scheduled__2023-09-02T00:00:00+00:00 [queued]>
[2025-07-31T09:34:43.854+0000] {taskinstance.py:2076} INFO - Dependencies all met for dep_context=requeueable deps ti=<TaskInstance: solar_ai_pipeline_2.predict_prophet scheduled__2023-09-02T00:00:00+00:00 [queued]>
[2025-07-31T09:34:43.854+0000] {taskinstance.py:2306} INFO - Starting attempt 2 of 2
[2025-07-31T09:34:43.898+0000] {taskinstance.py:2330} INFO - Executing <Task(PythonOperator): predict_prophet> on 2023-09-02 00:00:00+00:00
[2025-07-31T09:34:43.904+0000] {standard_task_runner.py:63} INFO - Started process 17756 to run task
[2025-07-31T09:34:43.908+0000] {standard_task_runner.py:90} INFO - Running: ['airflow', 'tasks', 'run', 'solar_ai_pipeline_2', 'predict_prophet', 'scheduled__2023-09-02T00:00:00+00:00', '--job-id', '2430', '--raw', '--subdir', 'DAGS_FOLDER/prophet_pipeline.py', '--cfg-path', '/tmp/tmp7h0e6jva']
[2025-07-31T09:34:43.910+0000] {standard_task_runner.py:91} INFO - Job 2430: Subtask predict_prophet
[2025-07-31T09:34:44.025+0000] {task_command.py:426} INFO - Running <TaskInstance: solar_ai_pipeline_2.predict_prophet scheduled__2023-09-02T00:00:00+00:00 [running]> on host a2a0dd314bdc
[2025-07-31T09:34:44.373+0000] {taskinstance.py:2648} INFO - Exporting env vars: AIRFLOW_CTX_DAG_OWNER='ensam' AIRFLOW_CTX_DAG_ID='solar_ai_pipeline_2' AIRFLOW_CTX_TASK_ID='predict_prophet' AIRFLOW_CTX_EXECUTION_DATE='2023-09-02T00:00:00+00:00' AIRFLOW_CTX_TRY_NUMBER='2' AIRFLOW_CTX_DAG_RUN_ID='scheduled__2023-09-02T00:00:00+00:00'
[2025-07-31T09:34:44.373+0000] {taskinstance.py:430} INFO - ::endgroup::
[2025-07-31T09:34:45.856+0000] {plot.py:39} ERROR - Importing plotly failed. Interactive plots will not work.
[2025-07-31T09:34:46.768+0000] {logging_mixin.py:188} WARNING - /opt/airflow/dags/scripts/predict_prophet.py:52 FutureWarning: In a future version of pandas, parsing datetimes with mixed time zones will raise an error unless `utc=True`. Please specify `utc=True` to opt in to the new behaviour and silence this warning. To create a `Series` with mixed offsets and `object` dtype, please use `apply` and `datetime.datetime.strptime`
[2025-07-31T09:34:48.030+0000] {logging_mixin.py:188} INFO - Prédictions temperature enregistrées (prophet_forecast_temperature_2023-09-02.csv) — MAE: 0.3175 | RMSE: 0.3588
[2025-07-31T09:34:48.891+0000] {logging_mixin.py:188} WARNING - /opt/airflow/dags/scripts/predict_prophet.py:52 FutureWarning: In a future version of pandas, parsing datetimes with mixed time zones will raise an error unless `utc=True`. Please specify `utc=True` to opt in to the new behaviour and silence this warning. To create a `Series` with mixed offsets and `object` dtype, please use `apply` and `datetime.datetime.strptime`
[2025-07-31T09:34:50.175+0000] {logging_mixin.py:188} INFO - Prédictions flow enregistrées (prophet_forecast_flow_2023-09-02.csv) — MAE: 0.1878 | RMSE: 0.2683
[2025-07-31T09:34:50.176+0000] {python.py:237} INFO - Done. Returned value was: None
[2025-07-31T09:34:50.177+0000] {taskinstance.py:441} INFO - ::group::Post task execution logs
[2025-07-31T09:34:50.194+0000] {taskinstance.py:1206} INFO - Marking task as SUCCESS. dag_id=solar_ai_pipeline_2, task_id=predict_prophet, run_id=scheduled__2023-09-02T00:00:00+00:00, execution_date=20230902T000000, start_date=20250731T093443, end_date=20250731T093450
[2025-07-31T09:34:50.300+0000] {local_task_job_runner.py:240} INFO - Task exited with return code 0
[2025-07-31T09:34:50.370+0000] {taskinstance.py:3503} INFO - 1 downstream tasks scheduled from follow-on schedule check
[2025-07-31T09:34:50.390+0000] {local_task_job_runner.py:222} INFO - ::endgroup::
