[2025-07-31T11:57:14.156+0000] {local_task_job_runner.py:120} INFO - ::group::Pre task execution logs
[2025-07-31T11:57:14.354+0000] {taskinstance.py:2076} INFO - Dependencies all met for dep_context=non-requeueable deps ti=<TaskInstance: solar_ai_pipeline_2.train_prophet scheduled__2023-07-19T00:00:00+00:00 [queued]>
[2025-07-31T11:57:14.399+0000] {taskinstance.py:2076} INFO - Dependencies all met for dep_context=requeueable deps ti=<TaskInstance: solar_ai_pipeline_2.train_prophet scheduled__2023-07-19T00:00:00+00:00 [queued]>
[2025-07-31T11:57:14.405+0000] {taskinstance.py:2306} INFO - Starting attempt 3 of 4
[2025-07-31T11:57:14.513+0000] {taskinstance.py:2330} INFO - Executing <Task(PythonOperator): train_prophet> on 2023-07-19 00:00:00+00:00
[2025-07-31T11:57:14.524+0000] {standard_task_runner.py:63} INFO - Started process 4033 to run task
[2025-07-31T11:57:14.533+0000] {standard_task_runner.py:90} INFO - Running: ['airflow', 'tasks', 'run', 'solar_ai_pipeline_2', 'train_prophet', 'scheduled__2023-07-19T00:00:00+00:00', '--job-id', '2919', '--raw', '--subdir', 'DAGS_FOLDER/prophet_pipeline.py', '--cfg-path', '/tmp/tmphbsmhlk_']
[2025-07-31T11:57:14.538+0000] {standard_task_runner.py:91} INFO - Job 2919: Subtask train_prophet
[2025-07-31T11:57:14.894+0000] {task_command.py:426} INFO - Running <TaskInstance: solar_ai_pipeline_2.train_prophet scheduled__2023-07-19T00:00:00+00:00 [running]> on host a2a0dd314bdc
[2025-07-31T11:57:15.689+0000] {taskinstance.py:2648} INFO - Exporting env vars: AIRFLOW_CTX_DAG_OWNER='ensam' AIRFLOW_CTX_DAG_ID='solar_ai_pipeline_2' AIRFLOW_CTX_TASK_ID='train_prophet' AIRFLOW_CTX_EXECUTION_DATE='2023-07-19T00:00:00+00:00' AIRFLOW_CTX_TRY_NUMBER='3' AIRFLOW_CTX_DAG_RUN_ID='scheduled__2023-07-19T00:00:00+00:00'
[2025-07-31T11:57:15.690+0000] {taskinstance.py:430} INFO - ::endgroup::
[2025-07-31T11:57:16.677+0000] {plot.py:39} ERROR - Importing plotly failed. Interactive plots will not work.
[2025-07-31T11:57:16.687+0000] {logging_mixin.py:188} INFO - Training from 2023-01-01 to 2023-01-20
[2025-07-31T11:57:17.111+0000] {logging_mixin.py:188} INFO - Test 1/18: {'changepoint_prior_scale': 0.01, 'seasonality_prior_scale': 1.0, 'seasonality_mode': 'additive'}
[2025-07-31T11:57:17.187+0000] {filesystem.py:118} DEBUG - input tempfile: /tmp/tmpca9wuaxb/fkc_oi5u.json
[2025-07-31T11:57:17.248+0000] {filesystem.py:118} DEBUG - input tempfile: /tmp/tmpca9wuaxb/e732whs9.json
[2025-07-31T11:57:17.253+0000] {model.py:2042} DEBUG - idx 0
[2025-07-31T11:57:17.254+0000] {model.py:2043} DEBUG - running CmdStan, num_threads: None
[2025-07-31T11:57:17.255+0000] {model.py:2055} DEBUG - CmdStan args: ['/home/airflow/.local/lib/python3.11/site-packages/prophet/stan_model/prophet_model.bin', 'random', 'seed=65824', 'data', 'file=/tmp/tmpca9wuaxb/fkc_oi5u.json', 'init=/tmp/tmpca9wuaxb/e732whs9.json', 'output', 'file=/tmp/tmpca9wuaxb/prophet_model_url28o6/prophet_model-20250731115717.csv', 'method=optimize', 'algorithm=lbfgs', 'iter=10000']
[2025-07-31T11:57:17.256+0000] {logging_mixin.py:188} WARNING - 11:57:17 - cmdstanpy - INFO - Chain [1] start processing
[2025-07-31T11:57:17.256+0000] {model.py:2058} INFO - Chain [1] start processing
[2025-07-31T11:57:17.324+0000] {logging_mixin.py:188} WARNING - 11:57:17 - cmdstanpy - INFO - Chain [1] done processing
[2025-07-31T11:57:17.324+0000] {model.py:2115} INFO - Chain [1] done processing
[2025-07-31T11:57:17.329+0000] {logging_mixin.py:188} INFO - Erreur pour {'changepoint_prior_scale': 0.01, 'seasonality_prior_scale': 1.0, 'seasonality_mode': 'additive'}: Less data than horizon after initial window. Make horizon or initial shorter.
[2025-07-31T11:57:17.330+0000] {logging_mixin.py:188} INFO - Test 2/18: {'changepoint_prior_scale': 0.01, 'seasonality_prior_scale': 1.0, 'seasonality_mode': 'multiplicative'}
[2025-07-31T11:57:17.361+0000] {filesystem.py:118} DEBUG - input tempfile: /tmp/tmpca9wuaxb/_wwhmnvk.json
[2025-07-31T11:57:17.412+0000] {filesystem.py:118} DEBUG - input tempfile: /tmp/tmpca9wuaxb/5jb6i7c5.json
[2025-07-31T11:57:17.414+0000] {model.py:2042} DEBUG - idx 0
[2025-07-31T11:57:17.415+0000] {model.py:2043} DEBUG - running CmdStan, num_threads: None
[2025-07-31T11:57:17.415+0000] {model.py:2055} DEBUG - CmdStan args: ['/home/airflow/.local/lib/python3.11/site-packages/prophet/stan_model/prophet_model.bin', 'random', 'seed=75764', 'data', 'file=/tmp/tmpca9wuaxb/_wwhmnvk.json', 'init=/tmp/tmpca9wuaxb/5jb6i7c5.json', 'output', 'file=/tmp/tmpca9wuaxb/prophet_modelgbv3n85s/prophet_model-20250731115717.csv', 'method=optimize', 'algorithm=lbfgs', 'iter=10000']
[2025-07-31T11:57:17.416+0000] {logging_mixin.py:188} WARNING - 11:57:17 - cmdstanpy - INFO - Chain [1] start processing
[2025-07-31T11:57:17.416+0000] {model.py:2058} INFO - Chain [1] start processing
[2025-07-31T11:57:17.475+0000] {logging_mixin.py:188} WARNING - 11:57:17 - cmdstanpy - INFO - Chain [1] done processing
[2025-07-31T11:57:17.475+0000] {model.py:2115} INFO - Chain [1] done processing
[2025-07-31T11:57:17.480+0000] {logging_mixin.py:188} INFO - Erreur pour {'changepoint_prior_scale': 0.01, 'seasonality_prior_scale': 1.0, 'seasonality_mode': 'multiplicative'}: Less data than horizon after initial window. Make horizon or initial shorter.
[2025-07-31T11:57:17.481+0000] {logging_mixin.py:188} INFO - Test 3/18: {'changepoint_prior_scale': 0.01, 'seasonality_prior_scale': 5.0, 'seasonality_mode': 'additive'}
[2025-07-31T11:57:17.509+0000] {filesystem.py:118} DEBUG - input tempfile: /tmp/tmpca9wuaxb/9ykx5wy9.json
[2025-07-31T11:57:17.573+0000] {filesystem.py:118} DEBUG - input tempfile: /tmp/tmpca9wuaxb/cnpnzhiu.json
[2025-07-31T11:57:17.575+0000] {model.py:2042} DEBUG - idx 0
[2025-07-31T11:57:17.576+0000] {model.py:2043} DEBUG - running CmdStan, num_threads: None
[2025-07-31T11:57:17.576+0000] {model.py:2055} DEBUG - CmdStan args: ['/home/airflow/.local/lib/python3.11/site-packages/prophet/stan_model/prophet_model.bin', 'random', 'seed=78417', 'data', 'file=/tmp/tmpca9wuaxb/9ykx5wy9.json', 'init=/tmp/tmpca9wuaxb/cnpnzhiu.json', 'output', 'file=/tmp/tmpca9wuaxb/prophet_modelncrxw4hg/prophet_model-20250731115717.csv', 'method=optimize', 'algorithm=lbfgs', 'iter=10000']
[2025-07-31T11:57:17.577+0000] {logging_mixin.py:188} WARNING - 11:57:17 - cmdstanpy - INFO - Chain [1] start processing
[2025-07-31T11:57:17.577+0000] {model.py:2058} INFO - Chain [1] start processing
[2025-07-31T11:57:17.609+0000] {logging_mixin.py:188} WARNING - 11:57:17 - cmdstanpy - INFO - Chain [1] done processing
[2025-07-31T11:57:17.609+0000] {model.py:2115} INFO - Chain [1] done processing
[2025-07-31T11:57:17.613+0000] {logging_mixin.py:188} INFO - Erreur pour {'changepoint_prior_scale': 0.01, 'seasonality_prior_scale': 5.0, 'seasonality_mode': 'additive'}: Less data than horizon after initial window. Make horizon or initial shorter.
[2025-07-31T11:57:17.614+0000] {logging_mixin.py:188} INFO - Test 4/18: {'changepoint_prior_scale': 0.01, 'seasonality_prior_scale': 5.0, 'seasonality_mode': 'multiplicative'}
[2025-07-31T11:57:17.633+0000] {filesystem.py:118} DEBUG - input tempfile: /tmp/tmpca9wuaxb/e5l4d3uw.json
[2025-07-31T11:57:17.688+0000] {filesystem.py:118} DEBUG - input tempfile: /tmp/tmpca9wuaxb/r7fhl89e.json
[2025-07-31T11:57:17.690+0000] {model.py:2042} DEBUG - idx 0
[2025-07-31T11:57:17.691+0000] {model.py:2043} DEBUG - running CmdStan, num_threads: None
[2025-07-31T11:57:17.692+0000] {model.py:2055} DEBUG - CmdStan args: ['/home/airflow/.local/lib/python3.11/site-packages/prophet/stan_model/prophet_model.bin', 'random', 'seed=51162', 'data', 'file=/tmp/tmpca9wuaxb/e5l4d3uw.json', 'init=/tmp/tmpca9wuaxb/r7fhl89e.json', 'output', 'file=/tmp/tmpca9wuaxb/prophet_modelff0cors4/prophet_model-20250731115717.csv', 'method=optimize', 'algorithm=lbfgs', 'iter=10000']
[2025-07-31T11:57:17.693+0000] {logging_mixin.py:188} WARNING - 11:57:17 - cmdstanpy - INFO - Chain [1] start processing
[2025-07-31T11:57:17.693+0000] {model.py:2058} INFO - Chain [1] start processing
[2025-07-31T11:57:17.747+0000] {logging_mixin.py:188} WARNING - 11:57:17 - cmdstanpy - INFO - Chain [1] done processing
[2025-07-31T11:57:17.747+0000] {model.py:2115} INFO - Chain [1] done processing
[2025-07-31T11:57:17.751+0000] {logging_mixin.py:188} INFO - Erreur pour {'changepoint_prior_scale': 0.01, 'seasonality_prior_scale': 5.0, 'seasonality_mode': 'multiplicative'}: Less data than horizon after initial window. Make horizon or initial shorter.
[2025-07-31T11:57:17.752+0000] {logging_mixin.py:188} INFO - Test 5/18: {'changepoint_prior_scale': 0.01, 'seasonality_prior_scale': 10.0, 'seasonality_mode': 'additive'}
[2025-07-31T11:57:17.767+0000] {filesystem.py:118} DEBUG - input tempfile: /tmp/tmpca9wuaxb/0uhb2wdh.json
[2025-07-31T11:57:17.813+0000] {filesystem.py:118} DEBUG - input tempfile: /tmp/tmpca9wuaxb/56po16hz.json
[2025-07-31T11:57:17.815+0000] {model.py:2042} DEBUG - idx 0
[2025-07-31T11:57:17.816+0000] {model.py:2043} DEBUG - running CmdStan, num_threads: None
[2025-07-31T11:57:17.817+0000] {model.py:2055} DEBUG - CmdStan args: ['/home/airflow/.local/lib/python3.11/site-packages/prophet/stan_model/prophet_model.bin', 'random', 'seed=48184', 'data', 'file=/tmp/tmpca9wuaxb/0uhb2wdh.json', 'init=/tmp/tmpca9wuaxb/56po16hz.json', 'output', 'file=/tmp/tmpca9wuaxb/prophet_model_oegr35n/prophet_model-20250731115717.csv', 'method=optimize', 'algorithm=lbfgs', 'iter=10000']
[2025-07-31T11:57:17.818+0000] {logging_mixin.py:188} WARNING - 11:57:17 - cmdstanpy - INFO - Chain [1] start processing
[2025-07-31T11:57:17.818+0000] {model.py:2058} INFO - Chain [1] start processing
[2025-07-31T11:57:17.857+0000] {logging_mixin.py:188} WARNING - 11:57:17 - cmdstanpy - INFO - Chain [1] done processing
[2025-07-31T11:57:17.857+0000] {model.py:2115} INFO - Chain [1] done processing
[2025-07-31T11:57:17.861+0000] {logging_mixin.py:188} INFO - Erreur pour {'changepoint_prior_scale': 0.01, 'seasonality_prior_scale': 10.0, 'seasonality_mode': 'additive'}: Less data than horizon after initial window. Make horizon or initial shorter.
[2025-07-31T11:57:17.862+0000] {logging_mixin.py:188} INFO - Test 6/18: {'changepoint_prior_scale': 0.01, 'seasonality_prior_scale': 10.0, 'seasonality_mode': 'multiplicative'}
[2025-07-31T11:57:17.880+0000] {filesystem.py:118} DEBUG - input tempfile: /tmp/tmpca9wuaxb/xmxi_e4s.json
[2025-07-31T11:57:17.929+0000] {filesystem.py:118} DEBUG - input tempfile: /tmp/tmpca9wuaxb/4fpvmbkd.json
[2025-07-31T11:57:17.930+0000] {model.py:2042} DEBUG - idx 0
[2025-07-31T11:57:17.931+0000] {model.py:2043} DEBUG - running CmdStan, num_threads: None
[2025-07-31T11:57:17.932+0000] {model.py:2055} DEBUG - CmdStan args: ['/home/airflow/.local/lib/python3.11/site-packages/prophet/stan_model/prophet_model.bin', 'random', 'seed=63673', 'data', 'file=/tmp/tmpca9wuaxb/xmxi_e4s.json', 'init=/tmp/tmpca9wuaxb/4fpvmbkd.json', 'output', 'file=/tmp/tmpca9wuaxb/prophet_model4rj8umo2/prophet_model-20250731115717.csv', 'method=optimize', 'algorithm=lbfgs', 'iter=10000']
[2025-07-31T11:57:17.932+0000] {logging_mixin.py:188} WARNING - 11:57:17 - cmdstanpy - INFO - Chain [1] start processing
[2025-07-31T11:57:17.932+0000] {model.py:2058} INFO - Chain [1] start processing
[2025-07-31T11:57:17.975+0000] {logging_mixin.py:188} WARNING - 11:57:17 - cmdstanpy - INFO - Chain [1] done processing
[2025-07-31T11:57:17.975+0000] {model.py:2115} INFO - Chain [1] done processing
[2025-07-31T11:57:17.979+0000] {logging_mixin.py:188} INFO - Erreur pour {'changepoint_prior_scale': 0.01, 'seasonality_prior_scale': 10.0, 'seasonality_mode': 'multiplicative'}: Less data than horizon after initial window. Make horizon or initial shorter.
[2025-07-31T11:57:17.980+0000] {logging_mixin.py:188} INFO - Test 7/18: {'changepoint_prior_scale': 0.05, 'seasonality_prior_scale': 1.0, 'seasonality_mode': 'additive'}
[2025-07-31T11:57:17.996+0000] {filesystem.py:118} DEBUG - input tempfile: /tmp/tmpca9wuaxb/iwbqqdq_.json
[2025-07-31T11:57:18.042+0000] {filesystem.py:118} DEBUG - input tempfile: /tmp/tmpca9wuaxb/6n5o9th1.json
[2025-07-31T11:57:18.044+0000] {model.py:2042} DEBUG - idx 0
[2025-07-31T11:57:18.044+0000] {model.py:2043} DEBUG - running CmdStan, num_threads: None
[2025-07-31T11:57:18.045+0000] {model.py:2055} DEBUG - CmdStan args: ['/home/airflow/.local/lib/python3.11/site-packages/prophet/stan_model/prophet_model.bin', 'random', 'seed=40476', 'data', 'file=/tmp/tmpca9wuaxb/iwbqqdq_.json', 'init=/tmp/tmpca9wuaxb/6n5o9th1.json', 'output', 'file=/tmp/tmpca9wuaxb/prophet_model80u6myrg/prophet_model-20250731115718.csv', 'method=optimize', 'algorithm=lbfgs', 'iter=10000']
[2025-07-31T11:57:18.045+0000] {logging_mixin.py:188} WARNING - 11:57:18 - cmdstanpy - INFO - Chain [1] start processing
[2025-07-31T11:57:18.045+0000] {model.py:2058} INFO - Chain [1] start processing
[2025-07-31T11:57:18.102+0000] {logging_mixin.py:188} WARNING - 11:57:18 - cmdstanpy - INFO - Chain [1] done processing
[2025-07-31T11:57:18.102+0000] {model.py:2115} INFO - Chain [1] done processing
[2025-07-31T11:57:18.106+0000] {logging_mixin.py:188} INFO - Erreur pour {'changepoint_prior_scale': 0.05, 'seasonality_prior_scale': 1.0, 'seasonality_mode': 'additive'}: Less data than horizon after initial window. Make horizon or initial shorter.
[2025-07-31T11:57:18.107+0000] {logging_mixin.py:188} INFO - Test 8/18: {'changepoint_prior_scale': 0.05, 'seasonality_prior_scale': 1.0, 'seasonality_mode': 'multiplicative'}
[2025-07-31T11:57:18.126+0000] {filesystem.py:118} DEBUG - input tempfile: /tmp/tmpca9wuaxb/uq_sxxij.json
[2025-07-31T11:57:18.195+0000] {filesystem.py:118} DEBUG - input tempfile: /tmp/tmpca9wuaxb/ehvcjvjh.json
[2025-07-31T11:57:18.197+0000] {model.py:2042} DEBUG - idx 0
[2025-07-31T11:57:18.198+0000] {model.py:2043} DEBUG - running CmdStan, num_threads: None
[2025-07-31T11:57:18.199+0000] {model.py:2055} DEBUG - CmdStan args: ['/home/airflow/.local/lib/python3.11/site-packages/prophet/stan_model/prophet_model.bin', 'random', 'seed=92791', 'data', 'file=/tmp/tmpca9wuaxb/uq_sxxij.json', 'init=/tmp/tmpca9wuaxb/ehvcjvjh.json', 'output', 'file=/tmp/tmpca9wuaxb/prophet_model45g7ele_/prophet_model-20250731115718.csv', 'method=optimize', 'algorithm=lbfgs', 'iter=10000']
[2025-07-31T11:57:18.199+0000] {logging_mixin.py:188} WARNING - 11:57:18 - cmdstanpy - INFO - Chain [1] start processing
[2025-07-31T11:57:18.199+0000] {model.py:2058} INFO - Chain [1] start processing
[2025-07-31T11:57:18.255+0000] {logging_mixin.py:188} WARNING - 11:57:18 - cmdstanpy - INFO - Chain [1] done processing
[2025-07-31T11:57:18.255+0000] {model.py:2115} INFO - Chain [1] done processing
[2025-07-31T11:57:18.260+0000] {logging_mixin.py:188} INFO - Erreur pour {'changepoint_prior_scale': 0.05, 'seasonality_prior_scale': 1.0, 'seasonality_mode': 'multiplicative'}: Less data than horizon after initial window. Make horizon or initial shorter.
[2025-07-31T11:57:18.260+0000] {logging_mixin.py:188} INFO - Test 9/18: {'changepoint_prior_scale': 0.05, 'seasonality_prior_scale': 5.0, 'seasonality_mode': 'additive'}
[2025-07-31T11:57:18.276+0000] {filesystem.py:118} DEBUG - input tempfile: /tmp/tmpca9wuaxb/b4qbqqq0.json
[2025-07-31T11:57:18.331+0000] {filesystem.py:118} DEBUG - input tempfile: /tmp/tmpca9wuaxb/ycibjl3o.json
[2025-07-31T11:57:18.332+0000] {model.py:2042} DEBUG - idx 0
[2025-07-31T11:57:18.333+0000] {model.py:2043} DEBUG - running CmdStan, num_threads: None
[2025-07-31T11:57:18.333+0000] {model.py:2055} DEBUG - CmdStan args: ['/home/airflow/.local/lib/python3.11/site-packages/prophet/stan_model/prophet_model.bin', 'random', 'seed=6084', 'data', 'file=/tmp/tmpca9wuaxb/b4qbqqq0.json', 'init=/tmp/tmpca9wuaxb/ycibjl3o.json', 'output', 'file=/tmp/tmpca9wuaxb/prophet_modelylr_fgtu/prophet_model-20250731115718.csv', 'method=optimize', 'algorithm=lbfgs', 'iter=10000']
[2025-07-31T11:57:18.334+0000] {logging_mixin.py:188} WARNING - 11:57:18 - cmdstanpy - INFO - Chain [1] start processing
[2025-07-31T11:57:18.334+0000] {model.py:2058} INFO - Chain [1] start processing
[2025-07-31T11:57:18.368+0000] {logging_mixin.py:188} WARNING - 11:57:18 - cmdstanpy - INFO - Chain [1] done processing
[2025-07-31T11:57:18.368+0000] {model.py:2115} INFO - Chain [1] done processing
[2025-07-31T11:57:18.372+0000] {logging_mixin.py:188} INFO - Erreur pour {'changepoint_prior_scale': 0.05, 'seasonality_prior_scale': 5.0, 'seasonality_mode': 'additive'}: Less data than horizon after initial window. Make horizon or initial shorter.
[2025-07-31T11:57:18.373+0000] {logging_mixin.py:188} INFO - Test 10/18: {'changepoint_prior_scale': 0.05, 'seasonality_prior_scale': 5.0, 'seasonality_mode': 'multiplicative'}
[2025-07-31T11:57:18.388+0000] {filesystem.py:118} DEBUG - input tempfile: /tmp/tmpca9wuaxb/jl4i3mcu.json
[2025-07-31T11:57:18.441+0000] {filesystem.py:118} DEBUG - input tempfile: /tmp/tmpca9wuaxb/k0ugio88.json
[2025-07-31T11:57:18.442+0000] {model.py:2042} DEBUG - idx 0
[2025-07-31T11:57:18.443+0000] {model.py:2043} DEBUG - running CmdStan, num_threads: None
[2025-07-31T11:57:18.443+0000] {model.py:2055} DEBUG - CmdStan args: ['/home/airflow/.local/lib/python3.11/site-packages/prophet/stan_model/prophet_model.bin', 'random', 'seed=96251', 'data', 'file=/tmp/tmpca9wuaxb/jl4i3mcu.json', 'init=/tmp/tmpca9wuaxb/k0ugio88.json', 'output', 'file=/tmp/tmpca9wuaxb/prophet_modelvqh4k2ym/prophet_model-20250731115718.csv', 'method=optimize', 'algorithm=lbfgs', 'iter=10000']
[2025-07-31T11:57:18.444+0000] {logging_mixin.py:188} WARNING - 11:57:18 - cmdstanpy - INFO - Chain [1] start processing
[2025-07-31T11:57:18.444+0000] {model.py:2058} INFO - Chain [1] start processing
[2025-07-31T11:57:18.517+0000] {logging_mixin.py:188} WARNING - 11:57:18 - cmdstanpy - INFO - Chain [1] done processing
[2025-07-31T11:57:18.517+0000] {model.py:2115} INFO - Chain [1] done processing
[2025-07-31T11:57:18.521+0000] {logging_mixin.py:188} INFO - Erreur pour {'changepoint_prior_scale': 0.05, 'seasonality_prior_scale': 5.0, 'seasonality_mode': 'multiplicative'}: Less data than horizon after initial window. Make horizon or initial shorter.
[2025-07-31T11:57:18.521+0000] {logging_mixin.py:188} INFO - Test 11/18: {'changepoint_prior_scale': 0.05, 'seasonality_prior_scale': 10.0, 'seasonality_mode': 'additive'}
[2025-07-31T11:57:18.540+0000] {filesystem.py:118} DEBUG - input tempfile: /tmp/tmpca9wuaxb/0idmfm_z.json
[2025-07-31T11:57:18.610+0000] {filesystem.py:118} DEBUG - input tempfile: /tmp/tmpca9wuaxb/vhpe6kj4.json
[2025-07-31T11:57:18.612+0000] {model.py:2042} DEBUG - idx 0
[2025-07-31T11:57:18.613+0000] {model.py:2043} DEBUG - running CmdStan, num_threads: None
[2025-07-31T11:57:18.614+0000] {model.py:2055} DEBUG - CmdStan args: ['/home/airflow/.local/lib/python3.11/site-packages/prophet/stan_model/prophet_model.bin', 'random', 'seed=3455', 'data', 'file=/tmp/tmpca9wuaxb/0idmfm_z.json', 'init=/tmp/tmpca9wuaxb/vhpe6kj4.json', 'output', 'file=/tmp/tmpca9wuaxb/prophet_modelc09gmgye/prophet_model-20250731115718.csv', 'method=optimize', 'algorithm=lbfgs', 'iter=10000']
[2025-07-31T11:57:18.615+0000] {logging_mixin.py:188} WARNING - 11:57:18 - cmdstanpy - INFO - Chain [1] start processing
[2025-07-31T11:57:18.614+0000] {model.py:2058} INFO - Chain [1] start processing
[2025-07-31T11:57:18.657+0000] {logging_mixin.py:188} WARNING - 11:57:18 - cmdstanpy - INFO - Chain [1] done processing
[2025-07-31T11:57:18.657+0000] {model.py:2115} INFO - Chain [1] done processing
[2025-07-31T11:57:18.663+0000] {logging_mixin.py:188} INFO - Erreur pour {'changepoint_prior_scale': 0.05, 'seasonality_prior_scale': 10.0, 'seasonality_mode': 'additive'}: Less data than horizon after initial window. Make horizon or initial shorter.
[2025-07-31T11:57:18.664+0000] {logging_mixin.py:188} INFO - Test 12/18: {'changepoint_prior_scale': 0.05, 'seasonality_prior_scale': 10.0, 'seasonality_mode': 'multiplicative'}
[2025-07-31T11:57:18.697+0000] {filesystem.py:118} DEBUG - input tempfile: /tmp/tmpca9wuaxb/i93fmthj.json
[2025-07-31T11:57:18.770+0000] {filesystem.py:118} DEBUG - input tempfile: /tmp/tmpca9wuaxb/a1vuyub7.json
[2025-07-31T11:57:18.772+0000] {model.py:2042} DEBUG - idx 0
[2025-07-31T11:57:18.773+0000] {model.py:2043} DEBUG - running CmdStan, num_threads: None
[2025-07-31T11:57:18.773+0000] {model.py:2055} DEBUG - CmdStan args: ['/home/airflow/.local/lib/python3.11/site-packages/prophet/stan_model/prophet_model.bin', 'random', 'seed=93506', 'data', 'file=/tmp/tmpca9wuaxb/i93fmthj.json', 'init=/tmp/tmpca9wuaxb/a1vuyub7.json', 'output', 'file=/tmp/tmpca9wuaxb/prophet_modelguiqxip5/prophet_model-20250731115718.csv', 'method=optimize', 'algorithm=lbfgs', 'iter=10000']
[2025-07-31T11:57:18.774+0000] {logging_mixin.py:188} WARNING - 11:57:18 - cmdstanpy - INFO - Chain [1] start processing
[2025-07-31T11:57:18.774+0000] {model.py:2058} INFO - Chain [1] start processing
[2025-07-31T11:57:18.837+0000] {logging_mixin.py:188} WARNING - 11:57:18 - cmdstanpy - INFO - Chain [1] done processing
[2025-07-31T11:57:18.837+0000] {model.py:2115} INFO - Chain [1] done processing
[2025-07-31T11:57:18.843+0000] {logging_mixin.py:188} INFO - Erreur pour {'changepoint_prior_scale': 0.05, 'seasonality_prior_scale': 10.0, 'seasonality_mode': 'multiplicative'}: Less data than horizon after initial window. Make horizon or initial shorter.
[2025-07-31T11:57:18.844+0000] {logging_mixin.py:188} INFO - Test 13/18: {'changepoint_prior_scale': 0.1, 'seasonality_prior_scale': 1.0, 'seasonality_mode': 'additive'}
[2025-07-31T11:57:18.871+0000] {filesystem.py:118} DEBUG - input tempfile: /tmp/tmpca9wuaxb/vcz4lh14.json
[2025-07-31T11:57:18.939+0000] {filesystem.py:118} DEBUG - input tempfile: /tmp/tmpca9wuaxb/tvftxmjh.json
[2025-07-31T11:57:18.941+0000] {model.py:2042} DEBUG - idx 0
[2025-07-31T11:57:18.942+0000] {model.py:2043} DEBUG - running CmdStan, num_threads: None
[2025-07-31T11:57:18.943+0000] {model.py:2055} DEBUG - CmdStan args: ['/home/airflow/.local/lib/python3.11/site-packages/prophet/stan_model/prophet_model.bin', 'random', 'seed=11653', 'data', 'file=/tmp/tmpca9wuaxb/vcz4lh14.json', 'init=/tmp/tmpca9wuaxb/tvftxmjh.json', 'output', 'file=/tmp/tmpca9wuaxb/prophet_modelpqomh2jf/prophet_model-20250731115718.csv', 'method=optimize', 'algorithm=lbfgs', 'iter=10000']
[2025-07-31T11:57:18.943+0000] {logging_mixin.py:188} WARNING - 11:57:18 - cmdstanpy - INFO - Chain [1] start processing
[2025-07-31T11:57:18.943+0000] {model.py:2058} INFO - Chain [1] start processing
[2025-07-31T11:57:18.998+0000] {logging_mixin.py:188} WARNING - 11:57:18 - cmdstanpy - INFO - Chain [1] done processing
[2025-07-31T11:57:18.998+0000] {model.py:2115} INFO - Chain [1] done processing
[2025-07-31T11:57:19.006+0000] {logging_mixin.py:188} INFO - Erreur pour {'changepoint_prior_scale': 0.1, 'seasonality_prior_scale': 1.0, 'seasonality_mode': 'additive'}: Less data than horizon after initial window. Make horizon or initial shorter.
[2025-07-31T11:57:19.008+0000] {logging_mixin.py:188} INFO - Test 14/18: {'changepoint_prior_scale': 0.1, 'seasonality_prior_scale': 1.0, 'seasonality_mode': 'multiplicative'}
[2025-07-31T11:57:19.041+0000] {filesystem.py:118} DEBUG - input tempfile: /tmp/tmpca9wuaxb/870tf9xe.json
[2025-07-31T11:57:19.092+0000] {filesystem.py:118} DEBUG - input tempfile: /tmp/tmpca9wuaxb/86d5ccrt.json
[2025-07-31T11:57:19.094+0000] {model.py:2042} DEBUG - idx 0
[2025-07-31T11:57:19.095+0000] {model.py:2043} DEBUG - running CmdStan, num_threads: None
[2025-07-31T11:57:19.095+0000] {model.py:2055} DEBUG - CmdStan args: ['/home/airflow/.local/lib/python3.11/site-packages/prophet/stan_model/prophet_model.bin', 'random', 'seed=54200', 'data', 'file=/tmp/tmpca9wuaxb/870tf9xe.json', 'init=/tmp/tmpca9wuaxb/86d5ccrt.json', 'output', 'file=/tmp/tmpca9wuaxb/prophet_modelbr4pluqi/prophet_model-20250731115719.csv', 'method=optimize', 'algorithm=lbfgs', 'iter=10000']
[2025-07-31T11:57:19.096+0000] {logging_mixin.py:188} WARNING - 11:57:19 - cmdstanpy - INFO - Chain [1] start processing
[2025-07-31T11:57:19.096+0000] {model.py:2058} INFO - Chain [1] start processing
[2025-07-31T11:57:19.189+0000] {logging_mixin.py:188} WARNING - 11:57:19 - cmdstanpy - INFO - Chain [1] done processing
[2025-07-31T11:57:19.189+0000] {model.py:2115} INFO - Chain [1] done processing
[2025-07-31T11:57:19.193+0000] {logging_mixin.py:188} INFO - Erreur pour {'changepoint_prior_scale': 0.1, 'seasonality_prior_scale': 1.0, 'seasonality_mode': 'multiplicative'}: Less data than horizon after initial window. Make horizon or initial shorter.
[2025-07-31T11:57:19.194+0000] {logging_mixin.py:188} INFO - Test 15/18: {'changepoint_prior_scale': 0.1, 'seasonality_prior_scale': 5.0, 'seasonality_mode': 'additive'}
[2025-07-31T11:57:19.210+0000] {filesystem.py:118} DEBUG - input tempfile: /tmp/tmpca9wuaxb/bysw6b63.json
[2025-07-31T11:57:19.262+0000] {filesystem.py:118} DEBUG - input tempfile: /tmp/tmpca9wuaxb/yaav4dcy.json
[2025-07-31T11:57:19.264+0000] {model.py:2042} DEBUG - idx 0
[2025-07-31T11:57:19.265+0000] {model.py:2043} DEBUG - running CmdStan, num_threads: None
[2025-07-31T11:57:19.266+0000] {model.py:2055} DEBUG - CmdStan args: ['/home/airflow/.local/lib/python3.11/site-packages/prophet/stan_model/prophet_model.bin', 'random', 'seed=12665', 'data', 'file=/tmp/tmpca9wuaxb/bysw6b63.json', 'init=/tmp/tmpca9wuaxb/yaav4dcy.json', 'output', 'file=/tmp/tmpca9wuaxb/prophet_model8s7xoo6h/prophet_model-20250731115719.csv', 'method=optimize', 'algorithm=lbfgs', 'iter=10000']
[2025-07-31T11:57:19.266+0000] {logging_mixin.py:188} WARNING - 11:57:19 - cmdstanpy - INFO - Chain [1] start processing
[2025-07-31T11:57:19.266+0000] {model.py:2058} INFO - Chain [1] start processing
[2025-07-31T11:57:19.317+0000] {logging_mixin.py:188} WARNING - 11:57:19 - cmdstanpy - INFO - Chain [1] done processing
[2025-07-31T11:57:19.317+0000] {model.py:2115} INFO - Chain [1] done processing
[2025-07-31T11:57:19.323+0000] {logging_mixin.py:188} INFO - Erreur pour {'changepoint_prior_scale': 0.1, 'seasonality_prior_scale': 5.0, 'seasonality_mode': 'additive'}: Less data than horizon after initial window. Make horizon or initial shorter.
[2025-07-31T11:57:19.324+0000] {logging_mixin.py:188} INFO - Test 16/18: {'changepoint_prior_scale': 0.1, 'seasonality_prior_scale': 5.0, 'seasonality_mode': 'multiplicative'}
[2025-07-31T11:57:19.358+0000] {filesystem.py:118} DEBUG - input tempfile: /tmp/tmpca9wuaxb/9c63nbdx.json
[2025-07-31T11:57:19.438+0000] {filesystem.py:118} DEBUG - input tempfile: /tmp/tmpca9wuaxb/bsoimrd2.json
[2025-07-31T11:57:19.441+0000] {model.py:2042} DEBUG - idx 0
[2025-07-31T11:57:19.442+0000] {model.py:2043} DEBUG - running CmdStan, num_threads: None
[2025-07-31T11:57:19.443+0000] {model.py:2055} DEBUG - CmdStan args: ['/home/airflow/.local/lib/python3.11/site-packages/prophet/stan_model/prophet_model.bin', 'random', 'seed=74579', 'data', 'file=/tmp/tmpca9wuaxb/9c63nbdx.json', 'init=/tmp/tmpca9wuaxb/bsoimrd2.json', 'output', 'file=/tmp/tmpca9wuaxb/prophet_modelfcs_zxfg/prophet_model-20250731115719.csv', 'method=optimize', 'algorithm=lbfgs', 'iter=10000']
[2025-07-31T11:57:19.444+0000] {logging_mixin.py:188} WARNING - 11:57:19 - cmdstanpy - INFO - Chain [1] start processing
[2025-07-31T11:57:19.444+0000] {model.py:2058} INFO - Chain [1] start processing
[2025-07-31T11:57:19.517+0000] {logging_mixin.py:188} WARNING - 11:57:19 - cmdstanpy - INFO - Chain [1] done processing
[2025-07-31T11:57:19.517+0000] {model.py:2115} INFO - Chain [1] done processing
[2025-07-31T11:57:19.521+0000] {logging_mixin.py:188} INFO - Erreur pour {'changepoint_prior_scale': 0.1, 'seasonality_prior_scale': 5.0, 'seasonality_mode': 'multiplicative'}: Less data than horizon after initial window. Make horizon or initial shorter.
[2025-07-31T11:57:19.522+0000] {logging_mixin.py:188} INFO - Test 17/18: {'changepoint_prior_scale': 0.1, 'seasonality_prior_scale': 10.0, 'seasonality_mode': 'additive'}
[2025-07-31T11:57:19.540+0000] {filesystem.py:118} DEBUG - input tempfile: /tmp/tmpca9wuaxb/q_doooyr.json
[2025-07-31T11:57:19.599+0000] {filesystem.py:118} DEBUG - input tempfile: /tmp/tmpca9wuaxb/hffbp10e.json
[2025-07-31T11:57:19.601+0000] {model.py:2042} DEBUG - idx 0
[2025-07-31T11:57:19.602+0000] {model.py:2043} DEBUG - running CmdStan, num_threads: None
[2025-07-31T11:57:19.602+0000] {model.py:2055} DEBUG - CmdStan args: ['/home/airflow/.local/lib/python3.11/site-packages/prophet/stan_model/prophet_model.bin', 'random', 'seed=14106', 'data', 'file=/tmp/tmpca9wuaxb/q_doooyr.json', 'init=/tmp/tmpca9wuaxb/hffbp10e.json', 'output', 'file=/tmp/tmpca9wuaxb/prophet_modelm_csi1t4/prophet_model-20250731115719.csv', 'method=optimize', 'algorithm=lbfgs', 'iter=10000']
[2025-07-31T11:57:19.603+0000] {logging_mixin.py:188} WARNING - 11:57:19 - cmdstanpy - INFO - Chain [1] start processing
[2025-07-31T11:57:19.603+0000] {model.py:2058} INFO - Chain [1] start processing
[2025-07-31T11:57:19.647+0000] {logging_mixin.py:188} WARNING - 11:57:19 - cmdstanpy - INFO - Chain [1] done processing
[2025-07-31T11:57:19.647+0000] {model.py:2115} INFO - Chain [1] done processing
[2025-07-31T11:57:19.651+0000] {logging_mixin.py:188} INFO - Erreur pour {'changepoint_prior_scale': 0.1, 'seasonality_prior_scale': 10.0, 'seasonality_mode': 'additive'}: Less data than horizon after initial window. Make horizon or initial shorter.
[2025-07-31T11:57:19.652+0000] {logging_mixin.py:188} INFO - Test 18/18: {'changepoint_prior_scale': 0.1, 'seasonality_prior_scale': 10.0, 'seasonality_mode': 'multiplicative'}
[2025-07-31T11:57:19.671+0000] {filesystem.py:118} DEBUG - input tempfile: /tmp/tmpca9wuaxb/e4ohh5kn.json
[2025-07-31T11:57:19.723+0000] {filesystem.py:118} DEBUG - input tempfile: /tmp/tmpca9wuaxb/9umi6fy9.json
[2025-07-31T11:57:19.726+0000] {model.py:2042} DEBUG - idx 0
[2025-07-31T11:57:19.727+0000] {model.py:2043} DEBUG - running CmdStan, num_threads: None
[2025-07-31T11:57:19.728+0000] {model.py:2055} DEBUG - CmdStan args: ['/home/airflow/.local/lib/python3.11/site-packages/prophet/stan_model/prophet_model.bin', 'random', 'seed=99676', 'data', 'file=/tmp/tmpca9wuaxb/e4ohh5kn.json', 'init=/tmp/tmpca9wuaxb/9umi6fy9.json', 'output', 'file=/tmp/tmpca9wuaxb/prophet_modellq1aymxy/prophet_model-20250731115719.csv', 'method=optimize', 'algorithm=lbfgs', 'iter=10000']
[2025-07-31T11:57:19.729+0000] {logging_mixin.py:188} WARNING - 11:57:19 - cmdstanpy - INFO - Chain [1] start processing
[2025-07-31T11:57:19.729+0000] {model.py:2058} INFO - Chain [1] start processing
[2025-07-31T11:57:19.805+0000] {logging_mixin.py:188} WARNING - 11:57:19 - cmdstanpy - INFO - Chain [1] done processing
[2025-07-31T11:57:19.805+0000] {model.py:2115} INFO - Chain [1] done processing
[2025-07-31T11:57:19.809+0000] {logging_mixin.py:188} INFO - Erreur pour {'changepoint_prior_scale': 0.1, 'seasonality_prior_scale': 10.0, 'seasonality_mode': 'multiplicative'}: Less data than horizon after initial window. Make horizon or initial shorter.
[2025-07-31T11:57:19.809+0000] {taskinstance.py:441} INFO - ::group::Post task execution logs
[2025-07-31T11:57:19.810+0000] {taskinstance.py:2905} ERROR - Task failed with exception
Traceback (most recent call last):
  File "/home/airflow/.local/lib/python3.11/site-packages/airflow/models/taskinstance.py", line 465, in _execute_task
    result = _execute_callable(context=context, **execute_callable_kwargs)
             ^^^^^^^^^^^^^^^^^^^^^^^^^^^^^^^^^^^^^^^^^^^^^^^^^^^^^^^^^^^^^
  File "/home/airflow/.local/lib/python3.11/site-packages/airflow/models/taskinstance.py", line 432, in _execute_callable
    return execute_callable(context=context, **execute_callable_kwargs)
           ^^^^^^^^^^^^^^^^^^^^^^^^^^^^^^^^^^^^^^^^^^^^^^^^^^^^^^^^^^^^
  File "/home/airflow/.local/lib/python3.11/site-packages/airflow/models/baseoperator.py", line 401, in wrapper
    return func(self, *args, **kwargs)
           ^^^^^^^^^^^^^^^^^^^^^^^^^^^
  File "/home/airflow/.local/lib/python3.11/site-packages/airflow/operators/python.py", line 235, in execute
    return_value = self.execute_callable()
                   ^^^^^^^^^^^^^^^^^^^^^^^
  File "/home/airflow/.local/lib/python3.11/site-packages/airflow/operators/python.py", line 252, in execute_callable
    return self.python_callable(*self.op_args, **self.op_kwargs)
           ^^^^^^^^^^^^^^^^^^^^^^^^^^^^^^^^^^^^^^^^^^^^^^^^^^^^^
  File "/opt/airflow/dags/scripts/train_prophet.py", line 92, in train_prophet
    best_model_temp, scores_temp = optimize_prophet_model(temp_df)
                                   ^^^^^^^^^^^^^^^^^^^^^^^^^^^^^^^
  File "/opt/airflow/dags/scripts/train_prophet.py", line 44, in optimize_prophet_model
    best = min(results, key=lambda x: x[1])
           ^^^^^^^^^^^^^^^^^^^^^^^^^^^^^^^^
ValueError: min() arg is an empty sequence
[2025-07-31T11:57:19.854+0000] {taskinstance.py:1206} INFO - Marking task as UP_FOR_RETRY. dag_id=solar_ai_pipeline_2, task_id=train_prophet, run_id=scheduled__2023-07-19T00:00:00+00:00, execution_date=20230719T000000, start_date=20250731T115714, end_date=20250731T115719
[2025-07-31T11:57:19.980+0000] {standard_task_runner.py:110} ERROR - Failed to execute job 2919 for task train_prophet (min() arg is an empty sequence; 4033)
[2025-07-31T11:57:20.053+0000] {local_task_job_runner.py:240} INFO - Task exited with return code 1
[2025-07-31T11:57:20.132+0000] {taskinstance.py:3503} INFO - 0 downstream tasks scheduled from follow-on schedule check
[2025-07-31T11:57:20.138+0000] {local_task_job_runner.py:222} INFO - ::endgroup::
