[2025-07-31T11:45:40.141+0000] {local_task_job_runner.py:120} INFO - ::group::Pre task execution logs
[2025-07-31T11:45:40.322+0000] {taskinstance.py:2076} INFO - Dependencies all met for dep_context=non-requeueable deps ti=<TaskInstance: solar_ai_pipeline_2.train_prophet scheduled__2023-07-03T00:00:00+00:00 [queued]>
[2025-07-31T11:45:40.395+0000] {taskinstance.py:2076} INFO - Dependencies all met for dep_context=requeueable deps ti=<TaskInstance: solar_ai_pipeline_2.train_prophet scheduled__2023-07-03T00:00:00+00:00 [queued]>
[2025-07-31T11:45:40.400+0000] {taskinstance.py:2306} INFO - Starting attempt 3 of 4
[2025-07-31T11:45:40.508+0000] {taskinstance.py:2330} INFO - Executing <Task(PythonOperator): train_prophet> on 2023-07-03 00:00:00+00:00
[2025-07-31T11:45:40.520+0000] {standard_task_runner.py:63} INFO - Started process 3158 to run task
[2025-07-31T11:45:40.531+0000] {standard_task_runner.py:90} INFO - Running: ['airflow', 'tasks', 'run', 'solar_ai_pipeline_2', 'train_prophet', 'scheduled__2023-07-03T00:00:00+00:00', '--job-id', '2886', '--raw', '--subdir', 'DAGS_FOLDER/prophet_pipeline.py', '--cfg-path', '/tmp/tmp_qj8i971']
[2025-07-31T11:45:40.538+0000] {standard_task_runner.py:91} INFO - Job 2886: Subtask train_prophet
[2025-07-31T11:45:40.819+0000] {task_command.py:426} INFO - Running <TaskInstance: solar_ai_pipeline_2.train_prophet scheduled__2023-07-03T00:00:00+00:00 [running]> on host a2a0dd314bdc
[2025-07-31T11:45:41.310+0000] {taskinstance.py:2648} INFO - Exporting env vars: AIRFLOW_CTX_DAG_OWNER='ensam' AIRFLOW_CTX_DAG_ID='solar_ai_pipeline_2' AIRFLOW_CTX_TASK_ID='train_prophet' AIRFLOW_CTX_EXECUTION_DATE='2023-07-03T00:00:00+00:00' AIRFLOW_CTX_TRY_NUMBER='3' AIRFLOW_CTX_DAG_RUN_ID='scheduled__2023-07-03T00:00:00+00:00'
[2025-07-31T11:45:41.311+0000] {taskinstance.py:430} INFO - ::endgroup::
[2025-07-31T11:45:42.348+0000] {plot.py:39} ERROR - Importing plotly failed. Interactive plots will not work.
[2025-07-31T11:45:42.359+0000] {logging_mixin.py:188} INFO - Training from 2023-01-01 to 2023-01-04
[2025-07-31T11:45:42.552+0000] {logging_mixin.py:188} INFO - Test 1/18: {'changepoint_prior_scale': 0.01, 'seasonality_prior_scale': 1.0, 'seasonality_mode': 'additive'}
[2025-07-31T11:45:42.615+0000] {filesystem.py:118} DEBUG - input tempfile: /tmp/tmpweeul6wm/dcvpd2u_.json
[2025-07-31T11:45:42.632+0000] {filesystem.py:118} DEBUG - input tempfile: /tmp/tmpweeul6wm/9nl1sd9f.json
[2025-07-31T11:45:42.635+0000] {model.py:2042} DEBUG - idx 0
[2025-07-31T11:45:42.636+0000] {model.py:2043} DEBUG - running CmdStan, num_threads: None
[2025-07-31T11:45:42.636+0000] {model.py:2055} DEBUG - CmdStan args: ['/home/airflow/.local/lib/python3.11/site-packages/prophet/stan_model/prophet_model.bin', 'random', 'seed=88609', 'data', 'file=/tmp/tmpweeul6wm/dcvpd2u_.json', 'init=/tmp/tmpweeul6wm/9nl1sd9f.json', 'output', 'file=/tmp/tmpweeul6wm/prophet_model852oxocf/prophet_model-20250731114542.csv', 'method=optimize', 'algorithm=newton', 'iter=10000']
[2025-07-31T11:45:42.637+0000] {logging_mixin.py:188} WARNING - 11:45:42 - cmdstanpy - INFO - Chain [1] start processing
[2025-07-31T11:45:42.637+0000] {model.py:2058} INFO - Chain [1] start processing
[2025-07-31T11:45:43.003+0000] {logging_mixin.py:188} WARNING - 11:45:43 - cmdstanpy - INFO - Chain [1] done processing
[2025-07-31T11:45:43.002+0000] {model.py:2115} INFO - Chain [1] done processing
[2025-07-31T11:45:43.007+0000] {logging_mixin.py:188} INFO - Erreur pour {'changepoint_prior_scale': 0.01, 'seasonality_prior_scale': 1.0, 'seasonality_mode': 'additive'}: Less data than horizon.
[2025-07-31T11:45:43.008+0000] {logging_mixin.py:188} INFO - Test 2/18: {'changepoint_prior_scale': 0.01, 'seasonality_prior_scale': 1.0, 'seasonality_mode': 'multiplicative'}
[2025-07-31T11:45:43.037+0000] {filesystem.py:118} DEBUG - input tempfile: /tmp/tmpweeul6wm/airi4wz8.json
[2025-07-31T11:45:43.056+0000] {filesystem.py:118} DEBUG - input tempfile: /tmp/tmpweeul6wm/tjm0up_f.json
[2025-07-31T11:45:43.057+0000] {model.py:2042} DEBUG - idx 0
[2025-07-31T11:45:43.058+0000] {model.py:2043} DEBUG - running CmdStan, num_threads: None
[2025-07-31T11:45:43.059+0000] {model.py:2055} DEBUG - CmdStan args: ['/home/airflow/.local/lib/python3.11/site-packages/prophet/stan_model/prophet_model.bin', 'random', 'seed=39615', 'data', 'file=/tmp/tmpweeul6wm/airi4wz8.json', 'init=/tmp/tmpweeul6wm/tjm0up_f.json', 'output', 'file=/tmp/tmpweeul6wm/prophet_modelpa4pmh0p/prophet_model-20250731114543.csv', 'method=optimize', 'algorithm=newton', 'iter=10000']
[2025-07-31T11:45:43.060+0000] {logging_mixin.py:188} WARNING - 11:45:43 - cmdstanpy - INFO - Chain [1] start processing
[2025-07-31T11:45:43.059+0000] {model.py:2058} INFO - Chain [1] start processing
[2025-07-31T11:45:45.988+0000] {logging_mixin.py:188} WARNING - 11:45:45 - cmdstanpy - INFO - Chain [1] done processing
[2025-07-31T11:45:45.988+0000] {model.py:2115} INFO - Chain [1] done processing
[2025-07-31T11:45:45.991+0000] {logging_mixin.py:188} INFO - Erreur pour {'changepoint_prior_scale': 0.01, 'seasonality_prior_scale': 1.0, 'seasonality_mode': 'multiplicative'}: Less data than horizon.
[2025-07-31T11:45:45.992+0000] {logging_mixin.py:188} INFO - Test 3/18: {'changepoint_prior_scale': 0.01, 'seasonality_prior_scale': 5.0, 'seasonality_mode': 'additive'}
[2025-07-31T11:45:46.018+0000] {filesystem.py:118} DEBUG - input tempfile: /tmp/tmpweeul6wm/q4tn2ekk.json
[2025-07-31T11:45:46.035+0000] {filesystem.py:118} DEBUG - input tempfile: /tmp/tmpweeul6wm/_ylqxruh.json
[2025-07-31T11:45:46.040+0000] {model.py:2042} DEBUG - idx 0
[2025-07-31T11:45:46.041+0000] {model.py:2043} DEBUG - running CmdStan, num_threads: None
[2025-07-31T11:45:46.042+0000] {model.py:2055} DEBUG - CmdStan args: ['/home/airflow/.local/lib/python3.11/site-packages/prophet/stan_model/prophet_model.bin', 'random', 'seed=27822', 'data', 'file=/tmp/tmpweeul6wm/q4tn2ekk.json', 'init=/tmp/tmpweeul6wm/_ylqxruh.json', 'output', 'file=/tmp/tmpweeul6wm/prophet_modelyc0xt9gf/prophet_model-20250731114546.csv', 'method=optimize', 'algorithm=newton', 'iter=10000']
[2025-07-31T11:45:46.043+0000] {logging_mixin.py:188} WARNING - 11:45:46 - cmdstanpy - INFO - Chain [1] start processing
[2025-07-31T11:45:46.043+0000] {model.py:2058} INFO - Chain [1] start processing
[2025-07-31T11:45:46.336+0000] {logging_mixin.py:188} WARNING - 11:45:46 - cmdstanpy - INFO - Chain [1] done processing
[2025-07-31T11:45:46.336+0000] {model.py:2115} INFO - Chain [1] done processing
[2025-07-31T11:45:46.339+0000] {logging_mixin.py:188} INFO - Erreur pour {'changepoint_prior_scale': 0.01, 'seasonality_prior_scale': 5.0, 'seasonality_mode': 'additive'}: Less data than horizon.
[2025-07-31T11:45:46.340+0000] {logging_mixin.py:188} INFO - Test 4/18: {'changepoint_prior_scale': 0.01, 'seasonality_prior_scale': 5.0, 'seasonality_mode': 'multiplicative'}
[2025-07-31T11:45:46.363+0000] {filesystem.py:118} DEBUG - input tempfile: /tmp/tmpweeul6wm/pndmctdh.json
[2025-07-31T11:45:46.378+0000] {filesystem.py:118} DEBUG - input tempfile: /tmp/tmpweeul6wm/fp8f7yuy.json
[2025-07-31T11:45:46.380+0000] {model.py:2042} DEBUG - idx 0
[2025-07-31T11:45:46.380+0000] {model.py:2043} DEBUG - running CmdStan, num_threads: None
[2025-07-31T11:45:46.381+0000] {model.py:2055} DEBUG - CmdStan args: ['/home/airflow/.local/lib/python3.11/site-packages/prophet/stan_model/prophet_model.bin', 'random', 'seed=17282', 'data', 'file=/tmp/tmpweeul6wm/pndmctdh.json', 'init=/tmp/tmpweeul6wm/fp8f7yuy.json', 'output', 'file=/tmp/tmpweeul6wm/prophet_model36zxydgm/prophet_model-20250731114546.csv', 'method=optimize', 'algorithm=newton', 'iter=10000']
[2025-07-31T11:45:46.381+0000] {logging_mixin.py:188} WARNING - 11:45:46 - cmdstanpy - INFO - Chain [1] start processing
[2025-07-31T11:45:46.381+0000] {model.py:2058} INFO - Chain [1] start processing
[2025-07-31T11:45:47.240+0000] {logging_mixin.py:188} WARNING - 11:45:47 - cmdstanpy - INFO - Chain [1] done processing
[2025-07-31T11:45:47.240+0000] {model.py:2115} INFO - Chain [1] done processing
[2025-07-31T11:45:47.243+0000] {logging_mixin.py:188} INFO - Erreur pour {'changepoint_prior_scale': 0.01, 'seasonality_prior_scale': 5.0, 'seasonality_mode': 'multiplicative'}: Less data than horizon.
[2025-07-31T11:45:47.244+0000] {logging_mixin.py:188} INFO - Test 5/18: {'changepoint_prior_scale': 0.01, 'seasonality_prior_scale': 10.0, 'seasonality_mode': 'additive'}
[2025-07-31T11:45:47.261+0000] {filesystem.py:118} DEBUG - input tempfile: /tmp/tmpweeul6wm/tk7s5_9g.json
[2025-07-31T11:45:47.273+0000] {filesystem.py:118} DEBUG - input tempfile: /tmp/tmpweeul6wm/f8kjz6h5.json
[2025-07-31T11:45:47.278+0000] {model.py:2042} DEBUG - idx 0
[2025-07-31T11:45:47.279+0000] {model.py:2043} DEBUG - running CmdStan, num_threads: None
[2025-07-31T11:45:47.280+0000] {model.py:2055} DEBUG - CmdStan args: ['/home/airflow/.local/lib/python3.11/site-packages/prophet/stan_model/prophet_model.bin', 'random', 'seed=7951', 'data', 'file=/tmp/tmpweeul6wm/tk7s5_9g.json', 'init=/tmp/tmpweeul6wm/f8kjz6h5.json', 'output', 'file=/tmp/tmpweeul6wm/prophet_model_xl8dcxf/prophet_model-20250731114547.csv', 'method=optimize', 'algorithm=newton', 'iter=10000']
[2025-07-31T11:45:47.281+0000] {logging_mixin.py:188} WARNING - 11:45:47 - cmdstanpy - INFO - Chain [1] start processing
[2025-07-31T11:45:47.281+0000] {model.py:2058} INFO - Chain [1] start processing
[2025-07-31T11:45:47.913+0000] {logging_mixin.py:188} WARNING - 11:45:47 - cmdstanpy - INFO - Chain [1] done processing
[2025-07-31T11:45:47.913+0000] {model.py:2115} INFO - Chain [1] done processing
[2025-07-31T11:45:47.916+0000] {logging_mixin.py:188} INFO - Erreur pour {'changepoint_prior_scale': 0.01, 'seasonality_prior_scale': 10.0, 'seasonality_mode': 'additive'}: Less data than horizon.
[2025-07-31T11:45:47.917+0000] {logging_mixin.py:188} INFO - Test 6/18: {'changepoint_prior_scale': 0.01, 'seasonality_prior_scale': 10.0, 'seasonality_mode': 'multiplicative'}
[2025-07-31T11:45:47.936+0000] {filesystem.py:118} DEBUG - input tempfile: /tmp/tmpweeul6wm/ds1i9p9u.json
[2025-07-31T11:45:47.950+0000] {filesystem.py:118} DEBUG - input tempfile: /tmp/tmpweeul6wm/j78526o5.json
[2025-07-31T11:45:47.951+0000] {model.py:2042} DEBUG - idx 0
[2025-07-31T11:45:47.952+0000] {model.py:2043} DEBUG - running CmdStan, num_threads: None
[2025-07-31T11:45:47.953+0000] {model.py:2055} DEBUG - CmdStan args: ['/home/airflow/.local/lib/python3.11/site-packages/prophet/stan_model/prophet_model.bin', 'random', 'seed=4027', 'data', 'file=/tmp/tmpweeul6wm/ds1i9p9u.json', 'init=/tmp/tmpweeul6wm/j78526o5.json', 'output', 'file=/tmp/tmpweeul6wm/prophet_models9_915of/prophet_model-20250731114547.csv', 'method=optimize', 'algorithm=newton', 'iter=10000']
[2025-07-31T11:45:47.954+0000] {logging_mixin.py:188} WARNING - 11:45:47 - cmdstanpy - INFO - Chain [1] start processing
[2025-07-31T11:45:47.953+0000] {model.py:2058} INFO - Chain [1] start processing
[2025-07-31T11:45:48.350+0000] {logging_mixin.py:188} WARNING - 11:45:48 - cmdstanpy - INFO - Chain [1] done processing
[2025-07-31T11:45:48.349+0000] {model.py:2115} INFO - Chain [1] done processing
[2025-07-31T11:45:48.354+0000] {logging_mixin.py:188} INFO - Erreur pour {'changepoint_prior_scale': 0.01, 'seasonality_prior_scale': 10.0, 'seasonality_mode': 'multiplicative'}: Less data than horizon.
[2025-07-31T11:45:48.355+0000] {logging_mixin.py:188} INFO - Test 7/18: {'changepoint_prior_scale': 0.05, 'seasonality_prior_scale': 1.0, 'seasonality_mode': 'additive'}
[2025-07-31T11:45:48.375+0000] {filesystem.py:118} DEBUG - input tempfile: /tmp/tmpweeul6wm/4a0cycke.json
[2025-07-31T11:45:48.390+0000] {filesystem.py:118} DEBUG - input tempfile: /tmp/tmpweeul6wm/j3suy6ww.json
[2025-07-31T11:45:48.392+0000] {model.py:2042} DEBUG - idx 0
[2025-07-31T11:45:48.393+0000] {model.py:2043} DEBUG - running CmdStan, num_threads: None
[2025-07-31T11:45:48.394+0000] {model.py:2055} DEBUG - CmdStan args: ['/home/airflow/.local/lib/python3.11/site-packages/prophet/stan_model/prophet_model.bin', 'random', 'seed=34416', 'data', 'file=/tmp/tmpweeul6wm/4a0cycke.json', 'init=/tmp/tmpweeul6wm/j3suy6ww.json', 'output', 'file=/tmp/tmpweeul6wm/prophet_modelo6sczm0_/prophet_model-20250731114548.csv', 'method=optimize', 'algorithm=newton', 'iter=10000']
[2025-07-31T11:45:48.395+0000] {logging_mixin.py:188} WARNING - 11:45:48 - cmdstanpy - INFO - Chain [1] start processing
[2025-07-31T11:45:48.395+0000] {model.py:2058} INFO - Chain [1] start processing
[2025-07-31T11:45:48.738+0000] {logging_mixin.py:188} WARNING - 11:45:48 - cmdstanpy - INFO - Chain [1] done processing
[2025-07-31T11:45:48.738+0000] {model.py:2115} INFO - Chain [1] done processing
[2025-07-31T11:45:48.742+0000] {logging_mixin.py:188} INFO - Erreur pour {'changepoint_prior_scale': 0.05, 'seasonality_prior_scale': 1.0, 'seasonality_mode': 'additive'}: Less data than horizon.
[2025-07-31T11:45:48.743+0000] {logging_mixin.py:188} INFO - Test 8/18: {'changepoint_prior_scale': 0.05, 'seasonality_prior_scale': 1.0, 'seasonality_mode': 'multiplicative'}
[2025-07-31T11:45:48.769+0000] {filesystem.py:118} DEBUG - input tempfile: /tmp/tmpweeul6wm/5hziyfdt.json
[2025-07-31T11:45:48.796+0000] {filesystem.py:118} DEBUG - input tempfile: /tmp/tmpweeul6wm/954ebytn.json
[2025-07-31T11:45:48.799+0000] {model.py:2042} DEBUG - idx 0
[2025-07-31T11:45:48.800+0000] {model.py:2043} DEBUG - running CmdStan, num_threads: None
[2025-07-31T11:45:48.801+0000] {model.py:2055} DEBUG - CmdStan args: ['/home/airflow/.local/lib/python3.11/site-packages/prophet/stan_model/prophet_model.bin', 'random', 'seed=69755', 'data', 'file=/tmp/tmpweeul6wm/5hziyfdt.json', 'init=/tmp/tmpweeul6wm/954ebytn.json', 'output', 'file=/tmp/tmpweeul6wm/prophet_model63z2t1al/prophet_model-20250731114548.csv', 'method=optimize', 'algorithm=newton', 'iter=10000']
[2025-07-31T11:45:48.802+0000] {logging_mixin.py:188} WARNING - 11:45:48 - cmdstanpy - INFO - Chain [1] start processing
[2025-07-31T11:45:48.802+0000] {model.py:2058} INFO - Chain [1] start processing
[2025-07-31T11:45:53.520+0000] {logging_mixin.py:188} WARNING - 11:45:53 - cmdstanpy - INFO - Chain [1] done processing
[2025-07-31T11:45:53.520+0000] {model.py:2115} INFO - Chain [1] done processing
[2025-07-31T11:45:53.524+0000] {logging_mixin.py:188} INFO - Erreur pour {'changepoint_prior_scale': 0.05, 'seasonality_prior_scale': 1.0, 'seasonality_mode': 'multiplicative'}: Less data than horizon.
[2025-07-31T11:45:53.525+0000] {logging_mixin.py:188} INFO - Test 9/18: {'changepoint_prior_scale': 0.05, 'seasonality_prior_scale': 5.0, 'seasonality_mode': 'additive'}
[2025-07-31T11:45:53.545+0000] {filesystem.py:118} DEBUG - input tempfile: /tmp/tmpweeul6wm/az7ibbps.json
[2025-07-31T11:45:53.562+0000] {filesystem.py:118} DEBUG - input tempfile: /tmp/tmpweeul6wm/4gpgwhbb.json
[2025-07-31T11:45:53.564+0000] {model.py:2042} DEBUG - idx 0
[2025-07-31T11:45:53.566+0000] {model.py:2043} DEBUG - running CmdStan, num_threads: None
[2025-07-31T11:45:53.567+0000] {model.py:2055} DEBUG - CmdStan args: ['/home/airflow/.local/lib/python3.11/site-packages/prophet/stan_model/prophet_model.bin', 'random', 'seed=5903', 'data', 'file=/tmp/tmpweeul6wm/az7ibbps.json', 'init=/tmp/tmpweeul6wm/4gpgwhbb.json', 'output', 'file=/tmp/tmpweeul6wm/prophet_modeluidns_8i/prophet_model-20250731114553.csv', 'method=optimize', 'algorithm=newton', 'iter=10000']
[2025-07-31T11:45:53.568+0000] {logging_mixin.py:188} WARNING - 11:45:53 - cmdstanpy - INFO - Chain [1] start processing
[2025-07-31T11:45:53.568+0000] {model.py:2058} INFO - Chain [1] start processing
[2025-07-31T11:45:53.838+0000] {logging_mixin.py:188} WARNING - 11:45:53 - cmdstanpy - INFO - Chain [1] done processing
[2025-07-31T11:45:53.838+0000] {model.py:2115} INFO - Chain [1] done processing
[2025-07-31T11:45:53.842+0000] {logging_mixin.py:188} INFO - Erreur pour {'changepoint_prior_scale': 0.05, 'seasonality_prior_scale': 5.0, 'seasonality_mode': 'additive'}: Less data than horizon.
[2025-07-31T11:45:53.842+0000] {logging_mixin.py:188} INFO - Test 10/18: {'changepoint_prior_scale': 0.05, 'seasonality_prior_scale': 5.0, 'seasonality_mode': 'multiplicative'}
[2025-07-31T11:45:53.861+0000] {filesystem.py:118} DEBUG - input tempfile: /tmp/tmpweeul6wm/cqhefxqk.json
[2025-07-31T11:45:53.877+0000] {filesystem.py:118} DEBUG - input tempfile: /tmp/tmpweeul6wm/wk1857x5.json
[2025-07-31T11:45:53.881+0000] {model.py:2042} DEBUG - idx 0
[2025-07-31T11:45:53.882+0000] {model.py:2043} DEBUG - running CmdStan, num_threads: None
[2025-07-31T11:45:53.883+0000] {model.py:2055} DEBUG - CmdStan args: ['/home/airflow/.local/lib/python3.11/site-packages/prophet/stan_model/prophet_model.bin', 'random', 'seed=29798', 'data', 'file=/tmp/tmpweeul6wm/cqhefxqk.json', 'init=/tmp/tmpweeul6wm/wk1857x5.json', 'output', 'file=/tmp/tmpweeul6wm/prophet_modelp94zncpy/prophet_model-20250731114553.csv', 'method=optimize', 'algorithm=newton', 'iter=10000']
[2025-07-31T11:45:53.884+0000] {logging_mixin.py:188} WARNING - 11:45:53 - cmdstanpy - INFO - Chain [1] start processing
[2025-07-31T11:45:53.884+0000] {model.py:2058} INFO - Chain [1] start processing
[2025-07-31T11:45:55.763+0000] {logging_mixin.py:188} WARNING - 11:45:55 - cmdstanpy - INFO - Chain [1] done processing
[2025-07-31T11:45:55.763+0000] {model.py:2115} INFO - Chain [1] done processing
[2025-07-31T11:45:55.766+0000] {logging_mixin.py:188} INFO - Erreur pour {'changepoint_prior_scale': 0.05, 'seasonality_prior_scale': 5.0, 'seasonality_mode': 'multiplicative'}: Less data than horizon.
[2025-07-31T11:45:55.766+0000] {logging_mixin.py:188} INFO - Test 11/18: {'changepoint_prior_scale': 0.05, 'seasonality_prior_scale': 10.0, 'seasonality_mode': 'additive'}
[2025-07-31T11:45:55.786+0000] {filesystem.py:118} DEBUG - input tempfile: /tmp/tmpweeul6wm/42hy3sym.json
[2025-07-31T11:45:55.804+0000] {filesystem.py:118} DEBUG - input tempfile: /tmp/tmpweeul6wm/s3q57egm.json
[2025-07-31T11:45:55.809+0000] {model.py:2042} DEBUG - idx 0
[2025-07-31T11:45:55.811+0000] {model.py:2043} DEBUG - running CmdStan, num_threads: None
[2025-07-31T11:45:55.812+0000] {model.py:2055} DEBUG - CmdStan args: ['/home/airflow/.local/lib/python3.11/site-packages/prophet/stan_model/prophet_model.bin', 'random', 'seed=66424', 'data', 'file=/tmp/tmpweeul6wm/42hy3sym.json', 'init=/tmp/tmpweeul6wm/s3q57egm.json', 'output', 'file=/tmp/tmpweeul6wm/prophet_modelkwumbwsu/prophet_model-20250731114555.csv', 'method=optimize', 'algorithm=newton', 'iter=10000']
[2025-07-31T11:45:55.813+0000] {logging_mixin.py:188} WARNING - 11:45:55 - cmdstanpy - INFO - Chain [1] start processing
[2025-07-31T11:45:55.813+0000] {model.py:2058} INFO - Chain [1] start processing
[2025-07-31T11:45:56.136+0000] {logging_mixin.py:188} WARNING - 11:45:56 - cmdstanpy - INFO - Chain [1] done processing
[2025-07-31T11:45:56.135+0000] {model.py:2115} INFO - Chain [1] done processing
[2025-07-31T11:45:56.139+0000] {logging_mixin.py:188} INFO - Erreur pour {'changepoint_prior_scale': 0.05, 'seasonality_prior_scale': 10.0, 'seasonality_mode': 'additive'}: Less data than horizon.
[2025-07-31T11:45:56.140+0000] {logging_mixin.py:188} INFO - Test 12/18: {'changepoint_prior_scale': 0.05, 'seasonality_prior_scale': 10.0, 'seasonality_mode': 'multiplicative'}
[2025-07-31T11:45:56.174+0000] {filesystem.py:118} DEBUG - input tempfile: /tmp/tmpweeul6wm/os56n34y.json
[2025-07-31T11:45:56.194+0000] {filesystem.py:118} DEBUG - input tempfile: /tmp/tmpweeul6wm/gmpok7pc.json
[2025-07-31T11:45:56.197+0000] {model.py:2042} DEBUG - idx 0
[2025-07-31T11:45:56.198+0000] {model.py:2043} DEBUG - running CmdStan, num_threads: None
[2025-07-31T11:45:56.198+0000] {model.py:2055} DEBUG - CmdStan args: ['/home/airflow/.local/lib/python3.11/site-packages/prophet/stan_model/prophet_model.bin', 'random', 'seed=22915', 'data', 'file=/tmp/tmpweeul6wm/os56n34y.json', 'init=/tmp/tmpweeul6wm/gmpok7pc.json', 'output', 'file=/tmp/tmpweeul6wm/prophet_model4s3ew3jc/prophet_model-20250731114556.csv', 'method=optimize', 'algorithm=newton', 'iter=10000']
[2025-07-31T11:45:56.199+0000] {logging_mixin.py:188} WARNING - 11:45:56 - cmdstanpy - INFO - Chain [1] start processing
[2025-07-31T11:45:56.199+0000] {model.py:2058} INFO - Chain [1] start processing
[2025-07-31T11:45:57.922+0000] {logging_mixin.py:188} WARNING - 11:45:57 - cmdstanpy - INFO - Chain [1] done processing
[2025-07-31T11:45:57.922+0000] {model.py:2115} INFO - Chain [1] done processing
[2025-07-31T11:45:57.925+0000] {logging_mixin.py:188} INFO - Erreur pour {'changepoint_prior_scale': 0.05, 'seasonality_prior_scale': 10.0, 'seasonality_mode': 'multiplicative'}: Less data than horizon.
[2025-07-31T11:45:57.926+0000] {logging_mixin.py:188} INFO - Test 13/18: {'changepoint_prior_scale': 0.1, 'seasonality_prior_scale': 1.0, 'seasonality_mode': 'additive'}
[2025-07-31T11:45:57.942+0000] {filesystem.py:118} DEBUG - input tempfile: /tmp/tmpweeul6wm/uq88pbdw.json
[2025-07-31T11:45:57.957+0000] {filesystem.py:118} DEBUG - input tempfile: /tmp/tmpweeul6wm/cipxz9y0.json
[2025-07-31T11:45:57.959+0000] {model.py:2042} DEBUG - idx 0
[2025-07-31T11:45:57.960+0000] {model.py:2043} DEBUG - running CmdStan, num_threads: None
[2025-07-31T11:45:57.961+0000] {model.py:2055} DEBUG - CmdStan args: ['/home/airflow/.local/lib/python3.11/site-packages/prophet/stan_model/prophet_model.bin', 'random', 'seed=2561', 'data', 'file=/tmp/tmpweeul6wm/uq88pbdw.json', 'init=/tmp/tmpweeul6wm/cipxz9y0.json', 'output', 'file=/tmp/tmpweeul6wm/prophet_modelsx1ee72a/prophet_model-20250731114557.csv', 'method=optimize', 'algorithm=newton', 'iter=10000']
[2025-07-31T11:45:57.961+0000] {logging_mixin.py:188} WARNING - 11:45:57 - cmdstanpy - INFO - Chain [1] start processing
[2025-07-31T11:45:57.961+0000] {model.py:2058} INFO - Chain [1] start processing
[2025-07-31T11:45:58.370+0000] {logging_mixin.py:188} WARNING - 11:45:58 - cmdstanpy - INFO - Chain [1] done processing
[2025-07-31T11:45:58.370+0000] {model.py:2115} INFO - Chain [1] done processing
[2025-07-31T11:45:58.373+0000] {logging_mixin.py:188} INFO - Erreur pour {'changepoint_prior_scale': 0.1, 'seasonality_prior_scale': 1.0, 'seasonality_mode': 'additive'}: Less data than horizon.
[2025-07-31T11:45:58.374+0000] {logging_mixin.py:188} INFO - Test 14/18: {'changepoint_prior_scale': 0.1, 'seasonality_prior_scale': 1.0, 'seasonality_mode': 'multiplicative'}
[2025-07-31T11:45:58.401+0000] {filesystem.py:118} DEBUG - input tempfile: /tmp/tmpweeul6wm/fx10expy.json
[2025-07-31T11:45:58.418+0000] {filesystem.py:118} DEBUG - input tempfile: /tmp/tmpweeul6wm/2u40a4cf.json
[2025-07-31T11:45:58.423+0000] {model.py:2042} DEBUG - idx 0
[2025-07-31T11:45:58.424+0000] {model.py:2043} DEBUG - running CmdStan, num_threads: None
[2025-07-31T11:45:58.425+0000] {model.py:2055} DEBUG - CmdStan args: ['/home/airflow/.local/lib/python3.11/site-packages/prophet/stan_model/prophet_model.bin', 'random', 'seed=54949', 'data', 'file=/tmp/tmpweeul6wm/fx10expy.json', 'init=/tmp/tmpweeul6wm/2u40a4cf.json', 'output', 'file=/tmp/tmpweeul6wm/prophet_modelfo7yz8y7/prophet_model-20250731114558.csv', 'method=optimize', 'algorithm=newton', 'iter=10000']
[2025-07-31T11:45:58.426+0000] {logging_mixin.py:188} WARNING - 11:45:58 - cmdstanpy - INFO - Chain [1] start processing
[2025-07-31T11:45:58.425+0000] {model.py:2058} INFO - Chain [1] start processing
[2025-07-31T11:46:00.362+0000] {logging_mixin.py:188} WARNING - 11:46:00 - cmdstanpy - INFO - Chain [1] done processing
[2025-07-31T11:46:00.362+0000] {model.py:2115} INFO - Chain [1] done processing
[2025-07-31T11:46:00.365+0000] {logging_mixin.py:188} INFO - Erreur pour {'changepoint_prior_scale': 0.1, 'seasonality_prior_scale': 1.0, 'seasonality_mode': 'multiplicative'}: Less data than horizon.
[2025-07-31T11:46:00.366+0000] {logging_mixin.py:188} INFO - Test 15/18: {'changepoint_prior_scale': 0.1, 'seasonality_prior_scale': 5.0, 'seasonality_mode': 'additive'}
[2025-07-31T11:46:00.383+0000] {filesystem.py:118} DEBUG - input tempfile: /tmp/tmpweeul6wm/sth9p2r1.json
[2025-07-31T11:46:00.396+0000] {filesystem.py:118} DEBUG - input tempfile: /tmp/tmpweeul6wm/4xgrugjh.json
[2025-07-31T11:46:00.400+0000] {model.py:2042} DEBUG - idx 0
[2025-07-31T11:46:00.400+0000] {model.py:2043} DEBUG - running CmdStan, num_threads: None
[2025-07-31T11:46:00.401+0000] {model.py:2055} DEBUG - CmdStan args: ['/home/airflow/.local/lib/python3.11/site-packages/prophet/stan_model/prophet_model.bin', 'random', 'seed=60500', 'data', 'file=/tmp/tmpweeul6wm/sth9p2r1.json', 'init=/tmp/tmpweeul6wm/4xgrugjh.json', 'output', 'file=/tmp/tmpweeul6wm/prophet_modeltelb39iq/prophet_model-20250731114600.csv', 'method=optimize', 'algorithm=newton', 'iter=10000']
[2025-07-31T11:46:00.401+0000] {logging_mixin.py:188} WARNING - 11:46:00 - cmdstanpy - INFO - Chain [1] start processing
[2025-07-31T11:46:00.401+0000] {model.py:2058} INFO - Chain [1] start processing
[2025-07-31T11:46:00.644+0000] {logging_mixin.py:188} WARNING - 11:46:00 - cmdstanpy - INFO - Chain [1] done processing
[2025-07-31T11:46:00.644+0000] {model.py:2115} INFO - Chain [1] done processing
[2025-07-31T11:46:00.648+0000] {logging_mixin.py:188} INFO - Erreur pour {'changepoint_prior_scale': 0.1, 'seasonality_prior_scale': 5.0, 'seasonality_mode': 'additive'}: Less data than horizon.
[2025-07-31T11:46:00.649+0000] {logging_mixin.py:188} INFO - Test 16/18: {'changepoint_prior_scale': 0.1, 'seasonality_prior_scale': 5.0, 'seasonality_mode': 'multiplicative'}
[2025-07-31T11:46:00.678+0000] {filesystem.py:118} DEBUG - input tempfile: /tmp/tmpweeul6wm/no02pah7.json
[2025-07-31T11:46:00.695+0000] {filesystem.py:118} DEBUG - input tempfile: /tmp/tmpweeul6wm/i98q9juf.json
[2025-07-31T11:46:00.697+0000] {model.py:2042} DEBUG - idx 0
[2025-07-31T11:46:00.698+0000] {model.py:2043} DEBUG - running CmdStan, num_threads: None
[2025-07-31T11:46:00.698+0000] {model.py:2055} DEBUG - CmdStan args: ['/home/airflow/.local/lib/python3.11/site-packages/prophet/stan_model/prophet_model.bin', 'random', 'seed=73629', 'data', 'file=/tmp/tmpweeul6wm/no02pah7.json', 'init=/tmp/tmpweeul6wm/i98q9juf.json', 'output', 'file=/tmp/tmpweeul6wm/prophet_modelrv17swof/prophet_model-20250731114600.csv', 'method=optimize', 'algorithm=newton', 'iter=10000']
[2025-07-31T11:46:00.699+0000] {logging_mixin.py:188} WARNING - 11:46:00 - cmdstanpy - INFO - Chain [1] start processing
[2025-07-31T11:46:00.699+0000] {model.py:2058} INFO - Chain [1] start processing
[2025-07-31T11:46:06.313+0000] {logging_mixin.py:188} WARNING - 11:46:06 - cmdstanpy - INFO - Chain [1] done processing
[2025-07-31T11:46:06.313+0000] {model.py:2115} INFO - Chain [1] done processing
[2025-07-31T11:46:06.316+0000] {logging_mixin.py:188} INFO - Erreur pour {'changepoint_prior_scale': 0.1, 'seasonality_prior_scale': 5.0, 'seasonality_mode': 'multiplicative'}: Less data than horizon.
[2025-07-31T11:46:06.317+0000] {logging_mixin.py:188} INFO - Test 17/18: {'changepoint_prior_scale': 0.1, 'seasonality_prior_scale': 10.0, 'seasonality_mode': 'additive'}
[2025-07-31T11:46:06.340+0000] {filesystem.py:118} DEBUG - input tempfile: /tmp/tmpweeul6wm/z9u1p5em.json
[2025-07-31T11:46:06.358+0000] {filesystem.py:118} DEBUG - input tempfile: /tmp/tmpweeul6wm/zmx9_m6m.json
[2025-07-31T11:46:06.360+0000] {model.py:2042} DEBUG - idx 0
[2025-07-31T11:46:06.361+0000] {model.py:2043} DEBUG - running CmdStan, num_threads: None
[2025-07-31T11:46:06.362+0000] {model.py:2055} DEBUG - CmdStan args: ['/home/airflow/.local/lib/python3.11/site-packages/prophet/stan_model/prophet_model.bin', 'random', 'seed=65652', 'data', 'file=/tmp/tmpweeul6wm/z9u1p5em.json', 'init=/tmp/tmpweeul6wm/zmx9_m6m.json', 'output', 'file=/tmp/tmpweeul6wm/prophet_model5ljip692/prophet_model-20250731114606.csv', 'method=optimize', 'algorithm=newton', 'iter=10000']
[2025-07-31T11:46:06.363+0000] {logging_mixin.py:188} WARNING - 11:46:06 - cmdstanpy - INFO - Chain [1] start processing
[2025-07-31T11:46:06.363+0000] {model.py:2058} INFO - Chain [1] start processing
[2025-07-31T11:46:06.748+0000] {logging_mixin.py:188} WARNING - 11:46:06 - cmdstanpy - INFO - Chain [1] done processing
[2025-07-31T11:46:06.747+0000] {model.py:2115} INFO - Chain [1] done processing
[2025-07-31T11:46:06.751+0000] {logging_mixin.py:188} INFO - Erreur pour {'changepoint_prior_scale': 0.1, 'seasonality_prior_scale': 10.0, 'seasonality_mode': 'additive'}: Less data than horizon.
[2025-07-31T11:46:06.752+0000] {logging_mixin.py:188} INFO - Test 18/18: {'changepoint_prior_scale': 0.1, 'seasonality_prior_scale': 10.0, 'seasonality_mode': 'multiplicative'}
[2025-07-31T11:46:06.775+0000] {filesystem.py:118} DEBUG - input tempfile: /tmp/tmpweeul6wm/eoytmfhw.json
[2025-07-31T11:46:06.803+0000] {filesystem.py:118} DEBUG - input tempfile: /tmp/tmpweeul6wm/_lgankwr.json
[2025-07-31T11:46:06.806+0000] {model.py:2042} DEBUG - idx 0
[2025-07-31T11:46:06.807+0000] {model.py:2043} DEBUG - running CmdStan, num_threads: None
[2025-07-31T11:46:06.808+0000] {model.py:2055} DEBUG - CmdStan args: ['/home/airflow/.local/lib/python3.11/site-packages/prophet/stan_model/prophet_model.bin', 'random', 'seed=64869', 'data', 'file=/tmp/tmpweeul6wm/eoytmfhw.json', 'init=/tmp/tmpweeul6wm/_lgankwr.json', 'output', 'file=/tmp/tmpweeul6wm/prophet_modell4legbog/prophet_model-20250731114606.csv', 'method=optimize', 'algorithm=newton', 'iter=10000']
[2025-07-31T11:46:06.810+0000] {logging_mixin.py:188} WARNING - 11:46:06 - cmdstanpy - INFO - Chain [1] start processing
[2025-07-31T11:46:06.809+0000] {model.py:2058} INFO - Chain [1] start processing
[2025-07-31T11:46:10.186+0000] {logging_mixin.py:188} WARNING - 11:46:10 - cmdstanpy - INFO - Chain [1] done processing
[2025-07-31T11:46:10.185+0000] {model.py:2115} INFO - Chain [1] done processing
[2025-07-31T11:46:10.191+0000] {logging_mixin.py:188} INFO - Erreur pour {'changepoint_prior_scale': 0.1, 'seasonality_prior_scale': 10.0, 'seasonality_mode': 'multiplicative'}: Less data than horizon.
[2025-07-31T11:46:10.192+0000] {taskinstance.py:441} INFO - ::group::Post task execution logs
[2025-07-31T11:46:10.193+0000] {taskinstance.py:2905} ERROR - Task failed with exception
Traceback (most recent call last):
  File "/home/airflow/.local/lib/python3.11/site-packages/airflow/models/taskinstance.py", line 465, in _execute_task
    result = _execute_callable(context=context, **execute_callable_kwargs)
             ^^^^^^^^^^^^^^^^^^^^^^^^^^^^^^^^^^^^^^^^^^^^^^^^^^^^^^^^^^^^^
  File "/home/airflow/.local/lib/python3.11/site-packages/airflow/models/taskinstance.py", line 432, in _execute_callable
    return execute_callable(context=context, **execute_callable_kwargs)
           ^^^^^^^^^^^^^^^^^^^^^^^^^^^^^^^^^^^^^^^^^^^^^^^^^^^^^^^^^^^^
  File "/home/airflow/.local/lib/python3.11/site-packages/airflow/models/baseoperator.py", line 401, in wrapper
    return func(self, *args, **kwargs)
           ^^^^^^^^^^^^^^^^^^^^^^^^^^^
  File "/home/airflow/.local/lib/python3.11/site-packages/airflow/operators/python.py", line 235, in execute
    return_value = self.execute_callable()
                   ^^^^^^^^^^^^^^^^^^^^^^^
  File "/home/airflow/.local/lib/python3.11/site-packages/airflow/operators/python.py", line 252, in execute_callable
    return self.python_callable(*self.op_args, **self.op_kwargs)
           ^^^^^^^^^^^^^^^^^^^^^^^^^^^^^^^^^^^^^^^^^^^^^^^^^^^^^
  File "/opt/airflow/dags/scripts/train_prophet.py", line 92, in train_prophet
    best_model_temp, scores_temp = optimize_prophet_model(temp_df)
                                   ^^^^^^^^^^^^^^^^^^^^^^^^^^^^^^^
  File "/opt/airflow/dags/scripts/train_prophet.py", line 44, in optimize_prophet_model
    best = min(results, key=lambda x: x[1])
           ^^^^^^^^^^^^^^^^^^^^^^^^^^^^^^^^
ValueError: min() arg is an empty sequence
[2025-07-31T11:46:10.239+0000] {taskinstance.py:1206} INFO - Marking task as UP_FOR_RETRY. dag_id=solar_ai_pipeline_2, task_id=train_prophet, run_id=scheduled__2023-07-03T00:00:00+00:00, execution_date=20230703T000000, start_date=20250731T114540, end_date=20250731T114610
[2025-07-31T11:46:10.352+0000] {standard_task_runner.py:110} ERROR - Failed to execute job 2886 for task train_prophet (min() arg is an empty sequence; 3158)
[2025-07-31T11:46:10.430+0000] {local_task_job_runner.py:240} INFO - Task exited with return code 1
[2025-07-31T11:46:10.511+0000] {taskinstance.py:3503} INFO - 0 downstream tasks scheduled from follow-on schedule check
[2025-07-31T11:46:10.516+0000] {local_task_job_runner.py:222} INFO - ::endgroup::
