[2025-07-31T07:58:20.382+0000] {local_task_job_runner.py:120} INFO - ::group::Pre task execution logs
[2025-07-31T07:58:20.535+0000] {taskinstance.py:2076} INFO - Dependencies all met for dep_context=non-requeueable deps ti=<TaskInstance: solar_ai_pipeline_2.train_prophet scheduled__2023-06-01T00:00:00+00:00 [queued]>
[2025-07-31T07:58:20.592+0000] {taskinstance.py:2076} INFO - Dependencies all met for dep_context=requeueable deps ti=<TaskInstance: solar_ai_pipeline_2.train_prophet scheduled__2023-06-01T00:00:00+00:00 [queued]>
[2025-07-31T07:58:20.597+0000] {taskinstance.py:2306} INFO - Starting attempt 2 of 2
[2025-07-31T07:58:20.708+0000] {taskinstance.py:2330} INFO - Executing <Task(PythonOperator): train_prophet> on 2023-06-01 00:00:00+00:00
[2025-07-31T07:58:20.720+0000] {standard_task_runner.py:63} INFO - Started process 2295 to run task
[2025-07-31T07:58:20.730+0000] {standard_task_runner.py:90} INFO - Running: ['airflow', 'tasks', 'run', 'solar_ai_pipeline_2', 'train_prophet', 'scheduled__2023-06-01T00:00:00+00:00', '--job-id', '1993', '--raw', '--subdir', 'DAGS_FOLDER/prophet_pipeline.py', '--cfg-path', '/tmp/tmpzxy6glot']
[2025-07-31T07:58:20.737+0000] {standard_task_runner.py:91} INFO - Job 1993: Subtask train_prophet
[2025-07-31T07:58:20.953+0000] {task_command.py:426} INFO - Running <TaskInstance: solar_ai_pipeline_2.train_prophet scheduled__2023-06-01T00:00:00+00:00 [running]> on host 4c586ddbbbe9
[2025-07-31T07:58:21.518+0000] {taskinstance.py:2648} INFO - Exporting env vars: AIRFLOW_CTX_DAG_OWNER='ensam' AIRFLOW_CTX_DAG_ID='solar_ai_pipeline_2' AIRFLOW_CTX_TASK_ID='train_prophet' AIRFLOW_CTX_EXECUTION_DATE='2023-06-01T00:00:00+00:00' AIRFLOW_CTX_TRY_NUMBER='2' AIRFLOW_CTX_DAG_RUN_ID='scheduled__2023-06-01T00:00:00+00:00'
[2025-07-31T07:58:21.521+0000] {taskinstance.py:430} INFO - ::endgroup::
[2025-07-31T07:58:22.618+0000] {plot.py:39} ERROR - Importing plotly failed. Interactive plots will not work.
[2025-07-31T07:58:22.632+0000] {taskinstance.py:441} INFO - ::group::Post task execution logs
[2025-07-31T07:58:22.634+0000] {taskinstance.py:2905} ERROR - Task failed with exception
Traceback (most recent call last):
  File "/home/airflow/.local/lib/python3.11/site-packages/airflow/models/taskinstance.py", line 465, in _execute_task
    result = _execute_callable(context=context, **execute_callable_kwargs)
             ^^^^^^^^^^^^^^^^^^^^^^^^^^^^^^^^^^^^^^^^^^^^^^^^^^^^^^^^^^^^^
  File "/home/airflow/.local/lib/python3.11/site-packages/airflow/models/taskinstance.py", line 432, in _execute_callable
    return execute_callable(context=context, **execute_callable_kwargs)
           ^^^^^^^^^^^^^^^^^^^^^^^^^^^^^^^^^^^^^^^^^^^^^^^^^^^^^^^^^^^^
  File "/home/airflow/.local/lib/python3.11/site-packages/airflow/models/baseoperator.py", line 401, in wrapper
    return func(self, *args, **kwargs)
           ^^^^^^^^^^^^^^^^^^^^^^^^^^^
  File "/home/airflow/.local/lib/python3.11/site-packages/airflow/operators/python.py", line 235, in execute
    return_value = self.execute_callable()
                   ^^^^^^^^^^^^^^^^^^^^^^^
  File "/home/airflow/.local/lib/python3.11/site-packages/airflow/operators/python.py", line 252, in execute_callable
    return self.python_callable(*self.op_args, **self.op_kwargs)
           ^^^^^^^^^^^^^^^^^^^^^^^^^^^^^^^^^^^^^^^^^^^^^^^^^^^^^
  File "/opt/airflow/dags/scripts/train_prophet.py", line 73, in train_prophet
    raise ValueError(f"Not enough data to train. train_start={train_start}, train_end={train_end}")
ValueError: Not enough data to train. train_start=2023-01-01, train_end=2022-12-03
[2025-07-31T07:58:22.682+0000] {taskinstance.py:1206} INFO - Marking task as FAILED. dag_id=solar_ai_pipeline_2, task_id=train_prophet, run_id=scheduled__2023-06-01T00:00:00+00:00, execution_date=20230601T000000, start_date=20250731T075820, end_date=20250731T075822
[2025-07-31T07:58:22.985+0000] {standard_task_runner.py:110} ERROR - Failed to execute job 1993 for task train_prophet (Not enough data to train. train_start=2023-01-01, train_end=2022-12-03; 2295)
[2025-07-31T07:58:23.038+0000] {local_task_job_runner.py:240} INFO - Task exited with return code 1
[2025-07-31T07:58:23.123+0000] {taskinstance.py:3503} INFO - 0 downstream tasks scheduled from follow-on schedule check
[2025-07-31T07:58:23.199+0000] {local_task_job_runner.py:222} INFO - ::endgroup::
