[2025-07-31T15:54:01.477+0000] {local_task_job_runner.py:120} INFO - ::group::Pre task execution logs
[2025-07-31T15:54:01.611+0000] {taskinstance.py:2076} INFO - Dependencies all met for dep_context=non-requeueable deps ti=<TaskInstance: solar_ai_pipeline_2.train_rl scheduled__2024-01-15T00:00:00+00:00 [queued]>
[2025-07-31T15:54:01.872+0000] {taskinstance.py:2076} INFO - Dependencies all met for dep_context=requeueable deps ti=<TaskInstance: solar_ai_pipeline_2.train_rl scheduled__2024-01-15T00:00:00+00:00 [queued]>
[2025-07-31T15:54:01.873+0000] {taskinstance.py:2306} INFO - Starting attempt 2 of 2
[2025-07-31T15:54:01.942+0000] {taskinstance.py:2330} INFO - Executing <Task(PythonOperator): train_rl> on 2024-01-15 00:00:00+00:00
[2025-07-31T15:54:01.950+0000] {standard_task_runner.py:63} INFO - Started process 88718 to run task
[2025-07-31T15:54:01.956+0000] {standard_task_runner.py:90} INFO - Running: ['airflow', 'tasks', 'run', 'solar_ai_pipeline_2', 'train_rl', 'scheduled__2024-01-15T00:00:00+00:00', '--job-id', '3404', '--raw', '--subdir', 'DAGS_FOLDER/prophet_pipeline.py', '--cfg-path', '/tmp/tmpwqw3ytii']
[2025-07-31T15:54:01.959+0000] {standard_task_runner.py:91} INFO - Job 3404: Subtask train_rl
[2025-07-31T15:54:02.139+0000] {task_command.py:426} INFO - Running <TaskInstance: solar_ai_pipeline_2.train_rl scheduled__2024-01-15T00:00:00+00:00 [running]> on host a2a0dd314bdc
[2025-07-31T15:54:02.496+0000] {taskinstance.py:2648} INFO - Exporting env vars: AIRFLOW_CTX_DAG_OWNER='ensam' AIRFLOW_CTX_DAG_ID='solar_ai_pipeline_2' AIRFLOW_CTX_TASK_ID='train_rl' AIRFLOW_CTX_EXECUTION_DATE='2024-01-15T00:00:00+00:00' AIRFLOW_CTX_TRY_NUMBER='2' AIRFLOW_CTX_DAG_RUN_ID='scheduled__2024-01-15T00:00:00+00:00'
[2025-07-31T15:54:02.497+0000] {taskinstance.py:430} INFO - ::endgroup::
[2025-07-31T15:54:03.445+0000] {logging_mixin.py:188} INFO - [INFO] Starting Q-learning process...
[2025-07-31T15:54:03.608+0000] {logging_mixin.py:188} INFO - [INFO] Loading data files...
[2025-07-31T15:54:05.114+0000] {logging_mixin.py:188} INFO - [INFO] Merged dataset contains 336 rows
[2025-07-31T15:54:05.126+0000] {logging_mixin.py:188} INFO - [INFO] Loaded existing Q-table
[2025-07-31T15:54:05.142+0000] {logging_mixin.py:188} INFO - [INFO] Starting Q-learning training...
[2025-07-31T15:54:05.219+0000] {logging_mixin.py:188} INFO - [DEBUG] Reward counters snapshot: {'low_temp_low_solar': 92, 'high_temp_high_solar': 12, 'high_flow_low_temp': 0, 'other': 42}
[2025-07-31T15:54:05.219+0000] {logging_mixin.py:188} INFO - [DEBUG] Epoch 0: Total reward = -108.40, Epsilon = 0.9950
[2025-07-31T15:54:09.927+0000] {logging_mixin.py:188} INFO - [DEBUG] Epoch 50: Total reward = -20.40, Epsilon = 0.7744
[2025-07-31T15:54:14.437+0000] {logging_mixin.py:188} INFO - [DEBUG] Epoch 100: Total reward = 53.20, Epsilon = 0.6027
[2025-07-31T15:54:19.501+0000] {logging_mixin.py:188} INFO - [DEBUG] Epoch 150: Total reward = 108.10, Epsilon = 0.4691
[2025-07-31T15:54:23.764+0000] {logging_mixin.py:188} INFO - [DEBUG] Reward counters snapshot: {'low_temp_low_solar': 18492, 'high_temp_high_solar': 2412, 'high_flow_low_temp': 0, 'other': 8442}
[2025-07-31T15:54:23.764+0000] {logging_mixin.py:188} INFO - [DEBUG] Epoch 200: Total reward = 117.10, Epsilon = 0.3651
[2025-07-31T15:54:29.099+0000] {logging_mixin.py:188} INFO - [DEBUG] Epoch 250: Total reward = 142.70, Epsilon = 0.2842
[2025-07-31T15:54:34.234+0000] {logging_mixin.py:188} INFO - [DEBUG] Epoch 300: Total reward = 155.60, Epsilon = 0.2212
[2025-07-31T15:54:39.580+0000] {logging_mixin.py:188} INFO - [DEBUG] Epoch 350: Total reward = 187.20, Epsilon = 0.1721
[2025-07-31T15:54:44.318+0000] {logging_mixin.py:188} INFO - [DEBUG] Reward counters snapshot: {'low_temp_low_solar': 36892, 'high_temp_high_solar': 4812, 'high_flow_low_temp': 0, 'other': 16842}
[2025-07-31T15:54:44.319+0000] {logging_mixin.py:188} INFO - [DEBUG] Epoch 400: Total reward = 197.90, Epsilon = 0.1340
[2025-07-31T15:54:49.384+0000] {logging_mixin.py:188} INFO - [DEBUG] Epoch 450: Total reward = 222.40, Epsilon = 0.1043
[2025-07-31T15:54:54.177+0000] {logging_mixin.py:188} INFO - [DEBUG] Epoch 500: Total reward = 213.50, Epsilon = 0.1000
[2025-07-31T15:54:58.792+0000] {logging_mixin.py:188} INFO - [DEBUG] Epoch 550: Total reward = 230.20, Epsilon = 0.1000
[2025-07-31T15:55:03.749+0000] {logging_mixin.py:188} INFO - [DEBUG] Reward counters snapshot: {'low_temp_low_solar': 55292, 'high_temp_high_solar': 7212, 'high_flow_low_temp': 0, 'other': 25242}
[2025-07-31T15:55:03.750+0000] {logging_mixin.py:188} INFO - [DEBUG] Epoch 600: Total reward = 230.40, Epsilon = 0.1000
[2025-07-31T15:55:08.575+0000] {logging_mixin.py:188} INFO - [DEBUG] Epoch 650: Total reward = 214.70, Epsilon = 0.1000
[2025-07-31T15:55:13.025+0000] {logging_mixin.py:188} INFO - [DEBUG] Epoch 700: Total reward = 217.20, Epsilon = 0.1000
[2025-07-31T15:55:17.960+0000] {logging_mixin.py:188} INFO - [DEBUG] Epoch 750: Total reward = 232.50, Epsilon = 0.1000
[2025-07-31T15:55:22.690+0000] {logging_mixin.py:188} INFO - [DEBUG] Reward counters snapshot: {'low_temp_low_solar': 73692, 'high_temp_high_solar': 9612, 'high_flow_low_temp': 0, 'other': 33642}
[2025-07-31T15:55:22.691+0000] {logging_mixin.py:188} INFO - [DEBUG] Epoch 800: Total reward = 216.80, Epsilon = 0.1000
[2025-07-31T15:55:27.317+0000] {logging_mixin.py:188} INFO - [DEBUG] Epoch 850: Total reward = 198.30, Epsilon = 0.1000
[2025-07-31T15:55:31.759+0000] {logging_mixin.py:188} INFO - [DEBUG] Epoch 900: Total reward = 215.40, Epsilon = 0.1000
[2025-07-31T15:55:35.972+0000] {logging_mixin.py:188} INFO - [DEBUG] Epoch 950: Total reward = 215.80, Epsilon = 0.1000
[2025-07-31T15:55:40.355+0000] {logging_mixin.py:188} INFO - 
[DEBUG] Reward rule trigger counts during training:
[2025-07-31T15:55:40.356+0000] {logging_mixin.py:188} INFO -  - low_temp_low_solar: 92000 times
[2025-07-31T15:55:40.356+0000] {logging_mixin.py:188} INFO -  - high_temp_high_solar: 12000 times
[2025-07-31T15:55:40.357+0000] {logging_mixin.py:188} INFO -  - high_flow_low_temp: 0 times
[2025-07-31T15:55:40.358+0000] {logging_mixin.py:188} INFO -  - other: 42000 times
[2025-07-31T15:55:40.366+0000] {logging_mixin.py:188} INFO - [INFO] Global Q-table saved (continuous learning)
[2025-07-31T15:55:40.370+0000] {logging_mixin.py:188} INFO - [INFO] Starting policy evaluation on last available day...
[2025-07-31T15:55:40.379+0000] {logging_mixin.py:188} INFO - 
[RESULT] Policy Evaluation on Last Day
[2025-07-31T15:55:40.385+0000] {logging_mixin.py:188} INFO -            datetime  yhat_temp  solar_irradiance  yhat_flow  action  reward
2024-01-13 23:00:00   0.085465          0.000000   0.430356       0     1.0
2024-01-14 00:00:00   0.084883          0.000000   0.337456       0     1.0
2024-01-14 01:00:00   0.107879          0.000000   0.213188       0     1.0
2024-01-14 02:00:00   0.142912          0.000000   0.078684       0     1.0
2024-01-14 03:00:00   0.161104          0.000000  -0.014346       0     1.0
2024-01-14 04:00:00   0.149568          0.000000  -0.023411       0     1.0
2024-01-14 05:00:00   0.134638          0.000000   0.044507       0     1.0
2024-01-14 06:00:00   0.170858          0.003297   0.132053       0     1.0
2024-01-14 07:00:00   0.302494          0.113099   0.175290       0     1.0
2024-01-14 08:00:00   0.528941          0.363324   0.155517       0     1.0
2024-01-14 09:00:00   0.801314          0.636011   0.113303       0     1.0
2024-01-14 10:00:00   1.049932          0.811056   0.112460       0     1.0
2024-01-14 11:00:00   1.218005          0.943826   0.186581       0     1.0
2024-01-14 12:00:00   1.277246          1.000000   0.314988       0     1.0
2024-01-14 13:00:00   1.222739          0.821084   0.445989       0     1.0
2024-01-14 14:00:00   1.063557          0.515635   0.541715       0     0.1
2024-01-14 15:00:00   0.823508          0.198534   0.602131       0     0.1
2024-01-14 16:00:00   0.547818          0.014943   0.649911       0     0.1
2024-01-14 17:00:00   0.298712          0.000000   0.697041       1     0.5
2024-01-14 18:00:00   0.131509          0.000000   0.729271       1     0.5
2024-01-14 19:00:00   0.065005          0.000000   0.722572       1     0.5
2024-01-14 20:00:00   0.071678          0.000000   0.671089       1     0.5
2024-01-14 21:00:00   0.099811          0.000000   0.594795       1     0.5
2024-01-14 22:00:00   0.111625          0.000000   0.518216       1     0.5
[2025-07-31T15:55:40.389+0000] {logging_mixin.py:188} INFO - 
[RESULT] Q-learning Q-table (Top non-zero rows):
[2025-07-31T15:55:40.393+0000] {logging_mixin.py:188} INFO -  state  Q_action_0  Q_action_1 best_action
     0    8.911991    6.011857  Q_action_0
     1    0.007320    0.005987  Q_action_0
     2    0.001560    0.001560  Q_action_0
     3    0.000581    0.008662  Q_action_1
     4    0.006011    0.007081  Q_action_1
     5    8.523960    5.519676  Q_action_0
     6    0.008324    0.002123  Q_action_0
     7    0.001818    0.001834  Q_action_1
     8    0.003042    0.005248  Q_action_1
     9    0.004319    0.002912  Q_action_0
    10    8.720792    5.675521  Q_action_0
    11    0.002921    0.003664  Q_action_1
    12    0.004561    0.007852  Q_action_1
    13    0.001997    0.005142  Q_action_1
    14    0.005924    0.000465  Q_action_0
    15    7.589366    8.046788  Q_action_1
    16    0.000651    0.009489  Q_action_1
    17    0.009656    0.008084  Q_action_0
    18    0.003046    0.000977  Q_action_0
    19    0.006842    0.004402  Q_action_0
[2025-07-31T15:55:40.394+0000] {logging_mixin.py:188} INFO - 
[DEBUG] Total states explored: 125 / 125
[2025-07-31T15:55:40.395+0000] {logging_mixin.py:188} INFO - [DEBUG] Best action counts:
[2025-07-31T15:55:40.397+0000] {logging_mixin.py:188} INFO - best_action
Q_action_0    81
Q_action_1    44
Name: count, dtype: int64
[2025-07-31T15:55:40.408+0000] {logging_mixin.py:188} INFO - [INFO] Q-table exported to /opt/airflow/dags/models/q_table_readable_2024-01-15.csv
[2025-07-31T15:55:40.409+0000] {logging_mixin.py:188} INFO - [DEBUG] Q-table stats:
[2025-07-31T15:55:40.410+0000] {logging_mixin.py:188} INFO - Mean Q-value for action 0: 1.9062
[2025-07-31T15:55:40.410+0000] {logging_mixin.py:188} INFO - Mean Q-value for action 1: 1.3448
[2025-07-31T15:55:40.484+0000] {logging_mixin.py:188} INFO - [DEBUG] Unique states in data: 35 / 125
[2025-07-31T15:55:40.519+0000] {logging_mixin.py:188} INFO - [DEBUG] Top 5 most frequent states: [(0, 56), (20, 53), (15, 29), (5, 29), (45, 20)]
[2025-07-31T15:55:40.528+0000] {logging_mixin.py:188} INFO -         yhat_temp  solar_irradiance   yhat_flow
count  336.000000        336.000000  336.000000
mean     0.435509          0.222777    0.355584
std      0.426044          0.340168    0.248305
min      0.025523          0.000000   -0.043182
25%      0.101411          0.000000    0.133092
50%      0.170052          0.000000    0.332060
75%      0.802039          0.430493    0.597925
max      1.299790          1.000000    0.749379
[2025-07-31T15:55:40.991+0000] {python.py:237} INFO - Done. Returned value was: None
[2025-07-31T15:55:40.992+0000] {taskinstance.py:441} INFO - ::group::Post task execution logs
[2025-07-31T15:55:41.014+0000] {taskinstance.py:1206} INFO - Marking task as SUCCESS. dag_id=solar_ai_pipeline_2, task_id=train_rl, run_id=scheduled__2024-01-15T00:00:00+00:00, execution_date=20240115T000000, start_date=20250731T155401, end_date=20250731T155541
[2025-07-31T15:55:41.217+0000] {local_task_job_runner.py:240} INFO - Task exited with return code 0
[2025-07-31T15:55:41.296+0000] {taskinstance.py:3503} INFO - 1 downstream tasks scheduled from follow-on schedule check
[2025-07-31T15:55:41.321+0000] {local_task_job_runner.py:222} INFO - ::endgroup::
