[2025-07-29T15:31:36.640+0000] {local_task_job_runner.py:120} INFO - ::group::Pre task execution logs
[2025-07-29T15:31:36.724+0000] {taskinstance.py:2076} INFO - Dependencies all met for dep_context=non-requeueable deps ti=<TaskInstance: solar_ai_pipeline_2.fetch_data scheduled__2023-01-02T00:00:00+00:00 [queued]>
[2025-07-29T15:31:36.766+0000] {taskinstance.py:2076} INFO - Dependencies all met for dep_context=requeueable deps ti=<TaskInstance: solar_ai_pipeline_2.fetch_data scheduled__2023-01-02T00:00:00+00:00 [queued]>
[2025-07-29T15:31:36.768+0000] {taskinstance.py:2306} INFO - Starting attempt 3 of 4
[2025-07-29T15:31:36.852+0000] {taskinstance.py:2330} INFO - Executing <Task(PythonOperator): fetch_data> on 2023-01-02 00:00:00+00:00
[2025-07-29T15:31:36.858+0000] {standard_task_runner.py:63} INFO - Started process 1928 to run task
[2025-07-29T15:31:36.864+0000] {standard_task_runner.py:90} INFO - Running: ['airflow', 'tasks', 'run', 'solar_ai_pipeline_2', 'fetch_data', 'scheduled__2023-01-02T00:00:00+00:00', '--job-id', '1380', '--raw', '--subdir', 'DAGS_FOLDER/prophet_pipeline.py', '--cfg-path', '/tmp/tmp3w2t7osw']
[2025-07-29T15:31:36.868+0000] {standard_task_runner.py:91} INFO - Job 1380: Subtask fetch_data
[2025-07-29T15:31:37.150+0000] {task_command.py:426} INFO - Running <TaskInstance: solar_ai_pipeline_2.fetch_data scheduled__2023-01-02T00:00:00+00:00 [running]> on host 4c586ddbbbe9
[2025-07-29T15:31:37.604+0000] {taskinstance.py:2648} INFO - Exporting env vars: AIRFLOW_CTX_DAG_OWNER='ensam' AIRFLOW_CTX_DAG_ID='solar_ai_pipeline_2' AIRFLOW_CTX_TASK_ID='fetch_data' AIRFLOW_CTX_EXECUTION_DATE='2023-01-02T00:00:00+00:00' AIRFLOW_CTX_TRY_NUMBER='3' AIRFLOW_CTX_DAG_RUN_ID='scheduled__2023-01-02T00:00:00+00:00'
[2025-07-29T15:31:37.606+0000] {taskinstance.py:430} INFO - ::endgroup::
[2025-07-29T15:31:47.884+0000] {logging_mixin.py:188} INFO - Données simulées pour 2023-01-02 sauvegardées dans dags/data/processed/simulated_solar_heating_2023-01-02.csv
[2025-07-29T15:31:47.890+0000] {logging_mixin.py:188} INFO - count     24.000000
mean      89.309417
std      141.327521
min        0.000000
25%        0.000000
50%        0.000000
75%      167.871150
max      411.413400
Name: solar_irradiance, dtype: float64
[2025-07-29T15:31:47.891+0000] {logging_mixin.py:188} INFO - 2023-01-02 00:00:00+01:00 → Altitude: -66.81
[2025-07-29T15:31:47.892+0000] {logging_mixin.py:188} INFO - NASA GHI response keys: ['2023010200', '2023010201', '2023010202', '2023010203', '2023010204', '2023010205', '2023010206', '2023010207', '2023010208', '2023010209', '2023010210', '2023010211', '2023010212', '2023010213', '2023010214', '2023010215', '2023010216', '2023010217', '2023010218', '2023010219', '2023010220', '2023010221', '2023010222', '2023010223']
[2025-07-29T15:31:47.893+0000] {logging_mixin.py:188} INFO - 2023-01-02 01:00:00+01:00 → Altitude: -77.02
[2025-07-29T15:31:47.894+0000] {logging_mixin.py:188} INFO - NASA GHI response keys: ['2023010200', '2023010201', '2023010202', '2023010203', '2023010204', '2023010205', '2023010206', '2023010207', '2023010208', '2023010209', '2023010210', '2023010211', '2023010212', '2023010213', '2023010214', '2023010215', '2023010216', '2023010217', '2023010218', '2023010219', '2023010220', '2023010221', '2023010222', '2023010223']
[2025-07-29T15:31:47.894+0000] {logging_mixin.py:188} INFO - 2023-01-02 02:00:00+01:00 → Altitude: -77.95
[2025-07-29T15:31:47.895+0000] {logging_mixin.py:188} INFO - NASA GHI response keys: ['2023010200', '2023010201', '2023010202', '2023010203', '2023010204', '2023010205', '2023010206', '2023010207', '2023010208', '2023010209', '2023010210', '2023010211', '2023010212', '2023010213', '2023010214', '2023010215', '2023010216', '2023010217', '2023010218', '2023010219', '2023010220', '2023010221', '2023010222', '2023010223']
[2025-07-29T15:31:47.896+0000] {logging_mixin.py:188} INFO - 2023-01-02 03:00:00+01:00 → Altitude: -68.37
[2025-07-29T15:31:47.897+0000] {logging_mixin.py:188} INFO - NASA GHI response keys: ['2023010200', '2023010201', '2023010202', '2023010203', '2023010204', '2023010205', '2023010206', '2023010207', '2023010208', '2023010209', '2023010210', '2023010211', '2023010212', '2023010213', '2023010214', '2023010215', '2023010216', '2023010217', '2023010218', '2023010219', '2023010220', '2023010221', '2023010222', '2023010223']
[2025-07-29T15:31:47.898+0000] {logging_mixin.py:188} INFO - 2023-01-02 04:00:00+01:00 → Altitude: -56.36
[2025-07-29T15:31:47.899+0000] {logging_mixin.py:188} INFO - NASA GHI response keys: ['2023010200', '2023010201', '2023010202', '2023010203', '2023010204', '2023010205', '2023010206', '2023010207', '2023010208', '2023010209', '2023010210', '2023010211', '2023010212', '2023010213', '2023010214', '2023010215', '2023010216', '2023010217', '2023010218', '2023010219', '2023010220', '2023010221', '2023010222', '2023010223']
[2025-07-29T15:31:47.900+0000] {logging_mixin.py:188} INFO - 2023-01-02 05:00:00+01:00 → Altitude: -43.90
[2025-07-29T15:31:47.900+0000] {logging_mixin.py:188} INFO - NASA GHI response keys: ['2023010200', '2023010201', '2023010202', '2023010203', '2023010204', '2023010205', '2023010206', '2023010207', '2023010208', '2023010209', '2023010210', '2023010211', '2023010212', '2023010213', '2023010214', '2023010215', '2023010216', '2023010217', '2023010218', '2023010219', '2023010220', '2023010221', '2023010222', '2023010223']
[2025-07-29T15:31:47.901+0000] {logging_mixin.py:188} INFO - 2023-01-02 06:00:00+01:00 → Altitude: -31.45
[2025-07-29T15:31:47.902+0000] {logging_mixin.py:188} INFO - NASA GHI response keys: ['2023010200', '2023010201', '2023010202', '2023010203', '2023010204', '2023010205', '2023010206', '2023010207', '2023010208', '2023010209', '2023010210', '2023010211', '2023010212', '2023010213', '2023010214', '2023010215', '2023010216', '2023010217', '2023010218', '2023010219', '2023010220', '2023010221', '2023010222', '2023010223']
[2025-07-29T15:31:47.903+0000] {logging_mixin.py:188} INFO - 2023-01-02 07:00:00+01:00 → Altitude: -19.22
[2025-07-29T15:31:47.904+0000] {logging_mixin.py:188} INFO - NASA GHI response keys: ['2023010200', '2023010201', '2023010202', '2023010203', '2023010204', '2023010205', '2023010206', '2023010207', '2023010208', '2023010209', '2023010210', '2023010211', '2023010212', '2023010213', '2023010214', '2023010215', '2023010216', '2023010217', '2023010218', '2023010219', '2023010220', '2023010221', '2023010222', '2023010223']
[2025-07-29T15:31:47.904+0000] {logging_mixin.py:188} INFO - 2023-01-02 08:00:00+01:00 → Altitude: -7.38
[2025-07-29T15:31:47.905+0000] {logging_mixin.py:188} INFO - NASA GHI response keys: ['2023010200', '2023010201', '2023010202', '2023010203', '2023010204', '2023010205', '2023010206', '2023010207', '2023010208', '2023010209', '2023010210', '2023010211', '2023010212', '2023010213', '2023010214', '2023010215', '2023010216', '2023010217', '2023010218', '2023010219', '2023010220', '2023010221', '2023010222', '2023010223']
[2025-07-29T15:31:47.907+0000] {logging_mixin.py:188} INFO - 2023-01-02 09:00:00+01:00 → Altitude: 3.94
[2025-07-29T15:31:47.907+0000] {logging_mixin.py:188} INFO - NASA GHI response keys: ['2023010200', '2023010201', '2023010202', '2023010203', '2023010204', '2023010205', '2023010206', '2023010207', '2023010208', '2023010209', '2023010210', '2023010211', '2023010212', '2023010213', '2023010214', '2023010215', '2023010216', '2023010217', '2023010218', '2023010219', '2023010220', '2023010221', '2023010222', '2023010223']
[2025-07-29T15:31:47.908+0000] {logging_mixin.py:188} INFO - 2023-01-02 10:00:00+01:00 → Altitude: 13.98
[2025-07-29T15:31:47.909+0000] {logging_mixin.py:188} INFO - NASA GHI response keys: ['2023010200', '2023010201', '2023010202', '2023010203', '2023010204', '2023010205', '2023010206', '2023010207', '2023010208', '2023010209', '2023010210', '2023010211', '2023010212', '2023010213', '2023010214', '2023010215', '2023010216', '2023010217', '2023010218', '2023010219', '2023010220', '2023010221', '2023010222', '2023010223']
[2025-07-29T15:31:47.910+0000] {logging_mixin.py:188} INFO - 2023-01-02 11:00:00+01:00 → Altitude: 22.67
[2025-07-29T15:31:47.911+0000] {logging_mixin.py:188} INFO - NASA GHI response keys: ['2023010200', '2023010201', '2023010202', '2023010203', '2023010204', '2023010205', '2023010206', '2023010207', '2023010208', '2023010209', '2023010210', '2023010211', '2023010212', '2023010213', '2023010214', '2023010215', '2023010216', '2023010217', '2023010218', '2023010219', '2023010220', '2023010221', '2023010222', '2023010223']
[2025-07-29T15:31:47.912+0000] {logging_mixin.py:188} INFO - 2023-01-02 12:00:00+01:00 → Altitude: 29.25
[2025-07-29T15:31:47.912+0000] {logging_mixin.py:188} INFO - NASA GHI response keys: ['2023010200', '2023010201', '2023010202', '2023010203', '2023010204', '2023010205', '2023010206', '2023010207', '2023010208', '2023010209', '2023010210', '2023010211', '2023010212', '2023010213', '2023010214', '2023010215', '2023010216', '2023010217', '2023010218', '2023010219', '2023010220', '2023010221', '2023010222', '2023010223']
[2025-07-29T15:31:47.913+0000] {logging_mixin.py:188} INFO - 2023-01-02 13:00:00+01:00 → Altitude: 32.96
[2025-07-29T15:31:47.914+0000] {logging_mixin.py:188} INFO - NASA GHI response keys: ['2023010200', '2023010201', '2023010202', '2023010203', '2023010204', '2023010205', '2023010206', '2023010207', '2023010208', '2023010209', '2023010210', '2023010211', '2023010212', '2023010213', '2023010214', '2023010215', '2023010216', '2023010217', '2023010218', '2023010219', '2023010220', '2023010221', '2023010222', '2023010223']
[2025-07-29T15:31:47.915+0000] {logging_mixin.py:188} INFO - 2023-01-02 14:00:00+01:00 → Altitude: 33.21
[2025-07-29T15:31:47.916+0000] {logging_mixin.py:188} INFO - NASA GHI response keys: ['2023010200', '2023010201', '2023010202', '2023010203', '2023010204', '2023010205', '2023010206', '2023010207', '2023010208', '2023010209', '2023010210', '2023010211', '2023010212', '2023010213', '2023010214', '2023010215', '2023010216', '2023010217', '2023010218', '2023010219', '2023010220', '2023010221', '2023010222', '2023010223']
[2025-07-29T15:31:47.917+0000] {logging_mixin.py:188} INFO - 2023-01-02 15:00:00+01:00 → Altitude: 29.98
[2025-07-29T15:31:47.918+0000] {logging_mixin.py:188} INFO - NASA GHI response keys: ['2023010200', '2023010201', '2023010202', '2023010203', '2023010204', '2023010205', '2023010206', '2023010207', '2023010208', '2023010209', '2023010210', '2023010211', '2023010212', '2023010213', '2023010214', '2023010215', '2023010216', '2023010217', '2023010218', '2023010219', '2023010220', '2023010221', '2023010222', '2023010223']
[2025-07-29T15:31:47.919+0000] {logging_mixin.py:188} INFO - 2023-01-02 16:00:00+01:00 → Altitude: 23.77
[2025-07-29T15:31:47.919+0000] {logging_mixin.py:188} INFO - NASA GHI response keys: ['2023010200', '2023010201', '2023010202', '2023010203', '2023010204', '2023010205', '2023010206', '2023010207', '2023010208', '2023010209', '2023010210', '2023010211', '2023010212', '2023010213', '2023010214', '2023010215', '2023010216', '2023010217', '2023010218', '2023010219', '2023010220', '2023010221', '2023010222', '2023010223']
[2025-07-29T15:31:47.920+0000] {logging_mixin.py:188} INFO - 2023-01-02 17:00:00+01:00 → Altitude: 15.34
[2025-07-29T15:31:47.921+0000] {logging_mixin.py:188} INFO - NASA GHI response keys: ['2023010200', '2023010201', '2023010202', '2023010203', '2023010204', '2023010205', '2023010206', '2023010207', '2023010208', '2023010209', '2023010210', '2023010211', '2023010212', '2023010213', '2023010214', '2023010215', '2023010216', '2023010217', '2023010218', '2023010219', '2023010220', '2023010221', '2023010222', '2023010223']
[2025-07-29T15:31:47.922+0000] {logging_mixin.py:188} INFO - 2023-01-02 18:00:00+01:00 → Altitude: 5.44
[2025-07-29T15:31:47.923+0000] {logging_mixin.py:188} INFO - NASA GHI response keys: ['2023010200', '2023010201', '2023010202', '2023010203', '2023010204', '2023010205', '2023010206', '2023010207', '2023010208', '2023010209', '2023010210', '2023010211', '2023010212', '2023010213', '2023010214', '2023010215', '2023010216', '2023010217', '2023010218', '2023010219', '2023010220', '2023010221', '2023010222', '2023010223']
[2025-07-29T15:31:47.924+0000] {logging_mixin.py:188} INFO - 2023-01-02 19:00:00+01:00 → Altitude: -5.70
[2025-07-29T15:31:47.925+0000] {logging_mixin.py:188} INFO - NASA GHI response keys: ['2023010200', '2023010201', '2023010202', '2023010203', '2023010204', '2023010205', '2023010206', '2023010207', '2023010208', '2023010209', '2023010210', '2023010211', '2023010212', '2023010213', '2023010214', '2023010215', '2023010216', '2023010217', '2023010218', '2023010219', '2023010220', '2023010221', '2023010222', '2023010223']
[2025-07-29T15:31:47.926+0000] {logging_mixin.py:188} INFO - 2023-01-02 20:00:00+01:00 → Altitude: -17.47
[2025-07-29T15:31:47.927+0000] {logging_mixin.py:188} INFO - NASA GHI response keys: ['2023010200', '2023010201', '2023010202', '2023010203', '2023010204', '2023010205', '2023010206', '2023010207', '2023010208', '2023010209', '2023010210', '2023010211', '2023010212', '2023010213', '2023010214', '2023010215', '2023010216', '2023010217', '2023010218', '2023010219', '2023010220', '2023010221', '2023010222', '2023010223']
[2025-07-29T15:31:47.928+0000] {logging_mixin.py:188} INFO - 2023-01-02 21:00:00+01:00 → Altitude: -29.66
[2025-07-29T15:31:47.929+0000] {logging_mixin.py:188} INFO - NASA GHI response keys: ['2023010200', '2023010201', '2023010202', '2023010203', '2023010204', '2023010205', '2023010206', '2023010207', '2023010208', '2023010209', '2023010210', '2023010211', '2023010212', '2023010213', '2023010214', '2023010215', '2023010216', '2023010217', '2023010218', '2023010219', '2023010220', '2023010221', '2023010222', '2023010223']
[2025-07-29T15:31:47.930+0000] {logging_mixin.py:188} INFO - 2023-01-02 22:00:00+01:00 → Altitude: -42.09
[2025-07-29T15:31:47.930+0000] {logging_mixin.py:188} INFO - NASA GHI response keys: ['2023010200', '2023010201', '2023010202', '2023010203', '2023010204', '2023010205', '2023010206', '2023010207', '2023010208', '2023010209', '2023010210', '2023010211', '2023010212', '2023010213', '2023010214', '2023010215', '2023010216', '2023010217', '2023010218', '2023010219', '2023010220', '2023010221', '2023010222', '2023010223']
[2025-07-29T15:31:47.931+0000] {logging_mixin.py:188} INFO - 2023-01-02 23:00:00+01:00 → Altitude: -54.56
[2025-07-29T15:31:47.932+0000] {logging_mixin.py:188} INFO - NASA GHI response keys: ['2023010200', '2023010201', '2023010202', '2023010203', '2023010204', '2023010205', '2023010206', '2023010207', '2023010208', '2023010209', '2023010210', '2023010211', '2023010212', '2023010213', '2023010214', '2023010215', '2023010216', '2023010217', '2023010218', '2023010219', '2023010220', '2023010221', '2023010222', '2023010223']
[2025-07-29T15:31:47.934+0000] {python.py:237} INFO - Done. Returned value was: None
[2025-07-29T15:31:47.936+0000] {taskinstance.py:441} INFO - ::group::Post task execution logs
[2025-07-29T15:31:47.962+0000] {taskinstance.py:1206} INFO - Marking task as SUCCESS. dag_id=solar_ai_pipeline_2, task_id=fetch_data, run_id=scheduled__2023-01-02T00:00:00+00:00, execution_date=20230102T000000, start_date=20250729T153136, end_date=20250729T153147
[2025-07-29T15:31:48.127+0000] {local_task_job_runner.py:240} INFO - Task exited with return code 0
[2025-07-29T15:31:48.243+0000] {taskinstance.py:3503} INFO - 1 downstream tasks scheduled from follow-on schedule check
[2025-07-29T15:31:48.292+0000] {local_task_job_runner.py:222} INFO - ::endgroup::
