[2025-07-29T15:30:31.697+0000] {local_task_job_runner.py:120} INFO - ::group::Pre task execution logs
[2025-07-29T15:30:31.758+0000] {taskinstance.py:2076} INFO - Dependencies all met for dep_context=non-requeueable deps ti=<TaskInstance: solar_ai_pipeline_2.fetch_data scheduled__2023-01-27T00:00:00+00:00 [queued]>
[2025-07-29T15:30:31.798+0000] {taskinstance.py:2076} INFO - Dependencies all met for dep_context=requeueable deps ti=<TaskInstance: solar_ai_pipeline_2.fetch_data scheduled__2023-01-27T00:00:00+00:00 [queued]>
[2025-07-29T15:30:31.801+0000] {taskinstance.py:2306} INFO - Starting attempt 1 of 2
[2025-07-29T15:30:31.911+0000] {taskinstance.py:2330} INFO - Executing <Task(PythonOperator): fetch_data> on 2023-01-27 00:00:00+00:00
[2025-07-29T15:30:31.923+0000] {standard_task_runner.py:63} INFO - Started process 1818 to run task
[2025-07-29T15:30:31.932+0000] {standard_task_runner.py:90} INFO - Running: ['airflow', 'tasks', 'run', 'solar_ai_pipeline_2', 'fetch_data', 'scheduled__2023-01-27T00:00:00+00:00', '--job-id', '1374', '--raw', '--subdir', 'DAGS_FOLDER/prophet_pipeline.py', '--cfg-path', '/tmp/tmp7waplmwq']
[2025-07-29T15:30:31.938+0000] {standard_task_runner.py:91} INFO - Job 1374: Subtask fetch_data
[2025-07-29T15:30:32.194+0000] {task_command.py:426} INFO - Running <TaskInstance: solar_ai_pipeline_2.fetch_data scheduled__2023-01-27T00:00:00+00:00 [running]> on host 4c586ddbbbe9
[2025-07-29T15:30:32.648+0000] {taskinstance.py:2648} INFO - Exporting env vars: AIRFLOW_CTX_DAG_OWNER='ensam' AIRFLOW_CTX_DAG_ID='solar_ai_pipeline_2' AIRFLOW_CTX_TASK_ID='fetch_data' AIRFLOW_CTX_EXECUTION_DATE='2023-01-27T00:00:00+00:00' AIRFLOW_CTX_TRY_NUMBER='1' AIRFLOW_CTX_DAG_RUN_ID='scheduled__2023-01-27T00:00:00+00:00'
[2025-07-29T15:30:32.650+0000] {taskinstance.py:430} INFO - ::endgroup::
[2025-07-29T15:30:43.457+0000] {logging_mixin.py:188} INFO - Données simulées pour 2023-01-27 sauvegardées dans dags/data/processed/simulated_solar_heating_2023-01-27.csv
[2025-07-29T15:30:43.462+0000] {logging_mixin.py:188} INFO - count     24.000000
mean      80.676829
std      121.250583
min        0.000000
25%        0.000000
50%        0.000000
75%      148.492350
max      317.932000
Name: solar_irradiance, dtype: float64
[2025-07-29T15:30:43.463+0000] {logging_mixin.py:188} INFO - 2023-01-27 00:00:00+01:00 → Altitude: -62.58
[2025-07-29T15:30:43.464+0000] {logging_mixin.py:188} INFO - NASA GHI response keys: ['2023012700', '2023012701', '2023012702', '2023012703', '2023012704', '2023012705', '2023012706', '2023012707', '2023012708', '2023012709', '2023012710', '2023012711', '2023012712', '2023012713', '2023012714', '2023012715', '2023012716', '2023012717', '2023012718', '2023012719', '2023012720', '2023012721', '2023012722', '2023012723']
[2025-07-29T15:30:43.465+0000] {logging_mixin.py:188} INFO - 2023-01-27 01:00:00+01:00 → Altitude: -72.20
[2025-07-29T15:30:43.466+0000] {logging_mixin.py:188} INFO - NASA GHI response keys: ['2023012700', '2023012701', '2023012702', '2023012703', '2023012704', '2023012705', '2023012706', '2023012707', '2023012708', '2023012709', '2023012710', '2023012711', '2023012712', '2023012713', '2023012714', '2023012715', '2023012716', '2023012717', '2023012718', '2023012719', '2023012720', '2023012721', '2023012722', '2023012723']
[2025-07-29T15:30:43.467+0000] {logging_mixin.py:188} INFO - 2023-01-27 02:00:00+01:00 → Altitude: -74.52
[2025-07-29T15:30:43.468+0000] {logging_mixin.py:188} INFO - NASA GHI response keys: ['2023012700', '2023012701', '2023012702', '2023012703', '2023012704', '2023012705', '2023012706', '2023012707', '2023012708', '2023012709', '2023012710', '2023012711', '2023012712', '2023012713', '2023012714', '2023012715', '2023012716', '2023012717', '2023012718', '2023012719', '2023012720', '2023012721', '2023012722', '2023012723']
[2025-07-29T15:30:43.469+0000] {logging_mixin.py:188} INFO - 2023-01-27 03:00:00+01:00 → Altitude: -67.17
[2025-07-29T15:30:43.470+0000] {logging_mixin.py:188} INFO - NASA GHI response keys: ['2023012700', '2023012701', '2023012702', '2023012703', '2023012704', '2023012705', '2023012706', '2023012707', '2023012708', '2023012709', '2023012710', '2023012711', '2023012712', '2023012713', '2023012714', '2023012715', '2023012716', '2023012717', '2023012718', '2023012719', '2023012720', '2023012721', '2023012722', '2023012723']
[2025-07-29T15:30:43.471+0000] {logging_mixin.py:188} INFO - 2023-01-27 04:00:00+01:00 → Altitude: -55.97
[2025-07-29T15:30:43.472+0000] {logging_mixin.py:188} INFO - NASA GHI response keys: ['2023012700', '2023012701', '2023012702', '2023012703', '2023012704', '2023012705', '2023012706', '2023012707', '2023012708', '2023012709', '2023012710', '2023012711', '2023012712', '2023012713', '2023012714', '2023012715', '2023012716', '2023012717', '2023012718', '2023012719', '2023012720', '2023012721', '2023012722', '2023012723']
[2025-07-29T15:30:43.473+0000] {logging_mixin.py:188} INFO - 2023-01-27 05:00:00+01:00 → Altitude: -43.74
[2025-07-29T15:30:43.474+0000] {logging_mixin.py:188} INFO - NASA GHI response keys: ['2023012700', '2023012701', '2023012702', '2023012703', '2023012704', '2023012705', '2023012706', '2023012707', '2023012708', '2023012709', '2023012710', '2023012711', '2023012712', '2023012713', '2023012714', '2023012715', '2023012716', '2023012717', '2023012718', '2023012719', '2023012720', '2023012721', '2023012722', '2023012723']
[2025-07-29T15:30:43.475+0000] {logging_mixin.py:188} INFO - 2023-01-27 06:00:00+01:00 → Altitude: -31.25
[2025-07-29T15:30:43.476+0000] {logging_mixin.py:188} INFO - NASA GHI response keys: ['2023012700', '2023012701', '2023012702', '2023012703', '2023012704', '2023012705', '2023012706', '2023012707', '2023012708', '2023012709', '2023012710', '2023012711', '2023012712', '2023012713', '2023012714', '2023012715', '2023012716', '2023012717', '2023012718', '2023012719', '2023012720', '2023012721', '2023012722', '2023012723']
[2025-07-29T15:30:43.477+0000] {logging_mixin.py:188} INFO - 2023-01-27 07:00:00+01:00 → Altitude: -18.83
[2025-07-29T15:30:43.477+0000] {logging_mixin.py:188} INFO - NASA GHI response keys: ['2023012700', '2023012701', '2023012702', '2023012703', '2023012704', '2023012705', '2023012706', '2023012707', '2023012708', '2023012709', '2023012710', '2023012711', '2023012712', '2023012713', '2023012714', '2023012715', '2023012716', '2023012717', '2023012718', '2023012719', '2023012720', '2023012721', '2023012722', '2023012723']
[2025-07-29T15:30:43.478+0000] {logging_mixin.py:188} INFO - 2023-01-27 08:00:00+01:00 → Altitude: -6.67
[2025-07-29T15:30:43.479+0000] {logging_mixin.py:188} INFO - NASA GHI response keys: ['2023012700', '2023012701', '2023012702', '2023012703', '2023012704', '2023012705', '2023012706', '2023012707', '2023012708', '2023012709', '2023012710', '2023012711', '2023012712', '2023012713', '2023012714', '2023012715', '2023012716', '2023012717', '2023012718', '2023012719', '2023012720', '2023012721', '2023012722', '2023012723']
[2025-07-29T15:30:43.480+0000] {logging_mixin.py:188} INFO - 2023-01-27 09:00:00+01:00 → Altitude: 5.04
[2025-07-29T15:30:43.481+0000] {logging_mixin.py:188} INFO - NASA GHI response keys: ['2023012700', '2023012701', '2023012702', '2023012703', '2023012704', '2023012705', '2023012706', '2023012707', '2023012708', '2023012709', '2023012710', '2023012711', '2023012712', '2023012713', '2023012714', '2023012715', '2023012716', '2023012717', '2023012718', '2023012719', '2023012720', '2023012721', '2023012722', '2023012723']
[2025-07-29T15:30:43.482+0000] {logging_mixin.py:188} INFO - 2023-01-27 10:00:00+01:00 → Altitude: 15.68
[2025-07-29T15:30:43.483+0000] {logging_mixin.py:188} INFO - NASA GHI response keys: ['2023012700', '2023012701', '2023012702', '2023012703', '2023012704', '2023012705', '2023012706', '2023012707', '2023012708', '2023012709', '2023012710', '2023012711', '2023012712', '2023012713', '2023012714', '2023012715', '2023012716', '2023012717', '2023012718', '2023012719', '2023012720', '2023012721', '2023012722', '2023012723']
[2025-07-29T15:30:43.484+0000] {logging_mixin.py:188} INFO - 2023-01-27 11:00:00+01:00 → Altitude: 25.08
[2025-07-29T15:30:43.485+0000] {logging_mixin.py:188} INFO - NASA GHI response keys: ['2023012700', '2023012701', '2023012702', '2023012703', '2023012704', '2023012705', '2023012706', '2023012707', '2023012708', '2023012709', '2023012710', '2023012711', '2023012712', '2023012713', '2023012714', '2023012715', '2023012716', '2023012717', '2023012718', '2023012719', '2023012720', '2023012721', '2023012722', '2023012723']
[2025-07-29T15:30:43.486+0000] {logging_mixin.py:188} INFO - 2023-01-27 12:00:00+01:00 → Altitude: 32.48
[2025-07-29T15:30:43.487+0000] {logging_mixin.py:188} INFO - NASA GHI response keys: ['2023012700', '2023012701', '2023012702', '2023012703', '2023012704', '2023012705', '2023012706', '2023012707', '2023012708', '2023012709', '2023012710', '2023012711', '2023012712', '2023012713', '2023012714', '2023012715', '2023012716', '2023012717', '2023012718', '2023012719', '2023012720', '2023012721', '2023012722', '2023012723']
[2025-07-29T15:30:43.488+0000] {logging_mixin.py:188} INFO - 2023-01-27 13:00:00+01:00 → Altitude: 37.00
[2025-07-29T15:30:43.489+0000] {logging_mixin.py:188} INFO - NASA GHI response keys: ['2023012700', '2023012701', '2023012702', '2023012703', '2023012704', '2023012705', '2023012706', '2023012707', '2023012708', '2023012709', '2023012710', '2023012711', '2023012712', '2023012713', '2023012714', '2023012715', '2023012716', '2023012717', '2023012718', '2023012719', '2023012720', '2023012721', '2023012722', '2023012723']
[2025-07-29T15:30:43.490+0000] {logging_mixin.py:188} INFO - 2023-01-27 14:00:00+01:00 → Altitude: 37.85
[2025-07-29T15:30:43.491+0000] {logging_mixin.py:188} INFO - NASA GHI response keys: ['2023012700', '2023012701', '2023012702', '2023012703', '2023012704', '2023012705', '2023012706', '2023012707', '2023012708', '2023012709', '2023012710', '2023012711', '2023012712', '2023012713', '2023012714', '2023012715', '2023012716', '2023012717', '2023012718', '2023012719', '2023012720', '2023012721', '2023012722', '2023012723']
[2025-07-29T15:30:43.492+0000] {logging_mixin.py:188} INFO - 2023-01-27 15:00:00+01:00 → Altitude: 34.88
[2025-07-29T15:30:43.492+0000] {logging_mixin.py:188} INFO - NASA GHI response keys: ['2023012700', '2023012701', '2023012702', '2023012703', '2023012704', '2023012705', '2023012706', '2023012707', '2023012708', '2023012709', '2023012710', '2023012711', '2023012712', '2023012713', '2023012714', '2023012715', '2023012716', '2023012717', '2023012718', '2023012719', '2023012720', '2023012721', '2023012722', '2023012723']
[2025-07-29T15:30:43.493+0000] {logging_mixin.py:188} INFO - 2023-01-27 16:00:00+01:00 → Altitude: 28.64
[2025-07-29T15:30:43.494+0000] {logging_mixin.py:188} INFO - NASA GHI response keys: ['2023012700', '2023012701', '2023012702', '2023012703', '2023012704', '2023012705', '2023012706', '2023012707', '2023012708', '2023012709', '2023012710', '2023012711', '2023012712', '2023012713', '2023012714', '2023012715', '2023012716', '2023012717', '2023012718', '2023012719', '2023012720', '2023012721', '2023012722', '2023012723']
[2025-07-29T15:30:43.495+0000] {logging_mixin.py:188} INFO - 2023-01-27 17:00:00+01:00 → Altitude: 20.02
[2025-07-29T15:30:43.496+0000] {logging_mixin.py:188} INFO - NASA GHI response keys: ['2023012700', '2023012701', '2023012702', '2023012703', '2023012704', '2023012705', '2023012706', '2023012707', '2023012708', '2023012709', '2023012710', '2023012711', '2023012712', '2023012713', '2023012714', '2023012715', '2023012716', '2023012717', '2023012718', '2023012719', '2023012720', '2023012721', '2023012722', '2023012723']
[2025-07-29T15:30:43.497+0000] {logging_mixin.py:188} INFO - 2023-01-27 18:00:00+01:00 → Altitude: 9.84
[2025-07-29T15:30:43.498+0000] {logging_mixin.py:188} INFO - NASA GHI response keys: ['2023012700', '2023012701', '2023012702', '2023012703', '2023012704', '2023012705', '2023012706', '2023012707', '2023012708', '2023012709', '2023012710', '2023012711', '2023012712', '2023012713', '2023012714', '2023012715', '2023012716', '2023012717', '2023012718', '2023012719', '2023012720', '2023012721', '2023012722', '2023012723']
[2025-07-29T15:30:43.499+0000] {logging_mixin.py:188} INFO - 2023-01-27 19:00:00+01:00 → Altitude: -1.31
[2025-07-29T15:30:43.499+0000] {logging_mixin.py:188} INFO - NASA GHI response keys: ['2023012700', '2023012701', '2023012702', '2023012703', '2023012704', '2023012705', '2023012706', '2023012707', '2023012708', '2023012709', '2023012710', '2023012711', '2023012712', '2023012713', '2023012714', '2023012715', '2023012716', '2023012717', '2023012718', '2023012719', '2023012720', '2023012721', '2023012722', '2023012723']
[2025-07-29T15:30:43.500+0000] {logging_mixin.py:188} INFO - 2023-01-27 20:00:00+01:00 → Altitude: -13.42
[2025-07-29T15:30:43.501+0000] {logging_mixin.py:188} INFO - NASA GHI response keys: ['2023012700', '2023012701', '2023012702', '2023012703', '2023012704', '2023012705', '2023012706', '2023012707', '2023012708', '2023012709', '2023012710', '2023012711', '2023012712', '2023012713', '2023012714', '2023012715', '2023012716', '2023012717', '2023012718', '2023012719', '2023012720', '2023012721', '2023012722', '2023012723']
[2025-07-29T15:30:43.502+0000] {logging_mixin.py:188} INFO - 2023-01-27 21:00:00+01:00 → Altitude: -25.74
[2025-07-29T15:30:43.503+0000] {logging_mixin.py:188} INFO - NASA GHI response keys: ['2023012700', '2023012701', '2023012702', '2023012703', '2023012704', '2023012705', '2023012706', '2023012707', '2023012708', '2023012709', '2023012710', '2023012711', '2023012712', '2023012713', '2023012714', '2023012715', '2023012716', '2023012717', '2023012718', '2023012719', '2023012720', '2023012721', '2023012722', '2023012723']
[2025-07-29T15:30:43.504+0000] {logging_mixin.py:188} INFO - 2023-01-27 22:00:00+01:00 → Altitude: -38.22
[2025-07-29T15:30:43.505+0000] {logging_mixin.py:188} INFO - NASA GHI response keys: ['2023012700', '2023012701', '2023012702', '2023012703', '2023012704', '2023012705', '2023012706', '2023012707', '2023012708', '2023012709', '2023012710', '2023012711', '2023012712', '2023012713', '2023012714', '2023012715', '2023012716', '2023012717', '2023012718', '2023012719', '2023012720', '2023012721', '2023012722', '2023012723']
[2025-07-29T15:30:43.506+0000] {logging_mixin.py:188} INFO - 2023-01-27 23:00:00+01:00 → Altitude: -50.61
[2025-07-29T15:30:43.507+0000] {logging_mixin.py:188} INFO - NASA GHI response keys: ['2023012700', '2023012701', '2023012702', '2023012703', '2023012704', '2023012705', '2023012706', '2023012707', '2023012708', '2023012709', '2023012710', '2023012711', '2023012712', '2023012713', '2023012714', '2023012715', '2023012716', '2023012717', '2023012718', '2023012719', '2023012720', '2023012721', '2023012722', '2023012723']
[2025-07-29T15:30:43.509+0000] {python.py:237} INFO - Done. Returned value was: None
[2025-07-29T15:30:43.511+0000] {taskinstance.py:441} INFO - ::group::Post task execution logs
[2025-07-29T15:30:43.540+0000] {taskinstance.py:1206} INFO - Marking task as SUCCESS. dag_id=solar_ai_pipeline_2, task_id=fetch_data, run_id=scheduled__2023-01-27T00:00:00+00:00, execution_date=20230127T000000, start_date=20250729T153031, end_date=20250729T153043
[2025-07-29T15:30:43.716+0000] {local_task_job_runner.py:240} INFO - Task exited with return code 0
[2025-07-29T15:30:43.815+0000] {taskinstance.py:3503} INFO - 1 downstream tasks scheduled from follow-on schedule check
[2025-07-29T15:30:43.933+0000] {local_task_job_runner.py:222} INFO - ::endgroup::
