[2025-07-31T15:39:28.856+0000] {local_task_job_runner.py:120} INFO - ::group::Pre task execution logs
[2025-07-31T15:39:29.193+0000] {taskinstance.py:2076} INFO - Dependencies all met for dep_context=non-requeueable deps ti=<TaskInstance: solar_ai_pipeline_2.predict_prophet backfill__2024-01-10T00:00:00+00:00 [queued]>
[2025-07-31T15:39:29.350+0000] {taskinstance.py:2076} INFO - Dependencies all met for dep_context=requeueable deps ti=<TaskInstance: solar_ai_pipeline_2.predict_prophet backfill__2024-01-10T00:00:00+00:00 [queued]>
[2025-07-31T15:39:29.356+0000] {taskinstance.py:2306} INFO - Starting attempt 1 of 2
[2025-07-31T15:39:29.606+0000] {taskinstance.py:2330} INFO - Executing <Task(PythonOperator): predict_prophet> on 2024-01-10 00:00:00+00:00
[2025-07-31T15:39:29.662+0000] {standard_task_runner.py:63} INFO - Started process 85425 to run task
[2025-07-31T15:39:29.694+0000] {standard_task_runner.py:90} INFO - Running: ['airflow', 'tasks', 'run', 'solar_ai_pipeline_2', 'predict_prophet', 'backfill__2024-01-10T00:00:00+00:00', '--job-id', '3382', '--pool', 'default_pool', '--raw', '--subdir', 'DAGS_FOLDER/prophet_pipeline.py', '--cfg-path', '/tmp/tmpy_nphrx4']
[2025-07-31T15:39:29.714+0000] {standard_task_runner.py:91} INFO - Job 3382: Subtask predict_prophet
[2025-07-31T15:39:30.356+0000] {task_command.py:426} INFO - Running <TaskInstance: solar_ai_pipeline_2.predict_prophet backfill__2024-01-10T00:00:00+00:00 [running]> on host a2a0dd314bdc
[2025-07-31T15:39:31.195+0000] {taskinstance.py:2648} INFO - Exporting env vars: AIRFLOW_CTX_DAG_OWNER='ensam' AIRFLOW_CTX_DAG_ID='solar_ai_pipeline_2' AIRFLOW_CTX_TASK_ID='predict_prophet' AIRFLOW_CTX_EXECUTION_DATE='2024-01-10T00:00:00+00:00' AIRFLOW_CTX_TRY_NUMBER='1' AIRFLOW_CTX_DAG_RUN_ID='backfill__2024-01-10T00:00:00+00:00'
[2025-07-31T15:39:31.200+0000] {taskinstance.py:430} INFO - ::endgroup::
[2025-07-31T15:39:38.570+0000] {plot.py:39} ERROR - Importing plotly failed. Interactive plots will not work.
[2025-07-31T15:39:40.241+0000] {logging_mixin.py:188} INFO - Prédictions temperature enregistrées (prophet_forecast_temperature_2024-01-10.csv) — MAE: 0.1066 | RMSE: 0.1424
[2025-07-31T15:39:42.312+0000] {logging_mixin.py:188} INFO - Prédictions flow enregistrées (prophet_forecast_flow_2024-01-10.csv) — MAE: 0.1595 | RMSE: 0.2238
[2025-07-31T15:39:42.316+0000] {python.py:237} INFO - Done. Returned value was: None
[2025-07-31T15:39:42.323+0000] {taskinstance.py:441} INFO - ::group::Post task execution logs
[2025-07-31T15:39:42.375+0000] {taskinstance.py:1206} INFO - Marking task as SUCCESS. dag_id=solar_ai_pipeline_2, task_id=predict_prophet, run_id=backfill__2024-01-10T00:00:00+00:00, execution_date=20240110T000000, start_date=20250731T153929, end_date=20250731T153942
[2025-07-31T15:39:42.746+0000] {local_task_job_runner.py:240} INFO - Task exited with return code 0
[2025-07-31T15:39:42.934+0000] {taskinstance.py:3503} INFO - 1 downstream tasks scheduled from follow-on schedule check
[2025-07-31T15:39:42.975+0000] {local_task_job_runner.py:222} INFO - ::endgroup::
