[2025-07-31T12:02:02.445+0000] {local_task_job_runner.py:120} INFO - ::group::Pre task execution logs
[2025-07-31T12:02:02.565+0000] {taskinstance.py:2076} INFO - Dependencies all met for dep_context=non-requeueable deps ti=<TaskInstance: solar_ai_pipeline_2.train_prophet scheduled__2023-07-21T00:00:00+00:00 [queued]>
[2025-07-31T12:02:02.627+0000] {taskinstance.py:2076} INFO - Dependencies all met for dep_context=requeueable deps ti=<TaskInstance: solar_ai_pipeline_2.train_prophet scheduled__2023-07-21T00:00:00+00:00 [queued]>
[2025-07-31T12:02:02.631+0000] {taskinstance.py:2306} INFO - Starting attempt 3 of 4
[2025-07-31T12:02:02.767+0000] {taskinstance.py:2330} INFO - Executing <Task(PythonOperator): train_prophet> on 2023-07-21 00:00:00+00:00
[2025-07-31T12:02:02.774+0000] {standard_task_runner.py:63} INFO - Started process 4333 to run task
[2025-07-31T12:02:02.778+0000] {standard_task_runner.py:90} INFO - Running: ['airflow', 'tasks', 'run', 'solar_ai_pipeline_2', 'train_prophet', 'scheduled__2023-07-21T00:00:00+00:00', '--job-id', '2928', '--raw', '--subdir', 'DAGS_FOLDER/prophet_pipeline.py', '--cfg-path', '/tmp/tmpmccjo1ey']
[2025-07-31T12:02:02.781+0000] {standard_task_runner.py:91} INFO - Job 2928: Subtask train_prophet
[2025-07-31T12:02:02.997+0000] {task_command.py:426} INFO - Running <TaskInstance: solar_ai_pipeline_2.train_prophet scheduled__2023-07-21T00:00:00+00:00 [running]> on host a2a0dd314bdc
[2025-07-31T12:02:03.243+0000] {taskinstance.py:2648} INFO - Exporting env vars: AIRFLOW_CTX_DAG_OWNER='ensam' AIRFLOW_CTX_DAG_ID='solar_ai_pipeline_2' AIRFLOW_CTX_TASK_ID='train_prophet' AIRFLOW_CTX_EXECUTION_DATE='2023-07-21T00:00:00+00:00' AIRFLOW_CTX_TRY_NUMBER='3' AIRFLOW_CTX_DAG_RUN_ID='scheduled__2023-07-21T00:00:00+00:00'
[2025-07-31T12:02:03.246+0000] {taskinstance.py:430} INFO - ::endgroup::
[2025-07-31T12:02:04.231+0000] {plot.py:39} ERROR - Importing plotly failed. Interactive plots will not work.
[2025-07-31T12:02:04.243+0000] {logging_mixin.py:188} INFO - Training from 2023-01-01 to 2023-01-22
[2025-07-31T12:02:04.534+0000] {logging_mixin.py:188} INFO - Test 1/18: {'changepoint_prior_scale': 0.01, 'seasonality_prior_scale': 1.0, 'seasonality_mode': 'additive'}
[2025-07-31T12:02:04.587+0000] {filesystem.py:118} DEBUG - input tempfile: /tmp/tmpygty__xr/ho0ygw4g.json
[2025-07-31T12:02:04.644+0000] {filesystem.py:118} DEBUG - input tempfile: /tmp/tmpygty__xr/vzf3icbt.json
[2025-07-31T12:02:04.646+0000] {model.py:2042} DEBUG - idx 0
[2025-07-31T12:02:04.646+0000] {model.py:2043} DEBUG - running CmdStan, num_threads: None
[2025-07-31T12:02:04.647+0000] {model.py:2055} DEBUG - CmdStan args: ['/home/airflow/.local/lib/python3.11/site-packages/prophet/stan_model/prophet_model.bin', 'random', 'seed=84604', 'data', 'file=/tmp/tmpygty__xr/ho0ygw4g.json', 'init=/tmp/tmpygty__xr/vzf3icbt.json', 'output', 'file=/tmp/tmpygty__xr/prophet_model7ycxz_xe/prophet_model-20250731120204.csv', 'method=optimize', 'algorithm=lbfgs', 'iter=10000']
[2025-07-31T12:02:04.648+0000] {logging_mixin.py:188} WARNING - 12:02:04 - cmdstanpy - INFO - Chain [1] start processing
[2025-07-31T12:02:04.647+0000] {model.py:2058} INFO - Chain [1] start processing
[2025-07-31T12:02:04.690+0000] {logging_mixin.py:188} WARNING - 12:02:04 - cmdstanpy - INFO - Chain [1] done processing
[2025-07-31T12:02:04.690+0000] {model.py:2115} INFO - Chain [1] done processing
[2025-07-31T12:02:04.694+0000] {logging_mixin.py:188} INFO - Erreur pour {'changepoint_prior_scale': 0.01, 'seasonality_prior_scale': 1.0, 'seasonality_mode': 'additive'}: Less data than horizon after initial window. Make horizon or initial shorter.
[2025-07-31T12:02:04.695+0000] {logging_mixin.py:188} INFO - Test 2/18: {'changepoint_prior_scale': 0.01, 'seasonality_prior_scale': 1.0, 'seasonality_mode': 'multiplicative'}
[2025-07-31T12:02:04.713+0000] {filesystem.py:118} DEBUG - input tempfile: /tmp/tmpygty__xr/xxs7pknk.json
[2025-07-31T12:02:04.768+0000] {filesystem.py:118} DEBUG - input tempfile: /tmp/tmpygty__xr/am90kuuw.json
[2025-07-31T12:02:04.769+0000] {model.py:2042} DEBUG - idx 0
[2025-07-31T12:02:04.770+0000] {model.py:2043} DEBUG - running CmdStan, num_threads: None
[2025-07-31T12:02:04.771+0000] {model.py:2055} DEBUG - CmdStan args: ['/home/airflow/.local/lib/python3.11/site-packages/prophet/stan_model/prophet_model.bin', 'random', 'seed=44775', 'data', 'file=/tmp/tmpygty__xr/xxs7pknk.json', 'init=/tmp/tmpygty__xr/am90kuuw.json', 'output', 'file=/tmp/tmpygty__xr/prophet_model0x88_oy0/prophet_model-20250731120204.csv', 'method=optimize', 'algorithm=lbfgs', 'iter=10000']
[2025-07-31T12:02:04.771+0000] {logging_mixin.py:188} WARNING - 12:02:04 - cmdstanpy - INFO - Chain [1] start processing
[2025-07-31T12:02:04.771+0000] {model.py:2058} INFO - Chain [1] start processing
[2025-07-31T12:02:04.821+0000] {logging_mixin.py:188} WARNING - 12:02:04 - cmdstanpy - INFO - Chain [1] done processing
[2025-07-31T12:02:04.821+0000] {model.py:2115} INFO - Chain [1] done processing
[2025-07-31T12:02:04.825+0000] {logging_mixin.py:188} INFO - Erreur pour {'changepoint_prior_scale': 0.01, 'seasonality_prior_scale': 1.0, 'seasonality_mode': 'multiplicative'}: Less data than horizon after initial window. Make horizon or initial shorter.
[2025-07-31T12:02:04.826+0000] {logging_mixin.py:188} INFO - Test 3/18: {'changepoint_prior_scale': 0.01, 'seasonality_prior_scale': 5.0, 'seasonality_mode': 'additive'}
[2025-07-31T12:02:04.845+0000] {filesystem.py:118} DEBUG - input tempfile: /tmp/tmpygty__xr/d192yvy6.json
[2025-07-31T12:02:04.901+0000] {filesystem.py:118} DEBUG - input tempfile: /tmp/tmpygty__xr/inqruike.json
[2025-07-31T12:02:04.903+0000] {model.py:2042} DEBUG - idx 0
[2025-07-31T12:02:04.904+0000] {model.py:2043} DEBUG - running CmdStan, num_threads: None
[2025-07-31T12:02:04.904+0000] {model.py:2055} DEBUG - CmdStan args: ['/home/airflow/.local/lib/python3.11/site-packages/prophet/stan_model/prophet_model.bin', 'random', 'seed=38651', 'data', 'file=/tmp/tmpygty__xr/d192yvy6.json', 'init=/tmp/tmpygty__xr/inqruike.json', 'output', 'file=/tmp/tmpygty__xr/prophet_model1alk1kdy/prophet_model-20250731120204.csv', 'method=optimize', 'algorithm=lbfgs', 'iter=10000']
[2025-07-31T12:02:04.905+0000] {logging_mixin.py:188} WARNING - 12:02:04 - cmdstanpy - INFO - Chain [1] start processing
[2025-07-31T12:02:04.905+0000] {model.py:2058} INFO - Chain [1] start processing
[2025-07-31T12:02:04.945+0000] {logging_mixin.py:188} WARNING - 12:02:04 - cmdstanpy - INFO - Chain [1] done processing
[2025-07-31T12:02:04.945+0000] {model.py:2115} INFO - Chain [1] done processing
[2025-07-31T12:02:04.950+0000] {logging_mixin.py:188} INFO - Erreur pour {'changepoint_prior_scale': 0.01, 'seasonality_prior_scale': 5.0, 'seasonality_mode': 'additive'}: Less data than horizon after initial window. Make horizon or initial shorter.
[2025-07-31T12:02:04.950+0000] {logging_mixin.py:188} INFO - Test 4/18: {'changepoint_prior_scale': 0.01, 'seasonality_prior_scale': 5.0, 'seasonality_mode': 'multiplicative'}
[2025-07-31T12:02:04.969+0000] {filesystem.py:118} DEBUG - input tempfile: /tmp/tmpygty__xr/o951qc2i.json
[2025-07-31T12:02:05.023+0000] {filesystem.py:118} DEBUG - input tempfile: /tmp/tmpygty__xr/zri1mr_x.json
[2025-07-31T12:02:05.025+0000] {model.py:2042} DEBUG - idx 0
[2025-07-31T12:02:05.026+0000] {model.py:2043} DEBUG - running CmdStan, num_threads: None
[2025-07-31T12:02:05.026+0000] {model.py:2055} DEBUG - CmdStan args: ['/home/airflow/.local/lib/python3.11/site-packages/prophet/stan_model/prophet_model.bin', 'random', 'seed=76394', 'data', 'file=/tmp/tmpygty__xr/o951qc2i.json', 'init=/tmp/tmpygty__xr/zri1mr_x.json', 'output', 'file=/tmp/tmpygty__xr/prophet_model8r2k5kke/prophet_model-20250731120205.csv', 'method=optimize', 'algorithm=lbfgs', 'iter=10000']
[2025-07-31T12:02:05.027+0000] {logging_mixin.py:188} WARNING - 12:02:05 - cmdstanpy - INFO - Chain [1] start processing
[2025-07-31T12:02:05.027+0000] {model.py:2058} INFO - Chain [1] start processing
[2025-07-31T12:02:05.071+0000] {logging_mixin.py:188} WARNING - 12:02:05 - cmdstanpy - INFO - Chain [1] done processing
[2025-07-31T12:02:05.071+0000] {model.py:2115} INFO - Chain [1] done processing
[2025-07-31T12:02:05.075+0000] {logging_mixin.py:188} INFO - Erreur pour {'changepoint_prior_scale': 0.01, 'seasonality_prior_scale': 5.0, 'seasonality_mode': 'multiplicative'}: Less data than horizon after initial window. Make horizon or initial shorter.
[2025-07-31T12:02:05.076+0000] {logging_mixin.py:188} INFO - Test 5/18: {'changepoint_prior_scale': 0.01, 'seasonality_prior_scale': 10.0, 'seasonality_mode': 'additive'}
[2025-07-31T12:02:05.094+0000] {filesystem.py:118} DEBUG - input tempfile: /tmp/tmpygty__xr/n7mkc8sy.json
[2025-07-31T12:02:05.150+0000] {filesystem.py:118} DEBUG - input tempfile: /tmp/tmpygty__xr/rtbefm68.json
[2025-07-31T12:02:05.151+0000] {model.py:2042} DEBUG - idx 0
[2025-07-31T12:02:05.152+0000] {model.py:2043} DEBUG - running CmdStan, num_threads: None
[2025-07-31T12:02:05.153+0000] {model.py:2055} DEBUG - CmdStan args: ['/home/airflow/.local/lib/python3.11/site-packages/prophet/stan_model/prophet_model.bin', 'random', 'seed=85189', 'data', 'file=/tmp/tmpygty__xr/n7mkc8sy.json', 'init=/tmp/tmpygty__xr/rtbefm68.json', 'output', 'file=/tmp/tmpygty__xr/prophet_modelcdf1whm7/prophet_model-20250731120205.csv', 'method=optimize', 'algorithm=lbfgs', 'iter=10000']
[2025-07-31T12:02:05.154+0000] {logging_mixin.py:188} WARNING - 12:02:05 - cmdstanpy - INFO - Chain [1] start processing
[2025-07-31T12:02:05.154+0000] {model.py:2058} INFO - Chain [1] start processing
[2025-07-31T12:02:05.239+0000] {logging_mixin.py:188} WARNING - 12:02:05 - cmdstanpy - INFO - Chain [1] done processing
[2025-07-31T12:02:05.238+0000] {model.py:2115} INFO - Chain [1] done processing
[2025-07-31T12:02:05.245+0000] {logging_mixin.py:188} INFO - Erreur pour {'changepoint_prior_scale': 0.01, 'seasonality_prior_scale': 10.0, 'seasonality_mode': 'additive'}: Less data than horizon after initial window. Make horizon or initial shorter.
[2025-07-31T12:02:05.246+0000] {logging_mixin.py:188} INFO - Test 6/18: {'changepoint_prior_scale': 0.01, 'seasonality_prior_scale': 10.0, 'seasonality_mode': 'multiplicative'}
[2025-07-31T12:02:05.270+0000] {filesystem.py:118} DEBUG - input tempfile: /tmp/tmpygty__xr/0y40hfx8.json
[2025-07-31T12:02:05.361+0000] {filesystem.py:118} DEBUG - input tempfile: /tmp/tmpygty__xr/ksbwwg35.json
[2025-07-31T12:02:05.363+0000] {model.py:2042} DEBUG - idx 0
[2025-07-31T12:02:05.363+0000] {model.py:2043} DEBUG - running CmdStan, num_threads: None
[2025-07-31T12:02:05.364+0000] {model.py:2055} DEBUG - CmdStan args: ['/home/airflow/.local/lib/python3.11/site-packages/prophet/stan_model/prophet_model.bin', 'random', 'seed=10950', 'data', 'file=/tmp/tmpygty__xr/0y40hfx8.json', 'init=/tmp/tmpygty__xr/ksbwwg35.json', 'output', 'file=/tmp/tmpygty__xr/prophet_modeltn8oocff/prophet_model-20250731120205.csv', 'method=optimize', 'algorithm=lbfgs', 'iter=10000']
[2025-07-31T12:02:05.365+0000] {logging_mixin.py:188} WARNING - 12:02:05 - cmdstanpy - INFO - Chain [1] start processing
[2025-07-31T12:02:05.365+0000] {model.py:2058} INFO - Chain [1] start processing
[2025-07-31T12:02:05.422+0000] {logging_mixin.py:188} WARNING - 12:02:05 - cmdstanpy - INFO - Chain [1] done processing
[2025-07-31T12:02:05.421+0000] {model.py:2115} INFO - Chain [1] done processing
[2025-07-31T12:02:05.427+0000] {logging_mixin.py:188} INFO - Erreur pour {'changepoint_prior_scale': 0.01, 'seasonality_prior_scale': 10.0, 'seasonality_mode': 'multiplicative'}: Less data than horizon after initial window. Make horizon or initial shorter.
[2025-07-31T12:02:05.428+0000] {logging_mixin.py:188} INFO - Test 7/18: {'changepoint_prior_scale': 0.05, 'seasonality_prior_scale': 1.0, 'seasonality_mode': 'additive'}
[2025-07-31T12:02:05.453+0000] {filesystem.py:118} DEBUG - input tempfile: /tmp/tmpygty__xr/wjoektct.json
[2025-07-31T12:02:05.519+0000] {filesystem.py:118} DEBUG - input tempfile: /tmp/tmpygty__xr/_60agxf8.json
[2025-07-31T12:02:05.520+0000] {model.py:2042} DEBUG - idx 0
[2025-07-31T12:02:05.521+0000] {model.py:2043} DEBUG - running CmdStan, num_threads: None
[2025-07-31T12:02:05.522+0000] {model.py:2055} DEBUG - CmdStan args: ['/home/airflow/.local/lib/python3.11/site-packages/prophet/stan_model/prophet_model.bin', 'random', 'seed=45719', 'data', 'file=/tmp/tmpygty__xr/wjoektct.json', 'init=/tmp/tmpygty__xr/_60agxf8.json', 'output', 'file=/tmp/tmpygty__xr/prophet_model58els8h0/prophet_model-20250731120205.csv', 'method=optimize', 'algorithm=lbfgs', 'iter=10000']
[2025-07-31T12:02:05.522+0000] {logging_mixin.py:188} WARNING - 12:02:05 - cmdstanpy - INFO - Chain [1] start processing
[2025-07-31T12:02:05.522+0000] {model.py:2058} INFO - Chain [1] start processing
[2025-07-31T12:02:05.561+0000] {logging_mixin.py:188} WARNING - 12:02:05 - cmdstanpy - INFO - Chain [1] done processing
[2025-07-31T12:02:05.560+0000] {model.py:2115} INFO - Chain [1] done processing
[2025-07-31T12:02:05.565+0000] {logging_mixin.py:188} INFO - Erreur pour {'changepoint_prior_scale': 0.05, 'seasonality_prior_scale': 1.0, 'seasonality_mode': 'additive'}: Less data than horizon after initial window. Make horizon or initial shorter.
[2025-07-31T12:02:05.566+0000] {logging_mixin.py:188} INFO - Test 8/18: {'changepoint_prior_scale': 0.05, 'seasonality_prior_scale': 1.0, 'seasonality_mode': 'multiplicative'}
[2025-07-31T12:02:05.586+0000] {filesystem.py:118} DEBUG - input tempfile: /tmp/tmpygty__xr/lonjawj9.json
[2025-07-31T12:02:05.647+0000] {filesystem.py:118} DEBUG - input tempfile: /tmp/tmpygty__xr/qqhdy53y.json
[2025-07-31T12:02:05.648+0000] {model.py:2042} DEBUG - idx 0
[2025-07-31T12:02:05.649+0000] {model.py:2043} DEBUG - running CmdStan, num_threads: None
[2025-07-31T12:02:05.649+0000] {model.py:2055} DEBUG - CmdStan args: ['/home/airflow/.local/lib/python3.11/site-packages/prophet/stan_model/prophet_model.bin', 'random', 'seed=23494', 'data', 'file=/tmp/tmpygty__xr/lonjawj9.json', 'init=/tmp/tmpygty__xr/qqhdy53y.json', 'output', 'file=/tmp/tmpygty__xr/prophet_modelv4d_3lot/prophet_model-20250731120205.csv', 'method=optimize', 'algorithm=lbfgs', 'iter=10000']
[2025-07-31T12:02:05.650+0000] {logging_mixin.py:188} WARNING - 12:02:05 - cmdstanpy - INFO - Chain [1] start processing
[2025-07-31T12:02:05.650+0000] {model.py:2058} INFO - Chain [1] start processing
[2025-07-31T12:02:05.715+0000] {logging_mixin.py:188} WARNING - 12:02:05 - cmdstanpy - INFO - Chain [1] done processing
[2025-07-31T12:02:05.715+0000] {model.py:2115} INFO - Chain [1] done processing
[2025-07-31T12:02:05.720+0000] {logging_mixin.py:188} INFO - Erreur pour {'changepoint_prior_scale': 0.05, 'seasonality_prior_scale': 1.0, 'seasonality_mode': 'multiplicative'}: Less data than horizon after initial window. Make horizon or initial shorter.
[2025-07-31T12:02:05.720+0000] {logging_mixin.py:188} INFO - Test 9/18: {'changepoint_prior_scale': 0.05, 'seasonality_prior_scale': 5.0, 'seasonality_mode': 'additive'}
[2025-07-31T12:02:05.737+0000] {filesystem.py:118} DEBUG - input tempfile: /tmp/tmpygty__xr/_qkw089g.json
[2025-07-31T12:02:05.792+0000] {filesystem.py:118} DEBUG - input tempfile: /tmp/tmpygty__xr/21riwt1t.json
[2025-07-31T12:02:05.794+0000] {model.py:2042} DEBUG - idx 0
[2025-07-31T12:02:05.795+0000] {model.py:2043} DEBUG - running CmdStan, num_threads: None
[2025-07-31T12:02:05.795+0000] {model.py:2055} DEBUG - CmdStan args: ['/home/airflow/.local/lib/python3.11/site-packages/prophet/stan_model/prophet_model.bin', 'random', 'seed=7341', 'data', 'file=/tmp/tmpygty__xr/_qkw089g.json', 'init=/tmp/tmpygty__xr/21riwt1t.json', 'output', 'file=/tmp/tmpygty__xr/prophet_model6su84lof/prophet_model-20250731120205.csv', 'method=optimize', 'algorithm=lbfgs', 'iter=10000']
[2025-07-31T12:02:05.796+0000] {logging_mixin.py:188} WARNING - 12:02:05 - cmdstanpy - INFO - Chain [1] start processing
[2025-07-31T12:02:05.796+0000] {model.py:2058} INFO - Chain [1] start processing
[2025-07-31T12:02:05.833+0000] {logging_mixin.py:188} WARNING - 12:02:05 - cmdstanpy - INFO - Chain [1] done processing
[2025-07-31T12:02:05.833+0000] {model.py:2115} INFO - Chain [1] done processing
[2025-07-31T12:02:05.837+0000] {logging_mixin.py:188} INFO - Erreur pour {'changepoint_prior_scale': 0.05, 'seasonality_prior_scale': 5.0, 'seasonality_mode': 'additive'}: Less data than horizon after initial window. Make horizon or initial shorter.
[2025-07-31T12:02:05.838+0000] {logging_mixin.py:188} INFO - Test 10/18: {'changepoint_prior_scale': 0.05, 'seasonality_prior_scale': 5.0, 'seasonality_mode': 'multiplicative'}
[2025-07-31T12:02:05.856+0000] {filesystem.py:118} DEBUG - input tempfile: /tmp/tmpygty__xr/wmx_r3zg.json
[2025-07-31T12:02:05.915+0000] {filesystem.py:118} DEBUG - input tempfile: /tmp/tmpygty__xr/qxcd0pgm.json
[2025-07-31T12:02:05.916+0000] {model.py:2042} DEBUG - idx 0
[2025-07-31T12:02:05.917+0000] {model.py:2043} DEBUG - running CmdStan, num_threads: None
[2025-07-31T12:02:05.917+0000] {model.py:2055} DEBUG - CmdStan args: ['/home/airflow/.local/lib/python3.11/site-packages/prophet/stan_model/prophet_model.bin', 'random', 'seed=81883', 'data', 'file=/tmp/tmpygty__xr/wmx_r3zg.json', 'init=/tmp/tmpygty__xr/qxcd0pgm.json', 'output', 'file=/tmp/tmpygty__xr/prophet_model6k_5fn_v/prophet_model-20250731120205.csv', 'method=optimize', 'algorithm=lbfgs', 'iter=10000']
[2025-07-31T12:02:05.918+0000] {logging_mixin.py:188} WARNING - 12:02:05 - cmdstanpy - INFO - Chain [1] start processing
[2025-07-31T12:02:05.918+0000] {model.py:2058} INFO - Chain [1] start processing
[2025-07-31T12:02:06.015+0000] {logging_mixin.py:188} WARNING - 12:02:06 - cmdstanpy - INFO - Chain [1] done processing
[2025-07-31T12:02:06.014+0000] {model.py:2115} INFO - Chain [1] done processing
[2025-07-31T12:02:06.019+0000] {logging_mixin.py:188} INFO - Erreur pour {'changepoint_prior_scale': 0.05, 'seasonality_prior_scale': 5.0, 'seasonality_mode': 'multiplicative'}: Less data than horizon after initial window. Make horizon or initial shorter.
[2025-07-31T12:02:06.019+0000] {logging_mixin.py:188} INFO - Test 11/18: {'changepoint_prior_scale': 0.05, 'seasonality_prior_scale': 10.0, 'seasonality_mode': 'additive'}
[2025-07-31T12:02:06.036+0000] {filesystem.py:118} DEBUG - input tempfile: /tmp/tmpygty__xr/8vhjlgvb.json
[2025-07-31T12:02:06.091+0000] {filesystem.py:118} DEBUG - input tempfile: /tmp/tmpygty__xr/ahg18wid.json
[2025-07-31T12:02:06.093+0000] {model.py:2042} DEBUG - idx 0
[2025-07-31T12:02:06.093+0000] {model.py:2043} DEBUG - running CmdStan, num_threads: None
[2025-07-31T12:02:06.094+0000] {model.py:2055} DEBUG - CmdStan args: ['/home/airflow/.local/lib/python3.11/site-packages/prophet/stan_model/prophet_model.bin', 'random', 'seed=95643', 'data', 'file=/tmp/tmpygty__xr/8vhjlgvb.json', 'init=/tmp/tmpygty__xr/ahg18wid.json', 'output', 'file=/tmp/tmpygty__xr/prophet_modellztvz_rs/prophet_model-20250731120206.csv', 'method=optimize', 'algorithm=lbfgs', 'iter=10000']
[2025-07-31T12:02:06.094+0000] {logging_mixin.py:188} WARNING - 12:02:06 - cmdstanpy - INFO - Chain [1] start processing
[2025-07-31T12:02:06.094+0000] {model.py:2058} INFO - Chain [1] start processing
[2025-07-31T12:02:06.140+0000] {logging_mixin.py:188} WARNING - 12:02:06 - cmdstanpy - INFO - Chain [1] done processing
[2025-07-31T12:02:06.139+0000] {model.py:2115} INFO - Chain [1] done processing
[2025-07-31T12:02:06.144+0000] {logging_mixin.py:188} INFO - Erreur pour {'changepoint_prior_scale': 0.05, 'seasonality_prior_scale': 10.0, 'seasonality_mode': 'additive'}: Less data than horizon after initial window. Make horizon or initial shorter.
[2025-07-31T12:02:06.145+0000] {logging_mixin.py:188} INFO - Test 12/18: {'changepoint_prior_scale': 0.05, 'seasonality_prior_scale': 10.0, 'seasonality_mode': 'multiplicative'}
[2025-07-31T12:02:06.161+0000] {filesystem.py:118} DEBUG - input tempfile: /tmp/tmpygty__xr/ntkcek7_.json
[2025-07-31T12:02:06.216+0000] {filesystem.py:118} DEBUG - input tempfile: /tmp/tmpygty__xr/dlmus15m.json
[2025-07-31T12:02:06.218+0000] {model.py:2042} DEBUG - idx 0
[2025-07-31T12:02:06.218+0000] {model.py:2043} DEBUG - running CmdStan, num_threads: None
[2025-07-31T12:02:06.219+0000] {model.py:2055} DEBUG - CmdStan args: ['/home/airflow/.local/lib/python3.11/site-packages/prophet/stan_model/prophet_model.bin', 'random', 'seed=50135', 'data', 'file=/tmp/tmpygty__xr/ntkcek7_.json', 'init=/tmp/tmpygty__xr/dlmus15m.json', 'output', 'file=/tmp/tmpygty__xr/prophet_model8j8rudm7/prophet_model-20250731120206.csv', 'method=optimize', 'algorithm=lbfgs', 'iter=10000']
[2025-07-31T12:02:06.219+0000] {logging_mixin.py:188} WARNING - 12:02:06 - cmdstanpy - INFO - Chain [1] start processing
[2025-07-31T12:02:06.219+0000] {model.py:2058} INFO - Chain [1] start processing
[2025-07-31T12:02:06.274+0000] {logging_mixin.py:188} WARNING - 12:02:06 - cmdstanpy - INFO - Chain [1] done processing
[2025-07-31T12:02:06.274+0000] {model.py:2115} INFO - Chain [1] done processing
[2025-07-31T12:02:06.279+0000] {logging_mixin.py:188} INFO - Erreur pour {'changepoint_prior_scale': 0.05, 'seasonality_prior_scale': 10.0, 'seasonality_mode': 'multiplicative'}: Less data than horizon after initial window. Make horizon or initial shorter.
[2025-07-31T12:02:06.279+0000] {logging_mixin.py:188} INFO - Test 13/18: {'changepoint_prior_scale': 0.1, 'seasonality_prior_scale': 1.0, 'seasonality_mode': 'additive'}
[2025-07-31T12:02:06.295+0000] {filesystem.py:118} DEBUG - input tempfile: /tmp/tmpygty__xr/dsqfwd5_.json
[2025-07-31T12:02:06.350+0000] {filesystem.py:118} DEBUG - input tempfile: /tmp/tmpygty__xr/wvcpg2o2.json
[2025-07-31T12:02:06.352+0000] {model.py:2042} DEBUG - idx 0
[2025-07-31T12:02:06.352+0000] {model.py:2043} DEBUG - running CmdStan, num_threads: None
[2025-07-31T12:02:06.353+0000] {model.py:2055} DEBUG - CmdStan args: ['/home/airflow/.local/lib/python3.11/site-packages/prophet/stan_model/prophet_model.bin', 'random', 'seed=73318', 'data', 'file=/tmp/tmpygty__xr/dsqfwd5_.json', 'init=/tmp/tmpygty__xr/wvcpg2o2.json', 'output', 'file=/tmp/tmpygty__xr/prophet_modelck2ig953/prophet_model-20250731120206.csv', 'method=optimize', 'algorithm=lbfgs', 'iter=10000']
[2025-07-31T12:02:06.353+0000] {logging_mixin.py:188} WARNING - 12:02:06 - cmdstanpy - INFO - Chain [1] start processing
[2025-07-31T12:02:06.353+0000] {model.py:2058} INFO - Chain [1] start processing
[2025-07-31T12:02:06.407+0000] {logging_mixin.py:188} WARNING - 12:02:06 - cmdstanpy - INFO - Chain [1] done processing
[2025-07-31T12:02:06.407+0000] {model.py:2115} INFO - Chain [1] done processing
[2025-07-31T12:02:06.412+0000] {logging_mixin.py:188} INFO - Erreur pour {'changepoint_prior_scale': 0.1, 'seasonality_prior_scale': 1.0, 'seasonality_mode': 'additive'}: Less data than horizon after initial window. Make horizon or initial shorter.
[2025-07-31T12:02:06.412+0000] {logging_mixin.py:188} INFO - Test 14/18: {'changepoint_prior_scale': 0.1, 'seasonality_prior_scale': 1.0, 'seasonality_mode': 'multiplicative'}
[2025-07-31T12:02:06.429+0000] {filesystem.py:118} DEBUG - input tempfile: /tmp/tmpygty__xr/ydzg3f0u.json
[2025-07-31T12:02:06.491+0000] {filesystem.py:118} DEBUG - input tempfile: /tmp/tmpygty__xr/83f7zwh5.json
[2025-07-31T12:02:06.493+0000] {model.py:2042} DEBUG - idx 0
[2025-07-31T12:02:06.494+0000] {model.py:2043} DEBUG - running CmdStan, num_threads: None
[2025-07-31T12:02:06.495+0000] {model.py:2055} DEBUG - CmdStan args: ['/home/airflow/.local/lib/python3.11/site-packages/prophet/stan_model/prophet_model.bin', 'random', 'seed=10265', 'data', 'file=/tmp/tmpygty__xr/ydzg3f0u.json', 'init=/tmp/tmpygty__xr/83f7zwh5.json', 'output', 'file=/tmp/tmpygty__xr/prophet_modeloqhp9zq4/prophet_model-20250731120206.csv', 'method=optimize', 'algorithm=lbfgs', 'iter=10000']
[2025-07-31T12:02:06.495+0000] {logging_mixin.py:188} WARNING - 12:02:06 - cmdstanpy - INFO - Chain [1] start processing
[2025-07-31T12:02:06.495+0000] {model.py:2058} INFO - Chain [1] start processing
[2025-07-31T12:02:06.584+0000] {logging_mixin.py:188} WARNING - 12:02:06 - cmdstanpy - INFO - Chain [1] done processing
[2025-07-31T12:02:06.584+0000] {model.py:2115} INFO - Chain [1] done processing
[2025-07-31T12:02:06.591+0000] {logging_mixin.py:188} INFO - Erreur pour {'changepoint_prior_scale': 0.1, 'seasonality_prior_scale': 1.0, 'seasonality_mode': 'multiplicative'}: Less data than horizon after initial window. Make horizon or initial shorter.
[2025-07-31T12:02:06.592+0000] {logging_mixin.py:188} INFO - Test 15/18: {'changepoint_prior_scale': 0.1, 'seasonality_prior_scale': 5.0, 'seasonality_mode': 'additive'}
[2025-07-31T12:02:06.619+0000] {filesystem.py:118} DEBUG - input tempfile: /tmp/tmpygty__xr/34iltnye.json
[2025-07-31T12:02:06.694+0000] {filesystem.py:118} DEBUG - input tempfile: /tmp/tmpygty__xr/3suer8dx.json
[2025-07-31T12:02:06.696+0000] {model.py:2042} DEBUG - idx 0
[2025-07-31T12:02:06.697+0000] {model.py:2043} DEBUG - running CmdStan, num_threads: None
[2025-07-31T12:02:06.698+0000] {model.py:2055} DEBUG - CmdStan args: ['/home/airflow/.local/lib/python3.11/site-packages/prophet/stan_model/prophet_model.bin', 'random', 'seed=11149', 'data', 'file=/tmp/tmpygty__xr/34iltnye.json', 'init=/tmp/tmpygty__xr/3suer8dx.json', 'output', 'file=/tmp/tmpygty__xr/prophet_modelj1_4nelj/prophet_model-20250731120206.csv', 'method=optimize', 'algorithm=lbfgs', 'iter=10000']
[2025-07-31T12:02:06.699+0000] {logging_mixin.py:188} WARNING - 12:02:06 - cmdstanpy - INFO - Chain [1] start processing
[2025-07-31T12:02:06.699+0000] {model.py:2058} INFO - Chain [1] start processing
[2025-07-31T12:02:06.755+0000] {logging_mixin.py:188} WARNING - 12:02:06 - cmdstanpy - INFO - Chain [1] done processing
[2025-07-31T12:02:06.754+0000] {model.py:2115} INFO - Chain [1] done processing
[2025-07-31T12:02:06.759+0000] {logging_mixin.py:188} INFO - Erreur pour {'changepoint_prior_scale': 0.1, 'seasonality_prior_scale': 5.0, 'seasonality_mode': 'additive'}: Less data than horizon after initial window. Make horizon or initial shorter.
[2025-07-31T12:02:06.759+0000] {logging_mixin.py:188} INFO - Test 16/18: {'changepoint_prior_scale': 0.1, 'seasonality_prior_scale': 5.0, 'seasonality_mode': 'multiplicative'}
[2025-07-31T12:02:06.778+0000] {filesystem.py:118} DEBUG - input tempfile: /tmp/tmpygty__xr/lcv8_tdb.json
[2025-07-31T12:02:06.832+0000] {filesystem.py:118} DEBUG - input tempfile: /tmp/tmpygty__xr/zeamy6h_.json
[2025-07-31T12:02:06.834+0000] {model.py:2042} DEBUG - idx 0
[2025-07-31T12:02:06.834+0000] {model.py:2043} DEBUG - running CmdStan, num_threads: None
[2025-07-31T12:02:06.835+0000] {model.py:2055} DEBUG - CmdStan args: ['/home/airflow/.local/lib/python3.11/site-packages/prophet/stan_model/prophet_model.bin', 'random', 'seed=95785', 'data', 'file=/tmp/tmpygty__xr/lcv8_tdb.json', 'init=/tmp/tmpygty__xr/zeamy6h_.json', 'output', 'file=/tmp/tmpygty__xr/prophet_modelt58m4jbp/prophet_model-20250731120206.csv', 'method=optimize', 'algorithm=lbfgs', 'iter=10000']
[2025-07-31T12:02:06.835+0000] {logging_mixin.py:188} WARNING - 12:02:06 - cmdstanpy - INFO - Chain [1] start processing
[2025-07-31T12:02:06.835+0000] {model.py:2058} INFO - Chain [1] start processing
[2025-07-31T12:02:06.919+0000] {logging_mixin.py:188} WARNING - 12:02:06 - cmdstanpy - INFO - Chain [1] done processing
[2025-07-31T12:02:06.919+0000] {model.py:2115} INFO - Chain [1] done processing
[2025-07-31T12:02:06.923+0000] {logging_mixin.py:188} INFO - Erreur pour {'changepoint_prior_scale': 0.1, 'seasonality_prior_scale': 5.0, 'seasonality_mode': 'multiplicative'}: Less data than horizon after initial window. Make horizon or initial shorter.
[2025-07-31T12:02:06.924+0000] {logging_mixin.py:188} INFO - Test 17/18: {'changepoint_prior_scale': 0.1, 'seasonality_prior_scale': 10.0, 'seasonality_mode': 'additive'}
[2025-07-31T12:02:06.940+0000] {filesystem.py:118} DEBUG - input tempfile: /tmp/tmpygty__xr/_1x9b3kl.json
[2025-07-31T12:02:06.995+0000] {filesystem.py:118} DEBUG - input tempfile: /tmp/tmpygty__xr/j246o024.json
[2025-07-31T12:02:06.997+0000] {model.py:2042} DEBUG - idx 0
[2025-07-31T12:02:06.997+0000] {model.py:2043} DEBUG - running CmdStan, num_threads: None
[2025-07-31T12:02:06.998+0000] {model.py:2055} DEBUG - CmdStan args: ['/home/airflow/.local/lib/python3.11/site-packages/prophet/stan_model/prophet_model.bin', 'random', 'seed=51860', 'data', 'file=/tmp/tmpygty__xr/_1x9b3kl.json', 'init=/tmp/tmpygty__xr/j246o024.json', 'output', 'file=/tmp/tmpygty__xr/prophet_model1_hrnh68/prophet_model-20250731120206.csv', 'method=optimize', 'algorithm=lbfgs', 'iter=10000']
[2025-07-31T12:02:06.999+0000] {logging_mixin.py:188} WARNING - 12:02:06 - cmdstanpy - INFO - Chain [1] start processing
[2025-07-31T12:02:06.998+0000] {model.py:2058} INFO - Chain [1] start processing
[2025-07-31T12:02:07.044+0000] {logging_mixin.py:188} WARNING - 12:02:07 - cmdstanpy - INFO - Chain [1] done processing
[2025-07-31T12:02:07.044+0000] {model.py:2115} INFO - Chain [1] done processing
[2025-07-31T12:02:07.048+0000] {logging_mixin.py:188} INFO - Erreur pour {'changepoint_prior_scale': 0.1, 'seasonality_prior_scale': 10.0, 'seasonality_mode': 'additive'}: Less data than horizon after initial window. Make horizon or initial shorter.
[2025-07-31T12:02:07.049+0000] {logging_mixin.py:188} INFO - Test 18/18: {'changepoint_prior_scale': 0.1, 'seasonality_prior_scale': 10.0, 'seasonality_mode': 'multiplicative'}
[2025-07-31T12:02:07.065+0000] {filesystem.py:118} DEBUG - input tempfile: /tmp/tmpygty__xr/yplor6du.json
[2025-07-31T12:02:07.119+0000] {filesystem.py:118} DEBUG - input tempfile: /tmp/tmpygty__xr/9468ur5l.json
[2025-07-31T12:02:07.121+0000] {model.py:2042} DEBUG - idx 0
[2025-07-31T12:02:07.121+0000] {model.py:2043} DEBUG - running CmdStan, num_threads: None
[2025-07-31T12:02:07.122+0000] {model.py:2055} DEBUG - CmdStan args: ['/home/airflow/.local/lib/python3.11/site-packages/prophet/stan_model/prophet_model.bin', 'random', 'seed=52095', 'data', 'file=/tmp/tmpygty__xr/yplor6du.json', 'init=/tmp/tmpygty__xr/9468ur5l.json', 'output', 'file=/tmp/tmpygty__xr/prophet_modelfowqb3k0/prophet_model-20250731120207.csv', 'method=optimize', 'algorithm=lbfgs', 'iter=10000']
[2025-07-31T12:02:07.123+0000] {logging_mixin.py:188} WARNING - 12:02:07 - cmdstanpy - INFO - Chain [1] start processing
[2025-07-31T12:02:07.122+0000] {model.py:2058} INFO - Chain [1] start processing
[2025-07-31T12:02:07.224+0000] {logging_mixin.py:188} WARNING - 12:02:07 - cmdstanpy - INFO - Chain [1] done processing
[2025-07-31T12:02:07.224+0000] {model.py:2115} INFO - Chain [1] done processing
[2025-07-31T12:02:07.229+0000] {logging_mixin.py:188} INFO - Erreur pour {'changepoint_prior_scale': 0.1, 'seasonality_prior_scale': 10.0, 'seasonality_mode': 'multiplicative'}: Less data than horizon after initial window. Make horizon or initial shorter.
[2025-07-31T12:02:07.229+0000] {taskinstance.py:441} INFO - ::group::Post task execution logs
[2025-07-31T12:02:07.230+0000] {taskinstance.py:2905} ERROR - Task failed with exception
Traceback (most recent call last):
  File "/home/airflow/.local/lib/python3.11/site-packages/airflow/models/taskinstance.py", line 465, in _execute_task
    result = _execute_callable(context=context, **execute_callable_kwargs)
             ^^^^^^^^^^^^^^^^^^^^^^^^^^^^^^^^^^^^^^^^^^^^^^^^^^^^^^^^^^^^^
  File "/home/airflow/.local/lib/python3.11/site-packages/airflow/models/taskinstance.py", line 432, in _execute_callable
    return execute_callable(context=context, **execute_callable_kwargs)
           ^^^^^^^^^^^^^^^^^^^^^^^^^^^^^^^^^^^^^^^^^^^^^^^^^^^^^^^^^^^^
  File "/home/airflow/.local/lib/python3.11/site-packages/airflow/models/baseoperator.py", line 401, in wrapper
    return func(self, *args, **kwargs)
           ^^^^^^^^^^^^^^^^^^^^^^^^^^^
  File "/home/airflow/.local/lib/python3.11/site-packages/airflow/operators/python.py", line 235, in execute
    return_value = self.execute_callable()
                   ^^^^^^^^^^^^^^^^^^^^^^^
  File "/home/airflow/.local/lib/python3.11/site-packages/airflow/operators/python.py", line 252, in execute_callable
    return self.python_callable(*self.op_args, **self.op_kwargs)
           ^^^^^^^^^^^^^^^^^^^^^^^^^^^^^^^^^^^^^^^^^^^^^^^^^^^^^
  File "/opt/airflow/dags/scripts/train_prophet.py", line 92, in train_prophet
    best_model_temp, scores_temp = optimize_prophet_model(temp_df)
                                   ^^^^^^^^^^^^^^^^^^^^^^^^^^^^^^^
  File "/opt/airflow/dags/scripts/train_prophet.py", line 44, in optimize_prophet_model
    best = min(results, key=lambda x: x[1])
           ^^^^^^^^^^^^^^^^^^^^^^^^^^^^^^^^
ValueError: min() arg is an empty sequence
[2025-07-31T12:02:07.259+0000] {taskinstance.py:1206} INFO - Marking task as UP_FOR_RETRY. dag_id=solar_ai_pipeline_2, task_id=train_prophet, run_id=scheduled__2023-07-21T00:00:00+00:00, execution_date=20230721T000000, start_date=20250731T120202, end_date=20250731T120207
[2025-07-31T12:02:07.330+0000] {standard_task_runner.py:110} ERROR - Failed to execute job 2928 for task train_prophet (min() arg is an empty sequence; 4333)
[2025-07-31T12:02:07.372+0000] {local_task_job_runner.py:240} INFO - Task exited with return code 1
[2025-07-31T12:02:07.425+0000] {taskinstance.py:3503} INFO - 0 downstream tasks scheduled from follow-on schedule check
[2025-07-31T12:02:07.429+0000] {local_task_job_runner.py:222} INFO - ::endgroup::
