[2025-07-31T16:20:32.375+0000] {local_task_job_runner.py:120} INFO - ::group::Pre task execution logs
[2025-07-31T16:20:32.441+0000] {taskinstance.py:2076} INFO - Dependencies all met for dep_context=non-requeueable deps ti=<TaskInstance: solar_ai_pipeline_2.decide scheduled__2024-01-15T00:00:00+00:00 [queued]>
[2025-07-31T16:20:32.468+0000] {taskinstance.py:2076} INFO - Dependencies all met for dep_context=requeueable deps ti=<TaskInstance: solar_ai_pipeline_2.decide scheduled__2024-01-15T00:00:00+00:00 [queued]>
[2025-07-31T16:20:32.468+0000] {taskinstance.py:2306} INFO - Starting attempt 1 of 2
[2025-07-31T16:20:32.514+0000] {taskinstance.py:2330} INFO - Executing <Task(PythonOperator): decide> on 2024-01-15 00:00:00+00:00
[2025-07-31T16:20:32.520+0000] {standard_task_runner.py:63} INFO - Started process 91017 to run task
[2025-07-31T16:20:32.523+0000] {standard_task_runner.py:90} INFO - Running: ['airflow', 'tasks', 'run', 'solar_ai_pipeline_2', 'decide', 'scheduled__2024-01-15T00:00:00+00:00', '--job-id', '3423', '--raw', '--subdir', 'DAGS_FOLDER/prophet_pipeline.py', '--cfg-path', '/tmp/tmpfcsik1_4']
[2025-07-31T16:20:32.525+0000] {standard_task_runner.py:91} INFO - Job 3423: Subtask decide
[2025-07-31T16:20:32.752+0000] {task_command.py:426} INFO - Running <TaskInstance: solar_ai_pipeline_2.decide scheduled__2024-01-15T00:00:00+00:00 [running]> on host a2a0dd314bdc
[2025-07-31T16:20:32.929+0000] {taskinstance.py:2648} INFO - Exporting env vars: AIRFLOW_CTX_DAG_OWNER='ensam' AIRFLOW_CTX_DAG_ID='solar_ai_pipeline_2' AIRFLOW_CTX_TASK_ID='decide' AIRFLOW_CTX_EXECUTION_DATE='2024-01-15T00:00:00+00:00' AIRFLOW_CTX_TRY_NUMBER='1' AIRFLOW_CTX_DAG_RUN_ID='scheduled__2024-01-15T00:00:00+00:00'
[2025-07-31T16:20:32.930+0000] {taskinstance.py:430} INFO - ::endgroup::
[2025-07-31T16:20:33.305+0000] {logging_mixin.py:188} INFO - [INFO] Starting decision-making process...
[2025-07-31T16:20:33.319+0000] {logging_mixin.py:188} INFO - 📥 [INFO] Loading data...
[2025-07-31T16:20:33.347+0000] {logging_mixin.py:188} INFO - [INFO] 2024-01-14 23:00:00 → Ne pas chauffer (solaire ou inutilisé) | Temp: 0.11°C, Débit: 0.4440 m³/s, Irrad: 0.00 W/m²
[2025-07-31T16:20:33.348+0000] {logging_mixin.py:188} INFO - [INFO] 2024-01-15 00:00:00 → Ne pas chauffer (solaire ou inutilisé) | Temp: 0.11°C, Débit: 0.3523 m³/s, Irrad: 0.00 W/m²
[2025-07-31T16:20:33.349+0000] {logging_mixin.py:188} INFO - [INFO] 2024-01-15 01:00:00 → Ne pas chauffer (solaire ou inutilisé) | Temp: 0.13°C, Débit: 0.2292 m³/s, Irrad: 0.00 W/m²
[2025-07-31T16:20:33.349+0000] {logging_mixin.py:188} INFO - [INFO] 2024-01-15 02:00:00 → Ne pas chauffer (solaire ou inutilisé) | Temp: 0.17°C, Débit: 0.0958 m³/s, Irrad: 0.00 W/m²
[2025-07-31T16:20:33.350+0000] {logging_mixin.py:188} INFO - [INFO] 2024-01-15 03:00:00 → Ne pas chauffer (solaire ou inutilisé) | Temp: 0.19°C, Débit: 0.0038 m³/s, Irrad: 0.00 W/m²
[2025-07-31T16:20:33.351+0000] {logging_mixin.py:188} INFO - [INFO] 2024-01-15 04:00:00 → Ne pas chauffer (solaire ou inutilisé) | Temp: 0.17°C, Débit: -0.0043 m³/s, Irrad: 0.00 W/m²
[2025-07-31T16:20:33.351+0000] {logging_mixin.py:188} INFO - [INFO] 2024-01-15 05:00:00 → Ne pas chauffer (solaire ou inutilisé) | Temp: 0.16°C, Débit: 0.0644 m³/s, Irrad: 0.00 W/m²
[2025-07-31T16:20:33.352+0000] {logging_mixin.py:188} INFO - [INFO] 2024-01-15 06:00:00 → Ne pas chauffer (solaire ou inutilisé) | Temp: 0.19°C, Débit: 0.1527 m³/s, Irrad: 0.00 W/m²
[2025-07-31T16:20:33.352+0000] {logging_mixin.py:188} INFO - [INFO] 2024-01-15 07:00:00 → Ne pas chauffer (solaire ou inutilisé) | Temp: 0.33°C, Débit: 0.1965 m³/s, Irrad: 0.07 W/m²
[2025-07-31T16:20:33.353+0000] {logging_mixin.py:188} INFO - [INFO] 2024-01-15 08:00:00 → Chauffer (résistance activée) | Temp: 0.55°C, Débit: 0.1772 m³/s, Irrad: 0.25 W/m²
[2025-07-31T16:20:33.353+0000] {logging_mixin.py:188} INFO - [INFO] 2024-01-15 09:00:00 → Ne pas chauffer (solaire ou inutilisé) | Temp: 0.82°C, Débit: 0.1352 m³/s, Irrad: 0.48 W/m²
[2025-07-31T16:20:33.354+0000] {logging_mixin.py:188} INFO - [INFO] 2024-01-15 10:00:00 → Ne pas chauffer (solaire ou inutilisé) | Temp: 1.07°C, Débit: 0.1345 m³/s, Irrad: 0.73 W/m²
[2025-07-31T16:20:33.354+0000] {logging_mixin.py:188} INFO - [INFO] 2024-01-15 11:00:00 → Ne pas chauffer (solaire ou inutilisé) | Temp: 1.24°C, Débit: 0.2086 m³/s, Irrad: 1.00 W/m²
[2025-07-31T16:20:33.355+0000] {logging_mixin.py:188} INFO - [INFO] 2024-01-15 12:00:00 → Ne pas chauffer (solaire ou inutilisé) | Temp: 1.29°C, Débit: 0.3368 m³/s, Irrad: 0.93 W/m²
[2025-07-31T16:20:33.355+0000] {logging_mixin.py:188} INFO - [INFO] 2024-01-15 13:00:00 → Ne pas chauffer (solaire ou inutilisé) | Temp: 1.24°C, Débit: 0.4674 m³/s, Irrad: 0.74 W/m²
[2025-07-31T16:20:33.356+0000] {logging_mixin.py:188} INFO - [INFO] 2024-01-15 14:00:00 → Ne pas chauffer (solaire ou inutilisé) | Temp: 1.08°C, Débit: 0.5626 m³/s, Irrad: 0.50 W/m²
[2025-07-31T16:20:33.356+0000] {logging_mixin.py:188} INFO - [INFO] 2024-01-15 15:00:00 → Ne pas chauffer (solaire ou inutilisé) | Temp: 0.83°C, Débit: 0.6222 m³/s, Irrad: 0.20 W/m²
[2025-07-31T16:20:33.357+0000] {logging_mixin.py:188} INFO - [INFO] 2024-01-15 16:00:00 → Chauffer (résistance activée) | Temp: 0.56°C, Débit: 0.6691 m³/s, Irrad: 0.02 W/m²
[2025-07-31T16:20:33.358+0000] {logging_mixin.py:188} INFO - [INFO] 2024-01-15 17:00:00 → Ne pas chauffer (solaire ou inutilisé) | Temp: 0.30°C, Débit: 0.7151 m³/s, Irrad: 0.00 W/m²
[2025-07-31T16:20:33.358+0000] {logging_mixin.py:188} INFO - [INFO] 2024-01-15 18:00:00 → Ne pas chauffer (solaire ou inutilisé) | Temp: 0.13°C, Débit: 0.7460 m³/s, Irrad: 0.00 W/m²
[2025-07-31T16:20:33.359+0000] {logging_mixin.py:188} INFO - [INFO] 2024-01-15 19:00:00 → Ne pas chauffer (solaire ou inutilisé) | Temp: 0.07°C, Débit: 0.7379 m³/s, Irrad: 0.00 W/m²
[2025-07-31T16:20:33.359+0000] {logging_mixin.py:188} INFO - [INFO] 2024-01-15 20:00:00 → Ne pas chauffer (solaire ou inutilisé) | Temp: 0.07°C, Débit: 0.6848 m³/s, Irrad: 0.00 W/m²
[2025-07-31T16:20:33.360+0000] {logging_mixin.py:188} INFO - [INFO] 2024-01-15 21:00:00 → Ne pas chauffer (solaire ou inutilisé) | Temp: 0.10°C, Débit: 0.6068 m³/s, Irrad: 0.00 W/m²
[2025-07-31T16:20:33.360+0000] {logging_mixin.py:188} INFO - [INFO] 2024-01-15 22:00:00 → Ne pas chauffer (solaire ou inutilisé) | Temp: 0.11°C, Débit: 0.5283 m³/s, Irrad: 0.00 W/m²
[2025-07-31T16:20:33.371+0000] {logging_mixin.py:188} INFO - [INFO] All hourly decisions saved to /opt/airflow/dags/logs/decision_2024-01-15.csv
[2025-07-31T16:20:33.413+0000] {python.py:237} INFO - Done. Returned value was: [{'datetime': '2024-01-14 23:00:00', 'temp': 0.11, 'flow': 0.444, 'irradiance': 0.0, 'action': 0, 'text': 'Ne pas chauffer (solaire ou inutilisé)'}, {'datetime': '2024-01-15 00:00:00', 'temp': 0.11, 'flow': 0.3523, 'irradiance': 0.0, 'action': 0, 'text': 'Ne pas chauffer (solaire ou inutilisé)'}, {'datetime': '2024-01-15 01:00:00', 'temp': 0.13, 'flow': 0.2292, 'irradiance': 0.0, 'action': 0, 'text': 'Ne pas chauffer (solaire ou inutilisé)'}, {'datetime': '2024-01-15 02:00:00', 'temp': 0.17, 'flow': 0.0958, 'irradiance': 0.0, 'action': 0, 'text': 'Ne pas chauffer (solaire ou inutilisé)'}, {'datetime': '2024-01-15 03:00:00', 'temp': 0.19, 'flow': 0.0038, 'irradiance': 0.0, 'action': 0, 'text': 'Ne pas chauffer (solaire ou inutilisé)'}, {'datetime': '2024-01-15 04:00:00', 'temp': 0.17, 'flow': -0.0043, 'irradiance': 0.0, 'action': 0, 'text': 'Ne pas chauffer (solaire ou inutilisé)'}, {'datetime': '2024-01-15 05:00:00', 'temp': 0.16, 'flow': 0.0644, 'irradiance': 0.0, 'action': 0, 'text': 'Ne pas chauffer (solaire ou inutilisé)'}, {'datetime': '2024-01-15 06:00:00', 'temp': 0.19, 'flow': 0.1527, 'irradiance': 0.0, 'action': 0, 'text': 'Ne pas chauffer (solaire ou inutilisé)'}, {'datetime': '2024-01-15 07:00:00', 'temp': 0.33, 'flow': 0.1965, 'irradiance': 0.07, 'action': 0, 'text': 'Ne pas chauffer (solaire ou inutilisé)'}, {'datetime': '2024-01-15 08:00:00', 'temp': 0.55, 'flow': 0.1772, 'irradiance': 0.25, 'action': 1, 'text': 'Chauffer (résistance activée)'}, {'datetime': '2024-01-15 09:00:00', 'temp': 0.82, 'flow': 0.1352, 'irradiance': 0.48, 'action': 0, 'text': 'Ne pas chauffer (solaire ou inutilisé)'}, {'datetime': '2024-01-15 10:00:00', 'temp': 1.07, 'flow': 0.1345, 'irradiance': 0.73, 'action': 0, 'text': 'Ne pas chauffer (solaire ou inutilisé)'}, {'datetime': '2024-01-15 11:00:00', 'temp': 1.24, 'flow': 0.2086, 'irradiance': 1.0, 'action': 0, 'text': 'Ne pas chauffer (solaire ou inutilisé)'}, {'datetime': '2024-01-15 12:00:00', 'temp': 1.29, 'flow': 0.3368, 'irradiance': 0.93, 'action': 0, 'text': 'Ne pas chauffer (solaire ou inutilisé)'}, {'datetime': '2024-01-15 13:00:00', 'temp': 1.24, 'flow': 0.4674, 'irradiance': 0.74, 'action': 0, 'text': 'Ne pas chauffer (solaire ou inutilisé)'}, {'datetime': '2024-01-15 14:00:00', 'temp': 1.08, 'flow': 0.5626, 'irradiance': 0.5, 'action': 0, 'text': 'Ne pas chauffer (solaire ou inutilisé)'}, {'datetime': '2024-01-15 15:00:00', 'temp': 0.83, 'flow': 0.6222, 'irradiance': 0.2, 'action': 0, 'text': 'Ne pas chauffer (solaire ou inutilisé)'}, {'datetime': '2024-01-15 16:00:00', 'temp': 0.56, 'flow': 0.6691, 'irradiance': 0.02, 'action': 1, 'text': 'Chauffer (résistance activée)'}, {'datetime': '2024-01-15 17:00:00', 'temp': 0.3, 'flow': 0.7151, 'irradiance': 0.0, 'action': 0, 'text': 'Ne pas chauffer (solaire ou inutilisé)'}, {'datetime': '2024-01-15 18:00:00', 'temp': 0.13, 'flow': 0.746, 'irradiance': 0.0, 'action': 0, 'text': 'Ne pas chauffer (solaire ou inutilisé)'}, {'datetime': '2024-01-15 19:00:00', 'temp': 0.07, 'flow': 0.7379, 'irradiance': 0.0, 'action': 0, 'text': 'Ne pas chauffer (solaire ou inutilisé)'}, {'datetime': '2024-01-15 20:00:00', 'temp': 0.07, 'flow': 0.6848, 'irradiance': 0.0, 'action': 0, 'text': 'Ne pas chauffer (solaire ou inutilisé)'}, {'datetime': '2024-01-15 21:00:00', 'temp': 0.1, 'flow': 0.6068, 'irradiance': 0.0, 'action': 0, 'text': 'Ne pas chauffer (solaire ou inutilisé)'}, {'datetime': '2024-01-15 22:00:00', 'temp': 0.11, 'flow': 0.5283, 'irradiance': 0.0, 'action': 0, 'text': 'Ne pas chauffer (solaire ou inutilisé)'}]
[2025-07-31T16:20:33.413+0000] {taskinstance.py:441} INFO - ::group::Post task execution logs
[2025-07-31T16:20:33.470+0000] {taskinstance.py:1206} INFO - Marking task as SUCCESS. dag_id=solar_ai_pipeline_2, task_id=decide, run_id=scheduled__2024-01-15T00:00:00+00:00, execution_date=20240115T000000, start_date=20250731T162032, end_date=20250731T162033
[2025-07-31T16:20:33.540+0000] {local_task_job_runner.py:240} INFO - Task exited with return code 0
[2025-07-31T16:20:33.563+0000] {taskinstance.py:3503} INFO - 0 downstream tasks scheduled from follow-on schedule check
[2025-07-31T16:20:33.565+0000] {local_task_job_runner.py:222} INFO - ::endgroup::
