[2025-07-31T11:50:34.500+0000] {local_task_job_runner.py:120} INFO - ::group::Pre task execution logs
[2025-07-31T11:50:34.691+0000] {taskinstance.py:2076} INFO - Dependencies all met for dep_context=non-requeueable deps ti=<TaskInstance: solar_ai_pipeline_2.train_prophet scheduled__2023-07-11T00:00:00+00:00 [queued]>
[2025-07-31T11:50:34.758+0000] {taskinstance.py:2076} INFO - Dependencies all met for dep_context=requeueable deps ti=<TaskInstance: solar_ai_pipeline_2.train_prophet scheduled__2023-07-11T00:00:00+00:00 [queued]>
[2025-07-31T11:50:34.762+0000] {taskinstance.py:2306} INFO - Starting attempt 3 of 4
[2025-07-31T11:50:34.933+0000] {taskinstance.py:2330} INFO - Executing <Task(PythonOperator): train_prophet> on 2023-07-11 00:00:00+00:00
[2025-07-31T11:50:34.945+0000] {standard_task_runner.py:63} INFO - Started process 3550 to run task
[2025-07-31T11:50:34.957+0000] {standard_task_runner.py:90} INFO - Running: ['airflow', 'tasks', 'run', 'solar_ai_pipeline_2', 'train_prophet', 'scheduled__2023-07-11T00:00:00+00:00', '--job-id', '2902', '--raw', '--subdir', 'DAGS_FOLDER/prophet_pipeline.py', '--cfg-path', '/tmp/tmp_nj1tvgd']
[2025-07-31T11:50:34.964+0000] {standard_task_runner.py:91} INFO - Job 2902: Subtask train_prophet
[2025-07-31T11:50:35.255+0000] {task_command.py:426} INFO - Running <TaskInstance: solar_ai_pipeline_2.train_prophet scheduled__2023-07-11T00:00:00+00:00 [running]> on host a2a0dd314bdc
[2025-07-31T11:50:35.641+0000] {taskinstance.py:2648} INFO - Exporting env vars: AIRFLOW_CTX_DAG_OWNER='ensam' AIRFLOW_CTX_DAG_ID='solar_ai_pipeline_2' AIRFLOW_CTX_TASK_ID='train_prophet' AIRFLOW_CTX_EXECUTION_DATE='2023-07-11T00:00:00+00:00' AIRFLOW_CTX_TRY_NUMBER='3' AIRFLOW_CTX_DAG_RUN_ID='scheduled__2023-07-11T00:00:00+00:00'
[2025-07-31T11:50:35.643+0000] {taskinstance.py:430} INFO - ::endgroup::
[2025-07-31T11:50:36.656+0000] {plot.py:39} ERROR - Importing plotly failed. Interactive plots will not work.
[2025-07-31T11:50:36.666+0000] {logging_mixin.py:188} INFO - Training from 2023-01-01 to 2023-01-12
[2025-07-31T11:50:36.993+0000] {logging_mixin.py:188} INFO - Test 1/18: {'changepoint_prior_scale': 0.01, 'seasonality_prior_scale': 1.0, 'seasonality_mode': 'additive'}
[2025-07-31T11:50:37.047+0000] {filesystem.py:118} DEBUG - input tempfile: /tmp/tmp05p98vi1/rnspcdz9.json
[2025-07-31T11:50:37.078+0000] {filesystem.py:118} DEBUG - input tempfile: /tmp/tmp05p98vi1/lhza5nzf.json
[2025-07-31T11:50:37.080+0000] {model.py:2042} DEBUG - idx 0
[2025-07-31T11:50:37.081+0000] {model.py:2043} DEBUG - running CmdStan, num_threads: None
[2025-07-31T11:50:37.082+0000] {model.py:2055} DEBUG - CmdStan args: ['/home/airflow/.local/lib/python3.11/site-packages/prophet/stan_model/prophet_model.bin', 'random', 'seed=48298', 'data', 'file=/tmp/tmp05p98vi1/rnspcdz9.json', 'init=/tmp/tmp05p98vi1/lhza5nzf.json', 'output', 'file=/tmp/tmp05p98vi1/prophet_modelz3axqm7l/prophet_model-20250731115037.csv', 'method=optimize', 'algorithm=lbfgs', 'iter=10000']
[2025-07-31T11:50:37.083+0000] {logging_mixin.py:188} WARNING - 11:50:37 - cmdstanpy - INFO - Chain [1] start processing
[2025-07-31T11:50:37.083+0000] {model.py:2058} INFO - Chain [1] start processing
[2025-07-31T11:50:37.115+0000] {logging_mixin.py:188} WARNING - 11:50:37 - cmdstanpy - INFO - Chain [1] done processing
[2025-07-31T11:50:37.115+0000] {model.py:2115} INFO - Chain [1] done processing
[2025-07-31T11:50:37.119+0000] {logging_mixin.py:188} INFO - Erreur pour {'changepoint_prior_scale': 0.01, 'seasonality_prior_scale': 1.0, 'seasonality_mode': 'additive'}: Less data than horizon after initial window. Make horizon or initial shorter.
[2025-07-31T11:50:37.120+0000] {logging_mixin.py:188} INFO - Test 2/18: {'changepoint_prior_scale': 0.01, 'seasonality_prior_scale': 1.0, 'seasonality_mode': 'multiplicative'}
[2025-07-31T11:50:37.140+0000] {filesystem.py:118} DEBUG - input tempfile: /tmp/tmp05p98vi1/gu_dp5aj.json
[2025-07-31T11:50:37.170+0000] {filesystem.py:118} DEBUG - input tempfile: /tmp/tmp05p98vi1/x5ryvvqt.json
[2025-07-31T11:50:37.172+0000] {model.py:2042} DEBUG - idx 0
[2025-07-31T11:50:37.173+0000] {model.py:2043} DEBUG - running CmdStan, num_threads: None
[2025-07-31T11:50:37.174+0000] {model.py:2055} DEBUG - CmdStan args: ['/home/airflow/.local/lib/python3.11/site-packages/prophet/stan_model/prophet_model.bin', 'random', 'seed=17036', 'data', 'file=/tmp/tmp05p98vi1/gu_dp5aj.json', 'init=/tmp/tmp05p98vi1/x5ryvvqt.json', 'output', 'file=/tmp/tmp05p98vi1/prophet_modelbvtuffdy/prophet_model-20250731115037.csv', 'method=optimize', 'algorithm=lbfgs', 'iter=10000']
[2025-07-31T11:50:37.175+0000] {logging_mixin.py:188} WARNING - 11:50:37 - cmdstanpy - INFO - Chain [1] start processing
[2025-07-31T11:50:37.175+0000] {model.py:2058} INFO - Chain [1] start processing
[2025-07-31T11:50:37.215+0000] {logging_mixin.py:188} WARNING - 11:50:37 - cmdstanpy - INFO - Chain [1] done processing
[2025-07-31T11:50:37.215+0000] {model.py:2115} INFO - Chain [1] done processing
[2025-07-31T11:50:37.219+0000] {logging_mixin.py:188} INFO - Erreur pour {'changepoint_prior_scale': 0.01, 'seasonality_prior_scale': 1.0, 'seasonality_mode': 'multiplicative'}: Less data than horizon after initial window. Make horizon or initial shorter.
[2025-07-31T11:50:37.220+0000] {logging_mixin.py:188} INFO - Test 3/18: {'changepoint_prior_scale': 0.01, 'seasonality_prior_scale': 5.0, 'seasonality_mode': 'additive'}
[2025-07-31T11:50:37.243+0000] {filesystem.py:118} DEBUG - input tempfile: /tmp/tmp05p98vi1/frmvul6v.json
[2025-07-31T11:50:37.297+0000] {filesystem.py:118} DEBUG - input tempfile: /tmp/tmp05p98vi1/jiinb_ew.json
[2025-07-31T11:50:37.299+0000] {model.py:2042} DEBUG - idx 0
[2025-07-31T11:50:37.300+0000] {model.py:2043} DEBUG - running CmdStan, num_threads: None
[2025-07-31T11:50:37.300+0000] {model.py:2055} DEBUG - CmdStan args: ['/home/airflow/.local/lib/python3.11/site-packages/prophet/stan_model/prophet_model.bin', 'random', 'seed=55620', 'data', 'file=/tmp/tmp05p98vi1/frmvul6v.json', 'init=/tmp/tmp05p98vi1/jiinb_ew.json', 'output', 'file=/tmp/tmp05p98vi1/prophet_modelukkkuvn8/prophet_model-20250731115037.csv', 'method=optimize', 'algorithm=lbfgs', 'iter=10000']
[2025-07-31T11:50:37.301+0000] {logging_mixin.py:188} WARNING - 11:50:37 - cmdstanpy - INFO - Chain [1] start processing
[2025-07-31T11:50:37.301+0000] {model.py:2058} INFO - Chain [1] start processing
[2025-07-31T11:50:37.336+0000] {logging_mixin.py:188} WARNING - 11:50:37 - cmdstanpy - INFO - Chain [1] done processing
[2025-07-31T11:50:37.336+0000] {model.py:2115} INFO - Chain [1] done processing
[2025-07-31T11:50:37.340+0000] {logging_mixin.py:188} INFO - Erreur pour {'changepoint_prior_scale': 0.01, 'seasonality_prior_scale': 5.0, 'seasonality_mode': 'additive'}: Less data than horizon after initial window. Make horizon or initial shorter.
[2025-07-31T11:50:37.340+0000] {logging_mixin.py:188} INFO - Test 4/18: {'changepoint_prior_scale': 0.01, 'seasonality_prior_scale': 5.0, 'seasonality_mode': 'multiplicative'}
[2025-07-31T11:50:37.360+0000] {filesystem.py:118} DEBUG - input tempfile: /tmp/tmp05p98vi1/emyrmcgc.json
[2025-07-31T11:50:37.396+0000] {filesystem.py:118} DEBUG - input tempfile: /tmp/tmp05p98vi1/125lo2o5.json
[2025-07-31T11:50:37.398+0000] {model.py:2042} DEBUG - idx 0
[2025-07-31T11:50:37.399+0000] {model.py:2043} DEBUG - running CmdStan, num_threads: None
[2025-07-31T11:50:37.399+0000] {model.py:2055} DEBUG - CmdStan args: ['/home/airflow/.local/lib/python3.11/site-packages/prophet/stan_model/prophet_model.bin', 'random', 'seed=66621', 'data', 'file=/tmp/tmp05p98vi1/emyrmcgc.json', 'init=/tmp/tmp05p98vi1/125lo2o5.json', 'output', 'file=/tmp/tmp05p98vi1/prophet_modeln81ai7ct/prophet_model-20250731115037.csv', 'method=optimize', 'algorithm=lbfgs', 'iter=10000']
[2025-07-31T11:50:37.400+0000] {logging_mixin.py:188} WARNING - 11:50:37 - cmdstanpy - INFO - Chain [1] start processing
[2025-07-31T11:50:37.400+0000] {model.py:2058} INFO - Chain [1] start processing
[2025-07-31T11:50:37.431+0000] {logging_mixin.py:188} WARNING - 11:50:37 - cmdstanpy - INFO - Chain [1] done processing
[2025-07-31T11:50:37.431+0000] {model.py:2115} INFO - Chain [1] done processing
[2025-07-31T11:50:37.435+0000] {logging_mixin.py:188} INFO - Erreur pour {'changepoint_prior_scale': 0.01, 'seasonality_prior_scale': 5.0, 'seasonality_mode': 'multiplicative'}: Less data than horizon after initial window. Make horizon or initial shorter.
[2025-07-31T11:50:37.436+0000] {logging_mixin.py:188} INFO - Test 5/18: {'changepoint_prior_scale': 0.01, 'seasonality_prior_scale': 10.0, 'seasonality_mode': 'additive'}
[2025-07-31T11:50:37.453+0000] {filesystem.py:118} DEBUG - input tempfile: /tmp/tmp05p98vi1/3sg2zusc.json
[2025-07-31T11:50:37.488+0000] {filesystem.py:118} DEBUG - input tempfile: /tmp/tmp05p98vi1/v19wsfl5.json
[2025-07-31T11:50:37.489+0000] {model.py:2042} DEBUG - idx 0
[2025-07-31T11:50:37.490+0000] {model.py:2043} DEBUG - running CmdStan, num_threads: None
[2025-07-31T11:50:37.491+0000] {model.py:2055} DEBUG - CmdStan args: ['/home/airflow/.local/lib/python3.11/site-packages/prophet/stan_model/prophet_model.bin', 'random', 'seed=80740', 'data', 'file=/tmp/tmp05p98vi1/3sg2zusc.json', 'init=/tmp/tmp05p98vi1/v19wsfl5.json', 'output', 'file=/tmp/tmp05p98vi1/prophet_model89spmltf/prophet_model-20250731115037.csv', 'method=optimize', 'algorithm=lbfgs', 'iter=10000']
[2025-07-31T11:50:37.491+0000] {logging_mixin.py:188} WARNING - 11:50:37 - cmdstanpy - INFO - Chain [1] start processing
[2025-07-31T11:50:37.491+0000] {model.py:2058} INFO - Chain [1] start processing
[2025-07-31T11:50:37.526+0000] {logging_mixin.py:188} WARNING - 11:50:37 - cmdstanpy - INFO - Chain [1] done processing
[2025-07-31T11:50:37.526+0000] {model.py:2115} INFO - Chain [1] done processing
[2025-07-31T11:50:37.530+0000] {logging_mixin.py:188} INFO - Erreur pour {'changepoint_prior_scale': 0.01, 'seasonality_prior_scale': 10.0, 'seasonality_mode': 'additive'}: Less data than horizon after initial window. Make horizon or initial shorter.
[2025-07-31T11:50:37.530+0000] {logging_mixin.py:188} INFO - Test 6/18: {'changepoint_prior_scale': 0.01, 'seasonality_prior_scale': 10.0, 'seasonality_mode': 'multiplicative'}
[2025-07-31T11:50:37.548+0000] {filesystem.py:118} DEBUG - input tempfile: /tmp/tmp05p98vi1/g5h2abh5.json
[2025-07-31T11:50:37.581+0000] {filesystem.py:118} DEBUG - input tempfile: /tmp/tmp05p98vi1/n5sh9sml.json
[2025-07-31T11:50:37.583+0000] {model.py:2042} DEBUG - idx 0
[2025-07-31T11:50:37.584+0000] {model.py:2043} DEBUG - running CmdStan, num_threads: None
[2025-07-31T11:50:37.585+0000] {model.py:2055} DEBUG - CmdStan args: ['/home/airflow/.local/lib/python3.11/site-packages/prophet/stan_model/prophet_model.bin', 'random', 'seed=54163', 'data', 'file=/tmp/tmp05p98vi1/g5h2abh5.json', 'init=/tmp/tmp05p98vi1/n5sh9sml.json', 'output', 'file=/tmp/tmp05p98vi1/prophet_model_rne5085/prophet_model-20250731115037.csv', 'method=optimize', 'algorithm=lbfgs', 'iter=10000']
[2025-07-31T11:50:37.585+0000] {logging_mixin.py:188} WARNING - 11:50:37 - cmdstanpy - INFO - Chain [1] start processing
[2025-07-31T11:50:37.585+0000] {model.py:2058} INFO - Chain [1] start processing
[2025-07-31T11:50:37.627+0000] {logging_mixin.py:188} WARNING - 11:50:37 - cmdstanpy - INFO - Chain [1] done processing
[2025-07-31T11:50:37.627+0000] {model.py:2115} INFO - Chain [1] done processing
[2025-07-31T11:50:37.633+0000] {logging_mixin.py:188} INFO - Erreur pour {'changepoint_prior_scale': 0.01, 'seasonality_prior_scale': 10.0, 'seasonality_mode': 'multiplicative'}: Less data than horizon after initial window. Make horizon or initial shorter.
[2025-07-31T11:50:37.634+0000] {logging_mixin.py:188} INFO - Test 7/18: {'changepoint_prior_scale': 0.05, 'seasonality_prior_scale': 1.0, 'seasonality_mode': 'additive'}
[2025-07-31T11:50:37.669+0000] {filesystem.py:118} DEBUG - input tempfile: /tmp/tmp05p98vi1/ma902h1m.json
[2025-07-31T11:50:37.722+0000] {filesystem.py:118} DEBUG - input tempfile: /tmp/tmp05p98vi1/09aaf0ja.json
[2025-07-31T11:50:37.727+0000] {model.py:2042} DEBUG - idx 0
[2025-07-31T11:50:37.728+0000] {model.py:2043} DEBUG - running CmdStan, num_threads: None
[2025-07-31T11:50:37.729+0000] {model.py:2055} DEBUG - CmdStan args: ['/home/airflow/.local/lib/python3.11/site-packages/prophet/stan_model/prophet_model.bin', 'random', 'seed=48858', 'data', 'file=/tmp/tmp05p98vi1/ma902h1m.json', 'init=/tmp/tmp05p98vi1/09aaf0ja.json', 'output', 'file=/tmp/tmp05p98vi1/prophet_modelkv3yu0g2/prophet_model-20250731115037.csv', 'method=optimize', 'algorithm=lbfgs', 'iter=10000']
[2025-07-31T11:50:37.729+0000] {logging_mixin.py:188} WARNING - 11:50:37 - cmdstanpy - INFO - Chain [1] start processing
[2025-07-31T11:50:37.729+0000] {model.py:2058} INFO - Chain [1] start processing
[2025-07-31T11:50:37.765+0000] {logging_mixin.py:188} WARNING - 11:50:37 - cmdstanpy - INFO - Chain [1] done processing
[2025-07-31T11:50:37.765+0000] {model.py:2115} INFO - Chain [1] done processing
[2025-07-31T11:50:37.770+0000] {logging_mixin.py:188} INFO - Erreur pour {'changepoint_prior_scale': 0.05, 'seasonality_prior_scale': 1.0, 'seasonality_mode': 'additive'}: Less data than horizon after initial window. Make horizon or initial shorter.
[2025-07-31T11:50:37.771+0000] {logging_mixin.py:188} INFO - Test 8/18: {'changepoint_prior_scale': 0.05, 'seasonality_prior_scale': 1.0, 'seasonality_mode': 'multiplicative'}
[2025-07-31T11:50:37.795+0000] {filesystem.py:118} DEBUG - input tempfile: /tmp/tmp05p98vi1/c0i1cgj1.json
[2025-07-31T11:50:37.827+0000] {filesystem.py:118} DEBUG - input tempfile: /tmp/tmp05p98vi1/wu8iek38.json
[2025-07-31T11:50:37.829+0000] {model.py:2042} DEBUG - idx 0
[2025-07-31T11:50:37.830+0000] {model.py:2043} DEBUG - running CmdStan, num_threads: None
[2025-07-31T11:50:37.830+0000] {model.py:2055} DEBUG - CmdStan args: ['/home/airflow/.local/lib/python3.11/site-packages/prophet/stan_model/prophet_model.bin', 'random', 'seed=97466', 'data', 'file=/tmp/tmp05p98vi1/c0i1cgj1.json', 'init=/tmp/tmp05p98vi1/wu8iek38.json', 'output', 'file=/tmp/tmp05p98vi1/prophet_model6p8yopiq/prophet_model-20250731115037.csv', 'method=optimize', 'algorithm=lbfgs', 'iter=10000']
[2025-07-31T11:50:37.831+0000] {logging_mixin.py:188} WARNING - 11:50:37 - cmdstanpy - INFO - Chain [1] start processing
[2025-07-31T11:50:37.831+0000] {model.py:2058} INFO - Chain [1] start processing
[2025-07-31T11:50:37.881+0000] {logging_mixin.py:188} WARNING - 11:50:37 - cmdstanpy - INFO - Chain [1] done processing
[2025-07-31T11:50:37.881+0000] {model.py:2115} INFO - Chain [1] done processing
[2025-07-31T11:50:37.885+0000] {logging_mixin.py:188} INFO - Erreur pour {'changepoint_prior_scale': 0.05, 'seasonality_prior_scale': 1.0, 'seasonality_mode': 'multiplicative'}: Less data than horizon after initial window. Make horizon or initial shorter.
[2025-07-31T11:50:37.885+0000] {logging_mixin.py:188} INFO - Test 9/18: {'changepoint_prior_scale': 0.05, 'seasonality_prior_scale': 5.0, 'seasonality_mode': 'additive'}
[2025-07-31T11:50:37.905+0000] {filesystem.py:118} DEBUG - input tempfile: /tmp/tmp05p98vi1/_u9k45n7.json
[2025-07-31T11:50:37.938+0000] {filesystem.py:118} DEBUG - input tempfile: /tmp/tmp05p98vi1/c_4lc016.json
[2025-07-31T11:50:37.943+0000] {model.py:2042} DEBUG - idx 0
[2025-07-31T11:50:37.943+0000] {model.py:2043} DEBUG - running CmdStan, num_threads: None
[2025-07-31T11:50:37.944+0000] {model.py:2055} DEBUG - CmdStan args: ['/home/airflow/.local/lib/python3.11/site-packages/prophet/stan_model/prophet_model.bin', 'random', 'seed=48254', 'data', 'file=/tmp/tmp05p98vi1/_u9k45n7.json', 'init=/tmp/tmp05p98vi1/c_4lc016.json', 'output', 'file=/tmp/tmp05p98vi1/prophet_model16pvxuuj/prophet_model-20250731115037.csv', 'method=optimize', 'algorithm=lbfgs', 'iter=10000']
[2025-07-31T11:50:37.944+0000] {logging_mixin.py:188} WARNING - 11:50:37 - cmdstanpy - INFO - Chain [1] start processing
[2025-07-31T11:50:37.944+0000] {model.py:2058} INFO - Chain [1] start processing
[2025-07-31T11:50:37.976+0000] {logging_mixin.py:188} WARNING - 11:50:37 - cmdstanpy - INFO - Chain [1] done processing
[2025-07-31T11:50:37.976+0000] {model.py:2115} INFO - Chain [1] done processing
[2025-07-31T11:50:37.981+0000] {logging_mixin.py:188} INFO - Erreur pour {'changepoint_prior_scale': 0.05, 'seasonality_prior_scale': 5.0, 'seasonality_mode': 'additive'}: Less data than horizon after initial window. Make horizon or initial shorter.
[2025-07-31T11:50:37.982+0000] {logging_mixin.py:188} INFO - Test 10/18: {'changepoint_prior_scale': 0.05, 'seasonality_prior_scale': 5.0, 'seasonality_mode': 'multiplicative'}
[2025-07-31T11:50:38.004+0000] {filesystem.py:118} DEBUG - input tempfile: /tmp/tmp05p98vi1/2c6g4pse.json
[2025-07-31T11:50:38.034+0000] {filesystem.py:118} DEBUG - input tempfile: /tmp/tmp05p98vi1/sjxgrv_w.json
[2025-07-31T11:50:38.036+0000] {model.py:2042} DEBUG - idx 0
[2025-07-31T11:50:38.037+0000] {model.py:2043} DEBUG - running CmdStan, num_threads: None
[2025-07-31T11:50:38.038+0000] {model.py:2055} DEBUG - CmdStan args: ['/home/airflow/.local/lib/python3.11/site-packages/prophet/stan_model/prophet_model.bin', 'random', 'seed=7891', 'data', 'file=/tmp/tmp05p98vi1/2c6g4pse.json', 'init=/tmp/tmp05p98vi1/sjxgrv_w.json', 'output', 'file=/tmp/tmp05p98vi1/prophet_modelaisdv8q3/prophet_model-20250731115038.csv', 'method=optimize', 'algorithm=lbfgs', 'iter=10000']
[2025-07-31T11:50:38.039+0000] {logging_mixin.py:188} WARNING - 11:50:38 - cmdstanpy - INFO - Chain [1] start processing
[2025-07-31T11:50:38.039+0000] {model.py:2058} INFO - Chain [1] start processing
[2025-07-31T11:50:38.079+0000] {logging_mixin.py:188} WARNING - 11:50:38 - cmdstanpy - INFO - Chain [1] done processing
[2025-07-31T11:50:38.079+0000] {model.py:2115} INFO - Chain [1] done processing
[2025-07-31T11:50:38.083+0000] {logging_mixin.py:188} INFO - Erreur pour {'changepoint_prior_scale': 0.05, 'seasonality_prior_scale': 5.0, 'seasonality_mode': 'multiplicative'}: Less data than horizon after initial window. Make horizon or initial shorter.
[2025-07-31T11:50:38.084+0000] {logging_mixin.py:188} INFO - Test 11/18: {'changepoint_prior_scale': 0.05, 'seasonality_prior_scale': 10.0, 'seasonality_mode': 'additive'}
[2025-07-31T11:50:38.101+0000] {filesystem.py:118} DEBUG - input tempfile: /tmp/tmp05p98vi1/efc0itdb.json
[2025-07-31T11:50:38.132+0000] {filesystem.py:118} DEBUG - input tempfile: /tmp/tmp05p98vi1/uw2bk_4l.json
[2025-07-31T11:50:38.133+0000] {model.py:2042} DEBUG - idx 0
[2025-07-31T11:50:38.134+0000] {model.py:2043} DEBUG - running CmdStan, num_threads: None
[2025-07-31T11:50:38.135+0000] {model.py:2055} DEBUG - CmdStan args: ['/home/airflow/.local/lib/python3.11/site-packages/prophet/stan_model/prophet_model.bin', 'random', 'seed=13265', 'data', 'file=/tmp/tmp05p98vi1/efc0itdb.json', 'init=/tmp/tmp05p98vi1/uw2bk_4l.json', 'output', 'file=/tmp/tmp05p98vi1/prophet_modelrxatiw9j/prophet_model-20250731115038.csv', 'method=optimize', 'algorithm=lbfgs', 'iter=10000']
[2025-07-31T11:50:38.135+0000] {logging_mixin.py:188} WARNING - 11:50:38 - cmdstanpy - INFO - Chain [1] start processing
[2025-07-31T11:50:38.135+0000] {model.py:2058} INFO - Chain [1] start processing
[2025-07-31T11:50:38.170+0000] {logging_mixin.py:188} WARNING - 11:50:38 - cmdstanpy - INFO - Chain [1] done processing
[2025-07-31T11:50:38.170+0000] {model.py:2115} INFO - Chain [1] done processing
[2025-07-31T11:50:38.176+0000] {logging_mixin.py:188} INFO - Erreur pour {'changepoint_prior_scale': 0.05, 'seasonality_prior_scale': 10.0, 'seasonality_mode': 'additive'}: Less data than horizon after initial window. Make horizon or initial shorter.
[2025-07-31T11:50:38.177+0000] {logging_mixin.py:188} INFO - Test 12/18: {'changepoint_prior_scale': 0.05, 'seasonality_prior_scale': 10.0, 'seasonality_mode': 'multiplicative'}
[2025-07-31T11:50:38.200+0000] {filesystem.py:118} DEBUG - input tempfile: /tmp/tmp05p98vi1/1_8q_e7l.json
[2025-07-31T11:50:38.253+0000] {filesystem.py:118} DEBUG - input tempfile: /tmp/tmp05p98vi1/_2kfys55.json
[2025-07-31T11:50:38.257+0000] {model.py:2042} DEBUG - idx 0
[2025-07-31T11:50:38.258+0000] {model.py:2043} DEBUG - running CmdStan, num_threads: None
[2025-07-31T11:50:38.259+0000] {model.py:2055} DEBUG - CmdStan args: ['/home/airflow/.local/lib/python3.11/site-packages/prophet/stan_model/prophet_model.bin', 'random', 'seed=85367', 'data', 'file=/tmp/tmp05p98vi1/1_8q_e7l.json', 'init=/tmp/tmp05p98vi1/_2kfys55.json', 'output', 'file=/tmp/tmp05p98vi1/prophet_modelo90erxq7/prophet_model-20250731115038.csv', 'method=optimize', 'algorithm=lbfgs', 'iter=10000']
[2025-07-31T11:50:38.259+0000] {logging_mixin.py:188} WARNING - 11:50:38 - cmdstanpy - INFO - Chain [1] start processing
[2025-07-31T11:50:38.259+0000] {model.py:2058} INFO - Chain [1] start processing
[2025-07-31T11:50:38.318+0000] {logging_mixin.py:188} WARNING - 11:50:38 - cmdstanpy - INFO - Chain [1] done processing
[2025-07-31T11:50:38.318+0000] {model.py:2115} INFO - Chain [1] done processing
[2025-07-31T11:50:38.325+0000] {logging_mixin.py:188} INFO - Erreur pour {'changepoint_prior_scale': 0.05, 'seasonality_prior_scale': 10.0, 'seasonality_mode': 'multiplicative'}: Less data than horizon after initial window. Make horizon or initial shorter.
[2025-07-31T11:50:38.326+0000] {logging_mixin.py:188} INFO - Test 13/18: {'changepoint_prior_scale': 0.1, 'seasonality_prior_scale': 1.0, 'seasonality_mode': 'additive'}
[2025-07-31T11:50:38.358+0000] {filesystem.py:118} DEBUG - input tempfile: /tmp/tmp05p98vi1/9hzuehw2.json
[2025-07-31T11:50:38.412+0000] {filesystem.py:118} DEBUG - input tempfile: /tmp/tmp05p98vi1/4lu5yhhw.json
[2025-07-31T11:50:38.418+0000] {model.py:2042} DEBUG - idx 0
[2025-07-31T11:50:38.419+0000] {model.py:2043} DEBUG - running CmdStan, num_threads: None
[2025-07-31T11:50:38.420+0000] {model.py:2055} DEBUG - CmdStan args: ['/home/airflow/.local/lib/python3.11/site-packages/prophet/stan_model/prophet_model.bin', 'random', 'seed=65745', 'data', 'file=/tmp/tmp05p98vi1/9hzuehw2.json', 'init=/tmp/tmp05p98vi1/4lu5yhhw.json', 'output', 'file=/tmp/tmp05p98vi1/prophet_modelb3zvhq1f/prophet_model-20250731115038.csv', 'method=optimize', 'algorithm=lbfgs', 'iter=10000']
[2025-07-31T11:50:38.421+0000] {logging_mixin.py:188} WARNING - 11:50:38 - cmdstanpy - INFO - Chain [1] start processing
[2025-07-31T11:50:38.421+0000] {model.py:2058} INFO - Chain [1] start processing
[2025-07-31T11:50:38.467+0000] {logging_mixin.py:188} WARNING - 11:50:38 - cmdstanpy - INFO - Chain [1] done processing
[2025-07-31T11:50:38.467+0000] {model.py:2115} INFO - Chain [1] done processing
[2025-07-31T11:50:38.471+0000] {logging_mixin.py:188} INFO - Erreur pour {'changepoint_prior_scale': 0.1, 'seasonality_prior_scale': 1.0, 'seasonality_mode': 'additive'}: Less data than horizon after initial window. Make horizon or initial shorter.
[2025-07-31T11:50:38.471+0000] {logging_mixin.py:188} INFO - Test 14/18: {'changepoint_prior_scale': 0.1, 'seasonality_prior_scale': 1.0, 'seasonality_mode': 'multiplicative'}
[2025-07-31T11:50:38.489+0000] {filesystem.py:118} DEBUG - input tempfile: /tmp/tmp05p98vi1/p21r4x1x.json
[2025-07-31T11:50:38.542+0000] {filesystem.py:118} DEBUG - input tempfile: /tmp/tmp05p98vi1/chcgwi96.json
[2025-07-31T11:50:38.544+0000] {model.py:2042} DEBUG - idx 0
[2025-07-31T11:50:38.546+0000] {model.py:2043} DEBUG - running CmdStan, num_threads: None
[2025-07-31T11:50:38.546+0000] {model.py:2055} DEBUG - CmdStan args: ['/home/airflow/.local/lib/python3.11/site-packages/prophet/stan_model/prophet_model.bin', 'random', 'seed=17997', 'data', 'file=/tmp/tmp05p98vi1/p21r4x1x.json', 'init=/tmp/tmp05p98vi1/chcgwi96.json', 'output', 'file=/tmp/tmp05p98vi1/prophet_model3c6v6vwd/prophet_model-20250731115038.csv', 'method=optimize', 'algorithm=lbfgs', 'iter=10000']
[2025-07-31T11:50:38.547+0000] {logging_mixin.py:188} WARNING - 11:50:38 - cmdstanpy - INFO - Chain [1] start processing
[2025-07-31T11:50:38.547+0000] {model.py:2058} INFO - Chain [1] start processing
[2025-07-31T11:50:38.653+0000] {logging_mixin.py:188} WARNING - 11:50:38 - cmdstanpy - INFO - Chain [1] done processing
[2025-07-31T11:50:38.653+0000] {model.py:2115} INFO - Chain [1] done processing
[2025-07-31T11:50:38.657+0000] {logging_mixin.py:188} INFO - Erreur pour {'changepoint_prior_scale': 0.1, 'seasonality_prior_scale': 1.0, 'seasonality_mode': 'multiplicative'}: Less data than horizon after initial window. Make horizon or initial shorter.
[2025-07-31T11:50:38.657+0000] {logging_mixin.py:188} INFO - Test 15/18: {'changepoint_prior_scale': 0.1, 'seasonality_prior_scale': 5.0, 'seasonality_mode': 'additive'}
[2025-07-31T11:50:38.672+0000] {filesystem.py:118} DEBUG - input tempfile: /tmp/tmp05p98vi1/4nr3v589.json
[2025-07-31T11:50:38.705+0000] {filesystem.py:118} DEBUG - input tempfile: /tmp/tmp05p98vi1/fs_7hgva.json
[2025-07-31T11:50:38.706+0000] {model.py:2042} DEBUG - idx 0
[2025-07-31T11:50:38.707+0000] {model.py:2043} DEBUG - running CmdStan, num_threads: None
[2025-07-31T11:50:38.707+0000] {model.py:2055} DEBUG - CmdStan args: ['/home/airflow/.local/lib/python3.11/site-packages/prophet/stan_model/prophet_model.bin', 'random', 'seed=88763', 'data', 'file=/tmp/tmp05p98vi1/4nr3v589.json', 'init=/tmp/tmp05p98vi1/fs_7hgva.json', 'output', 'file=/tmp/tmp05p98vi1/prophet_modelkctl54lt/prophet_model-20250731115038.csv', 'method=optimize', 'algorithm=lbfgs', 'iter=10000']
[2025-07-31T11:50:38.708+0000] {logging_mixin.py:188} WARNING - 11:50:38 - cmdstanpy - INFO - Chain [1] start processing
[2025-07-31T11:50:38.708+0000] {model.py:2058} INFO - Chain [1] start processing
[2025-07-31T11:50:38.740+0000] {logging_mixin.py:188} WARNING - 11:50:38 - cmdstanpy - INFO - Chain [1] done processing
[2025-07-31T11:50:38.740+0000] {model.py:2115} INFO - Chain [1] done processing
[2025-07-31T11:50:38.744+0000] {logging_mixin.py:188} INFO - Erreur pour {'changepoint_prior_scale': 0.1, 'seasonality_prior_scale': 5.0, 'seasonality_mode': 'additive'}: Less data than horizon after initial window. Make horizon or initial shorter.
[2025-07-31T11:50:38.744+0000] {logging_mixin.py:188} INFO - Test 16/18: {'changepoint_prior_scale': 0.1, 'seasonality_prior_scale': 5.0, 'seasonality_mode': 'multiplicative'}
[2025-07-31T11:50:38.765+0000] {filesystem.py:118} DEBUG - input tempfile: /tmp/tmp05p98vi1/ac5tylo2.json
[2025-07-31T11:50:38.805+0000] {filesystem.py:118} DEBUG - input tempfile: /tmp/tmp05p98vi1/6jr9x9t1.json
[2025-07-31T11:50:38.807+0000] {model.py:2042} DEBUG - idx 0
[2025-07-31T11:50:38.808+0000] {model.py:2043} DEBUG - running CmdStan, num_threads: None
[2025-07-31T11:50:38.808+0000] {model.py:2055} DEBUG - CmdStan args: ['/home/airflow/.local/lib/python3.11/site-packages/prophet/stan_model/prophet_model.bin', 'random', 'seed=35451', 'data', 'file=/tmp/tmp05p98vi1/ac5tylo2.json', 'init=/tmp/tmp05p98vi1/6jr9x9t1.json', 'output', 'file=/tmp/tmp05p98vi1/prophet_model49d5n3pk/prophet_model-20250731115038.csv', 'method=optimize', 'algorithm=lbfgs', 'iter=10000']
[2025-07-31T11:50:38.809+0000] {logging_mixin.py:188} WARNING - 11:50:38 - cmdstanpy - INFO - Chain [1] start processing
[2025-07-31T11:50:38.809+0000] {model.py:2058} INFO - Chain [1] start processing
[2025-07-31T11:50:38.870+0000] {logging_mixin.py:188} WARNING - 11:50:38 - cmdstanpy - INFO - Chain [1] done processing
[2025-07-31T11:50:38.870+0000] {model.py:2115} INFO - Chain [1] done processing
[2025-07-31T11:50:38.873+0000] {logging_mixin.py:188} INFO - Erreur pour {'changepoint_prior_scale': 0.1, 'seasonality_prior_scale': 5.0, 'seasonality_mode': 'multiplicative'}: Less data than horizon after initial window. Make horizon or initial shorter.
[2025-07-31T11:50:38.874+0000] {logging_mixin.py:188} INFO - Test 17/18: {'changepoint_prior_scale': 0.1, 'seasonality_prior_scale': 10.0, 'seasonality_mode': 'additive'}
[2025-07-31T11:50:38.892+0000] {filesystem.py:118} DEBUG - input tempfile: /tmp/tmp05p98vi1/4ipbr2qu.json
[2025-07-31T11:50:38.925+0000] {filesystem.py:118} DEBUG - input tempfile: /tmp/tmp05p98vi1/u_hg1hbj.json
[2025-07-31T11:50:38.927+0000] {model.py:2042} DEBUG - idx 0
[2025-07-31T11:50:38.928+0000] {model.py:2043} DEBUG - running CmdStan, num_threads: None
[2025-07-31T11:50:38.929+0000] {model.py:2055} DEBUG - CmdStan args: ['/home/airflow/.local/lib/python3.11/site-packages/prophet/stan_model/prophet_model.bin', 'random', 'seed=74884', 'data', 'file=/tmp/tmp05p98vi1/4ipbr2qu.json', 'init=/tmp/tmp05p98vi1/u_hg1hbj.json', 'output', 'file=/tmp/tmp05p98vi1/prophet_modelb1ra2ijj/prophet_model-20250731115038.csv', 'method=optimize', 'algorithm=lbfgs', 'iter=10000']
[2025-07-31T11:50:38.930+0000] {logging_mixin.py:188} WARNING - 11:50:38 - cmdstanpy - INFO - Chain [1] start processing
[2025-07-31T11:50:38.930+0000] {model.py:2058} INFO - Chain [1] start processing
[2025-07-31T11:50:38.985+0000] {logging_mixin.py:188} WARNING - 11:50:38 - cmdstanpy - INFO - Chain [1] done processing
[2025-07-31T11:50:38.985+0000] {model.py:2115} INFO - Chain [1] done processing
[2025-07-31T11:50:38.992+0000] {logging_mixin.py:188} INFO - Erreur pour {'changepoint_prior_scale': 0.1, 'seasonality_prior_scale': 10.0, 'seasonality_mode': 'additive'}: Less data than horizon after initial window. Make horizon or initial shorter.
[2025-07-31T11:50:38.993+0000] {logging_mixin.py:188} INFO - Test 18/18: {'changepoint_prior_scale': 0.1, 'seasonality_prior_scale': 10.0, 'seasonality_mode': 'multiplicative'}
[2025-07-31T11:50:39.025+0000] {filesystem.py:118} DEBUG - input tempfile: /tmp/tmp05p98vi1/zjrmxkye.json
[2025-07-31T11:50:39.060+0000] {filesystem.py:118} DEBUG - input tempfile: /tmp/tmp05p98vi1/00tqpygg.json
[2025-07-31T11:50:39.063+0000] {model.py:2042} DEBUG - idx 0
[2025-07-31T11:50:39.064+0000] {model.py:2043} DEBUG - running CmdStan, num_threads: None
[2025-07-31T11:50:39.064+0000] {model.py:2055} DEBUG - CmdStan args: ['/home/airflow/.local/lib/python3.11/site-packages/prophet/stan_model/prophet_model.bin', 'random', 'seed=84267', 'data', 'file=/tmp/tmp05p98vi1/zjrmxkye.json', 'init=/tmp/tmp05p98vi1/00tqpygg.json', 'output', 'file=/tmp/tmp05p98vi1/prophet_modelkgwqhuyf/prophet_model-20250731115039.csv', 'method=optimize', 'algorithm=lbfgs', 'iter=10000']
[2025-07-31T11:50:39.066+0000] {logging_mixin.py:188} WARNING - 11:50:39 - cmdstanpy - INFO - Chain [1] start processing
[2025-07-31T11:50:39.065+0000] {model.py:2058} INFO - Chain [1] start processing
[2025-07-31T11:50:39.117+0000] {logging_mixin.py:188} WARNING - 11:50:39 - cmdstanpy - INFO - Chain [1] done processing
[2025-07-31T11:50:39.117+0000] {model.py:2115} INFO - Chain [1] done processing
[2025-07-31T11:50:39.120+0000] {logging_mixin.py:188} INFO - Erreur pour {'changepoint_prior_scale': 0.1, 'seasonality_prior_scale': 10.0, 'seasonality_mode': 'multiplicative'}: Less data than horizon after initial window. Make horizon or initial shorter.
[2025-07-31T11:50:39.121+0000] {taskinstance.py:441} INFO - ::group::Post task execution logs
[2025-07-31T11:50:39.122+0000] {taskinstance.py:2905} ERROR - Task failed with exception
Traceback (most recent call last):
  File "/home/airflow/.local/lib/python3.11/site-packages/airflow/models/taskinstance.py", line 465, in _execute_task
    result = _execute_callable(context=context, **execute_callable_kwargs)
             ^^^^^^^^^^^^^^^^^^^^^^^^^^^^^^^^^^^^^^^^^^^^^^^^^^^^^^^^^^^^^
  File "/home/airflow/.local/lib/python3.11/site-packages/airflow/models/taskinstance.py", line 432, in _execute_callable
    return execute_callable(context=context, **execute_callable_kwargs)
           ^^^^^^^^^^^^^^^^^^^^^^^^^^^^^^^^^^^^^^^^^^^^^^^^^^^^^^^^^^^^
  File "/home/airflow/.local/lib/python3.11/site-packages/airflow/models/baseoperator.py", line 401, in wrapper
    return func(self, *args, **kwargs)
           ^^^^^^^^^^^^^^^^^^^^^^^^^^^
  File "/home/airflow/.local/lib/python3.11/site-packages/airflow/operators/python.py", line 235, in execute
    return_value = self.execute_callable()
                   ^^^^^^^^^^^^^^^^^^^^^^^
  File "/home/airflow/.local/lib/python3.11/site-packages/airflow/operators/python.py", line 252, in execute_callable
    return self.python_callable(*self.op_args, **self.op_kwargs)
           ^^^^^^^^^^^^^^^^^^^^^^^^^^^^^^^^^^^^^^^^^^^^^^^^^^^^^
  File "/opt/airflow/dags/scripts/train_prophet.py", line 92, in train_prophet
    best_model_temp, scores_temp = optimize_prophet_model(temp_df)
                                   ^^^^^^^^^^^^^^^^^^^^^^^^^^^^^^^
  File "/opt/airflow/dags/scripts/train_prophet.py", line 44, in optimize_prophet_model
    best = min(results, key=lambda x: x[1])
           ^^^^^^^^^^^^^^^^^^^^^^^^^^^^^^^^
ValueError: min() arg is an empty sequence
[2025-07-31T11:50:39.163+0000] {taskinstance.py:1206} INFO - Marking task as UP_FOR_RETRY. dag_id=solar_ai_pipeline_2, task_id=train_prophet, run_id=scheduled__2023-07-11T00:00:00+00:00, execution_date=20230711T000000, start_date=20250731T115034, end_date=20250731T115039
[2025-07-31T11:50:39.284+0000] {standard_task_runner.py:110} ERROR - Failed to execute job 2902 for task train_prophet (min() arg is an empty sequence; 3550)
[2025-07-31T11:50:39.354+0000] {local_task_job_runner.py:240} INFO - Task exited with return code 1
[2025-07-31T11:50:39.468+0000] {taskinstance.py:3503} INFO - 0 downstream tasks scheduled from follow-on schedule check
[2025-07-31T11:50:39.474+0000] {local_task_job_runner.py:222} INFO - ::endgroup::
