[2025-07-31T12:01:51.404+0000] {local_task_job_runner.py:120} INFO - ::group::Pre task execution logs
[2025-07-31T12:01:51.503+0000] {taskinstance.py:2076} INFO - Dependencies all met for dep_context=non-requeueable deps ti=<TaskInstance: solar_ai_pipeline_2.train_prophet scheduled__2023-07-11T00:00:00+00:00 [queued]>
[2025-07-31T12:01:51.540+0000] {taskinstance.py:2076} INFO - Dependencies all met for dep_context=requeueable deps ti=<TaskInstance: solar_ai_pipeline_2.train_prophet scheduled__2023-07-11T00:00:00+00:00 [queued]>
[2025-07-31T12:01:51.546+0000] {taskinstance.py:2306} INFO - Starting attempt 4 of 4
[2025-07-31T12:01:51.604+0000] {taskinstance.py:2330} INFO - Executing <Task(PythonOperator): train_prophet> on 2023-07-11 00:00:00+00:00
[2025-07-31T12:01:51.610+0000] {standard_task_runner.py:63} INFO - Started process 4299 to run task
[2025-07-31T12:01:51.614+0000] {standard_task_runner.py:90} INFO - Running: ['airflow', 'tasks', 'run', 'solar_ai_pipeline_2', 'train_prophet', 'scheduled__2023-07-11T00:00:00+00:00', '--job-id', '2927', '--raw', '--subdir', 'DAGS_FOLDER/prophet_pipeline.py', '--cfg-path', '/tmp/tmp8kl0x4ms']
[2025-07-31T12:01:51.617+0000] {standard_task_runner.py:91} INFO - Job 2927: Subtask train_prophet
[2025-07-31T12:01:51.771+0000] {task_command.py:426} INFO - Running <TaskInstance: solar_ai_pipeline_2.train_prophet scheduled__2023-07-11T00:00:00+00:00 [running]> on host a2a0dd314bdc
[2025-07-31T12:01:52.216+0000] {taskinstance.py:2648} INFO - Exporting env vars: AIRFLOW_CTX_DAG_OWNER='ensam' AIRFLOW_CTX_DAG_ID='solar_ai_pipeline_2' AIRFLOW_CTX_TASK_ID='train_prophet' AIRFLOW_CTX_EXECUTION_DATE='2023-07-11T00:00:00+00:00' AIRFLOW_CTX_TRY_NUMBER='4' AIRFLOW_CTX_DAG_RUN_ID='scheduled__2023-07-11T00:00:00+00:00'
[2025-07-31T12:01:52.218+0000] {taskinstance.py:430} INFO - ::endgroup::
[2025-07-31T12:01:53.261+0000] {plot.py:39} ERROR - Importing plotly failed. Interactive plots will not work.
[2025-07-31T12:01:53.275+0000] {logging_mixin.py:188} INFO - Training from 2023-01-01 to 2023-01-12
[2025-07-31T12:01:53.525+0000] {logging_mixin.py:188} INFO - Test 1/18: {'changepoint_prior_scale': 0.01, 'seasonality_prior_scale': 1.0, 'seasonality_mode': 'additive'}
[2025-07-31T12:01:53.579+0000] {filesystem.py:118} DEBUG - input tempfile: /tmp/tmp3u6sv7g9/esx1f9xc.json
[2025-07-31T12:01:53.614+0000] {filesystem.py:118} DEBUG - input tempfile: /tmp/tmp3u6sv7g9/p3mzi7u6.json
[2025-07-31T12:01:53.616+0000] {model.py:2042} DEBUG - idx 0
[2025-07-31T12:01:53.617+0000] {model.py:2043} DEBUG - running CmdStan, num_threads: None
[2025-07-31T12:01:53.618+0000] {model.py:2055} DEBUG - CmdStan args: ['/home/airflow/.local/lib/python3.11/site-packages/prophet/stan_model/prophet_model.bin', 'random', 'seed=54544', 'data', 'file=/tmp/tmp3u6sv7g9/esx1f9xc.json', 'init=/tmp/tmp3u6sv7g9/p3mzi7u6.json', 'output', 'file=/tmp/tmp3u6sv7g9/prophet_modelpgjxmcs0/prophet_model-20250731120153.csv', 'method=optimize', 'algorithm=lbfgs', 'iter=10000']
[2025-07-31T12:01:53.618+0000] {logging_mixin.py:188} WARNING - 12:01:53 - cmdstanpy - INFO - Chain [1] start processing
[2025-07-31T12:01:53.618+0000] {model.py:2058} INFO - Chain [1] start processing
[2025-07-31T12:01:53.646+0000] {logging_mixin.py:188} WARNING - 12:01:53 - cmdstanpy - INFO - Chain [1] done processing
[2025-07-31T12:01:53.646+0000] {model.py:2115} INFO - Chain [1] done processing
[2025-07-31T12:01:53.651+0000] {logging_mixin.py:188} INFO - Erreur pour {'changepoint_prior_scale': 0.01, 'seasonality_prior_scale': 1.0, 'seasonality_mode': 'additive'}: Less data than horizon after initial window. Make horizon or initial shorter.
[2025-07-31T12:01:53.652+0000] {logging_mixin.py:188} INFO - Test 2/18: {'changepoint_prior_scale': 0.01, 'seasonality_prior_scale': 1.0, 'seasonality_mode': 'multiplicative'}
[2025-07-31T12:01:53.674+0000] {filesystem.py:118} DEBUG - input tempfile: /tmp/tmp3u6sv7g9/ywklfe5a.json
[2025-07-31T12:01:53.709+0000] {filesystem.py:118} DEBUG - input tempfile: /tmp/tmp3u6sv7g9/4xbjptex.json
[2025-07-31T12:01:53.710+0000] {model.py:2042} DEBUG - idx 0
[2025-07-31T12:01:53.711+0000] {model.py:2043} DEBUG - running CmdStan, num_threads: None
[2025-07-31T12:01:53.711+0000] {model.py:2055} DEBUG - CmdStan args: ['/home/airflow/.local/lib/python3.11/site-packages/prophet/stan_model/prophet_model.bin', 'random', 'seed=44872', 'data', 'file=/tmp/tmp3u6sv7g9/ywklfe5a.json', 'init=/tmp/tmp3u6sv7g9/4xbjptex.json', 'output', 'file=/tmp/tmp3u6sv7g9/prophet_modela2uw4vpy/prophet_model-20250731120153.csv', 'method=optimize', 'algorithm=lbfgs', 'iter=10000']
[2025-07-31T12:01:53.712+0000] {logging_mixin.py:188} WARNING - 12:01:53 - cmdstanpy - INFO - Chain [1] start processing
[2025-07-31T12:01:53.712+0000] {model.py:2058} INFO - Chain [1] start processing
[2025-07-31T12:01:53.743+0000] {logging_mixin.py:188} WARNING - 12:01:53 - cmdstanpy - INFO - Chain [1] done processing
[2025-07-31T12:01:53.743+0000] {model.py:2115} INFO - Chain [1] done processing
[2025-07-31T12:01:53.747+0000] {logging_mixin.py:188} INFO - Erreur pour {'changepoint_prior_scale': 0.01, 'seasonality_prior_scale': 1.0, 'seasonality_mode': 'multiplicative'}: Less data than horizon after initial window. Make horizon or initial shorter.
[2025-07-31T12:01:53.747+0000] {logging_mixin.py:188} INFO - Test 3/18: {'changepoint_prior_scale': 0.01, 'seasonality_prior_scale': 5.0, 'seasonality_mode': 'additive'}
[2025-07-31T12:01:53.763+0000] {filesystem.py:118} DEBUG - input tempfile: /tmp/tmp3u6sv7g9/7mh9dz6t.json
[2025-07-31T12:01:53.794+0000] {filesystem.py:118} DEBUG - input tempfile: /tmp/tmp3u6sv7g9/ui09lw4m.json
[2025-07-31T12:01:53.796+0000] {model.py:2042} DEBUG - idx 0
[2025-07-31T12:01:53.797+0000] {model.py:2043} DEBUG - running CmdStan, num_threads: None
[2025-07-31T12:01:53.797+0000] {model.py:2055} DEBUG - CmdStan args: ['/home/airflow/.local/lib/python3.11/site-packages/prophet/stan_model/prophet_model.bin', 'random', 'seed=83972', 'data', 'file=/tmp/tmp3u6sv7g9/7mh9dz6t.json', 'init=/tmp/tmp3u6sv7g9/ui09lw4m.json', 'output', 'file=/tmp/tmp3u6sv7g9/prophet_modelmcuy62kn/prophet_model-20250731120153.csv', 'method=optimize', 'algorithm=lbfgs', 'iter=10000']
[2025-07-31T12:01:53.798+0000] {logging_mixin.py:188} WARNING - 12:01:53 - cmdstanpy - INFO - Chain [1] start processing
[2025-07-31T12:01:53.798+0000] {model.py:2058} INFO - Chain [1] start processing
[2025-07-31T12:01:53.838+0000] {logging_mixin.py:188} WARNING - 12:01:53 - cmdstanpy - INFO - Chain [1] done processing
[2025-07-31T12:01:53.838+0000] {model.py:2115} INFO - Chain [1] done processing
[2025-07-31T12:01:53.842+0000] {logging_mixin.py:188} INFO - Erreur pour {'changepoint_prior_scale': 0.01, 'seasonality_prior_scale': 5.0, 'seasonality_mode': 'additive'}: Less data than horizon after initial window. Make horizon or initial shorter.
[2025-07-31T12:01:53.842+0000] {logging_mixin.py:188} INFO - Test 4/18: {'changepoint_prior_scale': 0.01, 'seasonality_prior_scale': 5.0, 'seasonality_mode': 'multiplicative'}
[2025-07-31T12:01:53.861+0000] {filesystem.py:118} DEBUG - input tempfile: /tmp/tmp3u6sv7g9/5dy4iq8o.json
[2025-07-31T12:01:53.894+0000] {filesystem.py:118} DEBUG - input tempfile: /tmp/tmp3u6sv7g9/5wc_5w84.json
[2025-07-31T12:01:53.896+0000] {model.py:2042} DEBUG - idx 0
[2025-07-31T12:01:53.897+0000] {model.py:2043} DEBUG - running CmdStan, num_threads: None
[2025-07-31T12:01:53.897+0000] {model.py:2055} DEBUG - CmdStan args: ['/home/airflow/.local/lib/python3.11/site-packages/prophet/stan_model/prophet_model.bin', 'random', 'seed=26717', 'data', 'file=/tmp/tmp3u6sv7g9/5dy4iq8o.json', 'init=/tmp/tmp3u6sv7g9/5wc_5w84.json', 'output', 'file=/tmp/tmp3u6sv7g9/prophet_model7ief9irt/prophet_model-20250731120153.csv', 'method=optimize', 'algorithm=lbfgs', 'iter=10000']
[2025-07-31T12:01:53.898+0000] {logging_mixin.py:188} WARNING - 12:01:53 - cmdstanpy - INFO - Chain [1] start processing
[2025-07-31T12:01:53.898+0000] {model.py:2058} INFO - Chain [1] start processing
[2025-07-31T12:01:53.928+0000] {logging_mixin.py:188} WARNING - 12:01:53 - cmdstanpy - INFO - Chain [1] done processing
[2025-07-31T12:01:53.928+0000] {model.py:2115} INFO - Chain [1] done processing
[2025-07-31T12:01:53.932+0000] {logging_mixin.py:188} INFO - Erreur pour {'changepoint_prior_scale': 0.01, 'seasonality_prior_scale': 5.0, 'seasonality_mode': 'multiplicative'}: Less data than horizon after initial window. Make horizon or initial shorter.
[2025-07-31T12:01:53.933+0000] {logging_mixin.py:188} INFO - Test 5/18: {'changepoint_prior_scale': 0.01, 'seasonality_prior_scale': 10.0, 'seasonality_mode': 'additive'}
[2025-07-31T12:01:53.949+0000] {filesystem.py:118} DEBUG - input tempfile: /tmp/tmp3u6sv7g9/e8aithjm.json
[2025-07-31T12:01:53.981+0000] {filesystem.py:118} DEBUG - input tempfile: /tmp/tmp3u6sv7g9/88q2kjn3.json
[2025-07-31T12:01:53.983+0000] {model.py:2042} DEBUG - idx 0
[2025-07-31T12:01:53.983+0000] {model.py:2043} DEBUG - running CmdStan, num_threads: None
[2025-07-31T12:01:53.984+0000] {model.py:2055} DEBUG - CmdStan args: ['/home/airflow/.local/lib/python3.11/site-packages/prophet/stan_model/prophet_model.bin', 'random', 'seed=79578', 'data', 'file=/tmp/tmp3u6sv7g9/e8aithjm.json', 'init=/tmp/tmp3u6sv7g9/88q2kjn3.json', 'output', 'file=/tmp/tmp3u6sv7g9/prophet_modelbd6ork5v/prophet_model-20250731120153.csv', 'method=optimize', 'algorithm=lbfgs', 'iter=10000']
[2025-07-31T12:01:53.985+0000] {logging_mixin.py:188} WARNING - 12:01:53 - cmdstanpy - INFO - Chain [1] start processing
[2025-07-31T12:01:53.985+0000] {model.py:2058} INFO - Chain [1] start processing
[2025-07-31T12:01:54.018+0000] {logging_mixin.py:188} WARNING - 12:01:54 - cmdstanpy - INFO - Chain [1] done processing
[2025-07-31T12:01:54.018+0000] {model.py:2115} INFO - Chain [1] done processing
[2025-07-31T12:01:54.021+0000] {logging_mixin.py:188} INFO - Erreur pour {'changepoint_prior_scale': 0.01, 'seasonality_prior_scale': 10.0, 'seasonality_mode': 'additive'}: Less data than horizon after initial window. Make horizon or initial shorter.
[2025-07-31T12:01:54.022+0000] {logging_mixin.py:188} INFO - Test 6/18: {'changepoint_prior_scale': 0.01, 'seasonality_prior_scale': 10.0, 'seasonality_mode': 'multiplicative'}
[2025-07-31T12:01:54.038+0000] {filesystem.py:118} DEBUG - input tempfile: /tmp/tmp3u6sv7g9/kh1lrdet.json
[2025-07-31T12:01:54.069+0000] {filesystem.py:118} DEBUG - input tempfile: /tmp/tmp3u6sv7g9/y3qoz1l4.json
[2025-07-31T12:01:54.071+0000] {model.py:2042} DEBUG - idx 0
[2025-07-31T12:01:54.072+0000] {model.py:2043} DEBUG - running CmdStan, num_threads: None
[2025-07-31T12:01:54.072+0000] {model.py:2055} DEBUG - CmdStan args: ['/home/airflow/.local/lib/python3.11/site-packages/prophet/stan_model/prophet_model.bin', 'random', 'seed=54756', 'data', 'file=/tmp/tmp3u6sv7g9/kh1lrdet.json', 'init=/tmp/tmp3u6sv7g9/y3qoz1l4.json', 'output', 'file=/tmp/tmp3u6sv7g9/prophet_model4x5px_ct/prophet_model-20250731120154.csv', 'method=optimize', 'algorithm=lbfgs', 'iter=10000']
[2025-07-31T12:01:54.073+0000] {logging_mixin.py:188} WARNING - 12:01:54 - cmdstanpy - INFO - Chain [1] start processing
[2025-07-31T12:01:54.073+0000] {model.py:2058} INFO - Chain [1] start processing
[2025-07-31T12:01:54.112+0000] {logging_mixin.py:188} WARNING - 12:01:54 - cmdstanpy - INFO - Chain [1] done processing
[2025-07-31T12:01:54.111+0000] {model.py:2115} INFO - Chain [1] done processing
[2025-07-31T12:01:54.115+0000] {logging_mixin.py:188} INFO - Erreur pour {'changepoint_prior_scale': 0.01, 'seasonality_prior_scale': 10.0, 'seasonality_mode': 'multiplicative'}: Less data than horizon after initial window. Make horizon or initial shorter.
[2025-07-31T12:01:54.116+0000] {logging_mixin.py:188} INFO - Test 7/18: {'changepoint_prior_scale': 0.05, 'seasonality_prior_scale': 1.0, 'seasonality_mode': 'additive'}
[2025-07-31T12:01:54.135+0000] {filesystem.py:118} DEBUG - input tempfile: /tmp/tmp3u6sv7g9/vxdosksk.json
[2025-07-31T12:01:54.167+0000] {filesystem.py:118} DEBUG - input tempfile: /tmp/tmp3u6sv7g9/qsjlvfzi.json
[2025-07-31T12:01:54.169+0000] {model.py:2042} DEBUG - idx 0
[2025-07-31T12:01:54.170+0000] {model.py:2043} DEBUG - running CmdStan, num_threads: None
[2025-07-31T12:01:54.170+0000] {model.py:2055} DEBUG - CmdStan args: ['/home/airflow/.local/lib/python3.11/site-packages/prophet/stan_model/prophet_model.bin', 'random', 'seed=18839', 'data', 'file=/tmp/tmp3u6sv7g9/vxdosksk.json', 'init=/tmp/tmp3u6sv7g9/qsjlvfzi.json', 'output', 'file=/tmp/tmp3u6sv7g9/prophet_modelp4mphiix/prophet_model-20250731120154.csv', 'method=optimize', 'algorithm=lbfgs', 'iter=10000']
[2025-07-31T12:01:54.171+0000] {logging_mixin.py:188} WARNING - 12:01:54 - cmdstanpy - INFO - Chain [1] start processing
[2025-07-31T12:01:54.171+0000] {model.py:2058} INFO - Chain [1] start processing
[2025-07-31T12:01:54.201+0000] {logging_mixin.py:188} WARNING - 12:01:54 - cmdstanpy - INFO - Chain [1] done processing
[2025-07-31T12:01:54.200+0000] {model.py:2115} INFO - Chain [1] done processing
[2025-07-31T12:01:54.205+0000] {logging_mixin.py:188} INFO - Erreur pour {'changepoint_prior_scale': 0.05, 'seasonality_prior_scale': 1.0, 'seasonality_mode': 'additive'}: Less data than horizon after initial window. Make horizon or initial shorter.
[2025-07-31T12:01:54.205+0000] {logging_mixin.py:188} INFO - Test 8/18: {'changepoint_prior_scale': 0.05, 'seasonality_prior_scale': 1.0, 'seasonality_mode': 'multiplicative'}
[2025-07-31T12:01:54.224+0000] {filesystem.py:118} DEBUG - input tempfile: /tmp/tmp3u6sv7g9/rrcn2df4.json
[2025-07-31T12:01:54.264+0000] {filesystem.py:118} DEBUG - input tempfile: /tmp/tmp3u6sv7g9/n6763ltz.json
[2025-07-31T12:01:54.266+0000] {model.py:2042} DEBUG - idx 0
[2025-07-31T12:01:54.267+0000] {model.py:2043} DEBUG - running CmdStan, num_threads: None
[2025-07-31T12:01:54.267+0000] {model.py:2055} DEBUG - CmdStan args: ['/home/airflow/.local/lib/python3.11/site-packages/prophet/stan_model/prophet_model.bin', 'random', 'seed=43657', 'data', 'file=/tmp/tmp3u6sv7g9/rrcn2df4.json', 'init=/tmp/tmp3u6sv7g9/n6763ltz.json', 'output', 'file=/tmp/tmp3u6sv7g9/prophet_modellbvd7obn/prophet_model-20250731120154.csv', 'method=optimize', 'algorithm=lbfgs', 'iter=10000']
[2025-07-31T12:01:54.268+0000] {logging_mixin.py:188} WARNING - 12:01:54 - cmdstanpy - INFO - Chain [1] start processing
[2025-07-31T12:01:54.268+0000] {model.py:2058} INFO - Chain [1] start processing
[2025-07-31T12:01:54.313+0000] {logging_mixin.py:188} WARNING - 12:01:54 - cmdstanpy - INFO - Chain [1] done processing
[2025-07-31T12:01:54.313+0000] {model.py:2115} INFO - Chain [1] done processing
[2025-07-31T12:01:54.317+0000] {logging_mixin.py:188} INFO - Erreur pour {'changepoint_prior_scale': 0.05, 'seasonality_prior_scale': 1.0, 'seasonality_mode': 'multiplicative'}: Less data than horizon after initial window. Make horizon or initial shorter.
[2025-07-31T12:01:54.317+0000] {logging_mixin.py:188} INFO - Test 9/18: {'changepoint_prior_scale': 0.05, 'seasonality_prior_scale': 5.0, 'seasonality_mode': 'additive'}
[2025-07-31T12:01:54.333+0000] {filesystem.py:118} DEBUG - input tempfile: /tmp/tmp3u6sv7g9/bhil0ltk.json
[2025-07-31T12:01:54.364+0000] {filesystem.py:118} DEBUG - input tempfile: /tmp/tmp3u6sv7g9/rmqfp8ts.json
[2025-07-31T12:01:54.366+0000] {model.py:2042} DEBUG - idx 0
[2025-07-31T12:01:54.366+0000] {model.py:2043} DEBUG - running CmdStan, num_threads: None
[2025-07-31T12:01:54.367+0000] {model.py:2055} DEBUG - CmdStan args: ['/home/airflow/.local/lib/python3.11/site-packages/prophet/stan_model/prophet_model.bin', 'random', 'seed=30702', 'data', 'file=/tmp/tmp3u6sv7g9/bhil0ltk.json', 'init=/tmp/tmp3u6sv7g9/rmqfp8ts.json', 'output', 'file=/tmp/tmp3u6sv7g9/prophet_modeldy03ooh2/prophet_model-20250731120154.csv', 'method=optimize', 'algorithm=lbfgs', 'iter=10000']
[2025-07-31T12:01:54.367+0000] {logging_mixin.py:188} WARNING - 12:01:54 - cmdstanpy - INFO - Chain [1] start processing
[2025-07-31T12:01:54.367+0000] {model.py:2058} INFO - Chain [1] start processing
[2025-07-31T12:01:54.394+0000] {logging_mixin.py:188} WARNING - 12:01:54 - cmdstanpy - INFO - Chain [1] done processing
[2025-07-31T12:01:54.394+0000] {model.py:2115} INFO - Chain [1] done processing
[2025-07-31T12:01:54.397+0000] {logging_mixin.py:188} INFO - Erreur pour {'changepoint_prior_scale': 0.05, 'seasonality_prior_scale': 5.0, 'seasonality_mode': 'additive'}: Less data than horizon after initial window. Make horizon or initial shorter.
[2025-07-31T12:01:54.398+0000] {logging_mixin.py:188} INFO - Test 10/18: {'changepoint_prior_scale': 0.05, 'seasonality_prior_scale': 5.0, 'seasonality_mode': 'multiplicative'}
[2025-07-31T12:01:54.414+0000] {filesystem.py:118} DEBUG - input tempfile: /tmp/tmp3u6sv7g9/vakm0txo.json
[2025-07-31T12:01:54.449+0000] {filesystem.py:118} DEBUG - input tempfile: /tmp/tmp3u6sv7g9/6dp3b5x9.json
[2025-07-31T12:01:54.452+0000] {model.py:2042} DEBUG - idx 0
[2025-07-31T12:01:54.452+0000] {model.py:2043} DEBUG - running CmdStan, num_threads: None
[2025-07-31T12:01:54.453+0000] {model.py:2055} DEBUG - CmdStan args: ['/home/airflow/.local/lib/python3.11/site-packages/prophet/stan_model/prophet_model.bin', 'random', 'seed=47740', 'data', 'file=/tmp/tmp3u6sv7g9/vakm0txo.json', 'init=/tmp/tmp3u6sv7g9/6dp3b5x9.json', 'output', 'file=/tmp/tmp3u6sv7g9/prophet_modelz_m_qj2d/prophet_model-20250731120154.csv', 'method=optimize', 'algorithm=lbfgs', 'iter=10000']
[2025-07-31T12:01:54.454+0000] {logging_mixin.py:188} WARNING - 12:01:54 - cmdstanpy - INFO - Chain [1] start processing
[2025-07-31T12:01:54.454+0000] {model.py:2058} INFO - Chain [1] start processing
[2025-07-31T12:01:54.503+0000] {logging_mixin.py:188} WARNING - 12:01:54 - cmdstanpy - INFO - Chain [1] done processing
[2025-07-31T12:01:54.503+0000] {model.py:2115} INFO - Chain [1] done processing
[2025-07-31T12:01:54.509+0000] {logging_mixin.py:188} INFO - Erreur pour {'changepoint_prior_scale': 0.05, 'seasonality_prior_scale': 5.0, 'seasonality_mode': 'multiplicative'}: Less data than horizon after initial window. Make horizon or initial shorter.
[2025-07-31T12:01:54.510+0000] {logging_mixin.py:188} INFO - Test 11/18: {'changepoint_prior_scale': 0.05, 'seasonality_prior_scale': 10.0, 'seasonality_mode': 'additive'}
[2025-07-31T12:01:54.533+0000] {filesystem.py:118} DEBUG - input tempfile: /tmp/tmp3u6sv7g9/7jq2st7s.json
[2025-07-31T12:01:54.572+0000] {filesystem.py:118} DEBUG - input tempfile: /tmp/tmp3u6sv7g9/rb9leqih.json
[2025-07-31T12:01:54.574+0000] {model.py:2042} DEBUG - idx 0
[2025-07-31T12:01:54.574+0000] {model.py:2043} DEBUG - running CmdStan, num_threads: None
[2025-07-31T12:01:54.575+0000] {model.py:2055} DEBUG - CmdStan args: ['/home/airflow/.local/lib/python3.11/site-packages/prophet/stan_model/prophet_model.bin', 'random', 'seed=13799', 'data', 'file=/tmp/tmp3u6sv7g9/7jq2st7s.json', 'init=/tmp/tmp3u6sv7g9/rb9leqih.json', 'output', 'file=/tmp/tmp3u6sv7g9/prophet_modelzrcfkqa5/prophet_model-20250731120154.csv', 'method=optimize', 'algorithm=lbfgs', 'iter=10000']
[2025-07-31T12:01:54.576+0000] {logging_mixin.py:188} WARNING - 12:01:54 - cmdstanpy - INFO - Chain [1] start processing
[2025-07-31T12:01:54.576+0000] {model.py:2058} INFO - Chain [1] start processing
[2025-07-31T12:01:54.616+0000] {logging_mixin.py:188} WARNING - 12:01:54 - cmdstanpy - INFO - Chain [1] done processing
[2025-07-31T12:01:54.615+0000] {model.py:2115} INFO - Chain [1] done processing
[2025-07-31T12:01:54.620+0000] {logging_mixin.py:188} INFO - Erreur pour {'changepoint_prior_scale': 0.05, 'seasonality_prior_scale': 10.0, 'seasonality_mode': 'additive'}: Less data than horizon after initial window. Make horizon or initial shorter.
[2025-07-31T12:01:54.621+0000] {logging_mixin.py:188} INFO - Test 12/18: {'changepoint_prior_scale': 0.05, 'seasonality_prior_scale': 10.0, 'seasonality_mode': 'multiplicative'}
[2025-07-31T12:01:54.642+0000] {filesystem.py:118} DEBUG - input tempfile: /tmp/tmp3u6sv7g9/2voqgi01.json
[2025-07-31T12:01:54.678+0000] {filesystem.py:118} DEBUG - input tempfile: /tmp/tmp3u6sv7g9/k5oa8lh3.json
[2025-07-31T12:01:54.680+0000] {model.py:2042} DEBUG - idx 0
[2025-07-31T12:01:54.680+0000] {model.py:2043} DEBUG - running CmdStan, num_threads: None
[2025-07-31T12:01:54.681+0000] {model.py:2055} DEBUG - CmdStan args: ['/home/airflow/.local/lib/python3.11/site-packages/prophet/stan_model/prophet_model.bin', 'random', 'seed=1851', 'data', 'file=/tmp/tmp3u6sv7g9/2voqgi01.json', 'init=/tmp/tmp3u6sv7g9/k5oa8lh3.json', 'output', 'file=/tmp/tmp3u6sv7g9/prophet_modelahmldm9z/prophet_model-20250731120154.csv', 'method=optimize', 'algorithm=lbfgs', 'iter=10000']
[2025-07-31T12:01:54.682+0000] {logging_mixin.py:188} WARNING - 12:01:54 - cmdstanpy - INFO - Chain [1] start processing
[2025-07-31T12:01:54.682+0000] {model.py:2058} INFO - Chain [1] start processing
[2025-07-31T12:01:54.727+0000] {logging_mixin.py:188} WARNING - 12:01:54 - cmdstanpy - INFO - Chain [1] done processing
[2025-07-31T12:01:54.727+0000] {model.py:2115} INFO - Chain [1] done processing
[2025-07-31T12:01:54.730+0000] {logging_mixin.py:188} INFO - Erreur pour {'changepoint_prior_scale': 0.05, 'seasonality_prior_scale': 10.0, 'seasonality_mode': 'multiplicative'}: Less data than horizon after initial window. Make horizon or initial shorter.
[2025-07-31T12:01:54.731+0000] {logging_mixin.py:188} INFO - Test 13/18: {'changepoint_prior_scale': 0.1, 'seasonality_prior_scale': 1.0, 'seasonality_mode': 'additive'}
[2025-07-31T12:01:54.747+0000] {filesystem.py:118} DEBUG - input tempfile: /tmp/tmp3u6sv7g9/pt6teymr.json
[2025-07-31T12:01:54.778+0000] {filesystem.py:118} DEBUG - input tempfile: /tmp/tmp3u6sv7g9/7_ab1ytn.json
[2025-07-31T12:01:54.780+0000] {model.py:2042} DEBUG - idx 0
[2025-07-31T12:01:54.780+0000] {model.py:2043} DEBUG - running CmdStan, num_threads: None
[2025-07-31T12:01:54.781+0000] {model.py:2055} DEBUG - CmdStan args: ['/home/airflow/.local/lib/python3.11/site-packages/prophet/stan_model/prophet_model.bin', 'random', 'seed=5441', 'data', 'file=/tmp/tmp3u6sv7g9/pt6teymr.json', 'init=/tmp/tmp3u6sv7g9/7_ab1ytn.json', 'output', 'file=/tmp/tmp3u6sv7g9/prophet_modelzscnxqas/prophet_model-20250731120154.csv', 'method=optimize', 'algorithm=lbfgs', 'iter=10000']
[2025-07-31T12:01:54.782+0000] {logging_mixin.py:188} WARNING - 12:01:54 - cmdstanpy - INFO - Chain [1] start processing
[2025-07-31T12:01:54.782+0000] {model.py:2058} INFO - Chain [1] start processing
[2025-07-31T12:01:54.810+0000] {logging_mixin.py:188} WARNING - 12:01:54 - cmdstanpy - INFO - Chain [1] done processing
[2025-07-31T12:01:54.810+0000] {model.py:2115} INFO - Chain [1] done processing
[2025-07-31T12:01:54.814+0000] {logging_mixin.py:188} INFO - Erreur pour {'changepoint_prior_scale': 0.1, 'seasonality_prior_scale': 1.0, 'seasonality_mode': 'additive'}: Less data than horizon after initial window. Make horizon or initial shorter.
[2025-07-31T12:01:54.814+0000] {logging_mixin.py:188} INFO - Test 14/18: {'changepoint_prior_scale': 0.1, 'seasonality_prior_scale': 1.0, 'seasonality_mode': 'multiplicative'}
[2025-07-31T12:01:54.829+0000] {filesystem.py:118} DEBUG - input tempfile: /tmp/tmp3u6sv7g9/f1aui4pt.json
[2025-07-31T12:01:54.861+0000] {filesystem.py:118} DEBUG - input tempfile: /tmp/tmp3u6sv7g9/gpvkz3g4.json
[2025-07-31T12:01:54.863+0000] {model.py:2042} DEBUG - idx 0
[2025-07-31T12:01:54.863+0000] {model.py:2043} DEBUG - running CmdStan, num_threads: None
[2025-07-31T12:01:54.864+0000] {model.py:2055} DEBUG - CmdStan args: ['/home/airflow/.local/lib/python3.11/site-packages/prophet/stan_model/prophet_model.bin', 'random', 'seed=51066', 'data', 'file=/tmp/tmp3u6sv7g9/f1aui4pt.json', 'init=/tmp/tmp3u6sv7g9/gpvkz3g4.json', 'output', 'file=/tmp/tmp3u6sv7g9/prophet_modelhlym2jgg/prophet_model-20250731120154.csv', 'method=optimize', 'algorithm=lbfgs', 'iter=10000']
[2025-07-31T12:01:54.865+0000] {logging_mixin.py:188} WARNING - 12:01:54 - cmdstanpy - INFO - Chain [1] start processing
[2025-07-31T12:01:54.865+0000] {model.py:2058} INFO - Chain [1] start processing
[2025-07-31T12:01:54.946+0000] {logging_mixin.py:188} WARNING - 12:01:54 - cmdstanpy - INFO - Chain [1] done processing
[2025-07-31T12:01:54.945+0000] {model.py:2115} INFO - Chain [1] done processing
[2025-07-31T12:01:54.949+0000] {logging_mixin.py:188} INFO - Erreur pour {'changepoint_prior_scale': 0.1, 'seasonality_prior_scale': 1.0, 'seasonality_mode': 'multiplicative'}: Less data than horizon after initial window. Make horizon or initial shorter.
[2025-07-31T12:01:54.950+0000] {logging_mixin.py:188} INFO - Test 15/18: {'changepoint_prior_scale': 0.1, 'seasonality_prior_scale': 5.0, 'seasonality_mode': 'additive'}
[2025-07-31T12:01:54.965+0000] {filesystem.py:118} DEBUG - input tempfile: /tmp/tmp3u6sv7g9/y7t597ou.json
[2025-07-31T12:01:54.996+0000] {filesystem.py:118} DEBUG - input tempfile: /tmp/tmp3u6sv7g9/krnr09xi.json
[2025-07-31T12:01:54.997+0000] {model.py:2042} DEBUG - idx 0
[2025-07-31T12:01:54.998+0000] {model.py:2043} DEBUG - running CmdStan, num_threads: None
[2025-07-31T12:01:54.999+0000] {model.py:2055} DEBUG - CmdStan args: ['/home/airflow/.local/lib/python3.11/site-packages/prophet/stan_model/prophet_model.bin', 'random', 'seed=68184', 'data', 'file=/tmp/tmp3u6sv7g9/y7t597ou.json', 'init=/tmp/tmp3u6sv7g9/krnr09xi.json', 'output', 'file=/tmp/tmp3u6sv7g9/prophet_modelz5xydplx/prophet_model-20250731120154.csv', 'method=optimize', 'algorithm=lbfgs', 'iter=10000']
[2025-07-31T12:01:54.999+0000] {logging_mixin.py:188} WARNING - 12:01:54 - cmdstanpy - INFO - Chain [1] start processing
[2025-07-31T12:01:54.999+0000] {model.py:2058} INFO - Chain [1] start processing
[2025-07-31T12:01:55.028+0000] {logging_mixin.py:188} WARNING - 12:01:55 - cmdstanpy - INFO - Chain [1] done processing
[2025-07-31T12:01:55.028+0000] {model.py:2115} INFO - Chain [1] done processing
[2025-07-31T12:01:55.032+0000] {logging_mixin.py:188} INFO - Erreur pour {'changepoint_prior_scale': 0.1, 'seasonality_prior_scale': 5.0, 'seasonality_mode': 'additive'}: Less data than horizon after initial window. Make horizon or initial shorter.
[2025-07-31T12:01:55.033+0000] {logging_mixin.py:188} INFO - Test 16/18: {'changepoint_prior_scale': 0.1, 'seasonality_prior_scale': 5.0, 'seasonality_mode': 'multiplicative'}
[2025-07-31T12:01:55.051+0000] {filesystem.py:118} DEBUG - input tempfile: /tmp/tmp3u6sv7g9/t6ihz1dq.json
[2025-07-31T12:01:55.087+0000] {filesystem.py:118} DEBUG - input tempfile: /tmp/tmp3u6sv7g9/m2lcgkja.json
[2025-07-31T12:01:55.089+0000] {model.py:2042} DEBUG - idx 0
[2025-07-31T12:01:55.090+0000] {model.py:2043} DEBUG - running CmdStan, num_threads: None
[2025-07-31T12:01:55.090+0000] {model.py:2055} DEBUG - CmdStan args: ['/home/airflow/.local/lib/python3.11/site-packages/prophet/stan_model/prophet_model.bin', 'random', 'seed=97232', 'data', 'file=/tmp/tmp3u6sv7g9/t6ihz1dq.json', 'init=/tmp/tmp3u6sv7g9/m2lcgkja.json', 'output', 'file=/tmp/tmp3u6sv7g9/prophet_modelnnyo3pvh/prophet_model-20250731120155.csv', 'method=optimize', 'algorithm=lbfgs', 'iter=10000']
[2025-07-31T12:01:55.091+0000] {logging_mixin.py:188} WARNING - 12:01:55 - cmdstanpy - INFO - Chain [1] start processing
[2025-07-31T12:01:55.091+0000] {model.py:2058} INFO - Chain [1] start processing
[2025-07-31T12:01:55.154+0000] {logging_mixin.py:188} WARNING - 12:01:55 - cmdstanpy - INFO - Chain [1] done processing
[2025-07-31T12:01:55.154+0000] {model.py:2115} INFO - Chain [1] done processing
[2025-07-31T12:01:55.158+0000] {logging_mixin.py:188} INFO - Erreur pour {'changepoint_prior_scale': 0.1, 'seasonality_prior_scale': 5.0, 'seasonality_mode': 'multiplicative'}: Less data than horizon after initial window. Make horizon or initial shorter.
[2025-07-31T12:01:55.159+0000] {logging_mixin.py:188} INFO - Test 17/18: {'changepoint_prior_scale': 0.1, 'seasonality_prior_scale': 10.0, 'seasonality_mode': 'additive'}
[2025-07-31T12:01:55.177+0000] {filesystem.py:118} DEBUG - input tempfile: /tmp/tmp3u6sv7g9/c35iabrr.json
[2025-07-31T12:01:55.214+0000] {filesystem.py:118} DEBUG - input tempfile: /tmp/tmp3u6sv7g9/spue8cvq.json
[2025-07-31T12:01:55.216+0000] {model.py:2042} DEBUG - idx 0
[2025-07-31T12:01:55.217+0000] {model.py:2043} DEBUG - running CmdStan, num_threads: None
[2025-07-31T12:01:55.217+0000] {model.py:2055} DEBUG - CmdStan args: ['/home/airflow/.local/lib/python3.11/site-packages/prophet/stan_model/prophet_model.bin', 'random', 'seed=28837', 'data', 'file=/tmp/tmp3u6sv7g9/c35iabrr.json', 'init=/tmp/tmp3u6sv7g9/spue8cvq.json', 'output', 'file=/tmp/tmp3u6sv7g9/prophet_modelcpmfldao/prophet_model-20250731120155.csv', 'method=optimize', 'algorithm=lbfgs', 'iter=10000']
[2025-07-31T12:01:55.218+0000] {logging_mixin.py:188} WARNING - 12:01:55 - cmdstanpy - INFO - Chain [1] start processing
[2025-07-31T12:01:55.218+0000] {model.py:2058} INFO - Chain [1] start processing
[2025-07-31T12:01:55.249+0000] {logging_mixin.py:188} WARNING - 12:01:55 - cmdstanpy - INFO - Chain [1] done processing
[2025-07-31T12:01:55.249+0000] {model.py:2115} INFO - Chain [1] done processing
[2025-07-31T12:01:55.253+0000] {logging_mixin.py:188} INFO - Erreur pour {'changepoint_prior_scale': 0.1, 'seasonality_prior_scale': 10.0, 'seasonality_mode': 'additive'}: Less data than horizon after initial window. Make horizon or initial shorter.
[2025-07-31T12:01:55.253+0000] {logging_mixin.py:188} INFO - Test 18/18: {'changepoint_prior_scale': 0.1, 'seasonality_prior_scale': 10.0, 'seasonality_mode': 'multiplicative'}
[2025-07-31T12:01:55.272+0000] {filesystem.py:118} DEBUG - input tempfile: /tmp/tmp3u6sv7g9/_y2mvxcm.json
[2025-07-31T12:01:55.308+0000] {filesystem.py:118} DEBUG - input tempfile: /tmp/tmp3u6sv7g9/hus3o9t9.json
[2025-07-31T12:01:55.310+0000] {model.py:2042} DEBUG - idx 0
[2025-07-31T12:01:55.310+0000] {model.py:2043} DEBUG - running CmdStan, num_threads: None
[2025-07-31T12:01:55.311+0000] {model.py:2055} DEBUG - CmdStan args: ['/home/airflow/.local/lib/python3.11/site-packages/prophet/stan_model/prophet_model.bin', 'random', 'seed=15504', 'data', 'file=/tmp/tmp3u6sv7g9/_y2mvxcm.json', 'init=/tmp/tmp3u6sv7g9/hus3o9t9.json', 'output', 'file=/tmp/tmp3u6sv7g9/prophet_modele233g_sg/prophet_model-20250731120155.csv', 'method=optimize', 'algorithm=lbfgs', 'iter=10000']
[2025-07-31T12:01:55.311+0000] {logging_mixin.py:188} WARNING - 12:01:55 - cmdstanpy - INFO - Chain [1] start processing
[2025-07-31T12:01:55.311+0000] {model.py:2058} INFO - Chain [1] start processing
[2025-07-31T12:01:55.356+0000] {logging_mixin.py:188} WARNING - 12:01:55 - cmdstanpy - INFO - Chain [1] done processing
[2025-07-31T12:01:55.356+0000] {model.py:2115} INFO - Chain [1] done processing
[2025-07-31T12:01:55.360+0000] {logging_mixin.py:188} INFO - Erreur pour {'changepoint_prior_scale': 0.1, 'seasonality_prior_scale': 10.0, 'seasonality_mode': 'multiplicative'}: Less data than horizon after initial window. Make horizon or initial shorter.
[2025-07-31T12:01:55.360+0000] {taskinstance.py:441} INFO - ::group::Post task execution logs
[2025-07-31T12:01:55.361+0000] {taskinstance.py:2905} ERROR - Task failed with exception
Traceback (most recent call last):
  File "/home/airflow/.local/lib/python3.11/site-packages/airflow/models/taskinstance.py", line 465, in _execute_task
    result = _execute_callable(context=context, **execute_callable_kwargs)
             ^^^^^^^^^^^^^^^^^^^^^^^^^^^^^^^^^^^^^^^^^^^^^^^^^^^^^^^^^^^^^
  File "/home/airflow/.local/lib/python3.11/site-packages/airflow/models/taskinstance.py", line 432, in _execute_callable
    return execute_callable(context=context, **execute_callable_kwargs)
           ^^^^^^^^^^^^^^^^^^^^^^^^^^^^^^^^^^^^^^^^^^^^^^^^^^^^^^^^^^^^
  File "/home/airflow/.local/lib/python3.11/site-packages/airflow/models/baseoperator.py", line 401, in wrapper
    return func(self, *args, **kwargs)
           ^^^^^^^^^^^^^^^^^^^^^^^^^^^
  File "/home/airflow/.local/lib/python3.11/site-packages/airflow/operators/python.py", line 235, in execute
    return_value = self.execute_callable()
                   ^^^^^^^^^^^^^^^^^^^^^^^
  File "/home/airflow/.local/lib/python3.11/site-packages/airflow/operators/python.py", line 252, in execute_callable
    return self.python_callable(*self.op_args, **self.op_kwargs)
           ^^^^^^^^^^^^^^^^^^^^^^^^^^^^^^^^^^^^^^^^^^^^^^^^^^^^^
  File "/opt/airflow/dags/scripts/train_prophet.py", line 92, in train_prophet
    best_model_temp, scores_temp = optimize_prophet_model(temp_df)
                                   ^^^^^^^^^^^^^^^^^^^^^^^^^^^^^^^
  File "/opt/airflow/dags/scripts/train_prophet.py", line 44, in optimize_prophet_model
    best = min(results, key=lambda x: x[1])
           ^^^^^^^^^^^^^^^^^^^^^^^^^^^^^^^^
ValueError: min() arg is an empty sequence
[2025-07-31T12:01:55.392+0000] {taskinstance.py:1206} INFO - Marking task as FAILED. dag_id=solar_ai_pipeline_2, task_id=train_prophet, run_id=scheduled__2023-07-11T00:00:00+00:00, execution_date=20230711T000000, start_date=20250731T120151, end_date=20250731T120155
[2025-07-31T12:01:55.458+0000] {standard_task_runner.py:110} ERROR - Failed to execute job 2927 for task train_prophet (min() arg is an empty sequence; 4299)
[2025-07-31T12:01:55.485+0000] {local_task_job_runner.py:240} INFO - Task exited with return code 1
[2025-07-31T12:01:55.535+0000] {taskinstance.py:3503} INFO - 0 downstream tasks scheduled from follow-on schedule check
[2025-07-31T12:01:55.582+0000] {local_task_job_runner.py:222} INFO - ::endgroup::
