[2025-07-29T15:41:21.986+0000] {local_task_job_runner.py:120} INFO - ::group::Pre task execution logs
[2025-07-29T15:41:22.042+0000] {taskinstance.py:2076} INFO - Dependencies all met for dep_context=non-requeueable deps ti=<TaskInstance: solar_ai_pipeline_2.fetch_data scheduled__2023-01-11T00:00:00+00:00 [queued]>
[2025-07-29T15:41:22.083+0000] {taskinstance.py:2076} INFO - Dependencies all met for dep_context=requeueable deps ti=<TaskInstance: solar_ai_pipeline_2.fetch_data scheduled__2023-01-11T00:00:00+00:00 [queued]>
[2025-07-29T15:41:22.085+0000] {taskinstance.py:2306} INFO - Starting attempt 3 of 4
[2025-07-29T15:41:22.159+0000] {taskinstance.py:2330} INFO - Executing <Task(PythonOperator): fetch_data> on 2023-01-11 00:00:00+00:00
[2025-07-29T15:41:22.166+0000] {standard_task_runner.py:63} INFO - Started process 2689 to run task
[2025-07-29T15:41:22.172+0000] {standard_task_runner.py:90} INFO - Running: ['airflow', 'tasks', 'run', 'solar_ai_pipeline_2', 'fetch_data', 'scheduled__2023-01-11T00:00:00+00:00', '--job-id', '1423', '--raw', '--subdir', 'DAGS_FOLDER/prophet_pipeline.py', '--cfg-path', '/tmp/tmp8irxhv0i']
[2025-07-29T15:41:22.175+0000] {standard_task_runner.py:91} INFO - Job 1423: Subtask fetch_data
[2025-07-29T15:41:22.352+0000] {task_command.py:426} INFO - Running <TaskInstance: solar_ai_pipeline_2.fetch_data scheduled__2023-01-11T00:00:00+00:00 [running]> on host 4c586ddbbbe9
[2025-07-29T15:41:22.693+0000] {taskinstance.py:2648} INFO - Exporting env vars: AIRFLOW_CTX_DAG_OWNER='ensam' AIRFLOW_CTX_DAG_ID='solar_ai_pipeline_2' AIRFLOW_CTX_TASK_ID='fetch_data' AIRFLOW_CTX_EXECUTION_DATE='2023-01-11T00:00:00+00:00' AIRFLOW_CTX_TRY_NUMBER='3' AIRFLOW_CTX_DAG_RUN_ID='scheduled__2023-01-11T00:00:00+00:00'
[2025-07-29T15:41:22.695+0000] {taskinstance.py:430} INFO - ::endgroup::
[2025-07-29T15:41:32.935+0000] {logging_mixin.py:188} INFO - Données simulées pour 2023-01-11 sauvegardées dans dags/data/processed/simulated_solar_heating_2023-01-11.csv
[2025-07-29T15:41:32.945+0000] {logging_mixin.py:188} INFO - count     24.000000
mean      42.050071
std       63.909897
min        0.000000
25%        0.000000
50%        0.000000
75%       82.481925
max      191.893800
Name: solar_irradiance, dtype: float64
[2025-07-29T15:41:32.947+0000] {logging_mixin.py:188} INFO - 2023-01-11 00:00:00+01:00 → Altitude: -65.46
[2025-07-29T15:41:32.949+0000] {logging_mixin.py:188} INFO - NASA GHI response keys: ['2023011100', '2023011101', '2023011102', '2023011103', '2023011104', '2023011105', '2023011106', '2023011107', '2023011108', '2023011109', '2023011110', '2023011111', '2023011112', '2023011113', '2023011114', '2023011115', '2023011116', '2023011117', '2023011118', '2023011119', '2023011120', '2023011121', '2023011122', '2023011123']
[2025-07-29T15:41:32.950+0000] {logging_mixin.py:188} INFO - 2023-01-11 01:00:00+01:00 → Altitude: -75.62
[2025-07-29T15:41:32.951+0000] {logging_mixin.py:188} INFO - NASA GHI response keys: ['2023011100', '2023011101', '2023011102', '2023011103', '2023011104', '2023011105', '2023011106', '2023011107', '2023011108', '2023011109', '2023011110', '2023011111', '2023011112', '2023011113', '2023011114', '2023011115', '2023011116', '2023011117', '2023011118', '2023011119', '2023011120', '2023011121', '2023011122', '2023011123']
[2025-07-29T15:41:32.953+0000] {logging_mixin.py:188} INFO - 2023-01-11 02:00:00+01:00 → Altitude: -77.33
[2025-07-29T15:41:32.954+0000] {logging_mixin.py:188} INFO - NASA GHI response keys: ['2023011100', '2023011101', '2023011102', '2023011103', '2023011104', '2023011105', '2023011106', '2023011107', '2023011108', '2023011109', '2023011110', '2023011111', '2023011112', '2023011113', '2023011114', '2023011115', '2023011116', '2023011117', '2023011118', '2023011119', '2023011120', '2023011121', '2023011122', '2023011123']
[2025-07-29T15:41:32.955+0000] {logging_mixin.py:188} INFO - 2023-01-11 03:00:00+01:00 → Altitude: -68.47
[2025-07-29T15:41:32.956+0000] {logging_mixin.py:188} INFO - NASA GHI response keys: ['2023011100', '2023011101', '2023011102', '2023011103', '2023011104', '2023011105', '2023011106', '2023011107', '2023011108', '2023011109', '2023011110', '2023011111', '2023011112', '2023011113', '2023011114', '2023011115', '2023011116', '2023011117', '2023011118', '2023011119', '2023011120', '2023011121', '2023011122', '2023011123']
[2025-07-29T15:41:32.958+0000] {logging_mixin.py:188} INFO - 2023-01-11 04:00:00+01:00 → Altitude: -56.66
[2025-07-29T15:41:32.959+0000] {logging_mixin.py:188} INFO - NASA GHI response keys: ['2023011100', '2023011101', '2023011102', '2023011103', '2023011104', '2023011105', '2023011106', '2023011107', '2023011108', '2023011109', '2023011110', '2023011111', '2023011112', '2023011113', '2023011114', '2023011115', '2023011116', '2023011117', '2023011118', '2023011119', '2023011120', '2023011121', '2023011122', '2023011123']
[2025-07-29T15:41:32.960+0000] {logging_mixin.py:188} INFO - 2023-01-11 05:00:00+01:00 → Altitude: -44.25
[2025-07-29T15:41:32.961+0000] {logging_mixin.py:188} INFO - NASA GHI response keys: ['2023011100', '2023011101', '2023011102', '2023011103', '2023011104', '2023011105', '2023011106', '2023011107', '2023011108', '2023011109', '2023011110', '2023011111', '2023011112', '2023011113', '2023011114', '2023011115', '2023011116', '2023011117', '2023011118', '2023011119', '2023011120', '2023011121', '2023011122', '2023011123']
[2025-07-29T15:41:32.961+0000] {logging_mixin.py:188} INFO - 2023-01-11 06:00:00+01:00 → Altitude: -31.77
[2025-07-29T15:41:32.963+0000] {logging_mixin.py:188} INFO - NASA GHI response keys: ['2023011100', '2023011101', '2023011102', '2023011103', '2023011104', '2023011105', '2023011106', '2023011107', '2023011108', '2023011109', '2023011110', '2023011111', '2023011112', '2023011113', '2023011114', '2023011115', '2023011116', '2023011117', '2023011118', '2023011119', '2023011120', '2023011121', '2023011122', '2023011123']
[2025-07-29T15:41:32.963+0000] {logging_mixin.py:188} INFO - 2023-01-11 07:00:00+01:00 → Altitude: -19.47
[2025-07-29T15:41:32.964+0000] {logging_mixin.py:188} INFO - NASA GHI response keys: ['2023011100', '2023011101', '2023011102', '2023011103', '2023011104', '2023011105', '2023011106', '2023011107', '2023011108', '2023011109', '2023011110', '2023011111', '2023011112', '2023011113', '2023011114', '2023011115', '2023011116', '2023011117', '2023011118', '2023011119', '2023011120', '2023011121', '2023011122', '2023011123']
[2025-07-29T15:41:32.965+0000] {logging_mixin.py:188} INFO - 2023-01-11 08:00:00+01:00 → Altitude: -7.53
[2025-07-29T15:41:32.966+0000] {logging_mixin.py:188} INFO - NASA GHI response keys: ['2023011100', '2023011101', '2023011102', '2023011103', '2023011104', '2023011105', '2023011106', '2023011107', '2023011108', '2023011109', '2023011110', '2023011111', '2023011112', '2023011113', '2023011114', '2023011115', '2023011116', '2023011117', '2023011118', '2023011119', '2023011120', '2023011121', '2023011122', '2023011123']
[2025-07-29T15:41:32.967+0000] {logging_mixin.py:188} INFO - 2023-01-11 09:00:00+01:00 → Altitude: 3.92
[2025-07-29T15:41:32.967+0000] {logging_mixin.py:188} INFO - NASA GHI response keys: ['2023011100', '2023011101', '2023011102', '2023011103', '2023011104', '2023011105', '2023011106', '2023011107', '2023011108', '2023011109', '2023011110', '2023011111', '2023011112', '2023011113', '2023011114', '2023011115', '2023011116', '2023011117', '2023011118', '2023011119', '2023011120', '2023011121', '2023011122', '2023011123']
[2025-07-29T15:41:32.968+0000] {logging_mixin.py:188} INFO - 2023-01-11 10:00:00+01:00 → Altitude: 14.15
[2025-07-29T15:41:32.969+0000] {logging_mixin.py:188} INFO - NASA GHI response keys: ['2023011100', '2023011101', '2023011102', '2023011103', '2023011104', '2023011105', '2023011106', '2023011107', '2023011108', '2023011109', '2023011110', '2023011111', '2023011112', '2023011113', '2023011114', '2023011115', '2023011116', '2023011117', '2023011118', '2023011119', '2023011120', '2023011121', '2023011122', '2023011123']
[2025-07-29T15:41:32.970+0000] {logging_mixin.py:188} INFO - 2023-01-11 11:00:00+01:00 → Altitude: 23.06
[2025-07-29T15:41:32.970+0000] {logging_mixin.py:188} INFO - NASA GHI response keys: ['2023011100', '2023011101', '2023011102', '2023011103', '2023011104', '2023011105', '2023011106', '2023011107', '2023011108', '2023011109', '2023011110', '2023011111', '2023011112', '2023011113', '2023011114', '2023011115', '2023011116', '2023011117', '2023011118', '2023011119', '2023011120', '2023011121', '2023011122', '2023011123']
[2025-07-29T15:41:32.971+0000] {logging_mixin.py:188} INFO - 2023-01-11 12:00:00+01:00 → Altitude: 29.92
[2025-07-29T15:41:32.972+0000] {logging_mixin.py:188} INFO - NASA GHI response keys: ['2023011100', '2023011101', '2023011102', '2023011103', '2023011104', '2023011105', '2023011106', '2023011107', '2023011108', '2023011109', '2023011110', '2023011111', '2023011112', '2023011113', '2023011114', '2023011115', '2023011116', '2023011117', '2023011118', '2023011119', '2023011120', '2023011121', '2023011122', '2023011123']
[2025-07-29T15:41:32.973+0000] {logging_mixin.py:188} INFO - 2023-01-11 13:00:00+01:00 → Altitude: 33.91
[2025-07-29T15:41:32.973+0000] {logging_mixin.py:188} INFO - NASA GHI response keys: ['2023011100', '2023011101', '2023011102', '2023011103', '2023011104', '2023011105', '2023011106', '2023011107', '2023011108', '2023011109', '2023011110', '2023011111', '2023011112', '2023011113', '2023011114', '2023011115', '2023011116', '2023011117', '2023011118', '2023011119', '2023011120', '2023011121', '2023011122', '2023011123']
[2025-07-29T15:41:32.974+0000] {logging_mixin.py:188} INFO - 2023-01-11 14:00:00+01:00 → Altitude: 34.42
[2025-07-29T15:41:32.975+0000] {logging_mixin.py:188} INFO - NASA GHI response keys: ['2023011100', '2023011101', '2023011102', '2023011103', '2023011104', '2023011105', '2023011106', '2023011107', '2023011108', '2023011109', '2023011110', '2023011111', '2023011112', '2023011113', '2023011114', '2023011115', '2023011116', '2023011117', '2023011118', '2023011119', '2023011120', '2023011121', '2023011122', '2023011123']
[2025-07-29T15:41:32.975+0000] {logging_mixin.py:188} INFO - 2023-01-11 15:00:00+01:00 → Altitude: 31.34
[2025-07-29T15:41:32.976+0000] {logging_mixin.py:188} INFO - NASA GHI response keys: ['2023011100', '2023011101', '2023011102', '2023011103', '2023011104', '2023011105', '2023011106', '2023011107', '2023011108', '2023011109', '2023011110', '2023011111', '2023011112', '2023011113', '2023011114', '2023011115', '2023011116', '2023011117', '2023011118', '2023011119', '2023011120', '2023011121', '2023011122', '2023011123']
[2025-07-29T15:41:32.977+0000] {logging_mixin.py:188} INFO - 2023-01-11 16:00:00+01:00 → Altitude: 25.20
[2025-07-29T15:41:32.977+0000] {logging_mixin.py:188} INFO - NASA GHI response keys: ['2023011100', '2023011101', '2023011102', '2023011103', '2023011104', '2023011105', '2023011106', '2023011107', '2023011108', '2023011109', '2023011110', '2023011111', '2023011112', '2023011113', '2023011114', '2023011115', '2023011116', '2023011117', '2023011118', '2023011119', '2023011120', '2023011121', '2023011122', '2023011123']
[2025-07-29T15:41:32.978+0000] {logging_mixin.py:188} INFO - 2023-01-11 17:00:00+01:00 → Altitude: 16.77
[2025-07-29T15:41:32.978+0000] {logging_mixin.py:188} INFO - NASA GHI response keys: ['2023011100', '2023011101', '2023011102', '2023011103', '2023011104', '2023011105', '2023011106', '2023011107', '2023011108', '2023011109', '2023011110', '2023011111', '2023011112', '2023011113', '2023011114', '2023011115', '2023011116', '2023011117', '2023011118', '2023011119', '2023011120', '2023011121', '2023011122', '2023011123']
[2025-07-29T15:41:32.979+0000] {logging_mixin.py:188} INFO - 2023-01-11 18:00:00+01:00 → Altitude: 6.82
[2025-07-29T15:41:32.980+0000] {logging_mixin.py:188} INFO - NASA GHI response keys: ['2023011100', '2023011101', '2023011102', '2023011103', '2023011104', '2023011105', '2023011106', '2023011107', '2023011108', '2023011109', '2023011110', '2023011111', '2023011112', '2023011113', '2023011114', '2023011115', '2023011116', '2023011117', '2023011118', '2023011119', '2023011120', '2023011121', '2023011122', '2023011123']
[2025-07-29T15:41:32.981+0000] {logging_mixin.py:188} INFO - 2023-01-11 19:00:00+01:00 → Altitude: -4.30
[2025-07-29T15:41:32.982+0000] {logging_mixin.py:188} INFO - NASA GHI response keys: ['2023011100', '2023011101', '2023011102', '2023011103', '2023011104', '2023011105', '2023011106', '2023011107', '2023011108', '2023011109', '2023011110', '2023011111', '2023011112', '2023011113', '2023011114', '2023011115', '2023011116', '2023011117', '2023011118', '2023011119', '2023011120', '2023011121', '2023011122', '2023011123']
[2025-07-29T15:41:32.982+0000] {logging_mixin.py:188} INFO - 2023-01-11 20:00:00+01:00 → Altitude: -16.13
[2025-07-29T15:41:32.983+0000] {logging_mixin.py:188} INFO - NASA GHI response keys: ['2023011100', '2023011101', '2023011102', '2023011103', '2023011104', '2023011105', '2023011106', '2023011107', '2023011108', '2023011109', '2023011110', '2023011111', '2023011112', '2023011113', '2023011114', '2023011115', '2023011116', '2023011117', '2023011118', '2023011119', '2023011120', '2023011121', '2023011122', '2023011123']
[2025-07-29T15:41:32.984+0000] {logging_mixin.py:188} INFO - 2023-01-11 21:00:00+01:00 → Altitude: -28.34
[2025-07-29T15:41:32.984+0000] {logging_mixin.py:188} INFO - NASA GHI response keys: ['2023011100', '2023011101', '2023011102', '2023011103', '2023011104', '2023011105', '2023011106', '2023011107', '2023011108', '2023011109', '2023011110', '2023011111', '2023011112', '2023011113', '2023011114', '2023011115', '2023011116', '2023011117', '2023011118', '2023011119', '2023011120', '2023011121', '2023011122', '2023011123']
[2025-07-29T15:41:32.985+0000] {logging_mixin.py:188} INFO - 2023-01-11 22:00:00+01:00 → Altitude: -40.79
[2025-07-29T15:41:32.986+0000] {logging_mixin.py:188} INFO - NASA GHI response keys: ['2023011100', '2023011101', '2023011102', '2023011103', '2023011104', '2023011105', '2023011106', '2023011107', '2023011108', '2023011109', '2023011110', '2023011111', '2023011112', '2023011113', '2023011114', '2023011115', '2023011116', '2023011117', '2023011118', '2023011119', '2023011120', '2023011121', '2023011122', '2023011123']
[2025-07-29T15:41:32.986+0000] {logging_mixin.py:188} INFO - 2023-01-11 23:00:00+01:00 → Altitude: -53.25
[2025-07-29T15:41:32.987+0000] {logging_mixin.py:188} INFO - NASA GHI response keys: ['2023011100', '2023011101', '2023011102', '2023011103', '2023011104', '2023011105', '2023011106', '2023011107', '2023011108', '2023011109', '2023011110', '2023011111', '2023011112', '2023011113', '2023011114', '2023011115', '2023011116', '2023011117', '2023011118', '2023011119', '2023011120', '2023011121', '2023011122', '2023011123']
[2025-07-29T15:41:32.989+0000] {python.py:237} INFO - Done. Returned value was: None
[2025-07-29T15:41:32.990+0000] {taskinstance.py:441} INFO - ::group::Post task execution logs
[2025-07-29T15:41:33.012+0000] {taskinstance.py:1206} INFO - Marking task as SUCCESS. dag_id=solar_ai_pipeline_2, task_id=fetch_data, run_id=scheduled__2023-01-11T00:00:00+00:00, execution_date=20230111T000000, start_date=20250729T154122, end_date=20250729T154133
[2025-07-29T15:41:33.121+0000] {local_task_job_runner.py:240} INFO - Task exited with return code 0
[2025-07-29T15:41:33.234+0000] {taskinstance.py:3503} INFO - 1 downstream tasks scheduled from follow-on schedule check
[2025-07-29T15:41:33.272+0000] {local_task_job_runner.py:222} INFO - ::endgroup::
