[2025-07-31T13:34:41.286+0000] {local_task_job_runner.py:120} INFO - ::group::Pre task execution logs
[2025-07-31T13:34:41.368+0000] {taskinstance.py:2076} INFO - Dependencies all met for dep_context=non-requeueable deps ti=<TaskInstance: solar_ai_pipeline_2.train_prophet scheduled__2023-10-12T00:00:00+00:00 [queued]>
[2025-07-31T13:34:41.396+0000] {taskinstance.py:2076} INFO - Dependencies all met for dep_context=requeueable deps ti=<TaskInstance: solar_ai_pipeline_2.train_prophet scheduled__2023-10-12T00:00:00+00:00 [queued]>
[2025-07-31T13:34:41.397+0000] {taskinstance.py:2306} INFO - Starting attempt 1 of 2
[2025-07-31T13:34:41.442+0000] {taskinstance.py:2330} INFO - Executing <Task(PythonOperator): train_prophet> on 2023-10-12 00:00:00+00:00
[2025-07-31T13:34:41.447+0000] {standard_task_runner.py:63} INFO - Started process 27169 to run task
[2025-07-31T13:34:41.450+0000] {standard_task_runner.py:90} INFO - Running: ['airflow', 'tasks', 'run', 'solar_ai_pipeline_2', 'train_prophet', 'scheduled__2023-10-12T00:00:00+00:00', '--job-id', '3088', '--raw', '--subdir', 'DAGS_FOLDER/prophet_pipeline.py', '--cfg-path', '/tmp/tmpwla18khu']
[2025-07-31T13:34:41.452+0000] {standard_task_runner.py:91} INFO - Job 3088: Subtask train_prophet
[2025-07-31T13:34:41.572+0000] {task_command.py:426} INFO - Running <TaskInstance: solar_ai_pipeline_2.train_prophet scheduled__2023-10-12T00:00:00+00:00 [running]> on host a2a0dd314bdc
[2025-07-31T13:34:41.762+0000] {taskinstance.py:2648} INFO - Exporting env vars: AIRFLOW_CTX_DAG_OWNER='ensam' AIRFLOW_CTX_DAG_ID='solar_ai_pipeline_2' AIRFLOW_CTX_TASK_ID='train_prophet' AIRFLOW_CTX_EXECUTION_DATE='2023-10-12T00:00:00+00:00' AIRFLOW_CTX_TRY_NUMBER='1' AIRFLOW_CTX_DAG_RUN_ID='scheduled__2023-10-12T00:00:00+00:00'
[2025-07-31T13:34:41.763+0000] {taskinstance.py:430} INFO - ::endgroup::
[2025-07-31T13:34:42.504+0000] {plot.py:39} ERROR - Importing plotly failed. Interactive plots will not work.
[2025-07-31T13:34:42.511+0000] {logging_mixin.py:188} INFO - Training from 2023-01-01 to 2023-04-15
[2025-07-31T13:34:43.035+0000] {logging_mixin.py:188} WARNING - /opt/airflow/dags/scripts/train_prophet.py:85 FutureWarning: In a future version of pandas, parsing datetimes with mixed time zones will raise an error unless `utc=True`. Please specify `utc=True` to opt in to the new behaviour and silence this warning. To create a `Series` with mixed offsets and `object` dtype, please use `apply` and `datetime.datetime.strptime`
[2025-07-31T13:34:43.046+0000] {taskinstance.py:441} INFO - ::group::Post task execution logs
[2025-07-31T13:34:43.047+0000] {taskinstance.py:2905} ERROR - Task failed with exception
Traceback (most recent call last):
  File "/home/airflow/.local/lib/python3.11/site-packages/airflow/models/taskinstance.py", line 465, in _execute_task
    result = _execute_callable(context=context, **execute_callable_kwargs)
             ^^^^^^^^^^^^^^^^^^^^^^^^^^^^^^^^^^^^^^^^^^^^^^^^^^^^^^^^^^^^^
  File "/home/airflow/.local/lib/python3.11/site-packages/airflow/models/taskinstance.py", line 432, in _execute_callable
    return execute_callable(context=context, **execute_callable_kwargs)
           ^^^^^^^^^^^^^^^^^^^^^^^^^^^^^^^^^^^^^^^^^^^^^^^^^^^^^^^^^^^^
  File "/home/airflow/.local/lib/python3.11/site-packages/airflow/models/baseoperator.py", line 401, in wrapper
    return func(self, *args, **kwargs)
           ^^^^^^^^^^^^^^^^^^^^^^^^^^^
  File "/home/airflow/.local/lib/python3.11/site-packages/airflow/operators/python.py", line 235, in execute
    return_value = self.execute_callable()
                   ^^^^^^^^^^^^^^^^^^^^^^^
  File "/home/airflow/.local/lib/python3.11/site-packages/airflow/operators/python.py", line 252, in execute_callable
    return self.python_callable(*self.op_args, **self.op_kwargs)
           ^^^^^^^^^^^^^^^^^^^^^^^^^^^^^^^^^^^^^^^^^^^^^^^^^^^^^
  File "/opt/airflow/dags/scripts/train_prophet.py", line 90, in train_prophet
    temp_df['ds'] = temp_df['ds'].dt.tz_localize(None)
                    ^^^^^^^^^^^^^^^^
  File "/home/airflow/.local/lib/python3.11/site-packages/pandas/core/generic.py", line 6204, in __getattr__
    return object.__getattribute__(self, name)
           ^^^^^^^^^^^^^^^^^^^^^^^^^^^^^^^^^^^
  File "/home/airflow/.local/lib/python3.11/site-packages/pandas/core/accessor.py", line 224, in __get__
    accessor_obj = self._accessor(obj)
                   ^^^^^^^^^^^^^^^^^^^
  File "/home/airflow/.local/lib/python3.11/site-packages/pandas/core/indexes/accessors.py", line 608, in __new__
    raise AttributeError("Can only use .dt accessor with datetimelike values")
AttributeError: Can only use .dt accessor with datetimelike values
[2025-07-31T13:34:43.074+0000] {taskinstance.py:1206} INFO - Marking task as UP_FOR_RETRY. dag_id=solar_ai_pipeline_2, task_id=train_prophet, run_id=scheduled__2023-10-12T00:00:00+00:00, execution_date=20231012T000000, start_date=20250731T133441, end_date=20250731T133443
[2025-07-31T13:34:43.131+0000] {standard_task_runner.py:110} ERROR - Failed to execute job 3088 for task train_prophet (Can only use .dt accessor with datetimelike values; 27169)
[2025-07-31T13:34:43.150+0000] {local_task_job_runner.py:240} INFO - Task exited with return code 1
[2025-07-31T13:34:43.189+0000] {taskinstance.py:3503} INFO - 0 downstream tasks scheduled from follow-on schedule check
[2025-07-31T13:34:43.191+0000] {local_task_job_runner.py:222} INFO - ::endgroup::
