[2025-07-31T09:39:10.681+0000] {local_task_job_runner.py:120} INFO - ::group::Pre task execution logs
[2025-07-31T09:39:10.761+0000] {taskinstance.py:2076} INFO - Dependencies all met for dep_context=non-requeueable deps ti=<TaskInstance: solar_ai_pipeline_2.preprocess scheduled__2023-04-23T00:00:00+00:00 [queued]>
[2025-07-31T09:39:10.781+0000] {taskinstance.py:2076} INFO - Dependencies all met for dep_context=requeueable deps ti=<TaskInstance: solar_ai_pipeline_2.preprocess scheduled__2023-04-23T00:00:00+00:00 [queued]>
[2025-07-31T09:39:10.782+0000] {taskinstance.py:2306} INFO - Starting attempt 3 of 4
[2025-07-31T09:39:10.828+0000] {taskinstance.py:2330} INFO - Executing <Task(PythonOperator): preprocess> on 2023-04-23 00:00:00+00:00
[2025-07-31T09:39:10.833+0000] {standard_task_runner.py:63} INFO - Started process 18511 to run task
[2025-07-31T09:39:10.836+0000] {standard_task_runner.py:90} INFO - Running: ['airflow', 'tasks', 'run', 'solar_ai_pipeline_2', 'preprocess', 'scheduled__2023-04-23T00:00:00+00:00', '--job-id', '2467', '--raw', '--subdir', 'DAGS_FOLDER/prophet_pipeline.py', '--cfg-path', '/tmp/tmpacn2vz5q']
[2025-07-31T09:39:10.839+0000] {standard_task_runner.py:91} INFO - Job 2467: Subtask preprocess
[2025-07-31T09:39:10.975+0000] {task_command.py:426} INFO - Running <TaskInstance: solar_ai_pipeline_2.preprocess scheduled__2023-04-23T00:00:00+00:00 [running]> on host a2a0dd314bdc
[2025-07-31T09:39:11.162+0000] {taskinstance.py:2648} INFO - Exporting env vars: AIRFLOW_CTX_DAG_OWNER='ensam' AIRFLOW_CTX_DAG_ID='solar_ai_pipeline_2' AIRFLOW_CTX_TASK_ID='preprocess' AIRFLOW_CTX_EXECUTION_DATE='2023-04-23T00:00:00+00:00' AIRFLOW_CTX_TRY_NUMBER='3' AIRFLOW_CTX_DAG_RUN_ID='scheduled__2023-04-23T00:00:00+00:00'
[2025-07-31T09:39:11.163+0000] {taskinstance.py:430} INFO - ::endgroup::
[2025-07-31T09:39:12.078+0000] {taskinstance.py:441} INFO - ::group::Post task execution logs
[2025-07-31T09:39:12.079+0000] {taskinstance.py:2905} ERROR - Task failed with exception
Traceback (most recent call last):
  File "/home/airflow/.local/lib/python3.11/site-packages/airflow/models/taskinstance.py", line 465, in _execute_task
    result = _execute_callable(context=context, **execute_callable_kwargs)
             ^^^^^^^^^^^^^^^^^^^^^^^^^^^^^^^^^^^^^^^^^^^^^^^^^^^^^^^^^^^^^
  File "/home/airflow/.local/lib/python3.11/site-packages/airflow/models/taskinstance.py", line 432, in _execute_callable
    return execute_callable(context=context, **execute_callable_kwargs)
           ^^^^^^^^^^^^^^^^^^^^^^^^^^^^^^^^^^^^^^^^^^^^^^^^^^^^^^^^^^^^
  File "/home/airflow/.local/lib/python3.11/site-packages/airflow/models/baseoperator.py", line 401, in wrapper
    return func(self, *args, **kwargs)
           ^^^^^^^^^^^^^^^^^^^^^^^^^^^
  File "/home/airflow/.local/lib/python3.11/site-packages/airflow/operators/python.py", line 235, in execute
    return_value = self.execute_callable()
                   ^^^^^^^^^^^^^^^^^^^^^^^
  File "/home/airflow/.local/lib/python3.11/site-packages/airflow/operators/python.py", line 252, in execute_callable
    return self.python_callable(*self.op_args, **self.op_kwargs)
           ^^^^^^^^^^^^^^^^^^^^^^^^^^^^^^^^^^^^^^^^^^^^^^^^^^^^^
  File "/opt/airflow/dags/scripts/preprocess.py", line 21, in preprocess_data
    df["hour"] = df["datetime"].dt.hour
                 ^^^^^^^^^^^^^^^^^
  File "/home/airflow/.local/lib/python3.11/site-packages/pandas/core/generic.py", line 6204, in __getattr__
    return object.__getattribute__(self, name)
           ^^^^^^^^^^^^^^^^^^^^^^^^^^^^^^^^^^^
  File "/home/airflow/.local/lib/python3.11/site-packages/pandas/core/accessor.py", line 224, in __get__
    accessor_obj = self._accessor(obj)
                   ^^^^^^^^^^^^^^^^^^^
  File "/home/airflow/.local/lib/python3.11/site-packages/pandas/core/indexes/accessors.py", line 608, in __new__
    raise AttributeError("Can only use .dt accessor with datetimelike values")
AttributeError: Can only use .dt accessor with datetimelike values
[2025-07-31T09:39:12.102+0000] {taskinstance.py:1206} INFO - Marking task as UP_FOR_RETRY. dag_id=solar_ai_pipeline_2, task_id=preprocess, run_id=scheduled__2023-04-23T00:00:00+00:00, execution_date=20230423T000000, start_date=20250731T093910, end_date=20250731T093912
[2025-07-31T09:39:12.179+0000] {standard_task_runner.py:110} ERROR - Failed to execute job 2467 for task preprocess (Can only use .dt accessor with datetimelike values; 18511)
[2025-07-31T09:39:12.217+0000] {local_task_job_runner.py:240} INFO - Task exited with return code 1
[2025-07-31T09:39:12.255+0000] {taskinstance.py:3503} INFO - 0 downstream tasks scheduled from follow-on schedule check
[2025-07-31T09:39:12.258+0000] {local_task_job_runner.py:222} INFO - ::endgroup::
