[2025-07-31T15:54:10.378+0000] {local_task_job_runner.py:120} INFO - ::group::Pre task execution logs
[2025-07-31T15:54:10.487+0000] {taskinstance.py:2076} INFO - Dependencies all met for dep_context=non-requeueable deps ti=<TaskInstance: solar_ai_pipeline_2.train_rl backfill__2024-01-07T00:00:00+00:00 [queued]>
[2025-07-31T15:54:10.529+0000] {taskinstance.py:2076} INFO - Dependencies all met for dep_context=requeueable deps ti=<TaskInstance: solar_ai_pipeline_2.train_rl backfill__2024-01-07T00:00:00+00:00 [queued]>
[2025-07-31T15:54:10.530+0000] {taskinstance.py:2306} INFO - Starting attempt 2 of 2
[2025-07-31T15:54:10.592+0000] {taskinstance.py:2330} INFO - Executing <Task(PythonOperator): train_rl> on 2024-01-07 00:00:00+00:00
[2025-07-31T15:54:10.599+0000] {standard_task_runner.py:63} INFO - Started process 88743 to run task
[2025-07-31T15:54:10.603+0000] {standard_task_runner.py:90} INFO - Running: ['airflow', 'tasks', 'run', 'solar_ai_pipeline_2', 'train_rl', 'backfill__2024-01-07T00:00:00+00:00', '--job-id', '3405', '--pool', 'default_pool', '--raw', '--subdir', 'DAGS_FOLDER/prophet_pipeline.py', '--cfg-path', '/tmp/tmp0357x7cx']
[2025-07-31T15:54:10.606+0000] {standard_task_runner.py:91} INFO - Job 3405: Subtask train_rl
[2025-07-31T15:54:10.746+0000] {task_command.py:426} INFO - Running <TaskInstance: solar_ai_pipeline_2.train_rl backfill__2024-01-07T00:00:00+00:00 [running]> on host a2a0dd314bdc
[2025-07-31T15:54:11.232+0000] {taskinstance.py:2648} INFO - Exporting env vars: AIRFLOW_CTX_DAG_OWNER='ensam' AIRFLOW_CTX_DAG_ID='solar_ai_pipeline_2' AIRFLOW_CTX_TASK_ID='train_rl' AIRFLOW_CTX_EXECUTION_DATE='2024-01-07T00:00:00+00:00' AIRFLOW_CTX_TRY_NUMBER='2' AIRFLOW_CTX_DAG_RUN_ID='backfill__2024-01-07T00:00:00+00:00'
[2025-07-31T15:54:11.233+0000] {taskinstance.py:430} INFO - ::endgroup::
[2025-07-31T15:54:12.024+0000] {logging_mixin.py:188} INFO - [INFO] Starting Q-learning process...
[2025-07-31T15:54:12.197+0000] {logging_mixin.py:188} INFO - [INFO] Loading data files...
[2025-07-31T15:54:13.598+0000] {logging_mixin.py:188} INFO - [INFO] Merged dataset contains 144 rows
[2025-07-31T15:54:13.611+0000] {logging_mixin.py:188} INFO - [INFO] Loaded existing Q-table
[2025-07-31T15:54:13.634+0000] {logging_mixin.py:188} INFO - [INFO] Starting Q-learning training...
[2025-07-31T15:54:13.690+0000] {logging_mixin.py:188} INFO - [DEBUG] Reward counters snapshot: {'low_temp_low_solar': 41, 'high_temp_high_solar': 6, 'high_flow_low_temp': 6, 'other': 12}
[2025-07-31T15:54:13.691+0000] {logging_mixin.py:188} INFO - [DEBUG] Epoch 0: Total reward = -54.30, Epsilon = 0.9950
[2025-07-31T15:54:15.936+0000] {logging_mixin.py:188} INFO - [DEBUG] Epoch 50: Total reward = -12.30, Epsilon = 0.7744
[2025-07-31T15:54:18.396+0000] {logging_mixin.py:188} INFO - [DEBUG] Epoch 100: Total reward = 35.50, Epsilon = 0.6027
[2025-07-31T15:54:20.130+0000] {logging_mixin.py:188} INFO - [DEBUG] Epoch 150: Total reward = 45.10, Epsilon = 0.4691
[2025-07-31T15:54:22.251+0000] {logging_mixin.py:188} INFO - [DEBUG] Reward counters snapshot: {'low_temp_low_solar': 8241, 'high_temp_high_solar': 1206, 'high_flow_low_temp': 1206, 'other': 2412}
[2025-07-31T15:54:22.252+0000] {logging_mixin.py:188} INFO - [DEBUG] Epoch 200: Total reward = 68.00, Epsilon = 0.3651
[2025-07-31T15:54:24.099+0000] {logging_mixin.py:188} INFO - [DEBUG] Epoch 250: Total reward = 77.30, Epsilon = 0.2842
[2025-07-31T15:54:26.621+0000] {logging_mixin.py:188} INFO - [DEBUG] Epoch 300: Total reward = 85.30, Epsilon = 0.2212
[2025-07-31T15:54:28.790+0000] {logging_mixin.py:188} INFO - [DEBUG] Epoch 350: Total reward = 91.50, Epsilon = 0.1721
[2025-07-31T15:54:31.137+0000] {logging_mixin.py:188} INFO - [DEBUG] Reward counters snapshot: {'low_temp_low_solar': 16441, 'high_temp_high_solar': 2406, 'high_flow_low_temp': 2406, 'other': 4812}
[2025-07-31T15:54:31.138+0000] {logging_mixin.py:188} INFO - [DEBUG] Epoch 400: Total reward = 93.50, Epsilon = 0.1340
[2025-07-31T15:54:33.156+0000] {logging_mixin.py:188} INFO - [DEBUG] Epoch 450: Total reward = 99.70, Epsilon = 0.1043
[2025-07-31T15:54:35.592+0000] {logging_mixin.py:188} INFO - [DEBUG] Epoch 500: Total reward = 98.20, Epsilon = 0.1000
[2025-07-31T15:54:37.822+0000] {logging_mixin.py:188} INFO - [DEBUG] Epoch 550: Total reward = 93.00, Epsilon = 0.1000
[2025-07-31T15:54:39.856+0000] {logging_mixin.py:188} INFO - [DEBUG] Reward counters snapshot: {'low_temp_low_solar': 24641, 'high_temp_high_solar': 3606, 'high_flow_low_temp': 3606, 'other': 7212}
[2025-07-31T15:54:39.857+0000] {logging_mixin.py:188} INFO - [DEBUG] Epoch 600: Total reward = 99.10, Epsilon = 0.1000
[2025-07-31T15:54:41.902+0000] {logging_mixin.py:188} INFO - [DEBUG] Epoch 650: Total reward = 92.70, Epsilon = 0.1000
[2025-07-31T15:54:44.047+0000] {logging_mixin.py:188} INFO - [DEBUG] Epoch 700: Total reward = 98.00, Epsilon = 0.1000
[2025-07-31T15:54:46.333+0000] {logging_mixin.py:188} INFO - [DEBUG] Epoch 750: Total reward = 104.20, Epsilon = 0.1000
[2025-07-31T15:54:48.454+0000] {logging_mixin.py:188} INFO - [DEBUG] Reward counters snapshot: {'low_temp_low_solar': 32841, 'high_temp_high_solar': 4806, 'high_flow_low_temp': 4806, 'other': 9612}
[2025-07-31T15:54:48.454+0000] {logging_mixin.py:188} INFO - [DEBUG] Epoch 800: Total reward = 89.20, Epsilon = 0.1000
[2025-07-31T15:54:50.370+0000] {logging_mixin.py:188} INFO - [DEBUG] Epoch 850: Total reward = 98.70, Epsilon = 0.1000
[2025-07-31T15:54:52.326+0000] {logging_mixin.py:188} INFO - [DEBUG] Epoch 900: Total reward = 106.20, Epsilon = 0.1000
[2025-07-31T15:54:54.524+0000] {logging_mixin.py:188} INFO - [DEBUG] Epoch 950: Total reward = 92.20, Epsilon = 0.1000
[2025-07-31T15:54:56.377+0000] {logging_mixin.py:188} INFO - 
[DEBUG] Reward rule trigger counts during training:
[2025-07-31T15:54:56.377+0000] {logging_mixin.py:188} INFO -  - low_temp_low_solar: 41000 times
[2025-07-31T15:54:56.378+0000] {logging_mixin.py:188} INFO -  - high_temp_high_solar: 6000 times
[2025-07-31T15:54:56.378+0000] {logging_mixin.py:188} INFO -  - high_flow_low_temp: 6000 times
[2025-07-31T15:54:56.379+0000] {logging_mixin.py:188} INFO -  - other: 12000 times
[2025-07-31T15:54:56.386+0000] {logging_mixin.py:188} INFO - [INFO] Global Q-table saved (continuous learning)
[2025-07-31T15:54:56.386+0000] {logging_mixin.py:188} INFO - [INFO] Starting policy evaluation on last available day...
[2025-07-31T15:54:56.396+0000] {logging_mixin.py:188} INFO - 
[RESULT] Policy Evaluation on Last Day
[2025-07-31T15:54:56.401+0000] {logging_mixin.py:188} INFO -            datetime  yhat_temp  solar_irradiance  yhat_flow  action  reward
2024-01-05 23:00:00   0.099999          0.000000   0.620264       1     0.5
2024-01-06 00:00:00   0.099091          0.000000   0.528369       0     1.0
2024-01-06 01:00:00   0.121710          0.000000   0.406651       0     1.0
2024-01-06 02:00:00   0.156322          0.000000   0.274410       0     1.0
2024-01-06 03:00:00   0.173828          0.000000   0.181182       0     1.0
2024-01-06 04:00:00   0.160752          0.000000   0.169375       0     1.0
2024-01-06 05:00:00   0.142686          0.000000   0.234534       0     1.0
2024-01-06 06:00:00   0.173931          0.002787   0.322288       0     1.0
2024-01-06 07:00:00   0.299602          0.094773   0.369273       0     1.0
2024-01-06 08:00:00   0.520912          0.296158   0.354141       0     1.0
2024-01-06 09:00:00   0.790736          0.498370   0.313764       0     1.0
2024-01-06 10:00:00   1.039807          0.645334   0.310410       0     1.0
2024-01-06 11:00:00   1.209872          0.720860   0.379543       0     1.0
2024-01-06 12:00:00   1.270083          1.000000   0.503957       0     1.0
2024-01-06 13:00:00   1.213464          0.815893   0.633884       0     1.0
2024-01-06 14:00:00   1.048801          0.558557   0.730326       0     0.1
2024-01-06 15:00:00   0.801419          0.251847   0.790481       0     0.1
2024-01-06 16:00:00   0.518722          0.018467   0.835436       1     1.0
2024-01-06 17:00:00   0.264392          0.000000   0.878212       1     0.5
2024-01-06 18:00:00   0.093876          0.000000   0.906969       1     0.5
2024-01-06 19:00:00   0.025168          0.000000   0.898977       1     0.5
2024-01-06 20:00:00   0.029882          0.000000   0.847357       1     0.5
2024-01-06 21:00:00   0.055945          0.000000   0.769989       1     0.5
2024-01-06 22:00:00   0.065692          0.000000   0.690518       1     0.5
[2025-07-31T15:54:56.403+0000] {logging_mixin.py:188} INFO - 
[RESULT] Q-learning Q-table (Top non-zero rows):
[2025-07-31T15:54:56.406+0000] {logging_mixin.py:188} INFO -  state  Q_action_0  Q_action_1 best_action
     0    9.175367    6.157072  Q_action_0
     1    0.007320    0.005987  Q_action_0
     2    0.001560    0.001560  Q_action_0
     3    0.000581    0.008662  Q_action_1
     4    0.006011    0.007081  Q_action_1
     5    8.779747    5.618225  Q_action_0
     6    0.008324    0.002123  Q_action_0
     7    0.001818    0.001834  Q_action_1
     8    0.003042    0.005248  Q_action_1
     9    0.004319    0.002912  Q_action_0
    10    8.634558    6.811332  Q_action_0
    11    0.002921    0.003664  Q_action_1
    12    0.004561    0.007852  Q_action_1
    13    0.001997    0.005142  Q_action_1
    14    0.005924    0.000465  Q_action_0
    15    7.579048    8.067773  Q_action_1
    16    0.000651    0.009489  Q_action_1
    17    0.009656    0.008084  Q_action_0
    18    0.003046    0.000977  Q_action_0
    19    0.006842    0.004402  Q_action_0
[2025-07-31T15:54:56.407+0000] {logging_mixin.py:188} INFO - 
[DEBUG] Total states explored: 125 / 125
[2025-07-31T15:54:56.407+0000] {logging_mixin.py:188} INFO - [DEBUG] Best action counts:
[2025-07-31T15:54:56.408+0000] {logging_mixin.py:188} INFO - best_action
Q_action_0    80
Q_action_1    45
Name: count, dtype: int64
[2025-07-31T15:54:56.420+0000] {logging_mixin.py:188} INFO - [INFO] Q-table exported to /opt/airflow/dags/models/q_table_readable_2024-01-07.csv
[2025-07-31T15:54:56.420+0000] {logging_mixin.py:188} INFO - [DEBUG] Q-table stats:
[2025-07-31T15:54:56.421+0000] {logging_mixin.py:188} INFO - Mean Q-value for action 0: 1.7738
[2025-07-31T15:54:56.421+0000] {logging_mixin.py:188} INFO - Mean Q-value for action 1: 1.2736
[2025-07-31T15:54:56.438+0000] {logging_mixin.py:188} INFO - [DEBUG] Unique states in data: 29 / 125
[2025-07-31T15:54:56.456+0000] {logging_mixin.py:188} INFO - [DEBUG] Top 5 most frequent states: [(20, 27), (0, 24), (5, 12), (15, 11), (10, 8)]
[2025-07-31T15:54:56.466+0000] {logging_mixin.py:188} INFO -         yhat_temp  solar_irradiance   yhat_flow
count  144.000000        144.000000  144.000000
mean     0.436154          0.217890    0.529488
std      0.430171          0.334923    0.247466
min      0.025168          0.000000    0.149082
25%      0.100737          0.000000    0.308213
50%      0.168023          0.000000    0.505898
75%      0.802903          0.427389    0.770811
max      1.295519          1.000000    0.906969
[2025-07-31T15:54:57.053+0000] {python.py:237} INFO - Done. Returned value was: None
[2025-07-31T15:54:57.054+0000] {taskinstance.py:441} INFO - ::group::Post task execution logs
[2025-07-31T15:54:57.077+0000] {taskinstance.py:1206} INFO - Marking task as SUCCESS. dag_id=solar_ai_pipeline_2, task_id=train_rl, run_id=backfill__2024-01-07T00:00:00+00:00, execution_date=20240107T000000, start_date=20250731T155410, end_date=20250731T155457
[2025-07-31T15:54:57.221+0000] {local_task_job_runner.py:240} INFO - Task exited with return code 0
[2025-07-31T15:54:57.286+0000] {taskinstance.py:3503} INFO - 1 downstream tasks scheduled from follow-on schedule check
[2025-07-31T15:54:57.311+0000] {local_task_job_runner.py:222} INFO - ::endgroup::
