[2025-07-29T15:42:18.263+0000] {local_task_job_runner.py:120} INFO - ::group::Pre task execution logs
[2025-07-29T15:42:18.355+0000] {taskinstance.py:2076} INFO - Dependencies all met for dep_context=non-requeueable deps ti=<TaskInstance: solar_ai_pipeline_2.fetch_data scheduled__2023-01-13T00:00:00+00:00 [queued]>
[2025-07-29T15:42:18.396+0000] {taskinstance.py:2076} INFO - Dependencies all met for dep_context=requeueable deps ti=<TaskInstance: solar_ai_pipeline_2.fetch_data scheduled__2023-01-13T00:00:00+00:00 [queued]>
[2025-07-29T15:42:18.402+0000] {taskinstance.py:2306} INFO - Starting attempt 3 of 4
[2025-07-29T15:42:18.521+0000] {taskinstance.py:2330} INFO - Executing <Task(PythonOperator): fetch_data> on 2023-01-13 00:00:00+00:00
[2025-07-29T15:42:18.532+0000] {standard_task_runner.py:63} INFO - Started process 2773 to run task
[2025-07-29T15:42:18.540+0000] {standard_task_runner.py:90} INFO - Running: ['airflow', 'tasks', 'run', 'solar_ai_pipeline_2', 'fetch_data', 'scheduled__2023-01-13T00:00:00+00:00', '--job-id', '1428', '--raw', '--subdir', 'DAGS_FOLDER/prophet_pipeline.py', '--cfg-path', '/tmp/tmpnf1xnrgq']
[2025-07-29T15:42:18.545+0000] {standard_task_runner.py:91} INFO - Job 1428: Subtask fetch_data
[2025-07-29T15:42:19.011+0000] {task_command.py:426} INFO - Running <TaskInstance: solar_ai_pipeline_2.fetch_data scheduled__2023-01-13T00:00:00+00:00 [running]> on host 4c586ddbbbe9
[2025-07-29T15:42:19.464+0000] {taskinstance.py:2648} INFO - Exporting env vars: AIRFLOW_CTX_DAG_OWNER='ensam' AIRFLOW_CTX_DAG_ID='solar_ai_pipeline_2' AIRFLOW_CTX_TASK_ID='fetch_data' AIRFLOW_CTX_EXECUTION_DATE='2023-01-13T00:00:00+00:00' AIRFLOW_CTX_TRY_NUMBER='3' AIRFLOW_CTX_DAG_RUN_ID='scheduled__2023-01-13T00:00:00+00:00'
[2025-07-29T15:42:19.466+0000] {taskinstance.py:430} INFO - ::endgroup::
[2025-07-29T15:42:30.483+0000] {logging_mixin.py:188} INFO - Données simulées pour 2023-01-13 sauvegardées dans dags/data/processed/simulated_solar_heating_2023-01-13.csv
[2025-07-29T15:42:30.494+0000] {logging_mixin.py:188} INFO - count     24.000000
mean      87.304246
std      132.300280
min        0.000000
25%        0.000000
50%        0.000000
75%      169.241850
max      358.369600
Name: solar_irradiance, dtype: float64
[2025-07-29T15:42:30.496+0000] {logging_mixin.py:188} INFO - 2023-01-13 00:00:00+01:00 → Altitude: -65.13
[2025-07-29T15:42:30.497+0000] {logging_mixin.py:188} INFO - NASA GHI response keys: ['2023011300', '2023011301', '2023011302', '2023011303', '2023011304', '2023011305', '2023011306', '2023011307', '2023011308', '2023011309', '2023011310', '2023011311', '2023011312', '2023011313', '2023011314', '2023011315', '2023011316', '2023011317', '2023011318', '2023011319', '2023011320', '2023011321', '2023011322', '2023011323']
[2025-07-29T15:42:30.499+0000] {logging_mixin.py:188} INFO - 2023-01-13 01:00:00+01:00 → Altitude: -75.25
[2025-07-29T15:42:30.500+0000] {logging_mixin.py:188} INFO - NASA GHI response keys: ['2023011300', '2023011301', '2023011302', '2023011303', '2023011304', '2023011305', '2023011306', '2023011307', '2023011308', '2023011309', '2023011310', '2023011311', '2023011312', '2023011313', '2023011314', '2023011315', '2023011316', '2023011317', '2023011318', '2023011319', '2023011320', '2023011321', '2023011322', '2023011323']
[2025-07-29T15:42:30.501+0000] {logging_mixin.py:188} INFO - 2023-01-13 02:00:00+01:00 → Altitude: -77.10
[2025-07-29T15:42:30.502+0000] {logging_mixin.py:188} INFO - NASA GHI response keys: ['2023011300', '2023011301', '2023011302', '2023011303', '2023011304', '2023011305', '2023011306', '2023011307', '2023011308', '2023011309', '2023011310', '2023011311', '2023011312', '2023011313', '2023011314', '2023011315', '2023011316', '2023011317', '2023011318', '2023011319', '2023011320', '2023011321', '2023011322', '2023011323']
[2025-07-29T15:42:30.503+0000] {logging_mixin.py:188} INFO - 2023-01-13 03:00:00+01:00 → Altitude: -68.42
[2025-07-29T15:42:30.504+0000] {logging_mixin.py:188} INFO - NASA GHI response keys: ['2023011300', '2023011301', '2023011302', '2023011303', '2023011304', '2023011305', '2023011306', '2023011307', '2023011308', '2023011309', '2023011310', '2023011311', '2023011312', '2023011313', '2023011314', '2023011315', '2023011316', '2023011317', '2023011318', '2023011319', '2023011320', '2023011321', '2023011322', '2023011323']
[2025-07-29T15:42:30.506+0000] {logging_mixin.py:188} INFO - 2023-01-13 04:00:00+01:00 → Altitude: -56.67
[2025-07-29T15:42:30.507+0000] {logging_mixin.py:188} INFO - NASA GHI response keys: ['2023011300', '2023011301', '2023011302', '2023011303', '2023011304', '2023011305', '2023011306', '2023011307', '2023011308', '2023011309', '2023011310', '2023011311', '2023011312', '2023011313', '2023011314', '2023011315', '2023011316', '2023011317', '2023011318', '2023011319', '2023011320', '2023011321', '2023011322', '2023011323']
[2025-07-29T15:42:30.508+0000] {logging_mixin.py:188} INFO - 2023-01-13 05:00:00+01:00 → Altitude: -44.27
[2025-07-29T15:42:30.509+0000] {logging_mixin.py:188} INFO - NASA GHI response keys: ['2023011300', '2023011301', '2023011302', '2023011303', '2023011304', '2023011305', '2023011306', '2023011307', '2023011308', '2023011309', '2023011310', '2023011311', '2023011312', '2023011313', '2023011314', '2023011315', '2023011316', '2023011317', '2023011318', '2023011319', '2023011320', '2023011321', '2023011322', '2023011323']
[2025-07-29T15:42:30.511+0000] {logging_mixin.py:188} INFO - 2023-01-13 06:00:00+01:00 → Altitude: -31.78
[2025-07-29T15:42:30.511+0000] {logging_mixin.py:188} INFO - NASA GHI response keys: ['2023011300', '2023011301', '2023011302', '2023011303', '2023011304', '2023011305', '2023011306', '2023011307', '2023011308', '2023011309', '2023011310', '2023011311', '2023011312', '2023011313', '2023011314', '2023011315', '2023011316', '2023011317', '2023011318', '2023011319', '2023011320', '2023011321', '2023011322', '2023011323']
[2025-07-29T15:42:30.513+0000] {logging_mixin.py:188} INFO - 2023-01-13 07:00:00+01:00 → Altitude: -19.47
[2025-07-29T15:42:30.514+0000] {logging_mixin.py:188} INFO - NASA GHI response keys: ['2023011300', '2023011301', '2023011302', '2023011303', '2023011304', '2023011305', '2023011306', '2023011307', '2023011308', '2023011309', '2023011310', '2023011311', '2023011312', '2023011313', '2023011314', '2023011315', '2023011316', '2023011317', '2023011318', '2023011319', '2023011320', '2023011321', '2023011322', '2023011323']
[2025-07-29T15:42:30.515+0000] {logging_mixin.py:188} INFO - 2023-01-13 08:00:00+01:00 → Altitude: -7.50
[2025-07-29T15:42:30.515+0000] {logging_mixin.py:188} INFO - NASA GHI response keys: ['2023011300', '2023011301', '2023011302', '2023011303', '2023011304', '2023011305', '2023011306', '2023011307', '2023011308', '2023011309', '2023011310', '2023011311', '2023011312', '2023011313', '2023011314', '2023011315', '2023011316', '2023011317', '2023011318', '2023011319', '2023011320', '2023011321', '2023011322', '2023011323']
[2025-07-29T15:42:30.516+0000] {logging_mixin.py:188} INFO - 2023-01-13 09:00:00+01:00 → Altitude: 3.98
[2025-07-29T15:42:30.517+0000] {logging_mixin.py:188} INFO - NASA GHI response keys: ['2023011300', '2023011301', '2023011302', '2023011303', '2023011304', '2023011305', '2023011306', '2023011307', '2023011308', '2023011309', '2023011310', '2023011311', '2023011312', '2023011313', '2023011314', '2023011315', '2023011316', '2023011317', '2023011318', '2023011319', '2023011320', '2023011321', '2023011322', '2023011323']
[2025-07-29T15:42:30.518+0000] {logging_mixin.py:188} INFO - 2023-01-13 10:00:00+01:00 → Altitude: 14.25
[2025-07-29T15:42:30.519+0000] {logging_mixin.py:188} INFO - NASA GHI response keys: ['2023011300', '2023011301', '2023011302', '2023011303', '2023011304', '2023011305', '2023011306', '2023011307', '2023011308', '2023011309', '2023011310', '2023011311', '2023011312', '2023011313', '2023011314', '2023011315', '2023011316', '2023011317', '2023011318', '2023011319', '2023011320', '2023011321', '2023011322', '2023011323']
[2025-07-29T15:42:30.520+0000] {logging_mixin.py:188} INFO - 2023-01-13 11:00:00+01:00 → Altitude: 23.22
[2025-07-29T15:42:30.520+0000] {logging_mixin.py:188} INFO - NASA GHI response keys: ['2023011300', '2023011301', '2023011302', '2023011303', '2023011304', '2023011305', '2023011306', '2023011307', '2023011308', '2023011309', '2023011310', '2023011311', '2023011312', '2023011313', '2023011314', '2023011315', '2023011316', '2023011317', '2023011318', '2023011319', '2023011320', '2023011321', '2023011322', '2023011323']
[2025-07-29T15:42:30.521+0000] {logging_mixin.py:188} INFO - 2023-01-13 12:00:00+01:00 → Altitude: 30.14
[2025-07-29T15:42:30.522+0000] {logging_mixin.py:188} INFO - NASA GHI response keys: ['2023011300', '2023011301', '2023011302', '2023011303', '2023011304', '2023011305', '2023011306', '2023011307', '2023011308', '2023011309', '2023011310', '2023011311', '2023011312', '2023011313', '2023011314', '2023011315', '2023011316', '2023011317', '2023011318', '2023011319', '2023011320', '2023011321', '2023011322', '2023011323']
[2025-07-29T15:42:30.523+0000] {logging_mixin.py:188} INFO - 2023-01-13 13:00:00+01:00 → Altitude: 34.20
[2025-07-29T15:42:30.523+0000] {logging_mixin.py:188} INFO - NASA GHI response keys: ['2023011300', '2023011301', '2023011302', '2023011303', '2023011304', '2023011305', '2023011306', '2023011307', '2023011308', '2023011309', '2023011310', '2023011311', '2023011312', '2023011313', '2023011314', '2023011315', '2023011316', '2023011317', '2023011318', '2023011319', '2023011320', '2023011321', '2023011322', '2023011323']
[2025-07-29T15:42:30.524+0000] {logging_mixin.py:188} INFO - 2023-01-13 14:00:00+01:00 → Altitude: 34.76
[2025-07-29T15:42:30.525+0000] {logging_mixin.py:188} INFO - NASA GHI response keys: ['2023011300', '2023011301', '2023011302', '2023011303', '2023011304', '2023011305', '2023011306', '2023011307', '2023011308', '2023011309', '2023011310', '2023011311', '2023011312', '2023011313', '2023011314', '2023011315', '2023011316', '2023011317', '2023011318', '2023011319', '2023011320', '2023011321', '2023011322', '2023011323']
[2025-07-29T15:42:30.526+0000] {logging_mixin.py:188} INFO - 2023-01-13 15:00:00+01:00 → Altitude: 31.71
[2025-07-29T15:42:30.526+0000] {logging_mixin.py:188} INFO - NASA GHI response keys: ['2023011300', '2023011301', '2023011302', '2023011303', '2023011304', '2023011305', '2023011306', '2023011307', '2023011308', '2023011309', '2023011310', '2023011311', '2023011312', '2023011313', '2023011314', '2023011315', '2023011316', '2023011317', '2023011318', '2023011319', '2023011320', '2023011321', '2023011322', '2023011323']
[2025-07-29T15:42:30.527+0000] {logging_mixin.py:188} INFO - 2023-01-13 16:00:00+01:00 → Altitude: 25.57
[2025-07-29T15:42:30.528+0000] {logging_mixin.py:188} INFO - NASA GHI response keys: ['2023011300', '2023011301', '2023011302', '2023011303', '2023011304', '2023011305', '2023011306', '2023011307', '2023011308', '2023011309', '2023011310', '2023011311', '2023011312', '2023011313', '2023011314', '2023011315', '2023011316', '2023011317', '2023011318', '2023011319', '2023011320', '2023011321', '2023011322', '2023011323']
[2025-07-29T15:42:30.529+0000] {logging_mixin.py:188} INFO - 2023-01-13 17:00:00+01:00 → Altitude: 17.14
[2025-07-29T15:42:30.529+0000] {logging_mixin.py:188} INFO - NASA GHI response keys: ['2023011300', '2023011301', '2023011302', '2023011303', '2023011304', '2023011305', '2023011306', '2023011307', '2023011308', '2023011309', '2023011310', '2023011311', '2023011312', '2023011313', '2023011314', '2023011315', '2023011316', '2023011317', '2023011318', '2023011319', '2023011320', '2023011321', '2023011322', '2023011323']
[2025-07-29T15:42:30.530+0000] {logging_mixin.py:188} INFO - 2023-01-13 18:00:00+01:00 → Altitude: 7.17
[2025-07-29T15:42:30.531+0000] {logging_mixin.py:188} INFO - NASA GHI response keys: ['2023011300', '2023011301', '2023011302', '2023011303', '2023011304', '2023011305', '2023011306', '2023011307', '2023011308', '2023011309', '2023011310', '2023011311', '2023011312', '2023011313', '2023011314', '2023011315', '2023011316', '2023011317', '2023011318', '2023011319', '2023011320', '2023011321', '2023011322', '2023011323']
[2025-07-29T15:42:30.531+0000] {logging_mixin.py:188} INFO - 2023-01-13 19:00:00+01:00 → Altitude: -3.96
[2025-07-29T15:42:30.532+0000] {logging_mixin.py:188} INFO - NASA GHI response keys: ['2023011300', '2023011301', '2023011302', '2023011303', '2023011304', '2023011305', '2023011306', '2023011307', '2023011308', '2023011309', '2023011310', '2023011311', '2023011312', '2023011313', '2023011314', '2023011315', '2023011316', '2023011317', '2023011318', '2023011319', '2023011320', '2023011321', '2023011322', '2023011323']
[2025-07-29T15:42:30.533+0000] {logging_mixin.py:188} INFO - 2023-01-13 20:00:00+01:00 → Altitude: -15.81
[2025-07-29T15:42:30.534+0000] {logging_mixin.py:188} INFO - NASA GHI response keys: ['2023011300', '2023011301', '2023011302', '2023011303', '2023011304', '2023011305', '2023011306', '2023011307', '2023011308', '2023011309', '2023011310', '2023011311', '2023011312', '2023011313', '2023011314', '2023011315', '2023011316', '2023011317', '2023011318', '2023011319', '2023011320', '2023011321', '2023011322', '2023011323']
[2025-07-29T15:42:30.534+0000] {logging_mixin.py:188} INFO - 2023-01-13 21:00:00+01:00 → Altitude: -28.03
[2025-07-29T15:42:30.535+0000] {logging_mixin.py:188} INFO - NASA GHI response keys: ['2023011300', '2023011301', '2023011302', '2023011303', '2023011304', '2023011305', '2023011306', '2023011307', '2023011308', '2023011309', '2023011310', '2023011311', '2023011312', '2023011313', '2023011314', '2023011315', '2023011316', '2023011317', '2023011318', '2023011319', '2023011320', '2023011321', '2023011322', '2023011323']
[2025-07-29T15:42:30.536+0000] {logging_mixin.py:188} INFO - 2023-01-13 22:00:00+01:00 → Altitude: -40.48
[2025-07-29T15:42:30.537+0000] {logging_mixin.py:188} INFO - NASA GHI response keys: ['2023011300', '2023011301', '2023011302', '2023011303', '2023011304', '2023011305', '2023011306', '2023011307', '2023011308', '2023011309', '2023011310', '2023011311', '2023011312', '2023011313', '2023011314', '2023011315', '2023011316', '2023011317', '2023011318', '2023011319', '2023011320', '2023011321', '2023011322', '2023011323']
[2025-07-29T15:42:30.537+0000] {logging_mixin.py:188} INFO - 2023-01-13 23:00:00+01:00 → Altitude: -52.93
[2025-07-29T15:42:30.538+0000] {logging_mixin.py:188} INFO - NASA GHI response keys: ['2023011300', '2023011301', '2023011302', '2023011303', '2023011304', '2023011305', '2023011306', '2023011307', '2023011308', '2023011309', '2023011310', '2023011311', '2023011312', '2023011313', '2023011314', '2023011315', '2023011316', '2023011317', '2023011318', '2023011319', '2023011320', '2023011321', '2023011322', '2023011323']
[2025-07-29T15:42:30.540+0000] {python.py:237} INFO - Done. Returned value was: None
[2025-07-29T15:42:30.541+0000] {taskinstance.py:441} INFO - ::group::Post task execution logs
[2025-07-29T15:42:30.563+0000] {taskinstance.py:1206} INFO - Marking task as SUCCESS. dag_id=solar_ai_pipeline_2, task_id=fetch_data, run_id=scheduled__2023-01-13T00:00:00+00:00, execution_date=20230113T000000, start_date=20250729T154218, end_date=20250729T154230
[2025-07-29T15:42:30.669+0000] {local_task_job_runner.py:240} INFO - Task exited with return code 0
[2025-07-29T15:42:30.759+0000] {taskinstance.py:3503} INFO - 1 downstream tasks scheduled from follow-on schedule check
[2025-07-29T15:42:30.809+0000] {local_task_job_runner.py:222} INFO - ::endgroup::
