[2025-07-31T14:20:26.396+0000] {local_task_job_runner.py:120} INFO - ::group::Pre task execution logs
[2025-07-31T14:20:26.461+0000] {taskinstance.py:2076} INFO - Dependencies all met for dep_context=non-requeueable deps ti=<TaskInstance: solar_ai_pipeline_2.predict_prophet scheduled__2023-11-06T00:00:00+00:00 [queued]>
[2025-07-31T14:20:26.485+0000] {taskinstance.py:2076} INFO - Dependencies all met for dep_context=requeueable deps ti=<TaskInstance: solar_ai_pipeline_2.predict_prophet scheduled__2023-11-06T00:00:00+00:00 [queued]>
[2025-07-31T14:20:26.485+0000] {taskinstance.py:2306} INFO - Starting attempt 1 of 2
[2025-07-31T14:20:26.535+0000] {taskinstance.py:2330} INFO - Executing <Task(PythonOperator): predict_prophet> on 2023-11-06 00:00:00+00:00
[2025-07-31T14:20:26.541+0000] {standard_task_runner.py:63} INFO - Started process 53158 to run task
[2025-07-31T14:20:26.544+0000] {standard_task_runner.py:90} INFO - Running: ['airflow', 'tasks', 'run', 'solar_ai_pipeline_2', 'predict_prophet', 'scheduled__2023-11-06T00:00:00+00:00', '--job-id', '3254', '--raw', '--subdir', 'DAGS_FOLDER/prophet_pipeline.py', '--cfg-path', '/tmp/tmpp234p_6m']
[2025-07-31T14:20:26.546+0000] {standard_task_runner.py:91} INFO - Job 3254: Subtask predict_prophet
[2025-07-31T14:20:26.658+0000] {task_command.py:426} INFO - Running <TaskInstance: solar_ai_pipeline_2.predict_prophet scheduled__2023-11-06T00:00:00+00:00 [running]> on host a2a0dd314bdc
[2025-07-31T14:20:26.876+0000] {taskinstance.py:2648} INFO - Exporting env vars: AIRFLOW_CTX_DAG_OWNER='ensam' AIRFLOW_CTX_DAG_ID='solar_ai_pipeline_2' AIRFLOW_CTX_TASK_ID='predict_prophet' AIRFLOW_CTX_EXECUTION_DATE='2023-11-06T00:00:00+00:00' AIRFLOW_CTX_TRY_NUMBER='1' AIRFLOW_CTX_DAG_RUN_ID='scheduled__2023-11-06T00:00:00+00:00'
[2025-07-31T14:20:26.877+0000] {taskinstance.py:430} INFO - ::endgroup::
[2025-07-31T14:20:28.673+0000] {plot.py:39} ERROR - Importing plotly failed. Interactive plots will not work.
[2025-07-31T14:20:33.396+0000] {logging_mixin.py:188} INFO - Prédictions temperature enregistrées (prophet_forecast_temperature_2023-11-06.csv) — MAE: 0.1889 | RMSE: 0.2460
[2025-07-31T14:20:38.146+0000] {logging_mixin.py:188} INFO - Prédictions flow enregistrées (prophet_forecast_flow_2023-11-06.csv) — MAE: 0.2089 | RMSE: 0.2559
[2025-07-31T14:20:38.149+0000] {python.py:237} INFO - Done. Returned value was: None
[2025-07-31T14:20:38.150+0000] {taskinstance.py:441} INFO - ::group::Post task execution logs
[2025-07-31T14:20:38.167+0000] {taskinstance.py:1206} INFO - Marking task as SUCCESS. dag_id=solar_ai_pipeline_2, task_id=predict_prophet, run_id=scheduled__2023-11-06T00:00:00+00:00, execution_date=20231106T000000, start_date=20250731T142026, end_date=20250731T142038
[2025-07-31T14:20:38.284+0000] {local_task_job_runner.py:240} INFO - Task exited with return code 0
[2025-07-31T14:20:38.337+0000] {taskinstance.py:3503} INFO - 1 downstream tasks scheduled from follow-on schedule check
[2025-07-31T14:20:38.361+0000] {local_task_job_runner.py:222} INFO - ::endgroup::
