[2025-07-31T12:06:28.311+0000] {local_task_job_runner.py:120} INFO - ::group::Pre task execution logs
[2025-07-31T12:06:28.427+0000] {taskinstance.py:2076} INFO - Dependencies all met for dep_context=non-requeueable deps ti=<TaskInstance: solar_ai_pipeline_2.train_prophet scheduled__2023-07-17T00:00:00+00:00 [queued]>
[2025-07-31T12:06:28.458+0000] {taskinstance.py:2076} INFO - Dependencies all met for dep_context=requeueable deps ti=<TaskInstance: solar_ai_pipeline_2.train_prophet scheduled__2023-07-17T00:00:00+00:00 [queued]>
[2025-07-31T12:06:28.462+0000] {taskinstance.py:2306} INFO - Starting attempt 4 of 4
[2025-07-31T12:06:28.534+0000] {taskinstance.py:2330} INFO - Executing <Task(PythonOperator): train_prophet> on 2023-07-17 00:00:00+00:00
[2025-07-31T12:06:28.542+0000] {standard_task_runner.py:63} INFO - Started process 6507 to run task
[2025-07-31T12:06:28.546+0000] {standard_task_runner.py:90} INFO - Running: ['airflow', 'tasks', 'run', 'solar_ai_pipeline_2', 'train_prophet', 'scheduled__2023-07-17T00:00:00+00:00', '--job-id', '2943', '--raw', '--subdir', 'DAGS_FOLDER/prophet_pipeline.py', '--cfg-path', '/tmp/tmp4vcq6c6s']
[2025-07-31T12:06:28.548+0000] {standard_task_runner.py:91} INFO - Job 2943: Subtask train_prophet
[2025-07-31T12:06:28.829+0000] {task_command.py:426} INFO - Running <TaskInstance: solar_ai_pipeline_2.train_prophet scheduled__2023-07-17T00:00:00+00:00 [running]> on host a2a0dd314bdc
[2025-07-31T12:06:29.336+0000] {taskinstance.py:2648} INFO - Exporting env vars: AIRFLOW_CTX_DAG_OWNER='ensam' AIRFLOW_CTX_DAG_ID='solar_ai_pipeline_2' AIRFLOW_CTX_TASK_ID='train_prophet' AIRFLOW_CTX_EXECUTION_DATE='2023-07-17T00:00:00+00:00' AIRFLOW_CTX_TRY_NUMBER='4' AIRFLOW_CTX_DAG_RUN_ID='scheduled__2023-07-17T00:00:00+00:00'
[2025-07-31T12:06:29.338+0000] {taskinstance.py:430} INFO - ::endgroup::
[2025-07-31T12:06:30.254+0000] {plot.py:39} ERROR - Importing plotly failed. Interactive plots will not work.
[2025-07-31T12:06:30.264+0000] {logging_mixin.py:188} INFO - Training from 2023-01-01 to 2023-01-18
[2025-07-31T12:06:30.680+0000] {logging_mixin.py:188} INFO - Test 1/18: {'changepoint_prior_scale': 0.01, 'seasonality_prior_scale': 1.0, 'seasonality_mode': 'additive'}
[2025-07-31T12:06:30.742+0000] {filesystem.py:118} DEBUG - input tempfile: /tmp/tmp518dgq0y/yrrafzi9.json
[2025-07-31T12:06:30.800+0000] {filesystem.py:118} DEBUG - input tempfile: /tmp/tmp518dgq0y/kxmj86qf.json
[2025-07-31T12:06:30.803+0000] {model.py:2042} DEBUG - idx 0
[2025-07-31T12:06:30.804+0000] {model.py:2043} DEBUG - running CmdStan, num_threads: None
[2025-07-31T12:06:30.804+0000] {model.py:2055} DEBUG - CmdStan args: ['/home/airflow/.local/lib/python3.11/site-packages/prophet/stan_model/prophet_model.bin', 'random', 'seed=26642', 'data', 'file=/tmp/tmp518dgq0y/yrrafzi9.json', 'init=/tmp/tmp518dgq0y/kxmj86qf.json', 'output', 'file=/tmp/tmp518dgq0y/prophet_modelsxvffcsn/prophet_model-20250731120630.csv', 'method=optimize', 'algorithm=lbfgs', 'iter=10000']
[2025-07-31T12:06:30.805+0000] {logging_mixin.py:188} WARNING - 12:06:30 - cmdstanpy - INFO - Chain [1] start processing
[2025-07-31T12:06:30.805+0000] {model.py:2058} INFO - Chain [1] start processing
[2025-07-31T12:06:30.842+0000] {logging_mixin.py:188} WARNING - 12:06:30 - cmdstanpy - INFO - Chain [1] done processing
[2025-07-31T12:06:30.842+0000] {model.py:2115} INFO - Chain [1] done processing
[2025-07-31T12:06:30.848+0000] {logging_mixin.py:188} INFO - Erreur pour {'changepoint_prior_scale': 0.01, 'seasonality_prior_scale': 1.0, 'seasonality_mode': 'additive'}: Less data than horizon after initial window. Make horizon or initial shorter.
[2025-07-31T12:06:30.849+0000] {logging_mixin.py:188} INFO - Test 2/18: {'changepoint_prior_scale': 0.01, 'seasonality_prior_scale': 1.0, 'seasonality_mode': 'multiplicative'}
[2025-07-31T12:06:30.884+0000] {filesystem.py:118} DEBUG - input tempfile: /tmp/tmp518dgq0y/2tfvi850.json
[2025-07-31T12:06:30.928+0000] {filesystem.py:118} DEBUG - input tempfile: /tmp/tmp518dgq0y/41hp9_9m.json
[2025-07-31T12:06:30.932+0000] {model.py:2042} DEBUG - idx 0
[2025-07-31T12:06:30.933+0000] {model.py:2043} DEBUG - running CmdStan, num_threads: None
[2025-07-31T12:06:30.934+0000] {model.py:2055} DEBUG - CmdStan args: ['/home/airflow/.local/lib/python3.11/site-packages/prophet/stan_model/prophet_model.bin', 'random', 'seed=53649', 'data', 'file=/tmp/tmp518dgq0y/2tfvi850.json', 'init=/tmp/tmp518dgq0y/41hp9_9m.json', 'output', 'file=/tmp/tmp518dgq0y/prophet_modelhjmfvbqe/prophet_model-20250731120630.csv', 'method=optimize', 'algorithm=lbfgs', 'iter=10000']
[2025-07-31T12:06:30.935+0000] {logging_mixin.py:188} WARNING - 12:06:30 - cmdstanpy - INFO - Chain [1] start processing
[2025-07-31T12:06:30.935+0000] {model.py:2058} INFO - Chain [1] start processing
[2025-07-31T12:06:31.010+0000] {logging_mixin.py:188} WARNING - 12:06:31 - cmdstanpy - INFO - Chain [1] done processing
[2025-07-31T12:06:31.009+0000] {model.py:2115} INFO - Chain [1] done processing
[2025-07-31T12:06:31.013+0000] {logging_mixin.py:188} INFO - Erreur pour {'changepoint_prior_scale': 0.01, 'seasonality_prior_scale': 1.0, 'seasonality_mode': 'multiplicative'}: Less data than horizon after initial window. Make horizon or initial shorter.
[2025-07-31T12:06:31.015+0000] {logging_mixin.py:188} INFO - Test 3/18: {'changepoint_prior_scale': 0.01, 'seasonality_prior_scale': 5.0, 'seasonality_mode': 'additive'}
[2025-07-31T12:06:31.034+0000] {filesystem.py:118} DEBUG - input tempfile: /tmp/tmp518dgq0y/hplt9dh6.json
[2025-07-31T12:06:31.079+0000] {filesystem.py:118} DEBUG - input tempfile: /tmp/tmp518dgq0y/vvlt1dbh.json
[2025-07-31T12:06:31.083+0000] {model.py:2042} DEBUG - idx 0
[2025-07-31T12:06:31.083+0000] {model.py:2043} DEBUG - running CmdStan, num_threads: None
[2025-07-31T12:06:31.084+0000] {model.py:2055} DEBUG - CmdStan args: ['/home/airflow/.local/lib/python3.11/site-packages/prophet/stan_model/prophet_model.bin', 'random', 'seed=29948', 'data', 'file=/tmp/tmp518dgq0y/hplt9dh6.json', 'init=/tmp/tmp518dgq0y/vvlt1dbh.json', 'output', 'file=/tmp/tmp518dgq0y/prophet_model29g_1jdj/prophet_model-20250731120631.csv', 'method=optimize', 'algorithm=lbfgs', 'iter=10000']
[2025-07-31T12:06:31.085+0000] {logging_mixin.py:188} WARNING - 12:06:31 - cmdstanpy - INFO - Chain [1] start processing
[2025-07-31T12:06:31.085+0000] {model.py:2058} INFO - Chain [1] start processing
[2025-07-31T12:06:31.141+0000] {logging_mixin.py:188} WARNING - 12:06:31 - cmdstanpy - INFO - Chain [1] done processing
[2025-07-31T12:06:31.141+0000] {model.py:2115} INFO - Chain [1] done processing
[2025-07-31T12:06:31.148+0000] {logging_mixin.py:188} INFO - Erreur pour {'changepoint_prior_scale': 0.01, 'seasonality_prior_scale': 5.0, 'seasonality_mode': 'additive'}: Less data than horizon after initial window. Make horizon or initial shorter.
[2025-07-31T12:06:31.149+0000] {logging_mixin.py:188} INFO - Test 4/18: {'changepoint_prior_scale': 0.01, 'seasonality_prior_scale': 5.0, 'seasonality_mode': 'multiplicative'}
[2025-07-31T12:06:31.181+0000] {filesystem.py:118} DEBUG - input tempfile: /tmp/tmp518dgq0y/ez9x0z78.json
[2025-07-31T12:06:31.248+0000] {filesystem.py:118} DEBUG - input tempfile: /tmp/tmp518dgq0y/js1ymtbb.json
[2025-07-31T12:06:31.252+0000] {model.py:2042} DEBUG - idx 0
[2025-07-31T12:06:31.253+0000] {model.py:2043} DEBUG - running CmdStan, num_threads: None
[2025-07-31T12:06:31.254+0000] {model.py:2055} DEBUG - CmdStan args: ['/home/airflow/.local/lib/python3.11/site-packages/prophet/stan_model/prophet_model.bin', 'random', 'seed=61937', 'data', 'file=/tmp/tmp518dgq0y/ez9x0z78.json', 'init=/tmp/tmp518dgq0y/js1ymtbb.json', 'output', 'file=/tmp/tmp518dgq0y/prophet_modeloauxumqg/prophet_model-20250731120631.csv', 'method=optimize', 'algorithm=lbfgs', 'iter=10000']
[2025-07-31T12:06:31.255+0000] {logging_mixin.py:188} WARNING - 12:06:31 - cmdstanpy - INFO - Chain [1] start processing
[2025-07-31T12:06:31.255+0000] {model.py:2058} INFO - Chain [1] start processing
[2025-07-31T12:06:31.335+0000] {logging_mixin.py:188} WARNING - 12:06:31 - cmdstanpy - INFO - Chain [1] done processing
[2025-07-31T12:06:31.335+0000] {model.py:2115} INFO - Chain [1] done processing
[2025-07-31T12:06:31.339+0000] {logging_mixin.py:188} INFO - Erreur pour {'changepoint_prior_scale': 0.01, 'seasonality_prior_scale': 5.0, 'seasonality_mode': 'multiplicative'}: Less data than horizon after initial window. Make horizon or initial shorter.
[2025-07-31T12:06:31.340+0000] {logging_mixin.py:188} INFO - Test 5/18: {'changepoint_prior_scale': 0.01, 'seasonality_prior_scale': 10.0, 'seasonality_mode': 'additive'}
[2025-07-31T12:06:31.355+0000] {filesystem.py:118} DEBUG - input tempfile: /tmp/tmp518dgq0y/awe8eyby.json
[2025-07-31T12:06:31.398+0000] {filesystem.py:118} DEBUG - input tempfile: /tmp/tmp518dgq0y/ign0bmgy.json
[2025-07-31T12:06:31.403+0000] {model.py:2042} DEBUG - idx 0
[2025-07-31T12:06:31.403+0000] {model.py:2043} DEBUG - running CmdStan, num_threads: None
[2025-07-31T12:06:31.404+0000] {model.py:2055} DEBUG - CmdStan args: ['/home/airflow/.local/lib/python3.11/site-packages/prophet/stan_model/prophet_model.bin', 'random', 'seed=16811', 'data', 'file=/tmp/tmp518dgq0y/awe8eyby.json', 'init=/tmp/tmp518dgq0y/ign0bmgy.json', 'output', 'file=/tmp/tmp518dgq0y/prophet_model_w1eq516/prophet_model-20250731120631.csv', 'method=optimize', 'algorithm=lbfgs', 'iter=10000']
[2025-07-31T12:06:31.405+0000] {logging_mixin.py:188} WARNING - 12:06:31 - cmdstanpy - INFO - Chain [1] start processing
[2025-07-31T12:06:31.405+0000] {model.py:2058} INFO - Chain [1] start processing
[2025-07-31T12:06:31.442+0000] {logging_mixin.py:188} WARNING - 12:06:31 - cmdstanpy - INFO - Chain [1] done processing
[2025-07-31T12:06:31.442+0000] {model.py:2115} INFO - Chain [1] done processing
[2025-07-31T12:06:31.446+0000] {logging_mixin.py:188} INFO - Erreur pour {'changepoint_prior_scale': 0.01, 'seasonality_prior_scale': 10.0, 'seasonality_mode': 'additive'}: Less data than horizon after initial window. Make horizon or initial shorter.
[2025-07-31T12:06:31.447+0000] {logging_mixin.py:188} INFO - Test 6/18: {'changepoint_prior_scale': 0.01, 'seasonality_prior_scale': 10.0, 'seasonality_mode': 'multiplicative'}
[2025-07-31T12:06:31.475+0000] {filesystem.py:118} DEBUG - input tempfile: /tmp/tmp518dgq0y/2529xks8.json
[2025-07-31T12:06:31.519+0000] {filesystem.py:118} DEBUG - input tempfile: /tmp/tmp518dgq0y/897btlua.json
[2025-07-31T12:06:31.524+0000] {model.py:2042} DEBUG - idx 0
[2025-07-31T12:06:31.526+0000] {model.py:2043} DEBUG - running CmdStan, num_threads: None
[2025-07-31T12:06:31.526+0000] {model.py:2055} DEBUG - CmdStan args: ['/home/airflow/.local/lib/python3.11/site-packages/prophet/stan_model/prophet_model.bin', 'random', 'seed=14341', 'data', 'file=/tmp/tmp518dgq0y/2529xks8.json', 'init=/tmp/tmp518dgq0y/897btlua.json', 'output', 'file=/tmp/tmp518dgq0y/prophet_model2c5heyiv/prophet_model-20250731120631.csv', 'method=optimize', 'algorithm=lbfgs', 'iter=10000']
[2025-07-31T12:06:31.527+0000] {logging_mixin.py:188} WARNING - 12:06:31 - cmdstanpy - INFO - Chain [1] start processing
[2025-07-31T12:06:31.527+0000] {model.py:2058} INFO - Chain [1] start processing
[2025-07-31T12:06:31.568+0000] {logging_mixin.py:188} WARNING - 12:06:31 - cmdstanpy - INFO - Chain [1] done processing
[2025-07-31T12:06:31.568+0000] {model.py:2115} INFO - Chain [1] done processing
[2025-07-31T12:06:31.572+0000] {logging_mixin.py:188} INFO - Erreur pour {'changepoint_prior_scale': 0.01, 'seasonality_prior_scale': 10.0, 'seasonality_mode': 'multiplicative'}: Less data than horizon after initial window. Make horizon or initial shorter.
[2025-07-31T12:06:31.573+0000] {logging_mixin.py:188} INFO - Test 7/18: {'changepoint_prior_scale': 0.05, 'seasonality_prior_scale': 1.0, 'seasonality_mode': 'additive'}
[2025-07-31T12:06:31.591+0000] {filesystem.py:118} DEBUG - input tempfile: /tmp/tmp518dgq0y/bd7dd_d2.json
[2025-07-31T12:06:31.635+0000] {filesystem.py:118} DEBUG - input tempfile: /tmp/tmp518dgq0y/q9u_ljjd.json
[2025-07-31T12:06:31.637+0000] {model.py:2042} DEBUG - idx 0
[2025-07-31T12:06:31.638+0000] {model.py:2043} DEBUG - running CmdStan, num_threads: None
[2025-07-31T12:06:31.638+0000] {model.py:2055} DEBUG - CmdStan args: ['/home/airflow/.local/lib/python3.11/site-packages/prophet/stan_model/prophet_model.bin', 'random', 'seed=2405', 'data', 'file=/tmp/tmp518dgq0y/bd7dd_d2.json', 'init=/tmp/tmp518dgq0y/q9u_ljjd.json', 'output', 'file=/tmp/tmp518dgq0y/prophet_modelzr2lw6vr/prophet_model-20250731120631.csv', 'method=optimize', 'algorithm=lbfgs', 'iter=10000']
[2025-07-31T12:06:31.639+0000] {logging_mixin.py:188} WARNING - 12:06:31 - cmdstanpy - INFO - Chain [1] start processing
[2025-07-31T12:06:31.639+0000] {model.py:2058} INFO - Chain [1] start processing
[2025-07-31T12:06:31.679+0000] {logging_mixin.py:188} WARNING - 12:06:31 - cmdstanpy - INFO - Chain [1] done processing
[2025-07-31T12:06:31.678+0000] {model.py:2115} INFO - Chain [1] done processing
[2025-07-31T12:06:31.683+0000] {logging_mixin.py:188} INFO - Erreur pour {'changepoint_prior_scale': 0.05, 'seasonality_prior_scale': 1.0, 'seasonality_mode': 'additive'}: Less data than horizon after initial window. Make horizon or initial shorter.
[2025-07-31T12:06:31.684+0000] {logging_mixin.py:188} INFO - Test 8/18: {'changepoint_prior_scale': 0.05, 'seasonality_prior_scale': 1.0, 'seasonality_mode': 'multiplicative'}
[2025-07-31T12:06:31.720+0000] {filesystem.py:118} DEBUG - input tempfile: /tmp/tmp518dgq0y/1duq7eh_.json
[2025-07-31T12:06:31.784+0000] {filesystem.py:118} DEBUG - input tempfile: /tmp/tmp518dgq0y/s7tshuw6.json
[2025-07-31T12:06:31.787+0000] {model.py:2042} DEBUG - idx 0
[2025-07-31T12:06:31.788+0000] {model.py:2043} DEBUG - running CmdStan, num_threads: None
[2025-07-31T12:06:31.788+0000] {model.py:2055} DEBUG - CmdStan args: ['/home/airflow/.local/lib/python3.11/site-packages/prophet/stan_model/prophet_model.bin', 'random', 'seed=75531', 'data', 'file=/tmp/tmp518dgq0y/1duq7eh_.json', 'init=/tmp/tmp518dgq0y/s7tshuw6.json', 'output', 'file=/tmp/tmp518dgq0y/prophet_modelwgs94j_x/prophet_model-20250731120631.csv', 'method=optimize', 'algorithm=lbfgs', 'iter=10000']
[2025-07-31T12:06:31.789+0000] {logging_mixin.py:188} WARNING - 12:06:31 - cmdstanpy - INFO - Chain [1] start processing
[2025-07-31T12:06:31.789+0000] {model.py:2058} INFO - Chain [1] start processing
[2025-07-31T12:06:31.828+0000] {logging_mixin.py:188} WARNING - 12:06:31 - cmdstanpy - INFO - Chain [1] done processing
[2025-07-31T12:06:31.828+0000] {model.py:2115} INFO - Chain [1] done processing
[2025-07-31T12:06:31.833+0000] {logging_mixin.py:188} INFO - Erreur pour {'changepoint_prior_scale': 0.05, 'seasonality_prior_scale': 1.0, 'seasonality_mode': 'multiplicative'}: Less data than horizon after initial window. Make horizon or initial shorter.
[2025-07-31T12:06:31.833+0000] {logging_mixin.py:188} INFO - Test 9/18: {'changepoint_prior_scale': 0.05, 'seasonality_prior_scale': 5.0, 'seasonality_mode': 'additive'}
[2025-07-31T12:06:31.850+0000] {filesystem.py:118} DEBUG - input tempfile: /tmp/tmp518dgq0y/lygcxvzy.json
[2025-07-31T12:06:31.908+0000] {filesystem.py:118} DEBUG - input tempfile: /tmp/tmp518dgq0y/b08b3szv.json
[2025-07-31T12:06:31.910+0000] {model.py:2042} DEBUG - idx 0
[2025-07-31T12:06:31.910+0000] {model.py:2043} DEBUG - running CmdStan, num_threads: None
[2025-07-31T12:06:31.911+0000] {model.py:2055} DEBUG - CmdStan args: ['/home/airflow/.local/lib/python3.11/site-packages/prophet/stan_model/prophet_model.bin', 'random', 'seed=44936', 'data', 'file=/tmp/tmp518dgq0y/lygcxvzy.json', 'init=/tmp/tmp518dgq0y/b08b3szv.json', 'output', 'file=/tmp/tmp518dgq0y/prophet_modele7czel3y/prophet_model-20250731120631.csv', 'method=optimize', 'algorithm=lbfgs', 'iter=10000']
[2025-07-31T12:06:31.912+0000] {logging_mixin.py:188} WARNING - 12:06:31 - cmdstanpy - INFO - Chain [1] start processing
[2025-07-31T12:06:31.912+0000] {model.py:2058} INFO - Chain [1] start processing
[2025-07-31T12:06:31.963+0000] {logging_mixin.py:188} WARNING - 12:06:31 - cmdstanpy - INFO - Chain [1] done processing
[2025-07-31T12:06:31.962+0000] {model.py:2115} INFO - Chain [1] done processing
[2025-07-31T12:06:31.967+0000] {logging_mixin.py:188} INFO - Erreur pour {'changepoint_prior_scale': 0.05, 'seasonality_prior_scale': 5.0, 'seasonality_mode': 'additive'}: Less data than horizon after initial window. Make horizon or initial shorter.
[2025-07-31T12:06:31.968+0000] {logging_mixin.py:188} INFO - Test 10/18: {'changepoint_prior_scale': 0.05, 'seasonality_prior_scale': 5.0, 'seasonality_mode': 'multiplicative'}
[2025-07-31T12:06:31.986+0000] {filesystem.py:118} DEBUG - input tempfile: /tmp/tmp518dgq0y/nua853t0.json
[2025-07-31T12:06:32.036+0000] {filesystem.py:118} DEBUG - input tempfile: /tmp/tmp518dgq0y/mypllbmm.json
[2025-07-31T12:06:32.039+0000] {model.py:2042} DEBUG - idx 0
[2025-07-31T12:06:32.039+0000] {model.py:2043} DEBUG - running CmdStan, num_threads: None
[2025-07-31T12:06:32.040+0000] {model.py:2055} DEBUG - CmdStan args: ['/home/airflow/.local/lib/python3.11/site-packages/prophet/stan_model/prophet_model.bin', 'random', 'seed=84955', 'data', 'file=/tmp/tmp518dgq0y/nua853t0.json', 'init=/tmp/tmp518dgq0y/mypllbmm.json', 'output', 'file=/tmp/tmp518dgq0y/prophet_modelqx0cx1i3/prophet_model-20250731120632.csv', 'method=optimize', 'algorithm=lbfgs', 'iter=10000']
[2025-07-31T12:06:32.041+0000] {logging_mixin.py:188} WARNING - 12:06:32 - cmdstanpy - INFO - Chain [1] start processing
[2025-07-31T12:06:32.040+0000] {model.py:2058} INFO - Chain [1] start processing
[2025-07-31T12:06:32.090+0000] {logging_mixin.py:188} WARNING - 12:06:32 - cmdstanpy - INFO - Chain [1] done processing
[2025-07-31T12:06:32.090+0000] {model.py:2115} INFO - Chain [1] done processing
[2025-07-31T12:06:32.094+0000] {logging_mixin.py:188} INFO - Erreur pour {'changepoint_prior_scale': 0.05, 'seasonality_prior_scale': 5.0, 'seasonality_mode': 'multiplicative'}: Less data than horizon after initial window. Make horizon or initial shorter.
[2025-07-31T12:06:32.094+0000] {logging_mixin.py:188} INFO - Test 11/18: {'changepoint_prior_scale': 0.05, 'seasonality_prior_scale': 10.0, 'seasonality_mode': 'additive'}
[2025-07-31T12:06:32.111+0000] {filesystem.py:118} DEBUG - input tempfile: /tmp/tmp518dgq0y/v6t4ousj.json
[2025-07-31T12:06:32.154+0000] {filesystem.py:118} DEBUG - input tempfile: /tmp/tmp518dgq0y/b164xv3b.json
[2025-07-31T12:06:32.156+0000] {model.py:2042} DEBUG - idx 0
[2025-07-31T12:06:32.156+0000] {model.py:2043} DEBUG - running CmdStan, num_threads: None
[2025-07-31T12:06:32.157+0000] {model.py:2055} DEBUG - CmdStan args: ['/home/airflow/.local/lib/python3.11/site-packages/prophet/stan_model/prophet_model.bin', 'random', 'seed=54378', 'data', 'file=/tmp/tmp518dgq0y/v6t4ousj.json', 'init=/tmp/tmp518dgq0y/b164xv3b.json', 'output', 'file=/tmp/tmp518dgq0y/prophet_modelvyyemuvx/prophet_model-20250731120632.csv', 'method=optimize', 'algorithm=lbfgs', 'iter=10000']
[2025-07-31T12:06:32.158+0000] {logging_mixin.py:188} WARNING - 12:06:32 - cmdstanpy - INFO - Chain [1] start processing
[2025-07-31T12:06:32.157+0000] {model.py:2058} INFO - Chain [1] start processing
[2025-07-31T12:06:32.196+0000] {logging_mixin.py:188} WARNING - 12:06:32 - cmdstanpy - INFO - Chain [1] done processing
[2025-07-31T12:06:32.196+0000] {model.py:2115} INFO - Chain [1] done processing
[2025-07-31T12:06:32.200+0000] {logging_mixin.py:188} INFO - Erreur pour {'changepoint_prior_scale': 0.05, 'seasonality_prior_scale': 10.0, 'seasonality_mode': 'additive'}: Less data than horizon after initial window. Make horizon or initial shorter.
[2025-07-31T12:06:32.202+0000] {logging_mixin.py:188} INFO - Test 12/18: {'changepoint_prior_scale': 0.05, 'seasonality_prior_scale': 10.0, 'seasonality_mode': 'multiplicative'}
[2025-07-31T12:06:32.217+0000] {filesystem.py:118} DEBUG - input tempfile: /tmp/tmp518dgq0y/xtaetwa8.json
[2025-07-31T12:06:32.268+0000] {filesystem.py:118} DEBUG - input tempfile: /tmp/tmp518dgq0y/xhs6033p.json
[2025-07-31T12:06:32.270+0000] {model.py:2042} DEBUG - idx 0
[2025-07-31T12:06:32.271+0000] {model.py:2043} DEBUG - running CmdStan, num_threads: None
[2025-07-31T12:06:32.271+0000] {model.py:2055} DEBUG - CmdStan args: ['/home/airflow/.local/lib/python3.11/site-packages/prophet/stan_model/prophet_model.bin', 'random', 'seed=99388', 'data', 'file=/tmp/tmp518dgq0y/xtaetwa8.json', 'init=/tmp/tmp518dgq0y/xhs6033p.json', 'output', 'file=/tmp/tmp518dgq0y/prophet_model53bcsp47/prophet_model-20250731120632.csv', 'method=optimize', 'algorithm=lbfgs', 'iter=10000']
[2025-07-31T12:06:32.272+0000] {logging_mixin.py:188} WARNING - 12:06:32 - cmdstanpy - INFO - Chain [1] start processing
[2025-07-31T12:06:32.272+0000] {model.py:2058} INFO - Chain [1] start processing
[2025-07-31T12:06:32.322+0000] {logging_mixin.py:188} WARNING - 12:06:32 - cmdstanpy - INFO - Chain [1] done processing
[2025-07-31T12:06:32.322+0000] {model.py:2115} INFO - Chain [1] done processing
[2025-07-31T12:06:32.330+0000] {logging_mixin.py:188} INFO - Erreur pour {'changepoint_prior_scale': 0.05, 'seasonality_prior_scale': 10.0, 'seasonality_mode': 'multiplicative'}: Less data than horizon after initial window. Make horizon or initial shorter.
[2025-07-31T12:06:32.332+0000] {logging_mixin.py:188} INFO - Test 13/18: {'changepoint_prior_scale': 0.1, 'seasonality_prior_scale': 1.0, 'seasonality_mode': 'additive'}
[2025-07-31T12:06:32.367+0000] {filesystem.py:118} DEBUG - input tempfile: /tmp/tmp518dgq0y/5e3yue_e.json
[2025-07-31T12:06:32.412+0000] {filesystem.py:118} DEBUG - input tempfile: /tmp/tmp518dgq0y/fc27j5js.json
[2025-07-31T12:06:32.413+0000] {model.py:2042} DEBUG - idx 0
[2025-07-31T12:06:32.414+0000] {model.py:2043} DEBUG - running CmdStan, num_threads: None
[2025-07-31T12:06:32.415+0000] {model.py:2055} DEBUG - CmdStan args: ['/home/airflow/.local/lib/python3.11/site-packages/prophet/stan_model/prophet_model.bin', 'random', 'seed=88898', 'data', 'file=/tmp/tmp518dgq0y/5e3yue_e.json', 'init=/tmp/tmp518dgq0y/fc27j5js.json', 'output', 'file=/tmp/tmp518dgq0y/prophet_modelyzuoaypl/prophet_model-20250731120632.csv', 'method=optimize', 'algorithm=lbfgs', 'iter=10000']
[2025-07-31T12:06:32.416+0000] {logging_mixin.py:188} WARNING - 12:06:32 - cmdstanpy - INFO - Chain [1] start processing
[2025-07-31T12:06:32.416+0000] {model.py:2058} INFO - Chain [1] start processing
[2025-07-31T12:06:32.457+0000] {logging_mixin.py:188} WARNING - 12:06:32 - cmdstanpy - INFO - Chain [1] done processing
[2025-07-31T12:06:32.457+0000] {model.py:2115} INFO - Chain [1] done processing
[2025-07-31T12:06:32.462+0000] {logging_mixin.py:188} INFO - Erreur pour {'changepoint_prior_scale': 0.1, 'seasonality_prior_scale': 1.0, 'seasonality_mode': 'additive'}: Less data than horizon after initial window. Make horizon or initial shorter.
[2025-07-31T12:06:32.463+0000] {logging_mixin.py:188} INFO - Test 14/18: {'changepoint_prior_scale': 0.1, 'seasonality_prior_scale': 1.0, 'seasonality_mode': 'multiplicative'}
[2025-07-31T12:06:32.493+0000] {filesystem.py:118} DEBUG - input tempfile: /tmp/tmp518dgq0y/7dzxzvhq.json
[2025-07-31T12:06:32.542+0000] {filesystem.py:118} DEBUG - input tempfile: /tmp/tmp518dgq0y/ys9umpjm.json
[2025-07-31T12:06:32.543+0000] {model.py:2042} DEBUG - idx 0
[2025-07-31T12:06:32.544+0000] {model.py:2043} DEBUG - running CmdStan, num_threads: None
[2025-07-31T12:06:32.544+0000] {model.py:2055} DEBUG - CmdStan args: ['/home/airflow/.local/lib/python3.11/site-packages/prophet/stan_model/prophet_model.bin', 'random', 'seed=21725', 'data', 'file=/tmp/tmp518dgq0y/7dzxzvhq.json', 'init=/tmp/tmp518dgq0y/ys9umpjm.json', 'output', 'file=/tmp/tmp518dgq0y/prophet_modelcc0wjs3a/prophet_model-20250731120632.csv', 'method=optimize', 'algorithm=lbfgs', 'iter=10000']
[2025-07-31T12:06:32.545+0000] {logging_mixin.py:188} WARNING - 12:06:32 - cmdstanpy - INFO - Chain [1] start processing
[2025-07-31T12:06:32.545+0000] {model.py:2058} INFO - Chain [1] start processing
[2025-07-31T12:06:32.617+0000] {logging_mixin.py:188} WARNING - 12:06:32 - cmdstanpy - INFO - Chain [1] done processing
[2025-07-31T12:06:32.617+0000] {model.py:2115} INFO - Chain [1] done processing
[2025-07-31T12:06:32.621+0000] {logging_mixin.py:188} INFO - Erreur pour {'changepoint_prior_scale': 0.1, 'seasonality_prior_scale': 1.0, 'seasonality_mode': 'multiplicative'}: Less data than horizon after initial window. Make horizon or initial shorter.
[2025-07-31T12:06:32.621+0000] {logging_mixin.py:188} INFO - Test 15/18: {'changepoint_prior_scale': 0.1, 'seasonality_prior_scale': 5.0, 'seasonality_mode': 'additive'}
[2025-07-31T12:06:32.638+0000] {filesystem.py:118} DEBUG - input tempfile: /tmp/tmp518dgq0y/3upzu446.json
[2025-07-31T12:06:32.694+0000] {filesystem.py:118} DEBUG - input tempfile: /tmp/tmp518dgq0y/qa_t63pk.json
[2025-07-31T12:06:32.695+0000] {model.py:2042} DEBUG - idx 0
[2025-07-31T12:06:32.696+0000] {model.py:2043} DEBUG - running CmdStan, num_threads: None
[2025-07-31T12:06:32.697+0000] {model.py:2055} DEBUG - CmdStan args: ['/home/airflow/.local/lib/python3.11/site-packages/prophet/stan_model/prophet_model.bin', 'random', 'seed=30263', 'data', 'file=/tmp/tmp518dgq0y/3upzu446.json', 'init=/tmp/tmp518dgq0y/qa_t63pk.json', 'output', 'file=/tmp/tmp518dgq0y/prophet_modely7k4szre/prophet_model-20250731120632.csv', 'method=optimize', 'algorithm=lbfgs', 'iter=10000']
[2025-07-31T12:06:32.697+0000] {logging_mixin.py:188} WARNING - 12:06:32 - cmdstanpy - INFO - Chain [1] start processing
[2025-07-31T12:06:32.697+0000] {model.py:2058} INFO - Chain [1] start processing
[2025-07-31T12:06:32.728+0000] {logging_mixin.py:188} WARNING - 12:06:32 - cmdstanpy - INFO - Chain [1] done processing
[2025-07-31T12:06:32.728+0000] {model.py:2115} INFO - Chain [1] done processing
[2025-07-31T12:06:32.736+0000] {logging_mixin.py:188} INFO - Erreur pour {'changepoint_prior_scale': 0.1, 'seasonality_prior_scale': 5.0, 'seasonality_mode': 'additive'}: Less data than horizon after initial window. Make horizon or initial shorter.
[2025-07-31T12:06:32.737+0000] {logging_mixin.py:188} INFO - Test 16/18: {'changepoint_prior_scale': 0.1, 'seasonality_prior_scale': 5.0, 'seasonality_mode': 'multiplicative'}
[2025-07-31T12:06:32.765+0000] {filesystem.py:118} DEBUG - input tempfile: /tmp/tmp518dgq0y/cpdx17s1.json
[2025-07-31T12:06:32.813+0000] {filesystem.py:118} DEBUG - input tempfile: /tmp/tmp518dgq0y/_xfq03h8.json
[2025-07-31T12:06:32.814+0000] {model.py:2042} DEBUG - idx 0
[2025-07-31T12:06:32.815+0000] {model.py:2043} DEBUG - running CmdStan, num_threads: None
[2025-07-31T12:06:32.816+0000] {model.py:2055} DEBUG - CmdStan args: ['/home/airflow/.local/lib/python3.11/site-packages/prophet/stan_model/prophet_model.bin', 'random', 'seed=41702', 'data', 'file=/tmp/tmp518dgq0y/cpdx17s1.json', 'init=/tmp/tmp518dgq0y/_xfq03h8.json', 'output', 'file=/tmp/tmp518dgq0y/prophet_modelfc9ddpzn/prophet_model-20250731120632.csv', 'method=optimize', 'algorithm=lbfgs', 'iter=10000']
[2025-07-31T12:06:32.817+0000] {logging_mixin.py:188} WARNING - 12:06:32 - cmdstanpy - INFO - Chain [1] start processing
[2025-07-31T12:06:32.817+0000] {model.py:2058} INFO - Chain [1] start processing
[2025-07-31T12:06:32.890+0000] {logging_mixin.py:188} WARNING - 12:06:32 - cmdstanpy - INFO - Chain [1] done processing
[2025-07-31T12:06:32.889+0000] {model.py:2115} INFO - Chain [1] done processing
[2025-07-31T12:06:32.895+0000] {logging_mixin.py:188} INFO - Erreur pour {'changepoint_prior_scale': 0.1, 'seasonality_prior_scale': 5.0, 'seasonality_mode': 'multiplicative'}: Less data than horizon after initial window. Make horizon or initial shorter.
[2025-07-31T12:06:32.896+0000] {logging_mixin.py:188} INFO - Test 17/18: {'changepoint_prior_scale': 0.1, 'seasonality_prior_scale': 10.0, 'seasonality_mode': 'additive'}
[2025-07-31T12:06:32.923+0000] {filesystem.py:118} DEBUG - input tempfile: /tmp/tmp518dgq0y/xiph7nk9.json
[2025-07-31T12:06:32.977+0000] {filesystem.py:118} DEBUG - input tempfile: /tmp/tmp518dgq0y/421pt7u3.json
[2025-07-31T12:06:32.979+0000] {model.py:2042} DEBUG - idx 0
[2025-07-31T12:06:32.979+0000] {model.py:2043} DEBUG - running CmdStan, num_threads: None
[2025-07-31T12:06:32.980+0000] {model.py:2055} DEBUG - CmdStan args: ['/home/airflow/.local/lib/python3.11/site-packages/prophet/stan_model/prophet_model.bin', 'random', 'seed=68394', 'data', 'file=/tmp/tmp518dgq0y/xiph7nk9.json', 'init=/tmp/tmp518dgq0y/421pt7u3.json', 'output', 'file=/tmp/tmp518dgq0y/prophet_modelta9iwusx/prophet_model-20250731120632.csv', 'method=optimize', 'algorithm=lbfgs', 'iter=10000']
[2025-07-31T12:06:32.981+0000] {logging_mixin.py:188} WARNING - 12:06:32 - cmdstanpy - INFO - Chain [1] start processing
[2025-07-31T12:06:32.981+0000] {model.py:2058} INFO - Chain [1] start processing
[2025-07-31T12:06:33.012+0000] {logging_mixin.py:188} WARNING - 12:06:33 - cmdstanpy - INFO - Chain [1] done processing
[2025-07-31T12:06:33.012+0000] {model.py:2115} INFO - Chain [1] done processing
[2025-07-31T12:06:33.016+0000] {logging_mixin.py:188} INFO - Erreur pour {'changepoint_prior_scale': 0.1, 'seasonality_prior_scale': 10.0, 'seasonality_mode': 'additive'}: Less data than horizon after initial window. Make horizon or initial shorter.
[2025-07-31T12:06:33.017+0000] {logging_mixin.py:188} INFO - Test 18/18: {'changepoint_prior_scale': 0.1, 'seasonality_prior_scale': 10.0, 'seasonality_mode': 'multiplicative'}
[2025-07-31T12:06:33.033+0000] {filesystem.py:118} DEBUG - input tempfile: /tmp/tmp518dgq0y/2lpbwc_i.json
[2025-07-31T12:06:33.099+0000] {filesystem.py:118} DEBUG - input tempfile: /tmp/tmp518dgq0y/vpake9fh.json
[2025-07-31T12:06:33.101+0000] {model.py:2042} DEBUG - idx 0
[2025-07-31T12:06:33.102+0000] {model.py:2043} DEBUG - running CmdStan, num_threads: None
[2025-07-31T12:06:33.103+0000] {model.py:2055} DEBUG - CmdStan args: ['/home/airflow/.local/lib/python3.11/site-packages/prophet/stan_model/prophet_model.bin', 'random', 'seed=70224', 'data', 'file=/tmp/tmp518dgq0y/2lpbwc_i.json', 'init=/tmp/tmp518dgq0y/vpake9fh.json', 'output', 'file=/tmp/tmp518dgq0y/prophet_model2xqx9_bx/prophet_model-20250731120633.csv', 'method=optimize', 'algorithm=lbfgs', 'iter=10000']
[2025-07-31T12:06:33.104+0000] {logging_mixin.py:188} WARNING - 12:06:33 - cmdstanpy - INFO - Chain [1] start processing
[2025-07-31T12:06:33.104+0000] {model.py:2058} INFO - Chain [1] start processing
[2025-07-31T12:06:33.175+0000] {logging_mixin.py:188} WARNING - 12:06:33 - cmdstanpy - INFO - Chain [1] done processing
[2025-07-31T12:06:33.175+0000] {model.py:2115} INFO - Chain [1] done processing
[2025-07-31T12:06:33.180+0000] {logging_mixin.py:188} INFO - Erreur pour {'changepoint_prior_scale': 0.1, 'seasonality_prior_scale': 10.0, 'seasonality_mode': 'multiplicative'}: Less data than horizon after initial window. Make horizon or initial shorter.
[2025-07-31T12:06:33.181+0000] {taskinstance.py:441} INFO - ::group::Post task execution logs
[2025-07-31T12:06:33.181+0000] {taskinstance.py:2905} ERROR - Task failed with exception
Traceback (most recent call last):
  File "/home/airflow/.local/lib/python3.11/site-packages/airflow/models/taskinstance.py", line 465, in _execute_task
    result = _execute_callable(context=context, **execute_callable_kwargs)
             ^^^^^^^^^^^^^^^^^^^^^^^^^^^^^^^^^^^^^^^^^^^^^^^^^^^^^^^^^^^^^
  File "/home/airflow/.local/lib/python3.11/site-packages/airflow/models/taskinstance.py", line 432, in _execute_callable
    return execute_callable(context=context, **execute_callable_kwargs)
           ^^^^^^^^^^^^^^^^^^^^^^^^^^^^^^^^^^^^^^^^^^^^^^^^^^^^^^^^^^^^
  File "/home/airflow/.local/lib/python3.11/site-packages/airflow/models/baseoperator.py", line 401, in wrapper
    return func(self, *args, **kwargs)
           ^^^^^^^^^^^^^^^^^^^^^^^^^^^
  File "/home/airflow/.local/lib/python3.11/site-packages/airflow/operators/python.py", line 235, in execute
    return_value = self.execute_callable()
                   ^^^^^^^^^^^^^^^^^^^^^^^
  File "/home/airflow/.local/lib/python3.11/site-packages/airflow/operators/python.py", line 252, in execute_callable
    return self.python_callable(*self.op_args, **self.op_kwargs)
           ^^^^^^^^^^^^^^^^^^^^^^^^^^^^^^^^^^^^^^^^^^^^^^^^^^^^^
  File "/opt/airflow/dags/scripts/train_prophet.py", line 92, in train_prophet
    best_model_temp, scores_temp = optimize_prophet_model(temp_df)
                                   ^^^^^^^^^^^^^^^^^^^^^^^^^^^^^^^
  File "/opt/airflow/dags/scripts/train_prophet.py", line 44, in optimize_prophet_model
    best = min(results, key=lambda x: x[1])
           ^^^^^^^^^^^^^^^^^^^^^^^^^^^^^^^^
ValueError: min() arg is an empty sequence
[2025-07-31T12:06:33.214+0000] {taskinstance.py:1206} INFO - Marking task as FAILED. dag_id=solar_ai_pipeline_2, task_id=train_prophet, run_id=scheduled__2023-07-17T00:00:00+00:00, execution_date=20230717T000000, start_date=20250731T120628, end_date=20250731T120633
[2025-07-31T12:06:33.511+0000] {standard_task_runner.py:110} ERROR - Failed to execute job 2943 for task train_prophet (min() arg is an empty sequence; 6507)
[2025-07-31T12:06:33.586+0000] {local_task_job_runner.py:240} INFO - Task exited with return code 1
[2025-07-31T12:06:33.710+0000] {taskinstance.py:3503} INFO - 0 downstream tasks scheduled from follow-on schedule check
[2025-07-31T12:06:33.783+0000] {local_task_job_runner.py:222} INFO - ::endgroup::
