[2025-07-31T11:55:36.334+0000] {local_task_job_runner.py:120} INFO - ::group::Pre task execution logs
[2025-07-31T11:55:36.519+0000] {taskinstance.py:2076} INFO - Dependencies all met for dep_context=non-requeueable deps ti=<TaskInstance: solar_ai_pipeline_2.train_prophet scheduled__2023-07-17T00:00:00+00:00 [queued]>
[2025-07-31T11:55:36.610+0000] {taskinstance.py:2076} INFO - Dependencies all met for dep_context=requeueable deps ti=<TaskInstance: solar_ai_pipeline_2.train_prophet scheduled__2023-07-17T00:00:00+00:00 [queued]>
[2025-07-31T11:55:36.615+0000] {taskinstance.py:2306} INFO - Starting attempt 3 of 4
[2025-07-31T11:55:36.852+0000] {taskinstance.py:2330} INFO - Executing <Task(PythonOperator): train_prophet> on 2023-07-17 00:00:00+00:00
[2025-07-31T11:55:36.867+0000] {standard_task_runner.py:63} INFO - Started process 3865 to run task
[2025-07-31T11:55:36.878+0000] {standard_task_runner.py:90} INFO - Running: ['airflow', 'tasks', 'run', 'solar_ai_pipeline_2', 'train_prophet', 'scheduled__2023-07-17T00:00:00+00:00', '--job-id', '2914', '--raw', '--subdir', 'DAGS_FOLDER/prophet_pipeline.py', '--cfg-path', '/tmp/tmpoyhff03r']
[2025-07-31T11:55:36.884+0000] {standard_task_runner.py:91} INFO - Job 2914: Subtask train_prophet
[2025-07-31T11:55:37.278+0000] {task_command.py:426} INFO - Running <TaskInstance: solar_ai_pipeline_2.train_prophet scheduled__2023-07-17T00:00:00+00:00 [running]> on host a2a0dd314bdc
[2025-07-31T11:55:37.673+0000] {taskinstance.py:2648} INFO - Exporting env vars: AIRFLOW_CTX_DAG_OWNER='ensam' AIRFLOW_CTX_DAG_ID='solar_ai_pipeline_2' AIRFLOW_CTX_TASK_ID='train_prophet' AIRFLOW_CTX_EXECUTION_DATE='2023-07-17T00:00:00+00:00' AIRFLOW_CTX_TRY_NUMBER='3' AIRFLOW_CTX_DAG_RUN_ID='scheduled__2023-07-17T00:00:00+00:00'
[2025-07-31T11:55:37.674+0000] {taskinstance.py:430} INFO - ::endgroup::
[2025-07-31T11:55:38.608+0000] {plot.py:39} ERROR - Importing plotly failed. Interactive plots will not work.
[2025-07-31T11:55:38.623+0000] {logging_mixin.py:188} INFO - Training from 2023-01-01 to 2023-01-18
[2025-07-31T11:55:39.035+0000] {logging_mixin.py:188} INFO - Test 1/18: {'changepoint_prior_scale': 0.01, 'seasonality_prior_scale': 1.0, 'seasonality_mode': 'additive'}
[2025-07-31T11:55:39.122+0000] {filesystem.py:118} DEBUG - input tempfile: /tmp/tmpnkpkcdo2/5nv57gl8.json
[2025-07-31T11:55:39.170+0000] {filesystem.py:118} DEBUG - input tempfile: /tmp/tmpnkpkcdo2/s2zivk1k.json
[2025-07-31T11:55:39.172+0000] {model.py:2042} DEBUG - idx 0
[2025-07-31T11:55:39.173+0000] {model.py:2043} DEBUG - running CmdStan, num_threads: None
[2025-07-31T11:55:39.173+0000] {model.py:2055} DEBUG - CmdStan args: ['/home/airflow/.local/lib/python3.11/site-packages/prophet/stan_model/prophet_model.bin', 'random', 'seed=55743', 'data', 'file=/tmp/tmpnkpkcdo2/5nv57gl8.json', 'init=/tmp/tmpnkpkcdo2/s2zivk1k.json', 'output', 'file=/tmp/tmpnkpkcdo2/prophet_modelh0mh_16c/prophet_model-20250731115539.csv', 'method=optimize', 'algorithm=lbfgs', 'iter=10000']
[2025-07-31T11:55:39.174+0000] {logging_mixin.py:188} WARNING - 11:55:39 - cmdstanpy - INFO - Chain [1] start processing
[2025-07-31T11:55:39.174+0000] {model.py:2058} INFO - Chain [1] start processing
[2025-07-31T11:55:39.216+0000] {logging_mixin.py:188} WARNING - 11:55:39 - cmdstanpy - INFO - Chain [1] done processing
[2025-07-31T11:55:39.216+0000] {model.py:2115} INFO - Chain [1] done processing
[2025-07-31T11:55:39.221+0000] {logging_mixin.py:188} INFO - Erreur pour {'changepoint_prior_scale': 0.01, 'seasonality_prior_scale': 1.0, 'seasonality_mode': 'additive'}: Less data than horizon after initial window. Make horizon or initial shorter.
[2025-07-31T11:55:39.222+0000] {logging_mixin.py:188} INFO - Test 2/18: {'changepoint_prior_scale': 0.01, 'seasonality_prior_scale': 1.0, 'seasonality_mode': 'multiplicative'}
[2025-07-31T11:55:39.241+0000] {filesystem.py:118} DEBUG - input tempfile: /tmp/tmpnkpkcdo2/zv37qr3t.json
[2025-07-31T11:55:39.290+0000] {filesystem.py:118} DEBUG - input tempfile: /tmp/tmpnkpkcdo2/jny59pq_.json
[2025-07-31T11:55:39.291+0000] {model.py:2042} DEBUG - idx 0
[2025-07-31T11:55:39.292+0000] {model.py:2043} DEBUG - running CmdStan, num_threads: None
[2025-07-31T11:55:39.293+0000] {model.py:2055} DEBUG - CmdStan args: ['/home/airflow/.local/lib/python3.11/site-packages/prophet/stan_model/prophet_model.bin', 'random', 'seed=70345', 'data', 'file=/tmp/tmpnkpkcdo2/zv37qr3t.json', 'init=/tmp/tmpnkpkcdo2/jny59pq_.json', 'output', 'file=/tmp/tmpnkpkcdo2/prophet_model4nu9pgpp/prophet_model-20250731115539.csv', 'method=optimize', 'algorithm=lbfgs', 'iter=10000']
[2025-07-31T11:55:39.293+0000] {logging_mixin.py:188} WARNING - 11:55:39 - cmdstanpy - INFO - Chain [1] start processing
[2025-07-31T11:55:39.293+0000] {model.py:2058} INFO - Chain [1] start processing
[2025-07-31T11:55:39.349+0000] {logging_mixin.py:188} WARNING - 11:55:39 - cmdstanpy - INFO - Chain [1] done processing
[2025-07-31T11:55:39.349+0000] {model.py:2115} INFO - Chain [1] done processing
[2025-07-31T11:55:39.353+0000] {logging_mixin.py:188} INFO - Erreur pour {'changepoint_prior_scale': 0.01, 'seasonality_prior_scale': 1.0, 'seasonality_mode': 'multiplicative'}: Less data than horizon after initial window. Make horizon or initial shorter.
[2025-07-31T11:55:39.354+0000] {logging_mixin.py:188} INFO - Test 3/18: {'changepoint_prior_scale': 0.01, 'seasonality_prior_scale': 5.0, 'seasonality_mode': 'additive'}
[2025-07-31T11:55:39.375+0000] {filesystem.py:118} DEBUG - input tempfile: /tmp/tmpnkpkcdo2/5m12qmay.json
[2025-07-31T11:55:39.424+0000] {filesystem.py:118} DEBUG - input tempfile: /tmp/tmpnkpkcdo2/ao0j5z8c.json
[2025-07-31T11:55:39.426+0000] {model.py:2042} DEBUG - idx 0
[2025-07-31T11:55:39.426+0000] {model.py:2043} DEBUG - running CmdStan, num_threads: None
[2025-07-31T11:55:39.427+0000] {model.py:2055} DEBUG - CmdStan args: ['/home/airflow/.local/lib/python3.11/site-packages/prophet/stan_model/prophet_model.bin', 'random', 'seed=19020', 'data', 'file=/tmp/tmpnkpkcdo2/5m12qmay.json', 'init=/tmp/tmpnkpkcdo2/ao0j5z8c.json', 'output', 'file=/tmp/tmpnkpkcdo2/prophet_modelozerat9v/prophet_model-20250731115539.csv', 'method=optimize', 'algorithm=lbfgs', 'iter=10000']
[2025-07-31T11:55:39.427+0000] {logging_mixin.py:188} WARNING - 11:55:39 - cmdstanpy - INFO - Chain [1] start processing
[2025-07-31T11:55:39.427+0000] {model.py:2058} INFO - Chain [1] start processing
[2025-07-31T11:55:39.466+0000] {logging_mixin.py:188} WARNING - 11:55:39 - cmdstanpy - INFO - Chain [1] done processing
[2025-07-31T11:55:39.466+0000] {model.py:2115} INFO - Chain [1] done processing
[2025-07-31T11:55:39.472+0000] {logging_mixin.py:188} INFO - Erreur pour {'changepoint_prior_scale': 0.01, 'seasonality_prior_scale': 5.0, 'seasonality_mode': 'additive'}: Less data than horizon after initial window. Make horizon or initial shorter.
[2025-07-31T11:55:39.472+0000] {logging_mixin.py:188} INFO - Test 4/18: {'changepoint_prior_scale': 0.01, 'seasonality_prior_scale': 5.0, 'seasonality_mode': 'multiplicative'}
[2025-07-31T11:55:39.495+0000] {filesystem.py:118} DEBUG - input tempfile: /tmp/tmpnkpkcdo2/avb0rmmw.json
[2025-07-31T11:55:39.543+0000] {filesystem.py:118} DEBUG - input tempfile: /tmp/tmpnkpkcdo2/bnish0ut.json
[2025-07-31T11:55:39.545+0000] {model.py:2042} DEBUG - idx 0
[2025-07-31T11:55:39.545+0000] {model.py:2043} DEBUG - running CmdStan, num_threads: None
[2025-07-31T11:55:39.546+0000] {model.py:2055} DEBUG - CmdStan args: ['/home/airflow/.local/lib/python3.11/site-packages/prophet/stan_model/prophet_model.bin', 'random', 'seed=77219', 'data', 'file=/tmp/tmpnkpkcdo2/avb0rmmw.json', 'init=/tmp/tmpnkpkcdo2/bnish0ut.json', 'output', 'file=/tmp/tmpnkpkcdo2/prophet_modelv28e3npu/prophet_model-20250731115539.csv', 'method=optimize', 'algorithm=lbfgs', 'iter=10000']
[2025-07-31T11:55:39.547+0000] {logging_mixin.py:188} WARNING - 11:55:39 - cmdstanpy - INFO - Chain [1] start processing
[2025-07-31T11:55:39.547+0000] {model.py:2058} INFO - Chain [1] start processing
[2025-07-31T11:55:39.600+0000] {logging_mixin.py:188} WARNING - 11:55:39 - cmdstanpy - INFO - Chain [1] done processing
[2025-07-31T11:55:39.600+0000] {model.py:2115} INFO - Chain [1] done processing
[2025-07-31T11:55:39.604+0000] {logging_mixin.py:188} INFO - Erreur pour {'changepoint_prior_scale': 0.01, 'seasonality_prior_scale': 5.0, 'seasonality_mode': 'multiplicative'}: Less data than horizon after initial window. Make horizon or initial shorter.
[2025-07-31T11:55:39.605+0000] {logging_mixin.py:188} INFO - Test 5/18: {'changepoint_prior_scale': 0.01, 'seasonality_prior_scale': 10.0, 'seasonality_mode': 'additive'}
[2025-07-31T11:55:39.625+0000] {filesystem.py:118} DEBUG - input tempfile: /tmp/tmpnkpkcdo2/7jk96h60.json
[2025-07-31T11:55:39.685+0000] {filesystem.py:118} DEBUG - input tempfile: /tmp/tmpnkpkcdo2/a0uwtg06.json
[2025-07-31T11:55:39.688+0000] {model.py:2042} DEBUG - idx 0
[2025-07-31T11:55:39.689+0000] {model.py:2043} DEBUG - running CmdStan, num_threads: None
[2025-07-31T11:55:39.689+0000] {model.py:2055} DEBUG - CmdStan args: ['/home/airflow/.local/lib/python3.11/site-packages/prophet/stan_model/prophet_model.bin', 'random', 'seed=28734', 'data', 'file=/tmp/tmpnkpkcdo2/7jk96h60.json', 'init=/tmp/tmpnkpkcdo2/a0uwtg06.json', 'output', 'file=/tmp/tmpnkpkcdo2/prophet_modelhxkupwo5/prophet_model-20250731115539.csv', 'method=optimize', 'algorithm=lbfgs', 'iter=10000']
[2025-07-31T11:55:39.690+0000] {logging_mixin.py:188} WARNING - 11:55:39 - cmdstanpy - INFO - Chain [1] start processing
[2025-07-31T11:55:39.690+0000] {model.py:2058} INFO - Chain [1] start processing
[2025-07-31T11:55:39.748+0000] {logging_mixin.py:188} WARNING - 11:55:39 - cmdstanpy - INFO - Chain [1] done processing
[2025-07-31T11:55:39.747+0000] {model.py:2115} INFO - Chain [1] done processing
[2025-07-31T11:55:39.753+0000] {logging_mixin.py:188} INFO - Erreur pour {'changepoint_prior_scale': 0.01, 'seasonality_prior_scale': 10.0, 'seasonality_mode': 'additive'}: Less data than horizon after initial window. Make horizon or initial shorter.
[2025-07-31T11:55:39.753+0000] {logging_mixin.py:188} INFO - Test 6/18: {'changepoint_prior_scale': 0.01, 'seasonality_prior_scale': 10.0, 'seasonality_mode': 'multiplicative'}
[2025-07-31T11:55:39.780+0000] {filesystem.py:118} DEBUG - input tempfile: /tmp/tmpnkpkcdo2/illghbbh.json
[2025-07-31T11:55:39.826+0000] {filesystem.py:118} DEBUG - input tempfile: /tmp/tmpnkpkcdo2/9ce8m6wo.json
[2025-07-31T11:55:39.828+0000] {model.py:2042} DEBUG - idx 0
[2025-07-31T11:55:39.829+0000] {model.py:2043} DEBUG - running CmdStan, num_threads: None
[2025-07-31T11:55:39.829+0000] {model.py:2055} DEBUG - CmdStan args: ['/home/airflow/.local/lib/python3.11/site-packages/prophet/stan_model/prophet_model.bin', 'random', 'seed=22453', 'data', 'file=/tmp/tmpnkpkcdo2/illghbbh.json', 'init=/tmp/tmpnkpkcdo2/9ce8m6wo.json', 'output', 'file=/tmp/tmpnkpkcdo2/prophet_modelswur2oft/prophet_model-20250731115539.csv', 'method=optimize', 'algorithm=lbfgs', 'iter=10000']
[2025-07-31T11:55:39.830+0000] {logging_mixin.py:188} WARNING - 11:55:39 - cmdstanpy - INFO - Chain [1] start processing
[2025-07-31T11:55:39.830+0000] {model.py:2058} INFO - Chain [1] start processing
[2025-07-31T11:55:39.874+0000] {logging_mixin.py:188} WARNING - 11:55:39 - cmdstanpy - INFO - Chain [1] done processing
[2025-07-31T11:55:39.874+0000] {model.py:2115} INFO - Chain [1] done processing
[2025-07-31T11:55:39.879+0000] {logging_mixin.py:188} INFO - Erreur pour {'changepoint_prior_scale': 0.01, 'seasonality_prior_scale': 10.0, 'seasonality_mode': 'multiplicative'}: Less data than horizon after initial window. Make horizon or initial shorter.
[2025-07-31T11:55:39.880+0000] {logging_mixin.py:188} INFO - Test 7/18: {'changepoint_prior_scale': 0.05, 'seasonality_prior_scale': 1.0, 'seasonality_mode': 'additive'}
[2025-07-31T11:55:39.896+0000] {filesystem.py:118} DEBUG - input tempfile: /tmp/tmpnkpkcdo2/zhj2eiw5.json
[2025-07-31T11:55:39.939+0000] {filesystem.py:118} DEBUG - input tempfile: /tmp/tmpnkpkcdo2/p3p9jq7i.json
[2025-07-31T11:55:39.941+0000] {model.py:2042} DEBUG - idx 0
[2025-07-31T11:55:39.942+0000] {model.py:2043} DEBUG - running CmdStan, num_threads: None
[2025-07-31T11:55:39.943+0000] {model.py:2055} DEBUG - CmdStan args: ['/home/airflow/.local/lib/python3.11/site-packages/prophet/stan_model/prophet_model.bin', 'random', 'seed=44332', 'data', 'file=/tmp/tmpnkpkcdo2/zhj2eiw5.json', 'init=/tmp/tmpnkpkcdo2/p3p9jq7i.json', 'output', 'file=/tmp/tmpnkpkcdo2/prophet_modelr79f_6uc/prophet_model-20250731115539.csv', 'method=optimize', 'algorithm=lbfgs', 'iter=10000']
[2025-07-31T11:55:39.944+0000] {logging_mixin.py:188} WARNING - 11:55:39 - cmdstanpy - INFO - Chain [1] start processing
[2025-07-31T11:55:39.944+0000] {model.py:2058} INFO - Chain [1] start processing
[2025-07-31T11:55:39.983+0000] {logging_mixin.py:188} WARNING - 11:55:39 - cmdstanpy - INFO - Chain [1] done processing
[2025-07-31T11:55:39.983+0000] {model.py:2115} INFO - Chain [1] done processing
[2025-07-31T11:55:39.991+0000] {logging_mixin.py:188} INFO - Erreur pour {'changepoint_prior_scale': 0.05, 'seasonality_prior_scale': 1.0, 'seasonality_mode': 'additive'}: Less data than horizon after initial window. Make horizon or initial shorter.
[2025-07-31T11:55:39.992+0000] {logging_mixin.py:188} INFO - Test 8/18: {'changepoint_prior_scale': 0.05, 'seasonality_prior_scale': 1.0, 'seasonality_mode': 'multiplicative'}
[2025-07-31T11:55:40.027+0000] {filesystem.py:118} DEBUG - input tempfile: /tmp/tmpnkpkcdo2/_wco34g2.json
[2025-07-31T11:55:40.073+0000] {filesystem.py:118} DEBUG - input tempfile: /tmp/tmpnkpkcdo2/s3bzmdsq.json
[2025-07-31T11:55:40.075+0000] {model.py:2042} DEBUG - idx 0
[2025-07-31T11:55:40.076+0000] {model.py:2043} DEBUG - running CmdStan, num_threads: None
[2025-07-31T11:55:40.077+0000] {model.py:2055} DEBUG - CmdStan args: ['/home/airflow/.local/lib/python3.11/site-packages/prophet/stan_model/prophet_model.bin', 'random', 'seed=8556', 'data', 'file=/tmp/tmpnkpkcdo2/_wco34g2.json', 'init=/tmp/tmpnkpkcdo2/s3bzmdsq.json', 'output', 'file=/tmp/tmpnkpkcdo2/prophet_modelj2u9aylz/prophet_model-20250731115540.csv', 'method=optimize', 'algorithm=lbfgs', 'iter=10000']
[2025-07-31T11:55:40.078+0000] {logging_mixin.py:188} WARNING - 11:55:40 - cmdstanpy - INFO - Chain [1] start processing
[2025-07-31T11:55:40.078+0000] {model.py:2058} INFO - Chain [1] start processing
[2025-07-31T11:55:40.127+0000] {logging_mixin.py:188} WARNING - 11:55:40 - cmdstanpy - INFO - Chain [1] done processing
[2025-07-31T11:55:40.127+0000] {model.py:2115} INFO - Chain [1] done processing
[2025-07-31T11:55:40.131+0000] {logging_mixin.py:188} INFO - Erreur pour {'changepoint_prior_scale': 0.05, 'seasonality_prior_scale': 1.0, 'seasonality_mode': 'multiplicative'}: Less data than horizon after initial window. Make horizon or initial shorter.
[2025-07-31T11:55:40.132+0000] {logging_mixin.py:188} INFO - Test 9/18: {'changepoint_prior_scale': 0.05, 'seasonality_prior_scale': 5.0, 'seasonality_mode': 'additive'}
[2025-07-31T11:55:40.148+0000] {filesystem.py:118} DEBUG - input tempfile: /tmp/tmpnkpkcdo2/juzdgl3g.json
[2025-07-31T11:55:40.193+0000] {filesystem.py:118} DEBUG - input tempfile: /tmp/tmpnkpkcdo2/xulvxsr9.json
[2025-07-31T11:55:40.195+0000] {model.py:2042} DEBUG - idx 0
[2025-07-31T11:55:40.196+0000] {model.py:2043} DEBUG - running CmdStan, num_threads: None
[2025-07-31T11:55:40.197+0000] {model.py:2055} DEBUG - CmdStan args: ['/home/airflow/.local/lib/python3.11/site-packages/prophet/stan_model/prophet_model.bin', 'random', 'seed=45029', 'data', 'file=/tmp/tmpnkpkcdo2/juzdgl3g.json', 'init=/tmp/tmpnkpkcdo2/xulvxsr9.json', 'output', 'file=/tmp/tmpnkpkcdo2/prophet_modelj76113ic/prophet_model-20250731115540.csv', 'method=optimize', 'algorithm=lbfgs', 'iter=10000']
[2025-07-31T11:55:40.198+0000] {logging_mixin.py:188} WARNING - 11:55:40 - cmdstanpy - INFO - Chain [1] start processing
[2025-07-31T11:55:40.198+0000] {model.py:2058} INFO - Chain [1] start processing
[2025-07-31T11:55:40.250+0000] {logging_mixin.py:188} WARNING - 11:55:40 - cmdstanpy - INFO - Chain [1] done processing
[2025-07-31T11:55:40.250+0000] {model.py:2115} INFO - Chain [1] done processing
[2025-07-31T11:55:40.254+0000] {logging_mixin.py:188} INFO - Erreur pour {'changepoint_prior_scale': 0.05, 'seasonality_prior_scale': 5.0, 'seasonality_mode': 'additive'}: Less data than horizon after initial window. Make horizon or initial shorter.
[2025-07-31T11:55:40.254+0000] {logging_mixin.py:188} INFO - Test 10/18: {'changepoint_prior_scale': 0.05, 'seasonality_prior_scale': 5.0, 'seasonality_mode': 'multiplicative'}
[2025-07-31T11:55:40.270+0000] {filesystem.py:118} DEBUG - input tempfile: /tmp/tmpnkpkcdo2/uk4r0xkm.json
[2025-07-31T11:55:40.312+0000] {filesystem.py:118} DEBUG - input tempfile: /tmp/tmpnkpkcdo2/ap11lxr1.json
[2025-07-31T11:55:40.314+0000] {model.py:2042} DEBUG - idx 0
[2025-07-31T11:55:40.315+0000] {model.py:2043} DEBUG - running CmdStan, num_threads: None
[2025-07-31T11:55:40.315+0000] {model.py:2055} DEBUG - CmdStan args: ['/home/airflow/.local/lib/python3.11/site-packages/prophet/stan_model/prophet_model.bin', 'random', 'seed=36956', 'data', 'file=/tmp/tmpnkpkcdo2/uk4r0xkm.json', 'init=/tmp/tmpnkpkcdo2/ap11lxr1.json', 'output', 'file=/tmp/tmpnkpkcdo2/prophet_model50shptjc/prophet_model-20250731115540.csv', 'method=optimize', 'algorithm=lbfgs', 'iter=10000']
[2025-07-31T11:55:40.316+0000] {logging_mixin.py:188} WARNING - 11:55:40 - cmdstanpy - INFO - Chain [1] start processing
[2025-07-31T11:55:40.316+0000] {model.py:2058} INFO - Chain [1] start processing
[2025-07-31T11:55:40.364+0000] {logging_mixin.py:188} WARNING - 11:55:40 - cmdstanpy - INFO - Chain [1] done processing
[2025-07-31T11:55:40.364+0000] {model.py:2115} INFO - Chain [1] done processing
[2025-07-31T11:55:40.368+0000] {logging_mixin.py:188} INFO - Erreur pour {'changepoint_prior_scale': 0.05, 'seasonality_prior_scale': 5.0, 'seasonality_mode': 'multiplicative'}: Less data than horizon after initial window. Make horizon or initial shorter.
[2025-07-31T11:55:40.369+0000] {logging_mixin.py:188} INFO - Test 11/18: {'changepoint_prior_scale': 0.05, 'seasonality_prior_scale': 10.0, 'seasonality_mode': 'additive'}
[2025-07-31T11:55:40.387+0000] {filesystem.py:118} DEBUG - input tempfile: /tmp/tmpnkpkcdo2/6hkmz1ug.json
[2025-07-31T11:55:40.431+0000] {filesystem.py:118} DEBUG - input tempfile: /tmp/tmpnkpkcdo2/t1ziaina.json
[2025-07-31T11:55:40.434+0000] {model.py:2042} DEBUG - idx 0
[2025-07-31T11:55:40.434+0000] {model.py:2043} DEBUG - running CmdStan, num_threads: None
[2025-07-31T11:55:40.435+0000] {model.py:2055} DEBUG - CmdStan args: ['/home/airflow/.local/lib/python3.11/site-packages/prophet/stan_model/prophet_model.bin', 'random', 'seed=81192', 'data', 'file=/tmp/tmpnkpkcdo2/6hkmz1ug.json', 'init=/tmp/tmpnkpkcdo2/t1ziaina.json', 'output', 'file=/tmp/tmpnkpkcdo2/prophet_modelzl84codk/prophet_model-20250731115540.csv', 'method=optimize', 'algorithm=lbfgs', 'iter=10000']
[2025-07-31T11:55:40.435+0000] {logging_mixin.py:188} WARNING - 11:55:40 - cmdstanpy - INFO - Chain [1] start processing
[2025-07-31T11:55:40.435+0000] {model.py:2058} INFO - Chain [1] start processing
[2025-07-31T11:55:40.483+0000] {logging_mixin.py:188} WARNING - 11:55:40 - cmdstanpy - INFO - Chain [1] done processing
[2025-07-31T11:55:40.482+0000] {model.py:2115} INFO - Chain [1] done processing
[2025-07-31T11:55:40.489+0000] {logging_mixin.py:188} INFO - Erreur pour {'changepoint_prior_scale': 0.05, 'seasonality_prior_scale': 10.0, 'seasonality_mode': 'additive'}: Less data than horizon after initial window. Make horizon or initial shorter.
[2025-07-31T11:55:40.490+0000] {logging_mixin.py:188} INFO - Test 12/18: {'changepoint_prior_scale': 0.05, 'seasonality_prior_scale': 10.0, 'seasonality_mode': 'multiplicative'}
[2025-07-31T11:55:40.524+0000] {filesystem.py:118} DEBUG - input tempfile: /tmp/tmpnkpkcdo2/ozdy5tv9.json
[2025-07-31T11:55:40.590+0000] {filesystem.py:118} DEBUG - input tempfile: /tmp/tmpnkpkcdo2/n1pppoej.json
[2025-07-31T11:55:40.592+0000] {model.py:2042} DEBUG - idx 0
[2025-07-31T11:55:40.593+0000] {model.py:2043} DEBUG - running CmdStan, num_threads: None
[2025-07-31T11:55:40.593+0000] {model.py:2055} DEBUG - CmdStan args: ['/home/airflow/.local/lib/python3.11/site-packages/prophet/stan_model/prophet_model.bin', 'random', 'seed=59406', 'data', 'file=/tmp/tmpnkpkcdo2/ozdy5tv9.json', 'init=/tmp/tmpnkpkcdo2/n1pppoej.json', 'output', 'file=/tmp/tmpnkpkcdo2/prophet_modelqkmupjrp/prophet_model-20250731115540.csv', 'method=optimize', 'algorithm=lbfgs', 'iter=10000']
[2025-07-31T11:55:40.594+0000] {logging_mixin.py:188} WARNING - 11:55:40 - cmdstanpy - INFO - Chain [1] start processing
[2025-07-31T11:55:40.594+0000] {model.py:2058} INFO - Chain [1] start processing
[2025-07-31T11:55:40.657+0000] {logging_mixin.py:188} WARNING - 11:55:40 - cmdstanpy - INFO - Chain [1] done processing
[2025-07-31T11:55:40.657+0000] {model.py:2115} INFO - Chain [1] done processing
[2025-07-31T11:55:40.660+0000] {logging_mixin.py:188} INFO - Erreur pour {'changepoint_prior_scale': 0.05, 'seasonality_prior_scale': 10.0, 'seasonality_mode': 'multiplicative'}: Less data than horizon after initial window. Make horizon or initial shorter.
[2025-07-31T11:55:40.661+0000] {logging_mixin.py:188} INFO - Test 13/18: {'changepoint_prior_scale': 0.1, 'seasonality_prior_scale': 1.0, 'seasonality_mode': 'additive'}
[2025-07-31T11:55:40.679+0000] {filesystem.py:118} DEBUG - input tempfile: /tmp/tmpnkpkcdo2/oftem6qf.json
[2025-07-31T11:55:40.733+0000] {filesystem.py:118} DEBUG - input tempfile: /tmp/tmpnkpkcdo2/b06gvzdw.json
[2025-07-31T11:55:40.735+0000] {model.py:2042} DEBUG - idx 0
[2025-07-31T11:55:40.735+0000] {model.py:2043} DEBUG - running CmdStan, num_threads: None
[2025-07-31T11:55:40.736+0000] {model.py:2055} DEBUG - CmdStan args: ['/home/airflow/.local/lib/python3.11/site-packages/prophet/stan_model/prophet_model.bin', 'random', 'seed=36687', 'data', 'file=/tmp/tmpnkpkcdo2/oftem6qf.json', 'init=/tmp/tmpnkpkcdo2/b06gvzdw.json', 'output', 'file=/tmp/tmpnkpkcdo2/prophet_modelazv8uthy/prophet_model-20250731115540.csv', 'method=optimize', 'algorithm=lbfgs', 'iter=10000']
[2025-07-31T11:55:40.737+0000] {logging_mixin.py:188} WARNING - 11:55:40 - cmdstanpy - INFO - Chain [1] start processing
[2025-07-31T11:55:40.737+0000] {model.py:2058} INFO - Chain [1] start processing
[2025-07-31T11:55:40.779+0000] {logging_mixin.py:188} WARNING - 11:55:40 - cmdstanpy - INFO - Chain [1] done processing
[2025-07-31T11:55:40.779+0000] {model.py:2115} INFO - Chain [1] done processing
[2025-07-31T11:55:40.784+0000] {logging_mixin.py:188} INFO - Erreur pour {'changepoint_prior_scale': 0.1, 'seasonality_prior_scale': 1.0, 'seasonality_mode': 'additive'}: Less data than horizon after initial window. Make horizon or initial shorter.
[2025-07-31T11:55:40.784+0000] {logging_mixin.py:188} INFO - Test 14/18: {'changepoint_prior_scale': 0.1, 'seasonality_prior_scale': 1.0, 'seasonality_mode': 'multiplicative'}
[2025-07-31T11:55:40.802+0000] {filesystem.py:118} DEBUG - input tempfile: /tmp/tmpnkpkcdo2/k36krwod.json
[2025-07-31T11:55:40.847+0000] {filesystem.py:118} DEBUG - input tempfile: /tmp/tmpnkpkcdo2/zyb6nsca.json
[2025-07-31T11:55:40.849+0000] {model.py:2042} DEBUG - idx 0
[2025-07-31T11:55:40.849+0000] {model.py:2043} DEBUG - running CmdStan, num_threads: None
[2025-07-31T11:55:40.851+0000] {model.py:2055} DEBUG - CmdStan args: ['/home/airflow/.local/lib/python3.11/site-packages/prophet/stan_model/prophet_model.bin', 'random', 'seed=60128', 'data', 'file=/tmp/tmpnkpkcdo2/k36krwod.json', 'init=/tmp/tmpnkpkcdo2/zyb6nsca.json', 'output', 'file=/tmp/tmpnkpkcdo2/prophet_model43vruclf/prophet_model-20250731115540.csv', 'method=optimize', 'algorithm=lbfgs', 'iter=10000']
[2025-07-31T11:55:40.852+0000] {logging_mixin.py:188} WARNING - 11:55:40 - cmdstanpy - INFO - Chain [1] start processing
[2025-07-31T11:55:40.852+0000] {model.py:2058} INFO - Chain [1] start processing
[2025-07-31T11:55:40.918+0000] {logging_mixin.py:188} WARNING - 11:55:40 - cmdstanpy - INFO - Chain [1] done processing
[2025-07-31T11:55:40.917+0000] {model.py:2115} INFO - Chain [1] done processing
[2025-07-31T11:55:40.922+0000] {logging_mixin.py:188} INFO - Erreur pour {'changepoint_prior_scale': 0.1, 'seasonality_prior_scale': 1.0, 'seasonality_mode': 'multiplicative'}: Less data than horizon after initial window. Make horizon or initial shorter.
[2025-07-31T11:55:40.923+0000] {logging_mixin.py:188} INFO - Test 15/18: {'changepoint_prior_scale': 0.1, 'seasonality_prior_scale': 5.0, 'seasonality_mode': 'additive'}
[2025-07-31T11:55:40.942+0000] {filesystem.py:118} DEBUG - input tempfile: /tmp/tmpnkpkcdo2/xdo0wg7r.json
[2025-07-31T11:55:40.989+0000] {filesystem.py:118} DEBUG - input tempfile: /tmp/tmpnkpkcdo2/99176zc6.json
[2025-07-31T11:55:40.991+0000] {model.py:2042} DEBUG - idx 0
[2025-07-31T11:55:40.992+0000] {model.py:2043} DEBUG - running CmdStan, num_threads: None
[2025-07-31T11:55:40.993+0000] {model.py:2055} DEBUG - CmdStan args: ['/home/airflow/.local/lib/python3.11/site-packages/prophet/stan_model/prophet_model.bin', 'random', 'seed=85477', 'data', 'file=/tmp/tmpnkpkcdo2/xdo0wg7r.json', 'init=/tmp/tmpnkpkcdo2/99176zc6.json', 'output', 'file=/tmp/tmpnkpkcdo2/prophet_modeljufmm9n_/prophet_model-20250731115540.csv', 'method=optimize', 'algorithm=lbfgs', 'iter=10000']
[2025-07-31T11:55:40.993+0000] {logging_mixin.py:188} WARNING - 11:55:40 - cmdstanpy - INFO - Chain [1] start processing
[2025-07-31T11:55:40.993+0000] {model.py:2058} INFO - Chain [1] start processing
[2025-07-31T11:55:41.051+0000] {logging_mixin.py:188} WARNING - 11:55:41 - cmdstanpy - INFO - Chain [1] done processing
[2025-07-31T11:55:41.051+0000] {model.py:2115} INFO - Chain [1] done processing
[2025-07-31T11:55:41.057+0000] {logging_mixin.py:188} INFO - Erreur pour {'changepoint_prior_scale': 0.1, 'seasonality_prior_scale': 5.0, 'seasonality_mode': 'additive'}: Less data than horizon after initial window. Make horizon or initial shorter.
[2025-07-31T11:55:41.058+0000] {logging_mixin.py:188} INFO - Test 16/18: {'changepoint_prior_scale': 0.1, 'seasonality_prior_scale': 5.0, 'seasonality_mode': 'multiplicative'}
[2025-07-31T11:55:41.088+0000] {filesystem.py:118} DEBUG - input tempfile: /tmp/tmpnkpkcdo2/x89kca07.json
[2025-07-31T11:55:41.134+0000] {filesystem.py:118} DEBUG - input tempfile: /tmp/tmpnkpkcdo2/dyqp6r1j.json
[2025-07-31T11:55:41.136+0000] {model.py:2042} DEBUG - idx 0
[2025-07-31T11:55:41.137+0000] {model.py:2043} DEBUG - running CmdStan, num_threads: None
[2025-07-31T11:55:41.137+0000] {model.py:2055} DEBUG - CmdStan args: ['/home/airflow/.local/lib/python3.11/site-packages/prophet/stan_model/prophet_model.bin', 'random', 'seed=20510', 'data', 'file=/tmp/tmpnkpkcdo2/x89kca07.json', 'init=/tmp/tmpnkpkcdo2/dyqp6r1j.json', 'output', 'file=/tmp/tmpnkpkcdo2/prophet_modelnsjday2s/prophet_model-20250731115541.csv', 'method=optimize', 'algorithm=lbfgs', 'iter=10000']
[2025-07-31T11:55:41.138+0000] {logging_mixin.py:188} WARNING - 11:55:41 - cmdstanpy - INFO - Chain [1] start processing
[2025-07-31T11:55:41.138+0000] {model.py:2058} INFO - Chain [1] start processing
[2025-07-31T11:55:41.191+0000] {logging_mixin.py:188} WARNING - 11:55:41 - cmdstanpy - INFO - Chain [1] done processing
[2025-07-31T11:55:41.191+0000] {model.py:2115} INFO - Chain [1] done processing
[2025-07-31T11:55:41.195+0000] {logging_mixin.py:188} INFO - Erreur pour {'changepoint_prior_scale': 0.1, 'seasonality_prior_scale': 5.0, 'seasonality_mode': 'multiplicative'}: Less data than horizon after initial window. Make horizon or initial shorter.
[2025-07-31T11:55:41.197+0000] {logging_mixin.py:188} INFO - Test 17/18: {'changepoint_prior_scale': 0.1, 'seasonality_prior_scale': 10.0, 'seasonality_mode': 'additive'}
[2025-07-31T11:55:41.212+0000] {filesystem.py:118} DEBUG - input tempfile: /tmp/tmpnkpkcdo2/_ytb3d24.json
[2025-07-31T11:55:41.256+0000] {filesystem.py:118} DEBUG - input tempfile: /tmp/tmpnkpkcdo2/zhtpd3c8.json
[2025-07-31T11:55:41.258+0000] {model.py:2042} DEBUG - idx 0
[2025-07-31T11:55:41.259+0000] {model.py:2043} DEBUG - running CmdStan, num_threads: None
[2025-07-31T11:55:41.259+0000] {model.py:2055} DEBUG - CmdStan args: ['/home/airflow/.local/lib/python3.11/site-packages/prophet/stan_model/prophet_model.bin', 'random', 'seed=20418', 'data', 'file=/tmp/tmpnkpkcdo2/_ytb3d24.json', 'init=/tmp/tmpnkpkcdo2/zhtpd3c8.json', 'output', 'file=/tmp/tmpnkpkcdo2/prophet_modelhfnqv4pw/prophet_model-20250731115541.csv', 'method=optimize', 'algorithm=lbfgs', 'iter=10000']
[2025-07-31T11:55:41.260+0000] {logging_mixin.py:188} WARNING - 11:55:41 - cmdstanpy - INFO - Chain [1] start processing
[2025-07-31T11:55:41.260+0000] {model.py:2058} INFO - Chain [1] start processing
[2025-07-31T11:55:41.308+0000] {logging_mixin.py:188} WARNING - 11:55:41 - cmdstanpy - INFO - Chain [1] done processing
[2025-07-31T11:55:41.308+0000] {model.py:2115} INFO - Chain [1] done processing
[2025-07-31T11:55:41.314+0000] {logging_mixin.py:188} INFO - Erreur pour {'changepoint_prior_scale': 0.1, 'seasonality_prior_scale': 10.0, 'seasonality_mode': 'additive'}: Less data than horizon after initial window. Make horizon or initial shorter.
[2025-07-31T11:55:41.314+0000] {logging_mixin.py:188} INFO - Test 18/18: {'changepoint_prior_scale': 0.1, 'seasonality_prior_scale': 10.0, 'seasonality_mode': 'multiplicative'}
[2025-07-31T11:55:41.343+0000] {filesystem.py:118} DEBUG - input tempfile: /tmp/tmpnkpkcdo2/m8fwisop.json
[2025-07-31T11:55:41.424+0000] {filesystem.py:118} DEBUG - input tempfile: /tmp/tmpnkpkcdo2/zfqaa_0h.json
[2025-07-31T11:55:41.427+0000] {model.py:2042} DEBUG - idx 0
[2025-07-31T11:55:41.427+0000] {model.py:2043} DEBUG - running CmdStan, num_threads: None
[2025-07-31T11:55:41.428+0000] {model.py:2055} DEBUG - CmdStan args: ['/home/airflow/.local/lib/python3.11/site-packages/prophet/stan_model/prophet_model.bin', 'random', 'seed=783', 'data', 'file=/tmp/tmpnkpkcdo2/m8fwisop.json', 'init=/tmp/tmpnkpkcdo2/zfqaa_0h.json', 'output', 'file=/tmp/tmpnkpkcdo2/prophet_modelsu_avg6v/prophet_model-20250731115541.csv', 'method=optimize', 'algorithm=lbfgs', 'iter=10000']
[2025-07-31T11:55:41.429+0000] {logging_mixin.py:188} WARNING - 11:55:41 - cmdstanpy - INFO - Chain [1] start processing
[2025-07-31T11:55:41.429+0000] {model.py:2058} INFO - Chain [1] start processing
[2025-07-31T11:55:41.487+0000] {logging_mixin.py:188} WARNING - 11:55:41 - cmdstanpy - INFO - Chain [1] done processing
[2025-07-31T11:55:41.487+0000] {model.py:2115} INFO - Chain [1] done processing
[2025-07-31T11:55:41.491+0000] {logging_mixin.py:188} INFO - Erreur pour {'changepoint_prior_scale': 0.1, 'seasonality_prior_scale': 10.0, 'seasonality_mode': 'multiplicative'}: Less data than horizon after initial window. Make horizon or initial shorter.
[2025-07-31T11:55:41.492+0000] {taskinstance.py:441} INFO - ::group::Post task execution logs
[2025-07-31T11:55:41.493+0000] {taskinstance.py:2905} ERROR - Task failed with exception
Traceback (most recent call last):
  File "/home/airflow/.local/lib/python3.11/site-packages/airflow/models/taskinstance.py", line 465, in _execute_task
    result = _execute_callable(context=context, **execute_callable_kwargs)
             ^^^^^^^^^^^^^^^^^^^^^^^^^^^^^^^^^^^^^^^^^^^^^^^^^^^^^^^^^^^^^
  File "/home/airflow/.local/lib/python3.11/site-packages/airflow/models/taskinstance.py", line 432, in _execute_callable
    return execute_callable(context=context, **execute_callable_kwargs)
           ^^^^^^^^^^^^^^^^^^^^^^^^^^^^^^^^^^^^^^^^^^^^^^^^^^^^^^^^^^^^
  File "/home/airflow/.local/lib/python3.11/site-packages/airflow/models/baseoperator.py", line 401, in wrapper
    return func(self, *args, **kwargs)
           ^^^^^^^^^^^^^^^^^^^^^^^^^^^
  File "/home/airflow/.local/lib/python3.11/site-packages/airflow/operators/python.py", line 235, in execute
    return_value = self.execute_callable()
                   ^^^^^^^^^^^^^^^^^^^^^^^
  File "/home/airflow/.local/lib/python3.11/site-packages/airflow/operators/python.py", line 252, in execute_callable
    return self.python_callable(*self.op_args, **self.op_kwargs)
           ^^^^^^^^^^^^^^^^^^^^^^^^^^^^^^^^^^^^^^^^^^^^^^^^^^^^^
  File "/opt/airflow/dags/scripts/train_prophet.py", line 92, in train_prophet
    best_model_temp, scores_temp = optimize_prophet_model(temp_df)
                                   ^^^^^^^^^^^^^^^^^^^^^^^^^^^^^^^
  File "/opt/airflow/dags/scripts/train_prophet.py", line 44, in optimize_prophet_model
    best = min(results, key=lambda x: x[1])
           ^^^^^^^^^^^^^^^^^^^^^^^^^^^^^^^^
ValueError: min() arg is an empty sequence
[2025-07-31T11:55:41.544+0000] {taskinstance.py:1206} INFO - Marking task as UP_FOR_RETRY. dag_id=solar_ai_pipeline_2, task_id=train_prophet, run_id=scheduled__2023-07-17T00:00:00+00:00, execution_date=20230717T000000, start_date=20250731T115536, end_date=20250731T115541
[2025-07-31T11:55:41.671+0000] {standard_task_runner.py:110} ERROR - Failed to execute job 2914 for task train_prophet (min() arg is an empty sequence; 3865)
[2025-07-31T11:55:41.717+0000] {local_task_job_runner.py:240} INFO - Task exited with return code 1
[2025-07-31T11:55:41.794+0000] {taskinstance.py:3503} INFO - 0 downstream tasks scheduled from follow-on schedule check
[2025-07-31T11:55:41.797+0000] {local_task_job_runner.py:222} INFO - ::endgroup::
