[2025-07-29T15:27:52.062+0000] {local_task_job_runner.py:120} INFO - ::group::Pre task execution logs
[2025-07-29T15:27:52.111+0000] {taskinstance.py:2076} INFO - Dependencies all met for dep_context=non-requeueable deps ti=<TaskInstance: solar_ai_pipeline_2.fetch_data scheduled__2023-01-22T00:00:00+00:00 [queued]>
[2025-07-29T15:27:52.134+0000] {taskinstance.py:2076} INFO - Dependencies all met for dep_context=requeueable deps ti=<TaskInstance: solar_ai_pipeline_2.fetch_data scheduled__2023-01-22T00:00:00+00:00 [queued]>
[2025-07-29T15:27:52.135+0000] {taskinstance.py:2306} INFO - Starting attempt 1 of 2
[2025-07-29T15:27:52.199+0000] {taskinstance.py:2330} INFO - Executing <Task(PythonOperator): fetch_data> on 2023-01-22 00:00:00+00:00
[2025-07-29T15:27:52.206+0000] {standard_task_runner.py:63} INFO - Started process 1543 to run task
[2025-07-29T15:27:52.212+0000] {standard_task_runner.py:90} INFO - Running: ['airflow', 'tasks', 'run', 'solar_ai_pipeline_2', 'fetch_data', 'scheduled__2023-01-22T00:00:00+00:00', '--job-id', '1359', '--raw', '--subdir', 'DAGS_FOLDER/prophet_pipeline.py', '--cfg-path', '/tmp/tmph32o7yx3']
[2025-07-29T15:27:52.215+0000] {standard_task_runner.py:91} INFO - Job 1359: Subtask fetch_data
[2025-07-29T15:27:52.377+0000] {task_command.py:426} INFO - Running <TaskInstance: solar_ai_pipeline_2.fetch_data scheduled__2023-01-22T00:00:00+00:00 [running]> on host 4c586ddbbbe9
[2025-07-29T15:27:52.587+0000] {taskinstance.py:2648} INFO - Exporting env vars: AIRFLOW_CTX_DAG_OWNER='ensam' AIRFLOW_CTX_DAG_ID='solar_ai_pipeline_2' AIRFLOW_CTX_TASK_ID='fetch_data' AIRFLOW_CTX_EXECUTION_DATE='2023-01-22T00:00:00+00:00' AIRFLOW_CTX_TRY_NUMBER='1' AIRFLOW_CTX_DAG_RUN_ID='scheduled__2023-01-22T00:00:00+00:00'
[2025-07-29T15:27:52.589+0000] {taskinstance.py:430} INFO - ::endgroup::
[2025-07-29T15:28:03.328+0000] {logging_mixin.py:188} INFO - Données simulées pour 2023-01-22 sauvegardées dans dags/data/processed/simulated_solar_heating_2023-01-22.csv
[2025-07-29T15:28:03.334+0000] {logging_mixin.py:188} INFO - count     24.000000
mean      88.243363
std      133.605476
min        0.000000
25%        0.000000
50%        0.000000
75%      180.832125
max      385.029600
Name: solar_irradiance, dtype: float64
[2025-07-29T15:28:03.336+0000] {logging_mixin.py:188} INFO - 2023-01-22 00:00:00+01:00 → Altitude: -63.54
[2025-07-29T15:28:03.337+0000] {logging_mixin.py:188} INFO - NASA GHI response keys: ['2023012200', '2023012201', '2023012202', '2023012203', '2023012204', '2023012205', '2023012206', '2023012207', '2023012208', '2023012209', '2023012210', '2023012211', '2023012212', '2023012213', '2023012214', '2023012215', '2023012216', '2023012217', '2023012218', '2023012219', '2023012220', '2023012221', '2023012222', '2023012223']
[2025-07-29T15:28:03.338+0000] {logging_mixin.py:188} INFO - 2023-01-22 01:00:00+01:00 → Altitude: -73.38
[2025-07-29T15:28:03.340+0000] {logging_mixin.py:188} INFO - NASA GHI response keys: ['2023012200', '2023012201', '2023012202', '2023012203', '2023012204', '2023012205', '2023012206', '2023012207', '2023012208', '2023012209', '2023012210', '2023012211', '2023012212', '2023012213', '2023012214', '2023012215', '2023012216', '2023012217', '2023012218', '2023012219', '2023012220', '2023012221', '2023012222', '2023012223']
[2025-07-29T15:28:03.341+0000] {logging_mixin.py:188} INFO - 2023-01-22 02:00:00+01:00 → Altitude: -75.62
[2025-07-29T15:28:03.342+0000] {logging_mixin.py:188} INFO - NASA GHI response keys: ['2023012200', '2023012201', '2023012202', '2023012203', '2023012204', '2023012205', '2023012206', '2023012207', '2023012208', '2023012209', '2023012210', '2023012211', '2023012212', '2023012213', '2023012214', '2023012215', '2023012216', '2023012217', '2023012218', '2023012219', '2023012220', '2023012221', '2023012222', '2023012223']
[2025-07-29T15:28:03.343+0000] {logging_mixin.py:188} INFO - 2023-01-22 03:00:00+01:00 → Altitude: -67.80
[2025-07-29T15:28:03.344+0000] {logging_mixin.py:188} INFO - NASA GHI response keys: ['2023012200', '2023012201', '2023012202', '2023012203', '2023012204', '2023012205', '2023012206', '2023012207', '2023012208', '2023012209', '2023012210', '2023012211', '2023012212', '2023012213', '2023012214', '2023012215', '2023012216', '2023012217', '2023012218', '2023012219', '2023012220', '2023012221', '2023012222', '2023012223']
[2025-07-29T15:28:03.346+0000] {logging_mixin.py:188} INFO - 2023-01-22 04:00:00+01:00 → Altitude: -56.37
[2025-07-29T15:28:03.347+0000] {logging_mixin.py:188} INFO - NASA GHI response keys: ['2023012200', '2023012201', '2023012202', '2023012203', '2023012204', '2023012205', '2023012206', '2023012207', '2023012208', '2023012209', '2023012210', '2023012211', '2023012212', '2023012213', '2023012214', '2023012215', '2023012216', '2023012217', '2023012218', '2023012219', '2023012220', '2023012221', '2023012222', '2023012223']
[2025-07-29T15:28:03.348+0000] {logging_mixin.py:188} INFO - 2023-01-22 05:00:00+01:00 → Altitude: -44.07
[2025-07-29T15:28:03.349+0000] {logging_mixin.py:188} INFO - NASA GHI response keys: ['2023012200', '2023012201', '2023012202', '2023012203', '2023012204', '2023012205', '2023012206', '2023012207', '2023012208', '2023012209', '2023012210', '2023012211', '2023012212', '2023012213', '2023012214', '2023012215', '2023012216', '2023012217', '2023012218', '2023012219', '2023012220', '2023012221', '2023012222', '2023012223']
[2025-07-29T15:28:03.350+0000] {logging_mixin.py:188} INFO - 2023-01-22 06:00:00+01:00 → Altitude: -31.57
[2025-07-29T15:28:03.352+0000] {logging_mixin.py:188} INFO - NASA GHI response keys: ['2023012200', '2023012201', '2023012202', '2023012203', '2023012204', '2023012205', '2023012206', '2023012207', '2023012208', '2023012209', '2023012210', '2023012211', '2023012212', '2023012213', '2023012214', '2023012215', '2023012216', '2023012217', '2023012218', '2023012219', '2023012220', '2023012221', '2023012222', '2023012223']
[2025-07-29T15:28:03.353+0000] {logging_mixin.py:188} INFO - 2023-01-22 07:00:00+01:00 → Altitude: -19.19
[2025-07-29T15:28:03.354+0000] {logging_mixin.py:188} INFO - NASA GHI response keys: ['2023012200', '2023012201', '2023012202', '2023012203', '2023012204', '2023012205', '2023012206', '2023012207', '2023012208', '2023012209', '2023012210', '2023012211', '2023012212', '2023012213', '2023012214', '2023012215', '2023012216', '2023012217', '2023012218', '2023012219', '2023012220', '2023012221', '2023012222', '2023012223']
[2025-07-29T15:28:03.355+0000] {logging_mixin.py:188} INFO - 2023-01-22 08:00:00+01:00 → Altitude: -7.10
[2025-07-29T15:28:03.357+0000] {logging_mixin.py:188} INFO - NASA GHI response keys: ['2023012200', '2023012201', '2023012202', '2023012203', '2023012204', '2023012205', '2023012206', '2023012207', '2023012208', '2023012209', '2023012210', '2023012211', '2023012212', '2023012213', '2023012214', '2023012215', '2023012216', '2023012217', '2023012218', '2023012219', '2023012220', '2023012221', '2023012222', '2023012223']
[2025-07-29T15:28:03.358+0000] {logging_mixin.py:188} INFO - 2023-01-22 09:00:00+01:00 → Altitude: 4.53
[2025-07-29T15:28:03.359+0000] {logging_mixin.py:188} INFO - NASA GHI response keys: ['2023012200', '2023012201', '2023012202', '2023012203', '2023012204', '2023012205', '2023012206', '2023012207', '2023012208', '2023012209', '2023012210', '2023012211', '2023012212', '2023012213', '2023012214', '2023012215', '2023012216', '2023012217', '2023012218', '2023012219', '2023012220', '2023012221', '2023012222', '2023012223']
[2025-07-29T15:28:03.360+0000] {logging_mixin.py:188} INFO - 2023-01-22 10:00:00+01:00 → Altitude: 15.03
[2025-07-29T15:28:03.361+0000] {logging_mixin.py:188} INFO - NASA GHI response keys: ['2023012200', '2023012201', '2023012202', '2023012203', '2023012204', '2023012205', '2023012206', '2023012207', '2023012208', '2023012209', '2023012210', '2023012211', '2023012212', '2023012213', '2023012214', '2023012215', '2023012216', '2023012217', '2023012218', '2023012219', '2023012220', '2023012221', '2023012222', '2023012223']
[2025-07-29T15:28:03.363+0000] {logging_mixin.py:188} INFO - 2023-01-22 11:00:00+01:00 → Altitude: 24.28
[2025-07-29T15:28:03.364+0000] {logging_mixin.py:188} INFO - NASA GHI response keys: ['2023012200', '2023012201', '2023012202', '2023012203', '2023012204', '2023012205', '2023012206', '2023012207', '2023012208', '2023012209', '2023012210', '2023012211', '2023012212', '2023012213', '2023012214', '2023012215', '2023012216', '2023012217', '2023012218', '2023012219', '2023012220', '2023012221', '2023012222', '2023012223']
[2025-07-29T15:28:03.365+0000] {logging_mixin.py:188} INFO - 2023-01-22 12:00:00+01:00 → Altitude: 31.50
[2025-07-29T15:28:03.366+0000] {logging_mixin.py:188} INFO - NASA GHI response keys: ['2023012200', '2023012201', '2023012202', '2023012203', '2023012204', '2023012205', '2023012206', '2023012207', '2023012208', '2023012209', '2023012210', '2023012211', '2023012212', '2023012213', '2023012214', '2023012215', '2023012216', '2023012217', '2023012218', '2023012219', '2023012220', '2023012221', '2023012222', '2023012223']
[2025-07-29T15:28:03.367+0000] {logging_mixin.py:188} INFO - 2023-01-22 13:00:00+01:00 → Altitude: 35.85
[2025-07-29T15:28:03.368+0000] {logging_mixin.py:188} INFO - NASA GHI response keys: ['2023012200', '2023012201', '2023012202', '2023012203', '2023012204', '2023012205', '2023012206', '2023012207', '2023012208', '2023012209', '2023012210', '2023012211', '2023012212', '2023012213', '2023012214', '2023012215', '2023012216', '2023012217', '2023012218', '2023012219', '2023012220', '2023012221', '2023012222', '2023012223']
[2025-07-29T15:28:03.370+0000] {logging_mixin.py:188} INFO - 2023-01-22 14:00:00+01:00 → Altitude: 36.62
[2025-07-29T15:28:03.371+0000] {logging_mixin.py:188} INFO - NASA GHI response keys: ['2023012200', '2023012201', '2023012202', '2023012203', '2023012204', '2023012205', '2023012206', '2023012207', '2023012208', '2023012209', '2023012210', '2023012211', '2023012212', '2023012213', '2023012214', '2023012215', '2023012216', '2023012217', '2023012218', '2023012219', '2023012220', '2023012221', '2023012222', '2023012223']
[2025-07-29T15:28:03.372+0000] {logging_mixin.py:188} INFO - 2023-01-22 15:00:00+01:00 → Altitude: 33.64
[2025-07-29T15:28:03.373+0000] {logging_mixin.py:188} INFO - NASA GHI response keys: ['2023012200', '2023012201', '2023012202', '2023012203', '2023012204', '2023012205', '2023012206', '2023012207', '2023012208', '2023012209', '2023012210', '2023012211', '2023012212', '2023012213', '2023012214', '2023012215', '2023012216', '2023012217', '2023012218', '2023012219', '2023012220', '2023012221', '2023012222', '2023012223']
[2025-07-29T15:28:03.374+0000] {logging_mixin.py:188} INFO - 2023-01-22 16:00:00+01:00 → Altitude: 27.46
[2025-07-29T15:28:03.375+0000] {logging_mixin.py:188} INFO - NASA GHI response keys: ['2023012200', '2023012201', '2023012202', '2023012203', '2023012204', '2023012205', '2023012206', '2023012207', '2023012208', '2023012209', '2023012210', '2023012211', '2023012212', '2023012213', '2023012214', '2023012215', '2023012216', '2023012217', '2023012218', '2023012219', '2023012220', '2023012221', '2023012222', '2023012223']
[2025-07-29T15:28:03.376+0000] {logging_mixin.py:188} INFO - 2023-01-22 17:00:00+01:00 → Altitude: 18.93
[2025-07-29T15:28:03.377+0000] {logging_mixin.py:188} INFO - NASA GHI response keys: ['2023012200', '2023012201', '2023012202', '2023012203', '2023012204', '2023012205', '2023012206', '2023012207', '2023012208', '2023012209', '2023012210', '2023012211', '2023012212', '2023012213', '2023012214', '2023012215', '2023012216', '2023012217', '2023012218', '2023012219', '2023012220', '2023012221', '2023012222', '2023012223']
[2025-07-29T15:28:03.379+0000] {logging_mixin.py:188} INFO - 2023-01-22 18:00:00+01:00 → Altitude: 8.84
[2025-07-29T15:28:03.380+0000] {logging_mixin.py:188} INFO - NASA GHI response keys: ['2023012200', '2023012201', '2023012202', '2023012203', '2023012204', '2023012205', '2023012206', '2023012207', '2023012208', '2023012209', '2023012210', '2023012211', '2023012212', '2023012213', '2023012214', '2023012215', '2023012216', '2023012217', '2023012218', '2023012219', '2023012220', '2023012221', '2023012222', '2023012223']
[2025-07-29T15:28:03.381+0000] {logging_mixin.py:188} INFO - 2023-01-22 19:00:00+01:00 → Altitude: -2.32
[2025-07-29T15:28:03.383+0000] {logging_mixin.py:188} INFO - NASA GHI response keys: ['2023012200', '2023012201', '2023012202', '2023012203', '2023012204', '2023012205', '2023012206', '2023012207', '2023012208', '2023012209', '2023012210', '2023012211', '2023012212', '2023012213', '2023012214', '2023012215', '2023012216', '2023012217', '2023012218', '2023012219', '2023012220', '2023012221', '2023012222', '2023012223']
[2025-07-29T15:28:03.384+0000] {logging_mixin.py:188} INFO - 2023-01-22 20:00:00+01:00 → Altitude: -14.29
[2025-07-29T15:28:03.385+0000] {logging_mixin.py:188} INFO - NASA GHI response keys: ['2023012200', '2023012201', '2023012202', '2023012203', '2023012204', '2023012205', '2023012206', '2023012207', '2023012208', '2023012209', '2023012210', '2023012211', '2023012212', '2023012213', '2023012214', '2023012215', '2023012216', '2023012217', '2023012218', '2023012219', '2023012220', '2023012221', '2023012222', '2023012223']
[2025-07-29T15:28:03.386+0000] {logging_mixin.py:188} INFO - 2023-01-22 21:00:00+01:00 → Altitude: -26.58
[2025-07-29T15:28:03.387+0000] {logging_mixin.py:188} INFO - NASA GHI response keys: ['2023012200', '2023012201', '2023012202', '2023012203', '2023012204', '2023012205', '2023012206', '2023012207', '2023012208', '2023012209', '2023012210', '2023012211', '2023012212', '2023012213', '2023012214', '2023012215', '2023012216', '2023012217', '2023012218', '2023012219', '2023012220', '2023012221', '2023012222', '2023012223']
[2025-07-29T15:28:03.388+0000] {logging_mixin.py:188} INFO - 2023-01-22 22:00:00+01:00 → Altitude: -39.05
[2025-07-29T15:28:03.390+0000] {logging_mixin.py:188} INFO - NASA GHI response keys: ['2023012200', '2023012201', '2023012202', '2023012203', '2023012204', '2023012205', '2023012206', '2023012207', '2023012208', '2023012209', '2023012210', '2023012211', '2023012212', '2023012213', '2023012214', '2023012215', '2023012216', '2023012217', '2023012218', '2023012219', '2023012220', '2023012221', '2023012222', '2023012223']
[2025-07-29T15:28:03.391+0000] {logging_mixin.py:188} INFO - 2023-01-22 23:00:00+01:00 → Altitude: -51.46
[2025-07-29T15:28:03.392+0000] {logging_mixin.py:188} INFO - NASA GHI response keys: ['2023012200', '2023012201', '2023012202', '2023012203', '2023012204', '2023012205', '2023012206', '2023012207', '2023012208', '2023012209', '2023012210', '2023012211', '2023012212', '2023012213', '2023012214', '2023012215', '2023012216', '2023012217', '2023012218', '2023012219', '2023012220', '2023012221', '2023012222', '2023012223']
[2025-07-29T15:28:03.395+0000] {python.py:237} INFO - Done. Returned value was: None
[2025-07-29T15:28:03.397+0000] {taskinstance.py:441} INFO - ::group::Post task execution logs
[2025-07-29T15:28:03.435+0000] {taskinstance.py:1206} INFO - Marking task as SUCCESS. dag_id=solar_ai_pipeline_2, task_id=fetch_data, run_id=scheduled__2023-01-22T00:00:00+00:00, execution_date=20230122T000000, start_date=20250729T152752, end_date=20250729T152803
[2025-07-29T15:28:03.612+0000] {local_task_job_runner.py:240} INFO - Task exited with return code 0
[2025-07-29T15:28:03.720+0000] {taskinstance.py:3503} INFO - 1 downstream tasks scheduled from follow-on schedule check
[2025-07-29T15:28:03.759+0000] {local_task_job_runner.py:222} INFO - ::endgroup::
