[2025-07-29T15:26:48.824+0000] {local_task_job_runner.py:120} INFO - ::group::Pre task execution logs
[2025-07-29T15:26:48.884+0000] {taskinstance.py:2076} INFO - Dependencies all met for dep_context=non-requeueable deps ti=<TaskInstance: solar_ai_pipeline_2.fetch_data scheduled__2023-01-20T00:00:00+00:00 [queued]>
[2025-07-29T15:26:48.909+0000] {taskinstance.py:2076} INFO - Dependencies all met for dep_context=requeueable deps ti=<TaskInstance: solar_ai_pipeline_2.fetch_data scheduled__2023-01-20T00:00:00+00:00 [queued]>
[2025-07-29T15:26:48.910+0000] {taskinstance.py:2306} INFO - Starting attempt 1 of 2
[2025-07-29T15:26:48.996+0000] {taskinstance.py:2330} INFO - Executing <Task(PythonOperator): fetch_data> on 2023-01-20 00:00:00+00:00
[2025-07-29T15:26:49.007+0000] {standard_task_runner.py:63} INFO - Started process 1433 to run task
[2025-07-29T15:26:49.019+0000] {standard_task_runner.py:90} INFO - Running: ['airflow', 'tasks', 'run', 'solar_ai_pipeline_2', 'fetch_data', 'scheduled__2023-01-20T00:00:00+00:00', '--job-id', '1353', '--raw', '--subdir', 'DAGS_FOLDER/prophet_pipeline.py', '--cfg-path', '/tmp/tmpdil0u4vp']
[2025-07-29T15:26:49.025+0000] {standard_task_runner.py:91} INFO - Job 1353: Subtask fetch_data
[2025-07-29T15:26:49.300+0000] {task_command.py:426} INFO - Running <TaskInstance: solar_ai_pipeline_2.fetch_data scheduled__2023-01-20T00:00:00+00:00 [running]> on host 4c586ddbbbe9
[2025-07-29T15:26:49.691+0000] {taskinstance.py:2648} INFO - Exporting env vars: AIRFLOW_CTX_DAG_OWNER='ensam' AIRFLOW_CTX_DAG_ID='solar_ai_pipeline_2' AIRFLOW_CTX_TASK_ID='fetch_data' AIRFLOW_CTX_EXECUTION_DATE='2023-01-20T00:00:00+00:00' AIRFLOW_CTX_TRY_NUMBER='1' AIRFLOW_CTX_DAG_RUN_ID='scheduled__2023-01-20T00:00:00+00:00'
[2025-07-29T15:26:49.694+0000] {taskinstance.py:430} INFO - ::endgroup::
[2025-07-29T15:26:59.656+0000] {logging_mixin.py:188} INFO - Données simulées pour 2023-01-20 sauvegardées dans dags/data/processed/simulated_solar_heating_2023-01-20.csv
[2025-07-29T15:26:59.667+0000] {logging_mixin.py:188} INFO - count     24.000000
mean     106.137829
std      159.994834
min        0.000000
25%        0.000000
50%        0.000000
75%      202.576900
max      442.073400
Name: solar_irradiance, dtype: float64
[2025-07-29T15:26:59.670+0000] {logging_mixin.py:188} INFO - 2023-01-20 00:00:00+01:00 → Altitude: -63.91
[2025-07-29T15:26:59.671+0000] {logging_mixin.py:188} INFO - NASA GHI response keys: ['2023012000', '2023012001', '2023012002', '2023012003', '2023012004', '2023012005', '2023012006', '2023012007', '2023012008', '2023012009', '2023012010', '2023012011', '2023012012', '2023012013', '2023012014', '2023012015', '2023012016', '2023012017', '2023012018', '2023012019', '2023012020', '2023012021', '2023012022', '2023012023']
[2025-07-29T15:26:59.673+0000] {logging_mixin.py:188} INFO - 2023-01-20 01:00:00+01:00 → Altitude: -73.82
[2025-07-29T15:26:59.674+0000] {logging_mixin.py:188} INFO - NASA GHI response keys: ['2023012000', '2023012001', '2023012002', '2023012003', '2023012004', '2023012005', '2023012006', '2023012007', '2023012008', '2023012009', '2023012010', '2023012011', '2023012012', '2023012013', '2023012014', '2023012015', '2023012016', '2023012017', '2023012018', '2023012019', '2023012020', '2023012021', '2023012022', '2023012023']
[2025-07-29T15:26:59.675+0000] {logging_mixin.py:188} INFO - 2023-01-20 02:00:00+01:00 → Altitude: -76.00
[2025-07-29T15:26:59.679+0000] {logging_mixin.py:188} INFO - NASA GHI response keys: ['2023012000', '2023012001', '2023012002', '2023012003', '2023012004', '2023012005', '2023012006', '2023012007', '2023012008', '2023012009', '2023012010', '2023012011', '2023012012', '2023012013', '2023012014', '2023012015', '2023012016', '2023012017', '2023012018', '2023012019', '2023012020', '2023012021', '2023012022', '2023012023']
[2025-07-29T15:26:59.680+0000] {logging_mixin.py:188} INFO - 2023-01-20 03:00:00+01:00 → Altitude: -67.99
[2025-07-29T15:26:59.682+0000] {logging_mixin.py:188} INFO - NASA GHI response keys: ['2023012000', '2023012001', '2023012002', '2023012003', '2023012004', '2023012005', '2023012006', '2023012007', '2023012008', '2023012009', '2023012010', '2023012011', '2023012012', '2023012013', '2023012014', '2023012015', '2023012016', '2023012017', '2023012018', '2023012019', '2023012020', '2023012021', '2023012022', '2023012023']
[2025-07-29T15:26:59.683+0000] {logging_mixin.py:188} INFO - 2023-01-20 04:00:00+01:00 → Altitude: -56.49
[2025-07-29T15:26:59.684+0000] {logging_mixin.py:188} INFO - NASA GHI response keys: ['2023012000', '2023012001', '2023012002', '2023012003', '2023012004', '2023012005', '2023012006', '2023012007', '2023012008', '2023012009', '2023012010', '2023012011', '2023012012', '2023012013', '2023012014', '2023012015', '2023012016', '2023012017', '2023012018', '2023012019', '2023012020', '2023012021', '2023012022', '2023012023']
[2025-07-29T15:26:59.685+0000] {logging_mixin.py:188} INFO - 2023-01-20 05:00:00+01:00 → Altitude: -44.15
[2025-07-29T15:26:59.686+0000] {logging_mixin.py:188} INFO - NASA GHI response keys: ['2023012000', '2023012001', '2023012002', '2023012003', '2023012004', '2023012005', '2023012006', '2023012007', '2023012008', '2023012009', '2023012010', '2023012011', '2023012012', '2023012013', '2023012014', '2023012015', '2023012016', '2023012017', '2023012018', '2023012019', '2023012020', '2023012021', '2023012022', '2023012023']
[2025-07-29T15:26:59.687+0000] {logging_mixin.py:188} INFO - 2023-01-20 06:00:00+01:00 → Altitude: -31.66
[2025-07-29T15:26:59.688+0000] {logging_mixin.py:188} INFO - NASA GHI response keys: ['2023012000', '2023012001', '2023012002', '2023012003', '2023012004', '2023012005', '2023012006', '2023012007', '2023012008', '2023012009', '2023012010', '2023012011', '2023012012', '2023012013', '2023012014', '2023012015', '2023012016', '2023012017', '2023012018', '2023012019', '2023012020', '2023012021', '2023012022', '2023012023']
[2025-07-29T15:26:59.690+0000] {logging_mixin.py:188} INFO - 2023-01-20 07:00:00+01:00 → Altitude: -19.29
[2025-07-29T15:26:59.691+0000] {logging_mixin.py:188} INFO - NASA GHI response keys: ['2023012000', '2023012001', '2023012002', '2023012003', '2023012004', '2023012005', '2023012006', '2023012007', '2023012008', '2023012009', '2023012010', '2023012011', '2023012012', '2023012013', '2023012014', '2023012015', '2023012016', '2023012017', '2023012018', '2023012019', '2023012020', '2023012021', '2023012022', '2023012023']
[2025-07-29T15:26:59.692+0000] {logging_mixin.py:188} INFO - 2023-01-20 08:00:00+01:00 → Altitude: -7.23
[2025-07-29T15:26:59.693+0000] {logging_mixin.py:188} INFO - NASA GHI response keys: ['2023012000', '2023012001', '2023012002', '2023012003', '2023012004', '2023012005', '2023012006', '2023012007', '2023012008', '2023012009', '2023012010', '2023012011', '2023012012', '2023012013', '2023012014', '2023012015', '2023012016', '2023012017', '2023012018', '2023012019', '2023012020', '2023012021', '2023012022', '2023012023']
[2025-07-29T15:26:59.694+0000] {logging_mixin.py:188} INFO - 2023-01-20 09:00:00+01:00 → Altitude: 4.37
[2025-07-29T15:26:59.695+0000] {logging_mixin.py:188} INFO - NASA GHI response keys: ['2023012000', '2023012001', '2023012002', '2023012003', '2023012004', '2023012005', '2023012006', '2023012007', '2023012008', '2023012009', '2023012010', '2023012011', '2023012012', '2023012013', '2023012014', '2023012015', '2023012016', '2023012017', '2023012018', '2023012019', '2023012020', '2023012021', '2023012022', '2023012023']
[2025-07-29T15:26:59.696+0000] {logging_mixin.py:188} INFO - 2023-01-20 10:00:00+01:00 → Altitude: 14.82
[2025-07-29T15:26:59.698+0000] {logging_mixin.py:188} INFO - NASA GHI response keys: ['2023012000', '2023012001', '2023012002', '2023012003', '2023012004', '2023012005', '2023012006', '2023012007', '2023012008', '2023012009', '2023012010', '2023012011', '2023012012', '2023012013', '2023012014', '2023012015', '2023012016', '2023012017', '2023012018', '2023012019', '2023012020', '2023012021', '2023012022', '2023012023']
[2025-07-29T15:26:59.699+0000] {logging_mixin.py:188} INFO - 2023-01-20 11:00:00+01:00 → Altitude: 24.00
[2025-07-29T15:26:59.700+0000] {logging_mixin.py:188} INFO - NASA GHI response keys: ['2023012000', '2023012001', '2023012002', '2023012003', '2023012004', '2023012005', '2023012006', '2023012007', '2023012008', '2023012009', '2023012010', '2023012011', '2023012012', '2023012013', '2023012014', '2023012015', '2023012016', '2023012017', '2023012018', '2023012019', '2023012020', '2023012021', '2023012022', '2023012023']
[2025-07-29T15:26:59.701+0000] {logging_mixin.py:188} INFO - 2023-01-20 12:00:00+01:00 → Altitude: 31.15
[2025-07-29T15:26:59.703+0000] {logging_mixin.py:188} INFO - NASA GHI response keys: ['2023012000', '2023012001', '2023012002', '2023012003', '2023012004', '2023012005', '2023012006', '2023012007', '2023012008', '2023012009', '2023012010', '2023012011', '2023012012', '2023012013', '2023012014', '2023012015', '2023012016', '2023012017', '2023012018', '2023012019', '2023012020', '2023012021', '2023012022', '2023012023']
[2025-07-29T15:26:59.704+0000] {logging_mixin.py:188} INFO - 2023-01-20 13:00:00+01:00 → Altitude: 35.44
[2025-07-29T15:26:59.705+0000] {logging_mixin.py:188} INFO - NASA GHI response keys: ['2023012000', '2023012001', '2023012002', '2023012003', '2023012004', '2023012005', '2023012006', '2023012007', '2023012008', '2023012009', '2023012010', '2023012011', '2023012012', '2023012013', '2023012014', '2023012015', '2023012016', '2023012017', '2023012018', '2023012019', '2023012020', '2023012021', '2023012022', '2023012023']
[2025-07-29T15:26:59.706+0000] {logging_mixin.py:188} INFO - 2023-01-20 14:00:00+01:00 → Altitude: 36.16
[2025-07-29T15:26:59.707+0000] {logging_mixin.py:188} INFO - NASA GHI response keys: ['2023012000', '2023012001', '2023012002', '2023012003', '2023012004', '2023012005', '2023012006', '2023012007', '2023012008', '2023012009', '2023012010', '2023012011', '2023012012', '2023012013', '2023012014', '2023012015', '2023012016', '2023012017', '2023012018', '2023012019', '2023012020', '2023012021', '2023012022', '2023012023']
[2025-07-29T15:26:59.709+0000] {logging_mixin.py:188} INFO - 2023-01-20 15:00:00+01:00 → Altitude: 33.17
[2025-07-29T15:26:59.710+0000] {logging_mixin.py:188} INFO - NASA GHI response keys: ['2023012000', '2023012001', '2023012002', '2023012003', '2023012004', '2023012005', '2023012006', '2023012007', '2023012008', '2023012009', '2023012010', '2023012011', '2023012012', '2023012013', '2023012014', '2023012015', '2023012016', '2023012017', '2023012018', '2023012019', '2023012020', '2023012021', '2023012022', '2023012023']
[2025-07-29T15:26:59.711+0000] {logging_mixin.py:188} INFO - 2023-01-20 16:00:00+01:00 → Altitude: 27.01
[2025-07-29T15:26:59.712+0000] {logging_mixin.py:188} INFO - NASA GHI response keys: ['2023012000', '2023012001', '2023012002', '2023012003', '2023012004', '2023012005', '2023012006', '2023012007', '2023012008', '2023012009', '2023012010', '2023012011', '2023012012', '2023012013', '2023012014', '2023012015', '2023012016', '2023012017', '2023012018', '2023012019', '2023012020', '2023012021', '2023012022', '2023012023']
[2025-07-29T15:26:59.713+0000] {logging_mixin.py:188} INFO - 2023-01-20 17:00:00+01:00 → Altitude: 18.51
[2025-07-29T15:26:59.714+0000] {logging_mixin.py:188} INFO - NASA GHI response keys: ['2023012000', '2023012001', '2023012002', '2023012003', '2023012004', '2023012005', '2023012006', '2023012007', '2023012008', '2023012009', '2023012010', '2023012011', '2023012012', '2023012013', '2023012014', '2023012015', '2023012016', '2023012017', '2023012018', '2023012019', '2023012020', '2023012021', '2023012022', '2023012023']
[2025-07-29T15:26:59.716+0000] {logging_mixin.py:188} INFO - 2023-01-20 18:00:00+01:00 → Altitude: 8.45
[2025-07-29T15:26:59.717+0000] {logging_mixin.py:188} INFO - NASA GHI response keys: ['2023012000', '2023012001', '2023012002', '2023012003', '2023012004', '2023012005', '2023012006', '2023012007', '2023012008', '2023012009', '2023012010', '2023012011', '2023012012', '2023012013', '2023012014', '2023012015', '2023012016', '2023012017', '2023012018', '2023012019', '2023012020', '2023012021', '2023012022', '2023012023']
[2025-07-29T15:26:59.718+0000] {logging_mixin.py:188} INFO - 2023-01-20 19:00:00+01:00 → Altitude: -2.70
[2025-07-29T15:26:59.719+0000] {logging_mixin.py:188} INFO - NASA GHI response keys: ['2023012000', '2023012001', '2023012002', '2023012003', '2023012004', '2023012005', '2023012006', '2023012007', '2023012008', '2023012009', '2023012010', '2023012011', '2023012012', '2023012013', '2023012014', '2023012015', '2023012016', '2023012017', '2023012018', '2023012019', '2023012020', '2023012021', '2023012022', '2023012023']
[2025-07-29T15:26:59.720+0000] {logging_mixin.py:188} INFO - 2023-01-20 20:00:00+01:00 → Altitude: -14.64
[2025-07-29T15:26:59.721+0000] {logging_mixin.py:188} INFO - NASA GHI response keys: ['2023012000', '2023012001', '2023012002', '2023012003', '2023012004', '2023012005', '2023012006', '2023012007', '2023012008', '2023012009', '2023012010', '2023012011', '2023012012', '2023012013', '2023012014', '2023012015', '2023012016', '2023012017', '2023012018', '2023012019', '2023012020', '2023012021', '2023012022', '2023012023']
[2025-07-29T15:26:59.723+0000] {logging_mixin.py:188} INFO - 2023-01-20 21:00:00+01:00 → Altitude: -26.91
[2025-07-29T15:26:59.724+0000] {logging_mixin.py:188} INFO - NASA GHI response keys: ['2023012000', '2023012001', '2023012002', '2023012003', '2023012004', '2023012005', '2023012006', '2023012007', '2023012008', '2023012009', '2023012010', '2023012011', '2023012012', '2023012013', '2023012014', '2023012015', '2023012016', '2023012017', '2023012018', '2023012019', '2023012020', '2023012021', '2023012022', '2023012023']
[2025-07-29T15:26:59.725+0000] {logging_mixin.py:188} INFO - 2023-01-20 22:00:00+01:00 → Altitude: -39.37
[2025-07-29T15:26:59.726+0000] {logging_mixin.py:188} INFO - NASA GHI response keys: ['2023012000', '2023012001', '2023012002', '2023012003', '2023012004', '2023012005', '2023012006', '2023012007', '2023012008', '2023012009', '2023012010', '2023012011', '2023012012', '2023012013', '2023012014', '2023012015', '2023012016', '2023012017', '2023012018', '2023012019', '2023012020', '2023012021', '2023012022', '2023012023']
[2025-07-29T15:26:59.727+0000] {logging_mixin.py:188} INFO - 2023-01-20 23:00:00+01:00 → Altitude: -51.80
[2025-07-29T15:26:59.728+0000] {logging_mixin.py:188} INFO - NASA GHI response keys: ['2023012000', '2023012001', '2023012002', '2023012003', '2023012004', '2023012005', '2023012006', '2023012007', '2023012008', '2023012009', '2023012010', '2023012011', '2023012012', '2023012013', '2023012014', '2023012015', '2023012016', '2023012017', '2023012018', '2023012019', '2023012020', '2023012021', '2023012022', '2023012023']
[2025-07-29T15:26:59.731+0000] {python.py:237} INFO - Done. Returned value was: None
[2025-07-29T15:26:59.733+0000] {taskinstance.py:441} INFO - ::group::Post task execution logs
[2025-07-29T15:26:59.771+0000] {taskinstance.py:1206} INFO - Marking task as SUCCESS. dag_id=solar_ai_pipeline_2, task_id=fetch_data, run_id=scheduled__2023-01-20T00:00:00+00:00, execution_date=20230120T000000, start_date=20250729T152648, end_date=20250729T152659
[2025-07-29T15:26:59.948+0000] {local_task_job_runner.py:240} INFO - Task exited with return code 0
[2025-07-29T15:27:00.014+0000] {taskinstance.py:3503} INFO - 1 downstream tasks scheduled from follow-on schedule check
[2025-07-29T15:27:00.084+0000] {local_task_job_runner.py:222} INFO - ::endgroup::
