[2025-07-29T15:31:53.079+0000] {local_task_job_runner.py:120} INFO - ::group::Pre task execution logs
[2025-07-29T15:31:53.158+0000] {taskinstance.py:2076} INFO - Dependencies all met for dep_context=non-requeueable deps ti=<TaskInstance: solar_ai_pipeline_2.fetch_data scheduled__2023-01-29T00:00:00+00:00 [queued]>
[2025-07-29T15:31:53.202+0000] {taskinstance.py:2076} INFO - Dependencies all met for dep_context=requeueable deps ti=<TaskInstance: solar_ai_pipeline_2.fetch_data scheduled__2023-01-29T00:00:00+00:00 [queued]>
[2025-07-29T15:31:53.204+0000] {taskinstance.py:2306} INFO - Starting attempt 1 of 2
[2025-07-29T15:31:53.316+0000] {taskinstance.py:2330} INFO - Executing <Task(PythonOperator): fetch_data> on 2023-01-29 00:00:00+00:00
[2025-07-29T15:31:53.328+0000] {standard_task_runner.py:63} INFO - Started process 1942 to run task
[2025-07-29T15:31:53.338+0000] {standard_task_runner.py:90} INFO - Running: ['airflow', 'tasks', 'run', 'solar_ai_pipeline_2', 'fetch_data', 'scheduled__2023-01-29T00:00:00+00:00', '--job-id', '1381', '--raw', '--subdir', 'DAGS_FOLDER/prophet_pipeline.py', '--cfg-path', '/tmp/tmpr5gapfqc']
[2025-07-29T15:31:53.343+0000] {standard_task_runner.py:91} INFO - Job 1381: Subtask fetch_data
[2025-07-29T15:31:53.600+0000] {task_command.py:426} INFO - Running <TaskInstance: solar_ai_pipeline_2.fetch_data scheduled__2023-01-29T00:00:00+00:00 [running]> on host 4c586ddbbbe9
[2025-07-29T15:31:53.978+0000] {taskinstance.py:2648} INFO - Exporting env vars: AIRFLOW_CTX_DAG_OWNER='ensam' AIRFLOW_CTX_DAG_ID='solar_ai_pipeline_2' AIRFLOW_CTX_TASK_ID='fetch_data' AIRFLOW_CTX_EXECUTION_DATE='2023-01-29T00:00:00+00:00' AIRFLOW_CTX_TRY_NUMBER='1' AIRFLOW_CTX_DAG_RUN_ID='scheduled__2023-01-29T00:00:00+00:00'
[2025-07-29T15:31:53.981+0000] {taskinstance.py:430} INFO - ::endgroup::
[2025-07-29T15:32:03.284+0000] {logging_mixin.py:188} INFO - Données simulées pour 2023-01-29 sauvegardées dans dags/data/processed/simulated_solar_heating_2023-01-29.csv
[2025-07-29T15:32:03.290+0000] {logging_mixin.py:188} INFO - count     24.000000
mean     123.597683
std      184.251687
min        0.000000
25%        0.000000
50%        0.000000
75%      240.371925
max      505.460800
Name: solar_irradiance, dtype: float64
[2025-07-29T15:32:03.292+0000] {logging_mixin.py:188} INFO - 2023-01-29 00:00:00+01:00 → Altitude: -62.18
[2025-07-29T15:32:03.293+0000] {logging_mixin.py:188} INFO - NASA GHI response keys: ['2023012900', '2023012901', '2023012902', '2023012903', '2023012904', '2023012905', '2023012906', '2023012907', '2023012908', '2023012909', '2023012910', '2023012911', '2023012912', '2023012913', '2023012914', '2023012915', '2023012916', '2023012917', '2023012918', '2023012919', '2023012920', '2023012921', '2023012922', '2023012923']
[2025-07-29T15:32:03.294+0000] {logging_mixin.py:188} INFO - 2023-01-29 01:00:00+01:00 → Altitude: -71.70
[2025-07-29T15:32:03.295+0000] {logging_mixin.py:188} INFO - NASA GHI response keys: ['2023012900', '2023012901', '2023012902', '2023012903', '2023012904', '2023012905', '2023012906', '2023012907', '2023012908', '2023012909', '2023012910', '2023012911', '2023012912', '2023012913', '2023012914', '2023012915', '2023012916', '2023012917', '2023012918', '2023012919', '2023012920', '2023012921', '2023012922', '2023012923']
[2025-07-29T15:32:03.296+0000] {logging_mixin.py:188} INFO - 2023-01-29 02:00:00+01:00 → Altitude: -74.03
[2025-07-29T15:32:03.297+0000] {logging_mixin.py:188} INFO - NASA GHI response keys: ['2023012900', '2023012901', '2023012902', '2023012903', '2023012904', '2023012905', '2023012906', '2023012907', '2023012908', '2023012909', '2023012910', '2023012911', '2023012912', '2023012913', '2023012914', '2023012915', '2023012916', '2023012917', '2023012918', '2023012919', '2023012920', '2023012921', '2023012922', '2023012923']
[2025-07-29T15:32:03.298+0000] {logging_mixin.py:188} INFO - 2023-01-29 03:00:00+01:00 → Altitude: -66.86
[2025-07-29T15:32:03.299+0000] {logging_mixin.py:188} INFO - NASA GHI response keys: ['2023012900', '2023012901', '2023012902', '2023012903', '2023012904', '2023012905', '2023012906', '2023012907', '2023012908', '2023012909', '2023012910', '2023012911', '2023012912', '2023012913', '2023012914', '2023012915', '2023012916', '2023012917', '2023012918', '2023012919', '2023012920', '2023012921', '2023012922', '2023012923']
[2025-07-29T15:32:03.300+0000] {logging_mixin.py:188} INFO - 2023-01-29 04:00:00+01:00 → Altitude: -55.76
[2025-07-29T15:32:03.300+0000] {logging_mixin.py:188} INFO - NASA GHI response keys: ['2023012900', '2023012901', '2023012902', '2023012903', '2023012904', '2023012905', '2023012906', '2023012907', '2023012908', '2023012909', '2023012910', '2023012911', '2023012912', '2023012913', '2023012914', '2023012915', '2023012916', '2023012917', '2023012918', '2023012919', '2023012920', '2023012921', '2023012922', '2023012923']
[2025-07-29T15:32:03.301+0000] {logging_mixin.py:188} INFO - 2023-01-29 05:00:00+01:00 → Altitude: -43.56
[2025-07-29T15:32:03.302+0000] {logging_mixin.py:188} INFO - NASA GHI response keys: ['2023012900', '2023012901', '2023012902', '2023012903', '2023012904', '2023012905', '2023012906', '2023012907', '2023012908', '2023012909', '2023012910', '2023012911', '2023012912', '2023012913', '2023012914', '2023012915', '2023012916', '2023012917', '2023012918', '2023012919', '2023012920', '2023012921', '2023012922', '2023012923']
[2025-07-29T15:32:03.303+0000] {logging_mixin.py:188} INFO - 2023-01-29 06:00:00+01:00 → Altitude: -31.08
[2025-07-29T15:32:03.304+0000] {logging_mixin.py:188} INFO - NASA GHI response keys: ['2023012900', '2023012901', '2023012902', '2023012903', '2023012904', '2023012905', '2023012906', '2023012907', '2023012908', '2023012909', '2023012910', '2023012911', '2023012912', '2023012913', '2023012914', '2023012915', '2023012916', '2023012917', '2023012918', '2023012919', '2023012920', '2023012921', '2023012922', '2023012923']
[2025-07-29T15:32:03.305+0000] {logging_mixin.py:188} INFO - 2023-01-29 07:00:00+01:00 → Altitude: -18.64
[2025-07-29T15:32:03.305+0000] {logging_mixin.py:188} INFO - NASA GHI response keys: ['2023012900', '2023012901', '2023012902', '2023012903', '2023012904', '2023012905', '2023012906', '2023012907', '2023012908', '2023012909', '2023012910', '2023012911', '2023012912', '2023012913', '2023012914', '2023012915', '2023012916', '2023012917', '2023012918', '2023012919', '2023012920', '2023012921', '2023012922', '2023012923']
[2025-07-29T15:32:03.306+0000] {logging_mixin.py:188} INFO - 2023-01-29 08:00:00+01:00 → Altitude: -6.46
[2025-07-29T15:32:03.307+0000] {logging_mixin.py:188} INFO - NASA GHI response keys: ['2023012900', '2023012901', '2023012902', '2023012903', '2023012904', '2023012905', '2023012906', '2023012907', '2023012908', '2023012909', '2023012910', '2023012911', '2023012912', '2023012913', '2023012914', '2023012915', '2023012916', '2023012917', '2023012918', '2023012919', '2023012920', '2023012921', '2023012922', '2023012923']
[2025-07-29T15:32:03.308+0000] {logging_mixin.py:188} INFO - 2023-01-29 09:00:00+01:00 → Altitude: 5.28
[2025-07-29T15:32:03.309+0000] {logging_mixin.py:188} INFO - NASA GHI response keys: ['2023012900', '2023012901', '2023012902', '2023012903', '2023012904', '2023012905', '2023012906', '2023012907', '2023012908', '2023012909', '2023012910', '2023012911', '2023012912', '2023012913', '2023012914', '2023012915', '2023012916', '2023012917', '2023012918', '2023012919', '2023012920', '2023012921', '2023012922', '2023012923']
[2025-07-29T15:32:03.310+0000] {logging_mixin.py:188} INFO - 2023-01-29 10:00:00+01:00 → Altitude: 15.98
[2025-07-29T15:32:03.310+0000] {logging_mixin.py:188} INFO - NASA GHI response keys: ['2023012900', '2023012901', '2023012902', '2023012903', '2023012904', '2023012905', '2023012906', '2023012907', '2023012908', '2023012909', '2023012910', '2023012911', '2023012912', '2023012913', '2023012914', '2023012915', '2023012916', '2023012917', '2023012918', '2023012919', '2023012920', '2023012921', '2023012922', '2023012923']
[2025-07-29T15:32:03.311+0000] {logging_mixin.py:188} INFO - 2023-01-29 11:00:00+01:00 → Altitude: 25.45
[2025-07-29T15:32:03.312+0000] {logging_mixin.py:188} INFO - NASA GHI response keys: ['2023012900', '2023012901', '2023012902', '2023012903', '2023012904', '2023012905', '2023012906', '2023012907', '2023012908', '2023012909', '2023012910', '2023012911', '2023012912', '2023012913', '2023012914', '2023012915', '2023012916', '2023012917', '2023012918', '2023012919', '2023012920', '2023012921', '2023012922', '2023012923']
[2025-07-29T15:32:03.313+0000] {logging_mixin.py:188} INFO - 2023-01-29 12:00:00+01:00 → Altitude: 32.92
[2025-07-29T15:32:03.314+0000] {logging_mixin.py:188} INFO - NASA GHI response keys: ['2023012900', '2023012901', '2023012902', '2023012903', '2023012904', '2023012905', '2023012906', '2023012907', '2023012908', '2023012909', '2023012910', '2023012911', '2023012912', '2023012913', '2023012914', '2023012915', '2023012916', '2023012917', '2023012918', '2023012919', '2023012920', '2023012921', '2023012922', '2023012923']
[2025-07-29T15:32:03.314+0000] {logging_mixin.py:188} INFO - 2023-01-29 13:00:00+01:00 → Altitude: 37.49
[2025-07-29T15:32:03.315+0000] {logging_mixin.py:188} INFO - NASA GHI response keys: ['2023012900', '2023012901', '2023012902', '2023012903', '2023012904', '2023012905', '2023012906', '2023012907', '2023012908', '2023012909', '2023012910', '2023012911', '2023012912', '2023012913', '2023012914', '2023012915', '2023012916', '2023012917', '2023012918', '2023012919', '2023012920', '2023012921', '2023012922', '2023012923']
[2025-07-29T15:32:03.316+0000] {logging_mixin.py:188} INFO - 2023-01-29 14:00:00+01:00 → Altitude: 38.39
[2025-07-29T15:32:03.317+0000] {logging_mixin.py:188} INFO - NASA GHI response keys: ['2023012900', '2023012901', '2023012902', '2023012903', '2023012904', '2023012905', '2023012906', '2023012907', '2023012908', '2023012909', '2023012910', '2023012911', '2023012912', '2023012913', '2023012914', '2023012915', '2023012916', '2023012917', '2023012918', '2023012919', '2023012920', '2023012921', '2023012922', '2023012923']
[2025-07-29T15:32:03.318+0000] {logging_mixin.py:188} INFO - 2023-01-29 15:00:00+01:00 → Altitude: 35.41
[2025-07-29T15:32:03.318+0000] {logging_mixin.py:188} INFO - NASA GHI response keys: ['2023012900', '2023012901', '2023012902', '2023012903', '2023012904', '2023012905', '2023012906', '2023012907', '2023012908', '2023012909', '2023012910', '2023012911', '2023012912', '2023012913', '2023012914', '2023012915', '2023012916', '2023012917', '2023012918', '2023012919', '2023012920', '2023012921', '2023012922', '2023012923']
[2025-07-29T15:32:03.319+0000] {logging_mixin.py:188} INFO - 2023-01-29 16:00:00+01:00 → Altitude: 29.14
[2025-07-29T15:32:03.320+0000] {logging_mixin.py:188} INFO - NASA GHI response keys: ['2023012900', '2023012901', '2023012902', '2023012903', '2023012904', '2023012905', '2023012906', '2023012907', '2023012908', '2023012909', '2023012910', '2023012911', '2023012912', '2023012913', '2023012914', '2023012915', '2023012916', '2023012917', '2023012918', '2023012919', '2023012920', '2023012921', '2023012922', '2023012923']
[2025-07-29T15:32:03.321+0000] {logging_mixin.py:188} INFO - 2023-01-29 17:00:00+01:00 → Altitude: 20.47
[2025-07-29T15:32:03.322+0000] {logging_mixin.py:188} INFO - NASA GHI response keys: ['2023012900', '2023012901', '2023012902', '2023012903', '2023012904', '2023012905', '2023012906', '2023012907', '2023012908', '2023012909', '2023012910', '2023012911', '2023012912', '2023012913', '2023012914', '2023012915', '2023012916', '2023012917', '2023012918', '2023012919', '2023012920', '2023012921', '2023012922', '2023012923']
[2025-07-29T15:32:03.322+0000] {logging_mixin.py:188} INFO - 2023-01-29 18:00:00+01:00 → Altitude: 10.24
[2025-07-29T15:32:03.323+0000] {logging_mixin.py:188} INFO - NASA GHI response keys: ['2023012900', '2023012901', '2023012902', '2023012903', '2023012904', '2023012905', '2023012906', '2023012907', '2023012908', '2023012909', '2023012910', '2023012911', '2023012912', '2023012913', '2023012914', '2023012915', '2023012916', '2023012917', '2023012918', '2023012919', '2023012920', '2023012921', '2023012922', '2023012923']
[2025-07-29T15:32:03.324+0000] {logging_mixin.py:188} INFO - 2023-01-29 19:00:00+01:00 → Altitude: -0.86
[2025-07-29T15:32:03.325+0000] {logging_mixin.py:188} INFO - NASA GHI response keys: ['2023012900', '2023012901', '2023012902', '2023012903', '2023012904', '2023012905', '2023012906', '2023012907', '2023012908', '2023012909', '2023012910', '2023012911', '2023012912', '2023012913', '2023012914', '2023012915', '2023012916', '2023012917', '2023012918', '2023012919', '2023012920', '2023012921', '2023012922', '2023012923']
[2025-07-29T15:32:03.325+0000] {logging_mixin.py:188} INFO - 2023-01-29 20:00:00+01:00 → Altitude: -13.07
[2025-07-29T15:32:03.326+0000] {logging_mixin.py:188} INFO - NASA GHI response keys: ['2023012900', '2023012901', '2023012902', '2023012903', '2023012904', '2023012905', '2023012906', '2023012907', '2023012908', '2023012909', '2023012910', '2023012911', '2023012912', '2023012913', '2023012914', '2023012915', '2023012916', '2023012917', '2023012918', '2023012919', '2023012920', '2023012921', '2023012922', '2023012923']
[2025-07-29T15:32:03.327+0000] {logging_mixin.py:188} INFO - 2023-01-29 21:00:00+01:00 → Altitude: -25.41
[2025-07-29T15:32:03.328+0000] {logging_mixin.py:188} INFO - NASA GHI response keys: ['2023012900', '2023012901', '2023012902', '2023012903', '2023012904', '2023012905', '2023012906', '2023012907', '2023012908', '2023012909', '2023012910', '2023012911', '2023012912', '2023012913', '2023012914', '2023012915', '2023012916', '2023012917', '2023012918', '2023012919', '2023012920', '2023012921', '2023012922', '2023012923']
[2025-07-29T15:32:03.329+0000] {logging_mixin.py:188} INFO - 2023-01-29 22:00:00+01:00 → Altitude: -37.89
[2025-07-29T15:32:03.331+0000] {logging_mixin.py:188} INFO - NASA GHI response keys: ['2023012900', '2023012901', '2023012902', '2023012903', '2023012904', '2023012905', '2023012906', '2023012907', '2023012908', '2023012909', '2023012910', '2023012911', '2023012912', '2023012913', '2023012914', '2023012915', '2023012916', '2023012917', '2023012918', '2023012919', '2023012920', '2023012921', '2023012922', '2023012923']
[2025-07-29T15:32:03.332+0000] {logging_mixin.py:188} INFO - 2023-01-29 23:00:00+01:00 → Altitude: -50.25
[2025-07-29T15:32:03.333+0000] {logging_mixin.py:188} INFO - NASA GHI response keys: ['2023012900', '2023012901', '2023012902', '2023012903', '2023012904', '2023012905', '2023012906', '2023012907', '2023012908', '2023012909', '2023012910', '2023012911', '2023012912', '2023012913', '2023012914', '2023012915', '2023012916', '2023012917', '2023012918', '2023012919', '2023012920', '2023012921', '2023012922', '2023012923']
[2025-07-29T15:32:03.336+0000] {python.py:237} INFO - Done. Returned value was: None
[2025-07-29T15:32:03.338+0000] {taskinstance.py:441} INFO - ::group::Post task execution logs
[2025-07-29T15:32:03.375+0000] {taskinstance.py:1206} INFO - Marking task as SUCCESS. dag_id=solar_ai_pipeline_2, task_id=fetch_data, run_id=scheduled__2023-01-29T00:00:00+00:00, execution_date=20230129T000000, start_date=20250729T153153, end_date=20250729T153203
[2025-07-29T15:32:03.531+0000] {local_task_job_runner.py:240} INFO - Task exited with return code 0
[2025-07-29T15:32:03.645+0000] {taskinstance.py:3503} INFO - 1 downstream tasks scheduled from follow-on schedule check
[2025-07-29T15:32:03.684+0000] {local_task_job_runner.py:222} INFO - ::endgroup::
