[2025-07-31T15:37:08.553+0000] {local_task_job_runner.py:120} INFO - ::group::Pre task execution logs
[2025-07-31T15:37:08.694+0000] {taskinstance.py:2076} INFO - Dependencies all met for dep_context=non-requeueable deps ti=<TaskInstance: solar_ai_pipeline_2.predict_prophet backfill__2024-01-02T00:00:00+00:00 [queued]>
[2025-07-31T15:37:08.735+0000] {taskinstance.py:2076} INFO - Dependencies all met for dep_context=requeueable deps ti=<TaskInstance: solar_ai_pipeline_2.predict_prophet backfill__2024-01-02T00:00:00+00:00 [queued]>
[2025-07-31T15:37:08.736+0000] {taskinstance.py:2306} INFO - Starting attempt 1 of 2
[2025-07-31T15:37:08.802+0000] {taskinstance.py:2330} INFO - Executing <Task(PythonOperator): predict_prophet> on 2024-01-02 00:00:00+00:00
[2025-07-31T15:37:08.818+0000] {standard_task_runner.py:63} INFO - Started process 84931 to run task
[2025-07-31T15:37:08.825+0000] {standard_task_runner.py:90} INFO - Running: ['airflow', 'tasks', 'run', 'solar_ai_pipeline_2', 'predict_prophet', 'backfill__2024-01-02T00:00:00+00:00', '--job-id', '3374', '--pool', 'default_pool', '--raw', '--subdir', 'DAGS_FOLDER/prophet_pipeline.py', '--cfg-path', '/tmp/tmpc5t52ncf']
[2025-07-31T15:37:08.830+0000] {standard_task_runner.py:91} INFO - Job 3374: Subtask predict_prophet
[2025-07-31T15:37:09.027+0000] {task_command.py:426} INFO - Running <TaskInstance: solar_ai_pipeline_2.predict_prophet backfill__2024-01-02T00:00:00+00:00 [running]> on host a2a0dd314bdc
[2025-07-31T15:37:09.571+0000] {taskinstance.py:2648} INFO - Exporting env vars: AIRFLOW_CTX_DAG_OWNER='ensam' AIRFLOW_CTX_DAG_ID='solar_ai_pipeline_2' AIRFLOW_CTX_TASK_ID='predict_prophet' AIRFLOW_CTX_EXECUTION_DATE='2024-01-02T00:00:00+00:00' AIRFLOW_CTX_TRY_NUMBER='1' AIRFLOW_CTX_DAG_RUN_ID='backfill__2024-01-02T00:00:00+00:00'
[2025-07-31T15:37:09.573+0000] {taskinstance.py:430} INFO - ::endgroup::
[2025-07-31T15:37:12.438+0000] {plot.py:39} ERROR - Importing plotly failed. Interactive plots will not work.
[2025-07-31T15:37:12.661+0000] {logging_mixin.py:188} INFO - Prédictions temperature enregistrées (prophet_forecast_temperature_2024-01-02.csv) — MAE: 0.1744 | RMSE: 0.2652
[2025-07-31T15:37:12.870+0000] {logging_mixin.py:188} INFO - Prédictions flow enregistrées (prophet_forecast_flow_2024-01-02.csv) — MAE: 0.1310 | RMSE: 0.1857
[2025-07-31T15:37:12.871+0000] {python.py:237} INFO - Done. Returned value was: None
[2025-07-31T15:37:12.872+0000] {taskinstance.py:441} INFO - ::group::Post task execution logs
[2025-07-31T15:37:12.888+0000] {taskinstance.py:1206} INFO - Marking task as SUCCESS. dag_id=solar_ai_pipeline_2, task_id=predict_prophet, run_id=backfill__2024-01-02T00:00:00+00:00, execution_date=20240102T000000, start_date=20250731T153708, end_date=20250731T153712
[2025-07-31T15:37:12.998+0000] {local_task_job_runner.py:240} INFO - Task exited with return code 0
[2025-07-31T15:37:13.090+0000] {taskinstance.py:3503} INFO - 1 downstream tasks scheduled from follow-on schedule check
[2025-07-31T15:37:13.184+0000] {local_task_job_runner.py:222} INFO - ::endgroup::
