[2025-07-31T08:35:40.950+0000] {local_task_job_runner.py:120} INFO - ::group::Pre task execution logs
[2025-07-31T08:35:41.040+0000] {taskinstance.py:2076} INFO - Dependencies all met for dep_context=non-requeueable deps ti=<TaskInstance: solar_ai_pipeline_2.train_prophet scheduled__2023-07-30T00:00:00+00:00 [queued]>
[2025-07-31T08:35:41.075+0000] {taskinstance.py:2076} INFO - Dependencies all met for dep_context=requeueable deps ti=<TaskInstance: solar_ai_pipeline_2.train_prophet scheduled__2023-07-30T00:00:00+00:00 [queued]>
[2025-07-31T08:35:41.081+0000] {taskinstance.py:2306} INFO - Starting attempt 1 of 2
[2025-07-31T08:35:41.145+0000] {taskinstance.py:2330} INFO - Executing <Task(PythonOperator): train_prophet> on 2023-07-30 00:00:00+00:00
[2025-07-31T08:35:41.151+0000] {standard_task_runner.py:63} INFO - Started process 5498 to run task
[2025-07-31T08:35:41.156+0000] {standard_task_runner.py:90} INFO - Running: ['airflow', 'tasks', 'run', 'solar_ai_pipeline_2', 'train_prophet', 'scheduled__2023-07-30T00:00:00+00:00', '--job-id', '2175', '--raw', '--subdir', 'DAGS_FOLDER/prophet_pipeline.py', '--cfg-path', '/tmp/tmpnnjxqujv']
[2025-07-31T08:35:41.159+0000] {standard_task_runner.py:91} INFO - Job 2175: Subtask train_prophet
[2025-07-31T08:35:41.376+0000] {task_command.py:426} INFO - Running <TaskInstance: solar_ai_pipeline_2.train_prophet scheduled__2023-07-30T00:00:00+00:00 [running]> on host 4c586ddbbbe9
[2025-07-31T08:35:41.938+0000] {taskinstance.py:2648} INFO - Exporting env vars: AIRFLOW_CTX_DAG_OWNER='ensam' AIRFLOW_CTX_DAG_ID='solar_ai_pipeline_2' AIRFLOW_CTX_TASK_ID='train_prophet' AIRFLOW_CTX_EXECUTION_DATE='2023-07-30T00:00:00+00:00' AIRFLOW_CTX_TRY_NUMBER='1' AIRFLOW_CTX_DAG_RUN_ID='scheduled__2023-07-30T00:00:00+00:00'
[2025-07-31T08:35:41.941+0000] {taskinstance.py:430} INFO - ::endgroup::
[2025-07-31T08:35:42.924+0000] {plot.py:39} ERROR - Importing plotly failed. Interactive plots will not work.
[2025-07-31T08:35:42.934+0000] {logging_mixin.py:188} INFO - Training from 2023-01-01 to 2023-01-31
[2025-07-31T08:35:43.346+0000] {logging_mixin.py:188} INFO - Test 1/18: {'changepoint_prior_scale': 0.01, 'seasonality_prior_scale': 1.0, 'seasonality_mode': 'additive'}
[2025-07-31T08:35:43.383+0000] {logging_mixin.py:188} INFO - Erreur pour {'changepoint_prior_scale': 0.01, 'seasonality_prior_scale': 1.0, 'seasonality_mode': 'additive'}: Column ds has timezone specified, which is not supported. Remove timezone.
[2025-07-31T08:35:43.384+0000] {logging_mixin.py:188} INFO - Test 2/18: {'changepoint_prior_scale': 0.01, 'seasonality_prior_scale': 1.0, 'seasonality_mode': 'multiplicative'}
[2025-07-31T08:35:43.388+0000] {logging_mixin.py:188} INFO - Erreur pour {'changepoint_prior_scale': 0.01, 'seasonality_prior_scale': 1.0, 'seasonality_mode': 'multiplicative'}: Column ds has timezone specified, which is not supported. Remove timezone.
[2025-07-31T08:35:43.388+0000] {logging_mixin.py:188} INFO - Test 3/18: {'changepoint_prior_scale': 0.01, 'seasonality_prior_scale': 5.0, 'seasonality_mode': 'additive'}
[2025-07-31T08:35:43.393+0000] {logging_mixin.py:188} INFO - Erreur pour {'changepoint_prior_scale': 0.01, 'seasonality_prior_scale': 5.0, 'seasonality_mode': 'additive'}: Column ds has timezone specified, which is not supported. Remove timezone.
[2025-07-31T08:35:43.394+0000] {logging_mixin.py:188} INFO - Test 4/18: {'changepoint_prior_scale': 0.01, 'seasonality_prior_scale': 5.0, 'seasonality_mode': 'multiplicative'}
[2025-07-31T08:35:43.398+0000] {logging_mixin.py:188} INFO - Erreur pour {'changepoint_prior_scale': 0.01, 'seasonality_prior_scale': 5.0, 'seasonality_mode': 'multiplicative'}: Column ds has timezone specified, which is not supported. Remove timezone.
[2025-07-31T08:35:43.398+0000] {logging_mixin.py:188} INFO - Test 5/18: {'changepoint_prior_scale': 0.01, 'seasonality_prior_scale': 10.0, 'seasonality_mode': 'additive'}
[2025-07-31T08:35:43.402+0000] {logging_mixin.py:188} INFO - Erreur pour {'changepoint_prior_scale': 0.01, 'seasonality_prior_scale': 10.0, 'seasonality_mode': 'additive'}: Column ds has timezone specified, which is not supported. Remove timezone.
[2025-07-31T08:35:43.402+0000] {logging_mixin.py:188} INFO - Test 6/18: {'changepoint_prior_scale': 0.01, 'seasonality_prior_scale': 10.0, 'seasonality_mode': 'multiplicative'}
[2025-07-31T08:35:43.406+0000] {logging_mixin.py:188} INFO - Erreur pour {'changepoint_prior_scale': 0.01, 'seasonality_prior_scale': 10.0, 'seasonality_mode': 'multiplicative'}: Column ds has timezone specified, which is not supported. Remove timezone.
[2025-07-31T08:35:43.407+0000] {logging_mixin.py:188} INFO - Test 7/18: {'changepoint_prior_scale': 0.05, 'seasonality_prior_scale': 1.0, 'seasonality_mode': 'additive'}
[2025-07-31T08:35:43.410+0000] {logging_mixin.py:188} INFO - Erreur pour {'changepoint_prior_scale': 0.05, 'seasonality_prior_scale': 1.0, 'seasonality_mode': 'additive'}: Column ds has timezone specified, which is not supported. Remove timezone.
[2025-07-31T08:35:43.411+0000] {logging_mixin.py:188} INFO - Test 8/18: {'changepoint_prior_scale': 0.05, 'seasonality_prior_scale': 1.0, 'seasonality_mode': 'multiplicative'}
[2025-07-31T08:35:43.415+0000] {logging_mixin.py:188} INFO - Erreur pour {'changepoint_prior_scale': 0.05, 'seasonality_prior_scale': 1.0, 'seasonality_mode': 'multiplicative'}: Column ds has timezone specified, which is not supported. Remove timezone.
[2025-07-31T08:35:43.416+0000] {logging_mixin.py:188} INFO - Test 9/18: {'changepoint_prior_scale': 0.05, 'seasonality_prior_scale': 5.0, 'seasonality_mode': 'additive'}
[2025-07-31T08:35:43.419+0000] {logging_mixin.py:188} INFO - Erreur pour {'changepoint_prior_scale': 0.05, 'seasonality_prior_scale': 5.0, 'seasonality_mode': 'additive'}: Column ds has timezone specified, which is not supported. Remove timezone.
[2025-07-31T08:35:43.420+0000] {logging_mixin.py:188} INFO - Test 10/18: {'changepoint_prior_scale': 0.05, 'seasonality_prior_scale': 5.0, 'seasonality_mode': 'multiplicative'}
[2025-07-31T08:35:43.424+0000] {logging_mixin.py:188} INFO - Erreur pour {'changepoint_prior_scale': 0.05, 'seasonality_prior_scale': 5.0, 'seasonality_mode': 'multiplicative'}: Column ds has timezone specified, which is not supported. Remove timezone.
[2025-07-31T08:35:43.425+0000] {logging_mixin.py:188} INFO - Test 11/18: {'changepoint_prior_scale': 0.05, 'seasonality_prior_scale': 10.0, 'seasonality_mode': 'additive'}
[2025-07-31T08:35:43.428+0000] {logging_mixin.py:188} INFO - Erreur pour {'changepoint_prior_scale': 0.05, 'seasonality_prior_scale': 10.0, 'seasonality_mode': 'additive'}: Column ds has timezone specified, which is not supported. Remove timezone.
[2025-07-31T08:35:43.429+0000] {logging_mixin.py:188} INFO - Test 12/18: {'changepoint_prior_scale': 0.05, 'seasonality_prior_scale': 10.0, 'seasonality_mode': 'multiplicative'}
[2025-07-31T08:35:43.433+0000] {logging_mixin.py:188} INFO - Erreur pour {'changepoint_prior_scale': 0.05, 'seasonality_prior_scale': 10.0, 'seasonality_mode': 'multiplicative'}: Column ds has timezone specified, which is not supported. Remove timezone.
[2025-07-31T08:35:43.434+0000] {logging_mixin.py:188} INFO - Test 13/18: {'changepoint_prior_scale': 0.1, 'seasonality_prior_scale': 1.0, 'seasonality_mode': 'additive'}
[2025-07-31T08:35:43.437+0000] {logging_mixin.py:188} INFO - Erreur pour {'changepoint_prior_scale': 0.1, 'seasonality_prior_scale': 1.0, 'seasonality_mode': 'additive'}: Column ds has timezone specified, which is not supported. Remove timezone.
[2025-07-31T08:35:43.438+0000] {logging_mixin.py:188} INFO - Test 14/18: {'changepoint_prior_scale': 0.1, 'seasonality_prior_scale': 1.0, 'seasonality_mode': 'multiplicative'}
[2025-07-31T08:35:43.442+0000] {logging_mixin.py:188} INFO - Erreur pour {'changepoint_prior_scale': 0.1, 'seasonality_prior_scale': 1.0, 'seasonality_mode': 'multiplicative'}: Column ds has timezone specified, which is not supported. Remove timezone.
[2025-07-31T08:35:43.442+0000] {logging_mixin.py:188} INFO - Test 15/18: {'changepoint_prior_scale': 0.1, 'seasonality_prior_scale': 5.0, 'seasonality_mode': 'additive'}
[2025-07-31T08:35:43.446+0000] {logging_mixin.py:188} INFO - Erreur pour {'changepoint_prior_scale': 0.1, 'seasonality_prior_scale': 5.0, 'seasonality_mode': 'additive'}: Column ds has timezone specified, which is not supported. Remove timezone.
[2025-07-31T08:35:43.446+0000] {logging_mixin.py:188} INFO - Test 16/18: {'changepoint_prior_scale': 0.1, 'seasonality_prior_scale': 5.0, 'seasonality_mode': 'multiplicative'}
[2025-07-31T08:35:43.450+0000] {logging_mixin.py:188} INFO - Erreur pour {'changepoint_prior_scale': 0.1, 'seasonality_prior_scale': 5.0, 'seasonality_mode': 'multiplicative'}: Column ds has timezone specified, which is not supported. Remove timezone.
[2025-07-31T08:35:43.451+0000] {logging_mixin.py:188} INFO - Test 17/18: {'changepoint_prior_scale': 0.1, 'seasonality_prior_scale': 10.0, 'seasonality_mode': 'additive'}
[2025-07-31T08:35:43.454+0000] {logging_mixin.py:188} INFO - Erreur pour {'changepoint_prior_scale': 0.1, 'seasonality_prior_scale': 10.0, 'seasonality_mode': 'additive'}: Column ds has timezone specified, which is not supported. Remove timezone.
[2025-07-31T08:35:43.455+0000] {logging_mixin.py:188} INFO - Test 18/18: {'changepoint_prior_scale': 0.1, 'seasonality_prior_scale': 10.0, 'seasonality_mode': 'multiplicative'}
[2025-07-31T08:35:43.459+0000] {logging_mixin.py:188} INFO - Erreur pour {'changepoint_prior_scale': 0.1, 'seasonality_prior_scale': 10.0, 'seasonality_mode': 'multiplicative'}: Column ds has timezone specified, which is not supported. Remove timezone.
[2025-07-31T08:35:43.459+0000] {taskinstance.py:441} INFO - ::group::Post task execution logs
[2025-07-31T08:35:43.460+0000] {taskinstance.py:2905} ERROR - Task failed with exception
Traceback (most recent call last):
  File "/home/airflow/.local/lib/python3.11/site-packages/airflow/models/taskinstance.py", line 465, in _execute_task
    result = _execute_callable(context=context, **execute_callable_kwargs)
             ^^^^^^^^^^^^^^^^^^^^^^^^^^^^^^^^^^^^^^^^^^^^^^^^^^^^^^^^^^^^^
  File "/home/airflow/.local/lib/python3.11/site-packages/airflow/models/taskinstance.py", line 432, in _execute_callable
    return execute_callable(context=context, **execute_callable_kwargs)
           ^^^^^^^^^^^^^^^^^^^^^^^^^^^^^^^^^^^^^^^^^^^^^^^^^^^^^^^^^^^^
  File "/home/airflow/.local/lib/python3.11/site-packages/airflow/models/baseoperator.py", line 401, in wrapper
    return func(self, *args, **kwargs)
           ^^^^^^^^^^^^^^^^^^^^^^^^^^^
  File "/home/airflow/.local/lib/python3.11/site-packages/airflow/operators/python.py", line 235, in execute
    return_value = self.execute_callable()
                   ^^^^^^^^^^^^^^^^^^^^^^^
  File "/home/airflow/.local/lib/python3.11/site-packages/airflow/operators/python.py", line 252, in execute_callable
    return self.python_callable(*self.op_args, **self.op_kwargs)
           ^^^^^^^^^^^^^^^^^^^^^^^^^^^^^^^^^^^^^^^^^^^^^^^^^^^^^
  File "/opt/airflow/dags/scripts/train_prophet.py", line 88, in train_prophet
    best_model_temp, scores_temp = optimize_prophet_model(temp_df)
                                   ^^^^^^^^^^^^^^^^^^^^^^^^^^^^^^^
  File "/opt/airflow/dags/scripts/train_prophet.py", line 44, in optimize_prophet_model
    best = min(results, key=lambda x: x[1])
           ^^^^^^^^^^^^^^^^^^^^^^^^^^^^^^^^
ValueError: min() arg is an empty sequence
[2025-07-31T08:35:43.496+0000] {taskinstance.py:1206} INFO - Marking task as UP_FOR_RETRY. dag_id=solar_ai_pipeline_2, task_id=train_prophet, run_id=scheduled__2023-07-30T00:00:00+00:00, execution_date=20230730T000000, start_date=20250731T083541, end_date=20250731T083543
[2025-07-31T08:35:43.592+0000] {standard_task_runner.py:110} ERROR - Failed to execute job 2175 for task train_prophet (min() arg is an empty sequence; 5498)
[2025-07-31T08:35:43.623+0000] {local_task_job_runner.py:240} INFO - Task exited with return code 1
[2025-07-31T08:35:43.675+0000] {taskinstance.py:3503} INFO - 0 downstream tasks scheduled from follow-on schedule check
[2025-07-31T08:35:43.680+0000] {local_task_job_runner.py:222} INFO - ::endgroup::
