[2025-07-31T15:52:16.251+0000] {local_task_job_runner.py:120} INFO - ::group::Pre task execution logs
[2025-07-31T15:52:16.419+0000] {taskinstance.py:2076} INFO - Dependencies all met for dep_context=non-requeueable deps ti=<TaskInstance: solar_ai_pipeline_2.decide backfill__2024-01-02T00:00:00+00:00 [queued]>
[2025-07-31T15:52:16.484+0000] {taskinstance.py:2076} INFO - Dependencies all met for dep_context=requeueable deps ti=<TaskInstance: solar_ai_pipeline_2.decide backfill__2024-01-02T00:00:00+00:00 [queued]>
[2025-07-31T15:52:16.486+0000] {taskinstance.py:2306} INFO - Starting attempt 1 of 2
[2025-07-31T15:52:16.585+0000] {taskinstance.py:2330} INFO - Executing <Task(PythonOperator): decide> on 2024-01-02 00:00:00+00:00
[2025-07-31T15:52:16.601+0000] {standard_task_runner.py:63} INFO - Started process 88654 to run task
[2025-07-31T15:52:16.610+0000] {standard_task_runner.py:90} INFO - Running: ['airflow', 'tasks', 'run', 'solar_ai_pipeline_2', 'decide', 'backfill__2024-01-02T00:00:00+00:00', '--job-id', '3401', '--pool', 'default_pool', '--raw', '--subdir', 'DAGS_FOLDER/prophet_pipeline.py', '--cfg-path', '/tmp/tmpukln94y8']
[2025-07-31T15:52:16.616+0000] {standard_task_runner.py:91} INFO - Job 3401: Subtask decide
[2025-07-31T15:52:16.914+0000] {task_command.py:426} INFO - Running <TaskInstance: solar_ai_pipeline_2.decide backfill__2024-01-02T00:00:00+00:00 [running]> on host a2a0dd314bdc
[2025-07-31T15:52:17.595+0000] {taskinstance.py:2648} INFO - Exporting env vars: AIRFLOW_CTX_DAG_OWNER='ensam' AIRFLOW_CTX_DAG_ID='solar_ai_pipeline_2' AIRFLOW_CTX_TASK_ID='decide' AIRFLOW_CTX_EXECUTION_DATE='2024-01-02T00:00:00+00:00' AIRFLOW_CTX_TRY_NUMBER='1' AIRFLOW_CTX_DAG_RUN_ID='backfill__2024-01-02T00:00:00+00:00'
[2025-07-31T15:52:17.597+0000] {taskinstance.py:430} INFO - ::endgroup::
[2025-07-31T15:52:18.307+0000] {logging_mixin.py:188} INFO - [INFO] Starting decision-making process...
[2025-07-31T15:52:18.337+0000] {logging_mixin.py:188} INFO - 📥 [INFO] Loading data...
[2025-07-31T15:52:18.386+0000] {logging_mixin.py:188} INFO - [WARN] No merged data available for 2024-01-02.
[2025-07-31T15:52:18.387+0000] {python.py:237} INFO - Done. Returned value was: None
[2025-07-31T15:52:18.388+0000] {taskinstance.py:441} INFO - ::group::Post task execution logs
[2025-07-31T15:52:18.416+0000] {taskinstance.py:1206} INFO - Marking task as SUCCESS. dag_id=solar_ai_pipeline_2, task_id=decide, run_id=backfill__2024-01-02T00:00:00+00:00, execution_date=20240102T000000, start_date=20250731T155216, end_date=20250731T155218
[2025-07-31T15:52:18.555+0000] {local_task_job_runner.py:240} INFO - Task exited with return code 0
[2025-07-31T15:52:18.595+0000] {taskinstance.py:3503} INFO - 0 downstream tasks scheduled from follow-on schedule check
[2025-07-31T15:52:18.599+0000] {local_task_job_runner.py:222} INFO - ::endgroup::
