[2025-07-31T16:20:36.559+0000] {local_task_job_runner.py:120} INFO - ::group::Pre task execution logs
[2025-07-31T16:20:36.627+0000] {taskinstance.py:2076} INFO - Dependencies all met for dep_context=non-requeueable deps ti=<TaskInstance: solar_ai_pipeline_2.decide scheduled__2024-01-16T00:00:00+00:00 [queued]>
[2025-07-31T16:20:36.652+0000] {taskinstance.py:2076} INFO - Dependencies all met for dep_context=requeueable deps ti=<TaskInstance: solar_ai_pipeline_2.decide scheduled__2024-01-16T00:00:00+00:00 [queued]>
[2025-07-31T16:20:36.652+0000] {taskinstance.py:2306} INFO - Starting attempt 1 of 2
[2025-07-31T16:20:36.692+0000] {taskinstance.py:2330} INFO - Executing <Task(PythonOperator): decide> on 2024-01-16 00:00:00+00:00
[2025-07-31T16:20:36.698+0000] {standard_task_runner.py:63} INFO - Started process 91031 to run task
[2025-07-31T16:20:36.701+0000] {standard_task_runner.py:90} INFO - Running: ['airflow', 'tasks', 'run', 'solar_ai_pipeline_2', 'decide', 'scheduled__2024-01-16T00:00:00+00:00', '--job-id', '3424', '--raw', '--subdir', 'DAGS_FOLDER/prophet_pipeline.py', '--cfg-path', '/tmp/tmplbzmj12b']
[2025-07-31T16:20:36.703+0000] {standard_task_runner.py:91} INFO - Job 3424: Subtask decide
[2025-07-31T16:20:36.817+0000] {task_command.py:426} INFO - Running <TaskInstance: solar_ai_pipeline_2.decide scheduled__2024-01-16T00:00:00+00:00 [running]> on host a2a0dd314bdc
[2025-07-31T16:20:36.990+0000] {taskinstance.py:2648} INFO - Exporting env vars: AIRFLOW_CTX_DAG_OWNER='ensam' AIRFLOW_CTX_DAG_ID='solar_ai_pipeline_2' AIRFLOW_CTX_TASK_ID='decide' AIRFLOW_CTX_EXECUTION_DATE='2024-01-16T00:00:00+00:00' AIRFLOW_CTX_TRY_NUMBER='1' AIRFLOW_CTX_DAG_RUN_ID='scheduled__2024-01-16T00:00:00+00:00'
[2025-07-31T16:20:36.991+0000] {taskinstance.py:430} INFO - ::endgroup::
[2025-07-31T16:20:37.395+0000] {logging_mixin.py:188} INFO - [INFO] Starting decision-making process...
[2025-07-31T16:20:37.408+0000] {logging_mixin.py:188} INFO - 📥 [INFO] Loading data...
[2025-07-31T16:20:37.447+0000] {logging_mixin.py:188} INFO - [INFO] 2024-01-15 23:00:00 → Ne pas chauffer (solaire ou inutilisé) | Temp: 0.07°C, Débit: 0.4485 m³/s, Irrad: 0.00 W/m²
[2025-07-31T16:20:37.448+0000] {logging_mixin.py:188} INFO - [INFO] 2024-01-16 00:00:00 → Ne pas chauffer (solaire ou inutilisé) | Temp: 0.07°C, Débit: 0.3616 m³/s, Irrad: 0.00 W/m²
[2025-07-31T16:20:37.448+0000] {logging_mixin.py:188} INFO - [INFO] 2024-01-16 01:00:00 → Ne pas chauffer (solaire ou inutilisé) | Temp: 0.09°C, Débit: 0.2375 m³/s, Irrad: 0.00 W/m²
[2025-07-31T16:20:37.449+0000] {logging_mixin.py:188} INFO - [INFO] 2024-01-16 02:00:00 → Ne pas chauffer (solaire ou inutilisé) | Temp: 0.11°C, Débit: 0.0964 m³/s, Irrad: 0.00 W/m²
[2025-07-31T16:20:37.450+0000] {logging_mixin.py:188} INFO - [INFO] 2024-01-16 03:00:00 → Ne pas chauffer (solaire ou inutilisé) | Temp: 0.12°C, Débit: -0.0035 m³/s, Irrad: 0.00 W/m²
[2025-07-31T16:20:37.450+0000] {logging_mixin.py:188} INFO - [INFO] 2024-01-16 04:00:00 → Ne pas chauffer (solaire ou inutilisé) | Temp: 0.11°C, Débit: -0.0123 m³/s, Irrad: 0.00 W/m²
[2025-07-31T16:20:37.451+0000] {logging_mixin.py:188} INFO - [INFO] 2024-01-16 05:00:00 → Ne pas chauffer (solaire ou inutilisé) | Temp: 0.09°C, Débit: 0.0632 m³/s, Irrad: 0.00 W/m²
[2025-07-31T16:20:37.451+0000] {logging_mixin.py:188} INFO - [INFO] 2024-01-16 06:00:00 → Ne pas chauffer (solaire ou inutilisé) | Temp: 0.12°C, Débit: 0.1581 m³/s, Irrad: 0.01 W/m²
[2025-07-31T16:20:37.452+0000] {logging_mixin.py:188} INFO - [INFO] 2024-01-16 07:00:00 → Ne pas chauffer (solaire ou inutilisé) | Temp: 0.21°C, Débit: 0.1998 m³/s, Irrad: 0.14 W/m²
[2025-07-31T16:20:37.453+0000] {logging_mixin.py:188} INFO - [INFO] 2024-01-16 08:00:00 → Ne pas chauffer (solaire ou inutilisé) | Temp: 0.36°C, Débit: 0.1683 m³/s, Irrad: 0.40 W/m²
[2025-07-31T16:20:37.453+0000] {logging_mixin.py:188} INFO - [INFO] 2024-01-16 09:00:00 → Ne pas chauffer (solaire ou inutilisé) | Temp: 0.55°C, Débit: 0.1118 m³/s, Irrad: 0.64 W/m²
[2025-07-31T16:20:37.454+0000] {logging_mixin.py:188} INFO - [INFO] 2024-01-16 10:00:00 → Chauffer (résistance activée) | Temp: 0.72°C, Débit: 0.1039 m³/s, Irrad: 0.28 W/m²
[2025-07-31T16:20:37.455+0000] {logging_mixin.py:188} INFO - [INFO] 2024-01-16 11:00:00 → Ne pas chauffer (solaire ou inutilisé) | Temp: 0.83°C, Débit: 0.1811 m³/s, Irrad: 0.24 W/m²
[2025-07-31T16:20:37.455+0000] {logging_mixin.py:188} INFO - [INFO] 2024-01-16 12:00:00 → Ne pas chauffer (solaire ou inutilisé) | Temp: 0.87°C, Débit: 0.3168 m³/s, Irrad: 0.21 W/m²
[2025-07-31T16:20:37.456+0000] {logging_mixin.py:188} INFO - [INFO] 2024-01-16 13:00:00 → Ne pas chauffer (solaire ou inutilisé) | Temp: 0.82°C, Débit: 0.4508 m³/s, Irrad: 1.00 W/m²
[2025-07-31T16:20:37.457+0000] {logging_mixin.py:188} INFO - [INFO] 2024-01-16 14:00:00 → Ne pas chauffer (solaire ou inutilisé) | Temp: 0.71°C, Débit: 0.5423 m³/s, Irrad: 0.85 W/m²
[2025-07-31T16:20:37.457+0000] {logging_mixin.py:188} INFO - [INFO] 2024-01-16 15:00:00 → Chauffer (résistance activée) | Temp: 0.54°C, Débit: 0.5962 m³/s, Irrad: 0.53 W/m²
[2025-07-31T16:20:37.458+0000] {logging_mixin.py:188} INFO - [INFO] 2024-01-16 16:00:00 → Ne pas chauffer (solaire ou inutilisé) | Temp: 0.35°C, Débit: 0.6422 m³/s, Irrad: 0.05 W/m²
[2025-07-31T16:20:37.458+0000] {logging_mixin.py:188} INFO - [INFO] 2024-01-16 17:00:00 → Ne pas chauffer (solaire ou inutilisé) | Temp: 0.18°C, Débit: 0.6940 m³/s, Irrad: 0.00 W/m²
[2025-07-31T16:20:37.459+0000] {logging_mixin.py:188} INFO - [INFO] 2024-01-16 18:00:00 → Ne pas chauffer (solaire ou inutilisé) | Temp: 0.07°C, Débit: 0.7317 m³/s, Irrad: 0.00 W/m²
[2025-07-31T16:20:37.460+0000] {logging_mixin.py:188} INFO - [INFO] 2024-01-16 19:00:00 → Ne pas chauffer (solaire ou inutilisé) | Temp: 0.03°C, Débit: 0.7242 m³/s, Irrad: 0.00 W/m²
[2025-07-31T16:20:37.460+0000] {logging_mixin.py:188} INFO - [INFO] 2024-01-16 20:00:00 → Ne pas chauffer (solaire ou inutilisé) | Temp: 0.04°C, Débit: 0.6646 m³/s, Irrad: 0.00 W/m²
[2025-07-31T16:20:37.461+0000] {logging_mixin.py:188} INFO - [INFO] 2024-01-16 21:00:00 → Ne pas chauffer (solaire ou inutilisé) | Temp: 0.06°C, Débit: 0.5789 m³/s, Irrad: 0.00 W/m²
[2025-07-31T16:20:37.462+0000] {logging_mixin.py:188} INFO - [INFO] 2024-01-16 22:00:00 → Ne pas chauffer (solaire ou inutilisé) | Temp: 0.07°C, Débit: 0.4994 m³/s, Irrad: 0.00 W/m²
[2025-07-31T16:20:37.474+0000] {logging_mixin.py:188} INFO - [INFO] All hourly decisions saved to /opt/airflow/dags/logs/decision_2024-01-16.csv
[2025-07-31T16:20:37.529+0000] {python.py:237} INFO - Done. Returned value was: [{'datetime': '2024-01-15 23:00:00', 'temp': 0.07, 'flow': 0.4485, 'irradiance': 0.0, 'action': 0, 'text': 'Ne pas chauffer (solaire ou inutilisé)'}, {'datetime': '2024-01-16 00:00:00', 'temp': 0.07, 'flow': 0.3616, 'irradiance': 0.0, 'action': 0, 'text': 'Ne pas chauffer (solaire ou inutilisé)'}, {'datetime': '2024-01-16 01:00:00', 'temp': 0.09, 'flow': 0.2375, 'irradiance': 0.0, 'action': 0, 'text': 'Ne pas chauffer (solaire ou inutilisé)'}, {'datetime': '2024-01-16 02:00:00', 'temp': 0.11, 'flow': 0.0964, 'irradiance': 0.0, 'action': 0, 'text': 'Ne pas chauffer (solaire ou inutilisé)'}, {'datetime': '2024-01-16 03:00:00', 'temp': 0.12, 'flow': -0.0035, 'irradiance': 0.0, 'action': 0, 'text': 'Ne pas chauffer (solaire ou inutilisé)'}, {'datetime': '2024-01-16 04:00:00', 'temp': 0.11, 'flow': -0.0123, 'irradiance': 0.0, 'action': 0, 'text': 'Ne pas chauffer (solaire ou inutilisé)'}, {'datetime': '2024-01-16 05:00:00', 'temp': 0.09, 'flow': 0.0632, 'irradiance': 0.0, 'action': 0, 'text': 'Ne pas chauffer (solaire ou inutilisé)'}, {'datetime': '2024-01-16 06:00:00', 'temp': 0.12, 'flow': 0.1581, 'irradiance': 0.01, 'action': 0, 'text': 'Ne pas chauffer (solaire ou inutilisé)'}, {'datetime': '2024-01-16 07:00:00', 'temp': 0.21, 'flow': 0.1998, 'irradiance': 0.14, 'action': 0, 'text': 'Ne pas chauffer (solaire ou inutilisé)'}, {'datetime': '2024-01-16 08:00:00', 'temp': 0.36, 'flow': 0.1683, 'irradiance': 0.4, 'action': 0, 'text': 'Ne pas chauffer (solaire ou inutilisé)'}, {'datetime': '2024-01-16 09:00:00', 'temp': 0.55, 'flow': 0.1118, 'irradiance': 0.64, 'action': 0, 'text': 'Ne pas chauffer (solaire ou inutilisé)'}, {'datetime': '2024-01-16 10:00:00', 'temp': 0.72, 'flow': 0.1039, 'irradiance': 0.28, 'action': 1, 'text': 'Chauffer (résistance activée)'}, {'datetime': '2024-01-16 11:00:00', 'temp': 0.83, 'flow': 0.1811, 'irradiance': 0.24, 'action': 0, 'text': 'Ne pas chauffer (solaire ou inutilisé)'}, {'datetime': '2024-01-16 12:00:00', 'temp': 0.87, 'flow': 0.3168, 'irradiance': 0.21, 'action': 0, 'text': 'Ne pas chauffer (solaire ou inutilisé)'}, {'datetime': '2024-01-16 13:00:00', 'temp': 0.82, 'flow': 0.4508, 'irradiance': 1.0, 'action': 0, 'text': 'Ne pas chauffer (solaire ou inutilisé)'}, {'datetime': '2024-01-16 14:00:00', 'temp': 0.71, 'flow': 0.5423, 'irradiance': 0.85, 'action': 0, 'text': 'Ne pas chauffer (solaire ou inutilisé)'}, {'datetime': '2024-01-16 15:00:00', 'temp': 0.54, 'flow': 0.5962, 'irradiance': 0.53, 'action': 1, 'text': 'Chauffer (résistance activée)'}, {'datetime': '2024-01-16 16:00:00', 'temp': 0.35, 'flow': 0.6422, 'irradiance': 0.05, 'action': 0, 'text': 'Ne pas chauffer (solaire ou inutilisé)'}, {'datetime': '2024-01-16 17:00:00', 'temp': 0.18, 'flow': 0.694, 'irradiance': 0.0, 'action': 0, 'text': 'Ne pas chauffer (solaire ou inutilisé)'}, {'datetime': '2024-01-16 18:00:00', 'temp': 0.07, 'flow': 0.7317, 'irradiance': 0.0, 'action': 0, 'text': 'Ne pas chauffer (solaire ou inutilisé)'}, {'datetime': '2024-01-16 19:00:00', 'temp': 0.03, 'flow': 0.7242, 'irradiance': 0.0, 'action': 0, 'text': 'Ne pas chauffer (solaire ou inutilisé)'}, {'datetime': '2024-01-16 20:00:00', 'temp': 0.04, 'flow': 0.6646, 'irradiance': 0.0, 'action': 0, 'text': 'Ne pas chauffer (solaire ou inutilisé)'}, {'datetime': '2024-01-16 21:00:00', 'temp': 0.06, 'flow': 0.5789, 'irradiance': 0.0, 'action': 0, 'text': 'Ne pas chauffer (solaire ou inutilisé)'}, {'datetime': '2024-01-16 22:00:00', 'temp': 0.07, 'flow': 0.4994, 'irradiance': 0.0, 'action': 0, 'text': 'Ne pas chauffer (solaire ou inutilisé)'}]
[2025-07-31T16:20:37.530+0000] {taskinstance.py:441} INFO - ::group::Post task execution logs
[2025-07-31T16:20:37.587+0000] {taskinstance.py:1206} INFO - Marking task as SUCCESS. dag_id=solar_ai_pipeline_2, task_id=decide, run_id=scheduled__2024-01-16T00:00:00+00:00, execution_date=20240116T000000, start_date=20250731T162036, end_date=20250731T162037
[2025-07-31T16:20:37.677+0000] {local_task_job_runner.py:240} INFO - Task exited with return code 0
[2025-07-31T16:20:37.703+0000] {taskinstance.py:3503} INFO - 0 downstream tasks scheduled from follow-on schedule check
[2025-07-31T16:20:37.706+0000] {local_task_job_runner.py:222} INFO - ::endgroup::
