[2025-07-31T12:07:55.386+0000] {local_task_job_runner.py:120} INFO - ::group::Pre task execution logs
[2025-07-31T12:07:55.528+0000] {taskinstance.py:2076} INFO - Dependencies all met for dep_context=non-requeueable deps ti=<TaskInstance: solar_ai_pipeline_2.train_prophet scheduled__2023-07-20T00:00:00+00:00 [queued]>
[2025-07-31T12:07:55.599+0000] {taskinstance.py:2076} INFO - Dependencies all met for dep_context=requeueable deps ti=<TaskInstance: solar_ai_pipeline_2.train_prophet scheduled__2023-07-20T00:00:00+00:00 [queued]>
[2025-07-31T12:07:55.604+0000] {taskinstance.py:2306} INFO - Starting attempt 4 of 4
[2025-07-31T12:07:55.800+0000] {taskinstance.py:2330} INFO - Executing <Task(PythonOperator): train_prophet> on 2023-07-20 00:00:00+00:00
[2025-07-31T12:07:55.811+0000] {standard_task_runner.py:63} INFO - Started process 6686 to run task
[2025-07-31T12:07:55.819+0000] {standard_task_runner.py:90} INFO - Running: ['airflow', 'tasks', 'run', 'solar_ai_pipeline_2', 'train_prophet', 'scheduled__2023-07-20T00:00:00+00:00', '--job-id', '2949', '--raw', '--subdir', 'DAGS_FOLDER/prophet_pipeline.py', '--cfg-path', '/tmp/tmpl5xheo22']
[2025-07-31T12:07:55.824+0000] {standard_task_runner.py:91} INFO - Job 2949: Subtask train_prophet
[2025-07-31T12:07:56.141+0000] {task_command.py:426} INFO - Running <TaskInstance: solar_ai_pipeline_2.train_prophet scheduled__2023-07-20T00:00:00+00:00 [running]> on host a2a0dd314bdc
[2025-07-31T12:07:56.545+0000] {taskinstance.py:2648} INFO - Exporting env vars: AIRFLOW_CTX_DAG_OWNER='ensam' AIRFLOW_CTX_DAG_ID='solar_ai_pipeline_2' AIRFLOW_CTX_TASK_ID='train_prophet' AIRFLOW_CTX_EXECUTION_DATE='2023-07-20T00:00:00+00:00' AIRFLOW_CTX_TRY_NUMBER='4' AIRFLOW_CTX_DAG_RUN_ID='scheduled__2023-07-20T00:00:00+00:00'
[2025-07-31T12:07:56.548+0000] {taskinstance.py:430} INFO - ::endgroup::
[2025-07-31T12:07:57.489+0000] {plot.py:39} ERROR - Importing plotly failed. Interactive plots will not work.
[2025-07-31T12:07:57.498+0000] {logging_mixin.py:188} INFO - Training from 2023-01-01 to 2023-01-21
[2025-07-31T12:07:57.936+0000] {logging_mixin.py:188} INFO - Test 1/18: {'changepoint_prior_scale': 0.01, 'seasonality_prior_scale': 1.0, 'seasonality_mode': 'additive'}
[2025-07-31T12:07:58.018+0000] {filesystem.py:118} DEBUG - input tempfile: /tmp/tmpl6vy108_/1y1h96qd.json
[2025-07-31T12:07:58.076+0000] {filesystem.py:118} DEBUG - input tempfile: /tmp/tmpl6vy108_/szwr9hby.json
[2025-07-31T12:07:58.079+0000] {model.py:2042} DEBUG - idx 0
[2025-07-31T12:07:58.080+0000] {model.py:2043} DEBUG - running CmdStan, num_threads: None
[2025-07-31T12:07:58.081+0000] {model.py:2055} DEBUG - CmdStan args: ['/home/airflow/.local/lib/python3.11/site-packages/prophet/stan_model/prophet_model.bin', 'random', 'seed=32124', 'data', 'file=/tmp/tmpl6vy108_/1y1h96qd.json', 'init=/tmp/tmpl6vy108_/szwr9hby.json', 'output', 'file=/tmp/tmpl6vy108_/prophet_modelzde2z3tf/prophet_model-20250731120758.csv', 'method=optimize', 'algorithm=lbfgs', 'iter=10000']
[2025-07-31T12:07:58.082+0000] {logging_mixin.py:188} WARNING - 12:07:58 - cmdstanpy - INFO - Chain [1] start processing
[2025-07-31T12:07:58.082+0000] {model.py:2058} INFO - Chain [1] start processing
[2025-07-31T12:07:58.134+0000] {logging_mixin.py:188} WARNING - 12:07:58 - cmdstanpy - INFO - Chain [1] done processing
[2025-07-31T12:07:58.134+0000] {model.py:2115} INFO - Chain [1] done processing
[2025-07-31T12:07:58.140+0000] {logging_mixin.py:188} INFO - Erreur pour {'changepoint_prior_scale': 0.01, 'seasonality_prior_scale': 1.0, 'seasonality_mode': 'additive'}: Less data than horizon after initial window. Make horizon or initial shorter.
[2025-07-31T12:07:58.141+0000] {logging_mixin.py:188} INFO - Test 2/18: {'changepoint_prior_scale': 0.01, 'seasonality_prior_scale': 1.0, 'seasonality_mode': 'multiplicative'}
[2025-07-31T12:07:58.177+0000] {filesystem.py:118} DEBUG - input tempfile: /tmp/tmpl6vy108_/4ehgc03a.json
[2025-07-31T12:07:58.258+0000] {filesystem.py:118} DEBUG - input tempfile: /tmp/tmpl6vy108_/xtuuket4.json
[2025-07-31T12:07:58.263+0000] {model.py:2042} DEBUG - idx 0
[2025-07-31T12:07:58.264+0000] {model.py:2043} DEBUG - running CmdStan, num_threads: None
[2025-07-31T12:07:58.264+0000] {model.py:2055} DEBUG - CmdStan args: ['/home/airflow/.local/lib/python3.11/site-packages/prophet/stan_model/prophet_model.bin', 'random', 'seed=46395', 'data', 'file=/tmp/tmpl6vy108_/4ehgc03a.json', 'init=/tmp/tmpl6vy108_/xtuuket4.json', 'output', 'file=/tmp/tmpl6vy108_/prophet_modelcg8xcks5/prophet_model-20250731120758.csv', 'method=optimize', 'algorithm=lbfgs', 'iter=10000']
[2025-07-31T12:07:58.265+0000] {logging_mixin.py:188} WARNING - 12:07:58 - cmdstanpy - INFO - Chain [1] start processing
[2025-07-31T12:07:58.265+0000] {model.py:2058} INFO - Chain [1] start processing
[2025-07-31T12:07:58.364+0000] {logging_mixin.py:188} WARNING - 12:07:58 - cmdstanpy - INFO - Chain [1] done processing
[2025-07-31T12:07:58.364+0000] {model.py:2115} INFO - Chain [1] done processing
[2025-07-31T12:07:58.369+0000] {logging_mixin.py:188} INFO - Erreur pour {'changepoint_prior_scale': 0.01, 'seasonality_prior_scale': 1.0, 'seasonality_mode': 'multiplicative'}: Less data than horizon after initial window. Make horizon or initial shorter.
[2025-07-31T12:07:58.369+0000] {logging_mixin.py:188} INFO - Test 3/18: {'changepoint_prior_scale': 0.01, 'seasonality_prior_scale': 5.0, 'seasonality_mode': 'additive'}
[2025-07-31T12:07:58.393+0000] {filesystem.py:118} DEBUG - input tempfile: /tmp/tmpl6vy108_/hy2b8au3.json
[2025-07-31T12:07:58.465+0000] {filesystem.py:118} DEBUG - input tempfile: /tmp/tmpl6vy108_/j0pwlfm0.json
[2025-07-31T12:07:58.467+0000] {model.py:2042} DEBUG - idx 0
[2025-07-31T12:07:58.467+0000] {model.py:2043} DEBUG - running CmdStan, num_threads: None
[2025-07-31T12:07:58.468+0000] {model.py:2055} DEBUG - CmdStan args: ['/home/airflow/.local/lib/python3.11/site-packages/prophet/stan_model/prophet_model.bin', 'random', 'seed=15002', 'data', 'file=/tmp/tmpl6vy108_/hy2b8au3.json', 'init=/tmp/tmpl6vy108_/j0pwlfm0.json', 'output', 'file=/tmp/tmpl6vy108_/prophet_modeldgppy5s4/prophet_model-20250731120758.csv', 'method=optimize', 'algorithm=lbfgs', 'iter=10000']
[2025-07-31T12:07:58.469+0000] {logging_mixin.py:188} WARNING - 12:07:58 - cmdstanpy - INFO - Chain [1] start processing
[2025-07-31T12:07:58.469+0000] {model.py:2058} INFO - Chain [1] start processing
[2025-07-31T12:07:58.520+0000] {logging_mixin.py:188} WARNING - 12:07:58 - cmdstanpy - INFO - Chain [1] done processing
[2025-07-31T12:07:58.520+0000] {model.py:2115} INFO - Chain [1] done processing
[2025-07-31T12:07:58.524+0000] {logging_mixin.py:188} INFO - Erreur pour {'changepoint_prior_scale': 0.01, 'seasonality_prior_scale': 5.0, 'seasonality_mode': 'additive'}: Less data than horizon after initial window. Make horizon or initial shorter.
[2025-07-31T12:07:58.525+0000] {logging_mixin.py:188} INFO - Test 4/18: {'changepoint_prior_scale': 0.01, 'seasonality_prior_scale': 5.0, 'seasonality_mode': 'multiplicative'}
[2025-07-31T12:07:58.543+0000] {filesystem.py:118} DEBUG - input tempfile: /tmp/tmpl6vy108_/0yi_72m9.json
[2025-07-31T12:07:58.611+0000] {filesystem.py:118} DEBUG - input tempfile: /tmp/tmpl6vy108_/ubjgh6tq.json
[2025-07-31T12:07:58.616+0000] {model.py:2042} DEBUG - idx 0
[2025-07-31T12:07:58.617+0000] {model.py:2043} DEBUG - running CmdStan, num_threads: None
[2025-07-31T12:07:58.617+0000] {model.py:2055} DEBUG - CmdStan args: ['/home/airflow/.local/lib/python3.11/site-packages/prophet/stan_model/prophet_model.bin', 'random', 'seed=49782', 'data', 'file=/tmp/tmpl6vy108_/0yi_72m9.json', 'init=/tmp/tmpl6vy108_/ubjgh6tq.json', 'output', 'file=/tmp/tmpl6vy108_/prophet_model6qacf60f/prophet_model-20250731120758.csv', 'method=optimize', 'algorithm=lbfgs', 'iter=10000']
[2025-07-31T12:07:58.618+0000] {logging_mixin.py:188} WARNING - 12:07:58 - cmdstanpy - INFO - Chain [1] start processing
[2025-07-31T12:07:58.618+0000] {model.py:2058} INFO - Chain [1] start processing
[2025-07-31T12:07:58.670+0000] {logging_mixin.py:188} WARNING - 12:07:58 - cmdstanpy - INFO - Chain [1] done processing
[2025-07-31T12:07:58.670+0000] {model.py:2115} INFO - Chain [1] done processing
[2025-07-31T12:07:58.674+0000] {logging_mixin.py:188} INFO - Erreur pour {'changepoint_prior_scale': 0.01, 'seasonality_prior_scale': 5.0, 'seasonality_mode': 'multiplicative'}: Less data than horizon after initial window. Make horizon or initial shorter.
[2025-07-31T12:07:58.675+0000] {logging_mixin.py:188} INFO - Test 5/18: {'changepoint_prior_scale': 0.01, 'seasonality_prior_scale': 10.0, 'seasonality_mode': 'additive'}
[2025-07-31T12:07:58.697+0000] {filesystem.py:118} DEBUG - input tempfile: /tmp/tmpl6vy108_/__iwrv3d.json
[2025-07-31T12:07:58.763+0000] {filesystem.py:118} DEBUG - input tempfile: /tmp/tmpl6vy108_/wxq5bbwl.json
[2025-07-31T12:07:58.768+0000] {model.py:2042} DEBUG - idx 0
[2025-07-31T12:07:58.769+0000] {model.py:2043} DEBUG - running CmdStan, num_threads: None
[2025-07-31T12:07:58.769+0000] {model.py:2055} DEBUG - CmdStan args: ['/home/airflow/.local/lib/python3.11/site-packages/prophet/stan_model/prophet_model.bin', 'random', 'seed=54418', 'data', 'file=/tmp/tmpl6vy108_/__iwrv3d.json', 'init=/tmp/tmpl6vy108_/wxq5bbwl.json', 'output', 'file=/tmp/tmpl6vy108_/prophet_model9jfo3i3j/prophet_model-20250731120758.csv', 'method=optimize', 'algorithm=lbfgs', 'iter=10000']
[2025-07-31T12:07:58.770+0000] {logging_mixin.py:188} WARNING - 12:07:58 - cmdstanpy - INFO - Chain [1] start processing
[2025-07-31T12:07:58.770+0000] {model.py:2058} INFO - Chain [1] start processing
[2025-07-31T12:07:58.816+0000] {logging_mixin.py:188} WARNING - 12:07:58 - cmdstanpy - INFO - Chain [1] done processing
[2025-07-31T12:07:58.816+0000] {model.py:2115} INFO - Chain [1] done processing
[2025-07-31T12:07:58.821+0000] {logging_mixin.py:188} INFO - Erreur pour {'changepoint_prior_scale': 0.01, 'seasonality_prior_scale': 10.0, 'seasonality_mode': 'additive'}: Less data than horizon after initial window. Make horizon or initial shorter.
[2025-07-31T12:07:58.821+0000] {logging_mixin.py:188} INFO - Test 6/18: {'changepoint_prior_scale': 0.01, 'seasonality_prior_scale': 10.0, 'seasonality_mode': 'multiplicative'}
[2025-07-31T12:07:58.840+0000] {filesystem.py:118} DEBUG - input tempfile: /tmp/tmpl6vy108_/__8fjonx.json
[2025-07-31T12:07:58.906+0000] {filesystem.py:118} DEBUG - input tempfile: /tmp/tmpl6vy108_/23pwq4v6.json
[2025-07-31T12:07:58.910+0000] {model.py:2042} DEBUG - idx 0
[2025-07-31T12:07:58.911+0000] {model.py:2043} DEBUG - running CmdStan, num_threads: None
[2025-07-31T12:07:58.912+0000] {model.py:2055} DEBUG - CmdStan args: ['/home/airflow/.local/lib/python3.11/site-packages/prophet/stan_model/prophet_model.bin', 'random', 'seed=70529', 'data', 'file=/tmp/tmpl6vy108_/__8fjonx.json', 'init=/tmp/tmpl6vy108_/23pwq4v6.json', 'output', 'file=/tmp/tmpl6vy108_/prophet_model370qrjd0/prophet_model-20250731120758.csv', 'method=optimize', 'algorithm=lbfgs', 'iter=10000']
[2025-07-31T12:07:58.912+0000] {logging_mixin.py:188} WARNING - 12:07:58 - cmdstanpy - INFO - Chain [1] start processing
[2025-07-31T12:07:58.912+0000] {model.py:2058} INFO - Chain [1] start processing
[2025-07-31T12:07:58.961+0000] {logging_mixin.py:188} WARNING - 12:07:58 - cmdstanpy - INFO - Chain [1] done processing
[2025-07-31T12:07:58.961+0000] {model.py:2115} INFO - Chain [1] done processing
[2025-07-31T12:07:58.966+0000] {logging_mixin.py:188} INFO - Erreur pour {'changepoint_prior_scale': 0.01, 'seasonality_prior_scale': 10.0, 'seasonality_mode': 'multiplicative'}: Less data than horizon after initial window. Make horizon or initial shorter.
[2025-07-31T12:07:58.966+0000] {logging_mixin.py:188} INFO - Test 7/18: {'changepoint_prior_scale': 0.05, 'seasonality_prior_scale': 1.0, 'seasonality_mode': 'additive'}
[2025-07-31T12:07:58.991+0000] {filesystem.py:118} DEBUG - input tempfile: /tmp/tmpl6vy108_/3oncd1bs.json
[2025-07-31T12:07:59.043+0000] {filesystem.py:118} DEBUG - input tempfile: /tmp/tmpl6vy108_/6gam5eq2.json
[2025-07-31T12:07:59.048+0000] {model.py:2042} DEBUG - idx 0
[2025-07-31T12:07:59.048+0000] {model.py:2043} DEBUG - running CmdStan, num_threads: None
[2025-07-31T12:07:59.049+0000] {model.py:2055} DEBUG - CmdStan args: ['/home/airflow/.local/lib/python3.11/site-packages/prophet/stan_model/prophet_model.bin', 'random', 'seed=20126', 'data', 'file=/tmp/tmpl6vy108_/3oncd1bs.json', 'init=/tmp/tmpl6vy108_/6gam5eq2.json', 'output', 'file=/tmp/tmpl6vy108_/prophet_modelzm2d_lha/prophet_model-20250731120759.csv', 'method=optimize', 'algorithm=lbfgs', 'iter=10000']
[2025-07-31T12:07:59.049+0000] {logging_mixin.py:188} WARNING - 12:07:59 - cmdstanpy - INFO - Chain [1] start processing
[2025-07-31T12:07:59.049+0000] {model.py:2058} INFO - Chain [1] start processing
[2025-07-31T12:07:59.090+0000] {logging_mixin.py:188} WARNING - 12:07:59 - cmdstanpy - INFO - Chain [1] done processing
[2025-07-31T12:07:59.090+0000] {model.py:2115} INFO - Chain [1] done processing
[2025-07-31T12:07:59.095+0000] {logging_mixin.py:188} INFO - Erreur pour {'changepoint_prior_scale': 0.05, 'seasonality_prior_scale': 1.0, 'seasonality_mode': 'additive'}: Less data than horizon after initial window. Make horizon or initial shorter.
[2025-07-31T12:07:59.096+0000] {logging_mixin.py:188} INFO - Test 8/18: {'changepoint_prior_scale': 0.05, 'seasonality_prior_scale': 1.0, 'seasonality_mode': 'multiplicative'}
[2025-07-31T12:07:59.122+0000] {filesystem.py:118} DEBUG - input tempfile: /tmp/tmpl6vy108_/m4j6hsnd.json
[2025-07-31T12:07:59.195+0000] {filesystem.py:118} DEBUG - input tempfile: /tmp/tmpl6vy108_/i8cy9j02.json
[2025-07-31T12:07:59.197+0000] {model.py:2042} DEBUG - idx 0
[2025-07-31T12:07:59.198+0000] {model.py:2043} DEBUG - running CmdStan, num_threads: None
[2025-07-31T12:07:59.199+0000] {model.py:2055} DEBUG - CmdStan args: ['/home/airflow/.local/lib/python3.11/site-packages/prophet/stan_model/prophet_model.bin', 'random', 'seed=17145', 'data', 'file=/tmp/tmpl6vy108_/m4j6hsnd.json', 'init=/tmp/tmpl6vy108_/i8cy9j02.json', 'output', 'file=/tmp/tmpl6vy108_/prophet_modeljqncpcik/prophet_model-20250731120759.csv', 'method=optimize', 'algorithm=lbfgs', 'iter=10000']
[2025-07-31T12:07:59.199+0000] {logging_mixin.py:188} WARNING - 12:07:59 - cmdstanpy - INFO - Chain [1] start processing
[2025-07-31T12:07:59.199+0000] {model.py:2058} INFO - Chain [1] start processing
[2025-07-31T12:07:59.268+0000] {logging_mixin.py:188} WARNING - 12:07:59 - cmdstanpy - INFO - Chain [1] done processing
[2025-07-31T12:07:59.268+0000] {model.py:2115} INFO - Chain [1] done processing
[2025-07-31T12:07:59.272+0000] {logging_mixin.py:188} INFO - Erreur pour {'changepoint_prior_scale': 0.05, 'seasonality_prior_scale': 1.0, 'seasonality_mode': 'multiplicative'}: Less data than horizon after initial window. Make horizon or initial shorter.
[2025-07-31T12:07:59.273+0000] {logging_mixin.py:188} INFO - Test 9/18: {'changepoint_prior_scale': 0.05, 'seasonality_prior_scale': 5.0, 'seasonality_mode': 'additive'}
[2025-07-31T12:07:59.292+0000] {filesystem.py:118} DEBUG - input tempfile: /tmp/tmpl6vy108_/l2p7rcs3.json
[2025-07-31T12:07:59.353+0000] {filesystem.py:118} DEBUG - input tempfile: /tmp/tmpl6vy108_/y7ob5bgg.json
[2025-07-31T12:07:59.355+0000] {model.py:2042} DEBUG - idx 0
[2025-07-31T12:07:59.356+0000] {model.py:2043} DEBUG - running CmdStan, num_threads: None
[2025-07-31T12:07:59.356+0000] {model.py:2055} DEBUG - CmdStan args: ['/home/airflow/.local/lib/python3.11/site-packages/prophet/stan_model/prophet_model.bin', 'random', 'seed=62684', 'data', 'file=/tmp/tmpl6vy108_/l2p7rcs3.json', 'init=/tmp/tmpl6vy108_/y7ob5bgg.json', 'output', 'file=/tmp/tmpl6vy108_/prophet_modelvj7wkm1y/prophet_model-20250731120759.csv', 'method=optimize', 'algorithm=lbfgs', 'iter=10000']
[2025-07-31T12:07:59.357+0000] {logging_mixin.py:188} WARNING - 12:07:59 - cmdstanpy - INFO - Chain [1] start processing
[2025-07-31T12:07:59.357+0000] {model.py:2058} INFO - Chain [1] start processing
[2025-07-31T12:07:59.397+0000] {logging_mixin.py:188} WARNING - 12:07:59 - cmdstanpy - INFO - Chain [1] done processing
[2025-07-31T12:07:59.397+0000] {model.py:2115} INFO - Chain [1] done processing
[2025-07-31T12:07:59.401+0000] {logging_mixin.py:188} INFO - Erreur pour {'changepoint_prior_scale': 0.05, 'seasonality_prior_scale': 5.0, 'seasonality_mode': 'additive'}: Less data than horizon after initial window. Make horizon or initial shorter.
[2025-07-31T12:07:59.402+0000] {logging_mixin.py:188} INFO - Test 10/18: {'changepoint_prior_scale': 0.05, 'seasonality_prior_scale': 5.0, 'seasonality_mode': 'multiplicative'}
[2025-07-31T12:07:59.418+0000] {filesystem.py:118} DEBUG - input tempfile: /tmp/tmpl6vy108_/x8six63q.json
[2025-07-31T12:07:59.472+0000] {filesystem.py:118} DEBUG - input tempfile: /tmp/tmpl6vy108_/05tazqdg.json
[2025-07-31T12:07:59.475+0000] {model.py:2042} DEBUG - idx 0
[2025-07-31T12:07:59.476+0000] {model.py:2043} DEBUG - running CmdStan, num_threads: None
[2025-07-31T12:07:59.477+0000] {model.py:2055} DEBUG - CmdStan args: ['/home/airflow/.local/lib/python3.11/site-packages/prophet/stan_model/prophet_model.bin', 'random', 'seed=24588', 'data', 'file=/tmp/tmpl6vy108_/x8six63q.json', 'init=/tmp/tmpl6vy108_/05tazqdg.json', 'output', 'file=/tmp/tmpl6vy108_/prophet_modelwkm1gby4/prophet_model-20250731120759.csv', 'method=optimize', 'algorithm=lbfgs', 'iter=10000']
[2025-07-31T12:07:59.478+0000] {logging_mixin.py:188} WARNING - 12:07:59 - cmdstanpy - INFO - Chain [1] start processing
[2025-07-31T12:07:59.478+0000] {model.py:2058} INFO - Chain [1] start processing
[2025-07-31T12:07:59.564+0000] {logging_mixin.py:188} WARNING - 12:07:59 - cmdstanpy - INFO - Chain [1] done processing
[2025-07-31T12:07:59.564+0000] {model.py:2115} INFO - Chain [1] done processing
[2025-07-31T12:07:59.570+0000] {logging_mixin.py:188} INFO - Erreur pour {'changepoint_prior_scale': 0.05, 'seasonality_prior_scale': 5.0, 'seasonality_mode': 'multiplicative'}: Less data than horizon after initial window. Make horizon or initial shorter.
[2025-07-31T12:07:59.571+0000] {logging_mixin.py:188} INFO - Test 11/18: {'changepoint_prior_scale': 0.05, 'seasonality_prior_scale': 10.0, 'seasonality_mode': 'additive'}
[2025-07-31T12:07:59.592+0000] {filesystem.py:118} DEBUG - input tempfile: /tmp/tmpl6vy108_/vr4yyrux.json
[2025-07-31T12:07:59.646+0000] {filesystem.py:118} DEBUG - input tempfile: /tmp/tmpl6vy108_/d1acbqy9.json
[2025-07-31T12:07:59.647+0000] {model.py:2042} DEBUG - idx 0
[2025-07-31T12:07:59.648+0000] {model.py:2043} DEBUG - running CmdStan, num_threads: None
[2025-07-31T12:07:59.648+0000] {model.py:2055} DEBUG - CmdStan args: ['/home/airflow/.local/lib/python3.11/site-packages/prophet/stan_model/prophet_model.bin', 'random', 'seed=96952', 'data', 'file=/tmp/tmpl6vy108_/vr4yyrux.json', 'init=/tmp/tmpl6vy108_/d1acbqy9.json', 'output', 'file=/tmp/tmpl6vy108_/prophet_modelszhwuoky/prophet_model-20250731120759.csv', 'method=optimize', 'algorithm=lbfgs', 'iter=10000']
[2025-07-31T12:07:59.649+0000] {logging_mixin.py:188} WARNING - 12:07:59 - cmdstanpy - INFO - Chain [1] start processing
[2025-07-31T12:07:59.649+0000] {model.py:2058} INFO - Chain [1] start processing
[2025-07-31T12:07:59.701+0000] {logging_mixin.py:188} WARNING - 12:07:59 - cmdstanpy - INFO - Chain [1] done processing
[2025-07-31T12:07:59.701+0000] {model.py:2115} INFO - Chain [1] done processing
[2025-07-31T12:07:59.706+0000] {logging_mixin.py:188} INFO - Erreur pour {'changepoint_prior_scale': 0.05, 'seasonality_prior_scale': 10.0, 'seasonality_mode': 'additive'}: Less data than horizon after initial window. Make horizon or initial shorter.
[2025-07-31T12:07:59.707+0000] {logging_mixin.py:188} INFO - Test 12/18: {'changepoint_prior_scale': 0.05, 'seasonality_prior_scale': 10.0, 'seasonality_mode': 'multiplicative'}
[2025-07-31T12:07:59.725+0000] {filesystem.py:118} DEBUG - input tempfile: /tmp/tmpl6vy108_/sy43ttbp.json
[2025-07-31T12:07:59.781+0000] {filesystem.py:118} DEBUG - input tempfile: /tmp/tmpl6vy108_/32idsr4x.json
[2025-07-31T12:07:59.783+0000] {model.py:2042} DEBUG - idx 0
[2025-07-31T12:07:59.783+0000] {model.py:2043} DEBUG - running CmdStan, num_threads: None
[2025-07-31T12:07:59.784+0000] {model.py:2055} DEBUG - CmdStan args: ['/home/airflow/.local/lib/python3.11/site-packages/prophet/stan_model/prophet_model.bin', 'random', 'seed=69407', 'data', 'file=/tmp/tmpl6vy108_/sy43ttbp.json', 'init=/tmp/tmpl6vy108_/32idsr4x.json', 'output', 'file=/tmp/tmpl6vy108_/prophet_modelhrqei7_m/prophet_model-20250731120759.csv', 'method=optimize', 'algorithm=lbfgs', 'iter=10000']
[2025-07-31T12:07:59.784+0000] {logging_mixin.py:188} WARNING - 12:07:59 - cmdstanpy - INFO - Chain [1] start processing
[2025-07-31T12:07:59.784+0000] {model.py:2058} INFO - Chain [1] start processing
[2025-07-31T12:07:59.843+0000] {logging_mixin.py:188} WARNING - 12:07:59 - cmdstanpy - INFO - Chain [1] done processing
[2025-07-31T12:07:59.843+0000] {model.py:2115} INFO - Chain [1] done processing
[2025-07-31T12:07:59.847+0000] {logging_mixin.py:188} INFO - Erreur pour {'changepoint_prior_scale': 0.05, 'seasonality_prior_scale': 10.0, 'seasonality_mode': 'multiplicative'}: Less data than horizon after initial window. Make horizon or initial shorter.
[2025-07-31T12:07:59.848+0000] {logging_mixin.py:188} INFO - Test 13/18: {'changepoint_prior_scale': 0.1, 'seasonality_prior_scale': 1.0, 'seasonality_mode': 'additive'}
[2025-07-31T12:07:59.863+0000] {filesystem.py:118} DEBUG - input tempfile: /tmp/tmpl6vy108_/kacs78k3.json
[2025-07-31T12:07:59.913+0000] {filesystem.py:118} DEBUG - input tempfile: /tmp/tmpl6vy108_/1f_80z9u.json
[2025-07-31T12:07:59.915+0000] {model.py:2042} DEBUG - idx 0
[2025-07-31T12:07:59.916+0000] {model.py:2043} DEBUG - running CmdStan, num_threads: None
[2025-07-31T12:07:59.916+0000] {model.py:2055} DEBUG - CmdStan args: ['/home/airflow/.local/lib/python3.11/site-packages/prophet/stan_model/prophet_model.bin', 'random', 'seed=32206', 'data', 'file=/tmp/tmpl6vy108_/kacs78k3.json', 'init=/tmp/tmpl6vy108_/1f_80z9u.json', 'output', 'file=/tmp/tmpl6vy108_/prophet_modell8rxg1ec/prophet_model-20250731120759.csv', 'method=optimize', 'algorithm=lbfgs', 'iter=10000']
[2025-07-31T12:07:59.917+0000] {logging_mixin.py:188} WARNING - 12:07:59 - cmdstanpy - INFO - Chain [1] start processing
[2025-07-31T12:07:59.917+0000] {model.py:2058} INFO - Chain [1] start processing
[2025-07-31T12:07:59.968+0000] {logging_mixin.py:188} WARNING - 12:07:59 - cmdstanpy - INFO - Chain [1] done processing
[2025-07-31T12:07:59.967+0000] {model.py:2115} INFO - Chain [1] done processing
[2025-07-31T12:07:59.972+0000] {logging_mixin.py:188} INFO - Erreur pour {'changepoint_prior_scale': 0.1, 'seasonality_prior_scale': 1.0, 'seasonality_mode': 'additive'}: Less data than horizon after initial window. Make horizon or initial shorter.
[2025-07-31T12:07:59.973+0000] {logging_mixin.py:188} INFO - Test 14/18: {'changepoint_prior_scale': 0.1, 'seasonality_prior_scale': 1.0, 'seasonality_mode': 'multiplicative'}
[2025-07-31T12:07:59.998+0000] {filesystem.py:118} DEBUG - input tempfile: /tmp/tmpl6vy108_/ufim6b5o.json
[2025-07-31T12:08:00.058+0000] {filesystem.py:118} DEBUG - input tempfile: /tmp/tmpl6vy108_/tgho67jk.json
[2025-07-31T12:08:00.060+0000] {model.py:2042} DEBUG - idx 0
[2025-07-31T12:08:00.062+0000] {model.py:2043} DEBUG - running CmdStan, num_threads: None
[2025-07-31T12:08:00.062+0000] {model.py:2055} DEBUG - CmdStan args: ['/home/airflow/.local/lib/python3.11/site-packages/prophet/stan_model/prophet_model.bin', 'random', 'seed=86655', 'data', 'file=/tmp/tmpl6vy108_/ufim6b5o.json', 'init=/tmp/tmpl6vy108_/tgho67jk.json', 'output', 'file=/tmp/tmpl6vy108_/prophet_model23ysdvbg/prophet_model-20250731120800.csv', 'method=optimize', 'algorithm=lbfgs', 'iter=10000']
[2025-07-31T12:08:00.063+0000] {logging_mixin.py:188} WARNING - 12:08:00 - cmdstanpy - INFO - Chain [1] start processing
[2025-07-31T12:08:00.063+0000] {model.py:2058} INFO - Chain [1] start processing
[2025-07-31T12:08:00.143+0000] {logging_mixin.py:188} WARNING - 12:08:00 - cmdstanpy - INFO - Chain [1] done processing
[2025-07-31T12:08:00.143+0000] {model.py:2115} INFO - Chain [1] done processing
[2025-07-31T12:08:00.148+0000] {logging_mixin.py:188} INFO - Erreur pour {'changepoint_prior_scale': 0.1, 'seasonality_prior_scale': 1.0, 'seasonality_mode': 'multiplicative'}: Less data than horizon after initial window. Make horizon or initial shorter.
[2025-07-31T12:08:00.149+0000] {logging_mixin.py:188} INFO - Test 15/18: {'changepoint_prior_scale': 0.1, 'seasonality_prior_scale': 5.0, 'seasonality_mode': 'additive'}
[2025-07-31T12:08:00.184+0000] {filesystem.py:118} DEBUG - input tempfile: /tmp/tmpl6vy108_/697t_hma.json
[2025-07-31T12:08:00.252+0000] {filesystem.py:118} DEBUG - input tempfile: /tmp/tmpl6vy108_/a_mtfffi.json
[2025-07-31T12:08:00.254+0000] {model.py:2042} DEBUG - idx 0
[2025-07-31T12:08:00.255+0000] {model.py:2043} DEBUG - running CmdStan, num_threads: None
[2025-07-31T12:08:00.255+0000] {model.py:2055} DEBUG - CmdStan args: ['/home/airflow/.local/lib/python3.11/site-packages/prophet/stan_model/prophet_model.bin', 'random', 'seed=89734', 'data', 'file=/tmp/tmpl6vy108_/697t_hma.json', 'init=/tmp/tmpl6vy108_/a_mtfffi.json', 'output', 'file=/tmp/tmpl6vy108_/prophet_modelnav6n3ef/prophet_model-20250731120800.csv', 'method=optimize', 'algorithm=lbfgs', 'iter=10000']
[2025-07-31T12:08:00.256+0000] {logging_mixin.py:188} WARNING - 12:08:00 - cmdstanpy - INFO - Chain [1] start processing
[2025-07-31T12:08:00.256+0000] {model.py:2058} INFO - Chain [1] start processing
[2025-07-31T12:08:00.319+0000] {logging_mixin.py:188} WARNING - 12:08:00 - cmdstanpy - INFO - Chain [1] done processing
[2025-07-31T12:08:00.319+0000] {model.py:2115} INFO - Chain [1] done processing
[2025-07-31T12:08:00.324+0000] {logging_mixin.py:188} INFO - Erreur pour {'changepoint_prior_scale': 0.1, 'seasonality_prior_scale': 5.0, 'seasonality_mode': 'additive'}: Less data than horizon after initial window. Make horizon or initial shorter.
[2025-07-31T12:08:00.325+0000] {logging_mixin.py:188} INFO - Test 16/18: {'changepoint_prior_scale': 0.1, 'seasonality_prior_scale': 5.0, 'seasonality_mode': 'multiplicative'}
[2025-07-31T12:08:00.349+0000] {filesystem.py:118} DEBUG - input tempfile: /tmp/tmpl6vy108_/y9lt98rs.json
[2025-07-31T12:08:00.402+0000] {filesystem.py:118} DEBUG - input tempfile: /tmp/tmpl6vy108_/izm9mt69.json
[2025-07-31T12:08:00.405+0000] {model.py:2042} DEBUG - idx 0
[2025-07-31T12:08:00.405+0000] {model.py:2043} DEBUG - running CmdStan, num_threads: None
[2025-07-31T12:08:00.406+0000] {model.py:2055} DEBUG - CmdStan args: ['/home/airflow/.local/lib/python3.11/site-packages/prophet/stan_model/prophet_model.bin', 'random', 'seed=49920', 'data', 'file=/tmp/tmpl6vy108_/y9lt98rs.json', 'init=/tmp/tmpl6vy108_/izm9mt69.json', 'output', 'file=/tmp/tmpl6vy108_/prophet_modelgd8zrw6t/prophet_model-20250731120800.csv', 'method=optimize', 'algorithm=lbfgs', 'iter=10000']
[2025-07-31T12:08:00.407+0000] {logging_mixin.py:188} WARNING - 12:08:00 - cmdstanpy - INFO - Chain [1] start processing
[2025-07-31T12:08:00.407+0000] {model.py:2058} INFO - Chain [1] start processing
[2025-07-31T12:08:00.482+0000] {logging_mixin.py:188} WARNING - 12:08:00 - cmdstanpy - INFO - Chain [1] done processing
[2025-07-31T12:08:00.482+0000] {model.py:2115} INFO - Chain [1] done processing
[2025-07-31T12:08:00.487+0000] {logging_mixin.py:188} INFO - Erreur pour {'changepoint_prior_scale': 0.1, 'seasonality_prior_scale': 5.0, 'seasonality_mode': 'multiplicative'}: Less data than horizon after initial window. Make horizon or initial shorter.
[2025-07-31T12:08:00.488+0000] {logging_mixin.py:188} INFO - Test 17/18: {'changepoint_prior_scale': 0.1, 'seasonality_prior_scale': 10.0, 'seasonality_mode': 'additive'}
[2025-07-31T12:08:00.506+0000] {filesystem.py:118} DEBUG - input tempfile: /tmp/tmpl6vy108_/yvncf2wn.json
[2025-07-31T12:08:00.556+0000] {filesystem.py:118} DEBUG - input tempfile: /tmp/tmpl6vy108_/650vx86w.json
[2025-07-31T12:08:00.558+0000] {model.py:2042} DEBUG - idx 0
[2025-07-31T12:08:00.558+0000] {model.py:2043} DEBUG - running CmdStan, num_threads: None
[2025-07-31T12:08:00.559+0000] {model.py:2055} DEBUG - CmdStan args: ['/home/airflow/.local/lib/python3.11/site-packages/prophet/stan_model/prophet_model.bin', 'random', 'seed=19057', 'data', 'file=/tmp/tmpl6vy108_/yvncf2wn.json', 'init=/tmp/tmpl6vy108_/650vx86w.json', 'output', 'file=/tmp/tmpl6vy108_/prophet_modelddmd_oso/prophet_model-20250731120800.csv', 'method=optimize', 'algorithm=lbfgs', 'iter=10000']
[2025-07-31T12:08:00.560+0000] {logging_mixin.py:188} WARNING - 12:08:00 - cmdstanpy - INFO - Chain [1] start processing
[2025-07-31T12:08:00.560+0000] {model.py:2058} INFO - Chain [1] start processing
[2025-07-31T12:08:00.601+0000] {logging_mixin.py:188} WARNING - 12:08:00 - cmdstanpy - INFO - Chain [1] done processing
[2025-07-31T12:08:00.601+0000] {model.py:2115} INFO - Chain [1] done processing
[2025-07-31T12:08:00.607+0000] {logging_mixin.py:188} INFO - Erreur pour {'changepoint_prior_scale': 0.1, 'seasonality_prior_scale': 10.0, 'seasonality_mode': 'additive'}: Less data than horizon after initial window. Make horizon or initial shorter.
[2025-07-31T12:08:00.608+0000] {logging_mixin.py:188} INFO - Test 18/18: {'changepoint_prior_scale': 0.1, 'seasonality_prior_scale': 10.0, 'seasonality_mode': 'multiplicative'}
[2025-07-31T12:08:00.629+0000] {filesystem.py:118} DEBUG - input tempfile: /tmp/tmpl6vy108_/c39idvek.json
[2025-07-31T12:08:00.680+0000] {filesystem.py:118} DEBUG - input tempfile: /tmp/tmpl6vy108_/2cbkv7mb.json
[2025-07-31T12:08:00.682+0000] {model.py:2042} DEBUG - idx 0
[2025-07-31T12:08:00.683+0000] {model.py:2043} DEBUG - running CmdStan, num_threads: None
[2025-07-31T12:08:00.683+0000] {model.py:2055} DEBUG - CmdStan args: ['/home/airflow/.local/lib/python3.11/site-packages/prophet/stan_model/prophet_model.bin', 'random', 'seed=33521', 'data', 'file=/tmp/tmpl6vy108_/c39idvek.json', 'init=/tmp/tmpl6vy108_/2cbkv7mb.json', 'output', 'file=/tmp/tmpl6vy108_/prophet_modelus0eocyt/prophet_model-20250731120800.csv', 'method=optimize', 'algorithm=lbfgs', 'iter=10000']
[2025-07-31T12:08:00.684+0000] {logging_mixin.py:188} WARNING - 12:08:00 - cmdstanpy - INFO - Chain [1] start processing
[2025-07-31T12:08:00.684+0000] {model.py:2058} INFO - Chain [1] start processing
[2025-07-31T12:08:00.790+0000] {logging_mixin.py:188} WARNING - 12:08:00 - cmdstanpy - INFO - Chain [1] done processing
[2025-07-31T12:08:00.790+0000] {model.py:2115} INFO - Chain [1] done processing
[2025-07-31T12:08:00.794+0000] {logging_mixin.py:188} INFO - Erreur pour {'changepoint_prior_scale': 0.1, 'seasonality_prior_scale': 10.0, 'seasonality_mode': 'multiplicative'}: Less data than horizon after initial window. Make horizon or initial shorter.
[2025-07-31T12:08:00.795+0000] {taskinstance.py:441} INFO - ::group::Post task execution logs
[2025-07-31T12:08:00.796+0000] {taskinstance.py:2905} ERROR - Task failed with exception
Traceback (most recent call last):
  File "/home/airflow/.local/lib/python3.11/site-packages/airflow/models/taskinstance.py", line 465, in _execute_task
    result = _execute_callable(context=context, **execute_callable_kwargs)
             ^^^^^^^^^^^^^^^^^^^^^^^^^^^^^^^^^^^^^^^^^^^^^^^^^^^^^^^^^^^^^
  File "/home/airflow/.local/lib/python3.11/site-packages/airflow/models/taskinstance.py", line 432, in _execute_callable
    return execute_callable(context=context, **execute_callable_kwargs)
           ^^^^^^^^^^^^^^^^^^^^^^^^^^^^^^^^^^^^^^^^^^^^^^^^^^^^^^^^^^^^
  File "/home/airflow/.local/lib/python3.11/site-packages/airflow/models/baseoperator.py", line 401, in wrapper
    return func(self, *args, **kwargs)
           ^^^^^^^^^^^^^^^^^^^^^^^^^^^
  File "/home/airflow/.local/lib/python3.11/site-packages/airflow/operators/python.py", line 235, in execute
    return_value = self.execute_callable()
                   ^^^^^^^^^^^^^^^^^^^^^^^
  File "/home/airflow/.local/lib/python3.11/site-packages/airflow/operators/python.py", line 252, in execute_callable
    return self.python_callable(*self.op_args, **self.op_kwargs)
           ^^^^^^^^^^^^^^^^^^^^^^^^^^^^^^^^^^^^^^^^^^^^^^^^^^^^^
  File "/opt/airflow/dags/scripts/train_prophet.py", line 92, in train_prophet
    best_model_temp, scores_temp = optimize_prophet_model(temp_df)
                                   ^^^^^^^^^^^^^^^^^^^^^^^^^^^^^^^
  File "/opt/airflow/dags/scripts/train_prophet.py", line 44, in optimize_prophet_model
    best = min(results, key=lambda x: x[1])
           ^^^^^^^^^^^^^^^^^^^^^^^^^^^^^^^^
ValueError: min() arg is an empty sequence
[2025-07-31T12:08:00.829+0000] {taskinstance.py:1206} INFO - Marking task as FAILED. dag_id=solar_ai_pipeline_2, task_id=train_prophet, run_id=scheduled__2023-07-20T00:00:00+00:00, execution_date=20230720T000000, start_date=20250731T120755, end_date=20250731T120800
[2025-07-31T12:08:01.057+0000] {standard_task_runner.py:110} ERROR - Failed to execute job 2949 for task train_prophet (min() arg is an empty sequence; 6686)
[2025-07-31T12:08:01.120+0000] {local_task_job_runner.py:240} INFO - Task exited with return code 1
[2025-07-31T12:08:01.218+0000] {taskinstance.py:3503} INFO - 0 downstream tasks scheduled from follow-on schedule check
[2025-07-31T12:08:01.290+0000] {local_task_job_runner.py:222} INFO - ::endgroup::
