[2025-07-31T11:57:25.594+0000] {local_task_job_runner.py:120} INFO - ::group::Pre task execution logs
[2025-07-31T11:57:25.755+0000] {taskinstance.py:2076} INFO - Dependencies all met for dep_context=non-requeueable deps ti=<TaskInstance: solar_ai_pipeline_2.train_prophet scheduled__2023-07-20T00:00:00+00:00 [queued]>
[2025-07-31T11:57:25.826+0000] {taskinstance.py:2076} INFO - Dependencies all met for dep_context=requeueable deps ti=<TaskInstance: solar_ai_pipeline_2.train_prophet scheduled__2023-07-20T00:00:00+00:00 [queued]>
[2025-07-31T11:57:25.832+0000] {taskinstance.py:2306} INFO - Starting attempt 3 of 4
[2025-07-31T11:57:25.951+0000] {taskinstance.py:2330} INFO - Executing <Task(PythonOperator): train_prophet> on 2023-07-20 00:00:00+00:00
[2025-07-31T11:57:25.963+0000] {standard_task_runner.py:63} INFO - Started process 4066 to run task
[2025-07-31T11:57:25.972+0000] {standard_task_runner.py:90} INFO - Running: ['airflow', 'tasks', 'run', 'solar_ai_pipeline_2', 'train_prophet', 'scheduled__2023-07-20T00:00:00+00:00', '--job-id', '2920', '--raw', '--subdir', 'DAGS_FOLDER/prophet_pipeline.py', '--cfg-path', '/tmp/tmpi0vwfvhb']
[2025-07-31T11:57:25.979+0000] {standard_task_runner.py:91} INFO - Job 2920: Subtask train_prophet
[2025-07-31T11:57:26.307+0000] {task_command.py:426} INFO - Running <TaskInstance: solar_ai_pipeline_2.train_prophet scheduled__2023-07-20T00:00:00+00:00 [running]> on host a2a0dd314bdc
[2025-07-31T11:57:26.821+0000] {taskinstance.py:2648} INFO - Exporting env vars: AIRFLOW_CTX_DAG_OWNER='ensam' AIRFLOW_CTX_DAG_ID='solar_ai_pipeline_2' AIRFLOW_CTX_TASK_ID='train_prophet' AIRFLOW_CTX_EXECUTION_DATE='2023-07-20T00:00:00+00:00' AIRFLOW_CTX_TRY_NUMBER='3' AIRFLOW_CTX_DAG_RUN_ID='scheduled__2023-07-20T00:00:00+00:00'
[2025-07-31T11:57:26.823+0000] {taskinstance.py:430} INFO - ::endgroup::
[2025-07-31T11:57:27.799+0000] {plot.py:39} ERROR - Importing plotly failed. Interactive plots will not work.
[2025-07-31T11:57:27.810+0000] {logging_mixin.py:188} INFO - Training from 2023-01-01 to 2023-01-21
[2025-07-31T11:57:28.295+0000] {logging_mixin.py:188} INFO - Test 1/18: {'changepoint_prior_scale': 0.01, 'seasonality_prior_scale': 1.0, 'seasonality_mode': 'additive'}
[2025-07-31T11:57:28.387+0000] {filesystem.py:118} DEBUG - input tempfile: /tmp/tmpm89q3fjl/sh9s3qom.json
[2025-07-31T11:57:28.438+0000] {filesystem.py:118} DEBUG - input tempfile: /tmp/tmpm89q3fjl/a1edqet8.json
[2025-07-31T11:57:28.443+0000] {model.py:2042} DEBUG - idx 0
[2025-07-31T11:57:28.444+0000] {model.py:2043} DEBUG - running CmdStan, num_threads: None
[2025-07-31T11:57:28.445+0000] {model.py:2055} DEBUG - CmdStan args: ['/home/airflow/.local/lib/python3.11/site-packages/prophet/stan_model/prophet_model.bin', 'random', 'seed=85161', 'data', 'file=/tmp/tmpm89q3fjl/sh9s3qom.json', 'init=/tmp/tmpm89q3fjl/a1edqet8.json', 'output', 'file=/tmp/tmpm89q3fjl/prophet_modelx4mn8p_c/prophet_model-20250731115728.csv', 'method=optimize', 'algorithm=lbfgs', 'iter=10000']
[2025-07-31T11:57:28.445+0000] {logging_mixin.py:188} WARNING - 11:57:28 - cmdstanpy - INFO - Chain [1] start processing
[2025-07-31T11:57:28.445+0000] {model.py:2058} INFO - Chain [1] start processing
[2025-07-31T11:57:28.508+0000] {logging_mixin.py:188} WARNING - 11:57:28 - cmdstanpy - INFO - Chain [1] done processing
[2025-07-31T11:57:28.508+0000] {model.py:2115} INFO - Chain [1] done processing
[2025-07-31T11:57:28.514+0000] {logging_mixin.py:188} INFO - Erreur pour {'changepoint_prior_scale': 0.01, 'seasonality_prior_scale': 1.0, 'seasonality_mode': 'additive'}: Less data than horizon after initial window. Make horizon or initial shorter.
[2025-07-31T11:57:28.515+0000] {logging_mixin.py:188} INFO - Test 2/18: {'changepoint_prior_scale': 0.01, 'seasonality_prior_scale': 1.0, 'seasonality_mode': 'multiplicative'}
[2025-07-31T11:57:28.552+0000] {filesystem.py:118} DEBUG - input tempfile: /tmp/tmpm89q3fjl/0laiptn1.json
[2025-07-31T11:57:28.605+0000] {filesystem.py:118} DEBUG - input tempfile: /tmp/tmpm89q3fjl/g4ykl7ns.json
[2025-07-31T11:57:28.607+0000] {model.py:2042} DEBUG - idx 0
[2025-07-31T11:57:28.608+0000] {model.py:2043} DEBUG - running CmdStan, num_threads: None
[2025-07-31T11:57:28.608+0000] {model.py:2055} DEBUG - CmdStan args: ['/home/airflow/.local/lib/python3.11/site-packages/prophet/stan_model/prophet_model.bin', 'random', 'seed=60705', 'data', 'file=/tmp/tmpm89q3fjl/0laiptn1.json', 'init=/tmp/tmpm89q3fjl/g4ykl7ns.json', 'output', 'file=/tmp/tmpm89q3fjl/prophet_modellq0ksysb/prophet_model-20250731115728.csv', 'method=optimize', 'algorithm=lbfgs', 'iter=10000']
[2025-07-31T11:57:28.609+0000] {logging_mixin.py:188} WARNING - 11:57:28 - cmdstanpy - INFO - Chain [1] start processing
[2025-07-31T11:57:28.609+0000] {model.py:2058} INFO - Chain [1] start processing
[2025-07-31T11:57:28.679+0000] {logging_mixin.py:188} WARNING - 11:57:28 - cmdstanpy - INFO - Chain [1] done processing
[2025-07-31T11:57:28.679+0000] {model.py:2115} INFO - Chain [1] done processing
[2025-07-31T11:57:28.683+0000] {logging_mixin.py:188} INFO - Erreur pour {'changepoint_prior_scale': 0.01, 'seasonality_prior_scale': 1.0, 'seasonality_mode': 'multiplicative'}: Less data than horizon after initial window. Make horizon or initial shorter.
[2025-07-31T11:57:28.683+0000] {logging_mixin.py:188} INFO - Test 3/18: {'changepoint_prior_scale': 0.01, 'seasonality_prior_scale': 5.0, 'seasonality_mode': 'additive'}
[2025-07-31T11:57:28.700+0000] {filesystem.py:118} DEBUG - input tempfile: /tmp/tmpm89q3fjl/l1lzp9mb.json
[2025-07-31T11:57:28.750+0000] {filesystem.py:118} DEBUG - input tempfile: /tmp/tmpm89q3fjl/uosvb1yu.json
[2025-07-31T11:57:28.752+0000] {model.py:2042} DEBUG - idx 0
[2025-07-31T11:57:28.752+0000] {model.py:2043} DEBUG - running CmdStan, num_threads: None
[2025-07-31T11:57:28.753+0000] {model.py:2055} DEBUG - CmdStan args: ['/home/airflow/.local/lib/python3.11/site-packages/prophet/stan_model/prophet_model.bin', 'random', 'seed=29687', 'data', 'file=/tmp/tmpm89q3fjl/l1lzp9mb.json', 'init=/tmp/tmpm89q3fjl/uosvb1yu.json', 'output', 'file=/tmp/tmpm89q3fjl/prophet_modelpvh4u169/prophet_model-20250731115728.csv', 'method=optimize', 'algorithm=lbfgs', 'iter=10000']
[2025-07-31T11:57:28.753+0000] {logging_mixin.py:188} WARNING - 11:57:28 - cmdstanpy - INFO - Chain [1] start processing
[2025-07-31T11:57:28.753+0000] {model.py:2058} INFO - Chain [1] start processing
[2025-07-31T11:57:28.802+0000] {logging_mixin.py:188} WARNING - 11:57:28 - cmdstanpy - INFO - Chain [1] done processing
[2025-07-31T11:57:28.802+0000] {model.py:2115} INFO - Chain [1] done processing
[2025-07-31T11:57:28.807+0000] {logging_mixin.py:188} INFO - Erreur pour {'changepoint_prior_scale': 0.01, 'seasonality_prior_scale': 5.0, 'seasonality_mode': 'additive'}: Less data than horizon after initial window. Make horizon or initial shorter.
[2025-07-31T11:57:28.808+0000] {logging_mixin.py:188} INFO - Test 4/18: {'changepoint_prior_scale': 0.01, 'seasonality_prior_scale': 5.0, 'seasonality_mode': 'multiplicative'}
[2025-07-31T11:57:28.828+0000] {filesystem.py:118} DEBUG - input tempfile: /tmp/tmpm89q3fjl/f6ec13j6.json
[2025-07-31T11:57:28.921+0000] {filesystem.py:118} DEBUG - input tempfile: /tmp/tmpm89q3fjl/i2kwx0e2.json
[2025-07-31T11:57:28.923+0000] {model.py:2042} DEBUG - idx 0
[2025-07-31T11:57:28.924+0000] {model.py:2043} DEBUG - running CmdStan, num_threads: None
[2025-07-31T11:57:28.924+0000] {model.py:2055} DEBUG - CmdStan args: ['/home/airflow/.local/lib/python3.11/site-packages/prophet/stan_model/prophet_model.bin', 'random', 'seed=98521', 'data', 'file=/tmp/tmpm89q3fjl/f6ec13j6.json', 'init=/tmp/tmpm89q3fjl/i2kwx0e2.json', 'output', 'file=/tmp/tmpm89q3fjl/prophet_modeldd_8r7bn/prophet_model-20250731115728.csv', 'method=optimize', 'algorithm=lbfgs', 'iter=10000']
[2025-07-31T11:57:28.925+0000] {logging_mixin.py:188} WARNING - 11:57:28 - cmdstanpy - INFO - Chain [1] start processing
[2025-07-31T11:57:28.925+0000] {model.py:2058} INFO - Chain [1] start processing
[2025-07-31T11:57:28.981+0000] {logging_mixin.py:188} WARNING - 11:57:28 - cmdstanpy - INFO - Chain [1] done processing
[2025-07-31T11:57:28.980+0000] {model.py:2115} INFO - Chain [1] done processing
[2025-07-31T11:57:28.985+0000] {logging_mixin.py:188} INFO - Erreur pour {'changepoint_prior_scale': 0.01, 'seasonality_prior_scale': 5.0, 'seasonality_mode': 'multiplicative'}: Less data than horizon after initial window. Make horizon or initial shorter.
[2025-07-31T11:57:28.985+0000] {logging_mixin.py:188} INFO - Test 5/18: {'changepoint_prior_scale': 0.01, 'seasonality_prior_scale': 10.0, 'seasonality_mode': 'additive'}
[2025-07-31T11:57:29.003+0000] {filesystem.py:118} DEBUG - input tempfile: /tmp/tmpm89q3fjl/umh2gs_l.json
[2025-07-31T11:57:29.063+0000] {filesystem.py:118} DEBUG - input tempfile: /tmp/tmpm89q3fjl/syfw122u.json
[2025-07-31T11:57:29.065+0000] {model.py:2042} DEBUG - idx 0
[2025-07-31T11:57:29.066+0000] {model.py:2043} DEBUG - running CmdStan, num_threads: None
[2025-07-31T11:57:29.066+0000] {model.py:2055} DEBUG - CmdStan args: ['/home/airflow/.local/lib/python3.11/site-packages/prophet/stan_model/prophet_model.bin', 'random', 'seed=98546', 'data', 'file=/tmp/tmpm89q3fjl/umh2gs_l.json', 'init=/tmp/tmpm89q3fjl/syfw122u.json', 'output', 'file=/tmp/tmpm89q3fjl/prophet_model8q868drx/prophet_model-20250731115729.csv', 'method=optimize', 'algorithm=lbfgs', 'iter=10000']
[2025-07-31T11:57:29.067+0000] {logging_mixin.py:188} WARNING - 11:57:29 - cmdstanpy - INFO - Chain [1] start processing
[2025-07-31T11:57:29.067+0000] {model.py:2058} INFO - Chain [1] start processing
[2025-07-31T11:57:29.116+0000] {logging_mixin.py:188} WARNING - 11:57:29 - cmdstanpy - INFO - Chain [1] done processing
[2025-07-31T11:57:29.116+0000] {model.py:2115} INFO - Chain [1] done processing
[2025-07-31T11:57:29.121+0000] {logging_mixin.py:188} INFO - Erreur pour {'changepoint_prior_scale': 0.01, 'seasonality_prior_scale': 10.0, 'seasonality_mode': 'additive'}: Less data than horizon after initial window. Make horizon or initial shorter.
[2025-07-31T11:57:29.121+0000] {logging_mixin.py:188} INFO - Test 6/18: {'changepoint_prior_scale': 0.01, 'seasonality_prior_scale': 10.0, 'seasonality_mode': 'multiplicative'}
[2025-07-31T11:57:29.142+0000] {filesystem.py:118} DEBUG - input tempfile: /tmp/tmpm89q3fjl/hk37hpbc.json
[2025-07-31T11:57:29.196+0000] {filesystem.py:118} DEBUG - input tempfile: /tmp/tmpm89q3fjl/b00sq_ih.json
[2025-07-31T11:57:29.197+0000] {model.py:2042} DEBUG - idx 0
[2025-07-31T11:57:29.198+0000] {model.py:2043} DEBUG - running CmdStan, num_threads: None
[2025-07-31T11:57:29.199+0000] {model.py:2055} DEBUG - CmdStan args: ['/home/airflow/.local/lib/python3.11/site-packages/prophet/stan_model/prophet_model.bin', 'random', 'seed=73220', 'data', 'file=/tmp/tmpm89q3fjl/hk37hpbc.json', 'init=/tmp/tmpm89q3fjl/b00sq_ih.json', 'output', 'file=/tmp/tmpm89q3fjl/prophet_modelt9d9x5eo/prophet_model-20250731115729.csv', 'method=optimize', 'algorithm=lbfgs', 'iter=10000']
[2025-07-31T11:57:29.199+0000] {logging_mixin.py:188} WARNING - 11:57:29 - cmdstanpy - INFO - Chain [1] start processing
[2025-07-31T11:57:29.199+0000] {model.py:2058} INFO - Chain [1] start processing
[2025-07-31T11:57:29.244+0000] {logging_mixin.py:188} WARNING - 11:57:29 - cmdstanpy - INFO - Chain [1] done processing
[2025-07-31T11:57:29.244+0000] {model.py:2115} INFO - Chain [1] done processing
[2025-07-31T11:57:29.250+0000] {logging_mixin.py:188} INFO - Erreur pour {'changepoint_prior_scale': 0.01, 'seasonality_prior_scale': 10.0, 'seasonality_mode': 'multiplicative'}: Less data than horizon after initial window. Make horizon or initial shorter.
[2025-07-31T11:57:29.251+0000] {logging_mixin.py:188} INFO - Test 7/18: {'changepoint_prior_scale': 0.05, 'seasonality_prior_scale': 1.0, 'seasonality_mode': 'additive'}
[2025-07-31T11:57:29.277+0000] {filesystem.py:118} DEBUG - input tempfile: /tmp/tmpm89q3fjl/df973qic.json
[2025-07-31T11:57:29.348+0000] {filesystem.py:118} DEBUG - input tempfile: /tmp/tmpm89q3fjl/rdde37vu.json
[2025-07-31T11:57:29.350+0000] {model.py:2042} DEBUG - idx 0
[2025-07-31T11:57:29.351+0000] {model.py:2043} DEBUG - running CmdStan, num_threads: None
[2025-07-31T11:57:29.351+0000] {model.py:2055} DEBUG - CmdStan args: ['/home/airflow/.local/lib/python3.11/site-packages/prophet/stan_model/prophet_model.bin', 'random', 'seed=94788', 'data', 'file=/tmp/tmpm89q3fjl/df973qic.json', 'init=/tmp/tmpm89q3fjl/rdde37vu.json', 'output', 'file=/tmp/tmpm89q3fjl/prophet_modelehsun103/prophet_model-20250731115729.csv', 'method=optimize', 'algorithm=lbfgs', 'iter=10000']
[2025-07-31T11:57:29.352+0000] {logging_mixin.py:188} WARNING - 11:57:29 - cmdstanpy - INFO - Chain [1] start processing
[2025-07-31T11:57:29.352+0000] {model.py:2058} INFO - Chain [1] start processing
[2025-07-31T11:57:29.396+0000] {logging_mixin.py:188} WARNING - 11:57:29 - cmdstanpy - INFO - Chain [1] done processing
[2025-07-31T11:57:29.396+0000] {model.py:2115} INFO - Chain [1] done processing
[2025-07-31T11:57:29.402+0000] {logging_mixin.py:188} INFO - Erreur pour {'changepoint_prior_scale': 0.05, 'seasonality_prior_scale': 1.0, 'seasonality_mode': 'additive'}: Less data than horizon after initial window. Make horizon or initial shorter.
[2025-07-31T11:57:29.403+0000] {logging_mixin.py:188} INFO - Test 8/18: {'changepoint_prior_scale': 0.05, 'seasonality_prior_scale': 1.0, 'seasonality_mode': 'multiplicative'}
[2025-07-31T11:57:29.436+0000] {filesystem.py:118} DEBUG - input tempfile: /tmp/tmpm89q3fjl/_s7gsyaq.json
[2025-07-31T11:57:29.487+0000] {filesystem.py:118} DEBUG - input tempfile: /tmp/tmpm89q3fjl/rey29l4t.json
[2025-07-31T11:57:29.489+0000] {model.py:2042} DEBUG - idx 0
[2025-07-31T11:57:29.490+0000] {model.py:2043} DEBUG - running CmdStan, num_threads: None
[2025-07-31T11:57:29.490+0000] {model.py:2055} DEBUG - CmdStan args: ['/home/airflow/.local/lib/python3.11/site-packages/prophet/stan_model/prophet_model.bin', 'random', 'seed=77807', 'data', 'file=/tmp/tmpm89q3fjl/_s7gsyaq.json', 'init=/tmp/tmpm89q3fjl/rey29l4t.json', 'output', 'file=/tmp/tmpm89q3fjl/prophet_modelbzid7pzc/prophet_model-20250731115729.csv', 'method=optimize', 'algorithm=lbfgs', 'iter=10000']
[2025-07-31T11:57:29.491+0000] {logging_mixin.py:188} WARNING - 11:57:29 - cmdstanpy - INFO - Chain [1] start processing
[2025-07-31T11:57:29.491+0000] {model.py:2058} INFO - Chain [1] start processing
[2025-07-31T11:57:29.554+0000] {logging_mixin.py:188} WARNING - 11:57:29 - cmdstanpy - INFO - Chain [1] done processing
[2025-07-31T11:57:29.553+0000] {model.py:2115} INFO - Chain [1] done processing
[2025-07-31T11:57:29.558+0000] {logging_mixin.py:188} INFO - Erreur pour {'changepoint_prior_scale': 0.05, 'seasonality_prior_scale': 1.0, 'seasonality_mode': 'multiplicative'}: Less data than horizon after initial window. Make horizon or initial shorter.
[2025-07-31T11:57:29.558+0000] {logging_mixin.py:188} INFO - Test 9/18: {'changepoint_prior_scale': 0.05, 'seasonality_prior_scale': 5.0, 'seasonality_mode': 'additive'}
[2025-07-31T11:57:29.577+0000] {filesystem.py:118} DEBUG - input tempfile: /tmp/tmpm89q3fjl/0k98bt_e.json
[2025-07-31T11:57:29.641+0000] {filesystem.py:118} DEBUG - input tempfile: /tmp/tmpm89q3fjl/s0yvxb63.json
[2025-07-31T11:57:29.642+0000] {model.py:2042} DEBUG - idx 0
[2025-07-31T11:57:29.643+0000] {model.py:2043} DEBUG - running CmdStan, num_threads: None
[2025-07-31T11:57:29.643+0000] {model.py:2055} DEBUG - CmdStan args: ['/home/airflow/.local/lib/python3.11/site-packages/prophet/stan_model/prophet_model.bin', 'random', 'seed=91882', 'data', 'file=/tmp/tmpm89q3fjl/0k98bt_e.json', 'init=/tmp/tmpm89q3fjl/s0yvxb63.json', 'output', 'file=/tmp/tmpm89q3fjl/prophet_modelepsim17n/prophet_model-20250731115729.csv', 'method=optimize', 'algorithm=lbfgs', 'iter=10000']
[2025-07-31T11:57:29.644+0000] {logging_mixin.py:188} WARNING - 11:57:29 - cmdstanpy - INFO - Chain [1] start processing
[2025-07-31T11:57:29.644+0000] {model.py:2058} INFO - Chain [1] start processing
[2025-07-31T11:57:29.690+0000] {logging_mixin.py:188} WARNING - 11:57:29 - cmdstanpy - INFO - Chain [1] done processing
[2025-07-31T11:57:29.690+0000] {model.py:2115} INFO - Chain [1] done processing
[2025-07-31T11:57:29.696+0000] {logging_mixin.py:188} INFO - Erreur pour {'changepoint_prior_scale': 0.05, 'seasonality_prior_scale': 5.0, 'seasonality_mode': 'additive'}: Less data than horizon after initial window. Make horizon or initial shorter.
[2025-07-31T11:57:29.697+0000] {logging_mixin.py:188} INFO - Test 10/18: {'changepoint_prior_scale': 0.05, 'seasonality_prior_scale': 5.0, 'seasonality_mode': 'multiplicative'}
[2025-07-31T11:57:29.732+0000] {filesystem.py:118} DEBUG - input tempfile: /tmp/tmpm89q3fjl/c9xjcfny.json
[2025-07-31T11:57:29.806+0000] {filesystem.py:118} DEBUG - input tempfile: /tmp/tmpm89q3fjl/4zx8unuv.json
[2025-07-31T11:57:29.808+0000] {model.py:2042} DEBUG - idx 0
[2025-07-31T11:57:29.809+0000] {model.py:2043} DEBUG - running CmdStan, num_threads: None
[2025-07-31T11:57:29.810+0000] {model.py:2055} DEBUG - CmdStan args: ['/home/airflow/.local/lib/python3.11/site-packages/prophet/stan_model/prophet_model.bin', 'random', 'seed=40269', 'data', 'file=/tmp/tmpm89q3fjl/c9xjcfny.json', 'init=/tmp/tmpm89q3fjl/4zx8unuv.json', 'output', 'file=/tmp/tmpm89q3fjl/prophet_modelgxmpjdd1/prophet_model-20250731115729.csv', 'method=optimize', 'algorithm=lbfgs', 'iter=10000']
[2025-07-31T11:57:29.810+0000] {logging_mixin.py:188} WARNING - 11:57:29 - cmdstanpy - INFO - Chain [1] start processing
[2025-07-31T11:57:29.810+0000] {model.py:2058} INFO - Chain [1] start processing
[2025-07-31T11:57:29.867+0000] {logging_mixin.py:188} WARNING - 11:57:29 - cmdstanpy - INFO - Chain [1] done processing
[2025-07-31T11:57:29.867+0000] {model.py:2115} INFO - Chain [1] done processing
[2025-07-31T11:57:29.871+0000] {logging_mixin.py:188} INFO - Erreur pour {'changepoint_prior_scale': 0.05, 'seasonality_prior_scale': 5.0, 'seasonality_mode': 'multiplicative'}: Less data than horizon after initial window. Make horizon or initial shorter.
[2025-07-31T11:57:29.872+0000] {logging_mixin.py:188} INFO - Test 11/18: {'changepoint_prior_scale': 0.05, 'seasonality_prior_scale': 10.0, 'seasonality_mode': 'additive'}
[2025-07-31T11:57:29.890+0000] {filesystem.py:118} DEBUG - input tempfile: /tmp/tmpm89q3fjl/ga6q29j0.json
[2025-07-31T11:57:29.955+0000] {filesystem.py:118} DEBUG - input tempfile: /tmp/tmpm89q3fjl/2zdomgor.json
[2025-07-31T11:57:29.958+0000] {model.py:2042} DEBUG - idx 0
[2025-07-31T11:57:29.959+0000] {model.py:2043} DEBUG - running CmdStan, num_threads: None
[2025-07-31T11:57:29.960+0000] {model.py:2055} DEBUG - CmdStan args: ['/home/airflow/.local/lib/python3.11/site-packages/prophet/stan_model/prophet_model.bin', 'random', 'seed=76654', 'data', 'file=/tmp/tmpm89q3fjl/ga6q29j0.json', 'init=/tmp/tmpm89q3fjl/2zdomgor.json', 'output', 'file=/tmp/tmpm89q3fjl/prophet_modelebt9mq_g/prophet_model-20250731115729.csv', 'method=optimize', 'algorithm=lbfgs', 'iter=10000']
[2025-07-31T11:57:29.961+0000] {logging_mixin.py:188} WARNING - 11:57:29 - cmdstanpy - INFO - Chain [1] start processing
[2025-07-31T11:57:29.961+0000] {model.py:2058} INFO - Chain [1] start processing
[2025-07-31T11:57:30.034+0000] {logging_mixin.py:188} WARNING - 11:57:30 - cmdstanpy - INFO - Chain [1] done processing
[2025-07-31T11:57:30.034+0000] {model.py:2115} INFO - Chain [1] done processing
[2025-07-31T11:57:30.039+0000] {logging_mixin.py:188} INFO - Erreur pour {'changepoint_prior_scale': 0.05, 'seasonality_prior_scale': 10.0, 'seasonality_mode': 'additive'}: Less data than horizon after initial window. Make horizon or initial shorter.
[2025-07-31T11:57:30.040+0000] {logging_mixin.py:188} INFO - Test 12/18: {'changepoint_prior_scale': 0.05, 'seasonality_prior_scale': 10.0, 'seasonality_mode': 'multiplicative'}
[2025-07-31T11:57:30.063+0000] {filesystem.py:118} DEBUG - input tempfile: /tmp/tmpm89q3fjl/gxcswkps.json
[2025-07-31T11:57:30.134+0000] {filesystem.py:118} DEBUG - input tempfile: /tmp/tmpm89q3fjl/qxdh9cts.json
[2025-07-31T11:57:30.136+0000] {model.py:2042} DEBUG - idx 0
[2025-07-31T11:57:30.136+0000] {model.py:2043} DEBUG - running CmdStan, num_threads: None
[2025-07-31T11:57:30.137+0000] {model.py:2055} DEBUG - CmdStan args: ['/home/airflow/.local/lib/python3.11/site-packages/prophet/stan_model/prophet_model.bin', 'random', 'seed=39035', 'data', 'file=/tmp/tmpm89q3fjl/gxcswkps.json', 'init=/tmp/tmpm89q3fjl/qxdh9cts.json', 'output', 'file=/tmp/tmpm89q3fjl/prophet_modelumlhyf3l/prophet_model-20250731115730.csv', 'method=optimize', 'algorithm=lbfgs', 'iter=10000']
[2025-07-31T11:57:30.138+0000] {logging_mixin.py:188} WARNING - 11:57:30 - cmdstanpy - INFO - Chain [1] start processing
[2025-07-31T11:57:30.138+0000] {model.py:2058} INFO - Chain [1] start processing
[2025-07-31T11:57:30.193+0000] {logging_mixin.py:188} WARNING - 11:57:30 - cmdstanpy - INFO - Chain [1] done processing
[2025-07-31T11:57:30.193+0000] {model.py:2115} INFO - Chain [1] done processing
[2025-07-31T11:57:30.198+0000] {logging_mixin.py:188} INFO - Erreur pour {'changepoint_prior_scale': 0.05, 'seasonality_prior_scale': 10.0, 'seasonality_mode': 'multiplicative'}: Less data than horizon after initial window. Make horizon or initial shorter.
[2025-07-31T11:57:30.199+0000] {logging_mixin.py:188} INFO - Test 13/18: {'changepoint_prior_scale': 0.1, 'seasonality_prior_scale': 1.0, 'seasonality_mode': 'additive'}
[2025-07-31T11:57:30.217+0000] {filesystem.py:118} DEBUG - input tempfile: /tmp/tmpm89q3fjl/1c0dk9gj.json
[2025-07-31T11:57:30.276+0000] {filesystem.py:118} DEBUG - input tempfile: /tmp/tmpm89q3fjl/ye0qois6.json
[2025-07-31T11:57:30.278+0000] {model.py:2042} DEBUG - idx 0
[2025-07-31T11:57:30.278+0000] {model.py:2043} DEBUG - running CmdStan, num_threads: None
[2025-07-31T11:57:30.279+0000] {model.py:2055} DEBUG - CmdStan args: ['/home/airflow/.local/lib/python3.11/site-packages/prophet/stan_model/prophet_model.bin', 'random', 'seed=21504', 'data', 'file=/tmp/tmpm89q3fjl/1c0dk9gj.json', 'init=/tmp/tmpm89q3fjl/ye0qois6.json', 'output', 'file=/tmp/tmpm89q3fjl/prophet_model8ipwlj92/prophet_model-20250731115730.csv', 'method=optimize', 'algorithm=lbfgs', 'iter=10000']
[2025-07-31T11:57:30.280+0000] {logging_mixin.py:188} WARNING - 11:57:30 - cmdstanpy - INFO - Chain [1] start processing
[2025-07-31T11:57:30.279+0000] {model.py:2058} INFO - Chain [1] start processing
[2025-07-31T11:57:30.339+0000] {logging_mixin.py:188} WARNING - 11:57:30 - cmdstanpy - INFO - Chain [1] done processing
[2025-07-31T11:57:30.339+0000] {model.py:2115} INFO - Chain [1] done processing
[2025-07-31T11:57:30.343+0000] {logging_mixin.py:188} INFO - Erreur pour {'changepoint_prior_scale': 0.1, 'seasonality_prior_scale': 1.0, 'seasonality_mode': 'additive'}: Less data than horizon after initial window. Make horizon or initial shorter.
[2025-07-31T11:57:30.344+0000] {logging_mixin.py:188} INFO - Test 14/18: {'changepoint_prior_scale': 0.1, 'seasonality_prior_scale': 1.0, 'seasonality_mode': 'multiplicative'}
[2025-07-31T11:57:30.365+0000] {filesystem.py:118} DEBUG - input tempfile: /tmp/tmpm89q3fjl/kb2l0tcx.json
[2025-07-31T11:57:30.429+0000] {filesystem.py:118} DEBUG - input tempfile: /tmp/tmpm89q3fjl/zxfa79f2.json
[2025-07-31T11:57:30.431+0000] {model.py:2042} DEBUG - idx 0
[2025-07-31T11:57:30.432+0000] {model.py:2043} DEBUG - running CmdStan, num_threads: None
[2025-07-31T11:57:30.432+0000] {model.py:2055} DEBUG - CmdStan args: ['/home/airflow/.local/lib/python3.11/site-packages/prophet/stan_model/prophet_model.bin', 'random', 'seed=28087', 'data', 'file=/tmp/tmpm89q3fjl/kb2l0tcx.json', 'init=/tmp/tmpm89q3fjl/zxfa79f2.json', 'output', 'file=/tmp/tmpm89q3fjl/prophet_modelzhz56hcf/prophet_model-20250731115730.csv', 'method=optimize', 'algorithm=lbfgs', 'iter=10000']
[2025-07-31T11:57:30.433+0000] {logging_mixin.py:188} WARNING - 11:57:30 - cmdstanpy - INFO - Chain [1] start processing
[2025-07-31T11:57:30.433+0000] {model.py:2058} INFO - Chain [1] start processing
[2025-07-31T11:57:30.490+0000] {logging_mixin.py:188} WARNING - 11:57:30 - cmdstanpy - INFO - Chain [1] done processing
[2025-07-31T11:57:30.490+0000] {model.py:2115} INFO - Chain [1] done processing
[2025-07-31T11:57:30.497+0000] {logging_mixin.py:188} INFO - Erreur pour {'changepoint_prior_scale': 0.1, 'seasonality_prior_scale': 1.0, 'seasonality_mode': 'multiplicative'}: Less data than horizon after initial window. Make horizon or initial shorter.
[2025-07-31T11:57:30.498+0000] {logging_mixin.py:188} INFO - Test 15/18: {'changepoint_prior_scale': 0.1, 'seasonality_prior_scale': 5.0, 'seasonality_mode': 'additive'}
[2025-07-31T11:57:30.534+0000] {filesystem.py:118} DEBUG - input tempfile: /tmp/tmpm89q3fjl/iavy24io.json
[2025-07-31T11:57:30.588+0000] {filesystem.py:118} DEBUG - input tempfile: /tmp/tmpm89q3fjl/p9fty7_2.json
[2025-07-31T11:57:30.590+0000] {model.py:2042} DEBUG - idx 0
[2025-07-31T11:57:30.591+0000] {model.py:2043} DEBUG - running CmdStan, num_threads: None
[2025-07-31T11:57:30.592+0000] {model.py:2055} DEBUG - CmdStan args: ['/home/airflow/.local/lib/python3.11/site-packages/prophet/stan_model/prophet_model.bin', 'random', 'seed=30213', 'data', 'file=/tmp/tmpm89q3fjl/iavy24io.json', 'init=/tmp/tmpm89q3fjl/p9fty7_2.json', 'output', 'file=/tmp/tmpm89q3fjl/prophet_modelh7pxxrqi/prophet_model-20250731115730.csv', 'method=optimize', 'algorithm=lbfgs', 'iter=10000']
[2025-07-31T11:57:30.592+0000] {logging_mixin.py:188} WARNING - 11:57:30 - cmdstanpy - INFO - Chain [1] start processing
[2025-07-31T11:57:30.592+0000] {model.py:2058} INFO - Chain [1] start processing
[2025-07-31T11:57:30.663+0000] {logging_mixin.py:188} WARNING - 11:57:30 - cmdstanpy - INFO - Chain [1] done processing
[2025-07-31T11:57:30.663+0000] {model.py:2115} INFO - Chain [1] done processing
[2025-07-31T11:57:30.671+0000] {logging_mixin.py:188} INFO - Erreur pour {'changepoint_prior_scale': 0.1, 'seasonality_prior_scale': 5.0, 'seasonality_mode': 'additive'}: Less data than horizon after initial window. Make horizon or initial shorter.
[2025-07-31T11:57:30.672+0000] {logging_mixin.py:188} INFO - Test 16/18: {'changepoint_prior_scale': 0.1, 'seasonality_prior_scale': 5.0, 'seasonality_mode': 'multiplicative'}
[2025-07-31T11:57:30.708+0000] {filesystem.py:118} DEBUG - input tempfile: /tmp/tmpm89q3fjl/q9so9dg9.json
[2025-07-31T11:57:30.760+0000] {filesystem.py:118} DEBUG - input tempfile: /tmp/tmpm89q3fjl/9loz7gf8.json
[2025-07-31T11:57:30.762+0000] {model.py:2042} DEBUG - idx 0
[2025-07-31T11:57:30.762+0000] {model.py:2043} DEBUG - running CmdStan, num_threads: None
[2025-07-31T11:57:30.763+0000] {model.py:2055} DEBUG - CmdStan args: ['/home/airflow/.local/lib/python3.11/site-packages/prophet/stan_model/prophet_model.bin', 'random', 'seed=92602', 'data', 'file=/tmp/tmpm89q3fjl/q9so9dg9.json', 'init=/tmp/tmpm89q3fjl/9loz7gf8.json', 'output', 'file=/tmp/tmpm89q3fjl/prophet_modelpmm9zch3/prophet_model-20250731115730.csv', 'method=optimize', 'algorithm=lbfgs', 'iter=10000']
[2025-07-31T11:57:30.763+0000] {logging_mixin.py:188} WARNING - 11:57:30 - cmdstanpy - INFO - Chain [1] start processing
[2025-07-31T11:57:30.763+0000] {model.py:2058} INFO - Chain [1] start processing
[2025-07-31T11:57:30.829+0000] {logging_mixin.py:188} WARNING - 11:57:30 - cmdstanpy - INFO - Chain [1] done processing
[2025-07-31T11:57:30.829+0000] {model.py:2115} INFO - Chain [1] done processing
[2025-07-31T11:57:30.833+0000] {logging_mixin.py:188} INFO - Erreur pour {'changepoint_prior_scale': 0.1, 'seasonality_prior_scale': 5.0, 'seasonality_mode': 'multiplicative'}: Less data than horizon after initial window. Make horizon or initial shorter.
[2025-07-31T11:57:30.834+0000] {logging_mixin.py:188} INFO - Test 17/18: {'changepoint_prior_scale': 0.1, 'seasonality_prior_scale': 10.0, 'seasonality_mode': 'additive'}
[2025-07-31T11:57:30.851+0000] {filesystem.py:118} DEBUG - input tempfile: /tmp/tmpm89q3fjl/thtmnpdt.json
[2025-07-31T11:57:30.902+0000] {filesystem.py:118} DEBUG - input tempfile: /tmp/tmpm89q3fjl/_7cqh_ft.json
[2025-07-31T11:57:30.903+0000] {model.py:2042} DEBUG - idx 0
[2025-07-31T11:57:30.904+0000] {model.py:2043} DEBUG - running CmdStan, num_threads: None
[2025-07-31T11:57:30.905+0000] {model.py:2055} DEBUG - CmdStan args: ['/home/airflow/.local/lib/python3.11/site-packages/prophet/stan_model/prophet_model.bin', 'random', 'seed=7939', 'data', 'file=/tmp/tmpm89q3fjl/thtmnpdt.json', 'init=/tmp/tmpm89q3fjl/_7cqh_ft.json', 'output', 'file=/tmp/tmpm89q3fjl/prophet_modelbonb7jd5/prophet_model-20250731115730.csv', 'method=optimize', 'algorithm=lbfgs', 'iter=10000']
[2025-07-31T11:57:30.905+0000] {logging_mixin.py:188} WARNING - 11:57:30 - cmdstanpy - INFO - Chain [1] start processing
[2025-07-31T11:57:30.905+0000] {model.py:2058} INFO - Chain [1] start processing
[2025-07-31T11:57:30.949+0000] {logging_mixin.py:188} WARNING - 11:57:30 - cmdstanpy - INFO - Chain [1] done processing
[2025-07-31T11:57:30.949+0000] {model.py:2115} INFO - Chain [1] done processing
[2025-07-31T11:57:30.953+0000] {logging_mixin.py:188} INFO - Erreur pour {'changepoint_prior_scale': 0.1, 'seasonality_prior_scale': 10.0, 'seasonality_mode': 'additive'}: Less data than horizon after initial window. Make horizon or initial shorter.
[2025-07-31T11:57:30.953+0000] {logging_mixin.py:188} INFO - Test 18/18: {'changepoint_prior_scale': 0.1, 'seasonality_prior_scale': 10.0, 'seasonality_mode': 'multiplicative'}
[2025-07-31T11:57:30.975+0000] {filesystem.py:118} DEBUG - input tempfile: /tmp/tmpm89q3fjl/hngf6jfo.json
[2025-07-31T11:57:31.037+0000] {filesystem.py:118} DEBUG - input tempfile: /tmp/tmpm89q3fjl/jyery9fv.json
[2025-07-31T11:57:31.039+0000] {model.py:2042} DEBUG - idx 0
[2025-07-31T11:57:31.039+0000] {model.py:2043} DEBUG - running CmdStan, num_threads: None
[2025-07-31T11:57:31.040+0000] {model.py:2055} DEBUG - CmdStan args: ['/home/airflow/.local/lib/python3.11/site-packages/prophet/stan_model/prophet_model.bin', 'random', 'seed=12541', 'data', 'file=/tmp/tmpm89q3fjl/hngf6jfo.json', 'init=/tmp/tmpm89q3fjl/jyery9fv.json', 'output', 'file=/tmp/tmpm89q3fjl/prophet_model7fvti_40/prophet_model-20250731115731.csv', 'method=optimize', 'algorithm=lbfgs', 'iter=10000']
[2025-07-31T11:57:31.041+0000] {logging_mixin.py:188} WARNING - 11:57:31 - cmdstanpy - INFO - Chain [1] start processing
[2025-07-31T11:57:31.040+0000] {model.py:2058} INFO - Chain [1] start processing
[2025-07-31T11:57:31.127+0000] {logging_mixin.py:188} WARNING - 11:57:31 - cmdstanpy - INFO - Chain [1] done processing
[2025-07-31T11:57:31.127+0000] {model.py:2115} INFO - Chain [1] done processing
[2025-07-31T11:57:31.131+0000] {logging_mixin.py:188} INFO - Erreur pour {'changepoint_prior_scale': 0.1, 'seasonality_prior_scale': 10.0, 'seasonality_mode': 'multiplicative'}: Less data than horizon after initial window. Make horizon or initial shorter.
[2025-07-31T11:57:31.132+0000] {taskinstance.py:441} INFO - ::group::Post task execution logs
[2025-07-31T11:57:31.132+0000] {taskinstance.py:2905} ERROR - Task failed with exception
Traceback (most recent call last):
  File "/home/airflow/.local/lib/python3.11/site-packages/airflow/models/taskinstance.py", line 465, in _execute_task
    result = _execute_callable(context=context, **execute_callable_kwargs)
             ^^^^^^^^^^^^^^^^^^^^^^^^^^^^^^^^^^^^^^^^^^^^^^^^^^^^^^^^^^^^^
  File "/home/airflow/.local/lib/python3.11/site-packages/airflow/models/taskinstance.py", line 432, in _execute_callable
    return execute_callable(context=context, **execute_callable_kwargs)
           ^^^^^^^^^^^^^^^^^^^^^^^^^^^^^^^^^^^^^^^^^^^^^^^^^^^^^^^^^^^^
  File "/home/airflow/.local/lib/python3.11/site-packages/airflow/models/baseoperator.py", line 401, in wrapper
    return func(self, *args, **kwargs)
           ^^^^^^^^^^^^^^^^^^^^^^^^^^^
  File "/home/airflow/.local/lib/python3.11/site-packages/airflow/operators/python.py", line 235, in execute
    return_value = self.execute_callable()
                   ^^^^^^^^^^^^^^^^^^^^^^^
  File "/home/airflow/.local/lib/python3.11/site-packages/airflow/operators/python.py", line 252, in execute_callable
    return self.python_callable(*self.op_args, **self.op_kwargs)
           ^^^^^^^^^^^^^^^^^^^^^^^^^^^^^^^^^^^^^^^^^^^^^^^^^^^^^
  File "/opt/airflow/dags/scripts/train_prophet.py", line 92, in train_prophet
    best_model_temp, scores_temp = optimize_prophet_model(temp_df)
                                   ^^^^^^^^^^^^^^^^^^^^^^^^^^^^^^^
  File "/opt/airflow/dags/scripts/train_prophet.py", line 44, in optimize_prophet_model
    best = min(results, key=lambda x: x[1])
           ^^^^^^^^^^^^^^^^^^^^^^^^^^^^^^^^
ValueError: min() arg is an empty sequence
[2025-07-31T11:57:31.178+0000] {taskinstance.py:1206} INFO - Marking task as UP_FOR_RETRY. dag_id=solar_ai_pipeline_2, task_id=train_prophet, run_id=scheduled__2023-07-20T00:00:00+00:00, execution_date=20230720T000000, start_date=20250731T115725, end_date=20250731T115731
[2025-07-31T11:57:31.302+0000] {standard_task_runner.py:110} ERROR - Failed to execute job 2920 for task train_prophet (min() arg is an empty sequence; 4066)
[2025-07-31T11:57:31.355+0000] {local_task_job_runner.py:240} INFO - Task exited with return code 1
[2025-07-31T11:57:31.436+0000] {taskinstance.py:3503} INFO - 0 downstream tasks scheduled from follow-on schedule check
[2025-07-31T11:57:31.442+0000] {local_task_job_runner.py:222} INFO - ::endgroup::
