[2025-07-31T12:01:43.955+0000] {local_task_job_runner.py:120} INFO - ::group::Pre task execution logs
[2025-07-31T12:01:44.037+0000] {taskinstance.py:2076} INFO - Dependencies all met for dep_context=non-requeueable deps ti=<TaskInstance: solar_ai_pipeline_2.train_prophet scheduled__2023-07-10T00:00:00+00:00 [queued]>
[2025-07-31T12:01:44.070+0000] {taskinstance.py:2076} INFO - Dependencies all met for dep_context=requeueable deps ti=<TaskInstance: solar_ai_pipeline_2.train_prophet scheduled__2023-07-10T00:00:00+00:00 [queued]>
[2025-07-31T12:01:44.071+0000] {taskinstance.py:2306} INFO - Starting attempt 4 of 4
[2025-07-31T12:01:44.279+0000] {taskinstance.py:2330} INFO - Executing <Task(PythonOperator): train_prophet> on 2023-07-10 00:00:00+00:00
[2025-07-31T12:01:44.288+0000] {standard_task_runner.py:63} INFO - Started process 4266 to run task
[2025-07-31T12:01:44.293+0000] {standard_task_runner.py:90} INFO - Running: ['airflow', 'tasks', 'run', 'solar_ai_pipeline_2', 'train_prophet', 'scheduled__2023-07-10T00:00:00+00:00', '--job-id', '2926', '--raw', '--subdir', 'DAGS_FOLDER/prophet_pipeline.py', '--cfg-path', '/tmp/tmp9qgp9_bq']
[2025-07-31T12:01:44.296+0000] {standard_task_runner.py:91} INFO - Job 2926: Subtask train_prophet
[2025-07-31T12:01:44.448+0000] {task_command.py:426} INFO - Running <TaskInstance: solar_ai_pipeline_2.train_prophet scheduled__2023-07-10T00:00:00+00:00 [running]> on host a2a0dd314bdc
[2025-07-31T12:01:44.694+0000] {taskinstance.py:2648} INFO - Exporting env vars: AIRFLOW_CTX_DAG_OWNER='ensam' AIRFLOW_CTX_DAG_ID='solar_ai_pipeline_2' AIRFLOW_CTX_TASK_ID='train_prophet' AIRFLOW_CTX_EXECUTION_DATE='2023-07-10T00:00:00+00:00' AIRFLOW_CTX_TRY_NUMBER='4' AIRFLOW_CTX_DAG_RUN_ID='scheduled__2023-07-10T00:00:00+00:00'
[2025-07-31T12:01:44.696+0000] {taskinstance.py:430} INFO - ::endgroup::
[2025-07-31T12:01:45.608+0000] {plot.py:39} ERROR - Importing plotly failed. Interactive plots will not work.
[2025-07-31T12:01:45.617+0000] {logging_mixin.py:188} INFO - Training from 2023-01-01 to 2023-01-11
[2025-07-31T12:01:45.809+0000] {logging_mixin.py:188} INFO - Test 1/18: {'changepoint_prior_scale': 0.01, 'seasonality_prior_scale': 1.0, 'seasonality_mode': 'additive'}
[2025-07-31T12:01:45.856+0000] {filesystem.py:118} DEBUG - input tempfile: /tmp/tmpfz8p9q0k/ah0i72qy.json
[2025-07-31T12:01:45.884+0000] {filesystem.py:118} DEBUG - input tempfile: /tmp/tmpfz8p9q0k/3nt8mufo.json
[2025-07-31T12:01:45.886+0000] {model.py:2042} DEBUG - idx 0
[2025-07-31T12:01:45.886+0000] {model.py:2043} DEBUG - running CmdStan, num_threads: None
[2025-07-31T12:01:45.887+0000] {model.py:2055} DEBUG - CmdStan args: ['/home/airflow/.local/lib/python3.11/site-packages/prophet/stan_model/prophet_model.bin', 'random', 'seed=34261', 'data', 'file=/tmp/tmpfz8p9q0k/ah0i72qy.json', 'init=/tmp/tmpfz8p9q0k/3nt8mufo.json', 'output', 'file=/tmp/tmpfz8p9q0k/prophet_modelohgzvpna/prophet_model-20250731120145.csv', 'method=optimize', 'algorithm=lbfgs', 'iter=10000']
[2025-07-31T12:01:45.888+0000] {logging_mixin.py:188} WARNING - 12:01:45 - cmdstanpy - INFO - Chain [1] start processing
[2025-07-31T12:01:45.888+0000] {model.py:2058} INFO - Chain [1] start processing
[2025-07-31T12:01:45.915+0000] {logging_mixin.py:188} WARNING - 12:01:45 - cmdstanpy - INFO - Chain [1] done processing
[2025-07-31T12:01:45.915+0000] {model.py:2115} INFO - Chain [1] done processing
[2025-07-31T12:01:45.918+0000] {logging_mixin.py:188} INFO - Erreur pour {'changepoint_prior_scale': 0.01, 'seasonality_prior_scale': 1.0, 'seasonality_mode': 'additive'}: Less data than horizon after initial window. Make horizon or initial shorter.
[2025-07-31T12:01:45.919+0000] {logging_mixin.py:188} INFO - Test 2/18: {'changepoint_prior_scale': 0.01, 'seasonality_prior_scale': 1.0, 'seasonality_mode': 'multiplicative'}
[2025-07-31T12:01:45.936+0000] {filesystem.py:118} DEBUG - input tempfile: /tmp/tmpfz8p9q0k/0a7kgahv.json
[2025-07-31T12:01:45.964+0000] {filesystem.py:118} DEBUG - input tempfile: /tmp/tmpfz8p9q0k/_i5nt1jf.json
[2025-07-31T12:01:45.965+0000] {model.py:2042} DEBUG - idx 0
[2025-07-31T12:01:45.966+0000] {model.py:2043} DEBUG - running CmdStan, num_threads: None
[2025-07-31T12:01:45.967+0000] {model.py:2055} DEBUG - CmdStan args: ['/home/airflow/.local/lib/python3.11/site-packages/prophet/stan_model/prophet_model.bin', 'random', 'seed=25997', 'data', 'file=/tmp/tmpfz8p9q0k/0a7kgahv.json', 'init=/tmp/tmpfz8p9q0k/_i5nt1jf.json', 'output', 'file=/tmp/tmpfz8p9q0k/prophet_model_5y_20hx/prophet_model-20250731120145.csv', 'method=optimize', 'algorithm=lbfgs', 'iter=10000']
[2025-07-31T12:01:45.967+0000] {logging_mixin.py:188} WARNING - 12:01:45 - cmdstanpy - INFO - Chain [1] start processing
[2025-07-31T12:01:45.967+0000] {model.py:2058} INFO - Chain [1] start processing
[2025-07-31T12:01:46.001+0000] {logging_mixin.py:188} WARNING - 12:01:46 - cmdstanpy - INFO - Chain [1] done processing
[2025-07-31T12:01:46.001+0000] {model.py:2115} INFO - Chain [1] done processing
[2025-07-31T12:01:46.004+0000] {logging_mixin.py:188} INFO - Erreur pour {'changepoint_prior_scale': 0.01, 'seasonality_prior_scale': 1.0, 'seasonality_mode': 'multiplicative'}: Less data than horizon after initial window. Make horizon or initial shorter.
[2025-07-31T12:01:46.005+0000] {logging_mixin.py:188} INFO - Test 3/18: {'changepoint_prior_scale': 0.01, 'seasonality_prior_scale': 5.0, 'seasonality_mode': 'additive'}
[2025-07-31T12:01:46.021+0000] {filesystem.py:118} DEBUG - input tempfile: /tmp/tmpfz8p9q0k/zwwah9bt.json
[2025-07-31T12:01:46.050+0000] {filesystem.py:118} DEBUG - input tempfile: /tmp/tmpfz8p9q0k/q345ln0x.json
[2025-07-31T12:01:46.051+0000] {model.py:2042} DEBUG - idx 0
[2025-07-31T12:01:46.052+0000] {model.py:2043} DEBUG - running CmdStan, num_threads: None
[2025-07-31T12:01:46.052+0000] {model.py:2055} DEBUG - CmdStan args: ['/home/airflow/.local/lib/python3.11/site-packages/prophet/stan_model/prophet_model.bin', 'random', 'seed=13097', 'data', 'file=/tmp/tmpfz8p9q0k/zwwah9bt.json', 'init=/tmp/tmpfz8p9q0k/q345ln0x.json', 'output', 'file=/tmp/tmpfz8p9q0k/prophet_model1pqnewb_/prophet_model-20250731120146.csv', 'method=optimize', 'algorithm=lbfgs', 'iter=10000']
[2025-07-31T12:01:46.053+0000] {logging_mixin.py:188} WARNING - 12:01:46 - cmdstanpy - INFO - Chain [1] start processing
[2025-07-31T12:01:46.053+0000] {model.py:2058} INFO - Chain [1] start processing
[2025-07-31T12:01:46.080+0000] {logging_mixin.py:188} WARNING - 12:01:46 - cmdstanpy - INFO - Chain [1] done processing
[2025-07-31T12:01:46.079+0000] {model.py:2115} INFO - Chain [1] done processing
[2025-07-31T12:01:46.083+0000] {logging_mixin.py:188} INFO - Erreur pour {'changepoint_prior_scale': 0.01, 'seasonality_prior_scale': 5.0, 'seasonality_mode': 'additive'}: Less data than horizon after initial window. Make horizon or initial shorter.
[2025-07-31T12:01:46.084+0000] {logging_mixin.py:188} INFO - Test 4/18: {'changepoint_prior_scale': 0.01, 'seasonality_prior_scale': 5.0, 'seasonality_mode': 'multiplicative'}
[2025-07-31T12:01:46.100+0000] {filesystem.py:118} DEBUG - input tempfile: /tmp/tmpfz8p9q0k/udmy5ahe.json
[2025-07-31T12:01:46.128+0000] {filesystem.py:118} DEBUG - input tempfile: /tmp/tmpfz8p9q0k/mur7_otq.json
[2025-07-31T12:01:46.130+0000] {model.py:2042} DEBUG - idx 0
[2025-07-31T12:01:46.130+0000] {model.py:2043} DEBUG - running CmdStan, num_threads: None
[2025-07-31T12:01:46.131+0000] {model.py:2055} DEBUG - CmdStan args: ['/home/airflow/.local/lib/python3.11/site-packages/prophet/stan_model/prophet_model.bin', 'random', 'seed=61996', 'data', 'file=/tmp/tmpfz8p9q0k/udmy5ahe.json', 'init=/tmp/tmpfz8p9q0k/mur7_otq.json', 'output', 'file=/tmp/tmpfz8p9q0k/prophet_modeltsydujsr/prophet_model-20250731120146.csv', 'method=optimize', 'algorithm=lbfgs', 'iter=10000']
[2025-07-31T12:01:46.131+0000] {logging_mixin.py:188} WARNING - 12:01:46 - cmdstanpy - INFO - Chain [1] start processing
[2025-07-31T12:01:46.131+0000] {model.py:2058} INFO - Chain [1] start processing
[2025-07-31T12:01:46.166+0000] {logging_mixin.py:188} WARNING - 12:01:46 - cmdstanpy - INFO - Chain [1] done processing
[2025-07-31T12:01:46.166+0000] {model.py:2115} INFO - Chain [1] done processing
[2025-07-31T12:01:46.169+0000] {logging_mixin.py:188} INFO - Erreur pour {'changepoint_prior_scale': 0.01, 'seasonality_prior_scale': 5.0, 'seasonality_mode': 'multiplicative'}: Less data than horizon after initial window. Make horizon or initial shorter.
[2025-07-31T12:01:46.170+0000] {logging_mixin.py:188} INFO - Test 5/18: {'changepoint_prior_scale': 0.01, 'seasonality_prior_scale': 10.0, 'seasonality_mode': 'additive'}
[2025-07-31T12:01:46.187+0000] {filesystem.py:118} DEBUG - input tempfile: /tmp/tmpfz8p9q0k/pb6tadrj.json
[2025-07-31T12:01:46.216+0000] {filesystem.py:118} DEBUG - input tempfile: /tmp/tmpfz8p9q0k/avadq1oc.json
[2025-07-31T12:01:46.218+0000] {model.py:2042} DEBUG - idx 0
[2025-07-31T12:01:46.219+0000] {model.py:2043} DEBUG - running CmdStan, num_threads: None
[2025-07-31T12:01:46.219+0000] {model.py:2055} DEBUG - CmdStan args: ['/home/airflow/.local/lib/python3.11/site-packages/prophet/stan_model/prophet_model.bin', 'random', 'seed=87182', 'data', 'file=/tmp/tmpfz8p9q0k/pb6tadrj.json', 'init=/tmp/tmpfz8p9q0k/avadq1oc.json', 'output', 'file=/tmp/tmpfz8p9q0k/prophet_modelg6mj9j0g/prophet_model-20250731120146.csv', 'method=optimize', 'algorithm=lbfgs', 'iter=10000']
[2025-07-31T12:01:46.220+0000] {logging_mixin.py:188} WARNING - 12:01:46 - cmdstanpy - INFO - Chain [1] start processing
[2025-07-31T12:01:46.220+0000] {model.py:2058} INFO - Chain [1] start processing
[2025-07-31T12:01:46.242+0000] {logging_mixin.py:188} WARNING - 12:01:46 - cmdstanpy - INFO - Chain [1] done processing
[2025-07-31T12:01:46.242+0000] {model.py:2115} INFO - Chain [1] done processing
[2025-07-31T12:01:46.247+0000] {logging_mixin.py:188} INFO - Erreur pour {'changepoint_prior_scale': 0.01, 'seasonality_prior_scale': 10.0, 'seasonality_mode': 'additive'}: Less data than horizon after initial window. Make horizon or initial shorter.
[2025-07-31T12:01:46.248+0000] {logging_mixin.py:188} INFO - Test 6/18: {'changepoint_prior_scale': 0.01, 'seasonality_prior_scale': 10.0, 'seasonality_mode': 'multiplicative'}
[2025-07-31T12:01:46.267+0000] {filesystem.py:118} DEBUG - input tempfile: /tmp/tmpfz8p9q0k/7_psre1y.json
[2025-07-31T12:01:46.296+0000] {filesystem.py:118} DEBUG - input tempfile: /tmp/tmpfz8p9q0k/eqz36jf5.json
[2025-07-31T12:01:46.297+0000] {model.py:2042} DEBUG - idx 0
[2025-07-31T12:01:46.298+0000] {model.py:2043} DEBUG - running CmdStan, num_threads: None
[2025-07-31T12:01:46.298+0000] {model.py:2055} DEBUG - CmdStan args: ['/home/airflow/.local/lib/python3.11/site-packages/prophet/stan_model/prophet_model.bin', 'random', 'seed=16648', 'data', 'file=/tmp/tmpfz8p9q0k/7_psre1y.json', 'init=/tmp/tmpfz8p9q0k/eqz36jf5.json', 'output', 'file=/tmp/tmpfz8p9q0k/prophet_model51toqws5/prophet_model-20250731120146.csv', 'method=optimize', 'algorithm=lbfgs', 'iter=10000']
[2025-07-31T12:01:46.299+0000] {logging_mixin.py:188} WARNING - 12:01:46 - cmdstanpy - INFO - Chain [1] start processing
[2025-07-31T12:01:46.299+0000] {model.py:2058} INFO - Chain [1] start processing
[2025-07-31T12:01:46.328+0000] {logging_mixin.py:188} WARNING - 12:01:46 - cmdstanpy - INFO - Chain [1] done processing
[2025-07-31T12:01:46.328+0000] {model.py:2115} INFO - Chain [1] done processing
[2025-07-31T12:01:46.332+0000] {logging_mixin.py:188} INFO - Erreur pour {'changepoint_prior_scale': 0.01, 'seasonality_prior_scale': 10.0, 'seasonality_mode': 'multiplicative'}: Less data than horizon after initial window. Make horizon or initial shorter.
[2025-07-31T12:01:46.332+0000] {logging_mixin.py:188} INFO - Test 7/18: {'changepoint_prior_scale': 0.05, 'seasonality_prior_scale': 1.0, 'seasonality_mode': 'additive'}
[2025-07-31T12:01:46.350+0000] {filesystem.py:118} DEBUG - input tempfile: /tmp/tmpfz8p9q0k/x0qsrt57.json
[2025-07-31T12:01:46.380+0000] {filesystem.py:118} DEBUG - input tempfile: /tmp/tmpfz8p9q0k/7jwcrvve.json
[2025-07-31T12:01:46.381+0000] {model.py:2042} DEBUG - idx 0
[2025-07-31T12:01:46.382+0000] {model.py:2043} DEBUG - running CmdStan, num_threads: None
[2025-07-31T12:01:46.382+0000] {model.py:2055} DEBUG - CmdStan args: ['/home/airflow/.local/lib/python3.11/site-packages/prophet/stan_model/prophet_model.bin', 'random', 'seed=69496', 'data', 'file=/tmp/tmpfz8p9q0k/x0qsrt57.json', 'init=/tmp/tmpfz8p9q0k/7jwcrvve.json', 'output', 'file=/tmp/tmpfz8p9q0k/prophet_model18foa194/prophet_model-20250731120146.csv', 'method=optimize', 'algorithm=lbfgs', 'iter=10000']
[2025-07-31T12:01:46.383+0000] {logging_mixin.py:188} WARNING - 12:01:46 - cmdstanpy - INFO - Chain [1] start processing
[2025-07-31T12:01:46.383+0000] {model.py:2058} INFO - Chain [1] start processing
[2025-07-31T12:01:46.409+0000] {logging_mixin.py:188} WARNING - 12:01:46 - cmdstanpy - INFO - Chain [1] done processing
[2025-07-31T12:01:46.409+0000] {model.py:2115} INFO - Chain [1] done processing
[2025-07-31T12:01:46.413+0000] {logging_mixin.py:188} INFO - Erreur pour {'changepoint_prior_scale': 0.05, 'seasonality_prior_scale': 1.0, 'seasonality_mode': 'additive'}: Less data than horizon after initial window. Make horizon or initial shorter.
[2025-07-31T12:01:46.414+0000] {logging_mixin.py:188} INFO - Test 8/18: {'changepoint_prior_scale': 0.05, 'seasonality_prior_scale': 1.0, 'seasonality_mode': 'multiplicative'}
[2025-07-31T12:01:46.433+0000] {filesystem.py:118} DEBUG - input tempfile: /tmp/tmpfz8p9q0k/loe0_o02.json
[2025-07-31T12:01:46.462+0000] {filesystem.py:118} DEBUG - input tempfile: /tmp/tmpfz8p9q0k/5967k7i0.json
[2025-07-31T12:01:46.464+0000] {model.py:2042} DEBUG - idx 0
[2025-07-31T12:01:46.464+0000] {model.py:2043} DEBUG - running CmdStan, num_threads: None
[2025-07-31T12:01:46.465+0000] {model.py:2055} DEBUG - CmdStan args: ['/home/airflow/.local/lib/python3.11/site-packages/prophet/stan_model/prophet_model.bin', 'random', 'seed=44555', 'data', 'file=/tmp/tmpfz8p9q0k/loe0_o02.json', 'init=/tmp/tmpfz8p9q0k/5967k7i0.json', 'output', 'file=/tmp/tmpfz8p9q0k/prophet_model6rc38bxa/prophet_model-20250731120146.csv', 'method=optimize', 'algorithm=lbfgs', 'iter=10000']
[2025-07-31T12:01:46.465+0000] {logging_mixin.py:188} WARNING - 12:01:46 - cmdstanpy - INFO - Chain [1] start processing
[2025-07-31T12:01:46.465+0000] {model.py:2058} INFO - Chain [1] start processing
[2025-07-31T12:01:46.503+0000] {logging_mixin.py:188} WARNING - 12:01:46 - cmdstanpy - INFO - Chain [1] done processing
[2025-07-31T12:01:46.503+0000] {model.py:2115} INFO - Chain [1] done processing
[2025-07-31T12:01:46.506+0000] {logging_mixin.py:188} INFO - Erreur pour {'changepoint_prior_scale': 0.05, 'seasonality_prior_scale': 1.0, 'seasonality_mode': 'multiplicative'}: Less data than horizon after initial window. Make horizon or initial shorter.
[2025-07-31T12:01:46.507+0000] {logging_mixin.py:188} INFO - Test 9/18: {'changepoint_prior_scale': 0.05, 'seasonality_prior_scale': 5.0, 'seasonality_mode': 'additive'}
[2025-07-31T12:01:46.526+0000] {filesystem.py:118} DEBUG - input tempfile: /tmp/tmpfz8p9q0k/28v_rpzy.json
[2025-07-31T12:01:46.561+0000] {filesystem.py:118} DEBUG - input tempfile: /tmp/tmpfz8p9q0k/r0f3afzl.json
[2025-07-31T12:01:46.563+0000] {model.py:2042} DEBUG - idx 0
[2025-07-31T12:01:46.564+0000] {model.py:2043} DEBUG - running CmdStan, num_threads: None
[2025-07-31T12:01:46.564+0000] {model.py:2055} DEBUG - CmdStan args: ['/home/airflow/.local/lib/python3.11/site-packages/prophet/stan_model/prophet_model.bin', 'random', 'seed=2653', 'data', 'file=/tmp/tmpfz8p9q0k/28v_rpzy.json', 'init=/tmp/tmpfz8p9q0k/r0f3afzl.json', 'output', 'file=/tmp/tmpfz8p9q0k/prophet_model499q1f1a/prophet_model-20250731120146.csv', 'method=optimize', 'algorithm=lbfgs', 'iter=10000']
[2025-07-31T12:01:46.565+0000] {logging_mixin.py:188} WARNING - 12:01:46 - cmdstanpy - INFO - Chain [1] start processing
[2025-07-31T12:01:46.565+0000] {model.py:2058} INFO - Chain [1] start processing
[2025-07-31T12:01:46.595+0000] {logging_mixin.py:188} WARNING - 12:01:46 - cmdstanpy - INFO - Chain [1] done processing
[2025-07-31T12:01:46.595+0000] {model.py:2115} INFO - Chain [1] done processing
[2025-07-31T12:01:46.599+0000] {logging_mixin.py:188} INFO - Erreur pour {'changepoint_prior_scale': 0.05, 'seasonality_prior_scale': 5.0, 'seasonality_mode': 'additive'}: Less data than horizon after initial window. Make horizon or initial shorter.
[2025-07-31T12:01:46.599+0000] {logging_mixin.py:188} INFO - Test 10/18: {'changepoint_prior_scale': 0.05, 'seasonality_prior_scale': 5.0, 'seasonality_mode': 'multiplicative'}
[2025-07-31T12:01:46.618+0000] {filesystem.py:118} DEBUG - input tempfile: /tmp/tmpfz8p9q0k/0_oh2_8q.json
[2025-07-31T12:01:46.651+0000] {filesystem.py:118} DEBUG - input tempfile: /tmp/tmpfz8p9q0k/h3xu_kx7.json
[2025-07-31T12:01:46.653+0000] {model.py:2042} DEBUG - idx 0
[2025-07-31T12:01:46.653+0000] {model.py:2043} DEBUG - running CmdStan, num_threads: None
[2025-07-31T12:01:46.654+0000] {model.py:2055} DEBUG - CmdStan args: ['/home/airflow/.local/lib/python3.11/site-packages/prophet/stan_model/prophet_model.bin', 'random', 'seed=94406', 'data', 'file=/tmp/tmpfz8p9q0k/0_oh2_8q.json', 'init=/tmp/tmpfz8p9q0k/h3xu_kx7.json', 'output', 'file=/tmp/tmpfz8p9q0k/prophet_model08zn699b/prophet_model-20250731120146.csv', 'method=optimize', 'algorithm=lbfgs', 'iter=10000']
[2025-07-31T12:01:46.655+0000] {logging_mixin.py:188} WARNING - 12:01:46 - cmdstanpy - INFO - Chain [1] start processing
[2025-07-31T12:01:46.655+0000] {model.py:2058} INFO - Chain [1] start processing
[2025-07-31T12:01:46.702+0000] {logging_mixin.py:188} WARNING - 12:01:46 - cmdstanpy - INFO - Chain [1] done processing
[2025-07-31T12:01:46.702+0000] {model.py:2115} INFO - Chain [1] done processing
[2025-07-31T12:01:46.707+0000] {logging_mixin.py:188} INFO - Erreur pour {'changepoint_prior_scale': 0.05, 'seasonality_prior_scale': 5.0, 'seasonality_mode': 'multiplicative'}: Less data than horizon after initial window. Make horizon or initial shorter.
[2025-07-31T12:01:46.708+0000] {logging_mixin.py:188} INFO - Test 11/18: {'changepoint_prior_scale': 0.05, 'seasonality_prior_scale': 10.0, 'seasonality_mode': 'additive'}
[2025-07-31T12:01:46.726+0000] {filesystem.py:118} DEBUG - input tempfile: /tmp/tmpfz8p9q0k/hr3lo5ys.json
[2025-07-31T12:01:46.761+0000] {filesystem.py:118} DEBUG - input tempfile: /tmp/tmpfz8p9q0k/1eq54_cp.json
[2025-07-31T12:01:46.763+0000] {model.py:2042} DEBUG - idx 0
[2025-07-31T12:01:46.763+0000] {model.py:2043} DEBUG - running CmdStan, num_threads: None
[2025-07-31T12:01:46.764+0000] {model.py:2055} DEBUG - CmdStan args: ['/home/airflow/.local/lib/python3.11/site-packages/prophet/stan_model/prophet_model.bin', 'random', 'seed=5712', 'data', 'file=/tmp/tmpfz8p9q0k/hr3lo5ys.json', 'init=/tmp/tmpfz8p9q0k/1eq54_cp.json', 'output', 'file=/tmp/tmpfz8p9q0k/prophet_modelxydrx1_y/prophet_model-20250731120146.csv', 'method=optimize', 'algorithm=lbfgs', 'iter=10000']
[2025-07-31T12:01:46.765+0000] {logging_mixin.py:188} WARNING - 12:01:46 - cmdstanpy - INFO - Chain [1] start processing
[2025-07-31T12:01:46.764+0000] {model.py:2058} INFO - Chain [1] start processing
[2025-07-31T12:01:46.797+0000] {logging_mixin.py:188} WARNING - 12:01:46 - cmdstanpy - INFO - Chain [1] done processing
[2025-07-31T12:01:46.797+0000] {model.py:2115} INFO - Chain [1] done processing
[2025-07-31T12:01:46.800+0000] {logging_mixin.py:188} INFO - Erreur pour {'changepoint_prior_scale': 0.05, 'seasonality_prior_scale': 10.0, 'seasonality_mode': 'additive'}: Less data than horizon after initial window. Make horizon or initial shorter.
[2025-07-31T12:01:46.801+0000] {logging_mixin.py:188} INFO - Test 12/18: {'changepoint_prior_scale': 0.05, 'seasonality_prior_scale': 10.0, 'seasonality_mode': 'multiplicative'}
[2025-07-31T12:01:46.815+0000] {filesystem.py:118} DEBUG - input tempfile: /tmp/tmpfz8p9q0k/mwu30yo8.json
[2025-07-31T12:01:46.844+0000] {filesystem.py:118} DEBUG - input tempfile: /tmp/tmpfz8p9q0k/ka88msjl.json
[2025-07-31T12:01:46.845+0000] {model.py:2042} DEBUG - idx 0
[2025-07-31T12:01:46.846+0000] {model.py:2043} DEBUG - running CmdStan, num_threads: None
[2025-07-31T12:01:46.846+0000] {model.py:2055} DEBUG - CmdStan args: ['/home/airflow/.local/lib/python3.11/site-packages/prophet/stan_model/prophet_model.bin', 'random', 'seed=62830', 'data', 'file=/tmp/tmpfz8p9q0k/mwu30yo8.json', 'init=/tmp/tmpfz8p9q0k/ka88msjl.json', 'output', 'file=/tmp/tmpfz8p9q0k/prophet_modelx2cwiswa/prophet_model-20250731120146.csv', 'method=optimize', 'algorithm=lbfgs', 'iter=10000']
[2025-07-31T12:01:46.847+0000] {logging_mixin.py:188} WARNING - 12:01:46 - cmdstanpy - INFO - Chain [1] start processing
[2025-07-31T12:01:46.847+0000] {model.py:2058} INFO - Chain [1] start processing
[2025-07-31T12:01:46.881+0000] {logging_mixin.py:188} WARNING - 12:01:46 - cmdstanpy - INFO - Chain [1] done processing
[2025-07-31T12:01:46.881+0000] {model.py:2115} INFO - Chain [1] done processing
[2025-07-31T12:01:46.884+0000] {logging_mixin.py:188} INFO - Erreur pour {'changepoint_prior_scale': 0.05, 'seasonality_prior_scale': 10.0, 'seasonality_mode': 'multiplicative'}: Less data than horizon after initial window. Make horizon or initial shorter.
[2025-07-31T12:01:46.885+0000] {logging_mixin.py:188} INFO - Test 13/18: {'changepoint_prior_scale': 0.1, 'seasonality_prior_scale': 1.0, 'seasonality_mode': 'additive'}
[2025-07-31T12:01:46.901+0000] {filesystem.py:118} DEBUG - input tempfile: /tmp/tmpfz8p9q0k/3qmftv4_.json
[2025-07-31T12:01:46.929+0000] {filesystem.py:118} DEBUG - input tempfile: /tmp/tmpfz8p9q0k/s7s1pmuu.json
[2025-07-31T12:01:46.931+0000] {model.py:2042} DEBUG - idx 0
[2025-07-31T12:01:46.931+0000] {model.py:2043} DEBUG - running CmdStan, num_threads: None
[2025-07-31T12:01:46.932+0000] {model.py:2055} DEBUG - CmdStan args: ['/home/airflow/.local/lib/python3.11/site-packages/prophet/stan_model/prophet_model.bin', 'random', 'seed=91413', 'data', 'file=/tmp/tmpfz8p9q0k/3qmftv4_.json', 'init=/tmp/tmpfz8p9q0k/s7s1pmuu.json', 'output', 'file=/tmp/tmpfz8p9q0k/prophet_modelgqtb_9pu/prophet_model-20250731120146.csv', 'method=optimize', 'algorithm=lbfgs', 'iter=10000']
[2025-07-31T12:01:46.932+0000] {logging_mixin.py:188} WARNING - 12:01:46 - cmdstanpy - INFO - Chain [1] start processing
[2025-07-31T12:01:46.932+0000] {model.py:2058} INFO - Chain [1] start processing
[2025-07-31T12:01:46.962+0000] {logging_mixin.py:188} WARNING - 12:01:46 - cmdstanpy - INFO - Chain [1] done processing
[2025-07-31T12:01:46.962+0000] {model.py:2115} INFO - Chain [1] done processing
[2025-07-31T12:01:46.965+0000] {logging_mixin.py:188} INFO - Erreur pour {'changepoint_prior_scale': 0.1, 'seasonality_prior_scale': 1.0, 'seasonality_mode': 'additive'}: Less data than horizon after initial window. Make horizon or initial shorter.
[2025-07-31T12:01:46.966+0000] {logging_mixin.py:188} INFO - Test 14/18: {'changepoint_prior_scale': 0.1, 'seasonality_prior_scale': 1.0, 'seasonality_mode': 'multiplicative'}
[2025-07-31T12:01:46.981+0000] {filesystem.py:118} DEBUG - input tempfile: /tmp/tmpfz8p9q0k/sn6607x1.json
[2025-07-31T12:01:47.010+0000] {filesystem.py:118} DEBUG - input tempfile: /tmp/tmpfz8p9q0k/97_a0p36.json
[2025-07-31T12:01:47.011+0000] {model.py:2042} DEBUG - idx 0
[2025-07-31T12:01:47.012+0000] {model.py:2043} DEBUG - running CmdStan, num_threads: None
[2025-07-31T12:01:47.012+0000] {model.py:2055} DEBUG - CmdStan args: ['/home/airflow/.local/lib/python3.11/site-packages/prophet/stan_model/prophet_model.bin', 'random', 'seed=67967', 'data', 'file=/tmp/tmpfz8p9q0k/sn6607x1.json', 'init=/tmp/tmpfz8p9q0k/97_a0p36.json', 'output', 'file=/tmp/tmpfz8p9q0k/prophet_model037_m_k9/prophet_model-20250731120147.csv', 'method=optimize', 'algorithm=lbfgs', 'iter=10000']
[2025-07-31T12:01:47.013+0000] {logging_mixin.py:188} WARNING - 12:01:47 - cmdstanpy - INFO - Chain [1] start processing
[2025-07-31T12:01:47.013+0000] {model.py:2058} INFO - Chain [1] start processing
[2025-07-31T12:01:47.052+0000] {logging_mixin.py:188} WARNING - 12:01:47 - cmdstanpy - INFO - Chain [1] done processing
[2025-07-31T12:01:47.052+0000] {model.py:2115} INFO - Chain [1] done processing
[2025-07-31T12:01:47.056+0000] {logging_mixin.py:188} INFO - Erreur pour {'changepoint_prior_scale': 0.1, 'seasonality_prior_scale': 1.0, 'seasonality_mode': 'multiplicative'}: Less data than horizon after initial window. Make horizon or initial shorter.
[2025-07-31T12:01:47.056+0000] {logging_mixin.py:188} INFO - Test 15/18: {'changepoint_prior_scale': 0.1, 'seasonality_prior_scale': 5.0, 'seasonality_mode': 'additive'}
[2025-07-31T12:01:47.071+0000] {filesystem.py:118} DEBUG - input tempfile: /tmp/tmpfz8p9q0k/dkl26k8z.json
[2025-07-31T12:01:47.099+0000] {filesystem.py:118} DEBUG - input tempfile: /tmp/tmpfz8p9q0k/cag0r8pm.json
[2025-07-31T12:01:47.101+0000] {model.py:2042} DEBUG - idx 0
[2025-07-31T12:01:47.102+0000] {model.py:2043} DEBUG - running CmdStan, num_threads: None
[2025-07-31T12:01:47.103+0000] {model.py:2055} DEBUG - CmdStan args: ['/home/airflow/.local/lib/python3.11/site-packages/prophet/stan_model/prophet_model.bin', 'random', 'seed=72215', 'data', 'file=/tmp/tmpfz8p9q0k/dkl26k8z.json', 'init=/tmp/tmpfz8p9q0k/cag0r8pm.json', 'output', 'file=/tmp/tmpfz8p9q0k/prophet_modelgxgrua8y/prophet_model-20250731120147.csv', 'method=optimize', 'algorithm=lbfgs', 'iter=10000']
[2025-07-31T12:01:47.103+0000] {logging_mixin.py:188} WARNING - 12:01:47 - cmdstanpy - INFO - Chain [1] start processing
[2025-07-31T12:01:47.103+0000] {model.py:2058} INFO - Chain [1] start processing
[2025-07-31T12:01:47.126+0000] {logging_mixin.py:188} WARNING - 12:01:47 - cmdstanpy - INFO - Chain [1] done processing
[2025-07-31T12:01:47.126+0000] {model.py:2115} INFO - Chain [1] done processing
[2025-07-31T12:01:47.130+0000] {logging_mixin.py:188} INFO - Erreur pour {'changepoint_prior_scale': 0.1, 'seasonality_prior_scale': 5.0, 'seasonality_mode': 'additive'}: Less data than horizon after initial window. Make horizon or initial shorter.
[2025-07-31T12:01:47.130+0000] {logging_mixin.py:188} INFO - Test 16/18: {'changepoint_prior_scale': 0.1, 'seasonality_prior_scale': 5.0, 'seasonality_mode': 'multiplicative'}
[2025-07-31T12:01:47.146+0000] {filesystem.py:118} DEBUG - input tempfile: /tmp/tmpfz8p9q0k/_7spst_z.json
[2025-07-31T12:01:47.174+0000] {filesystem.py:118} DEBUG - input tempfile: /tmp/tmpfz8p9q0k/f_c0gj_s.json
[2025-07-31T12:01:47.176+0000] {model.py:2042} DEBUG - idx 0
[2025-07-31T12:01:47.176+0000] {model.py:2043} DEBUG - running CmdStan, num_threads: None
[2025-07-31T12:01:47.177+0000] {model.py:2055} DEBUG - CmdStan args: ['/home/airflow/.local/lib/python3.11/site-packages/prophet/stan_model/prophet_model.bin', 'random', 'seed=15778', 'data', 'file=/tmp/tmpfz8p9q0k/_7spst_z.json', 'init=/tmp/tmpfz8p9q0k/f_c0gj_s.json', 'output', 'file=/tmp/tmpfz8p9q0k/prophet_modelvczfjehf/prophet_model-20250731120147.csv', 'method=optimize', 'algorithm=lbfgs', 'iter=10000']
[2025-07-31T12:01:47.177+0000] {logging_mixin.py:188} WARNING - 12:01:47 - cmdstanpy - INFO - Chain [1] start processing
[2025-07-31T12:01:47.177+0000] {model.py:2058} INFO - Chain [1] start processing
[2025-07-31T12:01:47.208+0000] {logging_mixin.py:188} WARNING - 12:01:47 - cmdstanpy - INFO - Chain [1] done processing
[2025-07-31T12:01:47.208+0000] {model.py:2115} INFO - Chain [1] done processing
[2025-07-31T12:01:47.212+0000] {logging_mixin.py:188} INFO - Erreur pour {'changepoint_prior_scale': 0.1, 'seasonality_prior_scale': 5.0, 'seasonality_mode': 'multiplicative'}: Less data than horizon after initial window. Make horizon or initial shorter.
[2025-07-31T12:01:47.212+0000] {logging_mixin.py:188} INFO - Test 17/18: {'changepoint_prior_scale': 0.1, 'seasonality_prior_scale': 10.0, 'seasonality_mode': 'additive'}
[2025-07-31T12:01:47.231+0000] {filesystem.py:118} DEBUG - input tempfile: /tmp/tmpfz8p9q0k/d6gjx21y.json
[2025-07-31T12:01:47.261+0000] {filesystem.py:118} DEBUG - input tempfile: /tmp/tmpfz8p9q0k/dgp_31x5.json
[2025-07-31T12:01:47.262+0000] {model.py:2042} DEBUG - idx 0
[2025-07-31T12:01:47.263+0000] {model.py:2043} DEBUG - running CmdStan, num_threads: None
[2025-07-31T12:01:47.263+0000] {model.py:2055} DEBUG - CmdStan args: ['/home/airflow/.local/lib/python3.11/site-packages/prophet/stan_model/prophet_model.bin', 'random', 'seed=25993', 'data', 'file=/tmp/tmpfz8p9q0k/d6gjx21y.json', 'init=/tmp/tmpfz8p9q0k/dgp_31x5.json', 'output', 'file=/tmp/tmpfz8p9q0k/prophet_modelssw8hosh/prophet_model-20250731120147.csv', 'method=optimize', 'algorithm=lbfgs', 'iter=10000']
[2025-07-31T12:01:47.264+0000] {logging_mixin.py:188} WARNING - 12:01:47 - cmdstanpy - INFO - Chain [1] start processing
[2025-07-31T12:01:47.264+0000] {model.py:2058} INFO - Chain [1] start processing
[2025-07-31T12:01:47.286+0000] {logging_mixin.py:188} WARNING - 12:01:47 - cmdstanpy - INFO - Chain [1] done processing
[2025-07-31T12:01:47.286+0000] {model.py:2115} INFO - Chain [1] done processing
[2025-07-31T12:01:47.290+0000] {logging_mixin.py:188} INFO - Erreur pour {'changepoint_prior_scale': 0.1, 'seasonality_prior_scale': 10.0, 'seasonality_mode': 'additive'}: Less data than horizon after initial window. Make horizon or initial shorter.
[2025-07-31T12:01:47.291+0000] {logging_mixin.py:188} INFO - Test 18/18: {'changepoint_prior_scale': 0.1, 'seasonality_prior_scale': 10.0, 'seasonality_mode': 'multiplicative'}
[2025-07-31T12:01:47.306+0000] {filesystem.py:118} DEBUG - input tempfile: /tmp/tmpfz8p9q0k/4u240obi.json
[2025-07-31T12:01:47.334+0000] {filesystem.py:118} DEBUG - input tempfile: /tmp/tmpfz8p9q0k/_430e351.json
[2025-07-31T12:01:47.336+0000] {model.py:2042} DEBUG - idx 0
[2025-07-31T12:01:47.336+0000] {model.py:2043} DEBUG - running CmdStan, num_threads: None
[2025-07-31T12:01:47.337+0000] {model.py:2055} DEBUG - CmdStan args: ['/home/airflow/.local/lib/python3.11/site-packages/prophet/stan_model/prophet_model.bin', 'random', 'seed=30064', 'data', 'file=/tmp/tmpfz8p9q0k/4u240obi.json', 'init=/tmp/tmpfz8p9q0k/_430e351.json', 'output', 'file=/tmp/tmpfz8p9q0k/prophet_modeliom174fc/prophet_model-20250731120147.csv', 'method=optimize', 'algorithm=lbfgs', 'iter=10000']
[2025-07-31T12:01:47.337+0000] {logging_mixin.py:188} WARNING - 12:01:47 - cmdstanpy - INFO - Chain [1] start processing
[2025-07-31T12:01:47.337+0000] {model.py:2058} INFO - Chain [1] start processing
[2025-07-31T12:01:47.377+0000] {logging_mixin.py:188} WARNING - 12:01:47 - cmdstanpy - INFO - Chain [1] done processing
[2025-07-31T12:01:47.377+0000] {model.py:2115} INFO - Chain [1] done processing
[2025-07-31T12:01:47.380+0000] {logging_mixin.py:188} INFO - Erreur pour {'changepoint_prior_scale': 0.1, 'seasonality_prior_scale': 10.0, 'seasonality_mode': 'multiplicative'}: Less data than horizon after initial window. Make horizon or initial shorter.
[2025-07-31T12:01:47.381+0000] {taskinstance.py:441} INFO - ::group::Post task execution logs
[2025-07-31T12:01:47.381+0000] {taskinstance.py:2905} ERROR - Task failed with exception
Traceback (most recent call last):
  File "/home/airflow/.local/lib/python3.11/site-packages/airflow/models/taskinstance.py", line 465, in _execute_task
    result = _execute_callable(context=context, **execute_callable_kwargs)
             ^^^^^^^^^^^^^^^^^^^^^^^^^^^^^^^^^^^^^^^^^^^^^^^^^^^^^^^^^^^^^
  File "/home/airflow/.local/lib/python3.11/site-packages/airflow/models/taskinstance.py", line 432, in _execute_callable
    return execute_callable(context=context, **execute_callable_kwargs)
           ^^^^^^^^^^^^^^^^^^^^^^^^^^^^^^^^^^^^^^^^^^^^^^^^^^^^^^^^^^^^
  File "/home/airflow/.local/lib/python3.11/site-packages/airflow/models/baseoperator.py", line 401, in wrapper
    return func(self, *args, **kwargs)
           ^^^^^^^^^^^^^^^^^^^^^^^^^^^
  File "/home/airflow/.local/lib/python3.11/site-packages/airflow/operators/python.py", line 235, in execute
    return_value = self.execute_callable()
                   ^^^^^^^^^^^^^^^^^^^^^^^
  File "/home/airflow/.local/lib/python3.11/site-packages/airflow/operators/python.py", line 252, in execute_callable
    return self.python_callable(*self.op_args, **self.op_kwargs)
           ^^^^^^^^^^^^^^^^^^^^^^^^^^^^^^^^^^^^^^^^^^^^^^^^^^^^^
  File "/opt/airflow/dags/scripts/train_prophet.py", line 92, in train_prophet
    best_model_temp, scores_temp = optimize_prophet_model(temp_df)
                                   ^^^^^^^^^^^^^^^^^^^^^^^^^^^^^^^
  File "/opt/airflow/dags/scripts/train_prophet.py", line 44, in optimize_prophet_model
    best = min(results, key=lambda x: x[1])
           ^^^^^^^^^^^^^^^^^^^^^^^^^^^^^^^^
ValueError: min() arg is an empty sequence
[2025-07-31T12:01:47.413+0000] {taskinstance.py:1206} INFO - Marking task as FAILED. dag_id=solar_ai_pipeline_2, task_id=train_prophet, run_id=scheduled__2023-07-10T00:00:00+00:00, execution_date=20230710T000000, start_date=20250731T120144, end_date=20250731T120147
[2025-07-31T12:01:47.482+0000] {standard_task_runner.py:110} ERROR - Failed to execute job 2926 for task train_prophet (min() arg is an empty sequence; 4266)
[2025-07-31T12:01:47.521+0000] {local_task_job_runner.py:240} INFO - Task exited with return code 1
[2025-07-31T12:01:47.568+0000] {taskinstance.py:3503} INFO - 0 downstream tasks scheduled from follow-on schedule check
[2025-07-31T12:01:47.612+0000] {local_task_job_runner.py:222} INFO - ::endgroup::
