[2025-07-31T15:50:20.238+0000] {local_task_job_runner.py:120} INFO - ::group::Pre task execution logs
[2025-07-31T15:50:20.317+0000] {taskinstance.py:2076} INFO - Dependencies all met for dep_context=non-requeueable deps ti=<TaskInstance: solar_ai_pipeline_2.train_rl backfill__2024-01-01T00:00:00+00:00 [queued]>
[2025-07-31T15:50:20.344+0000] {taskinstance.py:2076} INFO - Dependencies all met for dep_context=requeueable deps ti=<TaskInstance: solar_ai_pipeline_2.train_rl backfill__2024-01-01T00:00:00+00:00 [queued]>
[2025-07-31T15:50:20.345+0000] {taskinstance.py:2306} INFO - Starting attempt 2 of 2
[2025-07-31T15:50:20.394+0000] {taskinstance.py:2330} INFO - Executing <Task(PythonOperator): train_rl> on 2024-01-01 00:00:00+00:00
[2025-07-31T15:50:20.399+0000] {standard_task_runner.py:63} INFO - Started process 88143 to run task
[2025-07-31T15:50:20.402+0000] {standard_task_runner.py:90} INFO - Running: ['airflow', 'tasks', 'run', 'solar_ai_pipeline_2', 'train_rl', 'backfill__2024-01-01T00:00:00+00:00', '--job-id', '3395', '--pool', 'default_pool', '--raw', '--subdir', 'DAGS_FOLDER/prophet_pipeline.py', '--cfg-path', '/tmp/tmphzrj_efg']
[2025-07-31T15:50:20.405+0000] {standard_task_runner.py:91} INFO - Job 3395: Subtask train_rl
[2025-07-31T15:50:20.530+0000] {task_command.py:426} INFO - Running <TaskInstance: solar_ai_pipeline_2.train_rl backfill__2024-01-01T00:00:00+00:00 [running]> on host a2a0dd314bdc
[2025-07-31T15:50:20.912+0000] {taskinstance.py:2648} INFO - Exporting env vars: AIRFLOW_CTX_DAG_OWNER='ensam' AIRFLOW_CTX_DAG_ID='solar_ai_pipeline_2' AIRFLOW_CTX_TASK_ID='train_rl' AIRFLOW_CTX_EXECUTION_DATE='2024-01-01T00:00:00+00:00' AIRFLOW_CTX_TRY_NUMBER='2' AIRFLOW_CTX_DAG_RUN_ID='backfill__2024-01-01T00:00:00+00:00'
[2025-07-31T15:50:20.913+0000] {taskinstance.py:430} INFO - ::endgroup::
[2025-07-31T15:50:21.673+0000] {logging_mixin.py:188} INFO - [INFO] Starting Q-learning process...
[2025-07-31T15:50:21.782+0000] {logging_mixin.py:188} INFO - [INFO] Loading data files...
[2025-07-31T15:50:23.523+0000] {logging_mixin.py:188} INFO - [INFO] Merged dataset contains 0 rows
[2025-07-31T15:50:23.531+0000] {taskinstance.py:441} INFO - ::group::Post task execution logs
[2025-07-31T15:50:23.532+0000] {taskinstance.py:2905} ERROR - Task failed with exception
Traceback (most recent call last):
  File "/home/airflow/.local/lib/python3.11/site-packages/airflow/models/taskinstance.py", line 465, in _execute_task
    result = _execute_callable(context=context, **execute_callable_kwargs)
             ^^^^^^^^^^^^^^^^^^^^^^^^^^^^^^^^^^^^^^^^^^^^^^^^^^^^^^^^^^^^^
  File "/home/airflow/.local/lib/python3.11/site-packages/airflow/models/taskinstance.py", line 432, in _execute_callable
    return execute_callable(context=context, **execute_callable_kwargs)
           ^^^^^^^^^^^^^^^^^^^^^^^^^^^^^^^^^^^^^^^^^^^^^^^^^^^^^^^^^^^^
  File "/home/airflow/.local/lib/python3.11/site-packages/airflow/models/baseoperator.py", line 401, in wrapper
    return func(self, *args, **kwargs)
           ^^^^^^^^^^^^^^^^^^^^^^^^^^^
  File "/home/airflow/.local/lib/python3.11/site-packages/airflow/operators/python.py", line 235, in execute
    return_value = self.execute_callable()
                   ^^^^^^^^^^^^^^^^^^^^^^^
  File "/home/airflow/.local/lib/python3.11/site-packages/airflow/operators/python.py", line 252, in execute_callable
    return self.python_callable(*self.op_args, **self.op_kwargs)
           ^^^^^^^^^^^^^^^^^^^^^^^^^^^^^^^^^^^^^^^^^^^^^^^^^^^^^
  File "/opt/airflow/dags/scripts/train_q_learning.py", line 74, in run_q_learning
    raise ValueError(f"Not enough data to train Q-learning for {date_str}")
ValueError: Not enough data to train Q-learning for 2024-01-01
[2025-07-31T15:50:23.566+0000] {taskinstance.py:1206} INFO - Marking task as FAILED. dag_id=solar_ai_pipeline_2, task_id=train_rl, run_id=backfill__2024-01-01T00:00:00+00:00, execution_date=20240101T000000, start_date=20250731T155020, end_date=20250731T155023
[2025-07-31T15:50:23.646+0000] {standard_task_runner.py:110} ERROR - Failed to execute job 3395 for task train_rl (Not enough data to train Q-learning for 2024-01-01; 88143)
[2025-07-31T15:50:23.713+0000] {local_task_job_runner.py:240} INFO - Task exited with return code 1
[2025-07-31T15:50:23.775+0000] {taskinstance.py:3503} INFO - 0 downstream tasks scheduled from follow-on schedule check
[2025-07-31T15:50:23.829+0000] {local_task_job_runner.py:222} INFO - ::endgroup::
