[2025-07-29T15:32:24.003+0000] {local_task_job_runner.py:120} INFO - ::group::Pre task execution logs
[2025-07-29T15:32:24.095+0000] {taskinstance.py:2076} INFO - Dependencies all met for dep_context=non-requeueable deps ti=<TaskInstance: solar_ai_pipeline_2.fetch_data scheduled__2023-01-03T00:00:00+00:00 [queued]>
[2025-07-29T15:32:24.138+0000] {taskinstance.py:2076} INFO - Dependencies all met for dep_context=requeueable deps ti=<TaskInstance: solar_ai_pipeline_2.fetch_data scheduled__2023-01-03T00:00:00+00:00 [queued]>
[2025-07-29T15:32:24.140+0000] {taskinstance.py:2306} INFO - Starting attempt 3 of 4
[2025-07-29T15:32:24.249+0000] {taskinstance.py:2330} INFO - Executing <Task(PythonOperator): fetch_data> on 2023-01-03 00:00:00+00:00
[2025-07-29T15:32:24.261+0000] {standard_task_runner.py:63} INFO - Started process 1997 to run task
[2025-07-29T15:32:24.269+0000] {standard_task_runner.py:90} INFO - Running: ['airflow', 'tasks', 'run', 'solar_ai_pipeline_2', 'fetch_data', 'scheduled__2023-01-03T00:00:00+00:00', '--job-id', '1384', '--raw', '--subdir', 'DAGS_FOLDER/prophet_pipeline.py', '--cfg-path', '/tmp/tmphyksg6k_']
[2025-07-29T15:32:24.275+0000] {standard_task_runner.py:91} INFO - Job 1384: Subtask fetch_data
[2025-07-29T15:32:24.463+0000] {task_command.py:426} INFO - Running <TaskInstance: solar_ai_pipeline_2.fetch_data scheduled__2023-01-03T00:00:00+00:00 [running]> on host 4c586ddbbbe9
[2025-07-29T15:32:24.906+0000] {taskinstance.py:2648} INFO - Exporting env vars: AIRFLOW_CTX_DAG_OWNER='ensam' AIRFLOW_CTX_DAG_ID='solar_ai_pipeline_2' AIRFLOW_CTX_TASK_ID='fetch_data' AIRFLOW_CTX_EXECUTION_DATE='2023-01-03T00:00:00+00:00' AIRFLOW_CTX_TRY_NUMBER='3' AIRFLOW_CTX_DAG_RUN_ID='scheduled__2023-01-03T00:00:00+00:00'
[2025-07-29T15:32:24.909+0000] {taskinstance.py:430} INFO - ::endgroup::
[2025-07-29T15:32:35.016+0000] {logging_mixin.py:188} INFO - Données simulées pour 2023-01-03 sauvegardées dans dags/data/processed/simulated_solar_heating_2023-01-03.csv
[2025-07-29T15:32:35.027+0000] {logging_mixin.py:188} INFO - count     24.000000
mean      67.288392
std      105.006396
min        0.000000
25%        0.000000
50%        0.000000
75%      123.402125
max      297.321000
Name: solar_irradiance, dtype: float64
[2025-07-29T15:32:35.029+0000] {logging_mixin.py:188} INFO - 2023-01-03 00:00:00+01:00 → Altitude: -66.67
[2025-07-29T15:32:35.030+0000] {logging_mixin.py:188} INFO - NASA GHI response keys: ['2023010300', '2023010301', '2023010302', '2023010303', '2023010304', '2023010305', '2023010306', '2023010307', '2023010308', '2023010309', '2023010310', '2023010311', '2023010312', '2023010313', '2023010314', '2023010315', '2023010316', '2023010317', '2023010318', '2023010319', '2023010320', '2023010321', '2023010322', '2023010323']
[2025-07-29T15:32:35.031+0000] {logging_mixin.py:188} INFO - 2023-01-03 01:00:00+01:00 → Altitude: -76.88
[2025-07-29T15:32:35.032+0000] {logging_mixin.py:188} INFO - NASA GHI response keys: ['2023010300', '2023010301', '2023010302', '2023010303', '2023010304', '2023010305', '2023010306', '2023010307', '2023010308', '2023010309', '2023010310', '2023010311', '2023010312', '2023010313', '2023010314', '2023010315', '2023010316', '2023010317', '2023010318', '2023010319', '2023010320', '2023010321', '2023010322', '2023010323']
[2025-07-29T15:32:35.034+0000] {logging_mixin.py:188} INFO - 2023-01-03 02:00:00+01:00 → Altitude: -77.92
[2025-07-29T15:32:35.035+0000] {logging_mixin.py:188} INFO - NASA GHI response keys: ['2023010300', '2023010301', '2023010302', '2023010303', '2023010304', '2023010305', '2023010306', '2023010307', '2023010308', '2023010309', '2023010310', '2023010311', '2023010312', '2023010313', '2023010314', '2023010315', '2023010316', '2023010317', '2023010318', '2023010319', '2023010320', '2023010321', '2023010322', '2023010323']
[2025-07-29T15:32:35.036+0000] {logging_mixin.py:188} INFO - 2023-01-03 03:00:00+01:00 → Altitude: -68.40
[2025-07-29T15:32:35.037+0000] {logging_mixin.py:188} INFO - NASA GHI response keys: ['2023010300', '2023010301', '2023010302', '2023010303', '2023010304', '2023010305', '2023010306', '2023010307', '2023010308', '2023010309', '2023010310', '2023010311', '2023010312', '2023010313', '2023010314', '2023010315', '2023010316', '2023010317', '2023010318', '2023010319', '2023010320', '2023010321', '2023010322', '2023010323']
[2025-07-29T15:32:35.038+0000] {logging_mixin.py:188} INFO - 2023-01-03 04:00:00+01:00 → Altitude: -56.41
[2025-07-29T15:32:35.039+0000] {logging_mixin.py:188} INFO - NASA GHI response keys: ['2023010300', '2023010301', '2023010302', '2023010303', '2023010304', '2023010305', '2023010306', '2023010307', '2023010308', '2023010309', '2023010310', '2023010311', '2023010312', '2023010313', '2023010314', '2023010315', '2023010316', '2023010317', '2023010318', '2023010319', '2023010320', '2023010321', '2023010322', '2023010323']
[2025-07-29T15:32:35.040+0000] {logging_mixin.py:188} INFO - 2023-01-03 05:00:00+01:00 → Altitude: -43.96
[2025-07-29T15:32:35.041+0000] {logging_mixin.py:188} INFO - NASA GHI response keys: ['2023010300', '2023010301', '2023010302', '2023010303', '2023010304', '2023010305', '2023010306', '2023010307', '2023010308', '2023010309', '2023010310', '2023010311', '2023010312', '2023010313', '2023010314', '2023010315', '2023010316', '2023010317', '2023010318', '2023010319', '2023010320', '2023010321', '2023010322', '2023010323']
[2025-07-29T15:32:35.042+0000] {logging_mixin.py:188} INFO - 2023-01-03 06:00:00+01:00 → Altitude: -31.51
[2025-07-29T15:32:35.043+0000] {logging_mixin.py:188} INFO - NASA GHI response keys: ['2023010300', '2023010301', '2023010302', '2023010303', '2023010304', '2023010305', '2023010306', '2023010307', '2023010308', '2023010309', '2023010310', '2023010311', '2023010312', '2023010313', '2023010314', '2023010315', '2023010316', '2023010317', '2023010318', '2023010319', '2023010320', '2023010321', '2023010322', '2023010323']
[2025-07-29T15:32:35.044+0000] {logging_mixin.py:188} INFO - 2023-01-03 07:00:00+01:00 → Altitude: -19.27
[2025-07-29T15:32:35.045+0000] {logging_mixin.py:188} INFO - NASA GHI response keys: ['2023010300', '2023010301', '2023010302', '2023010303', '2023010304', '2023010305', '2023010306', '2023010307', '2023010308', '2023010309', '2023010310', '2023010311', '2023010312', '2023010313', '2023010314', '2023010315', '2023010316', '2023010317', '2023010318', '2023010319', '2023010320', '2023010321', '2023010322', '2023010323']
[2025-07-29T15:32:35.046+0000] {logging_mixin.py:188} INFO - 2023-01-03 08:00:00+01:00 → Altitude: -7.42
[2025-07-29T15:32:35.047+0000] {logging_mixin.py:188} INFO - NASA GHI response keys: ['2023010300', '2023010301', '2023010302', '2023010303', '2023010304', '2023010305', '2023010306', '2023010307', '2023010308', '2023010309', '2023010310', '2023010311', '2023010312', '2023010313', '2023010314', '2023010315', '2023010316', '2023010317', '2023010318', '2023010319', '2023010320', '2023010321', '2023010322', '2023010323']
[2025-07-29T15:32:35.048+0000] {logging_mixin.py:188} INFO - 2023-01-03 09:00:00+01:00 → Altitude: 3.91
[2025-07-29T15:32:35.049+0000] {logging_mixin.py:188} INFO - NASA GHI response keys: ['2023010300', '2023010301', '2023010302', '2023010303', '2023010304', '2023010305', '2023010306', '2023010307', '2023010308', '2023010309', '2023010310', '2023010311', '2023010312', '2023010313', '2023010314', '2023010315', '2023010316', '2023010317', '2023010318', '2023010319', '2023010320', '2023010321', '2023010322', '2023010323']
[2025-07-29T15:32:35.050+0000] {logging_mixin.py:188} INFO - 2023-01-03 10:00:00+01:00 → Altitude: 13.97
[2025-07-29T15:32:35.050+0000] {logging_mixin.py:188} INFO - NASA GHI response keys: ['2023010300', '2023010301', '2023010302', '2023010303', '2023010304', '2023010305', '2023010306', '2023010307', '2023010308', '2023010309', '2023010310', '2023010311', '2023010312', '2023010313', '2023010314', '2023010315', '2023010316', '2023010317', '2023010318', '2023010319', '2023010320', '2023010321', '2023010322', '2023010323']
[2025-07-29T15:32:35.051+0000] {logging_mixin.py:188} INFO - 2023-01-03 11:00:00+01:00 → Altitude: 22.68
[2025-07-29T15:32:35.052+0000] {logging_mixin.py:188} INFO - NASA GHI response keys: ['2023010300', '2023010301', '2023010302', '2023010303', '2023010304', '2023010305', '2023010306', '2023010307', '2023010308', '2023010309', '2023010310', '2023010311', '2023010312', '2023010313', '2023010314', '2023010315', '2023010316', '2023010317', '2023010318', '2023010319', '2023010320', '2023010321', '2023010322', '2023010323']
[2025-07-29T15:32:35.053+0000] {logging_mixin.py:188} INFO - 2023-01-03 12:00:00+01:00 → Altitude: 29.29
[2025-07-29T15:32:35.053+0000] {logging_mixin.py:188} INFO - NASA GHI response keys: ['2023010300', '2023010301', '2023010302', '2023010303', '2023010304', '2023010305', '2023010306', '2023010307', '2023010308', '2023010309', '2023010310', '2023010311', '2023010312', '2023010313', '2023010314', '2023010315', '2023010316', '2023010317', '2023010318', '2023010319', '2023010320', '2023010321', '2023010322', '2023010323']
[2025-07-29T15:32:35.054+0000] {logging_mixin.py:188} INFO - 2023-01-03 13:00:00+01:00 → Altitude: 33.03
[2025-07-29T15:32:35.055+0000] {logging_mixin.py:188} INFO - NASA GHI response keys: ['2023010300', '2023010301', '2023010302', '2023010303', '2023010304', '2023010305', '2023010306', '2023010307', '2023010308', '2023010309', '2023010310', '2023010311', '2023010312', '2023010313', '2023010314', '2023010315', '2023010316', '2023010317', '2023010318', '2023010319', '2023010320', '2023010321', '2023010322', '2023010323']
[2025-07-29T15:32:35.055+0000] {logging_mixin.py:188} INFO - 2023-01-03 14:00:00+01:00 → Altitude: 33.32
[2025-07-29T15:32:35.056+0000] {logging_mixin.py:188} INFO - NASA GHI response keys: ['2023010300', '2023010301', '2023010302', '2023010303', '2023010304', '2023010305', '2023010306', '2023010307', '2023010308', '2023010309', '2023010310', '2023010311', '2023010312', '2023010313', '2023010314', '2023010315', '2023010316', '2023010317', '2023010318', '2023010319', '2023010320', '2023010321', '2023010322', '2023010323']
[2025-07-29T15:32:35.057+0000] {logging_mixin.py:188} INFO - 2023-01-03 15:00:00+01:00 → Altitude: 30.11
[2025-07-29T15:32:35.057+0000] {logging_mixin.py:188} INFO - NASA GHI response keys: ['2023010300', '2023010301', '2023010302', '2023010303', '2023010304', '2023010305', '2023010306', '2023010307', '2023010308', '2023010309', '2023010310', '2023010311', '2023010312', '2023010313', '2023010314', '2023010315', '2023010316', '2023010317', '2023010318', '2023010319', '2023010320', '2023010321', '2023010322', '2023010323']
[2025-07-29T15:32:35.058+0000] {logging_mixin.py:188} INFO - 2023-01-03 16:00:00+01:00 → Altitude: 23.91
[2025-07-29T15:32:35.058+0000] {logging_mixin.py:188} INFO - NASA GHI response keys: ['2023010300', '2023010301', '2023010302', '2023010303', '2023010304', '2023010305', '2023010306', '2023010307', '2023010308', '2023010309', '2023010310', '2023010311', '2023010312', '2023010313', '2023010314', '2023010315', '2023010316', '2023010317', '2023010318', '2023010319', '2023010320', '2023010321', '2023010322', '2023010323']
[2025-07-29T15:32:35.059+0000] {logging_mixin.py:188} INFO - 2023-01-03 17:00:00+01:00 → Altitude: 15.48
[2025-07-29T15:32:35.060+0000] {logging_mixin.py:188} INFO - NASA GHI response keys: ['2023010300', '2023010301', '2023010302', '2023010303', '2023010304', '2023010305', '2023010306', '2023010307', '2023010308', '2023010309', '2023010310', '2023010311', '2023010312', '2023010313', '2023010314', '2023010315', '2023010316', '2023010317', '2023010318', '2023010319', '2023010320', '2023010321', '2023010322', '2023010323']
[2025-07-29T15:32:35.061+0000] {logging_mixin.py:188} INFO - 2023-01-03 18:00:00+01:00 → Altitude: 5.58
[2025-07-29T15:32:35.061+0000] {logging_mixin.py:188} INFO - NASA GHI response keys: ['2023010300', '2023010301', '2023010302', '2023010303', '2023010304', '2023010305', '2023010306', '2023010307', '2023010308', '2023010309', '2023010310', '2023010311', '2023010312', '2023010313', '2023010314', '2023010315', '2023010316', '2023010317', '2023010318', '2023010319', '2023010320', '2023010321', '2023010322', '2023010323']
[2025-07-29T15:32:35.062+0000] {logging_mixin.py:188} INFO - 2023-01-03 19:00:00+01:00 → Altitude: -5.56
[2025-07-29T15:32:35.063+0000] {logging_mixin.py:188} INFO - NASA GHI response keys: ['2023010300', '2023010301', '2023010302', '2023010303', '2023010304', '2023010305', '2023010306', '2023010307', '2023010308', '2023010309', '2023010310', '2023010311', '2023010312', '2023010313', '2023010314', '2023010315', '2023010316', '2023010317', '2023010318', '2023010319', '2023010320', '2023010321', '2023010322', '2023010323']
[2025-07-29T15:32:35.063+0000] {logging_mixin.py:188} INFO - 2023-01-03 20:00:00+01:00 → Altitude: -17.33
[2025-07-29T15:32:35.064+0000] {logging_mixin.py:188} INFO - NASA GHI response keys: ['2023010300', '2023010301', '2023010302', '2023010303', '2023010304', '2023010305', '2023010306', '2023010307', '2023010308', '2023010309', '2023010310', '2023010311', '2023010312', '2023010313', '2023010314', '2023010315', '2023010316', '2023010317', '2023010318', '2023010319', '2023010320', '2023010321', '2023010322', '2023010323']
[2025-07-29T15:32:35.065+0000] {logging_mixin.py:188} INFO - 2023-01-03 21:00:00+01:00 → Altitude: -29.52
[2025-07-29T15:32:35.065+0000] {logging_mixin.py:188} INFO - NASA GHI response keys: ['2023010300', '2023010301', '2023010302', '2023010303', '2023010304', '2023010305', '2023010306', '2023010307', '2023010308', '2023010309', '2023010310', '2023010311', '2023010312', '2023010313', '2023010314', '2023010315', '2023010316', '2023010317', '2023010318', '2023010319', '2023010320', '2023010321', '2023010322', '2023010323']
[2025-07-29T15:32:35.066+0000] {logging_mixin.py:188} INFO - 2023-01-03 22:00:00+01:00 → Altitude: -41.95
[2025-07-29T15:32:35.067+0000] {logging_mixin.py:188} INFO - NASA GHI response keys: ['2023010300', '2023010301', '2023010302', '2023010303', '2023010304', '2023010305', '2023010306', '2023010307', '2023010308', '2023010309', '2023010310', '2023010311', '2023010312', '2023010313', '2023010314', '2023010315', '2023010316', '2023010317', '2023010318', '2023010319', '2023010320', '2023010321', '2023010322', '2023010323']
[2025-07-29T15:32:35.068+0000] {logging_mixin.py:188} INFO - 2023-01-03 23:00:00+01:00 → Altitude: -54.42
[2025-07-29T15:32:35.068+0000] {logging_mixin.py:188} INFO - NASA GHI response keys: ['2023010300', '2023010301', '2023010302', '2023010303', '2023010304', '2023010305', '2023010306', '2023010307', '2023010308', '2023010309', '2023010310', '2023010311', '2023010312', '2023010313', '2023010314', '2023010315', '2023010316', '2023010317', '2023010318', '2023010319', '2023010320', '2023010321', '2023010322', '2023010323']
[2025-07-29T15:32:35.070+0000] {python.py:237} INFO - Done. Returned value was: None
[2025-07-29T15:32:35.072+0000] {taskinstance.py:441} INFO - ::group::Post task execution logs
[2025-07-29T15:32:35.094+0000] {taskinstance.py:1206} INFO - Marking task as SUCCESS. dag_id=solar_ai_pipeline_2, task_id=fetch_data, run_id=scheduled__2023-01-03T00:00:00+00:00, execution_date=20230103T000000, start_date=20250729T153224, end_date=20250729T153235
[2025-07-29T15:32:35.207+0000] {local_task_job_runner.py:240} INFO - Task exited with return code 0
[2025-07-29T15:32:35.282+0000] {taskinstance.py:3503} INFO - 1 downstream tasks scheduled from follow-on schedule check
[2025-07-29T15:32:35.319+0000] {local_task_job_runner.py:222} INFO - ::endgroup::
