[2025-07-31T11:54:58.873+0000] {local_task_job_runner.py:120} INFO - ::group::Pre task execution logs
[2025-07-31T11:54:58.997+0000] {taskinstance.py:2076} INFO - Dependencies all met for dep_context=non-requeueable deps ti=<TaskInstance: solar_ai_pipeline_2.train_prophet scheduled__2023-07-16T00:00:00+00:00 [queued]>
[2025-07-31T11:54:59.072+0000] {taskinstance.py:2076} INFO - Dependencies all met for dep_context=requeueable deps ti=<TaskInstance: solar_ai_pipeline_2.train_prophet scheduled__2023-07-16T00:00:00+00:00 [queued]>
[2025-07-31T11:54:59.077+0000] {taskinstance.py:2306} INFO - Starting attempt 3 of 4
[2025-07-31T11:54:59.192+0000] {taskinstance.py:2330} INFO - Executing <Task(PythonOperator): train_prophet> on 2023-07-16 00:00:00+00:00
[2025-07-31T11:54:59.203+0000] {standard_task_runner.py:63} INFO - Started process 3798 to run task
[2025-07-31T11:54:59.211+0000] {standard_task_runner.py:90} INFO - Running: ['airflow', 'tasks', 'run', 'solar_ai_pipeline_2', 'train_prophet', 'scheduled__2023-07-16T00:00:00+00:00', '--job-id', '2912', '--raw', '--subdir', 'DAGS_FOLDER/prophet_pipeline.py', '--cfg-path', '/tmp/tmpvvcty8j6']
[2025-07-31T11:54:59.216+0000] {standard_task_runner.py:91} INFO - Job 2912: Subtask train_prophet
[2025-07-31T11:54:59.776+0000] {task_command.py:426} INFO - Running <TaskInstance: solar_ai_pipeline_2.train_prophet scheduled__2023-07-16T00:00:00+00:00 [running]> on host a2a0dd314bdc
[2025-07-31T11:55:00.225+0000] {taskinstance.py:2648} INFO - Exporting env vars: AIRFLOW_CTX_DAG_OWNER='ensam' AIRFLOW_CTX_DAG_ID='solar_ai_pipeline_2' AIRFLOW_CTX_TASK_ID='train_prophet' AIRFLOW_CTX_EXECUTION_DATE='2023-07-16T00:00:00+00:00' AIRFLOW_CTX_TRY_NUMBER='3' AIRFLOW_CTX_DAG_RUN_ID='scheduled__2023-07-16T00:00:00+00:00'
[2025-07-31T11:55:00.228+0000] {taskinstance.py:430} INFO - ::endgroup::
[2025-07-31T11:55:01.216+0000] {plot.py:39} ERROR - Importing plotly failed. Interactive plots will not work.
[2025-07-31T11:55:01.223+0000] {logging_mixin.py:188} INFO - Training from 2023-01-01 to 2023-01-17
[2025-07-31T11:55:01.570+0000] {logging_mixin.py:188} INFO - Test 1/18: {'changepoint_prior_scale': 0.01, 'seasonality_prior_scale': 1.0, 'seasonality_mode': 'additive'}
[2025-07-31T11:55:01.626+0000] {filesystem.py:118} DEBUG - input tempfile: /tmp/tmpw4xy1jy4/q5_lq1xx.json
[2025-07-31T11:55:01.671+0000] {filesystem.py:118} DEBUG - input tempfile: /tmp/tmpw4xy1jy4/yledf7sl.json
[2025-07-31T11:55:01.673+0000] {model.py:2042} DEBUG - idx 0
[2025-07-31T11:55:01.674+0000] {model.py:2043} DEBUG - running CmdStan, num_threads: None
[2025-07-31T11:55:01.675+0000] {model.py:2055} DEBUG - CmdStan args: ['/home/airflow/.local/lib/python3.11/site-packages/prophet/stan_model/prophet_model.bin', 'random', 'seed=57128', 'data', 'file=/tmp/tmpw4xy1jy4/q5_lq1xx.json', 'init=/tmp/tmpw4xy1jy4/yledf7sl.json', 'output', 'file=/tmp/tmpw4xy1jy4/prophet_modelk1s5q0_v/prophet_model-20250731115501.csv', 'method=optimize', 'algorithm=lbfgs', 'iter=10000']
[2025-07-31T11:55:01.675+0000] {logging_mixin.py:188} WARNING - 11:55:01 - cmdstanpy - INFO - Chain [1] start processing
[2025-07-31T11:55:01.675+0000] {model.py:2058} INFO - Chain [1] start processing
[2025-07-31T11:55:01.734+0000] {logging_mixin.py:188} WARNING - 11:55:01 - cmdstanpy - INFO - Chain [1] done processing
[2025-07-31T11:55:01.734+0000] {model.py:2115} INFO - Chain [1] done processing
[2025-07-31T11:55:01.739+0000] {logging_mixin.py:188} INFO - Erreur pour {'changepoint_prior_scale': 0.01, 'seasonality_prior_scale': 1.0, 'seasonality_mode': 'additive'}: Less data than horizon after initial window. Make horizon or initial shorter.
[2025-07-31T11:55:01.740+0000] {logging_mixin.py:188} INFO - Test 2/18: {'changepoint_prior_scale': 0.01, 'seasonality_prior_scale': 1.0, 'seasonality_mode': 'multiplicative'}
[2025-07-31T11:55:01.767+0000] {filesystem.py:118} DEBUG - input tempfile: /tmp/tmpw4xy1jy4/l4bpcr94.json
[2025-07-31T11:55:01.830+0000] {filesystem.py:118} DEBUG - input tempfile: /tmp/tmpw4xy1jy4/qcr8ahgy.json
[2025-07-31T11:55:01.833+0000] {model.py:2042} DEBUG - idx 0
[2025-07-31T11:55:01.834+0000] {model.py:2043} DEBUG - running CmdStan, num_threads: None
[2025-07-31T11:55:01.835+0000] {model.py:2055} DEBUG - CmdStan args: ['/home/airflow/.local/lib/python3.11/site-packages/prophet/stan_model/prophet_model.bin', 'random', 'seed=82024', 'data', 'file=/tmp/tmpw4xy1jy4/l4bpcr94.json', 'init=/tmp/tmpw4xy1jy4/qcr8ahgy.json', 'output', 'file=/tmp/tmpw4xy1jy4/prophet_modelfnm7jtlh/prophet_model-20250731115501.csv', 'method=optimize', 'algorithm=lbfgs', 'iter=10000']
[2025-07-31T11:55:01.836+0000] {logging_mixin.py:188} WARNING - 11:55:01 - cmdstanpy - INFO - Chain [1] start processing
[2025-07-31T11:55:01.836+0000] {model.py:2058} INFO - Chain [1] start processing
[2025-07-31T11:55:01.912+0000] {logging_mixin.py:188} WARNING - 11:55:01 - cmdstanpy - INFO - Chain [1] done processing
[2025-07-31T11:55:01.912+0000] {model.py:2115} INFO - Chain [1] done processing
[2025-07-31T11:55:01.916+0000] {logging_mixin.py:188} INFO - Erreur pour {'changepoint_prior_scale': 0.01, 'seasonality_prior_scale': 1.0, 'seasonality_mode': 'multiplicative'}: Less data than horizon after initial window. Make horizon or initial shorter.
[2025-07-31T11:55:01.917+0000] {logging_mixin.py:188} INFO - Test 3/18: {'changepoint_prior_scale': 0.01, 'seasonality_prior_scale': 5.0, 'seasonality_mode': 'additive'}
[2025-07-31T11:55:01.936+0000] {filesystem.py:118} DEBUG - input tempfile: /tmp/tmpw4xy1jy4/exjxohs4.json
[2025-07-31T11:55:01.979+0000] {filesystem.py:118} DEBUG - input tempfile: /tmp/tmpw4xy1jy4/n044yp0f.json
[2025-07-31T11:55:01.981+0000] {model.py:2042} DEBUG - idx 0
[2025-07-31T11:55:01.981+0000] {model.py:2043} DEBUG - running CmdStan, num_threads: None
[2025-07-31T11:55:01.982+0000] {model.py:2055} DEBUG - CmdStan args: ['/home/airflow/.local/lib/python3.11/site-packages/prophet/stan_model/prophet_model.bin', 'random', 'seed=84812', 'data', 'file=/tmp/tmpw4xy1jy4/exjxohs4.json', 'init=/tmp/tmpw4xy1jy4/n044yp0f.json', 'output', 'file=/tmp/tmpw4xy1jy4/prophet_modelmlfg0_rz/prophet_model-20250731115501.csv', 'method=optimize', 'algorithm=lbfgs', 'iter=10000']
[2025-07-31T11:55:01.982+0000] {logging_mixin.py:188} WARNING - 11:55:01 - cmdstanpy - INFO - Chain [1] start processing
[2025-07-31T11:55:01.982+0000] {model.py:2058} INFO - Chain [1] start processing
[2025-07-31T11:55:02.050+0000] {logging_mixin.py:188} WARNING - 11:55:02 - cmdstanpy - INFO - Chain [1] done processing
[2025-07-31T11:55:02.050+0000] {model.py:2115} INFO - Chain [1] done processing
[2025-07-31T11:55:02.054+0000] {logging_mixin.py:188} INFO - Erreur pour {'changepoint_prior_scale': 0.01, 'seasonality_prior_scale': 5.0, 'seasonality_mode': 'additive'}: Less data than horizon after initial window. Make horizon or initial shorter.
[2025-07-31T11:55:02.055+0000] {logging_mixin.py:188} INFO - Test 4/18: {'changepoint_prior_scale': 0.01, 'seasonality_prior_scale': 5.0, 'seasonality_mode': 'multiplicative'}
[2025-07-31T11:55:02.074+0000] {filesystem.py:118} DEBUG - input tempfile: /tmp/tmpw4xy1jy4/3eafr32d.json
[2025-07-31T11:55:02.123+0000] {filesystem.py:118} DEBUG - input tempfile: /tmp/tmpw4xy1jy4/k_qwtieo.json
[2025-07-31T11:55:02.125+0000] {model.py:2042} DEBUG - idx 0
[2025-07-31T11:55:02.126+0000] {model.py:2043} DEBUG - running CmdStan, num_threads: None
[2025-07-31T11:55:02.126+0000] {model.py:2055} DEBUG - CmdStan args: ['/home/airflow/.local/lib/python3.11/site-packages/prophet/stan_model/prophet_model.bin', 'random', 'seed=64225', 'data', 'file=/tmp/tmpw4xy1jy4/3eafr32d.json', 'init=/tmp/tmpw4xy1jy4/k_qwtieo.json', 'output', 'file=/tmp/tmpw4xy1jy4/prophet_modelrs1xv5lb/prophet_model-20250731115502.csv', 'method=optimize', 'algorithm=lbfgs', 'iter=10000']
[2025-07-31T11:55:02.127+0000] {logging_mixin.py:188} WARNING - 11:55:02 - cmdstanpy - INFO - Chain [1] start processing
[2025-07-31T11:55:02.127+0000] {model.py:2058} INFO - Chain [1] start processing
[2025-07-31T11:55:02.184+0000] {logging_mixin.py:188} WARNING - 11:55:02 - cmdstanpy - INFO - Chain [1] done processing
[2025-07-31T11:55:02.184+0000] {model.py:2115} INFO - Chain [1] done processing
[2025-07-31T11:55:02.189+0000] {logging_mixin.py:188} INFO - Erreur pour {'changepoint_prior_scale': 0.01, 'seasonality_prior_scale': 5.0, 'seasonality_mode': 'multiplicative'}: Less data than horizon after initial window. Make horizon or initial shorter.
[2025-07-31T11:55:02.189+0000] {logging_mixin.py:188} INFO - Test 5/18: {'changepoint_prior_scale': 0.01, 'seasonality_prior_scale': 10.0, 'seasonality_mode': 'additive'}
[2025-07-31T11:55:02.211+0000] {filesystem.py:118} DEBUG - input tempfile: /tmp/tmpw4xy1jy4/02rtv4sp.json
[2025-07-31T11:55:02.265+0000] {filesystem.py:118} DEBUG - input tempfile: /tmp/tmpw4xy1jy4/xwj7emzz.json
[2025-07-31T11:55:02.267+0000] {model.py:2042} DEBUG - idx 0
[2025-07-31T11:55:02.267+0000] {model.py:2043} DEBUG - running CmdStan, num_threads: None
[2025-07-31T11:55:02.268+0000] {model.py:2055} DEBUG - CmdStan args: ['/home/airflow/.local/lib/python3.11/site-packages/prophet/stan_model/prophet_model.bin', 'random', 'seed=40063', 'data', 'file=/tmp/tmpw4xy1jy4/02rtv4sp.json', 'init=/tmp/tmpw4xy1jy4/xwj7emzz.json', 'output', 'file=/tmp/tmpw4xy1jy4/prophet_modelofmlbkh1/prophet_model-20250731115502.csv', 'method=optimize', 'algorithm=lbfgs', 'iter=10000']
[2025-07-31T11:55:02.269+0000] {logging_mixin.py:188} WARNING - 11:55:02 - cmdstanpy - INFO - Chain [1] start processing
[2025-07-31T11:55:02.269+0000] {model.py:2058} INFO - Chain [1] start processing
[2025-07-31T11:55:02.308+0000] {logging_mixin.py:188} WARNING - 11:55:02 - cmdstanpy - INFO - Chain [1] done processing
[2025-07-31T11:55:02.308+0000] {model.py:2115} INFO - Chain [1] done processing
[2025-07-31T11:55:02.312+0000] {logging_mixin.py:188} INFO - Erreur pour {'changepoint_prior_scale': 0.01, 'seasonality_prior_scale': 10.0, 'seasonality_mode': 'additive'}: Less data than horizon after initial window. Make horizon or initial shorter.
[2025-07-31T11:55:02.313+0000] {logging_mixin.py:188} INFO - Test 6/18: {'changepoint_prior_scale': 0.01, 'seasonality_prior_scale': 10.0, 'seasonality_mode': 'multiplicative'}
[2025-07-31T11:55:02.334+0000] {filesystem.py:118} DEBUG - input tempfile: /tmp/tmpw4xy1jy4/0rk4bje3.json
[2025-07-31T11:55:02.375+0000] {filesystem.py:118} DEBUG - input tempfile: /tmp/tmpw4xy1jy4/d2vzsj2e.json
[2025-07-31T11:55:02.377+0000] {model.py:2042} DEBUG - idx 0
[2025-07-31T11:55:02.378+0000] {model.py:2043} DEBUG - running CmdStan, num_threads: None
[2025-07-31T11:55:02.378+0000] {model.py:2055} DEBUG - CmdStan args: ['/home/airflow/.local/lib/python3.11/site-packages/prophet/stan_model/prophet_model.bin', 'random', 'seed=70735', 'data', 'file=/tmp/tmpw4xy1jy4/0rk4bje3.json', 'init=/tmp/tmpw4xy1jy4/d2vzsj2e.json', 'output', 'file=/tmp/tmpw4xy1jy4/prophet_model_47nrmwe/prophet_model-20250731115502.csv', 'method=optimize', 'algorithm=lbfgs', 'iter=10000']
[2025-07-31T11:55:02.379+0000] {logging_mixin.py:188} WARNING - 11:55:02 - cmdstanpy - INFO - Chain [1] start processing
[2025-07-31T11:55:02.379+0000] {model.py:2058} INFO - Chain [1] start processing
[2025-07-31T11:55:02.440+0000] {logging_mixin.py:188} WARNING - 11:55:02 - cmdstanpy - INFO - Chain [1] done processing
[2025-07-31T11:55:02.440+0000] {model.py:2115} INFO - Chain [1] done processing
[2025-07-31T11:55:02.448+0000] {logging_mixin.py:188} INFO - Erreur pour {'changepoint_prior_scale': 0.01, 'seasonality_prior_scale': 10.0, 'seasonality_mode': 'multiplicative'}: Less data than horizon after initial window. Make horizon or initial shorter.
[2025-07-31T11:55:02.449+0000] {logging_mixin.py:188} INFO - Test 7/18: {'changepoint_prior_scale': 0.05, 'seasonality_prior_scale': 1.0, 'seasonality_mode': 'additive'}
[2025-07-31T11:55:02.478+0000] {filesystem.py:118} DEBUG - input tempfile: /tmp/tmpw4xy1jy4/wz6gq8p7.json
[2025-07-31T11:55:02.541+0000] {filesystem.py:118} DEBUG - input tempfile: /tmp/tmpw4xy1jy4/moigmmot.json
[2025-07-31T11:55:02.543+0000] {model.py:2042} DEBUG - idx 0
[2025-07-31T11:55:02.544+0000] {model.py:2043} DEBUG - running CmdStan, num_threads: None
[2025-07-31T11:55:02.544+0000] {model.py:2055} DEBUG - CmdStan args: ['/home/airflow/.local/lib/python3.11/site-packages/prophet/stan_model/prophet_model.bin', 'random', 'seed=2415', 'data', 'file=/tmp/tmpw4xy1jy4/wz6gq8p7.json', 'init=/tmp/tmpw4xy1jy4/moigmmot.json', 'output', 'file=/tmp/tmpw4xy1jy4/prophet_modelcipz8ij7/prophet_model-20250731115502.csv', 'method=optimize', 'algorithm=lbfgs', 'iter=10000']
[2025-07-31T11:55:02.545+0000] {logging_mixin.py:188} WARNING - 11:55:02 - cmdstanpy - INFO - Chain [1] start processing
[2025-07-31T11:55:02.545+0000] {model.py:2058} INFO - Chain [1] start processing
[2025-07-31T11:55:02.580+0000] {logging_mixin.py:188} WARNING - 11:55:02 - cmdstanpy - INFO - Chain [1] done processing
[2025-07-31T11:55:02.580+0000] {model.py:2115} INFO - Chain [1] done processing
[2025-07-31T11:55:02.585+0000] {logging_mixin.py:188} INFO - Erreur pour {'changepoint_prior_scale': 0.05, 'seasonality_prior_scale': 1.0, 'seasonality_mode': 'additive'}: Less data than horizon after initial window. Make horizon or initial shorter.
[2025-07-31T11:55:02.586+0000] {logging_mixin.py:188} INFO - Test 8/18: {'changepoint_prior_scale': 0.05, 'seasonality_prior_scale': 1.0, 'seasonality_mode': 'multiplicative'}
[2025-07-31T11:55:02.607+0000] {filesystem.py:118} DEBUG - input tempfile: /tmp/tmpw4xy1jy4/3ev0x9nl.json
[2025-07-31T11:55:02.649+0000] {filesystem.py:118} DEBUG - input tempfile: /tmp/tmpw4xy1jy4/py06cxzp.json
[2025-07-31T11:55:02.651+0000] {model.py:2042} DEBUG - idx 0
[2025-07-31T11:55:02.651+0000] {model.py:2043} DEBUG - running CmdStan, num_threads: None
[2025-07-31T11:55:02.652+0000] {model.py:2055} DEBUG - CmdStan args: ['/home/airflow/.local/lib/python3.11/site-packages/prophet/stan_model/prophet_model.bin', 'random', 'seed=59480', 'data', 'file=/tmp/tmpw4xy1jy4/3ev0x9nl.json', 'init=/tmp/tmpw4xy1jy4/py06cxzp.json', 'output', 'file=/tmp/tmpw4xy1jy4/prophet_modelks_1v5hq/prophet_model-20250731115502.csv', 'method=optimize', 'algorithm=lbfgs', 'iter=10000']
[2025-07-31T11:55:02.652+0000] {logging_mixin.py:188} WARNING - 11:55:02 - cmdstanpy - INFO - Chain [1] start processing
[2025-07-31T11:55:02.652+0000] {model.py:2058} INFO - Chain [1] start processing
[2025-07-31T11:55:02.714+0000] {logging_mixin.py:188} WARNING - 11:55:02 - cmdstanpy - INFO - Chain [1] done processing
[2025-07-31T11:55:02.714+0000] {model.py:2115} INFO - Chain [1] done processing
[2025-07-31T11:55:02.718+0000] {logging_mixin.py:188} INFO - Erreur pour {'changepoint_prior_scale': 0.05, 'seasonality_prior_scale': 1.0, 'seasonality_mode': 'multiplicative'}: Less data than horizon after initial window. Make horizon or initial shorter.
[2025-07-31T11:55:02.719+0000] {logging_mixin.py:188} INFO - Test 9/18: {'changepoint_prior_scale': 0.05, 'seasonality_prior_scale': 5.0, 'seasonality_mode': 'additive'}
[2025-07-31T11:55:02.735+0000] {filesystem.py:118} DEBUG - input tempfile: /tmp/tmpw4xy1jy4/_u6c3_3i.json
[2025-07-31T11:55:02.777+0000] {filesystem.py:118} DEBUG - input tempfile: /tmp/tmpw4xy1jy4/qhpf_doe.json
[2025-07-31T11:55:02.779+0000] {model.py:2042} DEBUG - idx 0
[2025-07-31T11:55:02.779+0000] {model.py:2043} DEBUG - running CmdStan, num_threads: None
[2025-07-31T11:55:02.780+0000] {model.py:2055} DEBUG - CmdStan args: ['/home/airflow/.local/lib/python3.11/site-packages/prophet/stan_model/prophet_model.bin', 'random', 'seed=20080', 'data', 'file=/tmp/tmpw4xy1jy4/_u6c3_3i.json', 'init=/tmp/tmpw4xy1jy4/qhpf_doe.json', 'output', 'file=/tmp/tmpw4xy1jy4/prophet_modelcdhdo68f/prophet_model-20250731115502.csv', 'method=optimize', 'algorithm=lbfgs', 'iter=10000']
[2025-07-31T11:55:02.780+0000] {logging_mixin.py:188} WARNING - 11:55:02 - cmdstanpy - INFO - Chain [1] start processing
[2025-07-31T11:55:02.780+0000] {model.py:2058} INFO - Chain [1] start processing
[2025-07-31T11:55:02.819+0000] {logging_mixin.py:188} WARNING - 11:55:02 - cmdstanpy - INFO - Chain [1] done processing
[2025-07-31T11:55:02.818+0000] {model.py:2115} INFO - Chain [1] done processing
[2025-07-31T11:55:02.823+0000] {logging_mixin.py:188} INFO - Erreur pour {'changepoint_prior_scale': 0.05, 'seasonality_prior_scale': 5.0, 'seasonality_mode': 'additive'}: Less data than horizon after initial window. Make horizon or initial shorter.
[2025-07-31T11:55:02.824+0000] {logging_mixin.py:188} INFO - Test 10/18: {'changepoint_prior_scale': 0.05, 'seasonality_prior_scale': 5.0, 'seasonality_mode': 'multiplicative'}
[2025-07-31T11:55:02.842+0000] {filesystem.py:118} DEBUG - input tempfile: /tmp/tmpw4xy1jy4/w8g_vqs2.json
[2025-07-31T11:55:02.887+0000] {filesystem.py:118} DEBUG - input tempfile: /tmp/tmpw4xy1jy4/kpoid901.json
[2025-07-31T11:55:02.888+0000] {model.py:2042} DEBUG - idx 0
[2025-07-31T11:55:02.889+0000] {model.py:2043} DEBUG - running CmdStan, num_threads: None
[2025-07-31T11:55:02.889+0000] {model.py:2055} DEBUG - CmdStan args: ['/home/airflow/.local/lib/python3.11/site-packages/prophet/stan_model/prophet_model.bin', 'random', 'seed=28299', 'data', 'file=/tmp/tmpw4xy1jy4/w8g_vqs2.json', 'init=/tmp/tmpw4xy1jy4/kpoid901.json', 'output', 'file=/tmp/tmpw4xy1jy4/prophet_modelalvee7ay/prophet_model-20250731115502.csv', 'method=optimize', 'algorithm=lbfgs', 'iter=10000']
[2025-07-31T11:55:02.890+0000] {logging_mixin.py:188} WARNING - 11:55:02 - cmdstanpy - INFO - Chain [1] start processing
[2025-07-31T11:55:02.890+0000] {model.py:2058} INFO - Chain [1] start processing
[2025-07-31T11:55:02.945+0000] {logging_mixin.py:188} WARNING - 11:55:02 - cmdstanpy - INFO - Chain [1] done processing
[2025-07-31T11:55:02.945+0000] {model.py:2115} INFO - Chain [1] done processing
[2025-07-31T11:55:02.949+0000] {logging_mixin.py:188} INFO - Erreur pour {'changepoint_prior_scale': 0.05, 'seasonality_prior_scale': 5.0, 'seasonality_mode': 'multiplicative'}: Less data than horizon after initial window. Make horizon or initial shorter.
[2025-07-31T11:55:02.950+0000] {logging_mixin.py:188} INFO - Test 11/18: {'changepoint_prior_scale': 0.05, 'seasonality_prior_scale': 10.0, 'seasonality_mode': 'additive'}
[2025-07-31T11:55:02.970+0000] {filesystem.py:118} DEBUG - input tempfile: /tmp/tmpw4xy1jy4/sdb2r0ux.json
[2025-07-31T11:55:03.012+0000] {filesystem.py:118} DEBUG - input tempfile: /tmp/tmpw4xy1jy4/u4z8c679.json
[2025-07-31T11:55:03.014+0000] {model.py:2042} DEBUG - idx 0
[2025-07-31T11:55:03.014+0000] {model.py:2043} DEBUG - running CmdStan, num_threads: None
[2025-07-31T11:55:03.015+0000] {model.py:2055} DEBUG - CmdStan args: ['/home/airflow/.local/lib/python3.11/site-packages/prophet/stan_model/prophet_model.bin', 'random', 'seed=29491', 'data', 'file=/tmp/tmpw4xy1jy4/sdb2r0ux.json', 'init=/tmp/tmpw4xy1jy4/u4z8c679.json', 'output', 'file=/tmp/tmpw4xy1jy4/prophet_modelm77p0on6/prophet_model-20250731115503.csv', 'method=optimize', 'algorithm=lbfgs', 'iter=10000']
[2025-07-31T11:55:03.016+0000] {logging_mixin.py:188} WARNING - 11:55:03 - cmdstanpy - INFO - Chain [1] start processing
[2025-07-31T11:55:03.016+0000] {model.py:2058} INFO - Chain [1] start processing
[2025-07-31T11:55:03.074+0000] {logging_mixin.py:188} WARNING - 11:55:03 - cmdstanpy - INFO - Chain [1] done processing
[2025-07-31T11:55:03.074+0000] {model.py:2115} INFO - Chain [1] done processing
[2025-07-31T11:55:03.081+0000] {logging_mixin.py:188} INFO - Erreur pour {'changepoint_prior_scale': 0.05, 'seasonality_prior_scale': 10.0, 'seasonality_mode': 'additive'}: Less data than horizon after initial window. Make horizon or initial shorter.
[2025-07-31T11:55:03.082+0000] {logging_mixin.py:188} INFO - Test 12/18: {'changepoint_prior_scale': 0.05, 'seasonality_prior_scale': 10.0, 'seasonality_mode': 'multiplicative'}
[2025-07-31T11:55:03.115+0000] {filesystem.py:118} DEBUG - input tempfile: /tmp/tmpw4xy1jy4/zplm6re3.json
[2025-07-31T11:55:03.158+0000] {filesystem.py:118} DEBUG - input tempfile: /tmp/tmpw4xy1jy4/7rm08410.json
[2025-07-31T11:55:03.159+0000] {model.py:2042} DEBUG - idx 0
[2025-07-31T11:55:03.160+0000] {model.py:2043} DEBUG - running CmdStan, num_threads: None
[2025-07-31T11:55:03.160+0000] {model.py:2055} DEBUG - CmdStan args: ['/home/airflow/.local/lib/python3.11/site-packages/prophet/stan_model/prophet_model.bin', 'random', 'seed=71891', 'data', 'file=/tmp/tmpw4xy1jy4/zplm6re3.json', 'init=/tmp/tmpw4xy1jy4/7rm08410.json', 'output', 'file=/tmp/tmpw4xy1jy4/prophet_modelarijikv1/prophet_model-20250731115503.csv', 'method=optimize', 'algorithm=lbfgs', 'iter=10000']
[2025-07-31T11:55:03.161+0000] {logging_mixin.py:188} WARNING - 11:55:03 - cmdstanpy - INFO - Chain [1] start processing
[2025-07-31T11:55:03.161+0000] {model.py:2058} INFO - Chain [1] start processing
[2025-07-31T11:55:03.212+0000] {logging_mixin.py:188} WARNING - 11:55:03 - cmdstanpy - INFO - Chain [1] done processing
[2025-07-31T11:55:03.212+0000] {model.py:2115} INFO - Chain [1] done processing
[2025-07-31T11:55:03.216+0000] {logging_mixin.py:188} INFO - Erreur pour {'changepoint_prior_scale': 0.05, 'seasonality_prior_scale': 10.0, 'seasonality_mode': 'multiplicative'}: Less data than horizon after initial window. Make horizon or initial shorter.
[2025-07-31T11:55:03.217+0000] {logging_mixin.py:188} INFO - Test 13/18: {'changepoint_prior_scale': 0.1, 'seasonality_prior_scale': 1.0, 'seasonality_mode': 'additive'}
[2025-07-31T11:55:03.239+0000] {filesystem.py:118} DEBUG - input tempfile: /tmp/tmpw4xy1jy4/f9cfpqvf.json
[2025-07-31T11:55:03.308+0000] {filesystem.py:118} DEBUG - input tempfile: /tmp/tmpw4xy1jy4/s_cnobwe.json
[2025-07-31T11:55:03.309+0000] {model.py:2042} DEBUG - idx 0
[2025-07-31T11:55:03.310+0000] {model.py:2043} DEBUG - running CmdStan, num_threads: None
[2025-07-31T11:55:03.311+0000] {model.py:2055} DEBUG - CmdStan args: ['/home/airflow/.local/lib/python3.11/site-packages/prophet/stan_model/prophet_model.bin', 'random', 'seed=26150', 'data', 'file=/tmp/tmpw4xy1jy4/f9cfpqvf.json', 'init=/tmp/tmpw4xy1jy4/s_cnobwe.json', 'output', 'file=/tmp/tmpw4xy1jy4/prophet_model9lba7xkm/prophet_model-20250731115503.csv', 'method=optimize', 'algorithm=lbfgs', 'iter=10000']
[2025-07-31T11:55:03.311+0000] {logging_mixin.py:188} WARNING - 11:55:03 - cmdstanpy - INFO - Chain [1] start processing
[2025-07-31T11:55:03.311+0000] {model.py:2058} INFO - Chain [1] start processing
[2025-07-31T11:55:03.345+0000] {logging_mixin.py:188} WARNING - 11:55:03 - cmdstanpy - INFO - Chain [1] done processing
[2025-07-31T11:55:03.345+0000] {model.py:2115} INFO - Chain [1] done processing
[2025-07-31T11:55:03.349+0000] {logging_mixin.py:188} INFO - Erreur pour {'changepoint_prior_scale': 0.1, 'seasonality_prior_scale': 1.0, 'seasonality_mode': 'additive'}: Less data than horizon after initial window. Make horizon or initial shorter.
[2025-07-31T11:55:03.350+0000] {logging_mixin.py:188} INFO - Test 14/18: {'changepoint_prior_scale': 0.1, 'seasonality_prior_scale': 1.0, 'seasonality_mode': 'multiplicative'}
[2025-07-31T11:55:03.368+0000] {filesystem.py:118} DEBUG - input tempfile: /tmp/tmpw4xy1jy4/hlx7d_d_.json
[2025-07-31T11:55:03.418+0000] {filesystem.py:118} DEBUG - input tempfile: /tmp/tmpw4xy1jy4/j0t8spbo.json
[2025-07-31T11:55:03.419+0000] {model.py:2042} DEBUG - idx 0
[2025-07-31T11:55:03.420+0000] {model.py:2043} DEBUG - running CmdStan, num_threads: None
[2025-07-31T11:55:03.420+0000] {model.py:2055} DEBUG - CmdStan args: ['/home/airflow/.local/lib/python3.11/site-packages/prophet/stan_model/prophet_model.bin', 'random', 'seed=77754', 'data', 'file=/tmp/tmpw4xy1jy4/hlx7d_d_.json', 'init=/tmp/tmpw4xy1jy4/j0t8spbo.json', 'output', 'file=/tmp/tmpw4xy1jy4/prophet_modeli7s38old/prophet_model-20250731115503.csv', 'method=optimize', 'algorithm=lbfgs', 'iter=10000']
[2025-07-31T11:55:03.421+0000] {logging_mixin.py:188} WARNING - 11:55:03 - cmdstanpy - INFO - Chain [1] start processing
[2025-07-31T11:55:03.421+0000] {model.py:2058} INFO - Chain [1] start processing
[2025-07-31T11:55:03.483+0000] {logging_mixin.py:188} WARNING - 11:55:03 - cmdstanpy - INFO - Chain [1] done processing
[2025-07-31T11:55:03.483+0000] {model.py:2115} INFO - Chain [1] done processing
[2025-07-31T11:55:03.487+0000] {logging_mixin.py:188} INFO - Erreur pour {'changepoint_prior_scale': 0.1, 'seasonality_prior_scale': 1.0, 'seasonality_mode': 'multiplicative'}: Less data than horizon after initial window. Make horizon or initial shorter.
[2025-07-31T11:55:03.488+0000] {logging_mixin.py:188} INFO - Test 15/18: {'changepoint_prior_scale': 0.1, 'seasonality_prior_scale': 5.0, 'seasonality_mode': 'additive'}
[2025-07-31T11:55:03.504+0000] {filesystem.py:118} DEBUG - input tempfile: /tmp/tmpw4xy1jy4/5nisdmj5.json
[2025-07-31T11:55:03.548+0000] {filesystem.py:118} DEBUG - input tempfile: /tmp/tmpw4xy1jy4/2_yihcpl.json
[2025-07-31T11:55:03.550+0000] {model.py:2042} DEBUG - idx 0
[2025-07-31T11:55:03.551+0000] {model.py:2043} DEBUG - running CmdStan, num_threads: None
[2025-07-31T11:55:03.551+0000] {model.py:2055} DEBUG - CmdStan args: ['/home/airflow/.local/lib/python3.11/site-packages/prophet/stan_model/prophet_model.bin', 'random', 'seed=81886', 'data', 'file=/tmp/tmpw4xy1jy4/5nisdmj5.json', 'init=/tmp/tmpw4xy1jy4/2_yihcpl.json', 'output', 'file=/tmp/tmpw4xy1jy4/prophet_modeloxe1z0w_/prophet_model-20250731115503.csv', 'method=optimize', 'algorithm=lbfgs', 'iter=10000']
[2025-07-31T11:55:03.552+0000] {logging_mixin.py:188} WARNING - 11:55:03 - cmdstanpy - INFO - Chain [1] start processing
[2025-07-31T11:55:03.552+0000] {model.py:2058} INFO - Chain [1] start processing
[2025-07-31T11:55:03.611+0000] {logging_mixin.py:188} WARNING - 11:55:03 - cmdstanpy - INFO - Chain [1] done processing
[2025-07-31T11:55:03.611+0000] {model.py:2115} INFO - Chain [1] done processing
[2025-07-31T11:55:03.616+0000] {logging_mixin.py:188} INFO - Erreur pour {'changepoint_prior_scale': 0.1, 'seasonality_prior_scale': 5.0, 'seasonality_mode': 'additive'}: Less data than horizon after initial window. Make horizon or initial shorter.
[2025-07-31T11:55:03.617+0000] {logging_mixin.py:188} INFO - Test 16/18: {'changepoint_prior_scale': 0.1, 'seasonality_prior_scale': 5.0, 'seasonality_mode': 'multiplicative'}
[2025-07-31T11:55:03.652+0000] {filesystem.py:118} DEBUG - input tempfile: /tmp/tmpw4xy1jy4/01iol1_b.json
[2025-07-31T11:55:03.714+0000] {filesystem.py:118} DEBUG - input tempfile: /tmp/tmpw4xy1jy4/gca5l6w8.json
[2025-07-31T11:55:03.716+0000] {model.py:2042} DEBUG - idx 0
[2025-07-31T11:55:03.717+0000] {model.py:2043} DEBUG - running CmdStan, num_threads: None
[2025-07-31T11:55:03.717+0000] {model.py:2055} DEBUG - CmdStan args: ['/home/airflow/.local/lib/python3.11/site-packages/prophet/stan_model/prophet_model.bin', 'random', 'seed=66268', 'data', 'file=/tmp/tmpw4xy1jy4/01iol1_b.json', 'init=/tmp/tmpw4xy1jy4/gca5l6w8.json', 'output', 'file=/tmp/tmpw4xy1jy4/prophet_modelawanfzqz/prophet_model-20250731115503.csv', 'method=optimize', 'algorithm=lbfgs', 'iter=10000']
[2025-07-31T11:55:03.718+0000] {logging_mixin.py:188} WARNING - 11:55:03 - cmdstanpy - INFO - Chain [1] start processing
[2025-07-31T11:55:03.718+0000] {model.py:2058} INFO - Chain [1] start processing
[2025-07-31T11:55:03.763+0000] {logging_mixin.py:188} WARNING - 11:55:03 - cmdstanpy - INFO - Chain [1] done processing
[2025-07-31T11:55:03.763+0000] {model.py:2115} INFO - Chain [1] done processing
[2025-07-31T11:55:03.767+0000] {logging_mixin.py:188} INFO - Erreur pour {'changepoint_prior_scale': 0.1, 'seasonality_prior_scale': 5.0, 'seasonality_mode': 'multiplicative'}: Less data than horizon after initial window. Make horizon or initial shorter.
[2025-07-31T11:55:03.768+0000] {logging_mixin.py:188} INFO - Test 17/18: {'changepoint_prior_scale': 0.1, 'seasonality_prior_scale': 10.0, 'seasonality_mode': 'additive'}
[2025-07-31T11:55:03.785+0000] {filesystem.py:118} DEBUG - input tempfile: /tmp/tmpw4xy1jy4/hx3wknk0.json
[2025-07-31T11:55:03.844+0000] {filesystem.py:118} DEBUG - input tempfile: /tmp/tmpw4xy1jy4/zimdupdk.json
[2025-07-31T11:55:03.845+0000] {model.py:2042} DEBUG - idx 0
[2025-07-31T11:55:03.846+0000] {model.py:2043} DEBUG - running CmdStan, num_threads: None
[2025-07-31T11:55:03.847+0000] {model.py:2055} DEBUG - CmdStan args: ['/home/airflow/.local/lib/python3.11/site-packages/prophet/stan_model/prophet_model.bin', 'random', 'seed=2322', 'data', 'file=/tmp/tmpw4xy1jy4/hx3wknk0.json', 'init=/tmp/tmpw4xy1jy4/zimdupdk.json', 'output', 'file=/tmp/tmpw4xy1jy4/prophet_modeluj5rpnv_/prophet_model-20250731115503.csv', 'method=optimize', 'algorithm=lbfgs', 'iter=10000']
[2025-07-31T11:55:03.848+0000] {logging_mixin.py:188} WARNING - 11:55:03 - cmdstanpy - INFO - Chain [1] start processing
[2025-07-31T11:55:03.848+0000] {model.py:2058} INFO - Chain [1] start processing
[2025-07-31T11:55:03.921+0000] {logging_mixin.py:188} WARNING - 11:55:03 - cmdstanpy - INFO - Chain [1] done processing
[2025-07-31T11:55:03.921+0000] {model.py:2115} INFO - Chain [1] done processing
[2025-07-31T11:55:03.929+0000] {logging_mixin.py:188} INFO - Erreur pour {'changepoint_prior_scale': 0.1, 'seasonality_prior_scale': 10.0, 'seasonality_mode': 'additive'}: Less data than horizon after initial window. Make horizon or initial shorter.
[2025-07-31T11:55:03.930+0000] {logging_mixin.py:188} INFO - Test 18/18: {'changepoint_prior_scale': 0.1, 'seasonality_prior_scale': 10.0, 'seasonality_mode': 'multiplicative'}
[2025-07-31T11:55:03.964+0000] {filesystem.py:118} DEBUG - input tempfile: /tmp/tmpw4xy1jy4/306u9woe.json
[2025-07-31T11:55:04.007+0000] {filesystem.py:118} DEBUG - input tempfile: /tmp/tmpw4xy1jy4/vjvq0_h1.json
[2025-07-31T11:55:04.008+0000] {model.py:2042} DEBUG - idx 0
[2025-07-31T11:55:04.009+0000] {model.py:2043} DEBUG - running CmdStan, num_threads: None
[2025-07-31T11:55:04.010+0000] {model.py:2055} DEBUG - CmdStan args: ['/home/airflow/.local/lib/python3.11/site-packages/prophet/stan_model/prophet_model.bin', 'random', 'seed=59160', 'data', 'file=/tmp/tmpw4xy1jy4/306u9woe.json', 'init=/tmp/tmpw4xy1jy4/vjvq0_h1.json', 'output', 'file=/tmp/tmpw4xy1jy4/prophet_model_i_aofvx/prophet_model-20250731115504.csv', 'method=optimize', 'algorithm=lbfgs', 'iter=10000']
[2025-07-31T11:55:04.010+0000] {logging_mixin.py:188} WARNING - 11:55:04 - cmdstanpy - INFO - Chain [1] start processing
[2025-07-31T11:55:04.010+0000] {model.py:2058} INFO - Chain [1] start processing
[2025-07-31T11:55:04.076+0000] {logging_mixin.py:188} WARNING - 11:55:04 - cmdstanpy - INFO - Chain [1] done processing
[2025-07-31T11:55:04.076+0000] {model.py:2115} INFO - Chain [1] done processing
[2025-07-31T11:55:04.083+0000] {logging_mixin.py:188} INFO - Erreur pour {'changepoint_prior_scale': 0.1, 'seasonality_prior_scale': 10.0, 'seasonality_mode': 'multiplicative'}: Less data than horizon after initial window. Make horizon or initial shorter.
[2025-07-31T11:55:04.085+0000] {taskinstance.py:441} INFO - ::group::Post task execution logs
[2025-07-31T11:55:04.086+0000] {taskinstance.py:2905} ERROR - Task failed with exception
Traceback (most recent call last):
  File "/home/airflow/.local/lib/python3.11/site-packages/airflow/models/taskinstance.py", line 465, in _execute_task
    result = _execute_callable(context=context, **execute_callable_kwargs)
             ^^^^^^^^^^^^^^^^^^^^^^^^^^^^^^^^^^^^^^^^^^^^^^^^^^^^^^^^^^^^^
  File "/home/airflow/.local/lib/python3.11/site-packages/airflow/models/taskinstance.py", line 432, in _execute_callable
    return execute_callable(context=context, **execute_callable_kwargs)
           ^^^^^^^^^^^^^^^^^^^^^^^^^^^^^^^^^^^^^^^^^^^^^^^^^^^^^^^^^^^^
  File "/home/airflow/.local/lib/python3.11/site-packages/airflow/models/baseoperator.py", line 401, in wrapper
    return func(self, *args, **kwargs)
           ^^^^^^^^^^^^^^^^^^^^^^^^^^^
  File "/home/airflow/.local/lib/python3.11/site-packages/airflow/operators/python.py", line 235, in execute
    return_value = self.execute_callable()
                   ^^^^^^^^^^^^^^^^^^^^^^^
  File "/home/airflow/.local/lib/python3.11/site-packages/airflow/operators/python.py", line 252, in execute_callable
    return self.python_callable(*self.op_args, **self.op_kwargs)
           ^^^^^^^^^^^^^^^^^^^^^^^^^^^^^^^^^^^^^^^^^^^^^^^^^^^^^
  File "/opt/airflow/dags/scripts/train_prophet.py", line 92, in train_prophet
    best_model_temp, scores_temp = optimize_prophet_model(temp_df)
                                   ^^^^^^^^^^^^^^^^^^^^^^^^^^^^^^^
  File "/opt/airflow/dags/scripts/train_prophet.py", line 44, in optimize_prophet_model
    best = min(results, key=lambda x: x[1])
           ^^^^^^^^^^^^^^^^^^^^^^^^^^^^^^^^
ValueError: min() arg is an empty sequence
[2025-07-31T11:55:04.143+0000] {taskinstance.py:1206} INFO - Marking task as UP_FOR_RETRY. dag_id=solar_ai_pipeline_2, task_id=train_prophet, run_id=scheduled__2023-07-16T00:00:00+00:00, execution_date=20230716T000000, start_date=20250731T115458, end_date=20250731T115504
[2025-07-31T11:55:04.268+0000] {standard_task_runner.py:110} ERROR - Failed to execute job 2912 for task train_prophet (min() arg is an empty sequence; 3798)
[2025-07-31T11:55:04.386+0000] {local_task_job_runner.py:240} INFO - Task exited with return code 1
[2025-07-31T11:55:04.467+0000] {taskinstance.py:3503} INFO - 0 downstream tasks scheduled from follow-on schedule check
[2025-07-31T11:55:04.473+0000] {local_task_job_runner.py:222} INFO - ::endgroup::
