[2025-07-31T11:32:59.437+0000] {local_task_job_runner.py:120} INFO - ::group::Pre task execution logs
[2025-07-31T11:32:59.544+0000] {taskinstance.py:2076} INFO - Dependencies all met for dep_context=non-requeueable deps ti=<TaskInstance: solar_ai_pipeline_2.train_prophet scheduled__2023-05-28T00:00:00+00:00 [queued]>
[2025-07-31T11:32:59.616+0000] {taskinstance.py:2076} INFO - Dependencies all met for dep_context=requeueable deps ti=<TaskInstance: solar_ai_pipeline_2.train_prophet scheduled__2023-05-28T00:00:00+00:00 [queued]>
[2025-07-31T11:32:59.621+0000] {taskinstance.py:2306} INFO - Starting attempt 4 of 4
[2025-07-31T11:32:59.736+0000] {taskinstance.py:2330} INFO - Executing <Task(PythonOperator): train_prophet> on 2023-05-28 00:00:00+00:00
[2025-07-31T11:32:59.747+0000] {standard_task_runner.py:63} INFO - Started process 2484 to run task
[2025-07-31T11:32:59.758+0000] {standard_task_runner.py:90} INFO - Running: ['airflow', 'tasks', 'run', 'solar_ai_pipeline_2', 'train_prophet', 'scheduled__2023-05-28T00:00:00+00:00', '--job-id', '2845', '--raw', '--subdir', 'DAGS_FOLDER/prophet_pipeline.py', '--cfg-path', '/tmp/tmp68mkceth']
[2025-07-31T11:32:59.764+0000] {standard_task_runner.py:91} INFO - Job 2845: Subtask train_prophet
[2025-07-31T11:33:00.061+0000] {task_command.py:426} INFO - Running <TaskInstance: solar_ai_pipeline_2.train_prophet scheduled__2023-05-28T00:00:00+00:00 [running]> on host a2a0dd314bdc
[2025-07-31T11:33:00.467+0000] {taskinstance.py:2648} INFO - Exporting env vars: AIRFLOW_CTX_DAG_OWNER='ensam' AIRFLOW_CTX_DAG_ID='solar_ai_pipeline_2' AIRFLOW_CTX_TASK_ID='train_prophet' AIRFLOW_CTX_EXECUTION_DATE='2023-05-28T00:00:00+00:00' AIRFLOW_CTX_TRY_NUMBER='4' AIRFLOW_CTX_DAG_RUN_ID='scheduled__2023-05-28T00:00:00+00:00'
[2025-07-31T11:33:00.468+0000] {taskinstance.py:430} INFO - ::endgroup::
[2025-07-31T11:33:01.516+0000] {plot.py:39} ERROR - Importing plotly failed. Interactive plots will not work.
[2025-07-31T11:33:01.528+0000] {taskinstance.py:441} INFO - ::group::Post task execution logs
[2025-07-31T11:33:01.529+0000] {taskinstance.py:2905} ERROR - Task failed with exception
Traceback (most recent call last):
  File "/home/airflow/.local/lib/python3.11/site-packages/airflow/models/taskinstance.py", line 465, in _execute_task
    result = _execute_callable(context=context, **execute_callable_kwargs)
             ^^^^^^^^^^^^^^^^^^^^^^^^^^^^^^^^^^^^^^^^^^^^^^^^^^^^^^^^^^^^^
  File "/home/airflow/.local/lib/python3.11/site-packages/airflow/models/taskinstance.py", line 432, in _execute_callable
    return execute_callable(context=context, **execute_callable_kwargs)
           ^^^^^^^^^^^^^^^^^^^^^^^^^^^^^^^^^^^^^^^^^^^^^^^^^^^^^^^^^^^^
  File "/home/airflow/.local/lib/python3.11/site-packages/airflow/models/baseoperator.py", line 401, in wrapper
    return func(self, *args, **kwargs)
           ^^^^^^^^^^^^^^^^^^^^^^^^^^^
  File "/home/airflow/.local/lib/python3.11/site-packages/airflow/operators/python.py", line 235, in execute
    return_value = self.execute_callable()
                   ^^^^^^^^^^^^^^^^^^^^^^^
  File "/home/airflow/.local/lib/python3.11/site-packages/airflow/operators/python.py", line 252, in execute_callable
    return self.python_callable(*self.op_args, **self.op_kwargs)
           ^^^^^^^^^^^^^^^^^^^^^^^^^^^^^^^^^^^^^^^^^^^^^^^^^^^^^
  File "/opt/airflow/dags/scripts/train_prophet.py", line 73, in train_prophet
    raise ValueError(f"Not enough data to train. train_start={train_start}, train_end={train_end}")
ValueError: Not enough data to train. train_start=2023-01-01, train_end=2022-11-29
[2025-07-31T11:33:01.582+0000] {taskinstance.py:1206} INFO - Marking task as FAILED. dag_id=solar_ai_pipeline_2, task_id=train_prophet, run_id=scheduled__2023-05-28T00:00:00+00:00, execution_date=20230528T000000, start_date=20250731T113259, end_date=20250731T113301
[2025-07-31T11:33:01.688+0000] {standard_task_runner.py:110} ERROR - Failed to execute job 2845 for task train_prophet (Not enough data to train. train_start=2023-01-01, train_end=2022-11-29; 2484)
[2025-07-31T11:33:01.744+0000] {local_task_job_runner.py:240} INFO - Task exited with return code 1
[2025-07-31T11:33:01.839+0000] {taskinstance.py:3503} INFO - 0 downstream tasks scheduled from follow-on schedule check
[2025-07-31T11:33:02.259+0000] {local_task_job_runner.py:222} INFO - ::endgroup::
