[2025-07-31T11:49:08.952+0000] {local_task_job_runner.py:120} INFO - ::group::Pre task execution logs
[2025-07-31T11:49:09.140+0000] {taskinstance.py:2076} INFO - Dependencies all met for dep_context=non-requeueable deps ti=<TaskInstance: solar_ai_pipeline_2.train_prophet scheduled__2023-07-09T00:00:00+00:00 [queued]>
[2025-07-31T11:49:09.213+0000] {taskinstance.py:2076} INFO - Dependencies all met for dep_context=requeueable deps ti=<TaskInstance: solar_ai_pipeline_2.train_prophet scheduled__2023-07-09T00:00:00+00:00 [queued]>
[2025-07-31T11:49:09.217+0000] {taskinstance.py:2306} INFO - Starting attempt 3 of 4
[2025-07-31T11:49:09.322+0000] {taskinstance.py:2330} INFO - Executing <Task(PythonOperator): train_prophet> on 2023-07-09 00:00:00+00:00
[2025-07-31T11:49:09.333+0000] {standard_task_runner.py:63} INFO - Started process 3452 to run task
[2025-07-31T11:49:09.343+0000] {standard_task_runner.py:90} INFO - Running: ['airflow', 'tasks', 'run', 'solar_ai_pipeline_2', 'train_prophet', 'scheduled__2023-07-09T00:00:00+00:00', '--job-id', '2898', '--raw', '--subdir', 'DAGS_FOLDER/prophet_pipeline.py', '--cfg-path', '/tmp/tmp36wn7y7f']
[2025-07-31T11:49:09.348+0000] {standard_task_runner.py:91} INFO - Job 2898: Subtask train_prophet
[2025-07-31T11:49:09.596+0000] {task_command.py:426} INFO - Running <TaskInstance: solar_ai_pipeline_2.train_prophet scheduled__2023-07-09T00:00:00+00:00 [running]> on host a2a0dd314bdc
[2025-07-31T11:49:09.947+0000] {taskinstance.py:2648} INFO - Exporting env vars: AIRFLOW_CTX_DAG_OWNER='ensam' AIRFLOW_CTX_DAG_ID='solar_ai_pipeline_2' AIRFLOW_CTX_TASK_ID='train_prophet' AIRFLOW_CTX_EXECUTION_DATE='2023-07-09T00:00:00+00:00' AIRFLOW_CTX_TRY_NUMBER='3' AIRFLOW_CTX_DAG_RUN_ID='scheduled__2023-07-09T00:00:00+00:00'
[2025-07-31T11:49:09.949+0000] {taskinstance.py:430} INFO - ::endgroup::
[2025-07-31T11:49:10.959+0000] {plot.py:39} ERROR - Importing plotly failed. Interactive plots will not work.
[2025-07-31T11:49:10.968+0000] {logging_mixin.py:188} INFO - Training from 2023-01-01 to 2023-01-10
[2025-07-31T11:49:11.180+0000] {logging_mixin.py:188} INFO - Test 1/18: {'changepoint_prior_scale': 0.01, 'seasonality_prior_scale': 1.0, 'seasonality_mode': 'additive'}
[2025-07-31T11:49:11.236+0000] {filesystem.py:118} DEBUG - input tempfile: /tmp/tmps1gakrne/j9fqn2kt.json
[2025-07-31T11:49:11.265+0000] {filesystem.py:118} DEBUG - input tempfile: /tmp/tmps1gakrne/zq8z64mw.json
[2025-07-31T11:49:11.267+0000] {model.py:2042} DEBUG - idx 0
[2025-07-31T11:49:11.268+0000] {model.py:2043} DEBUG - running CmdStan, num_threads: None
[2025-07-31T11:49:11.269+0000] {model.py:2055} DEBUG - CmdStan args: ['/home/airflow/.local/lib/python3.11/site-packages/prophet/stan_model/prophet_model.bin', 'random', 'seed=70834', 'data', 'file=/tmp/tmps1gakrne/j9fqn2kt.json', 'init=/tmp/tmps1gakrne/zq8z64mw.json', 'output', 'file=/tmp/tmps1gakrne/prophet_modelqz2xqzlw/prophet_model-20250731114911.csv', 'method=optimize', 'algorithm=lbfgs', 'iter=10000']
[2025-07-31T11:49:11.269+0000] {logging_mixin.py:188} WARNING - 11:49:11 - cmdstanpy - INFO - Chain [1] start processing
[2025-07-31T11:49:11.269+0000] {model.py:2058} INFO - Chain [1] start processing
[2025-07-31T11:49:11.302+0000] {logging_mixin.py:188} WARNING - 11:49:11 - cmdstanpy - INFO - Chain [1] done processing
[2025-07-31T11:49:11.302+0000] {model.py:2115} INFO - Chain [1] done processing
[2025-07-31T11:49:11.308+0000] {logging_mixin.py:188} INFO - Erreur pour {'changepoint_prior_scale': 0.01, 'seasonality_prior_scale': 1.0, 'seasonality_mode': 'additive'}: Less data than horizon after initial window. Make horizon or initial shorter.
[2025-07-31T11:49:11.309+0000] {logging_mixin.py:188} INFO - Test 2/18: {'changepoint_prior_scale': 0.01, 'seasonality_prior_scale': 1.0, 'seasonality_mode': 'multiplicative'}
[2025-07-31T11:49:11.331+0000] {filesystem.py:118} DEBUG - input tempfile: /tmp/tmps1gakrne/nfhcxm3j.json
[2025-07-31T11:49:11.375+0000] {filesystem.py:118} DEBUG - input tempfile: /tmp/tmps1gakrne/oca6arkw.json
[2025-07-31T11:49:11.377+0000] {model.py:2042} DEBUG - idx 0
[2025-07-31T11:49:11.378+0000] {model.py:2043} DEBUG - running CmdStan, num_threads: None
[2025-07-31T11:49:11.379+0000] {model.py:2055} DEBUG - CmdStan args: ['/home/airflow/.local/lib/python3.11/site-packages/prophet/stan_model/prophet_model.bin', 'random', 'seed=91362', 'data', 'file=/tmp/tmps1gakrne/nfhcxm3j.json', 'init=/tmp/tmps1gakrne/oca6arkw.json', 'output', 'file=/tmp/tmps1gakrne/prophet_model93zz41a8/prophet_model-20250731114911.csv', 'method=optimize', 'algorithm=lbfgs', 'iter=10000']
[2025-07-31T11:49:11.380+0000] {logging_mixin.py:188} WARNING - 11:49:11 - cmdstanpy - INFO - Chain [1] start processing
[2025-07-31T11:49:11.380+0000] {model.py:2058} INFO - Chain [1] start processing
[2025-07-31T11:49:11.429+0000] {logging_mixin.py:188} WARNING - 11:49:11 - cmdstanpy - INFO - Chain [1] done processing
[2025-07-31T11:49:11.429+0000] {model.py:2115} INFO - Chain [1] done processing
[2025-07-31T11:49:11.433+0000] {logging_mixin.py:188} INFO - Erreur pour {'changepoint_prior_scale': 0.01, 'seasonality_prior_scale': 1.0, 'seasonality_mode': 'multiplicative'}: Less data than horizon after initial window. Make horizon or initial shorter.
[2025-07-31T11:49:11.434+0000] {logging_mixin.py:188} INFO - Test 3/18: {'changepoint_prior_scale': 0.01, 'seasonality_prior_scale': 5.0, 'seasonality_mode': 'additive'}
[2025-07-31T11:49:11.458+0000] {filesystem.py:118} DEBUG - input tempfile: /tmp/tmps1gakrne/nr3pxqf4.json
[2025-07-31T11:49:11.504+0000] {filesystem.py:118} DEBUG - input tempfile: /tmp/tmps1gakrne/348qccgw.json
[2025-07-31T11:49:11.509+0000] {model.py:2042} DEBUG - idx 0
[2025-07-31T11:49:11.510+0000] {model.py:2043} DEBUG - running CmdStan, num_threads: None
[2025-07-31T11:49:11.510+0000] {model.py:2055} DEBUG - CmdStan args: ['/home/airflow/.local/lib/python3.11/site-packages/prophet/stan_model/prophet_model.bin', 'random', 'seed=96014', 'data', 'file=/tmp/tmps1gakrne/nr3pxqf4.json', 'init=/tmp/tmps1gakrne/348qccgw.json', 'output', 'file=/tmp/tmps1gakrne/prophet_model7f0mr2sl/prophet_model-20250731114911.csv', 'method=optimize', 'algorithm=lbfgs', 'iter=10000']
[2025-07-31T11:49:11.511+0000] {logging_mixin.py:188} WARNING - 11:49:11 - cmdstanpy - INFO - Chain [1] start processing
[2025-07-31T11:49:11.511+0000] {model.py:2058} INFO - Chain [1] start processing
[2025-07-31T11:49:11.543+0000] {logging_mixin.py:188} WARNING - 11:49:11 - cmdstanpy - INFO - Chain [1] done processing
[2025-07-31T11:49:11.543+0000] {model.py:2115} INFO - Chain [1] done processing
[2025-07-31T11:49:11.548+0000] {logging_mixin.py:188} INFO - Erreur pour {'changepoint_prior_scale': 0.01, 'seasonality_prior_scale': 5.0, 'seasonality_mode': 'additive'}: Less data than horizon after initial window. Make horizon or initial shorter.
[2025-07-31T11:49:11.549+0000] {logging_mixin.py:188} INFO - Test 4/18: {'changepoint_prior_scale': 0.01, 'seasonality_prior_scale': 5.0, 'seasonality_mode': 'multiplicative'}
[2025-07-31T11:49:11.571+0000] {filesystem.py:118} DEBUG - input tempfile: /tmp/tmps1gakrne/rzsxifrx.json
[2025-07-31T11:49:11.606+0000] {filesystem.py:118} DEBUG - input tempfile: /tmp/tmps1gakrne/v4w_om2q.json
[2025-07-31T11:49:11.611+0000] {model.py:2042} DEBUG - idx 0
[2025-07-31T11:49:11.612+0000] {model.py:2043} DEBUG - running CmdStan, num_threads: None
[2025-07-31T11:49:11.613+0000] {model.py:2055} DEBUG - CmdStan args: ['/home/airflow/.local/lib/python3.11/site-packages/prophet/stan_model/prophet_model.bin', 'random', 'seed=79611', 'data', 'file=/tmp/tmps1gakrne/rzsxifrx.json', 'init=/tmp/tmps1gakrne/v4w_om2q.json', 'output', 'file=/tmp/tmps1gakrne/prophet_modelqkyfvo9n/prophet_model-20250731114911.csv', 'method=optimize', 'algorithm=lbfgs', 'iter=10000']
[2025-07-31T11:49:11.614+0000] {logging_mixin.py:188} WARNING - 11:49:11 - cmdstanpy - INFO - Chain [1] start processing
[2025-07-31T11:49:11.614+0000] {model.py:2058} INFO - Chain [1] start processing
[2025-07-31T11:49:11.665+0000] {logging_mixin.py:188} WARNING - 11:49:11 - cmdstanpy - INFO - Chain [1] done processing
[2025-07-31T11:49:11.665+0000] {model.py:2115} INFO - Chain [1] done processing
[2025-07-31T11:49:11.670+0000] {logging_mixin.py:188} INFO - Erreur pour {'changepoint_prior_scale': 0.01, 'seasonality_prior_scale': 5.0, 'seasonality_mode': 'multiplicative'}: Less data than horizon after initial window. Make horizon or initial shorter.
[2025-07-31T11:49:11.671+0000] {logging_mixin.py:188} INFO - Test 5/18: {'changepoint_prior_scale': 0.01, 'seasonality_prior_scale': 10.0, 'seasonality_mode': 'additive'}
[2025-07-31T11:49:11.701+0000] {filesystem.py:118} DEBUG - input tempfile: /tmp/tmps1gakrne/dat7wsno.json
[2025-07-31T11:49:11.730+0000] {filesystem.py:118} DEBUG - input tempfile: /tmp/tmps1gakrne/wwmhl85v.json
[2025-07-31T11:49:11.735+0000] {model.py:2042} DEBUG - idx 0
[2025-07-31T11:49:11.736+0000] {model.py:2043} DEBUG - running CmdStan, num_threads: None
[2025-07-31T11:49:11.736+0000] {model.py:2055} DEBUG - CmdStan args: ['/home/airflow/.local/lib/python3.11/site-packages/prophet/stan_model/prophet_model.bin', 'random', 'seed=28544', 'data', 'file=/tmp/tmps1gakrne/dat7wsno.json', 'init=/tmp/tmps1gakrne/wwmhl85v.json', 'output', 'file=/tmp/tmps1gakrne/prophet_modelk91t7tf0/prophet_model-20250731114911.csv', 'method=optimize', 'algorithm=lbfgs', 'iter=10000']
[2025-07-31T11:49:11.737+0000] {logging_mixin.py:188} WARNING - 11:49:11 - cmdstanpy - INFO - Chain [1] start processing
[2025-07-31T11:49:11.737+0000] {model.py:2058} INFO - Chain [1] start processing
[2025-07-31T11:49:11.762+0000] {logging_mixin.py:188} WARNING - 11:49:11 - cmdstanpy - INFO - Chain [1] done processing
[2025-07-31T11:49:11.762+0000] {model.py:2115} INFO - Chain [1] done processing
[2025-07-31T11:49:11.766+0000] {logging_mixin.py:188} INFO - Erreur pour {'changepoint_prior_scale': 0.01, 'seasonality_prior_scale': 10.0, 'seasonality_mode': 'additive'}: Less data than horizon after initial window. Make horizon or initial shorter.
[2025-07-31T11:49:11.767+0000] {logging_mixin.py:188} INFO - Test 6/18: {'changepoint_prior_scale': 0.01, 'seasonality_prior_scale': 10.0, 'seasonality_mode': 'multiplicative'}
[2025-07-31T11:49:11.789+0000] {filesystem.py:118} DEBUG - input tempfile: /tmp/tmps1gakrne/lg8gb__m.json
[2025-07-31T11:49:11.827+0000] {filesystem.py:118} DEBUG - input tempfile: /tmp/tmps1gakrne/vs67_0a7.json
[2025-07-31T11:49:11.830+0000] {model.py:2042} DEBUG - idx 0
[2025-07-31T11:49:11.831+0000] {model.py:2043} DEBUG - running CmdStan, num_threads: None
[2025-07-31T11:49:11.832+0000] {model.py:2055} DEBUG - CmdStan args: ['/home/airflow/.local/lib/python3.11/site-packages/prophet/stan_model/prophet_model.bin', 'random', 'seed=63889', 'data', 'file=/tmp/tmps1gakrne/lg8gb__m.json', 'init=/tmp/tmps1gakrne/vs67_0a7.json', 'output', 'file=/tmp/tmps1gakrne/prophet_model3vgrcc21/prophet_model-20250731114911.csv', 'method=optimize', 'algorithm=lbfgs', 'iter=10000']
[2025-07-31T11:49:11.833+0000] {logging_mixin.py:188} WARNING - 11:49:11 - cmdstanpy - INFO - Chain [1] start processing
[2025-07-31T11:49:11.833+0000] {model.py:2058} INFO - Chain [1] start processing
[2025-07-31T11:49:11.893+0000] {logging_mixin.py:188} WARNING - 11:49:11 - cmdstanpy - INFO - Chain [1] done processing
[2025-07-31T11:49:11.893+0000] {model.py:2115} INFO - Chain [1] done processing
[2025-07-31T11:49:11.897+0000] {logging_mixin.py:188} INFO - Erreur pour {'changepoint_prior_scale': 0.01, 'seasonality_prior_scale': 10.0, 'seasonality_mode': 'multiplicative'}: Less data than horizon after initial window. Make horizon or initial shorter.
[2025-07-31T11:49:11.898+0000] {logging_mixin.py:188} INFO - Test 7/18: {'changepoint_prior_scale': 0.05, 'seasonality_prior_scale': 1.0, 'seasonality_mode': 'additive'}
[2025-07-31T11:49:11.916+0000] {filesystem.py:118} DEBUG - input tempfile: /tmp/tmps1gakrne/6pvfzvg2.json
[2025-07-31T11:49:11.945+0000] {filesystem.py:118} DEBUG - input tempfile: /tmp/tmps1gakrne/1kfeyy85.json
[2025-07-31T11:49:11.950+0000] {model.py:2042} DEBUG - idx 0
[2025-07-31T11:49:11.950+0000] {model.py:2043} DEBUG - running CmdStan, num_threads: None
[2025-07-31T11:49:11.951+0000] {model.py:2055} DEBUG - CmdStan args: ['/home/airflow/.local/lib/python3.11/site-packages/prophet/stan_model/prophet_model.bin', 'random', 'seed=87118', 'data', 'file=/tmp/tmps1gakrne/6pvfzvg2.json', 'init=/tmp/tmps1gakrne/1kfeyy85.json', 'output', 'file=/tmp/tmps1gakrne/prophet_modeljncod3a1/prophet_model-20250731114911.csv', 'method=optimize', 'algorithm=lbfgs', 'iter=10000']
[2025-07-31T11:49:11.952+0000] {logging_mixin.py:188} WARNING - 11:49:11 - cmdstanpy - INFO - Chain [1] start processing
[2025-07-31T11:49:11.952+0000] {model.py:2058} INFO - Chain [1] start processing
[2025-07-31T11:49:11.978+0000] {logging_mixin.py:188} WARNING - 11:49:11 - cmdstanpy - INFO - Chain [1] done processing
[2025-07-31T11:49:11.978+0000] {model.py:2115} INFO - Chain [1] done processing
[2025-07-31T11:49:11.983+0000] {logging_mixin.py:188} INFO - Erreur pour {'changepoint_prior_scale': 0.05, 'seasonality_prior_scale': 1.0, 'seasonality_mode': 'additive'}: Less data than horizon after initial window. Make horizon or initial shorter.
[2025-07-31T11:49:11.984+0000] {logging_mixin.py:188} INFO - Test 8/18: {'changepoint_prior_scale': 0.05, 'seasonality_prior_scale': 1.0, 'seasonality_mode': 'multiplicative'}
[2025-07-31T11:49:12.002+0000] {filesystem.py:118} DEBUG - input tempfile: /tmp/tmps1gakrne/qlx6v13p.json
[2025-07-31T11:49:12.050+0000] {filesystem.py:118} DEBUG - input tempfile: /tmp/tmps1gakrne/xv2x884s.json
[2025-07-31T11:49:12.052+0000] {model.py:2042} DEBUG - idx 0
[2025-07-31T11:49:12.053+0000] {model.py:2043} DEBUG - running CmdStan, num_threads: None
[2025-07-31T11:49:12.053+0000] {model.py:2055} DEBUG - CmdStan args: ['/home/airflow/.local/lib/python3.11/site-packages/prophet/stan_model/prophet_model.bin', 'random', 'seed=37418', 'data', 'file=/tmp/tmps1gakrne/qlx6v13p.json', 'init=/tmp/tmps1gakrne/xv2x884s.json', 'output', 'file=/tmp/tmps1gakrne/prophet_modelxkpl80r6/prophet_model-20250731114912.csv', 'method=optimize', 'algorithm=lbfgs', 'iter=10000']
[2025-07-31T11:49:12.054+0000] {logging_mixin.py:188} WARNING - 11:49:12 - cmdstanpy - INFO - Chain [1] start processing
[2025-07-31T11:49:12.054+0000] {model.py:2058} INFO - Chain [1] start processing
[2025-07-31T11:49:12.107+0000] {logging_mixin.py:188} WARNING - 11:49:12 - cmdstanpy - INFO - Chain [1] done processing
[2025-07-31T11:49:12.107+0000] {model.py:2115} INFO - Chain [1] done processing
[2025-07-31T11:49:12.114+0000] {logging_mixin.py:188} INFO - Erreur pour {'changepoint_prior_scale': 0.05, 'seasonality_prior_scale': 1.0, 'seasonality_mode': 'multiplicative'}: Less data than horizon after initial window. Make horizon or initial shorter.
[2025-07-31T11:49:12.115+0000] {logging_mixin.py:188} INFO - Test 9/18: {'changepoint_prior_scale': 0.05, 'seasonality_prior_scale': 5.0, 'seasonality_mode': 'additive'}
[2025-07-31T11:49:12.148+0000] {filesystem.py:118} DEBUG - input tempfile: /tmp/tmps1gakrne/i7k9nika.json
[2025-07-31T11:49:12.177+0000] {filesystem.py:118} DEBUG - input tempfile: /tmp/tmps1gakrne/kp4aj_l3.json
[2025-07-31T11:49:12.181+0000] {model.py:2042} DEBUG - idx 0
[2025-07-31T11:49:12.182+0000] {model.py:2043} DEBUG - running CmdStan, num_threads: None
[2025-07-31T11:49:12.183+0000] {model.py:2055} DEBUG - CmdStan args: ['/home/airflow/.local/lib/python3.11/site-packages/prophet/stan_model/prophet_model.bin', 'random', 'seed=39072', 'data', 'file=/tmp/tmps1gakrne/i7k9nika.json', 'init=/tmp/tmps1gakrne/kp4aj_l3.json', 'output', 'file=/tmp/tmps1gakrne/prophet_model3j32hd1b/prophet_model-20250731114912.csv', 'method=optimize', 'algorithm=lbfgs', 'iter=10000']
[2025-07-31T11:49:12.183+0000] {logging_mixin.py:188} WARNING - 11:49:12 - cmdstanpy - INFO - Chain [1] start processing
[2025-07-31T11:49:12.183+0000] {model.py:2058} INFO - Chain [1] start processing
[2025-07-31T11:49:12.209+0000] {logging_mixin.py:188} WARNING - 11:49:12 - cmdstanpy - INFO - Chain [1] done processing
[2025-07-31T11:49:12.209+0000] {model.py:2115} INFO - Chain [1] done processing
[2025-07-31T11:49:12.212+0000] {logging_mixin.py:188} INFO - Erreur pour {'changepoint_prior_scale': 0.05, 'seasonality_prior_scale': 5.0, 'seasonality_mode': 'additive'}: Less data than horizon after initial window. Make horizon or initial shorter.
[2025-07-31T11:49:12.213+0000] {logging_mixin.py:188} INFO - Test 10/18: {'changepoint_prior_scale': 0.05, 'seasonality_prior_scale': 5.0, 'seasonality_mode': 'multiplicative'}
[2025-07-31T11:49:12.232+0000] {filesystem.py:118} DEBUG - input tempfile: /tmp/tmps1gakrne/97txpjna.json
[2025-07-31T11:49:12.263+0000] {filesystem.py:118} DEBUG - input tempfile: /tmp/tmps1gakrne/pz3uq570.json
[2025-07-31T11:49:12.265+0000] {model.py:2042} DEBUG - idx 0
[2025-07-31T11:49:12.266+0000] {model.py:2043} DEBUG - running CmdStan, num_threads: None
[2025-07-31T11:49:12.267+0000] {model.py:2055} DEBUG - CmdStan args: ['/home/airflow/.local/lib/python3.11/site-packages/prophet/stan_model/prophet_model.bin', 'random', 'seed=54800', 'data', 'file=/tmp/tmps1gakrne/97txpjna.json', 'init=/tmp/tmps1gakrne/pz3uq570.json', 'output', 'file=/tmp/tmps1gakrne/prophet_modeld3wd6c4d/prophet_model-20250731114912.csv', 'method=optimize', 'algorithm=lbfgs', 'iter=10000']
[2025-07-31T11:49:12.267+0000] {logging_mixin.py:188} WARNING - 11:49:12 - cmdstanpy - INFO - Chain [1] start processing
[2025-07-31T11:49:12.267+0000] {model.py:2058} INFO - Chain [1] start processing
[2025-07-31T11:49:12.310+0000] {logging_mixin.py:188} WARNING - 11:49:12 - cmdstanpy - INFO - Chain [1] done processing
[2025-07-31T11:49:12.310+0000] {model.py:2115} INFO - Chain [1] done processing
[2025-07-31T11:49:12.314+0000] {logging_mixin.py:188} INFO - Erreur pour {'changepoint_prior_scale': 0.05, 'seasonality_prior_scale': 5.0, 'seasonality_mode': 'multiplicative'}: Less data than horizon after initial window. Make horizon or initial shorter.
[2025-07-31T11:49:12.315+0000] {logging_mixin.py:188} INFO - Test 11/18: {'changepoint_prior_scale': 0.05, 'seasonality_prior_scale': 10.0, 'seasonality_mode': 'additive'}
[2025-07-31T11:49:12.332+0000] {filesystem.py:118} DEBUG - input tempfile: /tmp/tmps1gakrne/14qodeum.json
[2025-07-31T11:49:12.364+0000] {filesystem.py:118} DEBUG - input tempfile: /tmp/tmps1gakrne/coc7dhv6.json
[2025-07-31T11:49:12.366+0000] {model.py:2042} DEBUG - idx 0
[2025-07-31T11:49:12.367+0000] {model.py:2043} DEBUG - running CmdStan, num_threads: None
[2025-07-31T11:49:12.367+0000] {model.py:2055} DEBUG - CmdStan args: ['/home/airflow/.local/lib/python3.11/site-packages/prophet/stan_model/prophet_model.bin', 'random', 'seed=4603', 'data', 'file=/tmp/tmps1gakrne/14qodeum.json', 'init=/tmp/tmps1gakrne/coc7dhv6.json', 'output', 'file=/tmp/tmps1gakrne/prophet_modelhzas3zvm/prophet_model-20250731114912.csv', 'method=optimize', 'algorithm=lbfgs', 'iter=10000']
[2025-07-31T11:49:12.368+0000] {logging_mixin.py:188} WARNING - 11:49:12 - cmdstanpy - INFO - Chain [1] start processing
[2025-07-31T11:49:12.367+0000] {model.py:2058} INFO - Chain [1] start processing
[2025-07-31T11:49:12.409+0000] {logging_mixin.py:188} WARNING - 11:49:12 - cmdstanpy - INFO - Chain [1] done processing
[2025-07-31T11:49:12.409+0000] {model.py:2115} INFO - Chain [1] done processing
[2025-07-31T11:49:12.414+0000] {logging_mixin.py:188} INFO - Erreur pour {'changepoint_prior_scale': 0.05, 'seasonality_prior_scale': 10.0, 'seasonality_mode': 'additive'}: Less data than horizon after initial window. Make horizon or initial shorter.
[2025-07-31T11:49:12.414+0000] {logging_mixin.py:188} INFO - Test 12/18: {'changepoint_prior_scale': 0.05, 'seasonality_prior_scale': 10.0, 'seasonality_mode': 'multiplicative'}
[2025-07-31T11:49:12.432+0000] {filesystem.py:118} DEBUG - input tempfile: /tmp/tmps1gakrne/8_lu233c.json
[2025-07-31T11:49:12.461+0000] {filesystem.py:118} DEBUG - input tempfile: /tmp/tmps1gakrne/sddugyg2.json
[2025-07-31T11:49:12.463+0000] {model.py:2042} DEBUG - idx 0
[2025-07-31T11:49:12.464+0000] {model.py:2043} DEBUG - running CmdStan, num_threads: None
[2025-07-31T11:49:12.465+0000] {model.py:2055} DEBUG - CmdStan args: ['/home/airflow/.local/lib/python3.11/site-packages/prophet/stan_model/prophet_model.bin', 'random', 'seed=87067', 'data', 'file=/tmp/tmps1gakrne/8_lu233c.json', 'init=/tmp/tmps1gakrne/sddugyg2.json', 'output', 'file=/tmp/tmps1gakrne/prophet_modelqgtbkf4o/prophet_model-20250731114912.csv', 'method=optimize', 'algorithm=lbfgs', 'iter=10000']
[2025-07-31T11:49:12.465+0000] {logging_mixin.py:188} WARNING - 11:49:12 - cmdstanpy - INFO - Chain [1] start processing
[2025-07-31T11:49:12.465+0000] {model.py:2058} INFO - Chain [1] start processing
[2025-07-31T11:49:12.510+0000] {logging_mixin.py:188} WARNING - 11:49:12 - cmdstanpy - INFO - Chain [1] done processing
[2025-07-31T11:49:12.510+0000] {model.py:2115} INFO - Chain [1] done processing
[2025-07-31T11:49:12.514+0000] {logging_mixin.py:188} INFO - Erreur pour {'changepoint_prior_scale': 0.05, 'seasonality_prior_scale': 10.0, 'seasonality_mode': 'multiplicative'}: Less data than horizon after initial window. Make horizon or initial shorter.
[2025-07-31T11:49:12.514+0000] {logging_mixin.py:188} INFO - Test 13/18: {'changepoint_prior_scale': 0.1, 'seasonality_prior_scale': 1.0, 'seasonality_mode': 'additive'}
[2025-07-31T11:49:12.531+0000] {filesystem.py:118} DEBUG - input tempfile: /tmp/tmps1gakrne/u6iitay_.json
[2025-07-31T11:49:12.569+0000] {filesystem.py:118} DEBUG - input tempfile: /tmp/tmps1gakrne/nkfum4k1.json
[2025-07-31T11:49:12.571+0000] {model.py:2042} DEBUG - idx 0
[2025-07-31T11:49:12.571+0000] {model.py:2043} DEBUG - running CmdStan, num_threads: None
[2025-07-31T11:49:12.572+0000] {model.py:2055} DEBUG - CmdStan args: ['/home/airflow/.local/lib/python3.11/site-packages/prophet/stan_model/prophet_model.bin', 'random', 'seed=95744', 'data', 'file=/tmp/tmps1gakrne/u6iitay_.json', 'init=/tmp/tmps1gakrne/nkfum4k1.json', 'output', 'file=/tmp/tmps1gakrne/prophet_modelek37nj5v/prophet_model-20250731114912.csv', 'method=optimize', 'algorithm=lbfgs', 'iter=10000']
[2025-07-31T11:49:12.573+0000] {logging_mixin.py:188} WARNING - 11:49:12 - cmdstanpy - INFO - Chain [1] start processing
[2025-07-31T11:49:12.573+0000] {model.py:2058} INFO - Chain [1] start processing
[2025-07-31T11:49:12.622+0000] {logging_mixin.py:188} WARNING - 11:49:12 - cmdstanpy - INFO - Chain [1] done processing
[2025-07-31T11:49:12.622+0000] {model.py:2115} INFO - Chain [1] done processing
[2025-07-31T11:49:12.629+0000] {logging_mixin.py:188} INFO - Erreur pour {'changepoint_prior_scale': 0.1, 'seasonality_prior_scale': 1.0, 'seasonality_mode': 'additive'}: Less data than horizon after initial window. Make horizon or initial shorter.
[2025-07-31T11:49:12.630+0000] {logging_mixin.py:188} INFO - Test 14/18: {'changepoint_prior_scale': 0.1, 'seasonality_prior_scale': 1.0, 'seasonality_mode': 'multiplicative'}
[2025-07-31T11:49:12.663+0000] {filesystem.py:118} DEBUG - input tempfile: /tmp/tmps1gakrne/2wn0p4fj.json
[2025-07-31T11:49:12.691+0000] {filesystem.py:118} DEBUG - input tempfile: /tmp/tmps1gakrne/w9x7egy3.json
[2025-07-31T11:49:12.693+0000] {model.py:2042} DEBUG - idx 0
[2025-07-31T11:49:12.694+0000] {model.py:2043} DEBUG - running CmdStan, num_threads: None
[2025-07-31T11:49:12.695+0000] {model.py:2055} DEBUG - CmdStan args: ['/home/airflow/.local/lib/python3.11/site-packages/prophet/stan_model/prophet_model.bin', 'random', 'seed=36590', 'data', 'file=/tmp/tmps1gakrne/2wn0p4fj.json', 'init=/tmp/tmps1gakrne/w9x7egy3.json', 'output', 'file=/tmp/tmps1gakrne/prophet_modelnqlbbup3/prophet_model-20250731114912.csv', 'method=optimize', 'algorithm=lbfgs', 'iter=10000']
[2025-07-31T11:49:12.695+0000] {logging_mixin.py:188} WARNING - 11:49:12 - cmdstanpy - INFO - Chain [1] start processing
[2025-07-31T11:49:12.695+0000] {model.py:2058} INFO - Chain [1] start processing
[2025-07-31T11:49:12.724+0000] {logging_mixin.py:188} WARNING - 11:49:12 - cmdstanpy - INFO - Chain [1] done processing
[2025-07-31T11:49:12.724+0000] {model.py:2115} INFO - Chain [1] done processing
[2025-07-31T11:49:12.728+0000] {logging_mixin.py:188} INFO - Erreur pour {'changepoint_prior_scale': 0.1, 'seasonality_prior_scale': 1.0, 'seasonality_mode': 'multiplicative'}: Less data than horizon after initial window. Make horizon or initial shorter.
[2025-07-31T11:49:12.729+0000] {logging_mixin.py:188} INFO - Test 15/18: {'changepoint_prior_scale': 0.1, 'seasonality_prior_scale': 5.0, 'seasonality_mode': 'additive'}
[2025-07-31T11:49:12.744+0000] {filesystem.py:118} DEBUG - input tempfile: /tmp/tmps1gakrne/ul0lgk1w.json
[2025-07-31T11:49:12.774+0000] {filesystem.py:118} DEBUG - input tempfile: /tmp/tmps1gakrne/id2fjkhq.json
[2025-07-31T11:49:12.776+0000] {model.py:2042} DEBUG - idx 0
[2025-07-31T11:49:12.777+0000] {model.py:2043} DEBUG - running CmdStan, num_threads: None
[2025-07-31T11:49:12.777+0000] {model.py:2055} DEBUG - CmdStan args: ['/home/airflow/.local/lib/python3.11/site-packages/prophet/stan_model/prophet_model.bin', 'random', 'seed=96419', 'data', 'file=/tmp/tmps1gakrne/ul0lgk1w.json', 'init=/tmp/tmps1gakrne/id2fjkhq.json', 'output', 'file=/tmp/tmps1gakrne/prophet_model9_ntd9f6/prophet_model-20250731114912.csv', 'method=optimize', 'algorithm=lbfgs', 'iter=10000']
[2025-07-31T11:49:12.778+0000] {logging_mixin.py:188} WARNING - 11:49:12 - cmdstanpy - INFO - Chain [1] start processing
[2025-07-31T11:49:12.778+0000] {model.py:2058} INFO - Chain [1] start processing
[2025-07-31T11:49:12.809+0000] {logging_mixin.py:188} WARNING - 11:49:12 - cmdstanpy - INFO - Chain [1] done processing
[2025-07-31T11:49:12.809+0000] {model.py:2115} INFO - Chain [1] done processing
[2025-07-31T11:49:12.813+0000] {logging_mixin.py:188} INFO - Erreur pour {'changepoint_prior_scale': 0.1, 'seasonality_prior_scale': 5.0, 'seasonality_mode': 'additive'}: Less data than horizon after initial window. Make horizon or initial shorter.
[2025-07-31T11:49:12.814+0000] {logging_mixin.py:188} INFO - Test 16/18: {'changepoint_prior_scale': 0.1, 'seasonality_prior_scale': 5.0, 'seasonality_mode': 'multiplicative'}
[2025-07-31T11:49:12.833+0000] {filesystem.py:118} DEBUG - input tempfile: /tmp/tmps1gakrne/qzpfbsyb.json
[2025-07-31T11:49:12.862+0000] {filesystem.py:118} DEBUG - input tempfile: /tmp/tmps1gakrne/mw3xarrx.json
[2025-07-31T11:49:12.863+0000] {model.py:2042} DEBUG - idx 0
[2025-07-31T11:49:12.864+0000] {model.py:2043} DEBUG - running CmdStan, num_threads: None
[2025-07-31T11:49:12.864+0000] {model.py:2055} DEBUG - CmdStan args: ['/home/airflow/.local/lib/python3.11/site-packages/prophet/stan_model/prophet_model.bin', 'random', 'seed=76772', 'data', 'file=/tmp/tmps1gakrne/qzpfbsyb.json', 'init=/tmp/tmps1gakrne/mw3xarrx.json', 'output', 'file=/tmp/tmps1gakrne/prophet_modelg4667a5r/prophet_model-20250731114912.csv', 'method=optimize', 'algorithm=lbfgs', 'iter=10000']
[2025-07-31T11:49:12.865+0000] {logging_mixin.py:188} WARNING - 11:49:12 - cmdstanpy - INFO - Chain [1] start processing
[2025-07-31T11:49:12.865+0000] {model.py:2058} INFO - Chain [1] start processing
[2025-07-31T11:49:12.920+0000] {logging_mixin.py:188} WARNING - 11:49:12 - cmdstanpy - INFO - Chain [1] done processing
[2025-07-31T11:49:12.920+0000] {model.py:2115} INFO - Chain [1] done processing
[2025-07-31T11:49:12.927+0000] {logging_mixin.py:188} INFO - Erreur pour {'changepoint_prior_scale': 0.1, 'seasonality_prior_scale': 5.0, 'seasonality_mode': 'multiplicative'}: Less data than horizon after initial window. Make horizon or initial shorter.
[2025-07-31T11:49:12.928+0000] {logging_mixin.py:188} INFO - Test 17/18: {'changepoint_prior_scale': 0.1, 'seasonality_prior_scale': 10.0, 'seasonality_mode': 'additive'}
[2025-07-31T11:49:12.961+0000] {filesystem.py:118} DEBUG - input tempfile: /tmp/tmps1gakrne/ozao2i1u.json
[2025-07-31T11:49:12.991+0000] {filesystem.py:118} DEBUG - input tempfile: /tmp/tmps1gakrne/numde9et.json
[2025-07-31T11:49:12.992+0000] {model.py:2042} DEBUG - idx 0
[2025-07-31T11:49:12.993+0000] {model.py:2043} DEBUG - running CmdStan, num_threads: None
[2025-07-31T11:49:12.993+0000] {model.py:2055} DEBUG - CmdStan args: ['/home/airflow/.local/lib/python3.11/site-packages/prophet/stan_model/prophet_model.bin', 'random', 'seed=76719', 'data', 'file=/tmp/tmps1gakrne/ozao2i1u.json', 'init=/tmp/tmps1gakrne/numde9et.json', 'output', 'file=/tmp/tmps1gakrne/prophet_modelvl12uqtb/prophet_model-20250731114912.csv', 'method=optimize', 'algorithm=lbfgs', 'iter=10000']
[2025-07-31T11:49:12.994+0000] {logging_mixin.py:188} WARNING - 11:49:12 - cmdstanpy - INFO - Chain [1] start processing
[2025-07-31T11:49:12.994+0000] {model.py:2058} INFO - Chain [1] start processing
[2025-07-31T11:49:13.024+0000] {logging_mixin.py:188} WARNING - 11:49:13 - cmdstanpy - INFO - Chain [1] done processing
[2025-07-31T11:49:13.024+0000] {model.py:2115} INFO - Chain [1] done processing
[2025-07-31T11:49:13.028+0000] {logging_mixin.py:188} INFO - Erreur pour {'changepoint_prior_scale': 0.1, 'seasonality_prior_scale': 10.0, 'seasonality_mode': 'additive'}: Less data than horizon after initial window. Make horizon or initial shorter.
[2025-07-31T11:49:13.029+0000] {logging_mixin.py:188} INFO - Test 18/18: {'changepoint_prior_scale': 0.1, 'seasonality_prior_scale': 10.0, 'seasonality_mode': 'multiplicative'}
[2025-07-31T11:49:13.049+0000] {filesystem.py:118} DEBUG - input tempfile: /tmp/tmps1gakrne/hrrvhgr5.json
[2025-07-31T11:49:13.075+0000] {filesystem.py:118} DEBUG - input tempfile: /tmp/tmps1gakrne/q3qk_6om.json
[2025-07-31T11:49:13.077+0000] {model.py:2042} DEBUG - idx 0
[2025-07-31T11:49:13.077+0000] {model.py:2043} DEBUG - running CmdStan, num_threads: None
[2025-07-31T11:49:13.078+0000] {model.py:2055} DEBUG - CmdStan args: ['/home/airflow/.local/lib/python3.11/site-packages/prophet/stan_model/prophet_model.bin', 'random', 'seed=51567', 'data', 'file=/tmp/tmps1gakrne/hrrvhgr5.json', 'init=/tmp/tmps1gakrne/q3qk_6om.json', 'output', 'file=/tmp/tmps1gakrne/prophet_model2739vwan/prophet_model-20250731114913.csv', 'method=optimize', 'algorithm=lbfgs', 'iter=10000']
[2025-07-31T11:49:13.079+0000] {logging_mixin.py:188} WARNING - 11:49:13 - cmdstanpy - INFO - Chain [1] start processing
[2025-07-31T11:49:13.079+0000] {model.py:2058} INFO - Chain [1] start processing
[2025-07-31T11:49:13.127+0000] {logging_mixin.py:188} WARNING - 11:49:13 - cmdstanpy - INFO - Chain [1] done processing
[2025-07-31T11:49:13.127+0000] {model.py:2115} INFO - Chain [1] done processing
[2025-07-31T11:49:13.132+0000] {logging_mixin.py:188} INFO - Erreur pour {'changepoint_prior_scale': 0.1, 'seasonality_prior_scale': 10.0, 'seasonality_mode': 'multiplicative'}: Less data than horizon after initial window. Make horizon or initial shorter.
[2025-07-31T11:49:13.133+0000] {taskinstance.py:441} INFO - ::group::Post task execution logs
[2025-07-31T11:49:13.133+0000] {taskinstance.py:2905} ERROR - Task failed with exception
Traceback (most recent call last):
  File "/home/airflow/.local/lib/python3.11/site-packages/airflow/models/taskinstance.py", line 465, in _execute_task
    result = _execute_callable(context=context, **execute_callable_kwargs)
             ^^^^^^^^^^^^^^^^^^^^^^^^^^^^^^^^^^^^^^^^^^^^^^^^^^^^^^^^^^^^^
  File "/home/airflow/.local/lib/python3.11/site-packages/airflow/models/taskinstance.py", line 432, in _execute_callable
    return execute_callable(context=context, **execute_callable_kwargs)
           ^^^^^^^^^^^^^^^^^^^^^^^^^^^^^^^^^^^^^^^^^^^^^^^^^^^^^^^^^^^^
  File "/home/airflow/.local/lib/python3.11/site-packages/airflow/models/baseoperator.py", line 401, in wrapper
    return func(self, *args, **kwargs)
           ^^^^^^^^^^^^^^^^^^^^^^^^^^^
  File "/home/airflow/.local/lib/python3.11/site-packages/airflow/operators/python.py", line 235, in execute
    return_value = self.execute_callable()
                   ^^^^^^^^^^^^^^^^^^^^^^^
  File "/home/airflow/.local/lib/python3.11/site-packages/airflow/operators/python.py", line 252, in execute_callable
    return self.python_callable(*self.op_args, **self.op_kwargs)
           ^^^^^^^^^^^^^^^^^^^^^^^^^^^^^^^^^^^^^^^^^^^^^^^^^^^^^
  File "/opt/airflow/dags/scripts/train_prophet.py", line 92, in train_prophet
    best_model_temp, scores_temp = optimize_prophet_model(temp_df)
                                   ^^^^^^^^^^^^^^^^^^^^^^^^^^^^^^^
  File "/opt/airflow/dags/scripts/train_prophet.py", line 44, in optimize_prophet_model
    best = min(results, key=lambda x: x[1])
           ^^^^^^^^^^^^^^^^^^^^^^^^^^^^^^^^
ValueError: min() arg is an empty sequence
[2025-07-31T11:49:13.181+0000] {taskinstance.py:1206} INFO - Marking task as UP_FOR_RETRY. dag_id=solar_ai_pipeline_2, task_id=train_prophet, run_id=scheduled__2023-07-09T00:00:00+00:00, execution_date=20230709T000000, start_date=20250731T114909, end_date=20250731T114913
[2025-07-31T11:49:13.301+0000] {standard_task_runner.py:110} ERROR - Failed to execute job 2898 for task train_prophet (min() arg is an empty sequence; 3452)
[2025-07-31T11:49:13.379+0000] {local_task_job_runner.py:240} INFO - Task exited with return code 1
[2025-07-31T11:49:13.523+0000] {taskinstance.py:3503} INFO - 0 downstream tasks scheduled from follow-on schedule check
[2025-07-31T11:49:13.531+0000] {local_task_job_runner.py:222} INFO - ::endgroup::
