[2025-07-31T14:26:00.898+0000] {local_task_job_runner.py:120} INFO - ::group::Pre task execution logs
[2025-07-31T14:26:00.965+0000] {taskinstance.py:2076} INFO - Dependencies all met for dep_context=non-requeueable deps ti=<TaskInstance: solar_ai_pipeline_2.predict_prophet scheduled__2023-11-09T00:00:00+00:00 [queued]>
[2025-07-31T14:26:00.991+0000] {taskinstance.py:2076} INFO - Dependencies all met for dep_context=requeueable deps ti=<TaskInstance: solar_ai_pipeline_2.predict_prophet scheduled__2023-11-09T00:00:00+00:00 [queued]>
[2025-07-31T14:26:00.992+0000] {taskinstance.py:2306} INFO - Starting attempt 1 of 2
[2025-07-31T14:26:01.038+0000] {taskinstance.py:2330} INFO - Executing <Task(PythonOperator): predict_prophet> on 2023-11-09 00:00:00+00:00
[2025-07-31T14:26:01.044+0000] {standard_task_runner.py:63} INFO - Started process 56329 to run task
[2025-07-31T14:26:01.048+0000] {standard_task_runner.py:90} INFO - Running: ['airflow', 'tasks', 'run', 'solar_ai_pipeline_2', 'predict_prophet', 'scheduled__2023-11-09T00:00:00+00:00', '--job-id', '3272', '--raw', '--subdir', 'DAGS_FOLDER/prophet_pipeline.py', '--cfg-path', '/tmp/tmp5vxgyy3_']
[2025-07-31T14:26:01.050+0000] {standard_task_runner.py:91} INFO - Job 3272: Subtask predict_prophet
[2025-07-31T14:26:01.170+0000] {task_command.py:426} INFO - Running <TaskInstance: solar_ai_pipeline_2.predict_prophet scheduled__2023-11-09T00:00:00+00:00 [running]> on host a2a0dd314bdc
[2025-07-31T14:26:01.351+0000] {taskinstance.py:2648} INFO - Exporting env vars: AIRFLOW_CTX_DAG_OWNER='ensam' AIRFLOW_CTX_DAG_ID='solar_ai_pipeline_2' AIRFLOW_CTX_TASK_ID='predict_prophet' AIRFLOW_CTX_EXECUTION_DATE='2023-11-09T00:00:00+00:00' AIRFLOW_CTX_TRY_NUMBER='1' AIRFLOW_CTX_DAG_RUN_ID='scheduled__2023-11-09T00:00:00+00:00'
[2025-07-31T14:26:01.352+0000] {taskinstance.py:430} INFO - ::endgroup::
[2025-07-31T14:26:02.842+0000] {plot.py:39} ERROR - Importing plotly failed. Interactive plots will not work.
[2025-07-31T14:26:06.903+0000] {logging_mixin.py:188} INFO - Prédictions temperature enregistrées (prophet_forecast_temperature_2023-11-09.csv) — MAE: 0.2249 | RMSE: 0.2839
[2025-07-31T14:26:10.733+0000] {logging_mixin.py:188} INFO - Prédictions flow enregistrées (prophet_forecast_flow_2023-11-09.csv) — MAE: 0.1841 | RMSE: 0.2354
[2025-07-31T14:26:10.737+0000] {python.py:237} INFO - Done. Returned value was: None
[2025-07-31T14:26:10.738+0000] {taskinstance.py:441} INFO - ::group::Post task execution logs
[2025-07-31T14:26:10.753+0000] {taskinstance.py:1206} INFO - Marking task as SUCCESS. dag_id=solar_ai_pipeline_2, task_id=predict_prophet, run_id=scheduled__2023-11-09T00:00:00+00:00, execution_date=20231109T000000, start_date=20250731T142600, end_date=20250731T142610
[2025-07-31T14:26:10.862+0000] {local_task_job_runner.py:240} INFO - Task exited with return code 0
[2025-07-31T14:26:10.913+0000] {taskinstance.py:3503} INFO - 1 downstream tasks scheduled from follow-on schedule check
[2025-07-31T14:26:10.990+0000] {local_task_job_runner.py:222} INFO - ::endgroup::
