[2025-07-31T16:42:52.320+0000] {local_task_job_runner.py:120} INFO - ::group::Pre task execution logs
[2025-07-31T16:42:52.400+0000] {taskinstance.py:2076} INFO - Dependencies all met for dep_context=non-requeueable deps ti=<TaskInstance: solar_ai_pipeline_2.decide scheduled__2024-01-17T00:00:00+00:00 [queued]>
[2025-07-31T16:42:52.436+0000] {taskinstance.py:2076} INFO - Dependencies all met for dep_context=requeueable deps ti=<TaskInstance: solar_ai_pipeline_2.decide scheduled__2024-01-17T00:00:00+00:00 [queued]>
[2025-07-31T16:42:52.436+0000] {taskinstance.py:2306} INFO - Starting attempt 1 of 2
[2025-07-31T16:42:52.502+0000] {taskinstance.py:2330} INFO - Executing <Task(PythonOperator): decide> on 2024-01-17 00:00:00+00:00
[2025-07-31T16:42:52.508+0000] {standard_task_runner.py:63} INFO - Started process 91188 to run task
[2025-07-31T16:42:52.511+0000] {standard_task_runner.py:90} INFO - Running: ['airflow', 'tasks', 'run', 'solar_ai_pipeline_2', 'decide', 'scheduled__2024-01-17T00:00:00+00:00', '--job-id', '3431', '--raw', '--subdir', 'DAGS_FOLDER/prophet_pipeline.py', '--cfg-path', '/tmp/tmp1j_ljlmd']
[2025-07-31T16:42:52.513+0000] {standard_task_runner.py:91} INFO - Job 3431: Subtask decide
[2025-07-31T16:42:52.642+0000] {task_command.py:426} INFO - Running <TaskInstance: solar_ai_pipeline_2.decide scheduled__2024-01-17T00:00:00+00:00 [running]> on host a2a0dd314bdc
[2025-07-31T16:42:52.815+0000] {taskinstance.py:2648} INFO - Exporting env vars: AIRFLOW_CTX_DAG_OWNER='ensam' AIRFLOW_CTX_DAG_ID='solar_ai_pipeline_2' AIRFLOW_CTX_TASK_ID='decide' AIRFLOW_CTX_EXECUTION_DATE='2024-01-17T00:00:00+00:00' AIRFLOW_CTX_TRY_NUMBER='1' AIRFLOW_CTX_DAG_RUN_ID='scheduled__2024-01-17T00:00:00+00:00'
[2025-07-31T16:42:52.815+0000] {taskinstance.py:430} INFO - ::endgroup::
[2025-07-31T16:42:53.207+0000] {logging_mixin.py:188} INFO - [INFO] Starting decision-making process...
[2025-07-31T16:42:53.223+0000] {logging_mixin.py:188} INFO - 📥 [INFO] Loading data...
[2025-07-31T16:42:53.258+0000] {logging_mixin.py:188} INFO - [INFO] 2024-01-16 23:00:00 → Ne pas chauffer (solaire ou inutilisé) | Temp: 0.06°C, Débit: 0.4299 m³/s, Irrad: 0.00 W/m²
[2025-07-31T16:42:53.259+0000] {logging_mixin.py:188} INFO - [INFO] 2024-01-17 00:00:00 → Ne pas chauffer (solaire ou inutilisé) | Temp: 0.06°C, Débit: 0.3444 m³/s, Irrad: 0.00 W/m²
[2025-07-31T16:42:53.259+0000] {logging_mixin.py:188} INFO - [INFO] 2024-01-17 01:00:00 → Ne pas chauffer (solaire ou inutilisé) | Temp: 0.08°C, Débit: 0.2218 m³/s, Irrad: 0.00 W/m²
[2025-07-31T16:42:53.260+0000] {logging_mixin.py:188} INFO - [INFO] 2024-01-17 02:00:00 → Ne pas chauffer (solaire ou inutilisé) | Temp: 0.10°C, Débit: 0.0823 m³/s, Irrad: 0.00 W/m²
[2025-07-31T16:42:53.261+0000] {logging_mixin.py:188} INFO - [INFO] 2024-01-17 03:00:00 → Ne pas chauffer (solaire ou inutilisé) | Temp: 0.11°C, Débit: -0.0158 m³/s, Irrad: 0.00 W/m²
[2025-07-31T16:42:53.261+0000] {logging_mixin.py:188} INFO - [INFO] 2024-01-17 04:00:00 → Ne pas chauffer (solaire ou inutilisé) | Temp: 0.10°C, Débit: -0.0228 m³/s, Irrad: 0.00 W/m²
[2025-07-31T16:42:53.262+0000] {logging_mixin.py:188} INFO - [INFO] 2024-01-17 05:00:00 → Ne pas chauffer (solaire ou inutilisé) | Temp: 0.09°C, Débit: 0.0547 m³/s, Irrad: 0.00 W/m²
[2025-07-31T16:42:53.262+0000] {logging_mixin.py:188} INFO - [INFO] 2024-01-17 06:00:00 → Ne pas chauffer (solaire ou inutilisé) | Temp: 0.11°C, Débit: 0.1516 m³/s, Irrad: 0.00 W/m²
[2025-07-31T16:42:53.263+0000] {logging_mixin.py:188} INFO - [INFO] 2024-01-17 07:00:00 → Ne pas chauffer (solaire ou inutilisé) | Temp: 0.20°C, Débit: 0.1953 m³/s, Irrad: 0.11 W/m²
[2025-07-31T16:42:53.264+0000] {logging_mixin.py:188} INFO - [INFO] 2024-01-17 08:00:00 → Chauffer (résistance activée) | Temp: 0.36°C, Débit: 0.1658 m³/s, Irrad: 0.41 W/m²
[2025-07-31T16:42:53.264+0000] {logging_mixin.py:188} INFO - [INFO] 2024-01-17 09:00:00 → Ne pas chauffer (solaire ou inutilisé) | Temp: 0.55°C, Débit: 0.1115 m³/s, Irrad: 0.72 W/m²
[2025-07-31T16:42:53.265+0000] {logging_mixin.py:188} INFO - [INFO] 2024-01-17 10:00:00 → Ne pas chauffer (solaire ou inutilisé) | Temp: 0.71°C, Débit: 0.1057 m³/s, Irrad: 0.94 W/m²
[2025-07-31T16:42:53.265+0000] {logging_mixin.py:188} INFO - [INFO] 2024-01-17 11:00:00 → Ne pas chauffer (solaire ou inutilisé) | Temp: 0.83°C, Débit: 0.1849 m³/s, Irrad: 1.00 W/m²
[2025-07-31T16:42:53.266+0000] {logging_mixin.py:188} INFO - [INFO] 2024-01-17 12:00:00 → Ne pas chauffer (solaire ou inutilisé) | Temp: 0.86°C, Débit: 0.3227 m³/s, Irrad: 0.88 W/m²
[2025-07-31T16:42:53.267+0000] {logging_mixin.py:188} INFO - [INFO] 2024-01-17 13:00:00 → Ne pas chauffer (solaire ou inutilisé) | Temp: 0.82°C, Débit: 0.4587 m³/s, Irrad: 0.75 W/m²
[2025-07-31T16:42:53.267+0000] {logging_mixin.py:188} INFO - [INFO] 2024-01-17 14:00:00 → Ne pas chauffer (solaire ou inutilisé) | Temp: 0.71°C, Débit: 0.5522 m³/s, Irrad: 0.51 W/m²
[2025-07-31T16:42:53.268+0000] {logging_mixin.py:188} INFO - [INFO] 2024-01-17 15:00:00 → Ne pas chauffer (solaire ou inutilisé) | Temp: 0.54°C, Débit: 0.6079 m³/s, Irrad: 0.23 W/m²
[2025-07-31T16:42:53.269+0000] {logging_mixin.py:188} INFO - [INFO] 2024-01-17 16:00:00 → Chauffer (résistance activée) | Temp: 0.35°C, Débit: 0.6557 m³/s, Irrad: 0.02 W/m²
[2025-07-31T16:42:53.270+0000] {logging_mixin.py:188} INFO - [INFO] 2024-01-17 17:00:00 → Ne pas chauffer (solaire ou inutilisé) | Temp: 0.18°C, Débit: 0.7091 m³/s, Irrad: 0.00 W/m²
[2025-07-31T16:42:53.270+0000] {logging_mixin.py:188} INFO - [INFO] 2024-01-17 18:00:00 → Ne pas chauffer (solaire ou inutilisé) | Temp: 0.07°C, Débit: 0.7483 m³/s, Irrad: 0.00 W/m²
[2025-07-31T16:42:53.271+0000] {logging_mixin.py:188} INFO - [INFO] 2024-01-17 19:00:00 → Ne pas chauffer (solaire ou inutilisé) | Temp: 0.04°C, Débit: 0.7422 m³/s, Irrad: 0.00 W/m²
[2025-07-31T16:42:53.271+0000] {logging_mixin.py:188} INFO - [INFO] 2024-01-17 20:00:00 → Ne pas chauffer (solaire ou inutilisé) | Temp: 0.04°C, Débit: 0.6838 m³/s, Irrad: 0.00 W/m²
[2025-07-31T16:42:53.272+0000] {logging_mixin.py:188} INFO - [INFO] 2024-01-17 21:00:00 → Ne pas chauffer (solaire ou inutilisé) | Temp: 0.06°C, Débit: 0.5992 m³/s, Irrad: 0.00 W/m²
[2025-07-31T16:42:53.272+0000] {logging_mixin.py:188} INFO - [INFO] 2024-01-17 22:00:00 → Ne pas chauffer (solaire ou inutilisé) | Temp: 0.07°C, Débit: 0.5206 m³/s, Irrad: 0.00 W/m²
[2025-07-31T16:42:53.286+0000] {logging_mixin.py:188} INFO - [INFO] All hourly decisions saved to /opt/airflow/dags/logs/decision_2024-01-17.csv
[2025-07-31T16:42:53.333+0000] {python.py:237} INFO - Done. Returned value was: [{'datetime': '2024-01-16 23:00:00', 'temp': 0.06, 'flow': 0.4299, 'irradiance': 0.0, 'action': 0, 'text': 'Ne pas chauffer (solaire ou inutilisé)'}, {'datetime': '2024-01-17 00:00:00', 'temp': 0.06, 'flow': 0.3444, 'irradiance': 0.0, 'action': 0, 'text': 'Ne pas chauffer (solaire ou inutilisé)'}, {'datetime': '2024-01-17 01:00:00', 'temp': 0.08, 'flow': 0.2218, 'irradiance': 0.0, 'action': 0, 'text': 'Ne pas chauffer (solaire ou inutilisé)'}, {'datetime': '2024-01-17 02:00:00', 'temp': 0.1, 'flow': 0.0823, 'irradiance': 0.0, 'action': 0, 'text': 'Ne pas chauffer (solaire ou inutilisé)'}, {'datetime': '2024-01-17 03:00:00', 'temp': 0.11, 'flow': -0.0158, 'irradiance': 0.0, 'action': 0, 'text': 'Ne pas chauffer (solaire ou inutilisé)'}, {'datetime': '2024-01-17 04:00:00', 'temp': 0.1, 'flow': -0.0228, 'irradiance': 0.0, 'action': 0, 'text': 'Ne pas chauffer (solaire ou inutilisé)'}, {'datetime': '2024-01-17 05:00:00', 'temp': 0.09, 'flow': 0.0547, 'irradiance': 0.0, 'action': 0, 'text': 'Ne pas chauffer (solaire ou inutilisé)'}, {'datetime': '2024-01-17 06:00:00', 'temp': 0.11, 'flow': 0.1516, 'irradiance': 0.0, 'action': 0, 'text': 'Ne pas chauffer (solaire ou inutilisé)'}, {'datetime': '2024-01-17 07:00:00', 'temp': 0.2, 'flow': 0.1953, 'irradiance': 0.11, 'action': 0, 'text': 'Ne pas chauffer (solaire ou inutilisé)'}, {'datetime': '2024-01-17 08:00:00', 'temp': 0.36, 'flow': 0.1658, 'irradiance': 0.41, 'action': 1, 'text': 'Chauffer (résistance activée)'}, {'datetime': '2024-01-17 09:00:00', 'temp': 0.55, 'flow': 0.1115, 'irradiance': 0.72, 'action': 0, 'text': 'Ne pas chauffer (solaire ou inutilisé)'}, {'datetime': '2024-01-17 10:00:00', 'temp': 0.71, 'flow': 0.1057, 'irradiance': 0.94, 'action': 0, 'text': 'Ne pas chauffer (solaire ou inutilisé)'}, {'datetime': '2024-01-17 11:00:00', 'temp': 0.83, 'flow': 0.1849, 'irradiance': 1.0, 'action': 0, 'text': 'Ne pas chauffer (solaire ou inutilisé)'}, {'datetime': '2024-01-17 12:00:00', 'temp': 0.86, 'flow': 0.3227, 'irradiance': 0.88, 'action': 0, 'text': 'Ne pas chauffer (solaire ou inutilisé)'}, {'datetime': '2024-01-17 13:00:00', 'temp': 0.82, 'flow': 0.4587, 'irradiance': 0.75, 'action': 0, 'text': 'Ne pas chauffer (solaire ou inutilisé)'}, {'datetime': '2024-01-17 14:00:00', 'temp': 0.71, 'flow': 0.5522, 'irradiance': 0.51, 'action': 0, 'text': 'Ne pas chauffer (solaire ou inutilisé)'}, {'datetime': '2024-01-17 15:00:00', 'temp': 0.54, 'flow': 0.6079, 'irradiance': 0.23, 'action': 0, 'text': 'Ne pas chauffer (solaire ou inutilisé)'}, {'datetime': '2024-01-17 16:00:00', 'temp': 0.35, 'flow': 0.6557, 'irradiance': 0.02, 'action': 1, 'text': 'Chauffer (résistance activée)'}, {'datetime': '2024-01-17 17:00:00', 'temp': 0.18, 'flow': 0.7091, 'irradiance': 0.0, 'action': 0, 'text': 'Ne pas chauffer (solaire ou inutilisé)'}, {'datetime': '2024-01-17 18:00:00', 'temp': 0.07, 'flow': 0.7483, 'irradiance': 0.0, 'action': 0, 'text': 'Ne pas chauffer (solaire ou inutilisé)'}, {'datetime': '2024-01-17 19:00:00', 'temp': 0.04, 'flow': 0.7422, 'irradiance': 0.0, 'action': 0, 'text': 'Ne pas chauffer (solaire ou inutilisé)'}, {'datetime': '2024-01-17 20:00:00', 'temp': 0.04, 'flow': 0.6838, 'irradiance': 0.0, 'action': 0, 'text': 'Ne pas chauffer (solaire ou inutilisé)'}, {'datetime': '2024-01-17 21:00:00', 'temp': 0.06, 'flow': 0.5992, 'irradiance': 0.0, 'action': 0, 'text': 'Ne pas chauffer (solaire ou inutilisé)'}, {'datetime': '2024-01-17 22:00:00', 'temp': 0.07, 'flow': 0.5206, 'irradiance': 0.0, 'action': 0, 'text': 'Ne pas chauffer (solaire ou inutilisé)'}]
[2025-07-31T16:42:53.334+0000] {taskinstance.py:441} INFO - ::group::Post task execution logs
[2025-07-31T16:42:53.388+0000] {taskinstance.py:1206} INFO - Marking task as SUCCESS. dag_id=solar_ai_pipeline_2, task_id=decide, run_id=scheduled__2024-01-17T00:00:00+00:00, execution_date=20240117T000000, start_date=20250731T164252, end_date=20250731T164253
[2025-07-31T16:42:53.489+0000] {local_task_job_runner.py:240} INFO - Task exited with return code 0
[2025-07-31T16:42:53.515+0000] {taskinstance.py:3503} INFO - 0 downstream tasks scheduled from follow-on schedule check
[2025-07-31T16:42:53.517+0000] {local_task_job_runner.py:222} INFO - ::endgroup::
