[2025-07-31T11:46:30.829+0000] {local_task_job_runner.py:120} INFO - ::group::Pre task execution logs
[2025-07-31T11:46:30.925+0000] {taskinstance.py:2076} INFO - Dependencies all met for dep_context=non-requeueable deps ti=<TaskInstance: solar_ai_pipeline_2.train_prophet scheduled__2023-07-04T00:00:00+00:00 [queued]>
[2025-07-31T11:46:30.961+0000] {taskinstance.py:2076} INFO - Dependencies all met for dep_context=requeueable deps ti=<TaskInstance: solar_ai_pipeline_2.train_prophet scheduled__2023-07-04T00:00:00+00:00 [queued]>
[2025-07-31T11:46:30.967+0000] {taskinstance.py:2306} INFO - Starting attempt 3 of 4
[2025-07-31T11:46:31.041+0000] {taskinstance.py:2330} INFO - Executing <Task(PythonOperator): train_prophet> on 2023-07-04 00:00:00+00:00
[2025-07-31T11:46:31.053+0000] {standard_task_runner.py:63} INFO - Started process 3207 to run task
[2025-07-31T11:46:31.064+0000] {standard_task_runner.py:90} INFO - Running: ['airflow', 'tasks', 'run', 'solar_ai_pipeline_2', 'train_prophet', 'scheduled__2023-07-04T00:00:00+00:00', '--job-id', '2888', '--raw', '--subdir', 'DAGS_FOLDER/prophet_pipeline.py', '--cfg-path', '/tmp/tmpk1f_h5r2']
[2025-07-31T11:46:31.071+0000] {standard_task_runner.py:91} INFO - Job 2888: Subtask train_prophet
[2025-07-31T11:46:31.335+0000] {task_command.py:426} INFO - Running <TaskInstance: solar_ai_pipeline_2.train_prophet scheduled__2023-07-04T00:00:00+00:00 [running]> on host a2a0dd314bdc
[2025-07-31T11:46:32.079+0000] {taskinstance.py:2648} INFO - Exporting env vars: AIRFLOW_CTX_DAG_OWNER='ensam' AIRFLOW_CTX_DAG_ID='solar_ai_pipeline_2' AIRFLOW_CTX_TASK_ID='train_prophet' AIRFLOW_CTX_EXECUTION_DATE='2023-07-04T00:00:00+00:00' AIRFLOW_CTX_TRY_NUMBER='3' AIRFLOW_CTX_DAG_RUN_ID='scheduled__2023-07-04T00:00:00+00:00'
[2025-07-31T11:46:32.082+0000] {taskinstance.py:430} INFO - ::endgroup::
[2025-07-31T11:46:33.081+0000] {plot.py:39} ERROR - Importing plotly failed. Interactive plots will not work.
[2025-07-31T11:46:33.098+0000] {logging_mixin.py:188} INFO - Training from 2023-01-01 to 2023-01-05
[2025-07-31T11:46:33.288+0000] {logging_mixin.py:188} INFO - Test 1/18: {'changepoint_prior_scale': 0.01, 'seasonality_prior_scale': 1.0, 'seasonality_mode': 'additive'}
[2025-07-31T11:46:33.352+0000] {filesystem.py:118} DEBUG - input tempfile: /tmp/tmphg1v53d3/o4hr9m6a.json
[2025-07-31T11:46:33.371+0000] {filesystem.py:118} DEBUG - input tempfile: /tmp/tmphg1v53d3/5tppr_z9.json
[2025-07-31T11:46:33.373+0000] {model.py:2042} DEBUG - idx 0
[2025-07-31T11:46:33.374+0000] {model.py:2043} DEBUG - running CmdStan, num_threads: None
[2025-07-31T11:46:33.375+0000] {model.py:2055} DEBUG - CmdStan args: ['/home/airflow/.local/lib/python3.11/site-packages/prophet/stan_model/prophet_model.bin', 'random', 'seed=56040', 'data', 'file=/tmp/tmphg1v53d3/o4hr9m6a.json', 'init=/tmp/tmphg1v53d3/5tppr_z9.json', 'output', 'file=/tmp/tmphg1v53d3/prophet_model8b_i00qp/prophet_model-20250731114633.csv', 'method=optimize', 'algorithm=lbfgs', 'iter=10000']
[2025-07-31T11:46:33.375+0000] {logging_mixin.py:188} WARNING - 11:46:33 - cmdstanpy - INFO - Chain [1] start processing
[2025-07-31T11:46:33.375+0000] {model.py:2058} INFO - Chain [1] start processing
[2025-07-31T11:46:33.403+0000] {logging_mixin.py:188} WARNING - 11:46:33 - cmdstanpy - INFO - Chain [1] done processing
[2025-07-31T11:46:33.403+0000] {model.py:2115} INFO - Chain [1] done processing
[2025-07-31T11:46:33.406+0000] {logging_mixin.py:188} INFO - Erreur pour {'changepoint_prior_scale': 0.01, 'seasonality_prior_scale': 1.0, 'seasonality_mode': 'additive'}: Less data than horizon.
[2025-07-31T11:46:33.407+0000] {logging_mixin.py:188} INFO - Test 2/18: {'changepoint_prior_scale': 0.01, 'seasonality_prior_scale': 1.0, 'seasonality_mode': 'multiplicative'}
[2025-07-31T11:46:33.428+0000] {filesystem.py:118} DEBUG - input tempfile: /tmp/tmphg1v53d3/16wzg2qp.json
[2025-07-31T11:46:33.445+0000] {filesystem.py:118} DEBUG - input tempfile: /tmp/tmphg1v53d3/os_xl6vb.json
[2025-07-31T11:46:33.447+0000] {model.py:2042} DEBUG - idx 0
[2025-07-31T11:46:33.447+0000] {model.py:2043} DEBUG - running CmdStan, num_threads: None
[2025-07-31T11:46:33.448+0000] {model.py:2055} DEBUG - CmdStan args: ['/home/airflow/.local/lib/python3.11/site-packages/prophet/stan_model/prophet_model.bin', 'random', 'seed=43976', 'data', 'file=/tmp/tmphg1v53d3/16wzg2qp.json', 'init=/tmp/tmphg1v53d3/os_xl6vb.json', 'output', 'file=/tmp/tmphg1v53d3/prophet_model0kynukbt/prophet_model-20250731114633.csv', 'method=optimize', 'algorithm=lbfgs', 'iter=10000']
[2025-07-31T11:46:33.449+0000] {logging_mixin.py:188} WARNING - 11:46:33 - cmdstanpy - INFO - Chain [1] start processing
[2025-07-31T11:46:33.448+0000] {model.py:2058} INFO - Chain [1] start processing
[2025-07-31T11:46:33.469+0000] {logging_mixin.py:188} WARNING - 11:46:33 - cmdstanpy - INFO - Chain [1] done processing
[2025-07-31T11:46:33.469+0000] {model.py:2115} INFO - Chain [1] done processing
[2025-07-31T11:46:33.472+0000] {logging_mixin.py:188} INFO - Erreur pour {'changepoint_prior_scale': 0.01, 'seasonality_prior_scale': 1.0, 'seasonality_mode': 'multiplicative'}: Less data than horizon.
[2025-07-31T11:46:33.473+0000] {logging_mixin.py:188} INFO - Test 3/18: {'changepoint_prior_scale': 0.01, 'seasonality_prior_scale': 5.0, 'seasonality_mode': 'additive'}
[2025-07-31T11:46:33.491+0000] {filesystem.py:118} DEBUG - input tempfile: /tmp/tmphg1v53d3/90uk27gt.json
[2025-07-31T11:46:33.510+0000] {filesystem.py:118} DEBUG - input tempfile: /tmp/tmphg1v53d3/26qhbgd0.json
[2025-07-31T11:46:33.512+0000] {model.py:2042} DEBUG - idx 0
[2025-07-31T11:46:33.513+0000] {model.py:2043} DEBUG - running CmdStan, num_threads: None
[2025-07-31T11:46:33.514+0000] {model.py:2055} DEBUG - CmdStan args: ['/home/airflow/.local/lib/python3.11/site-packages/prophet/stan_model/prophet_model.bin', 'random', 'seed=78841', 'data', 'file=/tmp/tmphg1v53d3/90uk27gt.json', 'init=/tmp/tmphg1v53d3/26qhbgd0.json', 'output', 'file=/tmp/tmphg1v53d3/prophet_model00x46r55/prophet_model-20250731114633.csv', 'method=optimize', 'algorithm=lbfgs', 'iter=10000']
[2025-07-31T11:46:33.515+0000] {logging_mixin.py:188} WARNING - 11:46:33 - cmdstanpy - INFO - Chain [1] start processing
[2025-07-31T11:46:33.515+0000] {model.py:2058} INFO - Chain [1] start processing
[2025-07-31T11:46:33.551+0000] {logging_mixin.py:188} WARNING - 11:46:33 - cmdstanpy - INFO - Chain [1] done processing
[2025-07-31T11:46:33.550+0000] {model.py:2115} INFO - Chain [1] done processing
[2025-07-31T11:46:33.557+0000] {logging_mixin.py:188} INFO - Erreur pour {'changepoint_prior_scale': 0.01, 'seasonality_prior_scale': 5.0, 'seasonality_mode': 'additive'}: Less data than horizon.
[2025-07-31T11:46:33.558+0000] {logging_mixin.py:188} INFO - Test 4/18: {'changepoint_prior_scale': 0.01, 'seasonality_prior_scale': 5.0, 'seasonality_mode': 'multiplicative'}
[2025-07-31T11:46:33.585+0000] {filesystem.py:118} DEBUG - input tempfile: /tmp/tmphg1v53d3/gp6sgrkw.json
[2025-07-31T11:46:33.615+0000] {filesystem.py:118} DEBUG - input tempfile: /tmp/tmphg1v53d3/2n998f1q.json
[2025-07-31T11:46:33.619+0000] {model.py:2042} DEBUG - idx 0
[2025-07-31T11:46:33.620+0000] {model.py:2043} DEBUG - running CmdStan, num_threads: None
[2025-07-31T11:46:33.621+0000] {model.py:2055} DEBUG - CmdStan args: ['/home/airflow/.local/lib/python3.11/site-packages/prophet/stan_model/prophet_model.bin', 'random', 'seed=81973', 'data', 'file=/tmp/tmphg1v53d3/gp6sgrkw.json', 'init=/tmp/tmphg1v53d3/2n998f1q.json', 'output', 'file=/tmp/tmphg1v53d3/prophet_model_dalv8f8/prophet_model-20250731114633.csv', 'method=optimize', 'algorithm=lbfgs', 'iter=10000']
[2025-07-31T11:46:33.622+0000] {logging_mixin.py:188} WARNING - 11:46:33 - cmdstanpy - INFO - Chain [1] start processing
[2025-07-31T11:46:33.622+0000] {model.py:2058} INFO - Chain [1] start processing
[2025-07-31T11:46:33.665+0000] {logging_mixin.py:188} WARNING - 11:46:33 - cmdstanpy - INFO - Chain [1] done processing
[2025-07-31T11:46:33.665+0000] {model.py:2115} INFO - Chain [1] done processing
[2025-07-31T11:46:33.671+0000] {logging_mixin.py:188} INFO - Erreur pour {'changepoint_prior_scale': 0.01, 'seasonality_prior_scale': 5.0, 'seasonality_mode': 'multiplicative'}: Less data than horizon.
[2025-07-31T11:46:33.672+0000] {logging_mixin.py:188} INFO - Test 5/18: {'changepoint_prior_scale': 0.01, 'seasonality_prior_scale': 10.0, 'seasonality_mode': 'additive'}
[2025-07-31T11:46:33.704+0000] {filesystem.py:118} DEBUG - input tempfile: /tmp/tmphg1v53d3/36o1ka8n.json
[2025-07-31T11:46:33.720+0000] {filesystem.py:118} DEBUG - input tempfile: /tmp/tmphg1v53d3/dzg7p92b.json
[2025-07-31T11:46:33.722+0000] {model.py:2042} DEBUG - idx 0
[2025-07-31T11:46:33.722+0000] {model.py:2043} DEBUG - running CmdStan, num_threads: None
[2025-07-31T11:46:33.723+0000] {model.py:2055} DEBUG - CmdStan args: ['/home/airflow/.local/lib/python3.11/site-packages/prophet/stan_model/prophet_model.bin', 'random', 'seed=42859', 'data', 'file=/tmp/tmphg1v53d3/36o1ka8n.json', 'init=/tmp/tmphg1v53d3/dzg7p92b.json', 'output', 'file=/tmp/tmphg1v53d3/prophet_modelmrknfccx/prophet_model-20250731114633.csv', 'method=optimize', 'algorithm=lbfgs', 'iter=10000']
[2025-07-31T11:46:33.724+0000] {logging_mixin.py:188} WARNING - 11:46:33 - cmdstanpy - INFO - Chain [1] start processing
[2025-07-31T11:46:33.724+0000] {model.py:2058} INFO - Chain [1] start processing
[2025-07-31T11:46:33.751+0000] {logging_mixin.py:188} WARNING - 11:46:33 - cmdstanpy - INFO - Chain [1] done processing
[2025-07-31T11:46:33.751+0000] {model.py:2115} INFO - Chain [1] done processing
[2025-07-31T11:46:33.755+0000] {logging_mixin.py:188} INFO - Erreur pour {'changepoint_prior_scale': 0.01, 'seasonality_prior_scale': 10.0, 'seasonality_mode': 'additive'}: Less data than horizon.
[2025-07-31T11:46:33.756+0000] {logging_mixin.py:188} INFO - Test 6/18: {'changepoint_prior_scale': 0.01, 'seasonality_prior_scale': 10.0, 'seasonality_mode': 'multiplicative'}
[2025-07-31T11:46:33.781+0000] {filesystem.py:118} DEBUG - input tempfile: /tmp/tmphg1v53d3/rzj3uczl.json
[2025-07-31T11:46:33.796+0000] {filesystem.py:118} DEBUG - input tempfile: /tmp/tmphg1v53d3/7wx52q6r.json
[2025-07-31T11:46:33.798+0000] {model.py:2042} DEBUG - idx 0
[2025-07-31T11:46:33.799+0000] {model.py:2043} DEBUG - running CmdStan, num_threads: None
[2025-07-31T11:46:33.799+0000] {model.py:2055} DEBUG - CmdStan args: ['/home/airflow/.local/lib/python3.11/site-packages/prophet/stan_model/prophet_model.bin', 'random', 'seed=15956', 'data', 'file=/tmp/tmphg1v53d3/rzj3uczl.json', 'init=/tmp/tmphg1v53d3/7wx52q6r.json', 'output', 'file=/tmp/tmphg1v53d3/prophet_modelhyb6nz6z/prophet_model-20250731114633.csv', 'method=optimize', 'algorithm=lbfgs', 'iter=10000']
[2025-07-31T11:46:33.800+0000] {logging_mixin.py:188} WARNING - 11:46:33 - cmdstanpy - INFO - Chain [1] start processing
[2025-07-31T11:46:33.800+0000] {model.py:2058} INFO - Chain [1] start processing
[2025-07-31T11:46:33.835+0000] {logging_mixin.py:188} WARNING - 11:46:33 - cmdstanpy - INFO - Chain [1] done processing
[2025-07-31T11:46:33.835+0000] {model.py:2115} INFO - Chain [1] done processing
[2025-07-31T11:46:33.841+0000] {logging_mixin.py:188} INFO - Erreur pour {'changepoint_prior_scale': 0.01, 'seasonality_prior_scale': 10.0, 'seasonality_mode': 'multiplicative'}: Less data than horizon.
[2025-07-31T11:46:33.842+0000] {logging_mixin.py:188} INFO - Test 7/18: {'changepoint_prior_scale': 0.05, 'seasonality_prior_scale': 1.0, 'seasonality_mode': 'additive'}
[2025-07-31T11:46:33.875+0000] {filesystem.py:118} DEBUG - input tempfile: /tmp/tmphg1v53d3/7xm45br4.json
[2025-07-31T11:46:33.906+0000] {filesystem.py:118} DEBUG - input tempfile: /tmp/tmphg1v53d3/bwwdqsjx.json
[2025-07-31T11:46:33.911+0000] {model.py:2042} DEBUG - idx 0
[2025-07-31T11:46:33.912+0000] {model.py:2043} DEBUG - running CmdStan, num_threads: None
[2025-07-31T11:46:33.913+0000] {model.py:2055} DEBUG - CmdStan args: ['/home/airflow/.local/lib/python3.11/site-packages/prophet/stan_model/prophet_model.bin', 'random', 'seed=50865', 'data', 'file=/tmp/tmphg1v53d3/7xm45br4.json', 'init=/tmp/tmphg1v53d3/bwwdqsjx.json', 'output', 'file=/tmp/tmphg1v53d3/prophet_model6kbv8q7a/prophet_model-20250731114633.csv', 'method=optimize', 'algorithm=lbfgs', 'iter=10000']
[2025-07-31T11:46:33.914+0000] {logging_mixin.py:188} WARNING - 11:46:33 - cmdstanpy - INFO - Chain [1] start processing
[2025-07-31T11:46:33.914+0000] {model.py:2058} INFO - Chain [1] start processing
[2025-07-31T11:46:33.964+0000] {logging_mixin.py:188} WARNING - 11:46:33 - cmdstanpy - INFO - Chain [1] done processing
[2025-07-31T11:46:33.964+0000] {model.py:2115} INFO - Chain [1] done processing
[2025-07-31T11:46:33.968+0000] {logging_mixin.py:188} INFO - Erreur pour {'changepoint_prior_scale': 0.05, 'seasonality_prior_scale': 1.0, 'seasonality_mode': 'additive'}: Less data than horizon.
[2025-07-31T11:46:33.970+0000] {logging_mixin.py:188} INFO - Test 8/18: {'changepoint_prior_scale': 0.05, 'seasonality_prior_scale': 1.0, 'seasonality_mode': 'multiplicative'}
[2025-07-31T11:46:34.003+0000] {filesystem.py:118} DEBUG - input tempfile: /tmp/tmphg1v53d3/u2nc7ueq.json
[2025-07-31T11:46:34.021+0000] {filesystem.py:118} DEBUG - input tempfile: /tmp/tmphg1v53d3/seigl70k.json
[2025-07-31T11:46:34.023+0000] {model.py:2042} DEBUG - idx 0
[2025-07-31T11:46:34.024+0000] {model.py:2043} DEBUG - running CmdStan, num_threads: None
[2025-07-31T11:46:34.024+0000] {model.py:2055} DEBUG - CmdStan args: ['/home/airflow/.local/lib/python3.11/site-packages/prophet/stan_model/prophet_model.bin', 'random', 'seed=52102', 'data', 'file=/tmp/tmphg1v53d3/u2nc7ueq.json', 'init=/tmp/tmphg1v53d3/seigl70k.json', 'output', 'file=/tmp/tmphg1v53d3/prophet_model2_5omevz/prophet_model-20250731114634.csv', 'method=optimize', 'algorithm=lbfgs', 'iter=10000']
[2025-07-31T11:46:34.025+0000] {logging_mixin.py:188} WARNING - 11:46:34 - cmdstanpy - INFO - Chain [1] start processing
[2025-07-31T11:46:34.025+0000] {model.py:2058} INFO - Chain [1] start processing
[2025-07-31T11:46:34.048+0000] {logging_mixin.py:188} WARNING - 11:46:34 - cmdstanpy - INFO - Chain [1] done processing
[2025-07-31T11:46:34.047+0000] {model.py:2115} INFO - Chain [1] done processing
[2025-07-31T11:46:34.051+0000] {logging_mixin.py:188} INFO - Erreur pour {'changepoint_prior_scale': 0.05, 'seasonality_prior_scale': 1.0, 'seasonality_mode': 'multiplicative'}: Less data than horizon.
[2025-07-31T11:46:34.052+0000] {logging_mixin.py:188} INFO - Test 9/18: {'changepoint_prior_scale': 0.05, 'seasonality_prior_scale': 5.0, 'seasonality_mode': 'additive'}
[2025-07-31T11:46:34.077+0000] {filesystem.py:118} DEBUG - input tempfile: /tmp/tmphg1v53d3/znzy_lva.json
[2025-07-31T11:46:34.095+0000] {filesystem.py:118} DEBUG - input tempfile: /tmp/tmphg1v53d3/jgy3xbf1.json
[2025-07-31T11:46:34.097+0000] {model.py:2042} DEBUG - idx 0
[2025-07-31T11:46:34.098+0000] {model.py:2043} DEBUG - running CmdStan, num_threads: None
[2025-07-31T11:46:34.098+0000] {model.py:2055} DEBUG - CmdStan args: ['/home/airflow/.local/lib/python3.11/site-packages/prophet/stan_model/prophet_model.bin', 'random', 'seed=36921', 'data', 'file=/tmp/tmphg1v53d3/znzy_lva.json', 'init=/tmp/tmphg1v53d3/jgy3xbf1.json', 'output', 'file=/tmp/tmphg1v53d3/prophet_modeldothe6bz/prophet_model-20250731114634.csv', 'method=optimize', 'algorithm=lbfgs', 'iter=10000']
[2025-07-31T11:46:34.099+0000] {logging_mixin.py:188} WARNING - 11:46:34 - cmdstanpy - INFO - Chain [1] start processing
[2025-07-31T11:46:34.099+0000] {model.py:2058} INFO - Chain [1] start processing
[2025-07-31T11:46:34.128+0000] {logging_mixin.py:188} WARNING - 11:46:34 - cmdstanpy - INFO - Chain [1] done processing
[2025-07-31T11:46:34.128+0000] {model.py:2115} INFO - Chain [1] done processing
[2025-07-31T11:46:34.132+0000] {logging_mixin.py:188} INFO - Erreur pour {'changepoint_prior_scale': 0.05, 'seasonality_prior_scale': 5.0, 'seasonality_mode': 'additive'}: Less data than horizon.
[2025-07-31T11:46:34.133+0000] {logging_mixin.py:188} INFO - Test 10/18: {'changepoint_prior_scale': 0.05, 'seasonality_prior_scale': 5.0, 'seasonality_mode': 'multiplicative'}
[2025-07-31T11:46:34.154+0000] {filesystem.py:118} DEBUG - input tempfile: /tmp/tmphg1v53d3/zpah8c9p.json
[2025-07-31T11:46:34.170+0000] {filesystem.py:118} DEBUG - input tempfile: /tmp/tmphg1v53d3/_1l_29nk.json
[2025-07-31T11:46:34.172+0000] {model.py:2042} DEBUG - idx 0
[2025-07-31T11:46:34.172+0000] {model.py:2043} DEBUG - running CmdStan, num_threads: None
[2025-07-31T11:46:34.173+0000] {model.py:2055} DEBUG - CmdStan args: ['/home/airflow/.local/lib/python3.11/site-packages/prophet/stan_model/prophet_model.bin', 'random', 'seed=64880', 'data', 'file=/tmp/tmphg1v53d3/zpah8c9p.json', 'init=/tmp/tmphg1v53d3/_1l_29nk.json', 'output', 'file=/tmp/tmphg1v53d3/prophet_modelvifciahb/prophet_model-20250731114634.csv', 'method=optimize', 'algorithm=lbfgs', 'iter=10000']
[2025-07-31T11:46:34.174+0000] {logging_mixin.py:188} WARNING - 11:46:34 - cmdstanpy - INFO - Chain [1] start processing
[2025-07-31T11:46:34.174+0000] {model.py:2058} INFO - Chain [1] start processing
[2025-07-31T11:46:34.195+0000] {logging_mixin.py:188} WARNING - 11:46:34 - cmdstanpy - INFO - Chain [1] done processing
[2025-07-31T11:46:34.195+0000] {model.py:2115} INFO - Chain [1] done processing
[2025-07-31T11:46:34.198+0000] {logging_mixin.py:188} INFO - Erreur pour {'changepoint_prior_scale': 0.05, 'seasonality_prior_scale': 5.0, 'seasonality_mode': 'multiplicative'}: Less data than horizon.
[2025-07-31T11:46:34.199+0000] {logging_mixin.py:188} INFO - Test 11/18: {'changepoint_prior_scale': 0.05, 'seasonality_prior_scale': 10.0, 'seasonality_mode': 'additive'}
[2025-07-31T11:46:34.215+0000] {filesystem.py:118} DEBUG - input tempfile: /tmp/tmphg1v53d3/7oeodeyn.json
[2025-07-31T11:46:34.230+0000] {filesystem.py:118} DEBUG - input tempfile: /tmp/tmphg1v53d3/gly8j0dp.json
[2025-07-31T11:46:34.232+0000] {model.py:2042} DEBUG - idx 0
[2025-07-31T11:46:34.233+0000] {model.py:2043} DEBUG - running CmdStan, num_threads: None
[2025-07-31T11:46:34.233+0000] {model.py:2055} DEBUG - CmdStan args: ['/home/airflow/.local/lib/python3.11/site-packages/prophet/stan_model/prophet_model.bin', 'random', 'seed=29823', 'data', 'file=/tmp/tmphg1v53d3/7oeodeyn.json', 'init=/tmp/tmphg1v53d3/gly8j0dp.json', 'output', 'file=/tmp/tmphg1v53d3/prophet_modeligs5j6cq/prophet_model-20250731114634.csv', 'method=optimize', 'algorithm=lbfgs', 'iter=10000']
[2025-07-31T11:46:34.234+0000] {logging_mixin.py:188} WARNING - 11:46:34 - cmdstanpy - INFO - Chain [1] start processing
[2025-07-31T11:46:34.234+0000] {model.py:2058} INFO - Chain [1] start processing
[2025-07-31T11:46:34.258+0000] {logging_mixin.py:188} WARNING - 11:46:34 - cmdstanpy - INFO - Chain [1] done processing
[2025-07-31T11:46:34.258+0000] {model.py:2115} INFO - Chain [1] done processing
[2025-07-31T11:46:34.261+0000] {logging_mixin.py:188} INFO - Erreur pour {'changepoint_prior_scale': 0.05, 'seasonality_prior_scale': 10.0, 'seasonality_mode': 'additive'}: Less data than horizon.
[2025-07-31T11:46:34.262+0000] {logging_mixin.py:188} INFO - Test 12/18: {'changepoint_prior_scale': 0.05, 'seasonality_prior_scale': 10.0, 'seasonality_mode': 'multiplicative'}
[2025-07-31T11:46:34.278+0000] {filesystem.py:118} DEBUG - input tempfile: /tmp/tmphg1v53d3/uvmlosag.json
[2025-07-31T11:46:34.292+0000] {filesystem.py:118} DEBUG - input tempfile: /tmp/tmphg1v53d3/rd3146l3.json
[2025-07-31T11:46:34.294+0000] {model.py:2042} DEBUG - idx 0
[2025-07-31T11:46:34.295+0000] {model.py:2043} DEBUG - running CmdStan, num_threads: None
[2025-07-31T11:46:34.295+0000] {model.py:2055} DEBUG - CmdStan args: ['/home/airflow/.local/lib/python3.11/site-packages/prophet/stan_model/prophet_model.bin', 'random', 'seed=1478', 'data', 'file=/tmp/tmphg1v53d3/uvmlosag.json', 'init=/tmp/tmphg1v53d3/rd3146l3.json', 'output', 'file=/tmp/tmphg1v53d3/prophet_model3_7ahzgw/prophet_model-20250731114634.csv', 'method=optimize', 'algorithm=lbfgs', 'iter=10000']
[2025-07-31T11:46:34.296+0000] {logging_mixin.py:188} WARNING - 11:46:34 - cmdstanpy - INFO - Chain [1] start processing
[2025-07-31T11:46:34.296+0000] {model.py:2058} INFO - Chain [1] start processing
[2025-07-31T11:46:34.321+0000] {logging_mixin.py:188} WARNING - 11:46:34 - cmdstanpy - INFO - Chain [1] done processing
[2025-07-31T11:46:34.321+0000] {model.py:2115} INFO - Chain [1] done processing
[2025-07-31T11:46:34.324+0000] {logging_mixin.py:188} INFO - Erreur pour {'changepoint_prior_scale': 0.05, 'seasonality_prior_scale': 10.0, 'seasonality_mode': 'multiplicative'}: Less data than horizon.
[2025-07-31T11:46:34.325+0000] {logging_mixin.py:188} INFO - Test 13/18: {'changepoint_prior_scale': 0.1, 'seasonality_prior_scale': 1.0, 'seasonality_mode': 'additive'}
[2025-07-31T11:46:34.340+0000] {filesystem.py:118} DEBUG - input tempfile: /tmp/tmphg1v53d3/ctbw0rid.json
[2025-07-31T11:46:34.360+0000] {filesystem.py:118} DEBUG - input tempfile: /tmp/tmphg1v53d3/51_xfuxj.json
[2025-07-31T11:46:34.361+0000] {model.py:2042} DEBUG - idx 0
[2025-07-31T11:46:34.362+0000] {model.py:2043} DEBUG - running CmdStan, num_threads: None
[2025-07-31T11:46:34.363+0000] {model.py:2055} DEBUG - CmdStan args: ['/home/airflow/.local/lib/python3.11/site-packages/prophet/stan_model/prophet_model.bin', 'random', 'seed=20373', 'data', 'file=/tmp/tmphg1v53d3/ctbw0rid.json', 'init=/tmp/tmphg1v53d3/51_xfuxj.json', 'output', 'file=/tmp/tmphg1v53d3/prophet_model5xv22f_l/prophet_model-20250731114634.csv', 'method=optimize', 'algorithm=lbfgs', 'iter=10000']
[2025-07-31T11:46:34.364+0000] {logging_mixin.py:188} WARNING - 11:46:34 - cmdstanpy - INFO - Chain [1] start processing
[2025-07-31T11:46:34.364+0000] {model.py:2058} INFO - Chain [1] start processing
[2025-07-31T11:46:34.396+0000] {logging_mixin.py:188} WARNING - 11:46:34 - cmdstanpy - INFO - Chain [1] done processing
[2025-07-31T11:46:34.396+0000] {model.py:2115} INFO - Chain [1] done processing
[2025-07-31T11:46:34.401+0000] {logging_mixin.py:188} INFO - Erreur pour {'changepoint_prior_scale': 0.1, 'seasonality_prior_scale': 1.0, 'seasonality_mode': 'additive'}: Less data than horizon.
[2025-07-31T11:46:34.403+0000] {logging_mixin.py:188} INFO - Test 14/18: {'changepoint_prior_scale': 0.1, 'seasonality_prior_scale': 1.0, 'seasonality_mode': 'multiplicative'}
[2025-07-31T11:46:34.431+0000] {filesystem.py:118} DEBUG - input tempfile: /tmp/tmphg1v53d3/honoqesr.json
[2025-07-31T11:46:34.461+0000] {filesystem.py:118} DEBUG - input tempfile: /tmp/tmphg1v53d3/64sugko7.json
[2025-07-31T11:46:34.463+0000] {model.py:2042} DEBUG - idx 0
[2025-07-31T11:46:34.464+0000] {model.py:2043} DEBUG - running CmdStan, num_threads: None
[2025-07-31T11:46:34.465+0000] {model.py:2055} DEBUG - CmdStan args: ['/home/airflow/.local/lib/python3.11/site-packages/prophet/stan_model/prophet_model.bin', 'random', 'seed=54741', 'data', 'file=/tmp/tmphg1v53d3/honoqesr.json', 'init=/tmp/tmphg1v53d3/64sugko7.json', 'output', 'file=/tmp/tmphg1v53d3/prophet_model1kkbnjon/prophet_model-20250731114634.csv', 'method=optimize', 'algorithm=lbfgs', 'iter=10000']
[2025-07-31T11:46:34.466+0000] {logging_mixin.py:188} WARNING - 11:46:34 - cmdstanpy - INFO - Chain [1] start processing
[2025-07-31T11:46:34.466+0000] {model.py:2058} INFO - Chain [1] start processing
[2025-07-31T11:46:34.505+0000] {logging_mixin.py:188} WARNING - 11:46:34 - cmdstanpy - INFO - Chain [1] done processing
[2025-07-31T11:46:34.505+0000] {model.py:2115} INFO - Chain [1] done processing
[2025-07-31T11:46:34.510+0000] {logging_mixin.py:188} INFO - Erreur pour {'changepoint_prior_scale': 0.1, 'seasonality_prior_scale': 1.0, 'seasonality_mode': 'multiplicative'}: Less data than horizon.
[2025-07-31T11:46:34.511+0000] {logging_mixin.py:188} INFO - Test 15/18: {'changepoint_prior_scale': 0.1, 'seasonality_prior_scale': 5.0, 'seasonality_mode': 'additive'}
[2025-07-31T11:46:34.530+0000] {filesystem.py:118} DEBUG - input tempfile: /tmp/tmphg1v53d3/0p5z_u_0.json
[2025-07-31T11:46:34.545+0000] {filesystem.py:118} DEBUG - input tempfile: /tmp/tmphg1v53d3/jlch1yua.json
[2025-07-31T11:46:34.547+0000] {model.py:2042} DEBUG - idx 0
[2025-07-31T11:46:34.548+0000] {model.py:2043} DEBUG - running CmdStan, num_threads: None
[2025-07-31T11:46:34.548+0000] {model.py:2055} DEBUG - CmdStan args: ['/home/airflow/.local/lib/python3.11/site-packages/prophet/stan_model/prophet_model.bin', 'random', 'seed=89936', 'data', 'file=/tmp/tmphg1v53d3/0p5z_u_0.json', 'init=/tmp/tmphg1v53d3/jlch1yua.json', 'output', 'file=/tmp/tmphg1v53d3/prophet_model3nn6hb8m/prophet_model-20250731114634.csv', 'method=optimize', 'algorithm=lbfgs', 'iter=10000']
[2025-07-31T11:46:34.549+0000] {logging_mixin.py:188} WARNING - 11:46:34 - cmdstanpy - INFO - Chain [1] start processing
[2025-07-31T11:46:34.549+0000] {model.py:2058} INFO - Chain [1] start processing
[2025-07-31T11:46:34.571+0000] {logging_mixin.py:188} WARNING - 11:46:34 - cmdstanpy - INFO - Chain [1] done processing
[2025-07-31T11:46:34.571+0000] {model.py:2115} INFO - Chain [1] done processing
[2025-07-31T11:46:34.574+0000] {logging_mixin.py:188} INFO - Erreur pour {'changepoint_prior_scale': 0.1, 'seasonality_prior_scale': 5.0, 'seasonality_mode': 'additive'}: Less data than horizon.
[2025-07-31T11:46:34.575+0000] {logging_mixin.py:188} INFO - Test 16/18: {'changepoint_prior_scale': 0.1, 'seasonality_prior_scale': 5.0, 'seasonality_mode': 'multiplicative'}
[2025-07-31T11:46:34.591+0000] {filesystem.py:118} DEBUG - input tempfile: /tmp/tmphg1v53d3/vkw9cugd.json
[2025-07-31T11:46:34.606+0000] {filesystem.py:118} DEBUG - input tempfile: /tmp/tmphg1v53d3/m74pjz1v.json
[2025-07-31T11:46:34.608+0000] {model.py:2042} DEBUG - idx 0
[2025-07-31T11:46:34.609+0000] {model.py:2043} DEBUG - running CmdStan, num_threads: None
[2025-07-31T11:46:34.609+0000] {model.py:2055} DEBUG - CmdStan args: ['/home/airflow/.local/lib/python3.11/site-packages/prophet/stan_model/prophet_model.bin', 'random', 'seed=36591', 'data', 'file=/tmp/tmphg1v53d3/vkw9cugd.json', 'init=/tmp/tmphg1v53d3/m74pjz1v.json', 'output', 'file=/tmp/tmphg1v53d3/prophet_modelsn3mqhr9/prophet_model-20250731114634.csv', 'method=optimize', 'algorithm=lbfgs', 'iter=10000']
[2025-07-31T11:46:34.610+0000] {logging_mixin.py:188} WARNING - 11:46:34 - cmdstanpy - INFO - Chain [1] start processing
[2025-07-31T11:46:34.610+0000] {model.py:2058} INFO - Chain [1] start processing
[2025-07-31T11:46:34.638+0000] {logging_mixin.py:188} WARNING - 11:46:34 - cmdstanpy - INFO - Chain [1] done processing
[2025-07-31T11:46:34.638+0000] {model.py:2115} INFO - Chain [1] done processing
[2025-07-31T11:46:34.641+0000] {logging_mixin.py:188} INFO - Erreur pour {'changepoint_prior_scale': 0.1, 'seasonality_prior_scale': 5.0, 'seasonality_mode': 'multiplicative'}: Less data than horizon.
[2025-07-31T11:46:34.642+0000] {logging_mixin.py:188} INFO - Test 17/18: {'changepoint_prior_scale': 0.1, 'seasonality_prior_scale': 10.0, 'seasonality_mode': 'additive'}
[2025-07-31T11:46:34.658+0000] {filesystem.py:118} DEBUG - input tempfile: /tmp/tmphg1v53d3/ol6x3120.json
[2025-07-31T11:46:34.673+0000] {filesystem.py:118} DEBUG - input tempfile: /tmp/tmphg1v53d3/559u0382.json
[2025-07-31T11:46:34.675+0000] {model.py:2042} DEBUG - idx 0
[2025-07-31T11:46:34.676+0000] {model.py:2043} DEBUG - running CmdStan, num_threads: None
[2025-07-31T11:46:34.676+0000] {model.py:2055} DEBUG - CmdStan args: ['/home/airflow/.local/lib/python3.11/site-packages/prophet/stan_model/prophet_model.bin', 'random', 'seed=89819', 'data', 'file=/tmp/tmphg1v53d3/ol6x3120.json', 'init=/tmp/tmphg1v53d3/559u0382.json', 'output', 'file=/tmp/tmphg1v53d3/prophet_modelbqarclgy/prophet_model-20250731114634.csv', 'method=optimize', 'algorithm=lbfgs', 'iter=10000']
[2025-07-31T11:46:34.677+0000] {logging_mixin.py:188} WARNING - 11:46:34 - cmdstanpy - INFO - Chain [1] start processing
[2025-07-31T11:46:34.677+0000] {model.py:2058} INFO - Chain [1] start processing
[2025-07-31T11:46:34.698+0000] {logging_mixin.py:188} WARNING - 11:46:34 - cmdstanpy - INFO - Chain [1] done processing
[2025-07-31T11:46:34.698+0000] {model.py:2115} INFO - Chain [1] done processing
[2025-07-31T11:46:34.701+0000] {logging_mixin.py:188} INFO - Erreur pour {'changepoint_prior_scale': 0.1, 'seasonality_prior_scale': 10.0, 'seasonality_mode': 'additive'}: Less data than horizon.
[2025-07-31T11:46:34.702+0000] {logging_mixin.py:188} INFO - Test 18/18: {'changepoint_prior_scale': 0.1, 'seasonality_prior_scale': 10.0, 'seasonality_mode': 'multiplicative'}
[2025-07-31T11:46:34.720+0000] {filesystem.py:118} DEBUG - input tempfile: /tmp/tmphg1v53d3/gb9qyvaz.json
[2025-07-31T11:46:34.735+0000] {filesystem.py:118} DEBUG - input tempfile: /tmp/tmphg1v53d3/pf1j6wdk.json
[2025-07-31T11:46:34.736+0000] {model.py:2042} DEBUG - idx 0
[2025-07-31T11:46:34.737+0000] {model.py:2043} DEBUG - running CmdStan, num_threads: None
[2025-07-31T11:46:34.738+0000] {model.py:2055} DEBUG - CmdStan args: ['/home/airflow/.local/lib/python3.11/site-packages/prophet/stan_model/prophet_model.bin', 'random', 'seed=21774', 'data', 'file=/tmp/tmphg1v53d3/gb9qyvaz.json', 'init=/tmp/tmphg1v53d3/pf1j6wdk.json', 'output', 'file=/tmp/tmphg1v53d3/prophet_model_cao_n9q/prophet_model-20250731114634.csv', 'method=optimize', 'algorithm=lbfgs', 'iter=10000']
[2025-07-31T11:46:34.738+0000] {logging_mixin.py:188} WARNING - 11:46:34 - cmdstanpy - INFO - Chain [1] start processing
[2025-07-31T11:46:34.738+0000] {model.py:2058} INFO - Chain [1] start processing
[2025-07-31T11:46:34.777+0000] {logging_mixin.py:188} WARNING - 11:46:34 - cmdstanpy - INFO - Chain [1] done processing
[2025-07-31T11:46:34.777+0000] {model.py:2115} INFO - Chain [1] done processing
[2025-07-31T11:46:34.783+0000] {logging_mixin.py:188} INFO - Erreur pour {'changepoint_prior_scale': 0.1, 'seasonality_prior_scale': 10.0, 'seasonality_mode': 'multiplicative'}: Less data than horizon.
[2025-07-31T11:46:34.784+0000] {taskinstance.py:441} INFO - ::group::Post task execution logs
[2025-07-31T11:46:34.785+0000] {taskinstance.py:2905} ERROR - Task failed with exception
Traceback (most recent call last):
  File "/home/airflow/.local/lib/python3.11/site-packages/airflow/models/taskinstance.py", line 465, in _execute_task
    result = _execute_callable(context=context, **execute_callable_kwargs)
             ^^^^^^^^^^^^^^^^^^^^^^^^^^^^^^^^^^^^^^^^^^^^^^^^^^^^^^^^^^^^^
  File "/home/airflow/.local/lib/python3.11/site-packages/airflow/models/taskinstance.py", line 432, in _execute_callable
    return execute_callable(context=context, **execute_callable_kwargs)
           ^^^^^^^^^^^^^^^^^^^^^^^^^^^^^^^^^^^^^^^^^^^^^^^^^^^^^^^^^^^^
  File "/home/airflow/.local/lib/python3.11/site-packages/airflow/models/baseoperator.py", line 401, in wrapper
    return func(self, *args, **kwargs)
           ^^^^^^^^^^^^^^^^^^^^^^^^^^^
  File "/home/airflow/.local/lib/python3.11/site-packages/airflow/operators/python.py", line 235, in execute
    return_value = self.execute_callable()
                   ^^^^^^^^^^^^^^^^^^^^^^^
  File "/home/airflow/.local/lib/python3.11/site-packages/airflow/operators/python.py", line 252, in execute_callable
    return self.python_callable(*self.op_args, **self.op_kwargs)
           ^^^^^^^^^^^^^^^^^^^^^^^^^^^^^^^^^^^^^^^^^^^^^^^^^^^^^
  File "/opt/airflow/dags/scripts/train_prophet.py", line 92, in train_prophet
    best_model_temp, scores_temp = optimize_prophet_model(temp_df)
                                   ^^^^^^^^^^^^^^^^^^^^^^^^^^^^^^^
  File "/opt/airflow/dags/scripts/train_prophet.py", line 44, in optimize_prophet_model
    best = min(results, key=lambda x: x[1])
           ^^^^^^^^^^^^^^^^^^^^^^^^^^^^^^^^
ValueError: min() arg is an empty sequence
[2025-07-31T11:46:34.844+0000] {taskinstance.py:1206} INFO - Marking task as UP_FOR_RETRY. dag_id=solar_ai_pipeline_2, task_id=train_prophet, run_id=scheduled__2023-07-04T00:00:00+00:00, execution_date=20230704T000000, start_date=20250731T114630, end_date=20250731T114634
[2025-07-31T11:46:34.967+0000] {standard_task_runner.py:110} ERROR - Failed to execute job 2888 for task train_prophet (min() arg is an empty sequence; 3207)
[2025-07-31T11:46:35.021+0000] {local_task_job_runner.py:240} INFO - Task exited with return code 1
[2025-07-31T11:46:35.106+0000] {taskinstance.py:3503} INFO - 0 downstream tasks scheduled from follow-on schedule check
[2025-07-31T11:46:35.111+0000] {local_task_job_runner.py:222} INFO - ::endgroup::
