[2025-07-31T11:57:00.300+0000] {local_task_job_runner.py:120} INFO - ::group::Pre task execution logs
[2025-07-31T11:57:00.445+0000] {taskinstance.py:2076} INFO - Dependencies all met for dep_context=non-requeueable deps ti=<TaskInstance: solar_ai_pipeline_2.train_prophet scheduled__2023-07-04T00:00:00+00:00 [queued]>
[2025-07-31T11:57:00.516+0000] {taskinstance.py:2076} INFO - Dependencies all met for dep_context=requeueable deps ti=<TaskInstance: solar_ai_pipeline_2.train_prophet scheduled__2023-07-04T00:00:00+00:00 [queued]>
[2025-07-31T11:57:00.522+0000] {taskinstance.py:2306} INFO - Starting attempt 4 of 4
[2025-07-31T11:57:00.643+0000] {taskinstance.py:2330} INFO - Executing <Task(PythonOperator): train_prophet> on 2023-07-04 00:00:00+00:00
[2025-07-31T11:57:00.654+0000] {standard_task_runner.py:63} INFO - Started process 4000 to run task
[2025-07-31T11:57:00.659+0000] {standard_task_runner.py:90} INFO - Running: ['airflow', 'tasks', 'run', 'solar_ai_pipeline_2', 'train_prophet', 'scheduled__2023-07-04T00:00:00+00:00', '--job-id', '2918', '--raw', '--subdir', 'DAGS_FOLDER/prophet_pipeline.py', '--cfg-path', '/tmp/tmpi5q3ujhi']
[2025-07-31T11:57:00.663+0000] {standard_task_runner.py:91} INFO - Job 2918: Subtask train_prophet
[2025-07-31T11:57:00.951+0000] {task_command.py:426} INFO - Running <TaskInstance: solar_ai_pipeline_2.train_prophet scheduled__2023-07-04T00:00:00+00:00 [running]> on host a2a0dd314bdc
[2025-07-31T11:57:01.707+0000] {taskinstance.py:2648} INFO - Exporting env vars: AIRFLOW_CTX_DAG_OWNER='ensam' AIRFLOW_CTX_DAG_ID='solar_ai_pipeline_2' AIRFLOW_CTX_TASK_ID='train_prophet' AIRFLOW_CTX_EXECUTION_DATE='2023-07-04T00:00:00+00:00' AIRFLOW_CTX_TRY_NUMBER='4' AIRFLOW_CTX_DAG_RUN_ID='scheduled__2023-07-04T00:00:00+00:00'
[2025-07-31T11:57:01.709+0000] {taskinstance.py:430} INFO - ::endgroup::
[2025-07-31T11:57:02.709+0000] {plot.py:39} ERROR - Importing plotly failed. Interactive plots will not work.
[2025-07-31T11:57:02.719+0000] {logging_mixin.py:188} INFO - Training from 2023-01-01 to 2023-01-05
[2025-07-31T11:57:02.929+0000] {logging_mixin.py:188} INFO - Test 1/18: {'changepoint_prior_scale': 0.01, 'seasonality_prior_scale': 1.0, 'seasonality_mode': 'additive'}
[2025-07-31T11:57:03.003+0000] {filesystem.py:118} DEBUG - input tempfile: /tmp/tmpo_flch3v/4q751p1r.json
[2025-07-31T11:57:03.017+0000] {filesystem.py:118} DEBUG - input tempfile: /tmp/tmpo_flch3v/hxmos2wv.json
[2025-07-31T11:57:03.021+0000] {model.py:2042} DEBUG - idx 0
[2025-07-31T11:57:03.022+0000] {model.py:2043} DEBUG - running CmdStan, num_threads: None
[2025-07-31T11:57:03.023+0000] {model.py:2055} DEBUG - CmdStan args: ['/home/airflow/.local/lib/python3.11/site-packages/prophet/stan_model/prophet_model.bin', 'random', 'seed=76519', 'data', 'file=/tmp/tmpo_flch3v/4q751p1r.json', 'init=/tmp/tmpo_flch3v/hxmos2wv.json', 'output', 'file=/tmp/tmpo_flch3v/prophet_modeln9um2oml/prophet_model-20250731115703.csv', 'method=optimize', 'algorithm=lbfgs', 'iter=10000']
[2025-07-31T11:57:03.024+0000] {logging_mixin.py:188} WARNING - 11:57:03 - cmdstanpy - INFO - Chain [1] start processing
[2025-07-31T11:57:03.024+0000] {model.py:2058} INFO - Chain [1] start processing
[2025-07-31T11:57:03.049+0000] {logging_mixin.py:188} WARNING - 11:57:03 - cmdstanpy - INFO - Chain [1] done processing
[2025-07-31T11:57:03.049+0000] {model.py:2115} INFO - Chain [1] done processing
[2025-07-31T11:57:03.052+0000] {logging_mixin.py:188} INFO - Erreur pour {'changepoint_prior_scale': 0.01, 'seasonality_prior_scale': 1.0, 'seasonality_mode': 'additive'}: Less data than horizon.
[2025-07-31T11:57:03.053+0000] {logging_mixin.py:188} INFO - Test 2/18: {'changepoint_prior_scale': 0.01, 'seasonality_prior_scale': 1.0, 'seasonality_mode': 'multiplicative'}
[2025-07-31T11:57:03.069+0000] {filesystem.py:118} DEBUG - input tempfile: /tmp/tmpo_flch3v/c58d2bft.json
[2025-07-31T11:57:03.084+0000] {filesystem.py:118} DEBUG - input tempfile: /tmp/tmpo_flch3v/j0jyu9fk.json
[2025-07-31T11:57:03.085+0000] {model.py:2042} DEBUG - idx 0
[2025-07-31T11:57:03.086+0000] {model.py:2043} DEBUG - running CmdStan, num_threads: None
[2025-07-31T11:57:03.086+0000] {model.py:2055} DEBUG - CmdStan args: ['/home/airflow/.local/lib/python3.11/site-packages/prophet/stan_model/prophet_model.bin', 'random', 'seed=81628', 'data', 'file=/tmp/tmpo_flch3v/c58d2bft.json', 'init=/tmp/tmpo_flch3v/j0jyu9fk.json', 'output', 'file=/tmp/tmpo_flch3v/prophet_modelgvf9q_lg/prophet_model-20250731115703.csv', 'method=optimize', 'algorithm=lbfgs', 'iter=10000']
[2025-07-31T11:57:03.087+0000] {logging_mixin.py:188} WARNING - 11:57:03 - cmdstanpy - INFO - Chain [1] start processing
[2025-07-31T11:57:03.087+0000] {model.py:2058} INFO - Chain [1] start processing
[2025-07-31T11:57:03.109+0000] {logging_mixin.py:188} WARNING - 11:57:03 - cmdstanpy - INFO - Chain [1] done processing
[2025-07-31T11:57:03.109+0000] {model.py:2115} INFO - Chain [1] done processing
[2025-07-31T11:57:03.112+0000] {logging_mixin.py:188} INFO - Erreur pour {'changepoint_prior_scale': 0.01, 'seasonality_prior_scale': 1.0, 'seasonality_mode': 'multiplicative'}: Less data than horizon.
[2025-07-31T11:57:03.113+0000] {logging_mixin.py:188} INFO - Test 3/18: {'changepoint_prior_scale': 0.01, 'seasonality_prior_scale': 5.0, 'seasonality_mode': 'additive'}
[2025-07-31T11:57:03.135+0000] {filesystem.py:118} DEBUG - input tempfile: /tmp/tmpo_flch3v/wyqtaker.json
[2025-07-31T11:57:03.149+0000] {filesystem.py:118} DEBUG - input tempfile: /tmp/tmpo_flch3v/i3rkvrxb.json
[2025-07-31T11:57:03.151+0000] {model.py:2042} DEBUG - idx 0
[2025-07-31T11:57:03.152+0000] {model.py:2043} DEBUG - running CmdStan, num_threads: None
[2025-07-31T11:57:03.152+0000] {model.py:2055} DEBUG - CmdStan args: ['/home/airflow/.local/lib/python3.11/site-packages/prophet/stan_model/prophet_model.bin', 'random', 'seed=80314', 'data', 'file=/tmp/tmpo_flch3v/wyqtaker.json', 'init=/tmp/tmpo_flch3v/i3rkvrxb.json', 'output', 'file=/tmp/tmpo_flch3v/prophet_model0gyrdf22/prophet_model-20250731115703.csv', 'method=optimize', 'algorithm=lbfgs', 'iter=10000']
[2025-07-31T11:57:03.153+0000] {logging_mixin.py:188} WARNING - 11:57:03 - cmdstanpy - INFO - Chain [1] start processing
[2025-07-31T11:57:03.153+0000] {model.py:2058} INFO - Chain [1] start processing
[2025-07-31T11:57:03.176+0000] {logging_mixin.py:188} WARNING - 11:57:03 - cmdstanpy - INFO - Chain [1] done processing
[2025-07-31T11:57:03.176+0000] {model.py:2115} INFO - Chain [1] done processing
[2025-07-31T11:57:03.180+0000] {logging_mixin.py:188} INFO - Erreur pour {'changepoint_prior_scale': 0.01, 'seasonality_prior_scale': 5.0, 'seasonality_mode': 'additive'}: Less data than horizon.
[2025-07-31T11:57:03.181+0000] {logging_mixin.py:188} INFO - Test 4/18: {'changepoint_prior_scale': 0.01, 'seasonality_prior_scale': 5.0, 'seasonality_mode': 'multiplicative'}
[2025-07-31T11:57:03.207+0000] {filesystem.py:118} DEBUG - input tempfile: /tmp/tmpo_flch3v/r1nyoz74.json
[2025-07-31T11:57:03.238+0000] {filesystem.py:118} DEBUG - input tempfile: /tmp/tmpo_flch3v/68cs80hl.json
[2025-07-31T11:57:03.240+0000] {model.py:2042} DEBUG - idx 0
[2025-07-31T11:57:03.241+0000] {model.py:2043} DEBUG - running CmdStan, num_threads: None
[2025-07-31T11:57:03.242+0000] {model.py:2055} DEBUG - CmdStan args: ['/home/airflow/.local/lib/python3.11/site-packages/prophet/stan_model/prophet_model.bin', 'random', 'seed=31730', 'data', 'file=/tmp/tmpo_flch3v/r1nyoz74.json', 'init=/tmp/tmpo_flch3v/68cs80hl.json', 'output', 'file=/tmp/tmpo_flch3v/prophet_model3g6ulgwj/prophet_model-20250731115703.csv', 'method=optimize', 'algorithm=lbfgs', 'iter=10000']
[2025-07-31T11:57:03.243+0000] {logging_mixin.py:188} WARNING - 11:57:03 - cmdstanpy - INFO - Chain [1] start processing
[2025-07-31T11:57:03.243+0000] {model.py:2058} INFO - Chain [1] start processing
[2025-07-31T11:57:03.273+0000] {logging_mixin.py:188} WARNING - 11:57:03 - cmdstanpy - INFO - Chain [1] done processing
[2025-07-31T11:57:03.273+0000] {model.py:2115} INFO - Chain [1] done processing
[2025-07-31T11:57:03.276+0000] {logging_mixin.py:188} INFO - Erreur pour {'changepoint_prior_scale': 0.01, 'seasonality_prior_scale': 5.0, 'seasonality_mode': 'multiplicative'}: Less data than horizon.
[2025-07-31T11:57:03.277+0000] {logging_mixin.py:188} INFO - Test 5/18: {'changepoint_prior_scale': 0.01, 'seasonality_prior_scale': 10.0, 'seasonality_mode': 'additive'}
[2025-07-31T11:57:03.292+0000] {filesystem.py:118} DEBUG - input tempfile: /tmp/tmpo_flch3v/46xongkw.json
[2025-07-31T11:57:03.306+0000] {filesystem.py:118} DEBUG - input tempfile: /tmp/tmpo_flch3v/bnqe9xbh.json
[2025-07-31T11:57:03.309+0000] {model.py:2042} DEBUG - idx 0
[2025-07-31T11:57:03.310+0000] {model.py:2043} DEBUG - running CmdStan, num_threads: None
[2025-07-31T11:57:03.311+0000] {model.py:2055} DEBUG - CmdStan args: ['/home/airflow/.local/lib/python3.11/site-packages/prophet/stan_model/prophet_model.bin', 'random', 'seed=14311', 'data', 'file=/tmp/tmpo_flch3v/46xongkw.json', 'init=/tmp/tmpo_flch3v/bnqe9xbh.json', 'output', 'file=/tmp/tmpo_flch3v/prophet_modelcryex9_p/prophet_model-20250731115703.csv', 'method=optimize', 'algorithm=lbfgs', 'iter=10000']
[2025-07-31T11:57:03.312+0000] {logging_mixin.py:188} WARNING - 11:57:03 - cmdstanpy - INFO - Chain [1] start processing
[2025-07-31T11:57:03.311+0000] {model.py:2058} INFO - Chain [1] start processing
[2025-07-31T11:57:03.354+0000] {logging_mixin.py:188} WARNING - 11:57:03 - cmdstanpy - INFO - Chain [1] done processing
[2025-07-31T11:57:03.353+0000] {model.py:2115} INFO - Chain [1] done processing
[2025-07-31T11:57:03.359+0000] {logging_mixin.py:188} INFO - Erreur pour {'changepoint_prior_scale': 0.01, 'seasonality_prior_scale': 10.0, 'seasonality_mode': 'additive'}: Less data than horizon.
[2025-07-31T11:57:03.361+0000] {logging_mixin.py:188} INFO - Test 6/18: {'changepoint_prior_scale': 0.01, 'seasonality_prior_scale': 10.0, 'seasonality_mode': 'multiplicative'}
[2025-07-31T11:57:03.391+0000] {filesystem.py:118} DEBUG - input tempfile: /tmp/tmpo_flch3v/a_swfbdd.json
[2025-07-31T11:57:03.409+0000] {filesystem.py:118} DEBUG - input tempfile: /tmp/tmpo_flch3v/r5_beovu.json
[2025-07-31T11:57:03.411+0000] {model.py:2042} DEBUG - idx 0
[2025-07-31T11:57:03.412+0000] {model.py:2043} DEBUG - running CmdStan, num_threads: None
[2025-07-31T11:57:03.412+0000] {model.py:2055} DEBUG - CmdStan args: ['/home/airflow/.local/lib/python3.11/site-packages/prophet/stan_model/prophet_model.bin', 'random', 'seed=85600', 'data', 'file=/tmp/tmpo_flch3v/a_swfbdd.json', 'init=/tmp/tmpo_flch3v/r5_beovu.json', 'output', 'file=/tmp/tmpo_flch3v/prophet_modelfp_d7kdw/prophet_model-20250731115703.csv', 'method=optimize', 'algorithm=lbfgs', 'iter=10000']
[2025-07-31T11:57:03.413+0000] {logging_mixin.py:188} WARNING - 11:57:03 - cmdstanpy - INFO - Chain [1] start processing
[2025-07-31T11:57:03.413+0000] {model.py:2058} INFO - Chain [1] start processing
[2025-07-31T11:57:03.443+0000] {logging_mixin.py:188} WARNING - 11:57:03 - cmdstanpy - INFO - Chain [1] done processing
[2025-07-31T11:57:03.442+0000] {model.py:2115} INFO - Chain [1] done processing
[2025-07-31T11:57:03.448+0000] {logging_mixin.py:188} INFO - Erreur pour {'changepoint_prior_scale': 0.01, 'seasonality_prior_scale': 10.0, 'seasonality_mode': 'multiplicative'}: Less data than horizon.
[2025-07-31T11:57:03.449+0000] {logging_mixin.py:188} INFO - Test 7/18: {'changepoint_prior_scale': 0.05, 'seasonality_prior_scale': 1.0, 'seasonality_mode': 'additive'}
[2025-07-31T11:57:03.477+0000] {filesystem.py:118} DEBUG - input tempfile: /tmp/tmpo_flch3v/h_xnay6j.json
[2025-07-31T11:57:03.493+0000] {filesystem.py:118} DEBUG - input tempfile: /tmp/tmpo_flch3v/5xnt9808.json
[2025-07-31T11:57:03.495+0000] {model.py:2042} DEBUG - idx 0
[2025-07-31T11:57:03.496+0000] {model.py:2043} DEBUG - running CmdStan, num_threads: None
[2025-07-31T11:57:03.496+0000] {model.py:2055} DEBUG - CmdStan args: ['/home/airflow/.local/lib/python3.11/site-packages/prophet/stan_model/prophet_model.bin', 'random', 'seed=89731', 'data', 'file=/tmp/tmpo_flch3v/h_xnay6j.json', 'init=/tmp/tmpo_flch3v/5xnt9808.json', 'output', 'file=/tmp/tmpo_flch3v/prophet_modelcngisal6/prophet_model-20250731115703.csv', 'method=optimize', 'algorithm=lbfgs', 'iter=10000']
[2025-07-31T11:57:03.497+0000] {logging_mixin.py:188} WARNING - 11:57:03 - cmdstanpy - INFO - Chain [1] start processing
[2025-07-31T11:57:03.497+0000] {model.py:2058} INFO - Chain [1] start processing
[2025-07-31T11:57:03.530+0000] {logging_mixin.py:188} WARNING - 11:57:03 - cmdstanpy - INFO - Chain [1] done processing
[2025-07-31T11:57:03.530+0000] {model.py:2115} INFO - Chain [1] done processing
[2025-07-31T11:57:03.534+0000] {logging_mixin.py:188} INFO - Erreur pour {'changepoint_prior_scale': 0.05, 'seasonality_prior_scale': 1.0, 'seasonality_mode': 'additive'}: Less data than horizon.
[2025-07-31T11:57:03.535+0000] {logging_mixin.py:188} INFO - Test 8/18: {'changepoint_prior_scale': 0.05, 'seasonality_prior_scale': 1.0, 'seasonality_mode': 'multiplicative'}
[2025-07-31T11:57:03.554+0000] {filesystem.py:118} DEBUG - input tempfile: /tmp/tmpo_flch3v/wul4hexe.json
[2025-07-31T11:57:03.570+0000] {filesystem.py:118} DEBUG - input tempfile: /tmp/tmpo_flch3v/wzvt6_mz.json
[2025-07-31T11:57:03.572+0000] {model.py:2042} DEBUG - idx 0
[2025-07-31T11:57:03.573+0000] {model.py:2043} DEBUG - running CmdStan, num_threads: None
[2025-07-31T11:57:03.574+0000] {model.py:2055} DEBUG - CmdStan args: ['/home/airflow/.local/lib/python3.11/site-packages/prophet/stan_model/prophet_model.bin', 'random', 'seed=89802', 'data', 'file=/tmp/tmpo_flch3v/wul4hexe.json', 'init=/tmp/tmpo_flch3v/wzvt6_mz.json', 'output', 'file=/tmp/tmpo_flch3v/prophet_modelmy_us179/prophet_model-20250731115703.csv', 'method=optimize', 'algorithm=lbfgs', 'iter=10000']
[2025-07-31T11:57:03.574+0000] {logging_mixin.py:188} WARNING - 11:57:03 - cmdstanpy - INFO - Chain [1] start processing
[2025-07-31T11:57:03.574+0000] {model.py:2058} INFO - Chain [1] start processing
[2025-07-31T11:57:03.595+0000] {logging_mixin.py:188} WARNING - 11:57:03 - cmdstanpy - INFO - Chain [1] done processing
[2025-07-31T11:57:03.595+0000] {model.py:2115} INFO - Chain [1] done processing
[2025-07-31T11:57:03.598+0000] {logging_mixin.py:188} INFO - Erreur pour {'changepoint_prior_scale': 0.05, 'seasonality_prior_scale': 1.0, 'seasonality_mode': 'multiplicative'}: Less data than horizon.
[2025-07-31T11:57:03.599+0000] {logging_mixin.py:188} INFO - Test 9/18: {'changepoint_prior_scale': 0.05, 'seasonality_prior_scale': 5.0, 'seasonality_mode': 'additive'}
[2025-07-31T11:57:03.616+0000] {filesystem.py:118} DEBUG - input tempfile: /tmp/tmpo_flch3v/ufkj7uhk.json
[2025-07-31T11:57:03.634+0000] {filesystem.py:118} DEBUG - input tempfile: /tmp/tmpo_flch3v/v6bu3da7.json
[2025-07-31T11:57:03.636+0000] {model.py:2042} DEBUG - idx 0
[2025-07-31T11:57:03.637+0000] {model.py:2043} DEBUG - running CmdStan, num_threads: None
[2025-07-31T11:57:03.638+0000] {model.py:2055} DEBUG - CmdStan args: ['/home/airflow/.local/lib/python3.11/site-packages/prophet/stan_model/prophet_model.bin', 'random', 'seed=17891', 'data', 'file=/tmp/tmpo_flch3v/ufkj7uhk.json', 'init=/tmp/tmpo_flch3v/v6bu3da7.json', 'output', 'file=/tmp/tmpo_flch3v/prophet_modell0pnbloc/prophet_model-20250731115703.csv', 'method=optimize', 'algorithm=lbfgs', 'iter=10000']
[2025-07-31T11:57:03.639+0000] {logging_mixin.py:188} WARNING - 11:57:03 - cmdstanpy - INFO - Chain [1] start processing
[2025-07-31T11:57:03.639+0000] {model.py:2058} INFO - Chain [1] start processing
[2025-07-31T11:57:03.691+0000] {logging_mixin.py:188} WARNING - 11:57:03 - cmdstanpy - INFO - Chain [1] done processing
[2025-07-31T11:57:03.691+0000] {model.py:2115} INFO - Chain [1] done processing
[2025-07-31T11:57:03.697+0000] {logging_mixin.py:188} INFO - Erreur pour {'changepoint_prior_scale': 0.05, 'seasonality_prior_scale': 5.0, 'seasonality_mode': 'additive'}: Less data than horizon.
[2025-07-31T11:57:03.698+0000] {logging_mixin.py:188} INFO - Test 10/18: {'changepoint_prior_scale': 0.05, 'seasonality_prior_scale': 5.0, 'seasonality_mode': 'multiplicative'}
[2025-07-31T11:57:03.729+0000] {filesystem.py:118} DEBUG - input tempfile: /tmp/tmpo_flch3v/1r_3i8lb.json
[2025-07-31T11:57:03.759+0000] {filesystem.py:118} DEBUG - input tempfile: /tmp/tmpo_flch3v/fxjktgva.json
[2025-07-31T11:57:03.762+0000] {model.py:2042} DEBUG - idx 0
[2025-07-31T11:57:03.763+0000] {model.py:2043} DEBUG - running CmdStan, num_threads: None
[2025-07-31T11:57:03.765+0000] {model.py:2055} DEBUG - CmdStan args: ['/home/airflow/.local/lib/python3.11/site-packages/prophet/stan_model/prophet_model.bin', 'random', 'seed=73566', 'data', 'file=/tmp/tmpo_flch3v/1r_3i8lb.json', 'init=/tmp/tmpo_flch3v/fxjktgva.json', 'output', 'file=/tmp/tmpo_flch3v/prophet_modelp4stdsmi/prophet_model-20250731115703.csv', 'method=optimize', 'algorithm=lbfgs', 'iter=10000']
[2025-07-31T11:57:03.766+0000] {logging_mixin.py:188} WARNING - 11:57:03 - cmdstanpy - INFO - Chain [1] start processing
[2025-07-31T11:57:03.766+0000] {model.py:2058} INFO - Chain [1] start processing
[2025-07-31T11:57:03.804+0000] {logging_mixin.py:188} WARNING - 11:57:03 - cmdstanpy - INFO - Chain [1] done processing
[2025-07-31T11:57:03.803+0000] {model.py:2115} INFO - Chain [1] done processing
[2025-07-31T11:57:03.809+0000] {logging_mixin.py:188} INFO - Erreur pour {'changepoint_prior_scale': 0.05, 'seasonality_prior_scale': 5.0, 'seasonality_mode': 'multiplicative'}: Less data than horizon.
[2025-07-31T11:57:03.810+0000] {logging_mixin.py:188} INFO - Test 11/18: {'changepoint_prior_scale': 0.05, 'seasonality_prior_scale': 10.0, 'seasonality_mode': 'additive'}
[2025-07-31T11:57:03.845+0000] {filesystem.py:118} DEBUG - input tempfile: /tmp/tmpo_flch3v/0jlwpjgn.json
[2025-07-31T11:57:03.874+0000] {filesystem.py:118} DEBUG - input tempfile: /tmp/tmpo_flch3v/krztddap.json
[2025-07-31T11:57:03.876+0000] {model.py:2042} DEBUG - idx 0
[2025-07-31T11:57:03.877+0000] {model.py:2043} DEBUG - running CmdStan, num_threads: None
[2025-07-31T11:57:03.877+0000] {model.py:2055} DEBUG - CmdStan args: ['/home/airflow/.local/lib/python3.11/site-packages/prophet/stan_model/prophet_model.bin', 'random', 'seed=10658', 'data', 'file=/tmp/tmpo_flch3v/0jlwpjgn.json', 'init=/tmp/tmpo_flch3v/krztddap.json', 'output', 'file=/tmp/tmpo_flch3v/prophet_model36zxeqti/prophet_model-20250731115703.csv', 'method=optimize', 'algorithm=lbfgs', 'iter=10000']
[2025-07-31T11:57:03.878+0000] {logging_mixin.py:188} WARNING - 11:57:03 - cmdstanpy - INFO - Chain [1] start processing
[2025-07-31T11:57:03.878+0000] {model.py:2058} INFO - Chain [1] start processing
[2025-07-31T11:57:03.902+0000] {logging_mixin.py:188} WARNING - 11:57:03 - cmdstanpy - INFO - Chain [1] done processing
[2025-07-31T11:57:03.901+0000] {model.py:2115} INFO - Chain [1] done processing
[2025-07-31T11:57:03.905+0000] {logging_mixin.py:188} INFO - Erreur pour {'changepoint_prior_scale': 0.05, 'seasonality_prior_scale': 10.0, 'seasonality_mode': 'additive'}: Less data than horizon.
[2025-07-31T11:57:03.906+0000] {logging_mixin.py:188} INFO - Test 12/18: {'changepoint_prior_scale': 0.05, 'seasonality_prior_scale': 10.0, 'seasonality_mode': 'multiplicative'}
[2025-07-31T11:57:03.923+0000] {filesystem.py:118} DEBUG - input tempfile: /tmp/tmpo_flch3v/23ouma7_.json
[2025-07-31T11:57:03.938+0000] {filesystem.py:118} DEBUG - input tempfile: /tmp/tmpo_flch3v/smheuo5a.json
[2025-07-31T11:57:03.940+0000] {model.py:2042} DEBUG - idx 0
[2025-07-31T11:57:03.940+0000] {model.py:2043} DEBUG - running CmdStan, num_threads: None
[2025-07-31T11:57:03.941+0000] {model.py:2055} DEBUG - CmdStan args: ['/home/airflow/.local/lib/python3.11/site-packages/prophet/stan_model/prophet_model.bin', 'random', 'seed=13819', 'data', 'file=/tmp/tmpo_flch3v/23ouma7_.json', 'init=/tmp/tmpo_flch3v/smheuo5a.json', 'output', 'file=/tmp/tmpo_flch3v/prophet_model037lbtlt/prophet_model-20250731115703.csv', 'method=optimize', 'algorithm=lbfgs', 'iter=10000']
[2025-07-31T11:57:03.941+0000] {logging_mixin.py:188} WARNING - 11:57:03 - cmdstanpy - INFO - Chain [1] start processing
[2025-07-31T11:57:03.941+0000] {model.py:2058} INFO - Chain [1] start processing
[2025-07-31T11:57:03.967+0000] {logging_mixin.py:188} WARNING - 11:57:03 - cmdstanpy - INFO - Chain [1] done processing
[2025-07-31T11:57:03.967+0000] {model.py:2115} INFO - Chain [1] done processing
[2025-07-31T11:57:03.970+0000] {logging_mixin.py:188} INFO - Erreur pour {'changepoint_prior_scale': 0.05, 'seasonality_prior_scale': 10.0, 'seasonality_mode': 'multiplicative'}: Less data than horizon.
[2025-07-31T11:57:03.971+0000] {logging_mixin.py:188} INFO - Test 13/18: {'changepoint_prior_scale': 0.1, 'seasonality_prior_scale': 1.0, 'seasonality_mode': 'additive'}
[2025-07-31T11:57:03.987+0000] {filesystem.py:118} DEBUG - input tempfile: /tmp/tmpo_flch3v/4mcxsn_8.json
[2025-07-31T11:57:04.002+0000] {filesystem.py:118} DEBUG - input tempfile: /tmp/tmpo_flch3v/hvgnk6e_.json
[2025-07-31T11:57:04.004+0000] {model.py:2042} DEBUG - idx 0
[2025-07-31T11:57:04.004+0000] {model.py:2043} DEBUG - running CmdStan, num_threads: None
[2025-07-31T11:57:04.005+0000] {model.py:2055} DEBUG - CmdStan args: ['/home/airflow/.local/lib/python3.11/site-packages/prophet/stan_model/prophet_model.bin', 'random', 'seed=72846', 'data', 'file=/tmp/tmpo_flch3v/4mcxsn_8.json', 'init=/tmp/tmpo_flch3v/hvgnk6e_.json', 'output', 'file=/tmp/tmpo_flch3v/prophet_modelsqdramwh/prophet_model-20250731115704.csv', 'method=optimize', 'algorithm=lbfgs', 'iter=10000']
[2025-07-31T11:57:04.006+0000] {logging_mixin.py:188} WARNING - 11:57:04 - cmdstanpy - INFO - Chain [1] start processing
[2025-07-31T11:57:04.006+0000] {model.py:2058} INFO - Chain [1] start processing
[2025-07-31T11:57:04.027+0000] {logging_mixin.py:188} WARNING - 11:57:04 - cmdstanpy - INFO - Chain [1] done processing
[2025-07-31T11:57:04.027+0000] {model.py:2115} INFO - Chain [1] done processing
[2025-07-31T11:57:04.031+0000] {logging_mixin.py:188} INFO - Erreur pour {'changepoint_prior_scale': 0.1, 'seasonality_prior_scale': 1.0, 'seasonality_mode': 'additive'}: Less data than horizon.
[2025-07-31T11:57:04.031+0000] {logging_mixin.py:188} INFO - Test 14/18: {'changepoint_prior_scale': 0.1, 'seasonality_prior_scale': 1.0, 'seasonality_mode': 'multiplicative'}
[2025-07-31T11:57:04.049+0000] {filesystem.py:118} DEBUG - input tempfile: /tmp/tmpo_flch3v/2o8ic62b.json
[2025-07-31T11:57:04.065+0000] {filesystem.py:118} DEBUG - input tempfile: /tmp/tmpo_flch3v/9y9g8wfe.json
[2025-07-31T11:57:04.066+0000] {model.py:2042} DEBUG - idx 0
[2025-07-31T11:57:04.067+0000] {model.py:2043} DEBUG - running CmdStan, num_threads: None
[2025-07-31T11:57:04.067+0000] {model.py:2055} DEBUG - CmdStan args: ['/home/airflow/.local/lib/python3.11/site-packages/prophet/stan_model/prophet_model.bin', 'random', 'seed=5317', 'data', 'file=/tmp/tmpo_flch3v/2o8ic62b.json', 'init=/tmp/tmpo_flch3v/9y9g8wfe.json', 'output', 'file=/tmp/tmpo_flch3v/prophet_modelzdswk9im/prophet_model-20250731115704.csv', 'method=optimize', 'algorithm=lbfgs', 'iter=10000']
[2025-07-31T11:57:04.068+0000] {logging_mixin.py:188} WARNING - 11:57:04 - cmdstanpy - INFO - Chain [1] start processing
[2025-07-31T11:57:04.068+0000] {model.py:2058} INFO - Chain [1] start processing
[2025-07-31T11:57:04.097+0000] {logging_mixin.py:188} WARNING - 11:57:04 - cmdstanpy - INFO - Chain [1] done processing
[2025-07-31T11:57:04.097+0000] {model.py:2115} INFO - Chain [1] done processing
[2025-07-31T11:57:04.100+0000] {logging_mixin.py:188} INFO - Erreur pour {'changepoint_prior_scale': 0.1, 'seasonality_prior_scale': 1.0, 'seasonality_mode': 'multiplicative'}: Less data than horizon.
[2025-07-31T11:57:04.101+0000] {logging_mixin.py:188} INFO - Test 15/18: {'changepoint_prior_scale': 0.1, 'seasonality_prior_scale': 5.0, 'seasonality_mode': 'additive'}
[2025-07-31T11:57:04.120+0000] {filesystem.py:118} DEBUG - input tempfile: /tmp/tmpo_flch3v/vnt4ncrm.json
[2025-07-31T11:57:04.136+0000] {filesystem.py:118} DEBUG - input tempfile: /tmp/tmpo_flch3v/2qr5rrnr.json
[2025-07-31T11:57:04.137+0000] {model.py:2042} DEBUG - idx 0
[2025-07-31T11:57:04.138+0000] {model.py:2043} DEBUG - running CmdStan, num_threads: None
[2025-07-31T11:57:04.139+0000] {model.py:2055} DEBUG - CmdStan args: ['/home/airflow/.local/lib/python3.11/site-packages/prophet/stan_model/prophet_model.bin', 'random', 'seed=79086', 'data', 'file=/tmp/tmpo_flch3v/vnt4ncrm.json', 'init=/tmp/tmpo_flch3v/2qr5rrnr.json', 'output', 'file=/tmp/tmpo_flch3v/prophet_modelq0ndnkt2/prophet_model-20250731115704.csv', 'method=optimize', 'algorithm=lbfgs', 'iter=10000']
[2025-07-31T11:57:04.140+0000] {logging_mixin.py:188} WARNING - 11:57:04 - cmdstanpy - INFO - Chain [1] start processing
[2025-07-31T11:57:04.139+0000] {model.py:2058} INFO - Chain [1] start processing
[2025-07-31T11:57:04.162+0000] {logging_mixin.py:188} WARNING - 11:57:04 - cmdstanpy - INFO - Chain [1] done processing
[2025-07-31T11:57:04.162+0000] {model.py:2115} INFO - Chain [1] done processing
[2025-07-31T11:57:04.166+0000] {logging_mixin.py:188} INFO - Erreur pour {'changepoint_prior_scale': 0.1, 'seasonality_prior_scale': 5.0, 'seasonality_mode': 'additive'}: Less data than horizon.
[2025-07-31T11:57:04.167+0000] {logging_mixin.py:188} INFO - Test 16/18: {'changepoint_prior_scale': 0.1, 'seasonality_prior_scale': 5.0, 'seasonality_mode': 'multiplicative'}
[2025-07-31T11:57:04.200+0000] {filesystem.py:118} DEBUG - input tempfile: /tmp/tmpo_flch3v/mdg6rhfu.json
[2025-07-31T11:57:04.218+0000] {filesystem.py:118} DEBUG - input tempfile: /tmp/tmpo_flch3v/mcikhng6.json
[2025-07-31T11:57:04.220+0000] {model.py:2042} DEBUG - idx 0
[2025-07-31T11:57:04.220+0000] {model.py:2043} DEBUG - running CmdStan, num_threads: None
[2025-07-31T11:57:04.221+0000] {model.py:2055} DEBUG - CmdStan args: ['/home/airflow/.local/lib/python3.11/site-packages/prophet/stan_model/prophet_model.bin', 'random', 'seed=86515', 'data', 'file=/tmp/tmpo_flch3v/mdg6rhfu.json', 'init=/tmp/tmpo_flch3v/mcikhng6.json', 'output', 'file=/tmp/tmpo_flch3v/prophet_modeljz7bouxu/prophet_model-20250731115704.csv', 'method=optimize', 'algorithm=lbfgs', 'iter=10000']
[2025-07-31T11:57:04.222+0000] {logging_mixin.py:188} WARNING - 11:57:04 - cmdstanpy - INFO - Chain [1] start processing
[2025-07-31T11:57:04.221+0000] {model.py:2058} INFO - Chain [1] start processing
[2025-07-31T11:57:04.251+0000] {logging_mixin.py:188} WARNING - 11:57:04 - cmdstanpy - INFO - Chain [1] done processing
[2025-07-31T11:57:04.251+0000] {model.py:2115} INFO - Chain [1] done processing
[2025-07-31T11:57:04.255+0000] {logging_mixin.py:188} INFO - Erreur pour {'changepoint_prior_scale': 0.1, 'seasonality_prior_scale': 5.0, 'seasonality_mode': 'multiplicative'}: Less data than horizon.
[2025-07-31T11:57:04.257+0000] {logging_mixin.py:188} INFO - Test 17/18: {'changepoint_prior_scale': 0.1, 'seasonality_prior_scale': 10.0, 'seasonality_mode': 'additive'}
[2025-07-31T11:57:04.282+0000] {filesystem.py:118} DEBUG - input tempfile: /tmp/tmpo_flch3v/bo106fxn.json
[2025-07-31T11:57:04.301+0000] {filesystem.py:118} DEBUG - input tempfile: /tmp/tmpo_flch3v/egyo2x7m.json
[2025-07-31T11:57:04.303+0000] {model.py:2042} DEBUG - idx 0
[2025-07-31T11:57:04.304+0000] {model.py:2043} DEBUG - running CmdStan, num_threads: None
[2025-07-31T11:57:04.305+0000] {model.py:2055} DEBUG - CmdStan args: ['/home/airflow/.local/lib/python3.11/site-packages/prophet/stan_model/prophet_model.bin', 'random', 'seed=65719', 'data', 'file=/tmp/tmpo_flch3v/bo106fxn.json', 'init=/tmp/tmpo_flch3v/egyo2x7m.json', 'output', 'file=/tmp/tmpo_flch3v/prophet_modelnur28wqc/prophet_model-20250731115704.csv', 'method=optimize', 'algorithm=lbfgs', 'iter=10000']
[2025-07-31T11:57:04.306+0000] {logging_mixin.py:188} WARNING - 11:57:04 - cmdstanpy - INFO - Chain [1] start processing
[2025-07-31T11:57:04.306+0000] {model.py:2058} INFO - Chain [1] start processing
[2025-07-31T11:57:04.332+0000] {logging_mixin.py:188} WARNING - 11:57:04 - cmdstanpy - INFO - Chain [1] done processing
[2025-07-31T11:57:04.332+0000] {model.py:2115} INFO - Chain [1] done processing
[2025-07-31T11:57:04.337+0000] {logging_mixin.py:188} INFO - Erreur pour {'changepoint_prior_scale': 0.1, 'seasonality_prior_scale': 10.0, 'seasonality_mode': 'additive'}: Less data than horizon.
[2025-07-31T11:57:04.338+0000] {logging_mixin.py:188} INFO - Test 18/18: {'changepoint_prior_scale': 0.1, 'seasonality_prior_scale': 10.0, 'seasonality_mode': 'multiplicative'}
[2025-07-31T11:57:04.368+0000] {filesystem.py:118} DEBUG - input tempfile: /tmp/tmpo_flch3v/ynhgm8rg.json
[2025-07-31T11:57:04.399+0000] {filesystem.py:118} DEBUG - input tempfile: /tmp/tmpo_flch3v/fvj2cmqr.json
[2025-07-31T11:57:04.402+0000] {model.py:2042} DEBUG - idx 0
[2025-07-31T11:57:04.403+0000] {model.py:2043} DEBUG - running CmdStan, num_threads: None
[2025-07-31T11:57:04.404+0000] {model.py:2055} DEBUG - CmdStan args: ['/home/airflow/.local/lib/python3.11/site-packages/prophet/stan_model/prophet_model.bin', 'random', 'seed=24552', 'data', 'file=/tmp/tmpo_flch3v/ynhgm8rg.json', 'init=/tmp/tmpo_flch3v/fvj2cmqr.json', 'output', 'file=/tmp/tmpo_flch3v/prophet_model9qmbt0o0/prophet_model-20250731115704.csv', 'method=optimize', 'algorithm=lbfgs', 'iter=10000']
[2025-07-31T11:57:04.405+0000] {logging_mixin.py:188} WARNING - 11:57:04 - cmdstanpy - INFO - Chain [1] start processing
[2025-07-31T11:57:04.405+0000] {model.py:2058} INFO - Chain [1] start processing
[2025-07-31T11:57:04.449+0000] {logging_mixin.py:188} WARNING - 11:57:04 - cmdstanpy - INFO - Chain [1] done processing
[2025-07-31T11:57:04.449+0000] {model.py:2115} INFO - Chain [1] done processing
[2025-07-31T11:57:04.455+0000] {logging_mixin.py:188} INFO - Erreur pour {'changepoint_prior_scale': 0.1, 'seasonality_prior_scale': 10.0, 'seasonality_mode': 'multiplicative'}: Less data than horizon.
[2025-07-31T11:57:04.456+0000] {taskinstance.py:441} INFO - ::group::Post task execution logs
[2025-07-31T11:57:04.458+0000] {taskinstance.py:2905} ERROR - Task failed with exception
Traceback (most recent call last):
  File "/home/airflow/.local/lib/python3.11/site-packages/airflow/models/taskinstance.py", line 465, in _execute_task
    result = _execute_callable(context=context, **execute_callable_kwargs)
             ^^^^^^^^^^^^^^^^^^^^^^^^^^^^^^^^^^^^^^^^^^^^^^^^^^^^^^^^^^^^^
  File "/home/airflow/.local/lib/python3.11/site-packages/airflow/models/taskinstance.py", line 432, in _execute_callable
    return execute_callable(context=context, **execute_callable_kwargs)
           ^^^^^^^^^^^^^^^^^^^^^^^^^^^^^^^^^^^^^^^^^^^^^^^^^^^^^^^^^^^^
  File "/home/airflow/.local/lib/python3.11/site-packages/airflow/models/baseoperator.py", line 401, in wrapper
    return func(self, *args, **kwargs)
           ^^^^^^^^^^^^^^^^^^^^^^^^^^^
  File "/home/airflow/.local/lib/python3.11/site-packages/airflow/operators/python.py", line 235, in execute
    return_value = self.execute_callable()
                   ^^^^^^^^^^^^^^^^^^^^^^^
  File "/home/airflow/.local/lib/python3.11/site-packages/airflow/operators/python.py", line 252, in execute_callable
    return self.python_callable(*self.op_args, **self.op_kwargs)
           ^^^^^^^^^^^^^^^^^^^^^^^^^^^^^^^^^^^^^^^^^^^^^^^^^^^^^
  File "/opt/airflow/dags/scripts/train_prophet.py", line 92, in train_prophet
    best_model_temp, scores_temp = optimize_prophet_model(temp_df)
                                   ^^^^^^^^^^^^^^^^^^^^^^^^^^^^^^^
  File "/opt/airflow/dags/scripts/train_prophet.py", line 44, in optimize_prophet_model
    best = min(results, key=lambda x: x[1])
           ^^^^^^^^^^^^^^^^^^^^^^^^^^^^^^^^
ValueError: min() arg is an empty sequence
[2025-07-31T11:57:04.516+0000] {taskinstance.py:1206} INFO - Marking task as FAILED. dag_id=solar_ai_pipeline_2, task_id=train_prophet, run_id=scheduled__2023-07-04T00:00:00+00:00, execution_date=20230704T000000, start_date=20250731T115700, end_date=20250731T115704
[2025-07-31T11:57:04.641+0000] {standard_task_runner.py:110} ERROR - Failed to execute job 2918 for task train_prophet (min() arg is an empty sequence; 4000)
[2025-07-31T11:57:04.695+0000] {local_task_job_runner.py:240} INFO - Task exited with return code 1
[2025-07-31T11:57:04.786+0000] {taskinstance.py:3503} INFO - 0 downstream tasks scheduled from follow-on schedule check
[2025-07-31T11:57:04.877+0000] {local_task_job_runner.py:222} INFO - ::endgroup::
