[2025-07-31T15:52:28.725+0000] {local_task_job_runner.py:120} INFO - ::group::Pre task execution logs
[2025-07-31T15:52:28.888+0000] {taskinstance.py:2076} INFO - Dependencies all met for dep_context=non-requeueable deps ti=<TaskInstance: solar_ai_pipeline_2.train_rl backfill__2024-01-05T00:00:00+00:00 [queued]>
[2025-07-31T15:52:28.944+0000] {taskinstance.py:2076} INFO - Dependencies all met for dep_context=requeueable deps ti=<TaskInstance: solar_ai_pipeline_2.train_rl backfill__2024-01-05T00:00:00+00:00 [queued]>
[2025-07-31T15:52:28.945+0000] {taskinstance.py:2306} INFO - Starting attempt 2 of 2
[2025-07-31T15:52:29.026+0000] {taskinstance.py:2330} INFO - Executing <Task(PythonOperator): train_rl> on 2024-01-05 00:00:00+00:00
[2025-07-31T15:52:29.038+0000] {standard_task_runner.py:63} INFO - Started process 88668 to run task
[2025-07-31T15:52:29.044+0000] {standard_task_runner.py:90} INFO - Running: ['airflow', 'tasks', 'run', 'solar_ai_pipeline_2', 'train_rl', 'backfill__2024-01-05T00:00:00+00:00', '--job-id', '3402', '--pool', 'default_pool', '--raw', '--subdir', 'DAGS_FOLDER/prophet_pipeline.py', '--cfg-path', '/tmp/tmp_9wgza2a']
[2025-07-31T15:52:29.049+0000] {standard_task_runner.py:91} INFO - Job 3402: Subtask train_rl
[2025-07-31T15:52:29.403+0000] {task_command.py:426} INFO - Running <TaskInstance: solar_ai_pipeline_2.train_rl backfill__2024-01-05T00:00:00+00:00 [running]> on host a2a0dd314bdc
[2025-07-31T15:52:30.155+0000] {taskinstance.py:2648} INFO - Exporting env vars: AIRFLOW_CTX_DAG_OWNER='ensam' AIRFLOW_CTX_DAG_ID='solar_ai_pipeline_2' AIRFLOW_CTX_TASK_ID='train_rl' AIRFLOW_CTX_EXECUTION_DATE='2024-01-05T00:00:00+00:00' AIRFLOW_CTX_TRY_NUMBER='2' AIRFLOW_CTX_DAG_RUN_ID='backfill__2024-01-05T00:00:00+00:00'
[2025-07-31T15:52:30.157+0000] {taskinstance.py:430} INFO - ::endgroup::
[2025-07-31T15:52:32.260+0000] {logging_mixin.py:188} INFO - [INFO] Starting Q-learning process...
[2025-07-31T15:52:32.545+0000] {logging_mixin.py:188} INFO - [INFO] Loading data files...
[2025-07-31T15:52:35.406+0000] {logging_mixin.py:188} INFO - [INFO] Merged dataset contains 96 rows
[2025-07-31T15:52:35.438+0000] {logging_mixin.py:188} INFO - [INFO] Loaded existing Q-table
[2025-07-31T15:52:35.499+0000] {logging_mixin.py:188} INFO - [INFO] Starting Q-learning training...
[2025-07-31T15:52:35.595+0000] {logging_mixin.py:188} INFO - [DEBUG] Reward counters snapshot: {'low_temp_low_solar': 22, 'high_temp_high_solar': 0, 'high_flow_low_temp': 0, 'other': 12}
[2025-07-31T15:52:35.597+0000] {logging_mixin.py:188} INFO - [DEBUG] Epoch 0: Total reward = -47.30, Epsilon = 0.9950
[2025-07-31T15:52:38.118+0000] {logging_mixin.py:188} INFO - [DEBUG] Epoch 50: Total reward = -0.30, Epsilon = 0.7744
[2025-07-31T15:52:41.235+0000] {logging_mixin.py:188} INFO - [DEBUG] Epoch 100: Total reward = 1.20, Epsilon = 0.6027
[2025-07-31T15:52:43.591+0000] {logging_mixin.py:188} INFO - [DEBUG] Epoch 150: Total reward = 41.30, Epsilon = 0.4691
[2025-07-31T15:52:45.731+0000] {logging_mixin.py:188} INFO - [DEBUG] Reward counters snapshot: {'low_temp_low_solar': 4422, 'high_temp_high_solar': 0, 'high_flow_low_temp': 0, 'other': 2412}
[2025-07-31T15:52:45.732+0000] {logging_mixin.py:188} INFO - [DEBUG] Epoch 200: Total reward = 25.00, Epsilon = 0.3651
[2025-07-31T15:52:47.477+0000] {logging_mixin.py:188} INFO - [DEBUG] Epoch 250: Total reward = 29.50, Epsilon = 0.2842
[2025-07-31T15:52:49.398+0000] {logging_mixin.py:188} INFO - [DEBUG] Epoch 300: Total reward = 36.20, Epsilon = 0.2212
[2025-07-31T15:52:51.247+0000] {logging_mixin.py:188} INFO - [DEBUG] Epoch 350: Total reward = 43.10, Epsilon = 0.1721
[2025-07-31T15:52:52.888+0000] {logging_mixin.py:188} INFO - [DEBUG] Reward counters snapshot: {'low_temp_low_solar': 8822, 'high_temp_high_solar': 0, 'high_flow_low_temp': 0, 'other': 4812}
[2025-07-31T15:52:52.889+0000] {logging_mixin.py:188} INFO - [DEBUG] Epoch 400: Total reward = 54.20, Epsilon = 0.1340
[2025-07-31T15:52:54.586+0000] {logging_mixin.py:188} INFO - [DEBUG] Epoch 450: Total reward = 65.20, Epsilon = 0.1043
[2025-07-31T15:52:56.103+0000] {logging_mixin.py:188} INFO - [DEBUG] Epoch 500: Total reward = 56.50, Epsilon = 0.1000
[2025-07-31T15:52:57.843+0000] {logging_mixin.py:188} INFO - [DEBUG] Epoch 550: Total reward = 68.50, Epsilon = 0.1000
[2025-07-31T15:52:59.391+0000] {logging_mixin.py:188} INFO - [DEBUG] Reward counters snapshot: {'low_temp_low_solar': 13222, 'high_temp_high_solar': 0, 'high_flow_low_temp': 0, 'other': 7212}
[2025-07-31T15:52:59.392+0000] {logging_mixin.py:188} INFO - [DEBUG] Epoch 600: Total reward = 63.20, Epsilon = 0.1000
[2025-07-31T15:53:00.899+0000] {logging_mixin.py:188} INFO - [DEBUG] Epoch 650: Total reward = 68.00, Epsilon = 0.1000
[2025-07-31T15:53:02.338+0000] {logging_mixin.py:188} INFO - [DEBUG] Epoch 700: Total reward = 56.20, Epsilon = 0.1000
[2025-07-31T15:53:03.796+0000] {logging_mixin.py:188} INFO - [DEBUG] Epoch 750: Total reward = 53.70, Epsilon = 0.1000
[2025-07-31T15:53:05.517+0000] {logging_mixin.py:188} INFO - [DEBUG] Reward counters snapshot: {'low_temp_low_solar': 17622, 'high_temp_high_solar': 0, 'high_flow_low_temp': 0, 'other': 9612}
[2025-07-31T15:53:05.519+0000] {logging_mixin.py:188} INFO - [DEBUG] Epoch 800: Total reward = 67.70, Epsilon = 0.1000
[2025-07-31T15:53:07.656+0000] {logging_mixin.py:188} INFO - [DEBUG] Epoch 850: Total reward = 66.20, Epsilon = 0.1000
[2025-07-31T15:53:09.804+0000] {logging_mixin.py:188} INFO - [DEBUG] Epoch 900: Total reward = 62.50, Epsilon = 0.1000
[2025-07-31T15:53:11.712+0000] {logging_mixin.py:188} INFO - [DEBUG] Epoch 950: Total reward = 56.50, Epsilon = 0.1000
[2025-07-31T15:53:13.347+0000] {logging_mixin.py:188} INFO - 
[DEBUG] Reward rule trigger counts during training:
[2025-07-31T15:53:13.348+0000] {logging_mixin.py:188} INFO -  - low_temp_low_solar: 22000 times
[2025-07-31T15:53:13.349+0000] {logging_mixin.py:188} INFO -  - high_temp_high_solar: 0 times
[2025-07-31T15:53:13.351+0000] {logging_mixin.py:188} INFO -  - high_flow_low_temp: 0 times
[2025-07-31T15:53:13.352+0000] {logging_mixin.py:188} INFO -  - other: 12000 times
[2025-07-31T15:53:13.363+0000] {logging_mixin.py:188} INFO - [INFO] Global Q-table saved (continuous learning)
[2025-07-31T15:53:13.364+0000] {logging_mixin.py:188} INFO - [INFO] Starting policy evaluation on last available day...
[2025-07-31T15:53:13.384+0000] {logging_mixin.py:188} INFO - 
[RESULT] Policy Evaluation on Last Day
[2025-07-31T15:53:13.395+0000] {logging_mixin.py:188} INFO -            datetime  yhat_temp  solar_irradiance  yhat_flow  action  reward
2024-01-03 23:00:00   0.063399          0.000000   0.438025       0     1.0
2024-01-04 00:00:00   0.063371          0.000000   0.345701       0     1.0
2024-01-04 01:00:00   0.089691          0.000000   0.224275       0     1.0
2024-01-04 02:00:00   0.129481          0.000000   0.091832       0     1.0
2024-01-04 03:00:00   0.150397          0.000000  -0.002936       0     1.0
2024-01-04 04:00:00   0.137496          0.000000  -0.017219       0     1.0
2024-01-04 05:00:00   0.119248          0.000000   0.045879       0     1.0
2024-01-04 06:00:00   0.156014          0.002421   0.133097       0     1.0
2024-01-04 07:00:00   0.297971          0.091488   0.180955       0     1.0
2024-01-04 08:00:00   0.546554          0.316205   0.166915       0     1.0
2024-01-04 09:00:00   0.849462          0.506916   0.126697       0     1.0
2024-01-04 10:00:00   1.129648          0.705938   0.122443       0     1.0
2024-01-04 11:00:00   1.322100          0.544463   0.190474       0     1.0
2024-01-04 12:00:00   1.392150          1.000000   0.314476       0     1.0
2024-01-04 13:00:00   1.331776          0.802636   0.444739       0     1.0
2024-01-04 14:00:00   1.150785          0.495930   0.541550       0     0.1
2024-01-04 15:00:00   0.877684          0.198424   0.601496       0     0.1
2024-01-04 16:00:00   0.565613          0.008401   0.645882       0     0.1
2024-01-04 17:00:00   0.285624          0.000000   0.688583       1     0.5
2024-01-04 18:00:00   0.099291          0.000000   0.718344       1     0.5
2024-01-04 19:00:00   0.026328          0.000000   0.712070       1     0.5
2024-01-04 20:00:00   0.034893          0.000000   0.661868       1     0.5
2024-01-04 21:00:00   0.066976          0.000000   0.584955       1     0.5
2024-01-04 22:00:00   0.080757          0.000000   0.505372       0     1.0
[2025-07-31T15:53:13.401+0000] {logging_mixin.py:188} INFO - 
[RESULT] Q-learning Q-table (Top non-zero rows):
[2025-07-31T15:53:13.409+0000] {logging_mixin.py:188} INFO -  state  Q_action_0  Q_action_1 best_action
     0    9.049358    6.031848  Q_action_0
     1    0.007320    0.005987  Q_action_0
     2    0.001560    0.001560  Q_action_0
     3    0.000581    0.008662  Q_action_1
     4    0.006011    0.007081  Q_action_1
     5    8.622136    5.611296  Q_action_0
     6    0.008324    0.002123  Q_action_0
     7    0.001818    0.001834  Q_action_1
     8    0.003042    0.005248  Q_action_1
     9    0.004319    0.002912  Q_action_0
    10    8.775082    5.756246  Q_action_0
    11    0.002921    0.003664  Q_action_1
    12    0.004561    0.007852  Q_action_1
    13    0.001997    0.005142  Q_action_1
    14    0.005924    0.000465  Q_action_0
    15    8.431676    6.590064  Q_action_0
    16    0.000651    0.009489  Q_action_1
    17    0.009656    0.008084  Q_action_0
    18    0.003046    0.000977  Q_action_0
    19    0.006842    0.004402  Q_action_0
[2025-07-31T15:53:13.411+0000] {logging_mixin.py:188} INFO - 
[DEBUG] Total states explored: 125 / 125
[2025-07-31T15:53:13.412+0000] {logging_mixin.py:188} INFO - [DEBUG] Best action counts:
[2025-07-31T15:53:13.414+0000] {logging_mixin.py:188} INFO - best_action
Q_action_0    79
Q_action_1    46
Name: count, dtype: int64
[2025-07-31T15:53:13.434+0000] {logging_mixin.py:188} INFO - [INFO] Q-table exported to /opt/airflow/dags/models/q_table_readable_2024-01-05.csv
[2025-07-31T15:53:13.435+0000] {logging_mixin.py:188} INFO - [DEBUG] Q-table stats:
[2025-07-31T15:53:13.437+0000] {logging_mixin.py:188} INFO - Mean Q-value for action 0: 1.2793
[2025-07-31T15:53:13.438+0000] {logging_mixin.py:188} INFO - Mean Q-value for action 1: 0.8559
[2025-07-31T15:53:13.465+0000] {logging_mixin.py:188} INFO - [DEBUG] Unique states in data: 22 / 125
[2025-07-31T15:53:13.496+0000] {logging_mixin.py:188} INFO - [DEBUG] Top 5 most frequent states: [(20, 20), (0, 16), (5, 8), (15, 7), (10, 5)]
[2025-07-31T15:53:13.523+0000] {logging_mixin.py:188} INFO -        yhat_temp  solar_irradiance  yhat_flow
count  96.000000         96.000000  96.000000
mean    0.455986          0.219481   0.355288
std     0.479888          0.340975   0.246992
min     0.018261          0.000000  -0.025552
25%     0.084746          0.000000   0.131605
50%     0.154858          0.000000   0.332504
75%     0.860640          0.427389   0.595319
max     1.396721          1.000000   0.732085
[2025-07-31T15:53:14.245+0000] {python.py:237} INFO - Done. Returned value was: None
[2025-07-31T15:53:14.246+0000] {taskinstance.py:441} INFO - ::group::Post task execution logs
[2025-07-31T15:53:14.278+0000] {taskinstance.py:1206} INFO - Marking task as SUCCESS. dag_id=solar_ai_pipeline_2, task_id=train_rl, run_id=backfill__2024-01-05T00:00:00+00:00, execution_date=20240105T000000, start_date=20250731T155228, end_date=20250731T155314
[2025-07-31T15:53:14.438+0000] {local_task_job_runner.py:240} INFO - Task exited with return code 0
[2025-07-31T15:53:14.531+0000] {taskinstance.py:3503} INFO - 1 downstream tasks scheduled from follow-on schedule check
[2025-07-31T15:53:14.598+0000] {local_task_job_runner.py:222} INFO - ::endgroup::
