[2025-07-31T11:47:30.924+0000] {local_task_job_runner.py:120} INFO - ::group::Pre task execution logs
[2025-07-31T11:47:31.040+0000] {taskinstance.py:2076} INFO - Dependencies all met for dep_context=non-requeueable deps ti=<TaskInstance: solar_ai_pipeline_2.train_prophet scheduled__2023-07-06T00:00:00+00:00 [queued]>
[2025-07-31T11:47:31.084+0000] {taskinstance.py:2076} INFO - Dependencies all met for dep_context=requeueable deps ti=<TaskInstance: solar_ai_pipeline_2.train_prophet scheduled__2023-07-06T00:00:00+00:00 [queued]>
[2025-07-31T11:47:31.089+0000] {taskinstance.py:2306} INFO - Starting attempt 3 of 4
[2025-07-31T11:47:31.475+0000] {taskinstance.py:2330} INFO - Executing <Task(PythonOperator): train_prophet> on 2023-07-06 00:00:00+00:00
[2025-07-31T11:47:31.487+0000] {standard_task_runner.py:63} INFO - Started process 3305 to run task
[2025-07-31T11:47:31.497+0000] {standard_task_runner.py:90} INFO - Running: ['airflow', 'tasks', 'run', 'solar_ai_pipeline_2', 'train_prophet', 'scheduled__2023-07-06T00:00:00+00:00', '--job-id', '2892', '--raw', '--subdir', 'DAGS_FOLDER/prophet_pipeline.py', '--cfg-path', '/tmp/tmp73ldg_zp']
[2025-07-31T11:47:31.502+0000] {standard_task_runner.py:91} INFO - Job 2892: Subtask train_prophet
[2025-07-31T11:47:31.776+0000] {task_command.py:426} INFO - Running <TaskInstance: solar_ai_pipeline_2.train_prophet scheduled__2023-07-06T00:00:00+00:00 [running]> on host a2a0dd314bdc
[2025-07-31T11:47:32.077+0000] {taskinstance.py:2648} INFO - Exporting env vars: AIRFLOW_CTX_DAG_OWNER='ensam' AIRFLOW_CTX_DAG_ID='solar_ai_pipeline_2' AIRFLOW_CTX_TASK_ID='train_prophet' AIRFLOW_CTX_EXECUTION_DATE='2023-07-06T00:00:00+00:00' AIRFLOW_CTX_TRY_NUMBER='3' AIRFLOW_CTX_DAG_RUN_ID='scheduled__2023-07-06T00:00:00+00:00'
[2025-07-31T11:47:32.079+0000] {taskinstance.py:430} INFO - ::endgroup::
[2025-07-31T11:47:33.088+0000] {plot.py:39} ERROR - Importing plotly failed. Interactive plots will not work.
[2025-07-31T11:47:33.097+0000] {logging_mixin.py:188} INFO - Training from 2023-01-01 to 2023-01-07
[2025-07-31T11:47:33.330+0000] {logging_mixin.py:188} INFO - Test 1/18: {'changepoint_prior_scale': 0.01, 'seasonality_prior_scale': 1.0, 'seasonality_mode': 'additive'}
[2025-07-31T11:47:33.424+0000] {filesystem.py:118} DEBUG - input tempfile: /tmp/tmpw9b3di6f/ubv6w_c1.json
[2025-07-31T11:47:33.451+0000] {filesystem.py:118} DEBUG - input tempfile: /tmp/tmpw9b3di6f/n_qxgvw1.json
[2025-07-31T11:47:33.456+0000] {model.py:2042} DEBUG - idx 0
[2025-07-31T11:47:33.457+0000] {model.py:2043} DEBUG - running CmdStan, num_threads: None
[2025-07-31T11:47:33.458+0000] {model.py:2055} DEBUG - CmdStan args: ['/home/airflow/.local/lib/python3.11/site-packages/prophet/stan_model/prophet_model.bin', 'random', 'seed=60138', 'data', 'file=/tmp/tmpw9b3di6f/ubv6w_c1.json', 'init=/tmp/tmpw9b3di6f/n_qxgvw1.json', 'output', 'file=/tmp/tmpw9b3di6f/prophet_modelb037wvo0/prophet_model-20250731114733.csv', 'method=optimize', 'algorithm=lbfgs', 'iter=10000']
[2025-07-31T11:47:33.459+0000] {logging_mixin.py:188} WARNING - 11:47:33 - cmdstanpy - INFO - Chain [1] start processing
[2025-07-31T11:47:33.458+0000] {model.py:2058} INFO - Chain [1] start processing
[2025-07-31T11:47:33.491+0000] {logging_mixin.py:188} WARNING - 11:47:33 - cmdstanpy - INFO - Chain [1] done processing
[2025-07-31T11:47:33.491+0000] {model.py:2115} INFO - Chain [1] done processing
[2025-07-31T11:47:33.496+0000] {logging_mixin.py:188} INFO - Erreur pour {'changepoint_prior_scale': 0.01, 'seasonality_prior_scale': 1.0, 'seasonality_mode': 'additive'}: Less data than horizon.
[2025-07-31T11:47:33.497+0000] {logging_mixin.py:188} INFO - Test 2/18: {'changepoint_prior_scale': 0.01, 'seasonality_prior_scale': 1.0, 'seasonality_mode': 'multiplicative'}
[2025-07-31T11:47:33.523+0000] {filesystem.py:118} DEBUG - input tempfile: /tmp/tmpw9b3di6f/x0s0qxy_.json
[2025-07-31T11:47:33.551+0000] {filesystem.py:118} DEBUG - input tempfile: /tmp/tmpw9b3di6f/8xf86agn.json
[2025-07-31T11:47:33.553+0000] {model.py:2042} DEBUG - idx 0
[2025-07-31T11:47:33.554+0000] {model.py:2043} DEBUG - running CmdStan, num_threads: None
[2025-07-31T11:47:33.555+0000] {model.py:2055} DEBUG - CmdStan args: ['/home/airflow/.local/lib/python3.11/site-packages/prophet/stan_model/prophet_model.bin', 'random', 'seed=9794', 'data', 'file=/tmp/tmpw9b3di6f/x0s0qxy_.json', 'init=/tmp/tmpw9b3di6f/8xf86agn.json', 'output', 'file=/tmp/tmpw9b3di6f/prophet_modelj4pb50ew/prophet_model-20250731114733.csv', 'method=optimize', 'algorithm=lbfgs', 'iter=10000']
[2025-07-31T11:47:33.555+0000] {logging_mixin.py:188} WARNING - 11:47:33 - cmdstanpy - INFO - Chain [1] start processing
[2025-07-31T11:47:33.555+0000] {model.py:2058} INFO - Chain [1] start processing
[2025-07-31T11:47:33.599+0000] {logging_mixin.py:188} WARNING - 11:47:33 - cmdstanpy - INFO - Chain [1] done processing
[2025-07-31T11:47:33.598+0000] {model.py:2115} INFO - Chain [1] done processing
[2025-07-31T11:47:33.605+0000] {logging_mixin.py:188} INFO - Erreur pour {'changepoint_prior_scale': 0.01, 'seasonality_prior_scale': 1.0, 'seasonality_mode': 'multiplicative'}: Less data than horizon.
[2025-07-31T11:47:33.606+0000] {logging_mixin.py:188} INFO - Test 3/18: {'changepoint_prior_scale': 0.01, 'seasonality_prior_scale': 5.0, 'seasonality_mode': 'additive'}
[2025-07-31T11:47:33.639+0000] {filesystem.py:118} DEBUG - input tempfile: /tmp/tmpw9b3di6f/7m300u40.json
[2025-07-31T11:47:33.674+0000] {filesystem.py:118} DEBUG - input tempfile: /tmp/tmpw9b3di6f/s00m5mr0.json
[2025-07-31T11:47:33.679+0000] {model.py:2042} DEBUG - idx 0
[2025-07-31T11:47:33.680+0000] {model.py:2043} DEBUG - running CmdStan, num_threads: None
[2025-07-31T11:47:33.681+0000] {model.py:2055} DEBUG - CmdStan args: ['/home/airflow/.local/lib/python3.11/site-packages/prophet/stan_model/prophet_model.bin', 'random', 'seed=57072', 'data', 'file=/tmp/tmpw9b3di6f/7m300u40.json', 'init=/tmp/tmpw9b3di6f/s00m5mr0.json', 'output', 'file=/tmp/tmpw9b3di6f/prophet_model8zfuholf/prophet_model-20250731114733.csv', 'method=optimize', 'algorithm=lbfgs', 'iter=10000']
[2025-07-31T11:47:33.682+0000] {logging_mixin.py:188} WARNING - 11:47:33 - cmdstanpy - INFO - Chain [1] start processing
[2025-07-31T11:47:33.682+0000] {model.py:2058} INFO - Chain [1] start processing
[2025-07-31T11:47:33.728+0000] {logging_mixin.py:188} WARNING - 11:47:33 - cmdstanpy - INFO - Chain [1] done processing
[2025-07-31T11:47:33.728+0000] {model.py:2115} INFO - Chain [1] done processing
[2025-07-31T11:47:33.733+0000] {logging_mixin.py:188} INFO - Erreur pour {'changepoint_prior_scale': 0.01, 'seasonality_prior_scale': 5.0, 'seasonality_mode': 'additive'}: Less data than horizon.
[2025-07-31T11:47:33.734+0000] {logging_mixin.py:188} INFO - Test 4/18: {'changepoint_prior_scale': 0.01, 'seasonality_prior_scale': 5.0, 'seasonality_mode': 'multiplicative'}
[2025-07-31T11:47:33.766+0000] {filesystem.py:118} DEBUG - input tempfile: /tmp/tmpw9b3di6f/2ugq31bi.json
[2025-07-31T11:47:33.796+0000] {filesystem.py:118} DEBUG - input tempfile: /tmp/tmpw9b3di6f/617e86p0.json
[2025-07-31T11:47:33.799+0000] {model.py:2042} DEBUG - idx 0
[2025-07-31T11:47:33.800+0000] {model.py:2043} DEBUG - running CmdStan, num_threads: None
[2025-07-31T11:47:33.801+0000] {model.py:2055} DEBUG - CmdStan args: ['/home/airflow/.local/lib/python3.11/site-packages/prophet/stan_model/prophet_model.bin', 'random', 'seed=70878', 'data', 'file=/tmp/tmpw9b3di6f/2ugq31bi.json', 'init=/tmp/tmpw9b3di6f/617e86p0.json', 'output', 'file=/tmp/tmpw9b3di6f/prophet_modelg20hlkt_/prophet_model-20250731114733.csv', 'method=optimize', 'algorithm=lbfgs', 'iter=10000']
[2025-07-31T11:47:33.803+0000] {logging_mixin.py:188} WARNING - 11:47:33 - cmdstanpy - INFO - Chain [1] start processing
[2025-07-31T11:47:33.802+0000] {model.py:2058} INFO - Chain [1] start processing
[2025-07-31T11:47:33.846+0000] {logging_mixin.py:188} WARNING - 11:47:33 - cmdstanpy - INFO - Chain [1] done processing
[2025-07-31T11:47:33.846+0000] {model.py:2115} INFO - Chain [1] done processing
[2025-07-31T11:47:33.850+0000] {logging_mixin.py:188} INFO - Erreur pour {'changepoint_prior_scale': 0.01, 'seasonality_prior_scale': 5.0, 'seasonality_mode': 'multiplicative'}: Less data than horizon.
[2025-07-31T11:47:33.851+0000] {logging_mixin.py:188} INFO - Test 5/18: {'changepoint_prior_scale': 0.01, 'seasonality_prior_scale': 10.0, 'seasonality_mode': 'additive'}
[2025-07-31T11:47:33.871+0000] {filesystem.py:118} DEBUG - input tempfile: /tmp/tmpw9b3di6f/7dn703tc.json
[2025-07-31T11:47:33.894+0000] {filesystem.py:118} DEBUG - input tempfile: /tmp/tmpw9b3di6f/2mv71ykg.json
[2025-07-31T11:47:33.896+0000] {model.py:2042} DEBUG - idx 0
[2025-07-31T11:47:33.897+0000] {model.py:2043} DEBUG - running CmdStan, num_threads: None
[2025-07-31T11:47:33.897+0000] {model.py:2055} DEBUG - CmdStan args: ['/home/airflow/.local/lib/python3.11/site-packages/prophet/stan_model/prophet_model.bin', 'random', 'seed=33132', 'data', 'file=/tmp/tmpw9b3di6f/7dn703tc.json', 'init=/tmp/tmpw9b3di6f/2mv71ykg.json', 'output', 'file=/tmp/tmpw9b3di6f/prophet_modeltqvup20r/prophet_model-20250731114733.csv', 'method=optimize', 'algorithm=lbfgs', 'iter=10000']
[2025-07-31T11:47:33.898+0000] {logging_mixin.py:188} WARNING - 11:47:33 - cmdstanpy - INFO - Chain [1] start processing
[2025-07-31T11:47:33.898+0000] {model.py:2058} INFO - Chain [1] start processing
[2025-07-31T11:47:33.923+0000] {logging_mixin.py:188} WARNING - 11:47:33 - cmdstanpy - INFO - Chain [1] done processing
[2025-07-31T11:47:33.923+0000] {model.py:2115} INFO - Chain [1] done processing
[2025-07-31T11:47:33.927+0000] {logging_mixin.py:188} INFO - Erreur pour {'changepoint_prior_scale': 0.01, 'seasonality_prior_scale': 10.0, 'seasonality_mode': 'additive'}: Less data than horizon.
[2025-07-31T11:47:33.927+0000] {logging_mixin.py:188} INFO - Test 6/18: {'changepoint_prior_scale': 0.01, 'seasonality_prior_scale': 10.0, 'seasonality_mode': 'multiplicative'}
[2025-07-31T11:47:33.947+0000] {filesystem.py:118} DEBUG - input tempfile: /tmp/tmpw9b3di6f/0ga1di5p.json
[2025-07-31T11:47:33.970+0000] {filesystem.py:118} DEBUG - input tempfile: /tmp/tmpw9b3di6f/qw2sgi9z.json
[2025-07-31T11:47:33.972+0000] {model.py:2042} DEBUG - idx 0
[2025-07-31T11:47:33.973+0000] {model.py:2043} DEBUG - running CmdStan, num_threads: None
[2025-07-31T11:47:33.973+0000] {model.py:2055} DEBUG - CmdStan args: ['/home/airflow/.local/lib/python3.11/site-packages/prophet/stan_model/prophet_model.bin', 'random', 'seed=3125', 'data', 'file=/tmp/tmpw9b3di6f/0ga1di5p.json', 'init=/tmp/tmpw9b3di6f/qw2sgi9z.json', 'output', 'file=/tmp/tmpw9b3di6f/prophet_modelsghdk1qe/prophet_model-20250731114733.csv', 'method=optimize', 'algorithm=lbfgs', 'iter=10000']
[2025-07-31T11:47:33.974+0000] {logging_mixin.py:188} WARNING - 11:47:33 - cmdstanpy - INFO - Chain [1] start processing
[2025-07-31T11:47:33.974+0000] {model.py:2058} INFO - Chain [1] start processing
[2025-07-31T11:47:34.009+0000] {logging_mixin.py:188} WARNING - 11:47:34 - cmdstanpy - INFO - Chain [1] done processing
[2025-07-31T11:47:34.008+0000] {model.py:2115} INFO - Chain [1] done processing
[2025-07-31T11:47:34.012+0000] {logging_mixin.py:188} INFO - Erreur pour {'changepoint_prior_scale': 0.01, 'seasonality_prior_scale': 10.0, 'seasonality_mode': 'multiplicative'}: Less data than horizon.
[2025-07-31T11:47:34.013+0000] {logging_mixin.py:188} INFO - Test 7/18: {'changepoint_prior_scale': 0.05, 'seasonality_prior_scale': 1.0, 'seasonality_mode': 'additive'}
[2025-07-31T11:47:34.032+0000] {filesystem.py:118} DEBUG - input tempfile: /tmp/tmpw9b3di6f/8cmlx_pn.json
[2025-07-31T11:47:34.054+0000] {filesystem.py:118} DEBUG - input tempfile: /tmp/tmpw9b3di6f/n85g161v.json
[2025-07-31T11:47:34.055+0000] {model.py:2042} DEBUG - idx 0
[2025-07-31T11:47:34.056+0000] {model.py:2043} DEBUG - running CmdStan, num_threads: None
[2025-07-31T11:47:34.056+0000] {model.py:2055} DEBUG - CmdStan args: ['/home/airflow/.local/lib/python3.11/site-packages/prophet/stan_model/prophet_model.bin', 'random', 'seed=76057', 'data', 'file=/tmp/tmpw9b3di6f/8cmlx_pn.json', 'init=/tmp/tmpw9b3di6f/n85g161v.json', 'output', 'file=/tmp/tmpw9b3di6f/prophet_modely2kmsy4k/prophet_model-20250731114734.csv', 'method=optimize', 'algorithm=lbfgs', 'iter=10000']
[2025-07-31T11:47:34.057+0000] {logging_mixin.py:188} WARNING - 11:47:34 - cmdstanpy - INFO - Chain [1] start processing
[2025-07-31T11:47:34.057+0000] {model.py:2058} INFO - Chain [1] start processing
[2025-07-31T11:47:34.094+0000] {logging_mixin.py:188} WARNING - 11:47:34 - cmdstanpy - INFO - Chain [1] done processing
[2025-07-31T11:47:34.093+0000] {model.py:2115} INFO - Chain [1] done processing
[2025-07-31T11:47:34.099+0000] {logging_mixin.py:188} INFO - Erreur pour {'changepoint_prior_scale': 0.05, 'seasonality_prior_scale': 1.0, 'seasonality_mode': 'additive'}: Less data than horizon.
[2025-07-31T11:47:34.100+0000] {logging_mixin.py:188} INFO - Test 8/18: {'changepoint_prior_scale': 0.05, 'seasonality_prior_scale': 1.0, 'seasonality_mode': 'multiplicative'}
[2025-07-31T11:47:34.133+0000] {filesystem.py:118} DEBUG - input tempfile: /tmp/tmpw9b3di6f/tyuj8yg5.json
[2025-07-31T11:47:34.168+0000] {filesystem.py:118} DEBUG - input tempfile: /tmp/tmpw9b3di6f/n4bszhpo.json
[2025-07-31T11:47:34.173+0000] {model.py:2042} DEBUG - idx 0
[2025-07-31T11:47:34.173+0000] {model.py:2043} DEBUG - running CmdStan, num_threads: None
[2025-07-31T11:47:34.174+0000] {model.py:2055} DEBUG - CmdStan args: ['/home/airflow/.local/lib/python3.11/site-packages/prophet/stan_model/prophet_model.bin', 'random', 'seed=68354', 'data', 'file=/tmp/tmpw9b3di6f/tyuj8yg5.json', 'init=/tmp/tmpw9b3di6f/n4bszhpo.json', 'output', 'file=/tmp/tmpw9b3di6f/prophet_modelz31ijy3w/prophet_model-20250731114734.csv', 'method=optimize', 'algorithm=lbfgs', 'iter=10000']
[2025-07-31T11:47:34.175+0000] {logging_mixin.py:188} WARNING - 11:47:34 - cmdstanpy - INFO - Chain [1] start processing
[2025-07-31T11:47:34.175+0000] {model.py:2058} INFO - Chain [1] start processing
[2025-07-31T11:47:34.205+0000] {logging_mixin.py:188} WARNING - 11:47:34 - cmdstanpy - INFO - Chain [1] done processing
[2025-07-31T11:47:34.205+0000] {model.py:2115} INFO - Chain [1] done processing
[2025-07-31T11:47:34.210+0000] {logging_mixin.py:188} INFO - Erreur pour {'changepoint_prior_scale': 0.05, 'seasonality_prior_scale': 1.0, 'seasonality_mode': 'multiplicative'}: Less data than horizon.
[2025-07-31T11:47:34.210+0000] {logging_mixin.py:188} INFO - Test 9/18: {'changepoint_prior_scale': 0.05, 'seasonality_prior_scale': 5.0, 'seasonality_mode': 'additive'}
[2025-07-31T11:47:34.241+0000] {filesystem.py:118} DEBUG - input tempfile: /tmp/tmpw9b3di6f/ymteqlp7.json
[2025-07-31T11:47:34.281+0000] {filesystem.py:118} DEBUG - input tempfile: /tmp/tmpw9b3di6f/8fnu_lxa.json
[2025-07-31T11:47:34.283+0000] {model.py:2042} DEBUG - idx 0
[2025-07-31T11:47:34.284+0000] {model.py:2043} DEBUG - running CmdStan, num_threads: None
[2025-07-31T11:47:34.285+0000] {model.py:2055} DEBUG - CmdStan args: ['/home/airflow/.local/lib/python3.11/site-packages/prophet/stan_model/prophet_model.bin', 'random', 'seed=61090', 'data', 'file=/tmp/tmpw9b3di6f/ymteqlp7.json', 'init=/tmp/tmpw9b3di6f/8fnu_lxa.json', 'output', 'file=/tmp/tmpw9b3di6f/prophet_modelv8b9via_/prophet_model-20250731114734.csv', 'method=optimize', 'algorithm=lbfgs', 'iter=10000']
[2025-07-31T11:47:34.286+0000] {logging_mixin.py:188} WARNING - 11:47:34 - cmdstanpy - INFO - Chain [1] start processing
[2025-07-31T11:47:34.285+0000] {model.py:2058} INFO - Chain [1] start processing
[2025-07-31T11:47:34.316+0000] {logging_mixin.py:188} WARNING - 11:47:34 - cmdstanpy - INFO - Chain [1] done processing
[2025-07-31T11:47:34.316+0000] {model.py:2115} INFO - Chain [1] done processing
[2025-07-31T11:47:34.320+0000] {logging_mixin.py:188} INFO - Erreur pour {'changepoint_prior_scale': 0.05, 'seasonality_prior_scale': 5.0, 'seasonality_mode': 'additive'}: Less data than horizon.
[2025-07-31T11:47:34.321+0000] {logging_mixin.py:188} INFO - Test 10/18: {'changepoint_prior_scale': 0.05, 'seasonality_prior_scale': 5.0, 'seasonality_mode': 'multiplicative'}
[2025-07-31T11:47:34.341+0000] {filesystem.py:118} DEBUG - input tempfile: /tmp/tmpw9b3di6f/9j3ajh7i.json
[2025-07-31T11:47:34.361+0000] {filesystem.py:118} DEBUG - input tempfile: /tmp/tmpw9b3di6f/boxeyzyd.json
[2025-07-31T11:47:34.363+0000] {model.py:2042} DEBUG - idx 0
[2025-07-31T11:47:34.364+0000] {model.py:2043} DEBUG - running CmdStan, num_threads: None
[2025-07-31T11:47:34.365+0000] {model.py:2055} DEBUG - CmdStan args: ['/home/airflow/.local/lib/python3.11/site-packages/prophet/stan_model/prophet_model.bin', 'random', 'seed=23066', 'data', 'file=/tmp/tmpw9b3di6f/9j3ajh7i.json', 'init=/tmp/tmpw9b3di6f/boxeyzyd.json', 'output', 'file=/tmp/tmpw9b3di6f/prophet_model4a5vz6kk/prophet_model-20250731114734.csv', 'method=optimize', 'algorithm=lbfgs', 'iter=10000']
[2025-07-31T11:47:34.365+0000] {logging_mixin.py:188} WARNING - 11:47:34 - cmdstanpy - INFO - Chain [1] start processing
[2025-07-31T11:47:34.365+0000] {model.py:2058} INFO - Chain [1] start processing
[2025-07-31T11:47:34.395+0000] {logging_mixin.py:188} WARNING - 11:47:34 - cmdstanpy - INFO - Chain [1] done processing
[2025-07-31T11:47:34.395+0000] {model.py:2115} INFO - Chain [1] done processing
[2025-07-31T11:47:34.399+0000] {logging_mixin.py:188} INFO - Erreur pour {'changepoint_prior_scale': 0.05, 'seasonality_prior_scale': 5.0, 'seasonality_mode': 'multiplicative'}: Less data than horizon.
[2025-07-31T11:47:34.400+0000] {logging_mixin.py:188} INFO - Test 11/18: {'changepoint_prior_scale': 0.05, 'seasonality_prior_scale': 10.0, 'seasonality_mode': 'additive'}
[2025-07-31T11:47:34.419+0000] {filesystem.py:118} DEBUG - input tempfile: /tmp/tmpw9b3di6f/pvrz2bgz.json
[2025-07-31T11:47:34.439+0000] {filesystem.py:118} DEBUG - input tempfile: /tmp/tmpw9b3di6f/a8t4eu7o.json
[2025-07-31T11:47:34.441+0000] {model.py:2042} DEBUG - idx 0
[2025-07-31T11:47:34.441+0000] {model.py:2043} DEBUG - running CmdStan, num_threads: None
[2025-07-31T11:47:34.442+0000] {model.py:2055} DEBUG - CmdStan args: ['/home/airflow/.local/lib/python3.11/site-packages/prophet/stan_model/prophet_model.bin', 'random', 'seed=16289', 'data', 'file=/tmp/tmpw9b3di6f/pvrz2bgz.json', 'init=/tmp/tmpw9b3di6f/a8t4eu7o.json', 'output', 'file=/tmp/tmpw9b3di6f/prophet_modelqiyj06ev/prophet_model-20250731114734.csv', 'method=optimize', 'algorithm=lbfgs', 'iter=10000']
[2025-07-31T11:47:34.442+0000] {logging_mixin.py:188} WARNING - 11:47:34 - cmdstanpy - INFO - Chain [1] start processing
[2025-07-31T11:47:34.442+0000] {model.py:2058} INFO - Chain [1] start processing
[2025-07-31T11:47:34.478+0000] {logging_mixin.py:188} WARNING - 11:47:34 - cmdstanpy - INFO - Chain [1] done processing
[2025-07-31T11:47:34.478+0000] {model.py:2115} INFO - Chain [1] done processing
[2025-07-31T11:47:34.482+0000] {logging_mixin.py:188} INFO - Erreur pour {'changepoint_prior_scale': 0.05, 'seasonality_prior_scale': 10.0, 'seasonality_mode': 'additive'}: Less data than horizon.
[2025-07-31T11:47:34.484+0000] {logging_mixin.py:188} INFO - Test 12/18: {'changepoint_prior_scale': 0.05, 'seasonality_prior_scale': 10.0, 'seasonality_mode': 'multiplicative'}
[2025-07-31T11:47:34.509+0000] {filesystem.py:118} DEBUG - input tempfile: /tmp/tmpw9b3di6f/6lkfo2ki.json
[2025-07-31T11:47:34.547+0000] {filesystem.py:118} DEBUG - input tempfile: /tmp/tmpw9b3di6f/3zf99pr5.json
[2025-07-31T11:47:34.549+0000] {model.py:2042} DEBUG - idx 0
[2025-07-31T11:47:34.550+0000] {model.py:2043} DEBUG - running CmdStan, num_threads: None
[2025-07-31T11:47:34.551+0000] {model.py:2055} DEBUG - CmdStan args: ['/home/airflow/.local/lib/python3.11/site-packages/prophet/stan_model/prophet_model.bin', 'random', 'seed=55185', 'data', 'file=/tmp/tmpw9b3di6f/6lkfo2ki.json', 'init=/tmp/tmpw9b3di6f/3zf99pr5.json', 'output', 'file=/tmp/tmpw9b3di6f/prophet_modelqefqbgcq/prophet_model-20250731114734.csv', 'method=optimize', 'algorithm=lbfgs', 'iter=10000']
[2025-07-31T11:47:34.552+0000] {logging_mixin.py:188} WARNING - 11:47:34 - cmdstanpy - INFO - Chain [1] start processing
[2025-07-31T11:47:34.552+0000] {model.py:2058} INFO - Chain [1] start processing
[2025-07-31T11:47:34.598+0000] {logging_mixin.py:188} WARNING - 11:47:34 - cmdstanpy - INFO - Chain [1] done processing
[2025-07-31T11:47:34.598+0000] {model.py:2115} INFO - Chain [1] done processing
[2025-07-31T11:47:34.604+0000] {logging_mixin.py:188} INFO - Erreur pour {'changepoint_prior_scale': 0.05, 'seasonality_prior_scale': 10.0, 'seasonality_mode': 'multiplicative'}: Less data than horizon.
[2025-07-31T11:47:34.605+0000] {logging_mixin.py:188} INFO - Test 13/18: {'changepoint_prior_scale': 0.1, 'seasonality_prior_scale': 1.0, 'seasonality_mode': 'additive'}
[2025-07-31T11:47:34.640+0000] {filesystem.py:118} DEBUG - input tempfile: /tmp/tmpw9b3di6f/vxp4cn8q.json
[2025-07-31T11:47:34.673+0000] {filesystem.py:118} DEBUG - input tempfile: /tmp/tmpw9b3di6f/dtgmp2_k.json
[2025-07-31T11:47:34.675+0000] {model.py:2042} DEBUG - idx 0
[2025-07-31T11:47:34.675+0000] {model.py:2043} DEBUG - running CmdStan, num_threads: None
[2025-07-31T11:47:34.676+0000] {model.py:2055} DEBUG - CmdStan args: ['/home/airflow/.local/lib/python3.11/site-packages/prophet/stan_model/prophet_model.bin', 'random', 'seed=97489', 'data', 'file=/tmp/tmpw9b3di6f/vxp4cn8q.json', 'init=/tmp/tmpw9b3di6f/dtgmp2_k.json', 'output', 'file=/tmp/tmpw9b3di6f/prophet_model0_pi_1xe/prophet_model-20250731114734.csv', 'method=optimize', 'algorithm=lbfgs', 'iter=10000']
[2025-07-31T11:47:34.677+0000] {logging_mixin.py:188} WARNING - 11:47:34 - cmdstanpy - INFO - Chain [1] start processing
[2025-07-31T11:47:34.677+0000] {model.py:2058} INFO - Chain [1] start processing
[2025-07-31T11:47:34.725+0000] {logging_mixin.py:188} WARNING - 11:47:34 - cmdstanpy - INFO - Chain [1] done processing
[2025-07-31T11:47:34.724+0000] {model.py:2115} INFO - Chain [1] done processing
[2025-07-31T11:47:34.731+0000] {logging_mixin.py:188} INFO - Erreur pour {'changepoint_prior_scale': 0.1, 'seasonality_prior_scale': 1.0, 'seasonality_mode': 'additive'}: Less data than horizon.
[2025-07-31T11:47:34.732+0000] {logging_mixin.py:188} INFO - Test 14/18: {'changepoint_prior_scale': 0.1, 'seasonality_prior_scale': 1.0, 'seasonality_mode': 'multiplicative'}
[2025-07-31T11:47:34.767+0000] {filesystem.py:118} DEBUG - input tempfile: /tmp/tmpw9b3di6f/o3lp9syj.json
[2025-07-31T11:47:34.806+0000] {filesystem.py:118} DEBUG - input tempfile: /tmp/tmpw9b3di6f/rret4q56.json
[2025-07-31T11:47:34.810+0000] {model.py:2042} DEBUG - idx 0
[2025-07-31T11:47:34.811+0000] {model.py:2043} DEBUG - running CmdStan, num_threads: None
[2025-07-31T11:47:34.812+0000] {model.py:2055} DEBUG - CmdStan args: ['/home/airflow/.local/lib/python3.11/site-packages/prophet/stan_model/prophet_model.bin', 'random', 'seed=96389', 'data', 'file=/tmp/tmpw9b3di6f/o3lp9syj.json', 'init=/tmp/tmpw9b3di6f/rret4q56.json', 'output', 'file=/tmp/tmpw9b3di6f/prophet_model2bd7vhbu/prophet_model-20250731114734.csv', 'method=optimize', 'algorithm=lbfgs', 'iter=10000']
[2025-07-31T11:47:34.813+0000] {logging_mixin.py:188} WARNING - 11:47:34 - cmdstanpy - INFO - Chain [1] start processing
[2025-07-31T11:47:34.813+0000] {model.py:2058} INFO - Chain [1] start processing
[2025-07-31T11:47:34.865+0000] {logging_mixin.py:188} WARNING - 11:47:34 - cmdstanpy - INFO - Chain [1] done processing
[2025-07-31T11:47:34.865+0000] {model.py:2115} INFO - Chain [1] done processing
[2025-07-31T11:47:34.870+0000] {logging_mixin.py:188} INFO - Erreur pour {'changepoint_prior_scale': 0.1, 'seasonality_prior_scale': 1.0, 'seasonality_mode': 'multiplicative'}: Less data than horizon.
[2025-07-31T11:47:34.872+0000] {logging_mixin.py:188} INFO - Test 15/18: {'changepoint_prior_scale': 0.1, 'seasonality_prior_scale': 5.0, 'seasonality_mode': 'additive'}
[2025-07-31T11:47:34.905+0000] {filesystem.py:118} DEBUG - input tempfile: /tmp/tmpw9b3di6f/dgxv2jso.json
[2025-07-31T11:47:34.942+0000] {filesystem.py:118} DEBUG - input tempfile: /tmp/tmpw9b3di6f/fhf_u39l.json
[2025-07-31T11:47:34.947+0000] {model.py:2042} DEBUG - idx 0
[2025-07-31T11:47:34.948+0000] {model.py:2043} DEBUG - running CmdStan, num_threads: None
[2025-07-31T11:47:34.948+0000] {model.py:2055} DEBUG - CmdStan args: ['/home/airflow/.local/lib/python3.11/site-packages/prophet/stan_model/prophet_model.bin', 'random', 'seed=64377', 'data', 'file=/tmp/tmpw9b3di6f/dgxv2jso.json', 'init=/tmp/tmpw9b3di6f/fhf_u39l.json', 'output', 'file=/tmp/tmpw9b3di6f/prophet_modele4pk7y1w/prophet_model-20250731114734.csv', 'method=optimize', 'algorithm=lbfgs', 'iter=10000']
[2025-07-31T11:47:34.949+0000] {logging_mixin.py:188} WARNING - 11:47:34 - cmdstanpy - INFO - Chain [1] start processing
[2025-07-31T11:47:34.949+0000] {model.py:2058} INFO - Chain [1] start processing
[2025-07-31T11:47:34.996+0000] {logging_mixin.py:188} WARNING - 11:47:34 - cmdstanpy - INFO - Chain [1] done processing
[2025-07-31T11:47:34.996+0000] {model.py:2115} INFO - Chain [1] done processing
[2025-07-31T11:47:34.999+0000] {logging_mixin.py:188} INFO - Erreur pour {'changepoint_prior_scale': 0.1, 'seasonality_prior_scale': 5.0, 'seasonality_mode': 'additive'}: Less data than horizon.
[2025-07-31T11:47:35.000+0000] {logging_mixin.py:188} INFO - Test 16/18: {'changepoint_prior_scale': 0.1, 'seasonality_prior_scale': 5.0, 'seasonality_mode': 'multiplicative'}
[2025-07-31T11:47:35.016+0000] {filesystem.py:118} DEBUG - input tempfile: /tmp/tmpw9b3di6f/j37i1v0s.json
[2025-07-31T11:47:35.038+0000] {filesystem.py:118} DEBUG - input tempfile: /tmp/tmpw9b3di6f/l3djf3xh.json
[2025-07-31T11:47:35.039+0000] {model.py:2042} DEBUG - idx 0
[2025-07-31T11:47:35.040+0000] {model.py:2043} DEBUG - running CmdStan, num_threads: None
[2025-07-31T11:47:35.041+0000] {model.py:2055} DEBUG - CmdStan args: ['/home/airflow/.local/lib/python3.11/site-packages/prophet/stan_model/prophet_model.bin', 'random', 'seed=66750', 'data', 'file=/tmp/tmpw9b3di6f/j37i1v0s.json', 'init=/tmp/tmpw9b3di6f/l3djf3xh.json', 'output', 'file=/tmp/tmpw9b3di6f/prophet_model6n6ef6bj/prophet_model-20250731114735.csv', 'method=optimize', 'algorithm=lbfgs', 'iter=10000']
[2025-07-31T11:47:35.041+0000] {logging_mixin.py:188} WARNING - 11:47:35 - cmdstanpy - INFO - Chain [1] start processing
[2025-07-31T11:47:35.041+0000] {model.py:2058} INFO - Chain [1] start processing
[2025-07-31T11:47:35.085+0000] {logging_mixin.py:188} WARNING - 11:47:35 - cmdstanpy - INFO - Chain [1] done processing
[2025-07-31T11:47:35.085+0000] {model.py:2115} INFO - Chain [1] done processing
[2025-07-31T11:47:35.090+0000] {logging_mixin.py:188} INFO - Erreur pour {'changepoint_prior_scale': 0.1, 'seasonality_prior_scale': 5.0, 'seasonality_mode': 'multiplicative'}: Less data than horizon.
[2025-07-31T11:47:35.091+0000] {logging_mixin.py:188} INFO - Test 17/18: {'changepoint_prior_scale': 0.1, 'seasonality_prior_scale': 10.0, 'seasonality_mode': 'additive'}
[2025-07-31T11:47:35.124+0000] {filesystem.py:118} DEBUG - input tempfile: /tmp/tmpw9b3di6f/xc6yxugb.json
[2025-07-31T11:47:35.150+0000] {filesystem.py:118} DEBUG - input tempfile: /tmp/tmpw9b3di6f/uvbakddt.json
[2025-07-31T11:47:35.152+0000] {model.py:2042} DEBUG - idx 0
[2025-07-31T11:47:35.153+0000] {model.py:2043} DEBUG - running CmdStan, num_threads: None
[2025-07-31T11:47:35.153+0000] {model.py:2055} DEBUG - CmdStan args: ['/home/airflow/.local/lib/python3.11/site-packages/prophet/stan_model/prophet_model.bin', 'random', 'seed=37301', 'data', 'file=/tmp/tmpw9b3di6f/xc6yxugb.json', 'init=/tmp/tmpw9b3di6f/uvbakddt.json', 'output', 'file=/tmp/tmpw9b3di6f/prophet_modeloeoakrw8/prophet_model-20250731114735.csv', 'method=optimize', 'algorithm=lbfgs', 'iter=10000']
[2025-07-31T11:47:35.154+0000] {logging_mixin.py:188} WARNING - 11:47:35 - cmdstanpy - INFO - Chain [1] start processing
[2025-07-31T11:47:35.154+0000] {model.py:2058} INFO - Chain [1] start processing
[2025-07-31T11:47:35.180+0000] {logging_mixin.py:188} WARNING - 11:47:35 - cmdstanpy - INFO - Chain [1] done processing
[2025-07-31T11:47:35.180+0000] {model.py:2115} INFO - Chain [1] done processing
[2025-07-31T11:47:35.184+0000] {logging_mixin.py:188} INFO - Erreur pour {'changepoint_prior_scale': 0.1, 'seasonality_prior_scale': 10.0, 'seasonality_mode': 'additive'}: Less data than horizon.
[2025-07-31T11:47:35.184+0000] {logging_mixin.py:188} INFO - Test 18/18: {'changepoint_prior_scale': 0.1, 'seasonality_prior_scale': 10.0, 'seasonality_mode': 'multiplicative'}
[2025-07-31T11:47:35.202+0000] {filesystem.py:118} DEBUG - input tempfile: /tmp/tmpw9b3di6f/2ksz1pco.json
[2025-07-31T11:47:35.222+0000] {filesystem.py:118} DEBUG - input tempfile: /tmp/tmpw9b3di6f/ld2l6uu2.json
[2025-07-31T11:47:35.223+0000] {model.py:2042} DEBUG - idx 0
[2025-07-31T11:47:35.224+0000] {model.py:2043} DEBUG - running CmdStan, num_threads: None
[2025-07-31T11:47:35.225+0000] {model.py:2055} DEBUG - CmdStan args: ['/home/airflow/.local/lib/python3.11/site-packages/prophet/stan_model/prophet_model.bin', 'random', 'seed=98386', 'data', 'file=/tmp/tmpw9b3di6f/2ksz1pco.json', 'init=/tmp/tmpw9b3di6f/ld2l6uu2.json', 'output', 'file=/tmp/tmpw9b3di6f/prophet_model3g99cngb/prophet_model-20250731114735.csv', 'method=optimize', 'algorithm=lbfgs', 'iter=10000']
[2025-07-31T11:47:35.225+0000] {logging_mixin.py:188} WARNING - 11:47:35 - cmdstanpy - INFO - Chain [1] start processing
[2025-07-31T11:47:35.225+0000] {model.py:2058} INFO - Chain [1] start processing
[2025-07-31T11:47:35.262+0000] {logging_mixin.py:188} WARNING - 11:47:35 - cmdstanpy - INFO - Chain [1] done processing
[2025-07-31T11:47:35.261+0000] {model.py:2115} INFO - Chain [1] done processing
[2025-07-31T11:47:35.265+0000] {logging_mixin.py:188} INFO - Erreur pour {'changepoint_prior_scale': 0.1, 'seasonality_prior_scale': 10.0, 'seasonality_mode': 'multiplicative'}: Less data than horizon.
[2025-07-31T11:47:35.266+0000] {taskinstance.py:441} INFO - ::group::Post task execution logs
[2025-07-31T11:47:35.266+0000] {taskinstance.py:2905} ERROR - Task failed with exception
Traceback (most recent call last):
  File "/home/airflow/.local/lib/python3.11/site-packages/airflow/models/taskinstance.py", line 465, in _execute_task
    result = _execute_callable(context=context, **execute_callable_kwargs)
             ^^^^^^^^^^^^^^^^^^^^^^^^^^^^^^^^^^^^^^^^^^^^^^^^^^^^^^^^^^^^^
  File "/home/airflow/.local/lib/python3.11/site-packages/airflow/models/taskinstance.py", line 432, in _execute_callable
    return execute_callable(context=context, **execute_callable_kwargs)
           ^^^^^^^^^^^^^^^^^^^^^^^^^^^^^^^^^^^^^^^^^^^^^^^^^^^^^^^^^^^^
  File "/home/airflow/.local/lib/python3.11/site-packages/airflow/models/baseoperator.py", line 401, in wrapper
    return func(self, *args, **kwargs)
           ^^^^^^^^^^^^^^^^^^^^^^^^^^^
  File "/home/airflow/.local/lib/python3.11/site-packages/airflow/operators/python.py", line 235, in execute
    return_value = self.execute_callable()
                   ^^^^^^^^^^^^^^^^^^^^^^^
  File "/home/airflow/.local/lib/python3.11/site-packages/airflow/operators/python.py", line 252, in execute_callable
    return self.python_callable(*self.op_args, **self.op_kwargs)
           ^^^^^^^^^^^^^^^^^^^^^^^^^^^^^^^^^^^^^^^^^^^^^^^^^^^^^
  File "/opt/airflow/dags/scripts/train_prophet.py", line 92, in train_prophet
    best_model_temp, scores_temp = optimize_prophet_model(temp_df)
                                   ^^^^^^^^^^^^^^^^^^^^^^^^^^^^^^^
  File "/opt/airflow/dags/scripts/train_prophet.py", line 44, in optimize_prophet_model
    best = min(results, key=lambda x: x[1])
           ^^^^^^^^^^^^^^^^^^^^^^^^^^^^^^^^
ValueError: min() arg is an empty sequence
[2025-07-31T11:47:35.296+0000] {taskinstance.py:1206} INFO - Marking task as UP_FOR_RETRY. dag_id=solar_ai_pipeline_2, task_id=train_prophet, run_id=scheduled__2023-07-06T00:00:00+00:00, execution_date=20230706T000000, start_date=20250731T114731, end_date=20250731T114735
[2025-07-31T11:47:35.371+0000] {standard_task_runner.py:110} ERROR - Failed to execute job 2892 for task train_prophet (min() arg is an empty sequence; 3305)
[2025-07-31T11:47:35.412+0000] {local_task_job_runner.py:240} INFO - Task exited with return code 1
[2025-07-31T11:47:35.540+0000] {taskinstance.py:3503} INFO - 0 downstream tasks scheduled from follow-on schedule check
[2025-07-31T11:47:35.545+0000] {local_task_job_runner.py:222} INFO - ::endgroup::
