[2025-07-31T11:57:48.004+0000] {local_task_job_runner.py:120} INFO - ::group::Pre task execution logs
[2025-07-31T11:57:48.146+0000] {taskinstance.py:2076} INFO - Dependencies all met for dep_context=non-requeueable deps ti=<TaskInstance: solar_ai_pipeline_2.train_prophet scheduled__2023-07-06T00:00:00+00:00 [queued]>
[2025-07-31T11:57:48.197+0000] {taskinstance.py:2076} INFO - Dependencies all met for dep_context=requeueable deps ti=<TaskInstance: solar_ai_pipeline_2.train_prophet scheduled__2023-07-06T00:00:00+00:00 [queued]>
[2025-07-31T11:57:48.198+0000] {taskinstance.py:2306} INFO - Starting attempt 4 of 4
[2025-07-31T11:57:48.274+0000] {taskinstance.py:2330} INFO - Executing <Task(PythonOperator): train_prophet> on 2023-07-06 00:00:00+00:00
[2025-07-31T11:57:48.283+0000] {standard_task_runner.py:63} INFO - Started process 4133 to run task
[2025-07-31T11:57:48.297+0000] {standard_task_runner.py:90} INFO - Running: ['airflow', 'tasks', 'run', 'solar_ai_pipeline_2', 'train_prophet', 'scheduled__2023-07-06T00:00:00+00:00', '--job-id', '2922', '--raw', '--subdir', 'DAGS_FOLDER/prophet_pipeline.py', '--cfg-path', '/tmp/tmpsojjdtsk']
[2025-07-31T11:57:48.303+0000] {standard_task_runner.py:91} INFO - Job 2922: Subtask train_prophet
[2025-07-31T11:57:48.724+0000] {task_command.py:426} INFO - Running <TaskInstance: solar_ai_pipeline_2.train_prophet scheduled__2023-07-06T00:00:00+00:00 [running]> on host a2a0dd314bdc
[2025-07-31T11:57:49.047+0000] {taskinstance.py:2648} INFO - Exporting env vars: AIRFLOW_CTX_DAG_OWNER='ensam' AIRFLOW_CTX_DAG_ID='solar_ai_pipeline_2' AIRFLOW_CTX_TASK_ID='train_prophet' AIRFLOW_CTX_EXECUTION_DATE='2023-07-06T00:00:00+00:00' AIRFLOW_CTX_TRY_NUMBER='4' AIRFLOW_CTX_DAG_RUN_ID='scheduled__2023-07-06T00:00:00+00:00'
[2025-07-31T11:57:49.049+0000] {taskinstance.py:430} INFO - ::endgroup::
[2025-07-31T12:00:55.650+0000] {plot.py:39} ERROR - Importing plotly failed. Interactive plots will not work.
[2025-07-31T12:00:55.679+0000] {logging_mixin.py:188} INFO - Training from 2023-01-01 to 2023-01-07
[2025-07-31T12:00:55.863+0000] {logging_mixin.py:188} INFO - Test 1/18: {'changepoint_prior_scale': 0.01, 'seasonality_prior_scale': 1.0, 'seasonality_mode': 'additive'}
[2025-07-31T12:00:55.912+0000] {filesystem.py:118} DEBUG - input tempfile: /tmp/tmpjujk_pim/v34sbkfw.json
[2025-07-31T12:00:55.934+0000] {filesystem.py:118} DEBUG - input tempfile: /tmp/tmpjujk_pim/07xag3va.json
[2025-07-31T12:00:55.939+0000] {model.py:2042} DEBUG - idx 0
[2025-07-31T12:00:55.941+0000] {model.py:2043} DEBUG - running CmdStan, num_threads: None
[2025-07-31T12:00:55.942+0000] {model.py:2055} DEBUG - CmdStan args: ['/home/airflow/.local/lib/python3.11/site-packages/prophet/stan_model/prophet_model.bin', 'random', 'seed=78358', 'data', 'file=/tmp/tmpjujk_pim/v34sbkfw.json', 'init=/tmp/tmpjujk_pim/07xag3va.json', 'output', 'file=/tmp/tmpjujk_pim/prophet_modelkpvhjq86/prophet_model-20250731120055.csv', 'method=optimize', 'algorithm=lbfgs', 'iter=10000']
[2025-07-31T12:00:55.945+0000] {logging_mixin.py:188} WARNING - 12:00:55 - cmdstanpy - INFO - Chain [1] start processing
[2025-07-31T12:00:55.944+0000] {model.py:2058} INFO - Chain [1] start processing
[2025-07-31T12:00:55.970+0000] {logging_mixin.py:188} WARNING - 12:00:55 - cmdstanpy - INFO - Chain [1] done processing
[2025-07-31T12:00:55.970+0000] {model.py:2115} INFO - Chain [1] done processing
[2025-07-31T12:00:55.973+0000] {logging_mixin.py:188} INFO - Erreur pour {'changepoint_prior_scale': 0.01, 'seasonality_prior_scale': 1.0, 'seasonality_mode': 'additive'}: Less data than horizon.
[2025-07-31T12:00:55.974+0000] {logging_mixin.py:188} INFO - Test 2/18: {'changepoint_prior_scale': 0.01, 'seasonality_prior_scale': 1.0, 'seasonality_mode': 'multiplicative'}
[2025-07-31T12:00:56.037+0000] {filesystem.py:118} DEBUG - input tempfile: /tmp/tmpjujk_pim/j175xc8f.json
[2025-07-31T12:00:56.073+0000] {filesystem.py:118} DEBUG - input tempfile: /tmp/tmpjujk_pim/vxyarrt4.json
[2025-07-31T12:00:56.077+0000] {model.py:2042} DEBUG - idx 0
[2025-07-31T12:00:56.078+0000] {model.py:2043} DEBUG - running CmdStan, num_threads: None
[2025-07-31T12:00:56.079+0000] {model.py:2055} DEBUG - CmdStan args: ['/home/airflow/.local/lib/python3.11/site-packages/prophet/stan_model/prophet_model.bin', 'random', 'seed=49785', 'data', 'file=/tmp/tmpjujk_pim/j175xc8f.json', 'init=/tmp/tmpjujk_pim/vxyarrt4.json', 'output', 'file=/tmp/tmpjujk_pim/prophet_model3war5hnl/prophet_model-20250731120056.csv', 'method=optimize', 'algorithm=lbfgs', 'iter=10000']
[2025-07-31T12:00:56.081+0000] {logging_mixin.py:188} WARNING - 12:00:56 - cmdstanpy - INFO - Chain [1] start processing
[2025-07-31T12:00:56.081+0000] {model.py:2058} INFO - Chain [1] start processing
[2025-07-31T12:00:56.112+0000] {logging_mixin.py:188} WARNING - 12:00:56 - cmdstanpy - INFO - Chain [1] done processing
[2025-07-31T12:00:56.112+0000] {model.py:2115} INFO - Chain [1] done processing
[2025-07-31T12:00:56.116+0000] {logging_mixin.py:188} INFO - Erreur pour {'changepoint_prior_scale': 0.01, 'seasonality_prior_scale': 1.0, 'seasonality_mode': 'multiplicative'}: Less data than horizon.
[2025-07-31T12:00:56.117+0000] {logging_mixin.py:188} INFO - Test 3/18: {'changepoint_prior_scale': 0.01, 'seasonality_prior_scale': 5.0, 'seasonality_mode': 'additive'}
[2025-07-31T12:00:56.154+0000] {filesystem.py:118} DEBUG - input tempfile: /tmp/tmpjujk_pim/rwx3rc8n.json
[2025-07-31T12:00:56.194+0000] {filesystem.py:118} DEBUG - input tempfile: /tmp/tmpjujk_pim/iq3d3g6w.json
[2025-07-31T12:00:56.197+0000] {model.py:2042} DEBUG - idx 0
[2025-07-31T12:00:56.198+0000] {model.py:2043} DEBUG - running CmdStan, num_threads: None
[2025-07-31T12:00:56.198+0000] {model.py:2055} DEBUG - CmdStan args: ['/home/airflow/.local/lib/python3.11/site-packages/prophet/stan_model/prophet_model.bin', 'random', 'seed=73705', 'data', 'file=/tmp/tmpjujk_pim/rwx3rc8n.json', 'init=/tmp/tmpjujk_pim/iq3d3g6w.json', 'output', 'file=/tmp/tmpjujk_pim/prophet_modelsi75aw8i/prophet_model-20250731120056.csv', 'method=optimize', 'algorithm=lbfgs', 'iter=10000']
[2025-07-31T12:00:56.199+0000] {logging_mixin.py:188} WARNING - 12:00:56 - cmdstanpy - INFO - Chain [1] start processing
[2025-07-31T12:00:56.199+0000] {model.py:2058} INFO - Chain [1] start processing
[2025-07-31T12:00:56.283+0000] {logging_mixin.py:188} WARNING - 12:00:56 - cmdstanpy - INFO - Chain [1] done processing
[2025-07-31T12:00:56.282+0000] {model.py:2115} INFO - Chain [1] done processing
[2025-07-31T12:00:56.290+0000] {logging_mixin.py:188} INFO - Erreur pour {'changepoint_prior_scale': 0.01, 'seasonality_prior_scale': 5.0, 'seasonality_mode': 'additive'}: Less data than horizon.
[2025-07-31T12:00:56.292+0000] {logging_mixin.py:188} INFO - Test 4/18: {'changepoint_prior_scale': 0.01, 'seasonality_prior_scale': 5.0, 'seasonality_mode': 'multiplicative'}
[2025-07-31T12:00:56.361+0000] {filesystem.py:118} DEBUG - input tempfile: /tmp/tmpjujk_pim/so48r53c.json
[2025-07-31T12:00:56.396+0000] {filesystem.py:118} DEBUG - input tempfile: /tmp/tmpjujk_pim/bby5jgo1.json
[2025-07-31T12:00:56.400+0000] {model.py:2042} DEBUG - idx 0
[2025-07-31T12:00:56.401+0000] {model.py:2043} DEBUG - running CmdStan, num_threads: None
[2025-07-31T12:00:56.401+0000] {model.py:2055} DEBUG - CmdStan args: ['/home/airflow/.local/lib/python3.11/site-packages/prophet/stan_model/prophet_model.bin', 'random', 'seed=43924', 'data', 'file=/tmp/tmpjujk_pim/so48r53c.json', 'init=/tmp/tmpjujk_pim/bby5jgo1.json', 'output', 'file=/tmp/tmpjujk_pim/prophet_modelivyju0px/prophet_model-20250731120056.csv', 'method=optimize', 'algorithm=lbfgs', 'iter=10000']
[2025-07-31T12:00:56.402+0000] {logging_mixin.py:188} WARNING - 12:00:56 - cmdstanpy - INFO - Chain [1] start processing
[2025-07-31T12:00:56.402+0000] {model.py:2058} INFO - Chain [1] start processing
[2025-07-31T12:00:56.437+0000] {logging_mixin.py:188} WARNING - 12:00:56 - cmdstanpy - INFO - Chain [1] done processing
[2025-07-31T12:00:56.437+0000] {model.py:2115} INFO - Chain [1] done processing
[2025-07-31T12:00:56.440+0000] {logging_mixin.py:188} INFO - Erreur pour {'changepoint_prior_scale': 0.01, 'seasonality_prior_scale': 5.0, 'seasonality_mode': 'multiplicative'}: Less data than horizon.
[2025-07-31T12:00:56.441+0000] {logging_mixin.py:188} INFO - Test 5/18: {'changepoint_prior_scale': 0.01, 'seasonality_prior_scale': 10.0, 'seasonality_mode': 'additive'}
[2025-07-31T12:00:56.479+0000] {filesystem.py:118} DEBUG - input tempfile: /tmp/tmpjujk_pim/l4x325vd.json
[2025-07-31T12:00:56.551+0000] {filesystem.py:118} DEBUG - input tempfile: /tmp/tmpjujk_pim/gypoufex.json
[2025-07-31T12:00:56.555+0000] {model.py:2042} DEBUG - idx 0
[2025-07-31T12:00:56.557+0000] {model.py:2043} DEBUG - running CmdStan, num_threads: None
[2025-07-31T12:00:56.560+0000] {model.py:2055} DEBUG - CmdStan args: ['/home/airflow/.local/lib/python3.11/site-packages/prophet/stan_model/prophet_model.bin', 'random', 'seed=40468', 'data', 'file=/tmp/tmpjujk_pim/l4x325vd.json', 'init=/tmp/tmpjujk_pim/gypoufex.json', 'output', 'file=/tmp/tmpjujk_pim/prophet_modelfuwj4p83/prophet_model-20250731120056.csv', 'method=optimize', 'algorithm=lbfgs', 'iter=10000']
[2025-07-31T12:00:56.566+0000] {logging_mixin.py:188} WARNING - 12:00:56 - cmdstanpy - INFO - Chain [1] start processing
[2025-07-31T12:00:56.566+0000] {model.py:2058} INFO - Chain [1] start processing
[2025-07-31T12:00:56.608+0000] {logging_mixin.py:188} WARNING - 12:00:56 - cmdstanpy - INFO - Chain [1] done processing
[2025-07-31T12:00:56.608+0000] {model.py:2115} INFO - Chain [1] done processing
[2025-07-31T12:00:56.615+0000] {logging_mixin.py:188} INFO - Erreur pour {'changepoint_prior_scale': 0.01, 'seasonality_prior_scale': 10.0, 'seasonality_mode': 'additive'}: Less data than horizon.
[2025-07-31T12:00:56.616+0000] {logging_mixin.py:188} INFO - Test 6/18: {'changepoint_prior_scale': 0.01, 'seasonality_prior_scale': 10.0, 'seasonality_mode': 'multiplicative'}
[2025-07-31T12:00:56.674+0000] {filesystem.py:118} DEBUG - input tempfile: /tmp/tmpjujk_pim/n2cbrzq9.json
[2025-07-31T12:00:56.730+0000] {filesystem.py:118} DEBUG - input tempfile: /tmp/tmpjujk_pim/raerlapj.json
[2025-07-31T12:00:56.733+0000] {model.py:2042} DEBUG - idx 0
[2025-07-31T12:00:56.734+0000] {model.py:2043} DEBUG - running CmdStan, num_threads: None
[2025-07-31T12:00:56.734+0000] {model.py:2055} DEBUG - CmdStan args: ['/home/airflow/.local/lib/python3.11/site-packages/prophet/stan_model/prophet_model.bin', 'random', 'seed=85885', 'data', 'file=/tmp/tmpjujk_pim/n2cbrzq9.json', 'init=/tmp/tmpjujk_pim/raerlapj.json', 'output', 'file=/tmp/tmpjujk_pim/prophet_model0m955pb_/prophet_model-20250731120056.csv', 'method=optimize', 'algorithm=lbfgs', 'iter=10000']
[2025-07-31T12:00:56.735+0000] {logging_mixin.py:188} WARNING - 12:00:56 - cmdstanpy - INFO - Chain [1] start processing
[2025-07-31T12:00:56.735+0000] {model.py:2058} INFO - Chain [1] start processing
[2025-07-31T12:00:56.779+0000] {logging_mixin.py:188} WARNING - 12:00:56 - cmdstanpy - INFO - Chain [1] done processing
[2025-07-31T12:00:56.779+0000] {model.py:2115} INFO - Chain [1] done processing
[2025-07-31T12:00:56.784+0000] {logging_mixin.py:188} INFO - Erreur pour {'changepoint_prior_scale': 0.01, 'seasonality_prior_scale': 10.0, 'seasonality_mode': 'multiplicative'}: Less data than horizon.
[2025-07-31T12:00:56.785+0000] {logging_mixin.py:188} INFO - Test 7/18: {'changepoint_prior_scale': 0.05, 'seasonality_prior_scale': 1.0, 'seasonality_mode': 'additive'}
[2025-07-31T12:00:56.822+0000] {filesystem.py:118} DEBUG - input tempfile: /tmp/tmpjujk_pim/0c8de5ck.json
[2025-07-31T12:00:56.853+0000] {filesystem.py:118} DEBUG - input tempfile: /tmp/tmpjujk_pim/7bgih5gw.json
[2025-07-31T12:00:56.856+0000] {model.py:2042} DEBUG - idx 0
[2025-07-31T12:00:56.857+0000] {model.py:2043} DEBUG - running CmdStan, num_threads: None
[2025-07-31T12:00:56.858+0000] {model.py:2055} DEBUG - CmdStan args: ['/home/airflow/.local/lib/python3.11/site-packages/prophet/stan_model/prophet_model.bin', 'random', 'seed=75943', 'data', 'file=/tmp/tmpjujk_pim/0c8de5ck.json', 'init=/tmp/tmpjujk_pim/7bgih5gw.json', 'output', 'file=/tmp/tmpjujk_pim/prophet_model8f262jpx/prophet_model-20250731120056.csv', 'method=optimize', 'algorithm=lbfgs', 'iter=10000']
[2025-07-31T12:00:56.859+0000] {logging_mixin.py:188} WARNING - 12:00:56 - cmdstanpy - INFO - Chain [1] start processing
[2025-07-31T12:00:56.858+0000] {model.py:2058} INFO - Chain [1] start processing
[2025-07-31T12:00:56.891+0000] {logging_mixin.py:188} WARNING - 12:00:56 - cmdstanpy - INFO - Chain [1] done processing
[2025-07-31T12:00:56.890+0000] {model.py:2115} INFO - Chain [1] done processing
[2025-07-31T12:00:56.896+0000] {logging_mixin.py:188} INFO - Erreur pour {'changepoint_prior_scale': 0.05, 'seasonality_prior_scale': 1.0, 'seasonality_mode': 'additive'}: Less data than horizon.
[2025-07-31T12:00:56.897+0000] {logging_mixin.py:188} INFO - Test 8/18: {'changepoint_prior_scale': 0.05, 'seasonality_prior_scale': 1.0, 'seasonality_mode': 'multiplicative'}
[2025-07-31T12:00:56.941+0000] {filesystem.py:118} DEBUG - input tempfile: /tmp/tmpjujk_pim/x54rgwxk.json
[2025-07-31T12:00:56.976+0000] {filesystem.py:118} DEBUG - input tempfile: /tmp/tmpjujk_pim/q9ddupwq.json
[2025-07-31T12:00:56.978+0000] {model.py:2042} DEBUG - idx 0
[2025-07-31T12:00:56.979+0000] {model.py:2043} DEBUG - running CmdStan, num_threads: None
[2025-07-31T12:00:56.979+0000] {model.py:2055} DEBUG - CmdStan args: ['/home/airflow/.local/lib/python3.11/site-packages/prophet/stan_model/prophet_model.bin', 'random', 'seed=28071', 'data', 'file=/tmp/tmpjujk_pim/x54rgwxk.json', 'init=/tmp/tmpjujk_pim/q9ddupwq.json', 'output', 'file=/tmp/tmpjujk_pim/prophet_modeltf77nnve/prophet_model-20250731120056.csv', 'method=optimize', 'algorithm=lbfgs', 'iter=10000']
[2025-07-31T12:00:56.980+0000] {logging_mixin.py:188} WARNING - 12:00:56 - cmdstanpy - INFO - Chain [1] start processing
[2025-07-31T12:00:56.980+0000] {model.py:2058} INFO - Chain [1] start processing
[2025-07-31T12:00:57.009+0000] {logging_mixin.py:188} WARNING - 12:00:57 - cmdstanpy - INFO - Chain [1] done processing
[2025-07-31T12:00:57.009+0000] {model.py:2115} INFO - Chain [1] done processing
[2025-07-31T12:00:57.013+0000] {logging_mixin.py:188} INFO - Erreur pour {'changepoint_prior_scale': 0.05, 'seasonality_prior_scale': 1.0, 'seasonality_mode': 'multiplicative'}: Less data than horizon.
[2025-07-31T12:00:57.014+0000] {logging_mixin.py:188} INFO - Test 9/18: {'changepoint_prior_scale': 0.05, 'seasonality_prior_scale': 5.0, 'seasonality_mode': 'additive'}
[2025-07-31T12:00:57.043+0000] {filesystem.py:118} DEBUG - input tempfile: /tmp/tmpjujk_pim/2almeofu.json
[2025-07-31T12:00:57.089+0000] {filesystem.py:118} DEBUG - input tempfile: /tmp/tmpjujk_pim/lcrf_wmy.json
[2025-07-31T12:00:57.094+0000] {model.py:2042} DEBUG - idx 0
[2025-07-31T12:00:57.096+0000] {model.py:2043} DEBUG - running CmdStan, num_threads: None
[2025-07-31T12:00:57.098+0000] {model.py:2055} DEBUG - CmdStan args: ['/home/airflow/.local/lib/python3.11/site-packages/prophet/stan_model/prophet_model.bin', 'random', 'seed=95506', 'data', 'file=/tmp/tmpjujk_pim/2almeofu.json', 'init=/tmp/tmpjujk_pim/lcrf_wmy.json', 'output', 'file=/tmp/tmpjujk_pim/prophet_modela_mnxzao/prophet_model-20250731120057.csv', 'method=optimize', 'algorithm=lbfgs', 'iter=10000']
[2025-07-31T12:00:57.100+0000] {logging_mixin.py:188} WARNING - 12:00:57 - cmdstanpy - INFO - Chain [1] start processing
[2025-07-31T12:00:57.100+0000] {model.py:2058} INFO - Chain [1] start processing
[2025-07-31T12:00:57.256+0000] {logging_mixin.py:188} WARNING - 12:00:57 - cmdstanpy - INFO - Chain [1] done processing
[2025-07-31T12:00:57.255+0000] {model.py:2115} INFO - Chain [1] done processing
[2025-07-31T12:00:57.272+0000] {logging_mixin.py:188} INFO - Erreur pour {'changepoint_prior_scale': 0.05, 'seasonality_prior_scale': 5.0, 'seasonality_mode': 'additive'}: Less data than horizon.
[2025-07-31T12:00:57.274+0000] {logging_mixin.py:188} INFO - Test 10/18: {'changepoint_prior_scale': 0.05, 'seasonality_prior_scale': 5.0, 'seasonality_mode': 'multiplicative'}
[2025-07-31T12:00:57.368+0000] {filesystem.py:118} DEBUG - input tempfile: /tmp/tmpjujk_pim/mbbv1310.json
[2025-07-31T12:00:57.553+0000] {filesystem.py:118} DEBUG - input tempfile: /tmp/tmpjujk_pim/8bhwf76y.json
[2025-07-31T12:00:57.561+0000] {model.py:2042} DEBUG - idx 0
[2025-07-31T12:00:57.564+0000] {model.py:2043} DEBUG - running CmdStan, num_threads: None
[2025-07-31T12:00:57.566+0000] {model.py:2055} DEBUG - CmdStan args: ['/home/airflow/.local/lib/python3.11/site-packages/prophet/stan_model/prophet_model.bin', 'random', 'seed=29580', 'data', 'file=/tmp/tmpjujk_pim/mbbv1310.json', 'init=/tmp/tmpjujk_pim/8bhwf76y.json', 'output', 'file=/tmp/tmpjujk_pim/prophet_modelo94a663o/prophet_model-20250731120057.csv', 'method=optimize', 'algorithm=lbfgs', 'iter=10000']
[2025-07-31T12:00:57.568+0000] {logging_mixin.py:188} WARNING - 12:00:57 - cmdstanpy - INFO - Chain [1] start processing
[2025-07-31T12:00:57.568+0000] {model.py:2058} INFO - Chain [1] start processing
[2025-07-31T12:00:57.619+0000] {logging_mixin.py:188} WARNING - 12:00:57 - cmdstanpy - INFO - Chain [1] done processing
[2025-07-31T12:00:57.619+0000] {model.py:2115} INFO - Chain [1] done processing
[2025-07-31T12:00:57.624+0000] {logging_mixin.py:188} INFO - Erreur pour {'changepoint_prior_scale': 0.05, 'seasonality_prior_scale': 5.0, 'seasonality_mode': 'multiplicative'}: Less data than horizon.
[2025-07-31T12:00:57.625+0000] {logging_mixin.py:188} INFO - Test 11/18: {'changepoint_prior_scale': 0.05, 'seasonality_prior_scale': 10.0, 'seasonality_mode': 'additive'}
[2025-07-31T12:00:57.682+0000] {filesystem.py:118} DEBUG - input tempfile: /tmp/tmpjujk_pim/fwnea0h0.json
[2025-07-31T12:00:57.752+0000] {filesystem.py:118} DEBUG - input tempfile: /tmp/tmpjujk_pim/lvn0gwcl.json
[2025-07-31T12:00:57.758+0000] {model.py:2042} DEBUG - idx 0
[2025-07-31T12:00:57.760+0000] {model.py:2043} DEBUG - running CmdStan, num_threads: None
[2025-07-31T12:00:57.761+0000] {model.py:2055} DEBUG - CmdStan args: ['/home/airflow/.local/lib/python3.11/site-packages/prophet/stan_model/prophet_model.bin', 'random', 'seed=34669', 'data', 'file=/tmp/tmpjujk_pim/fwnea0h0.json', 'init=/tmp/tmpjujk_pim/lvn0gwcl.json', 'output', 'file=/tmp/tmpjujk_pim/prophet_modely5id7gqd/prophet_model-20250731120057.csv', 'method=optimize', 'algorithm=lbfgs', 'iter=10000']
[2025-07-31T12:00:57.762+0000] {logging_mixin.py:188} WARNING - 12:00:57 - cmdstanpy - INFO - Chain [1] start processing
[2025-07-31T12:00:57.762+0000] {model.py:2058} INFO - Chain [1] start processing
[2025-07-31T12:00:57.810+0000] {logging_mixin.py:188} WARNING - 12:00:57 - cmdstanpy - INFO - Chain [1] done processing
[2025-07-31T12:00:57.810+0000] {model.py:2115} INFO - Chain [1] done processing
[2025-07-31T12:00:57.817+0000] {logging_mixin.py:188} INFO - Erreur pour {'changepoint_prior_scale': 0.05, 'seasonality_prior_scale': 10.0, 'seasonality_mode': 'additive'}: Less data than horizon.
[2025-07-31T12:00:57.818+0000] {logging_mixin.py:188} INFO - Test 12/18: {'changepoint_prior_scale': 0.05, 'seasonality_prior_scale': 10.0, 'seasonality_mode': 'multiplicative'}
[2025-07-31T12:00:57.881+0000] {filesystem.py:118} DEBUG - input tempfile: /tmp/tmpjujk_pim/2vgwl8lk.json
[2025-07-31T12:00:57.951+0000] {filesystem.py:118} DEBUG - input tempfile: /tmp/tmpjujk_pim/oxe8weq7.json
[2025-07-31T12:00:57.954+0000] {model.py:2042} DEBUG - idx 0
[2025-07-31T12:00:57.956+0000] {model.py:2043} DEBUG - running CmdStan, num_threads: None
[2025-07-31T12:00:57.958+0000] {model.py:2055} DEBUG - CmdStan args: ['/home/airflow/.local/lib/python3.11/site-packages/prophet/stan_model/prophet_model.bin', 'random', 'seed=46373', 'data', 'file=/tmp/tmpjujk_pim/2vgwl8lk.json', 'init=/tmp/tmpjujk_pim/oxe8weq7.json', 'output', 'file=/tmp/tmpjujk_pim/prophet_modelkcgz84fz/prophet_model-20250731120057.csv', 'method=optimize', 'algorithm=lbfgs', 'iter=10000']
[2025-07-31T12:00:57.960+0000] {logging_mixin.py:188} WARNING - 12:00:57 - cmdstanpy - INFO - Chain [1] start processing
[2025-07-31T12:00:57.959+0000] {model.py:2058} INFO - Chain [1] start processing
[2025-07-31T12:00:58.008+0000] {logging_mixin.py:188} WARNING - 12:00:58 - cmdstanpy - INFO - Chain [1] done processing
[2025-07-31T12:00:58.008+0000] {model.py:2115} INFO - Chain [1] done processing
[2025-07-31T12:00:58.013+0000] {logging_mixin.py:188} INFO - Erreur pour {'changepoint_prior_scale': 0.05, 'seasonality_prior_scale': 10.0, 'seasonality_mode': 'multiplicative'}: Less data than horizon.
[2025-07-31T12:00:58.014+0000] {logging_mixin.py:188} INFO - Test 13/18: {'changepoint_prior_scale': 0.1, 'seasonality_prior_scale': 1.0, 'seasonality_mode': 'additive'}
[2025-07-31T12:00:58.052+0000] {filesystem.py:118} DEBUG - input tempfile: /tmp/tmpjujk_pim/mma1zeqv.json
[2025-07-31T12:00:58.089+0000] {filesystem.py:118} DEBUG - input tempfile: /tmp/tmpjujk_pim/0ktqq7k7.json
[2025-07-31T12:00:58.091+0000] {model.py:2042} DEBUG - idx 0
[2025-07-31T12:00:58.092+0000] {model.py:2043} DEBUG - running CmdStan, num_threads: None
[2025-07-31T12:00:58.092+0000] {model.py:2055} DEBUG - CmdStan args: ['/home/airflow/.local/lib/python3.11/site-packages/prophet/stan_model/prophet_model.bin', 'random', 'seed=8134', 'data', 'file=/tmp/tmpjujk_pim/mma1zeqv.json', 'init=/tmp/tmpjujk_pim/0ktqq7k7.json', 'output', 'file=/tmp/tmpjujk_pim/prophet_model_s1bzuno/prophet_model-20250731120058.csv', 'method=optimize', 'algorithm=lbfgs', 'iter=10000']
[2025-07-31T12:00:58.093+0000] {logging_mixin.py:188} WARNING - 12:00:58 - cmdstanpy - INFO - Chain [1] start processing
[2025-07-31T12:00:58.093+0000] {model.py:2058} INFO - Chain [1] start processing
[2025-07-31T12:00:58.124+0000] {logging_mixin.py:188} WARNING - 12:00:58 - cmdstanpy - INFO - Chain [1] done processing
[2025-07-31T12:00:58.124+0000] {model.py:2115} INFO - Chain [1] done processing
[2025-07-31T12:00:58.128+0000] {logging_mixin.py:188} INFO - Erreur pour {'changepoint_prior_scale': 0.1, 'seasonality_prior_scale': 1.0, 'seasonality_mode': 'additive'}: Less data than horizon.
[2025-07-31T12:00:58.129+0000] {logging_mixin.py:188} INFO - Test 14/18: {'changepoint_prior_scale': 0.1, 'seasonality_prior_scale': 1.0, 'seasonality_mode': 'multiplicative'}
[2025-07-31T12:00:58.173+0000] {filesystem.py:118} DEBUG - input tempfile: /tmp/tmpjujk_pim/kgus6fpn.json
[2025-07-31T12:00:58.202+0000] {filesystem.py:118} DEBUG - input tempfile: /tmp/tmpjujk_pim/2a1jyhmh.json
[2025-07-31T12:00:58.204+0000] {model.py:2042} DEBUG - idx 0
[2025-07-31T12:00:58.205+0000] {model.py:2043} DEBUG - running CmdStan, num_threads: None
[2025-07-31T12:00:58.206+0000] {model.py:2055} DEBUG - CmdStan args: ['/home/airflow/.local/lib/python3.11/site-packages/prophet/stan_model/prophet_model.bin', 'random', 'seed=44350', 'data', 'file=/tmp/tmpjujk_pim/kgus6fpn.json', 'init=/tmp/tmpjujk_pim/2a1jyhmh.json', 'output', 'file=/tmp/tmpjujk_pim/prophet_model0miywo1c/prophet_model-20250731120058.csv', 'method=optimize', 'algorithm=lbfgs', 'iter=10000']
[2025-07-31T12:00:58.207+0000] {logging_mixin.py:188} WARNING - 12:00:58 - cmdstanpy - INFO - Chain [1] start processing
[2025-07-31T12:00:58.207+0000] {model.py:2058} INFO - Chain [1] start processing
[2025-07-31T12:00:58.239+0000] {logging_mixin.py:188} WARNING - 12:00:58 - cmdstanpy - INFO - Chain [1] done processing
[2025-07-31T12:00:58.239+0000] {model.py:2115} INFO - Chain [1] done processing
[2025-07-31T12:00:58.244+0000] {logging_mixin.py:188} INFO - Erreur pour {'changepoint_prior_scale': 0.1, 'seasonality_prior_scale': 1.0, 'seasonality_mode': 'multiplicative'}: Less data than horizon.
[2025-07-31T12:00:58.245+0000] {logging_mixin.py:188} INFO - Test 15/18: {'changepoint_prior_scale': 0.1, 'seasonality_prior_scale': 5.0, 'seasonality_mode': 'additive'}
[2025-07-31T12:00:58.273+0000] {filesystem.py:118} DEBUG - input tempfile: /tmp/tmpjujk_pim/fxqol9mr.json
[2025-07-31T12:00:58.323+0000] {filesystem.py:118} DEBUG - input tempfile: /tmp/tmpjujk_pim/0bcs964z.json
[2025-07-31T12:00:58.328+0000] {model.py:2042} DEBUG - idx 0
[2025-07-31T12:00:58.333+0000] {model.py:2043} DEBUG - running CmdStan, num_threads: None
[2025-07-31T12:00:58.334+0000] {model.py:2055} DEBUG - CmdStan args: ['/home/airflow/.local/lib/python3.11/site-packages/prophet/stan_model/prophet_model.bin', 'random', 'seed=52555', 'data', 'file=/tmp/tmpjujk_pim/fxqol9mr.json', 'init=/tmp/tmpjujk_pim/0bcs964z.json', 'output', 'file=/tmp/tmpjujk_pim/prophet_modelqzy2aewx/prophet_model-20250731120058.csv', 'method=optimize', 'algorithm=lbfgs', 'iter=10000']
[2025-07-31T12:00:58.335+0000] {logging_mixin.py:188} WARNING - 12:00:58 - cmdstanpy - INFO - Chain [1] start processing
[2025-07-31T12:00:58.334+0000] {model.py:2058} INFO - Chain [1] start processing
[2025-07-31T12:00:58.376+0000] {logging_mixin.py:188} WARNING - 12:00:58 - cmdstanpy - INFO - Chain [1] done processing
[2025-07-31T12:00:58.376+0000] {model.py:2115} INFO - Chain [1] done processing
[2025-07-31T12:00:58.382+0000] {logging_mixin.py:188} INFO - Erreur pour {'changepoint_prior_scale': 0.1, 'seasonality_prior_scale': 5.0, 'seasonality_mode': 'additive'}: Less data than horizon.
[2025-07-31T12:00:58.383+0000] {logging_mixin.py:188} INFO - Test 16/18: {'changepoint_prior_scale': 0.1, 'seasonality_prior_scale': 5.0, 'seasonality_mode': 'multiplicative'}
[2025-07-31T12:00:58.416+0000] {filesystem.py:118} DEBUG - input tempfile: /tmp/tmpjujk_pim/d6ih0naf.json
[2025-07-31T12:00:58.452+0000] {filesystem.py:118} DEBUG - input tempfile: /tmp/tmpjujk_pim/rjnf01ep.json
[2025-07-31T12:00:58.454+0000] {model.py:2042} DEBUG - idx 0
[2025-07-31T12:00:58.455+0000] {model.py:2043} DEBUG - running CmdStan, num_threads: None
[2025-07-31T12:00:58.455+0000] {model.py:2055} DEBUG - CmdStan args: ['/home/airflow/.local/lib/python3.11/site-packages/prophet/stan_model/prophet_model.bin', 'random', 'seed=61934', 'data', 'file=/tmp/tmpjujk_pim/d6ih0naf.json', 'init=/tmp/tmpjujk_pim/rjnf01ep.json', 'output', 'file=/tmp/tmpjujk_pim/prophet_modelrwcld5zy/prophet_model-20250731120058.csv', 'method=optimize', 'algorithm=lbfgs', 'iter=10000']
[2025-07-31T12:00:58.456+0000] {logging_mixin.py:188} WARNING - 12:00:58 - cmdstanpy - INFO - Chain [1] start processing
[2025-07-31T12:00:58.456+0000] {model.py:2058} INFO - Chain [1] start processing
[2025-07-31T12:00:58.500+0000] {logging_mixin.py:188} WARNING - 12:00:58 - cmdstanpy - INFO - Chain [1] done processing
[2025-07-31T12:00:58.500+0000] {model.py:2115} INFO - Chain [1] done processing
[2025-07-31T12:00:58.504+0000] {logging_mixin.py:188} INFO - Erreur pour {'changepoint_prior_scale': 0.1, 'seasonality_prior_scale': 5.0, 'seasonality_mode': 'multiplicative'}: Less data than horizon.
[2025-07-31T12:00:58.505+0000] {logging_mixin.py:188} INFO - Test 17/18: {'changepoint_prior_scale': 0.1, 'seasonality_prior_scale': 10.0, 'seasonality_mode': 'additive'}
[2025-07-31T12:00:58.537+0000] {filesystem.py:118} DEBUG - input tempfile: /tmp/tmpjujk_pim/__aq73mt.json
[2025-07-31T12:00:58.564+0000] {filesystem.py:118} DEBUG - input tempfile: /tmp/tmpjujk_pim/_ex31kng.json
[2025-07-31T12:00:58.566+0000] {model.py:2042} DEBUG - idx 0
[2025-07-31T12:00:58.566+0000] {model.py:2043} DEBUG - running CmdStan, num_threads: None
[2025-07-31T12:00:58.567+0000] {model.py:2055} DEBUG - CmdStan args: ['/home/airflow/.local/lib/python3.11/site-packages/prophet/stan_model/prophet_model.bin', 'random', 'seed=5455', 'data', 'file=/tmp/tmpjujk_pim/__aq73mt.json', 'init=/tmp/tmpjujk_pim/_ex31kng.json', 'output', 'file=/tmp/tmpjujk_pim/prophet_modeluvkr4cax/prophet_model-20250731120058.csv', 'method=optimize', 'algorithm=lbfgs', 'iter=10000']
[2025-07-31T12:00:58.568+0000] {logging_mixin.py:188} WARNING - 12:00:58 - cmdstanpy - INFO - Chain [1] start processing
[2025-07-31T12:00:58.568+0000] {model.py:2058} INFO - Chain [1] start processing
[2025-07-31T12:00:58.601+0000] {logging_mixin.py:188} WARNING - 12:00:58 - cmdstanpy - INFO - Chain [1] done processing
[2025-07-31T12:00:58.601+0000] {model.py:2115} INFO - Chain [1] done processing
[2025-07-31T12:00:58.605+0000] {logging_mixin.py:188} INFO - Erreur pour {'changepoint_prior_scale': 0.1, 'seasonality_prior_scale': 10.0, 'seasonality_mode': 'additive'}: Less data than horizon.
[2025-07-31T12:00:58.606+0000] {logging_mixin.py:188} INFO - Test 18/18: {'changepoint_prior_scale': 0.1, 'seasonality_prior_scale': 10.0, 'seasonality_mode': 'multiplicative'}
[2025-07-31T12:00:58.629+0000] {filesystem.py:118} DEBUG - input tempfile: /tmp/tmpjujk_pim/yfuafvbc.json
[2025-07-31T12:00:58.653+0000] {filesystem.py:118} DEBUG - input tempfile: /tmp/tmpjujk_pim/q5tx6e23.json
[2025-07-31T12:00:58.655+0000] {model.py:2042} DEBUG - idx 0
[2025-07-31T12:00:58.656+0000] {model.py:2043} DEBUG - running CmdStan, num_threads: None
[2025-07-31T12:00:58.657+0000] {model.py:2055} DEBUG - CmdStan args: ['/home/airflow/.local/lib/python3.11/site-packages/prophet/stan_model/prophet_model.bin', 'random', 'seed=99771', 'data', 'file=/tmp/tmpjujk_pim/yfuafvbc.json', 'init=/tmp/tmpjujk_pim/q5tx6e23.json', 'output', 'file=/tmp/tmpjujk_pim/prophet_modelt_8g22l4/prophet_model-20250731120058.csv', 'method=optimize', 'algorithm=lbfgs', 'iter=10000']
[2025-07-31T12:00:58.658+0000] {logging_mixin.py:188} WARNING - 12:00:58 - cmdstanpy - INFO - Chain [1] start processing
[2025-07-31T12:00:58.658+0000] {model.py:2058} INFO - Chain [1] start processing
[2025-07-31T12:00:58.700+0000] {logging_mixin.py:188} WARNING - 12:00:58 - cmdstanpy - INFO - Chain [1] done processing
[2025-07-31T12:00:58.700+0000] {model.py:2115} INFO - Chain [1] done processing
[2025-07-31T12:00:58.703+0000] {logging_mixin.py:188} INFO - Erreur pour {'changepoint_prior_scale': 0.1, 'seasonality_prior_scale': 10.0, 'seasonality_mode': 'multiplicative'}: Less data than horizon.
[2025-07-31T12:00:58.704+0000] {taskinstance.py:441} INFO - ::group::Post task execution logs
[2025-07-31T12:00:58.705+0000] {taskinstance.py:2905} ERROR - Task failed with exception
Traceback (most recent call last):
  File "/home/airflow/.local/lib/python3.11/site-packages/airflow/models/taskinstance.py", line 465, in _execute_task
    result = _execute_callable(context=context, **execute_callable_kwargs)
             ^^^^^^^^^^^^^^^^^^^^^^^^^^^^^^^^^^^^^^^^^^^^^^^^^^^^^^^^^^^^^
  File "/home/airflow/.local/lib/python3.11/site-packages/airflow/models/taskinstance.py", line 432, in _execute_callable
    return execute_callable(context=context, **execute_callable_kwargs)
           ^^^^^^^^^^^^^^^^^^^^^^^^^^^^^^^^^^^^^^^^^^^^^^^^^^^^^^^^^^^^
  File "/home/airflow/.local/lib/python3.11/site-packages/airflow/models/baseoperator.py", line 401, in wrapper
    return func(self, *args, **kwargs)
           ^^^^^^^^^^^^^^^^^^^^^^^^^^^
  File "/home/airflow/.local/lib/python3.11/site-packages/airflow/operators/python.py", line 235, in execute
    return_value = self.execute_callable()
                   ^^^^^^^^^^^^^^^^^^^^^^^
  File "/home/airflow/.local/lib/python3.11/site-packages/airflow/operators/python.py", line 252, in execute_callable
    return self.python_callable(*self.op_args, **self.op_kwargs)
           ^^^^^^^^^^^^^^^^^^^^^^^^^^^^^^^^^^^^^^^^^^^^^^^^^^^^^
  File "/opt/airflow/dags/scripts/train_prophet.py", line 92, in train_prophet
    best_model_temp, scores_temp = optimize_prophet_model(temp_df)
                                   ^^^^^^^^^^^^^^^^^^^^^^^^^^^^^^^
  File "/opt/airflow/dags/scripts/train_prophet.py", line 44, in optimize_prophet_model
    best = min(results, key=lambda x: x[1])
           ^^^^^^^^^^^^^^^^^^^^^^^^^^^^^^^^
ValueError: min() arg is an empty sequence
[2025-07-31T12:00:58.734+0000] {taskinstance.py:1206} INFO - Marking task as FAILED. dag_id=solar_ai_pipeline_2, task_id=train_prophet, run_id=scheduled__2023-07-06T00:00:00+00:00, execution_date=20230706T000000, start_date=20250731T115748, end_date=20250731T120058
[2025-07-31T12:00:58.847+0000] {standard_task_runner.py:110} ERROR - Failed to execute job 2922 for task train_prophet (min() arg is an empty sequence; 4133)
[2025-07-31T12:00:58.879+0000] {local_task_job_runner.py:240} INFO - Task exited with return code 1
[2025-07-31T12:00:58.928+0000] {taskinstance.py:3503} INFO - 0 downstream tasks scheduled from follow-on schedule check
[2025-07-31T12:00:59.005+0000] {local_task_job_runner.py:222} INFO - ::endgroup::
