[2025-07-31T09:37:39.213+0000] {local_task_job_runner.py:120} INFO - ::group::Pre task execution logs
[2025-07-31T09:37:39.278+0000] {taskinstance.py:2076} INFO - Dependencies all met for dep_context=non-requeueable deps ti=<TaskInstance: solar_ai_pipeline_2.predict_prophet scheduled__2023-09-12T00:00:00+00:00 [queued]>
[2025-07-31T09:37:39.300+0000] {taskinstance.py:2076} INFO - Dependencies all met for dep_context=requeueable deps ti=<TaskInstance: solar_ai_pipeline_2.predict_prophet scheduled__2023-09-12T00:00:00+00:00 [queued]>
[2025-07-31T09:37:39.300+0000] {taskinstance.py:2306} INFO - Starting attempt 2 of 2
[2025-07-31T09:37:39.387+0000] {taskinstance.py:2330} INFO - Executing <Task(PythonOperator): predict_prophet> on 2023-09-12 00:00:00+00:00
[2025-07-31T09:37:39.392+0000] {standard_task_runner.py:63} INFO - Started process 18286 to run task
[2025-07-31T09:37:39.395+0000] {standard_task_runner.py:90} INFO - Running: ['airflow', 'tasks', 'run', 'solar_ai_pipeline_2', 'predict_prophet', 'scheduled__2023-09-12T00:00:00+00:00', '--job-id', '2456', '--raw', '--subdir', 'DAGS_FOLDER/prophet_pipeline.py', '--cfg-path', '/tmp/tmpj8ybahv0']
[2025-07-31T09:37:39.399+0000] {standard_task_runner.py:91} INFO - Job 2456: Subtask predict_prophet
[2025-07-31T09:37:39.501+0000] {task_command.py:426} INFO - Running <TaskInstance: solar_ai_pipeline_2.predict_prophet scheduled__2023-09-12T00:00:00+00:00 [running]> on host a2a0dd314bdc
[2025-07-31T09:37:39.714+0000] {taskinstance.py:2648} INFO - Exporting env vars: AIRFLOW_CTX_DAG_OWNER='ensam' AIRFLOW_CTX_DAG_ID='solar_ai_pipeline_2' AIRFLOW_CTX_TASK_ID='predict_prophet' AIRFLOW_CTX_EXECUTION_DATE='2023-09-12T00:00:00+00:00' AIRFLOW_CTX_TRY_NUMBER='2' AIRFLOW_CTX_DAG_RUN_ID='scheduled__2023-09-12T00:00:00+00:00'
[2025-07-31T09:37:39.714+0000] {taskinstance.py:430} INFO - ::endgroup::
[2025-07-31T09:37:41.287+0000] {plot.py:39} ERROR - Importing plotly failed. Interactive plots will not work.
[2025-07-31T09:37:42.155+0000] {logging_mixin.py:188} WARNING - /opt/airflow/dags/scripts/predict_prophet.py:52 FutureWarning: In a future version of pandas, parsing datetimes with mixed time zones will raise an error unless `utc=True`. Please specify `utc=True` to opt in to the new behaviour and silence this warning. To create a `Series` with mixed offsets and `object` dtype, please use `apply` and `datetime.datetime.strptime`
[2025-07-31T09:37:43.525+0000] {logging_mixin.py:188} INFO - Prédictions temperature enregistrées (prophet_forecast_temperature_2023-09-12.csv) — MAE: 0.2940 | RMSE: 0.3230
[2025-07-31T09:37:44.488+0000] {logging_mixin.py:188} WARNING - /opt/airflow/dags/scripts/predict_prophet.py:52 FutureWarning: In a future version of pandas, parsing datetimes with mixed time zones will raise an error unless `utc=True`. Please specify `utc=True` to opt in to the new behaviour and silence this warning. To create a `Series` with mixed offsets and `object` dtype, please use `apply` and `datetime.datetime.strptime`
[2025-07-31T09:37:45.743+0000] {logging_mixin.py:188} INFO - Prédictions flow enregistrées (prophet_forecast_flow_2023-09-12.csv) — MAE: 0.2492 | RMSE: 0.3267
[2025-07-31T09:37:45.745+0000] {python.py:237} INFO - Done. Returned value was: None
[2025-07-31T09:37:45.746+0000] {taskinstance.py:441} INFO - ::group::Post task execution logs
[2025-07-31T09:37:45.758+0000] {taskinstance.py:1206} INFO - Marking task as SUCCESS. dag_id=solar_ai_pipeline_2, task_id=predict_prophet, run_id=scheduled__2023-09-12T00:00:00+00:00, execution_date=20230912T000000, start_date=20250731T093739, end_date=20250731T093745
[2025-07-31T09:37:45.880+0000] {local_task_job_runner.py:240} INFO - Task exited with return code 0
[2025-07-31T09:37:45.924+0000] {taskinstance.py:3503} INFO - 1 downstream tasks scheduled from follow-on schedule check
[2025-07-31T09:37:45.943+0000] {local_task_job_runner.py:222} INFO - ::endgroup::
