[2025-07-29T15:37:00.442+0000] {local_task_job_runner.py:120} INFO - ::group::Pre task execution logs
[2025-07-29T15:37:00.515+0000] {taskinstance.py:2076} INFO - Dependencies all met for dep_context=non-requeueable deps ti=<TaskInstance: solar_ai_pipeline_2.fetch_data scheduled__2023-01-05T00:00:00+00:00 [queued]>
[2025-07-29T15:37:00.560+0000] {taskinstance.py:2076} INFO - Dependencies all met for dep_context=requeueable deps ti=<TaskInstance: solar_ai_pipeline_2.fetch_data scheduled__2023-01-05T00:00:00+00:00 [queued]>
[2025-07-29T15:37:00.565+0000] {taskinstance.py:2306} INFO - Starting attempt 3 of 4
[2025-07-29T15:37:00.664+0000] {taskinstance.py:2330} INFO - Executing <Task(PythonOperator): fetch_data> on 2023-01-05 00:00:00+00:00
[2025-07-29T15:37:00.676+0000] {standard_task_runner.py:63} INFO - Started process 2238 to run task
[2025-07-29T15:37:00.688+0000] {standard_task_runner.py:90} INFO - Running: ['airflow', 'tasks', 'run', 'solar_ai_pipeline_2', 'fetch_data', 'scheduled__2023-01-05T00:00:00+00:00', '--job-id', '1397', '--raw', '--subdir', 'DAGS_FOLDER/prophet_pipeline.py', '--cfg-path', '/tmp/tmpall3tk0g']
[2025-07-29T15:37:00.696+0000] {standard_task_runner.py:91} INFO - Job 1397: Subtask fetch_data
[2025-07-29T15:37:00.949+0000] {task_command.py:426} INFO - Running <TaskInstance: solar_ai_pipeline_2.fetch_data scheduled__2023-01-05T00:00:00+00:00 [running]> on host 4c586ddbbbe9
[2025-07-29T15:37:01.361+0000] {taskinstance.py:2648} INFO - Exporting env vars: AIRFLOW_CTX_DAG_OWNER='ensam' AIRFLOW_CTX_DAG_ID='solar_ai_pipeline_2' AIRFLOW_CTX_TASK_ID='fetch_data' AIRFLOW_CTX_EXECUTION_DATE='2023-01-05T00:00:00+00:00' AIRFLOW_CTX_TRY_NUMBER='3' AIRFLOW_CTX_DAG_RUN_ID='scheduled__2023-01-05T00:00:00+00:00'
[2025-07-29T15:37:01.363+0000] {taskinstance.py:430} INFO - ::endgroup::
[2025-07-29T15:37:13.010+0000] {logging_mixin.py:188} INFO - Données simulées pour 2023-01-05 sauvegardées dans dags/data/processed/simulated_solar_heating_2023-01-05.csv
[2025-07-29T15:37:13.017+0000] {logging_mixin.py:188} INFO - count     24.000000
mean      96.223804
std      149.257206
min        0.000000
25%        0.000000
50%        0.000000
75%      179.706825
max      416.888400
Name: solar_irradiance, dtype: float64
[2025-07-29T15:37:13.018+0000] {logging_mixin.py:188} INFO - 2023-01-05 00:00:00+01:00 → Altitude: -66.39
[2025-07-29T15:37:13.019+0000] {logging_mixin.py:188} INFO - NASA GHI response keys: ['2023010500', '2023010501', '2023010502', '2023010503', '2023010504', '2023010505', '2023010506', '2023010507', '2023010508', '2023010509', '2023010510', '2023010511', '2023010512', '2023010513', '2023010514', '2023010515', '2023010516', '2023010517', '2023010518', '2023010519', '2023010520', '2023010521', '2023010522', '2023010523']
[2025-07-29T15:37:13.021+0000] {logging_mixin.py:188} INFO - 2023-01-05 01:00:00+01:00 → Altitude: -76.60
[2025-07-29T15:37:13.022+0000] {logging_mixin.py:188} INFO - NASA GHI response keys: ['2023010500', '2023010501', '2023010502', '2023010503', '2023010504', '2023010505', '2023010506', '2023010507', '2023010508', '2023010509', '2023010510', '2023010511', '2023010512', '2023010513', '2023010514', '2023010515', '2023010516', '2023010517', '2023010518', '2023010519', '2023010520', '2023010521', '2023010522', '2023010523']
[2025-07-29T15:37:13.023+0000] {logging_mixin.py:188} INFO - 2023-01-05 02:00:00+01:00 → Altitude: -77.82
[2025-07-29T15:37:13.024+0000] {logging_mixin.py:188} INFO - NASA GHI response keys: ['2023010500', '2023010501', '2023010502', '2023010503', '2023010504', '2023010505', '2023010506', '2023010507', '2023010508', '2023010509', '2023010510', '2023010511', '2023010512', '2023010513', '2023010514', '2023010515', '2023010516', '2023010517', '2023010518', '2023010519', '2023010520', '2023010521', '2023010522', '2023010523']
[2025-07-29T15:37:13.026+0000] {logging_mixin.py:188} INFO - 2023-01-05 03:00:00+01:00 → Altitude: -68.46
[2025-07-29T15:37:13.027+0000] {logging_mixin.py:188} INFO - NASA GHI response keys: ['2023010500', '2023010501', '2023010502', '2023010503', '2023010504', '2023010505', '2023010506', '2023010507', '2023010508', '2023010509', '2023010510', '2023010511', '2023010512', '2023010513', '2023010514', '2023010515', '2023010516', '2023010517', '2023010518', '2023010519', '2023010520', '2023010521', '2023010522', '2023010523']
[2025-07-29T15:37:13.028+0000] {logging_mixin.py:188} INFO - 2023-01-05 04:00:00+01:00 → Altitude: -56.51
[2025-07-29T15:37:13.029+0000] {logging_mixin.py:188} INFO - NASA GHI response keys: ['2023010500', '2023010501', '2023010502', '2023010503', '2023010504', '2023010505', '2023010506', '2023010507', '2023010508', '2023010509', '2023010510', '2023010511', '2023010512', '2023010513', '2023010514', '2023010515', '2023010516', '2023010517', '2023010518', '2023010519', '2023010520', '2023010521', '2023010522', '2023010523']
[2025-07-29T15:37:13.031+0000] {logging_mixin.py:188} INFO - 2023-01-05 05:00:00+01:00 → Altitude: -44.06
[2025-07-29T15:37:13.032+0000] {logging_mixin.py:188} INFO - NASA GHI response keys: ['2023010500', '2023010501', '2023010502', '2023010503', '2023010504', '2023010505', '2023010506', '2023010507', '2023010508', '2023010509', '2023010510', '2023010511', '2023010512', '2023010513', '2023010514', '2023010515', '2023010516', '2023010517', '2023010518', '2023010519', '2023010520', '2023010521', '2023010522', '2023010523']
[2025-07-29T15:37:13.033+0000] {logging_mixin.py:188} INFO - 2023-01-05 06:00:00+01:00 → Altitude: -31.60
[2025-07-29T15:37:13.034+0000] {logging_mixin.py:188} INFO - NASA GHI response keys: ['2023010500', '2023010501', '2023010502', '2023010503', '2023010504', '2023010505', '2023010506', '2023010507', '2023010508', '2023010509', '2023010510', '2023010511', '2023010512', '2023010513', '2023010514', '2023010515', '2023010516', '2023010517', '2023010518', '2023010519', '2023010520', '2023010521', '2023010522', '2023010523']
[2025-07-29T15:37:13.035+0000] {logging_mixin.py:188} INFO - 2023-01-05 07:00:00+01:00 → Altitude: -19.35
[2025-07-29T15:37:13.037+0000] {logging_mixin.py:188} INFO - NASA GHI response keys: ['2023010500', '2023010501', '2023010502', '2023010503', '2023010504', '2023010505', '2023010506', '2023010507', '2023010508', '2023010509', '2023010510', '2023010511', '2023010512', '2023010513', '2023010514', '2023010515', '2023010516', '2023010517', '2023010518', '2023010519', '2023010520', '2023010521', '2023010522', '2023010523']
[2025-07-29T15:37:13.038+0000] {logging_mixin.py:188} INFO - 2023-01-05 08:00:00+01:00 → Altitude: -7.48
[2025-07-29T15:37:13.039+0000] {logging_mixin.py:188} INFO - NASA GHI response keys: ['2023010500', '2023010501', '2023010502', '2023010503', '2023010504', '2023010505', '2023010506', '2023010507', '2023010508', '2023010509', '2023010510', '2023010511', '2023010512', '2023010513', '2023010514', '2023010515', '2023010516', '2023010517', '2023010518', '2023010519', '2023010520', '2023010521', '2023010522', '2023010523']
[2025-07-29T15:37:13.040+0000] {logging_mixin.py:188} INFO - 2023-01-05 09:00:00+01:00 → Altitude: 3.88
[2025-07-29T15:37:13.041+0000] {logging_mixin.py:188} INFO - NASA GHI response keys: ['2023010500', '2023010501', '2023010502', '2023010503', '2023010504', '2023010505', '2023010506', '2023010507', '2023010508', '2023010509', '2023010510', '2023010511', '2023010512', '2023010513', '2023010514', '2023010515', '2023010516', '2023010517', '2023010518', '2023010519', '2023010520', '2023010521', '2023010522', '2023010523']
[2025-07-29T15:37:13.042+0000] {logging_mixin.py:188} INFO - 2023-01-05 10:00:00+01:00 → Altitude: 13.98
[2025-07-29T15:37:13.043+0000] {logging_mixin.py:188} INFO - NASA GHI response keys: ['2023010500', '2023010501', '2023010502', '2023010503', '2023010504', '2023010505', '2023010506', '2023010507', '2023010508', '2023010509', '2023010510', '2023010511', '2023010512', '2023010513', '2023010514', '2023010515', '2023010516', '2023010517', '2023010518', '2023010519', '2023010520', '2023010521', '2023010522', '2023010523']
[2025-07-29T15:37:13.044+0000] {logging_mixin.py:188} INFO - 2023-01-05 11:00:00+01:00 → Altitude: 22.74
[2025-07-29T15:37:13.045+0000] {logging_mixin.py:188} INFO - NASA GHI response keys: ['2023010500', '2023010501', '2023010502', '2023010503', '2023010504', '2023010505', '2023010506', '2023010507', '2023010508', '2023010509', '2023010510', '2023010511', '2023010512', '2023010513', '2023010514', '2023010515', '2023010516', '2023010517', '2023010518', '2023010519', '2023010520', '2023010521', '2023010522', '2023010523']
[2025-07-29T15:37:13.047+0000] {logging_mixin.py:188} INFO - 2023-01-05 12:00:00+01:00 → Altitude: 29.41
[2025-07-29T15:37:13.048+0000] {logging_mixin.py:188} INFO - NASA GHI response keys: ['2023010500', '2023010501', '2023010502', '2023010503', '2023010504', '2023010505', '2023010506', '2023010507', '2023010508', '2023010509', '2023010510', '2023010511', '2023010512', '2023010513', '2023010514', '2023010515', '2023010516', '2023010517', '2023010518', '2023010519', '2023010520', '2023010521', '2023010522', '2023010523']
[2025-07-29T15:37:13.049+0000] {logging_mixin.py:188} INFO - 2023-01-05 13:00:00+01:00 → Altitude: 33.21
[2025-07-29T15:37:13.049+0000] {logging_mixin.py:188} INFO - NASA GHI response keys: ['2023010500', '2023010501', '2023010502', '2023010503', '2023010504', '2023010505', '2023010506', '2023010507', '2023010508', '2023010509', '2023010510', '2023010511', '2023010512', '2023010513', '2023010514', '2023010515', '2023010516', '2023010517', '2023010518', '2023010519', '2023010520', '2023010521', '2023010522', '2023010523']
[2025-07-29T15:37:13.050+0000] {logging_mixin.py:188} INFO - 2023-01-05 14:00:00+01:00 → Altitude: 33.55
[2025-07-29T15:37:13.051+0000] {logging_mixin.py:188} INFO - NASA GHI response keys: ['2023010500', '2023010501', '2023010502', '2023010503', '2023010504', '2023010505', '2023010506', '2023010507', '2023010508', '2023010509', '2023010510', '2023010511', '2023010512', '2023010513', '2023010514', '2023010515', '2023010516', '2023010517', '2023010518', '2023010519', '2023010520', '2023010521', '2023010522', '2023010523']
[2025-07-29T15:37:13.052+0000] {logging_mixin.py:188} INFO - 2023-01-05 15:00:00+01:00 → Altitude: 30.38
[2025-07-29T15:37:13.053+0000] {logging_mixin.py:188} INFO - NASA GHI response keys: ['2023010500', '2023010501', '2023010502', '2023010503', '2023010504', '2023010505', '2023010506', '2023010507', '2023010508', '2023010509', '2023010510', '2023010511', '2023010512', '2023010513', '2023010514', '2023010515', '2023010516', '2023010517', '2023010518', '2023010519', '2023010520', '2023010521', '2023010522', '2023010523']
[2025-07-29T15:37:13.054+0000] {logging_mixin.py:188} INFO - 2023-01-05 16:00:00+01:00 → Altitude: 24.20
[2025-07-29T15:37:13.054+0000] {logging_mixin.py:188} INFO - NASA GHI response keys: ['2023010500', '2023010501', '2023010502', '2023010503', '2023010504', '2023010505', '2023010506', '2023010507', '2023010508', '2023010509', '2023010510', '2023010511', '2023010512', '2023010513', '2023010514', '2023010515', '2023010516', '2023010517', '2023010518', '2023010519', '2023010520', '2023010521', '2023010522', '2023010523']
[2025-07-29T15:37:13.055+0000] {logging_mixin.py:188} INFO - 2023-01-05 17:00:00+01:00 → Altitude: 15.78
[2025-07-29T15:37:13.056+0000] {logging_mixin.py:188} INFO - NASA GHI response keys: ['2023010500', '2023010501', '2023010502', '2023010503', '2023010504', '2023010505', '2023010506', '2023010507', '2023010508', '2023010509', '2023010510', '2023010511', '2023010512', '2023010513', '2023010514', '2023010515', '2023010516', '2023010517', '2023010518', '2023010519', '2023010520', '2023010521', '2023010522', '2023010523']
[2025-07-29T15:37:13.056+0000] {logging_mixin.py:188} INFO - 2023-01-05 18:00:00+01:00 → Altitude: 5.87
[2025-07-29T15:37:13.057+0000] {logging_mixin.py:188} INFO - NASA GHI response keys: ['2023010500', '2023010501', '2023010502', '2023010503', '2023010504', '2023010505', '2023010506', '2023010507', '2023010508', '2023010509', '2023010510', '2023010511', '2023010512', '2023010513', '2023010514', '2023010515', '2023010516', '2023010517', '2023010518', '2023010519', '2023010520', '2023010521', '2023010522', '2023010523']
[2025-07-29T15:37:13.058+0000] {logging_mixin.py:188} INFO - 2023-01-05 19:00:00+01:00 → Altitude: -5.26
[2025-07-29T15:37:13.059+0000] {logging_mixin.py:188} INFO - NASA GHI response keys: ['2023010500', '2023010501', '2023010502', '2023010503', '2023010504', '2023010505', '2023010506', '2023010507', '2023010508', '2023010509', '2023010510', '2023010511', '2023010512', '2023010513', '2023010514', '2023010515', '2023010516', '2023010517', '2023010518', '2023010519', '2023010520', '2023010521', '2023010522', '2023010523']
[2025-07-29T15:37:13.059+0000] {logging_mixin.py:188} INFO - 2023-01-05 20:00:00+01:00 → Altitude: -17.05
[2025-07-29T15:37:13.060+0000] {logging_mixin.py:188} INFO - NASA GHI response keys: ['2023010500', '2023010501', '2023010502', '2023010503', '2023010504', '2023010505', '2023010506', '2023010507', '2023010508', '2023010509', '2023010510', '2023010511', '2023010512', '2023010513', '2023010514', '2023010515', '2023010516', '2023010517', '2023010518', '2023010519', '2023010520', '2023010521', '2023010522', '2023010523']
[2025-07-29T15:37:13.061+0000] {logging_mixin.py:188} INFO - 2023-01-05 21:00:00+01:00 → Altitude: -29.24
[2025-07-29T15:37:13.061+0000] {logging_mixin.py:188} INFO - NASA GHI response keys: ['2023010500', '2023010501', '2023010502', '2023010503', '2023010504', '2023010505', '2023010506', '2023010507', '2023010508', '2023010509', '2023010510', '2023010511', '2023010512', '2023010513', '2023010514', '2023010515', '2023010516', '2023010517', '2023010518', '2023010519', '2023010520', '2023010521', '2023010522', '2023010523']
[2025-07-29T15:37:13.062+0000] {logging_mixin.py:188} INFO - 2023-01-05 22:00:00+01:00 → Altitude: -41.67
[2025-07-29T15:37:13.063+0000] {logging_mixin.py:188} INFO - NASA GHI response keys: ['2023010500', '2023010501', '2023010502', '2023010503', '2023010504', '2023010505', '2023010506', '2023010507', '2023010508', '2023010509', '2023010510', '2023010511', '2023010512', '2023010513', '2023010514', '2023010515', '2023010516', '2023010517', '2023010518', '2023010519', '2023010520', '2023010521', '2023010522', '2023010523']
[2025-07-29T15:37:13.064+0000] {logging_mixin.py:188} INFO - 2023-01-05 23:00:00+01:00 → Altitude: -54.14
[2025-07-29T15:37:13.065+0000] {logging_mixin.py:188} INFO - NASA GHI response keys: ['2023010500', '2023010501', '2023010502', '2023010503', '2023010504', '2023010505', '2023010506', '2023010507', '2023010508', '2023010509', '2023010510', '2023010511', '2023010512', '2023010513', '2023010514', '2023010515', '2023010516', '2023010517', '2023010518', '2023010519', '2023010520', '2023010521', '2023010522', '2023010523']
[2025-07-29T15:37:13.067+0000] {python.py:237} INFO - Done. Returned value was: None
[2025-07-29T15:37:13.068+0000] {taskinstance.py:441} INFO - ::group::Post task execution logs
[2025-07-29T15:37:13.090+0000] {taskinstance.py:1206} INFO - Marking task as SUCCESS. dag_id=solar_ai_pipeline_2, task_id=fetch_data, run_id=scheduled__2023-01-05T00:00:00+00:00, execution_date=20230105T000000, start_date=20250729T153700, end_date=20250729T153713
[2025-07-29T15:37:13.215+0000] {local_task_job_runner.py:240} INFO - Task exited with return code 0
[2025-07-29T15:37:13.330+0000] {taskinstance.py:3503} INFO - 1 downstream tasks scheduled from follow-on schedule check
[2025-07-29T15:37:13.373+0000] {local_task_job_runner.py:222} INFO - ::endgroup::
