[2025-07-29T15:50:58.046+0000] {local_task_job_runner.py:120} INFO - ::group::Pre task execution logs
[2025-07-29T15:50:58.114+0000] {taskinstance.py:2076} INFO - Dependencies all met for dep_context=non-requeueable deps ti=<TaskInstance: solar_ai_pipeline_2.fetch_data scheduled__2023-02-06T00:00:00+00:00 [queued]>
[2025-07-29T15:50:58.149+0000] {taskinstance.py:2076} INFO - Dependencies all met for dep_context=requeueable deps ti=<TaskInstance: solar_ai_pipeline_2.fetch_data scheduled__2023-02-06T00:00:00+00:00 [queued]>
[2025-07-29T15:50:58.151+0000] {taskinstance.py:2306} INFO - Starting attempt 1 of 2
[2025-07-29T15:50:58.275+0000] {taskinstance.py:2330} INFO - Executing <Task(PythonOperator): fetch_data> on 2023-02-06 00:00:00+00:00
[2025-07-29T15:50:58.288+0000] {standard_task_runner.py:63} INFO - Started process 3531 to run task
[2025-07-29T15:50:58.296+0000] {standard_task_runner.py:90} INFO - Running: ['airflow', 'tasks', 'run', 'solar_ai_pipeline_2', 'fetch_data', 'scheduled__2023-02-06T00:00:00+00:00', '--job-id', '1471', '--raw', '--subdir', 'DAGS_FOLDER/prophet_pipeline.py', '--cfg-path', '/tmp/tmpvqdhb47o']
[2025-07-29T15:50:58.303+0000] {standard_task_runner.py:91} INFO - Job 1471: Subtask fetch_data
[2025-07-29T15:50:58.730+0000] {task_command.py:426} INFO - Running <TaskInstance: solar_ai_pipeline_2.fetch_data scheduled__2023-02-06T00:00:00+00:00 [running]> on host 4c586ddbbbe9
[2025-07-29T15:50:59.073+0000] {taskinstance.py:2648} INFO - Exporting env vars: AIRFLOW_CTX_DAG_OWNER='ensam' AIRFLOW_CTX_DAG_ID='solar_ai_pipeline_2' AIRFLOW_CTX_TASK_ID='fetch_data' AIRFLOW_CTX_EXECUTION_DATE='2023-02-06T00:00:00+00:00' AIRFLOW_CTX_TRY_NUMBER='1' AIRFLOW_CTX_DAG_RUN_ID='scheduled__2023-02-06T00:00:00+00:00'
[2025-07-29T15:50:59.076+0000] {taskinstance.py:430} INFO - ::endgroup::
[2025-07-29T15:51:09.839+0000] {logging_mixin.py:188} INFO - Données simulées pour 2023-02-06 sauvegardées dans dags/data/processed/simulated_solar_heating_2023-02-06.csv
[2025-07-29T15:51:09.846+0000] {logging_mixin.py:188} INFO - count     24.000000
mean     127.971417
std      189.597514
min        0.000000
25%        0.000000
50%        0.000000
75%      245.328000
max      510.540000
Name: solar_irradiance, dtype: float64
[2025-07-29T15:51:09.847+0000] {logging_mixin.py:188} INFO - 2023-02-06 00:00:00+01:00 → Altitude: -60.51
[2025-07-29T15:51:09.849+0000] {logging_mixin.py:188} INFO - NASA GHI response keys: ['2023020600', '2023020601', '2023020602', '2023020603', '2023020604', '2023020605', '2023020606', '2023020607', '2023020608', '2023020609', '2023020610', '2023020611', '2023020612', '2023020613', '2023020614', '2023020615', '2023020616', '2023020617', '2023020618', '2023020619', '2023020620', '2023020621', '2023020622', '2023020623']
[2025-07-29T15:51:09.850+0000] {logging_mixin.py:188} INFO - 2023-02-06 01:00:00+01:00 → Altitude: -69.57
[2025-07-29T15:51:09.851+0000] {logging_mixin.py:188} INFO - NASA GHI response keys: ['2023020600', '2023020601', '2023020602', '2023020603', '2023020604', '2023020605', '2023020606', '2023020607', '2023020608', '2023020609', '2023020610', '2023020611', '2023020612', '2023020613', '2023020614', '2023020615', '2023020616', '2023020617', '2023020618', '2023020619', '2023020620', '2023020621', '2023020622', '2023020623']
[2025-07-29T15:51:09.852+0000] {logging_mixin.py:188} INFO - 2023-02-06 02:00:00+01:00 → Altitude: -71.83
[2025-07-29T15:51:09.853+0000] {logging_mixin.py:188} INFO - NASA GHI response keys: ['2023020600', '2023020601', '2023020602', '2023020603', '2023020604', '2023020605', '2023020606', '2023020607', '2023020608', '2023020609', '2023020610', '2023020611', '2023020612', '2023020613', '2023020614', '2023020615', '2023020616', '2023020617', '2023020618', '2023020619', '2023020620', '2023020621', '2023020622', '2023020623']
[2025-07-29T15:51:09.855+0000] {logging_mixin.py:188} INFO - 2023-02-06 03:00:00+01:00 → Altitude: -65.33
[2025-07-29T15:51:09.856+0000] {logging_mixin.py:188} INFO - NASA GHI response keys: ['2023020600', '2023020601', '2023020602', '2023020603', '2023020604', '2023020605', '2023020606', '2023020607', '2023020608', '2023020609', '2023020610', '2023020611', '2023020612', '2023020613', '2023020614', '2023020615', '2023020616', '2023020617', '2023020618', '2023020619', '2023020620', '2023020621', '2023020622', '2023020623']
[2025-07-29T15:51:09.857+0000] {logging_mixin.py:188} INFO - 2023-02-06 04:00:00+01:00 → Altitude: -54.64
[2025-07-29T15:51:09.858+0000] {logging_mixin.py:188} INFO - NASA GHI response keys: ['2023020600', '2023020601', '2023020602', '2023020603', '2023020604', '2023020605', '2023020606', '2023020607', '2023020608', '2023020609', '2023020610', '2023020611', '2023020612', '2023020613', '2023020614', '2023020615', '2023020616', '2023020617', '2023020618', '2023020619', '2023020620', '2023020621', '2023020622', '2023020623']
[2025-07-29T15:51:09.860+0000] {logging_mixin.py:188} INFO - 2023-02-06 05:00:00+01:00 → Altitude: -42.60
[2025-07-29T15:51:09.861+0000] {logging_mixin.py:188} INFO - NASA GHI response keys: ['2023020600', '2023020601', '2023020602', '2023020603', '2023020604', '2023020605', '2023020606', '2023020607', '2023020608', '2023020609', '2023020610', '2023020611', '2023020612', '2023020613', '2023020614', '2023020615', '2023020616', '2023020617', '2023020618', '2023020619', '2023020620', '2023020621', '2023020622', '2023020623']
[2025-07-29T15:51:09.862+0000] {logging_mixin.py:188} INFO - 2023-02-06 06:00:00+01:00 → Altitude: -30.16
[2025-07-29T15:51:09.863+0000] {logging_mixin.py:188} INFO - NASA GHI response keys: ['2023020600', '2023020601', '2023020602', '2023020603', '2023020604', '2023020605', '2023020606', '2023020607', '2023020608', '2023020609', '2023020610', '2023020611', '2023020612', '2023020613', '2023020614', '2023020615', '2023020616', '2023020617', '2023020618', '2023020619', '2023020620', '2023020621', '2023020622', '2023020623']
[2025-07-29T15:51:09.864+0000] {logging_mixin.py:188} INFO - 2023-02-06 07:00:00+01:00 → Altitude: -17.68
[2025-07-29T15:51:09.866+0000] {logging_mixin.py:188} INFO - NASA GHI response keys: ['2023020600', '2023020601', '2023020602', '2023020603', '2023020604', '2023020605', '2023020606', '2023020607', '2023020608', '2023020609', '2023020610', '2023020611', '2023020612', '2023020613', '2023020614', '2023020615', '2023020616', '2023020617', '2023020618', '2023020619', '2023020620', '2023020621', '2023020622', '2023020623']
[2025-07-29T15:51:09.867+0000] {logging_mixin.py:188} INFO - 2023-02-06 08:00:00+01:00 → Altitude: -5.38
[2025-07-29T15:51:09.868+0000] {logging_mixin.py:188} INFO - NASA GHI response keys: ['2023020600', '2023020601', '2023020602', '2023020603', '2023020604', '2023020605', '2023020606', '2023020607', '2023020608', '2023020609', '2023020610', '2023020611', '2023020612', '2023020613', '2023020614', '2023020615', '2023020616', '2023020617', '2023020618', '2023020619', '2023020620', '2023020621', '2023020622', '2023020623']
[2025-07-29T15:51:09.869+0000] {logging_mixin.py:188} INFO - 2023-02-06 09:00:00+01:00 → Altitude: 6.48
[2025-07-29T15:51:09.870+0000] {logging_mixin.py:188} INFO - NASA GHI response keys: ['2023020600', '2023020601', '2023020602', '2023020603', '2023020604', '2023020605', '2023020606', '2023020607', '2023020608', '2023020609', '2023020610', '2023020611', '2023020612', '2023020613', '2023020614', '2023020615', '2023020616', '2023020617', '2023020618', '2023020619', '2023020620', '2023020621', '2023020622', '2023020623']
[2025-07-29T15:51:09.871+0000] {logging_mixin.py:188} INFO - 2023-02-06 10:00:00+01:00 → Altitude: 17.41
[2025-07-29T15:51:09.872+0000] {logging_mixin.py:188} INFO - NASA GHI response keys: ['2023020600', '2023020601', '2023020602', '2023020603', '2023020604', '2023020605', '2023020606', '2023020607', '2023020608', '2023020609', '2023020610', '2023020611', '2023020612', '2023020613', '2023020614', '2023020615', '2023020616', '2023020617', '2023020618', '2023020619', '2023020620', '2023020621', '2023020622', '2023020623']
[2025-07-29T15:51:09.873+0000] {logging_mixin.py:188} INFO - 2023-02-06 11:00:00+01:00 → Altitude: 27.13
[2025-07-29T15:51:09.875+0000] {logging_mixin.py:188} INFO - NASA GHI response keys: ['2023020600', '2023020601', '2023020602', '2023020603', '2023020604', '2023020605', '2023020606', '2023020607', '2023020608', '2023020609', '2023020610', '2023020611', '2023020612', '2023020613', '2023020614', '2023020615', '2023020616', '2023020617', '2023020618', '2023020619', '2023020620', '2023020621', '2023020622', '2023020623']
[2025-07-29T15:51:09.876+0000] {logging_mixin.py:188} INFO - 2023-02-06 12:00:00+01:00 → Altitude: 34.89
[2025-07-29T15:51:09.877+0000] {logging_mixin.py:188} INFO - NASA GHI response keys: ['2023020600', '2023020601', '2023020602', '2023020603', '2023020604', '2023020605', '2023020606', '2023020607', '2023020608', '2023020609', '2023020610', '2023020611', '2023020612', '2023020613', '2023020614', '2023020615', '2023020616', '2023020617', '2023020618', '2023020619', '2023020620', '2023020621', '2023020622', '2023020623']
[2025-07-29T15:51:09.878+0000] {logging_mixin.py:188} INFO - 2023-02-06 13:00:00+01:00 → Altitude: 39.71
[2025-07-29T15:51:09.879+0000] {logging_mixin.py:188} INFO - NASA GHI response keys: ['2023020600', '2023020601', '2023020602', '2023020603', '2023020604', '2023020605', '2023020606', '2023020607', '2023020608', '2023020609', '2023020610', '2023020611', '2023020612', '2023020613', '2023020614', '2023020615', '2023020616', '2023020617', '2023020618', '2023020619', '2023020620', '2023020621', '2023020622', '2023020623']
[2025-07-29T15:51:09.880+0000] {logging_mixin.py:188} INFO - 2023-02-06 14:00:00+01:00 → Altitude: 40.71
[2025-07-29T15:51:09.881+0000] {logging_mixin.py:188} INFO - NASA GHI response keys: ['2023020600', '2023020601', '2023020602', '2023020603', '2023020604', '2023020605', '2023020606', '2023020607', '2023020608', '2023020609', '2023020610', '2023020611', '2023020612', '2023020613', '2023020614', '2023020615', '2023020616', '2023020617', '2023020618', '2023020619', '2023020620', '2023020621', '2023020622', '2023020623']
[2025-07-29T15:51:09.882+0000] {logging_mixin.py:188} INFO - 2023-02-06 15:00:00+01:00 → Altitude: 37.67
[2025-07-29T15:51:09.883+0000] {logging_mixin.py:188} INFO - NASA GHI response keys: ['2023020600', '2023020601', '2023020602', '2023020603', '2023020604', '2023020605', '2023020606', '2023020607', '2023020608', '2023020609', '2023020610', '2023020611', '2023020612', '2023020613', '2023020614', '2023020615', '2023020616', '2023020617', '2023020618', '2023020619', '2023020620', '2023020621', '2023020622', '2023020623']
[2025-07-29T15:51:09.885+0000] {logging_mixin.py:188} INFO - 2023-02-06 16:00:00+01:00 → Altitude: 31.21
[2025-07-29T15:51:09.886+0000] {logging_mixin.py:188} INFO - NASA GHI response keys: ['2023020600', '2023020601', '2023020602', '2023020603', '2023020604', '2023020605', '2023020606', '2023020607', '2023020608', '2023020609', '2023020610', '2023020611', '2023020612', '2023020613', '2023020614', '2023020615', '2023020616', '2023020617', '2023020618', '2023020619', '2023020620', '2023020621', '2023020622', '2023020623']
[2025-07-29T15:51:09.887+0000] {logging_mixin.py:188} INFO - 2023-02-06 17:00:00+01:00 → Altitude: 22.34
[2025-07-29T15:51:09.888+0000] {logging_mixin.py:188} INFO - NASA GHI response keys: ['2023020600', '2023020601', '2023020602', '2023020603', '2023020604', '2023020605', '2023020606', '2023020607', '2023020608', '2023020609', '2023020610', '2023020611', '2023020612', '2023020613', '2023020614', '2023020615', '2023020616', '2023020617', '2023020618', '2023020619', '2023020620', '2023020621', '2023020622', '2023020623']
[2025-07-29T15:51:09.890+0000] {logging_mixin.py:188} INFO - 2023-02-06 18:00:00+01:00 → Altitude: 11.91
[2025-07-29T15:51:09.891+0000] {logging_mixin.py:188} INFO - NASA GHI response keys: ['2023020600', '2023020601', '2023020602', '2023020603', '2023020604', '2023020605', '2023020606', '2023020607', '2023020608', '2023020609', '2023020610', '2023020611', '2023020612', '2023020613', '2023020614', '2023020615', '2023020616', '2023020617', '2023020618', '2023020619', '2023020620', '2023020621', '2023020622', '2023020623']
[2025-07-29T15:51:09.892+0000] {logging_mixin.py:188} INFO - 2023-02-06 19:00:00+01:00 → Altitude: 0.81
[2025-07-29T15:51:09.893+0000] {logging_mixin.py:188} INFO - NASA GHI response keys: ['2023020600', '2023020601', '2023020602', '2023020603', '2023020604', '2023020605', '2023020606', '2023020607', '2023020608', '2023020609', '2023020610', '2023020611', '2023020612', '2023020613', '2023020614', '2023020615', '2023020616', '2023020617', '2023020618', '2023020619', '2023020620', '2023020621', '2023020622', '2023020623']
[2025-07-29T15:51:09.894+0000] {logging_mixin.py:188} INFO - 2023-02-06 20:00:00+01:00 → Altitude: -11.65
[2025-07-29T15:51:09.895+0000] {logging_mixin.py:188} INFO - NASA GHI response keys: ['2023020600', '2023020601', '2023020602', '2023020603', '2023020604', '2023020605', '2023020606', '2023020607', '2023020608', '2023020609', '2023020610', '2023020611', '2023020612', '2023020613', '2023020614', '2023020615', '2023020616', '2023020617', '2023020618', '2023020619', '2023020620', '2023020621', '2023020622', '2023020623']
[2025-07-29T15:51:09.896+0000] {logging_mixin.py:188} INFO - 2023-02-06 21:00:00+01:00 → Altitude: -24.05
[2025-07-29T15:51:09.897+0000] {logging_mixin.py:188} INFO - NASA GHI response keys: ['2023020600', '2023020601', '2023020602', '2023020603', '2023020604', '2023020605', '2023020606', '2023020607', '2023020608', '2023020609', '2023020610', '2023020611', '2023020612', '2023020613', '2023020614', '2023020615', '2023020616', '2023020617', '2023020618', '2023020619', '2023020620', '2023020621', '2023020622', '2023020623']
[2025-07-29T15:51:09.899+0000] {logging_mixin.py:188} INFO - 2023-02-06 22:00:00+01:00 → Altitude: -36.54
[2025-07-29T15:51:09.900+0000] {logging_mixin.py:188} INFO - NASA GHI response keys: ['2023020600', '2023020601', '2023020602', '2023020603', '2023020604', '2023020605', '2023020606', '2023020607', '2023020608', '2023020609', '2023020610', '2023020611', '2023020612', '2023020613', '2023020614', '2023020615', '2023020616', '2023020617', '2023020618', '2023020619', '2023020620', '2023020621', '2023020622', '2023020623']
[2025-07-29T15:51:09.901+0000] {logging_mixin.py:188} INFO - 2023-02-06 23:00:00+01:00 → Altitude: -48.81
[2025-07-29T15:51:09.902+0000] {logging_mixin.py:188} INFO - NASA GHI response keys: ['2023020600', '2023020601', '2023020602', '2023020603', '2023020604', '2023020605', '2023020606', '2023020607', '2023020608', '2023020609', '2023020610', '2023020611', '2023020612', '2023020613', '2023020614', '2023020615', '2023020616', '2023020617', '2023020618', '2023020619', '2023020620', '2023020621', '2023020622', '2023020623']
[2025-07-29T15:51:09.906+0000] {python.py:237} INFO - Done. Returned value was: None
[2025-07-29T15:51:09.908+0000] {taskinstance.py:441} INFO - ::group::Post task execution logs
[2025-07-29T15:51:09.946+0000] {taskinstance.py:1206} INFO - Marking task as SUCCESS. dag_id=solar_ai_pipeline_2, task_id=fetch_data, run_id=scheduled__2023-02-06T00:00:00+00:00, execution_date=20230206T000000, start_date=20250729T155058, end_date=20250729T155109
[2025-07-29T15:51:10.111+0000] {local_task_job_runner.py:240} INFO - Task exited with return code 0
[2025-07-29T15:51:10.226+0000] {taskinstance.py:3503} INFO - 1 downstream tasks scheduled from follow-on schedule check
[2025-07-29T15:51:10.309+0000] {local_task_job_runner.py:222} INFO - ::endgroup::
