[2025-07-29T15:44:56.058+0000] {local_task_job_runner.py:120} INFO - ::group::Pre task execution logs
[2025-07-29T15:44:56.122+0000] {taskinstance.py:2076} INFO - Dependencies all met for dep_context=non-requeueable deps ti=<TaskInstance: solar_ai_pipeline_2.fetch_data scheduled__2023-01-30T00:00:00+00:00 [queued]>
[2025-07-29T15:44:56.167+0000] {taskinstance.py:2076} INFO - Dependencies all met for dep_context=requeueable deps ti=<TaskInstance: solar_ai_pipeline_2.fetch_data scheduled__2023-01-30T00:00:00+00:00 [queued]>
[2025-07-29T15:44:56.172+0000] {taskinstance.py:2306} INFO - Starting attempt 1 of 2
[2025-07-29T15:44:56.283+0000] {taskinstance.py:2330} INFO - Executing <Task(PythonOperator): fetch_data> on 2023-01-30 00:00:00+00:00
[2025-07-29T15:44:56.295+0000] {standard_task_runner.py:63} INFO - Started process 3053 to run task
[2025-07-29T15:44:56.303+0000] {standard_task_runner.py:90} INFO - Running: ['airflow', 'tasks', 'run', 'solar_ai_pipeline_2', 'fetch_data', 'scheduled__2023-01-30T00:00:00+00:00', '--job-id', '1444', '--raw', '--subdir', 'DAGS_FOLDER/prophet_pipeline.py', '--cfg-path', '/tmp/tmphdra5u7v']
[2025-07-29T15:44:56.308+0000] {standard_task_runner.py:91} INFO - Job 1444: Subtask fetch_data
[2025-07-29T15:44:56.579+0000] {task_command.py:426} INFO - Running <TaskInstance: solar_ai_pipeline_2.fetch_data scheduled__2023-01-30T00:00:00+00:00 [running]> on host 4c586ddbbbe9
[2025-07-29T15:44:56.999+0000] {taskinstance.py:2648} INFO - Exporting env vars: AIRFLOW_CTX_DAG_OWNER='ensam' AIRFLOW_CTX_DAG_ID='solar_ai_pipeline_2' AIRFLOW_CTX_TASK_ID='fetch_data' AIRFLOW_CTX_EXECUTION_DATE='2023-01-30T00:00:00+00:00' AIRFLOW_CTX_TRY_NUMBER='1' AIRFLOW_CTX_DAG_RUN_ID='scheduled__2023-01-30T00:00:00+00:00'
[2025-07-29T15:44:57.003+0000] {taskinstance.py:430} INFO - ::endgroup::
[2025-07-29T15:45:08.234+0000] {logging_mixin.py:188} INFO - Données simulées pour 2023-01-30 sauvegardées dans dags/data/processed/simulated_solar_heating_2023-01-30.csv
[2025-07-29T15:45:08.239+0000] {logging_mixin.py:188} INFO - count     24.000000
mean     118.242304
std      177.306284
min        0.000000
25%        0.000000
50%        0.000000
75%      233.584950
max      489.675000
Name: solar_irradiance, dtype: float64
[2025-07-29T15:45:08.240+0000] {logging_mixin.py:188} INFO - 2023-01-30 00:00:00+01:00 → Altitude: -61.98
[2025-07-29T15:45:08.241+0000] {logging_mixin.py:188} INFO - NASA GHI response keys: ['2023013000', '2023013001', '2023013002', '2023013003', '2023013004', '2023013005', '2023013006', '2023013007', '2023013008', '2023013009', '2023013010', '2023013011', '2023013012', '2023013013', '2023013014', '2023013015', '2023013016', '2023013017', '2023013018', '2023013019', '2023013020', '2023013021', '2023013022', '2023013023']
[2025-07-29T15:45:08.242+0000] {logging_mixin.py:188} INFO - 2023-01-30 01:00:00+01:00 → Altitude: -71.45
[2025-07-29T15:45:08.243+0000] {logging_mixin.py:188} INFO - NASA GHI response keys: ['2023013000', '2023013001', '2023013002', '2023013003', '2023013004', '2023013005', '2023013006', '2023013007', '2023013008', '2023013009', '2023013010', '2023013011', '2023013012', '2023013013', '2023013014', '2023013015', '2023013016', '2023013017', '2023013018', '2023013019', '2023013020', '2023013021', '2023013022', '2023013023']
[2025-07-29T15:45:08.243+0000] {logging_mixin.py:188} INFO - 2023-01-30 02:00:00+01:00 → Altitude: -73.78
[2025-07-29T15:45:08.244+0000] {logging_mixin.py:188} INFO - NASA GHI response keys: ['2023013000', '2023013001', '2023013002', '2023013003', '2023013004', '2023013005', '2023013006', '2023013007', '2023013008', '2023013009', '2023013010', '2023013011', '2023013012', '2023013013', '2023013014', '2023013015', '2023013016', '2023013017', '2023013018', '2023013019', '2023013020', '2023013021', '2023013022', '2023013023']
[2025-07-29T15:45:08.245+0000] {logging_mixin.py:188} INFO - 2023-01-30 03:00:00+01:00 → Altitude: -66.70
[2025-07-29T15:45:08.246+0000] {logging_mixin.py:188} INFO - NASA GHI response keys: ['2023013000', '2023013001', '2023013002', '2023013003', '2023013004', '2023013005', '2023013006', '2023013007', '2023013008', '2023013009', '2023013010', '2023013011', '2023013012', '2023013013', '2023013014', '2023013015', '2023013016', '2023013017', '2023013018', '2023013019', '2023013020', '2023013021', '2023013022', '2023013023']
[2025-07-29T15:45:08.247+0000] {logging_mixin.py:188} INFO - 2023-01-30 04:00:00+01:00 → Altitude: -55.65
[2025-07-29T15:45:08.248+0000] {logging_mixin.py:188} INFO - NASA GHI response keys: ['2023013000', '2023013001', '2023013002', '2023013003', '2023013004', '2023013005', '2023013006', '2023013007', '2023013008', '2023013009', '2023013010', '2023013011', '2023013012', '2023013013', '2023013014', '2023013015', '2023013016', '2023013017', '2023013018', '2023013019', '2023013020', '2023013021', '2023013022', '2023013023']
[2025-07-29T15:45:08.248+0000] {logging_mixin.py:188} INFO - 2023-01-30 05:00:00+01:00 → Altitude: -43.46
[2025-07-29T15:45:08.249+0000] {logging_mixin.py:188} INFO - NASA GHI response keys: ['2023013000', '2023013001', '2023013002', '2023013003', '2023013004', '2023013005', '2023013006', '2023013007', '2023013008', '2023013009', '2023013010', '2023013011', '2023013012', '2023013013', '2023013014', '2023013015', '2023013016', '2023013017', '2023013018', '2023013019', '2023013020', '2023013021', '2023013022', '2023013023']
[2025-07-29T15:45:08.250+0000] {logging_mixin.py:188} INFO - 2023-01-30 06:00:00+01:00 → Altitude: -30.98
[2025-07-29T15:45:08.251+0000] {logging_mixin.py:188} INFO - NASA GHI response keys: ['2023013000', '2023013001', '2023013002', '2023013003', '2023013004', '2023013005', '2023013006', '2023013007', '2023013008', '2023013009', '2023013010', '2023013011', '2023013012', '2023013013', '2023013014', '2023013015', '2023013016', '2023013017', '2023013018', '2023013019', '2023013020', '2023013021', '2023013022', '2023013023']
[2025-07-29T15:45:08.252+0000] {logging_mixin.py:188} INFO - 2023-01-30 07:00:00+01:00 → Altitude: -18.54
[2025-07-29T15:45:08.252+0000] {logging_mixin.py:188} INFO - NASA GHI response keys: ['2023013000', '2023013001', '2023013002', '2023013003', '2023013004', '2023013005', '2023013006', '2023013007', '2023013008', '2023013009', '2023013010', '2023013011', '2023013012', '2023013013', '2023013014', '2023013015', '2023013016', '2023013017', '2023013018', '2023013019', '2023013020', '2023013021', '2023013022', '2023013023']
[2025-07-29T15:45:08.253+0000] {logging_mixin.py:188} INFO - 2023-01-30 08:00:00+01:00 → Altitude: -6.34
[2025-07-29T15:45:08.254+0000] {logging_mixin.py:188} INFO - NASA GHI response keys: ['2023013000', '2023013001', '2023013002', '2023013003', '2023013004', '2023013005', '2023013006', '2023013007', '2023013008', '2023013009', '2023013010', '2023013011', '2023013012', '2023013013', '2023013014', '2023013015', '2023013016', '2023013017', '2023013018', '2023013019', '2023013020', '2023013021', '2023013022', '2023013023']
[2025-07-29T15:45:08.255+0000] {logging_mixin.py:188} INFO - 2023-01-30 09:00:00+01:00 → Altitude: 5.41
[2025-07-29T15:45:08.256+0000] {logging_mixin.py:188} INFO - NASA GHI response keys: ['2023013000', '2023013001', '2023013002', '2023013003', '2023013004', '2023013005', '2023013006', '2023013007', '2023013008', '2023013009', '2023013010', '2023013011', '2023013012', '2023013013', '2023013014', '2023013015', '2023013016', '2023013017', '2023013018', '2023013019', '2023013020', '2023013021', '2023013022', '2023013023']
[2025-07-29T15:45:08.256+0000] {logging_mixin.py:188} INFO - 2023-01-30 10:00:00+01:00 → Altitude: 16.14
[2025-07-29T15:45:08.257+0000] {logging_mixin.py:188} INFO - NASA GHI response keys: ['2023013000', '2023013001', '2023013002', '2023013003', '2023013004', '2023013005', '2023013006', '2023013007', '2023013008', '2023013009', '2023013010', '2023013011', '2023013012', '2023013013', '2023013014', '2023013015', '2023013016', '2023013017', '2023013018', '2023013019', '2023013020', '2023013021', '2023013022', '2023013023']
[2025-07-29T15:45:08.258+0000] {logging_mixin.py:188} INFO - 2023-01-30 11:00:00+01:00 → Altitude: 25.64
[2025-07-29T15:45:08.259+0000] {logging_mixin.py:188} INFO - NASA GHI response keys: ['2023013000', '2023013001', '2023013002', '2023013003', '2023013004', '2023013005', '2023013006', '2023013007', '2023013008', '2023013009', '2023013010', '2023013011', '2023013012', '2023013013', '2023013014', '2023013015', '2023013016', '2023013017', '2023013018', '2023013019', '2023013020', '2023013021', '2023013022', '2023013023']
[2025-07-29T15:45:08.260+0000] {logging_mixin.py:188} INFO - 2023-01-30 12:00:00+01:00 → Altitude: 33.14
[2025-07-29T15:45:08.260+0000] {logging_mixin.py:188} INFO - NASA GHI response keys: ['2023013000', '2023013001', '2023013002', '2023013003', '2023013004', '2023013005', '2023013006', '2023013007', '2023013008', '2023013009', '2023013010', '2023013011', '2023013012', '2023013013', '2023013014', '2023013015', '2023013016', '2023013017', '2023013018', '2023013019', '2023013020', '2023013021', '2023013022', '2023013023']
[2025-07-29T15:45:08.261+0000] {logging_mixin.py:188} INFO - 2023-01-30 13:00:00+01:00 → Altitude: 37.75
[2025-07-29T15:45:08.262+0000] {logging_mixin.py:188} INFO - NASA GHI response keys: ['2023013000', '2023013001', '2023013002', '2023013003', '2023013004', '2023013005', '2023013006', '2023013007', '2023013008', '2023013009', '2023013010', '2023013011', '2023013012', '2023013013', '2023013014', '2023013015', '2023013016', '2023013017', '2023013018', '2023013019', '2023013020', '2023013021', '2023013022', '2023013023']
[2025-07-29T15:45:08.263+0000] {logging_mixin.py:188} INFO - 2023-01-30 14:00:00+01:00 → Altitude: 38.66
[2025-07-29T15:45:08.264+0000] {logging_mixin.py:188} INFO - NASA GHI response keys: ['2023013000', '2023013001', '2023013002', '2023013003', '2023013004', '2023013005', '2023013006', '2023013007', '2023013008', '2023013009', '2023013010', '2023013011', '2023013012', '2023013013', '2023013014', '2023013015', '2023013016', '2023013017', '2023013018', '2023013019', '2023013020', '2023013021', '2023013022', '2023013023']
[2025-07-29T15:45:08.264+0000] {logging_mixin.py:188} INFO - 2023-01-30 15:00:00+01:00 → Altitude: 35.68
[2025-07-29T15:45:08.265+0000] {logging_mixin.py:188} INFO - NASA GHI response keys: ['2023013000', '2023013001', '2023013002', '2023013003', '2023013004', '2023013005', '2023013006', '2023013007', '2023013008', '2023013009', '2023013010', '2023013011', '2023013012', '2023013013', '2023013014', '2023013015', '2023013016', '2023013017', '2023013018', '2023013019', '2023013020', '2023013021', '2023013022', '2023013023']
[2025-07-29T15:45:08.266+0000] {logging_mixin.py:188} INFO - 2023-01-30 16:00:00+01:00 → Altitude: 29.39
[2025-07-29T15:45:08.267+0000] {logging_mixin.py:188} INFO - NASA GHI response keys: ['2023013000', '2023013001', '2023013002', '2023013003', '2023013004', '2023013005', '2023013006', '2023013007', '2023013008', '2023013009', '2023013010', '2023013011', '2023013012', '2023013013', '2023013014', '2023013015', '2023013016', '2023013017', '2023013018', '2023013019', '2023013020', '2023013021', '2023013022', '2023013023']
[2025-07-29T15:45:08.267+0000] {logging_mixin.py:188} INFO - 2023-01-30 17:00:00+01:00 → Altitude: 20.70
[2025-07-29T15:45:08.268+0000] {logging_mixin.py:188} INFO - NASA GHI response keys: ['2023013000', '2023013001', '2023013002', '2023013003', '2023013004', '2023013005', '2023013006', '2023013007', '2023013008', '2023013009', '2023013010', '2023013011', '2023013012', '2023013013', '2023013014', '2023013015', '2023013016', '2023013017', '2023013018', '2023013019', '2023013020', '2023013021', '2023013022', '2023013023']
[2025-07-29T15:45:08.269+0000] {logging_mixin.py:188} INFO - 2023-01-30 18:00:00+01:00 → Altitude: 10.45
[2025-07-29T15:45:08.270+0000] {logging_mixin.py:188} INFO - NASA GHI response keys: ['2023013000', '2023013001', '2023013002', '2023013003', '2023013004', '2023013005', '2023013006', '2023013007', '2023013008', '2023013009', '2023013010', '2023013011', '2023013012', '2023013013', '2023013014', '2023013015', '2023013016', '2023013017', '2023013018', '2023013019', '2023013020', '2023013021', '2023013022', '2023013023']
[2025-07-29T15:45:08.271+0000] {logging_mixin.py:188} INFO - 2023-01-30 19:00:00+01:00 → Altitude: -0.61
[2025-07-29T15:45:08.271+0000] {logging_mixin.py:188} INFO - NASA GHI response keys: ['2023013000', '2023013001', '2023013002', '2023013003', '2023013004', '2023013005', '2023013006', '2023013007', '2023013008', '2023013009', '2023013010', '2023013011', '2023013012', '2023013013', '2023013014', '2023013015', '2023013016', '2023013017', '2023013018', '2023013019', '2023013020', '2023013021', '2023013022', '2023013023']
[2025-07-29T15:45:08.272+0000] {logging_mixin.py:188} INFO - 2023-01-30 20:00:00+01:00 → Altitude: -12.89
[2025-07-29T15:45:08.273+0000] {logging_mixin.py:188} INFO - NASA GHI response keys: ['2023013000', '2023013001', '2023013002', '2023013003', '2023013004', '2023013005', '2023013006', '2023013007', '2023013008', '2023013009', '2023013010', '2023013011', '2023013012', '2023013013', '2023013014', '2023013015', '2023013016', '2023013017', '2023013018', '2023013019', '2023013020', '2023013021', '2023013022', '2023013023']
[2025-07-29T15:45:08.274+0000] {logging_mixin.py:188} INFO - 2023-01-30 21:00:00+01:00 → Altitude: -25.24
[2025-07-29T15:45:08.274+0000] {logging_mixin.py:188} INFO - NASA GHI response keys: ['2023013000', '2023013001', '2023013002', '2023013003', '2023013004', '2023013005', '2023013006', '2023013007', '2023013008', '2023013009', '2023013010', '2023013011', '2023013012', '2023013013', '2023013014', '2023013015', '2023013016', '2023013017', '2023013018', '2023013019', '2023013020', '2023013021', '2023013022', '2023013023']
[2025-07-29T15:45:08.275+0000] {logging_mixin.py:188} INFO - 2023-01-30 22:00:00+01:00 → Altitude: -37.72
[2025-07-29T15:45:08.276+0000] {logging_mixin.py:188} INFO - NASA GHI response keys: ['2023013000', '2023013001', '2023013002', '2023013003', '2023013004', '2023013005', '2023013006', '2023013007', '2023013008', '2023013009', '2023013010', '2023013011', '2023013012', '2023013013', '2023013014', '2023013015', '2023013016', '2023013017', '2023013018', '2023013019', '2023013020', '2023013021', '2023013022', '2023013023']
[2025-07-29T15:45:08.277+0000] {logging_mixin.py:188} INFO - 2023-01-30 23:00:00+01:00 → Altitude: -50.08
[2025-07-29T15:45:08.278+0000] {logging_mixin.py:188} INFO - NASA GHI response keys: ['2023013000', '2023013001', '2023013002', '2023013003', '2023013004', '2023013005', '2023013006', '2023013007', '2023013008', '2023013009', '2023013010', '2023013011', '2023013012', '2023013013', '2023013014', '2023013015', '2023013016', '2023013017', '2023013018', '2023013019', '2023013020', '2023013021', '2023013022', '2023013023']
[2025-07-29T15:45:08.280+0000] {python.py:237} INFO - Done. Returned value was: None
[2025-07-29T15:45:08.282+0000] {taskinstance.py:441} INFO - ::group::Post task execution logs
[2025-07-29T15:45:08.312+0000] {taskinstance.py:1206} INFO - Marking task as SUCCESS. dag_id=solar_ai_pipeline_2, task_id=fetch_data, run_id=scheduled__2023-01-30T00:00:00+00:00, execution_date=20230130T000000, start_date=20250729T154456, end_date=20250729T154508
[2025-07-29T15:45:08.507+0000] {local_task_job_runner.py:240} INFO - Task exited with return code 0
[2025-07-29T15:45:08.658+0000] {taskinstance.py:3503} INFO - 1 downstream tasks scheduled from follow-on schedule check
[2025-07-29T15:45:08.773+0000] {local_task_job_runner.py:222} INFO - ::endgroup::
