[2025-07-31T15:59:22.650+0000] {local_task_job_runner.py:120} INFO - ::group::Pre task execution logs
[2025-07-31T15:59:22.797+0000] {taskinstance.py:2076} INFO - Dependencies all met for dep_context=non-requeueable deps ti=<TaskInstance: solar_ai_pipeline_2.decide backfill__2024-01-07T00:00:00+00:00 [queued]>
[2025-07-31T15:59:22.871+0000] {taskinstance.py:2076} INFO - Dependencies all met for dep_context=requeueable deps ti=<TaskInstance: solar_ai_pipeline_2.decide backfill__2024-01-07T00:00:00+00:00 [queued]>
[2025-07-31T15:59:22.872+0000] {taskinstance.py:2306} INFO - Starting attempt 1 of 2
[2025-07-31T15:59:22.973+0000] {taskinstance.py:2330} INFO - Executing <Task(PythonOperator): decide> on 2024-01-07 00:00:00+00:00
[2025-07-31T15:59:22.985+0000] {standard_task_runner.py:63} INFO - Started process 89205 to run task
[2025-07-31T15:59:22.997+0000] {standard_task_runner.py:90} INFO - Running: ['airflow', 'tasks', 'run', 'solar_ai_pipeline_2', 'decide', 'backfill__2024-01-07T00:00:00+00:00', '--job-id', '3415', '--pool', 'default_pool', '--raw', '--subdir', 'DAGS_FOLDER/prophet_pipeline.py', '--cfg-path', '/tmp/tmpz5h0x75i']
[2025-07-31T15:59:23.001+0000] {standard_task_runner.py:91} INFO - Job 3415: Subtask decide
[2025-07-31T15:59:23.274+0000] {task_command.py:426} INFO - Running <TaskInstance: solar_ai_pipeline_2.decide backfill__2024-01-07T00:00:00+00:00 [running]> on host a2a0dd314bdc
[2025-07-31T15:59:23.686+0000] {taskinstance.py:2648} INFO - Exporting env vars: AIRFLOW_CTX_DAG_OWNER='ensam' AIRFLOW_CTX_DAG_ID='solar_ai_pipeline_2' AIRFLOW_CTX_TASK_ID='decide' AIRFLOW_CTX_EXECUTION_DATE='2024-01-07T00:00:00+00:00' AIRFLOW_CTX_TRY_NUMBER='1' AIRFLOW_CTX_DAG_RUN_ID='backfill__2024-01-07T00:00:00+00:00'
[2025-07-31T15:59:23.688+0000] {taskinstance.py:430} INFO - ::endgroup::
[2025-07-31T15:59:25.275+0000] {logging_mixin.py:188} INFO - [INFO] Starting decision-making process...
[2025-07-31T15:59:25.289+0000] {logging_mixin.py:188} INFO - 📥 [INFO] Loading data...
[2025-07-31T15:59:25.356+0000] {logging_mixin.py:188} INFO - [INFO] 2024-01-06 23:00:00 → Ne pas chauffer (solaire ou inutilisé) | Temp: 0.06°C, Débit: 0.6129 m³/s, Irrad: 0.00 W/m²
[2025-07-31T15:59:25.357+0000] {logging_mixin.py:188} INFO - [INFO] 2024-01-07 00:00:00 → Ne pas chauffer (solaire ou inutilisé) | Temp: 0.06°C, Débit: 0.5189 m³/s, Irrad: 0.00 W/m²
[2025-07-31T15:59:25.358+0000] {logging_mixin.py:188} INFO - [INFO] 2024-01-07 01:00:00 → Ne pas chauffer (solaire ou inutilisé) | Temp: 0.08°C, Débit: 0.3953 m³/s, Irrad: 0.00 W/m²
[2025-07-31T15:59:25.359+0000] {logging_mixin.py:188} INFO - [INFO] 2024-01-07 02:00:00 → Ne pas chauffer (solaire ou inutilisé) | Temp: 0.12°C, Débit: 0.2611 m³/s, Irrad: 0.00 W/m²
[2025-07-31T15:59:25.361+0000] {logging_mixin.py:188} INFO - [INFO] 2024-01-07 03:00:00 → Ne pas chauffer (solaire ou inutilisé) | Temp: 0.13°C, Débit: 0.1661 m³/s, Irrad: 0.00 W/m²
[2025-07-31T15:59:25.362+0000] {logging_mixin.py:188} INFO - [INFO] 2024-01-07 04:00:00 → Ne pas chauffer (solaire ou inutilisé) | Temp: 0.12°C, Débit: 0.1526 m³/s, Irrad: 0.00 W/m²
[2025-07-31T15:59:25.363+0000] {logging_mixin.py:188} INFO - [INFO] 2024-01-07 05:00:00 → Ne pas chauffer (solaire ou inutilisé) | Temp: 0.11°C, Débit: 0.2162 m³/s, Irrad: 0.00 W/m²
[2025-07-31T15:59:25.364+0000] {logging_mixin.py:188} INFO - [INFO] 2024-01-07 06:00:00 → Ne pas chauffer (solaire ou inutilisé) | Temp: 0.14°C, Débit: 0.3025 m³/s, Irrad: 0.00 W/m²
[2025-07-31T15:59:25.365+0000] {logging_mixin.py:188} INFO - [INFO] 2024-01-07 07:00:00 → Ne pas chauffer (solaire ou inutilisé) | Temp: 0.27°C, Débit: 0.3482 m³/s, Irrad: 0.14 W/m²
[2025-07-31T15:59:25.366+0000] {logging_mixin.py:188} INFO - [INFO] 2024-01-07 08:00:00 → Ne pas chauffer (solaire ou inutilisé) | Temp: 0.49°C, Débit: 0.3319 m³/s, Irrad: 0.44 W/m²
[2025-07-31T15:59:25.367+0000] {logging_mixin.py:188} INFO - [INFO] 2024-01-07 09:00:00 → Ne pas chauffer (solaire ou inutilisé) | Temp: 0.76°C, Débit: 0.2906 m³/s, Irrad: 0.72 W/m²
[2025-07-31T15:59:25.368+0000] {logging_mixin.py:188} INFO - [INFO] 2024-01-07 10:00:00 → Ne pas chauffer (solaire ou inutilisé) | Temp: 1.01°C, Débit: 0.2864 m³/s, Irrad: 0.92 W/m²
[2025-07-31T15:59:25.372+0000] {logging_mixin.py:188} INFO - [INFO] 2024-01-07 11:00:00 → Ne pas chauffer (solaire ou inutilisé) | Temp: 1.19°C, Débit: 0.3549 m³/s, Irrad: 1.00 W/m²
[2025-07-31T15:59:25.373+0000] {logging_mixin.py:188} INFO - [INFO] 2024-01-07 12:00:00 → Ne pas chauffer (solaire ou inutilisé) | Temp: 1.25°C, Débit: 0.4789 m³/s, Irrad: 0.94 W/m²
[2025-07-31T15:59:25.374+0000] {logging_mixin.py:188} INFO - [INFO] 2024-01-07 13:00:00 → Ne pas chauffer (solaire ou inutilisé) | Temp: 1.20°C, Débit: 0.6085 m³/s, Irrad: 0.77 W/m²
[2025-07-31T15:59:25.375+0000] {logging_mixin.py:188} INFO - [INFO] 2024-01-07 14:00:00 → Ne pas chauffer (solaire ou inutilisé) | Temp: 1.03°C, Débit: 0.7049 m³/s, Irrad: 0.50 W/m²
[2025-07-31T15:59:25.375+0000] {logging_mixin.py:188} INFO - [INFO] 2024-01-07 15:00:00 → Ne pas chauffer (solaire ou inutilisé) | Temp: 0.79°C, Débit: 0.7651 m³/s, Irrad: 0.20 W/m²
[2025-07-31T15:59:25.377+0000] {logging_mixin.py:188} INFO - [INFO] 2024-01-07 16:00:00 → Ne pas chauffer (solaire ou inutilisé) | Temp: 0.51°C, Débit: 0.8104 m³/s, Irrad: 0.01 W/m²
[2025-07-31T15:59:25.378+0000] {logging_mixin.py:188} INFO - [INFO] 2024-01-07 17:00:00 → Chauffer (résistance activée) | Temp: 0.26°C, Débit: 0.8536 m³/s, Irrad: 0.00 W/m²
[2025-07-31T15:59:25.379+0000] {logging_mixin.py:188} INFO - [INFO] 2024-01-07 18:00:00 → Chauffer (résistance activée) | Temp: 0.09°C, Débit: 0.8830 m³/s, Irrad: 0.00 W/m²
[2025-07-31T15:59:25.380+0000] {logging_mixin.py:188} INFO - [INFO] 2024-01-07 19:00:00 → Chauffer (résistance activée) | Temp: 0.02°C, Débit: 0.8758 m³/s, Irrad: 0.00 W/m²
[2025-07-31T15:59:25.381+0000] {logging_mixin.py:188} INFO - [INFO] 2024-01-07 20:00:00 → Chauffer (résistance activée) | Temp: 0.03°C, Débit: 0.8251 m³/s, Irrad: 0.00 W/m²
[2025-07-31T15:59:25.382+0000] {logging_mixin.py:188} INFO - [INFO] 2024-01-07 21:00:00 → Ne pas chauffer (solaire ou inutilisé) | Temp: 0.06°C, Débit: 0.7489 m³/s, Irrad: 0.00 W/m²
[2025-07-31T15:59:25.383+0000] {logging_mixin.py:188} INFO - [INFO] 2024-01-07 22:00:00 → Ne pas chauffer (solaire ou inutilisé) | Temp: 0.07°C, Débit: 0.6706 m³/s, Irrad: 0.00 W/m²
[2025-07-31T15:59:25.401+0000] {logging_mixin.py:188} INFO - [INFO] All hourly decisions saved to /opt/airflow/dags/logs/decision_2024-01-07.csv
[2025-07-31T15:59:25.451+0000] {python.py:237} INFO - Done. Returned value was: [{'datetime': '2024-01-06 23:00:00', 'temp': 0.06, 'flow': 0.6129, 'irradiance': 0.0, 'action': 0, 'text': 'Ne pas chauffer (solaire ou inutilisé)'}, {'datetime': '2024-01-07 00:00:00', 'temp': 0.06, 'flow': 0.5189, 'irradiance': 0.0, 'action': 0, 'text': 'Ne pas chauffer (solaire ou inutilisé)'}, {'datetime': '2024-01-07 01:00:00', 'temp': 0.08, 'flow': 0.3953, 'irradiance': 0.0, 'action': 0, 'text': 'Ne pas chauffer (solaire ou inutilisé)'}, {'datetime': '2024-01-07 02:00:00', 'temp': 0.12, 'flow': 0.2611, 'irradiance': 0.0, 'action': 0, 'text': 'Ne pas chauffer (solaire ou inutilisé)'}, {'datetime': '2024-01-07 03:00:00', 'temp': 0.13, 'flow': 0.1661, 'irradiance': 0.0, 'action': 0, 'text': 'Ne pas chauffer (solaire ou inutilisé)'}, {'datetime': '2024-01-07 04:00:00', 'temp': 0.12, 'flow': 0.1526, 'irradiance': 0.0, 'action': 0, 'text': 'Ne pas chauffer (solaire ou inutilisé)'}, {'datetime': '2024-01-07 05:00:00', 'temp': 0.11, 'flow': 0.2162, 'irradiance': 0.0, 'action': 0, 'text': 'Ne pas chauffer (solaire ou inutilisé)'}, {'datetime': '2024-01-07 06:00:00', 'temp': 0.14, 'flow': 0.3025, 'irradiance': 0.0, 'action': 0, 'text': 'Ne pas chauffer (solaire ou inutilisé)'}, {'datetime': '2024-01-07 07:00:00', 'temp': 0.27, 'flow': 0.3482, 'irradiance': 0.14, 'action': 0, 'text': 'Ne pas chauffer (solaire ou inutilisé)'}, {'datetime': '2024-01-07 08:00:00', 'temp': 0.49, 'flow': 0.3319, 'irradiance': 0.44, 'action': 0, 'text': 'Ne pas chauffer (solaire ou inutilisé)'}, {'datetime': '2024-01-07 09:00:00', 'temp': 0.76, 'flow': 0.2906, 'irradiance': 0.72, 'action': 0, 'text': 'Ne pas chauffer (solaire ou inutilisé)'}, {'datetime': '2024-01-07 10:00:00', 'temp': 1.01, 'flow': 0.2864, 'irradiance': 0.92, 'action': 0, 'text': 'Ne pas chauffer (solaire ou inutilisé)'}, {'datetime': '2024-01-07 11:00:00', 'temp': 1.19, 'flow': 0.3549, 'irradiance': 1.0, 'action': 0, 'text': 'Ne pas chauffer (solaire ou inutilisé)'}, {'datetime': '2024-01-07 12:00:00', 'temp': 1.25, 'flow': 0.4789, 'irradiance': 0.94, 'action': 0, 'text': 'Ne pas chauffer (solaire ou inutilisé)'}, {'datetime': '2024-01-07 13:00:00', 'temp': 1.2, 'flow': 0.6085, 'irradiance': 0.77, 'action': 0, 'text': 'Ne pas chauffer (solaire ou inutilisé)'}, {'datetime': '2024-01-07 14:00:00', 'temp': 1.03, 'flow': 0.7049, 'irradiance': 0.5, 'action': 0, 'text': 'Ne pas chauffer (solaire ou inutilisé)'}, {'datetime': '2024-01-07 15:00:00', 'temp': 0.79, 'flow': 0.7651, 'irradiance': 0.2, 'action': 0, 'text': 'Ne pas chauffer (solaire ou inutilisé)'}, {'datetime': '2024-01-07 16:00:00', 'temp': 0.51, 'flow': 0.8104, 'irradiance': 0.01, 'action': 0, 'text': 'Ne pas chauffer (solaire ou inutilisé)'}, {'datetime': '2024-01-07 17:00:00', 'temp': 0.26, 'flow': 0.8536, 'irradiance': 0.0, 'action': 1, 'text': 'Chauffer (résistance activée)'}, {'datetime': '2024-01-07 18:00:00', 'temp': 0.09, 'flow': 0.883, 'irradiance': 0.0, 'action': 1, 'text': 'Chauffer (résistance activée)'}, {'datetime': '2024-01-07 19:00:00', 'temp': 0.02, 'flow': 0.8758, 'irradiance': 0.0, 'action': 1, 'text': 'Chauffer (résistance activée)'}, {'datetime': '2024-01-07 20:00:00', 'temp': 0.03, 'flow': 0.8251, 'irradiance': 0.0, 'action': 1, 'text': 'Chauffer (résistance activée)'}, {'datetime': '2024-01-07 21:00:00', 'temp': 0.06, 'flow': 0.7489, 'irradiance': 0.0, 'action': 0, 'text': 'Ne pas chauffer (solaire ou inutilisé)'}, {'datetime': '2024-01-07 22:00:00', 'temp': 0.07, 'flow': 0.6706, 'irradiance': 0.0, 'action': 0, 'text': 'Ne pas chauffer (solaire ou inutilisé)'}]
[2025-07-31T15:59:25.452+0000] {taskinstance.py:441} INFO - ::group::Post task execution logs
[2025-07-31T15:59:25.522+0000] {taskinstance.py:1206} INFO - Marking task as SUCCESS. dag_id=solar_ai_pipeline_2, task_id=decide, run_id=backfill__2024-01-07T00:00:00+00:00, execution_date=20240107T000000, start_date=20250731T155922, end_date=20250731T155925
[2025-07-31T15:59:25.631+0000] {local_task_job_runner.py:240} INFO - Task exited with return code 0
[2025-07-31T15:59:25.669+0000] {taskinstance.py:3503} INFO - 0 downstream tasks scheduled from follow-on schedule check
[2025-07-31T15:59:25.671+0000] {local_task_job_runner.py:222} INFO - ::endgroup::
