[2025-07-29T15:44:30.315+0000] {local_task_job_runner.py:120} INFO - ::group::Pre task execution logs
[2025-07-29T15:44:30.366+0000] {taskinstance.py:2076} INFO - Dependencies all met for dep_context=non-requeueable deps ti=<TaskInstance: solar_ai_pipeline_2.fetch_data scheduled__2023-01-16T00:00:00+00:00 [queued]>
[2025-07-29T15:44:30.399+0000] {taskinstance.py:2076} INFO - Dependencies all met for dep_context=requeueable deps ti=<TaskInstance: solar_ai_pipeline_2.fetch_data scheduled__2023-01-16T00:00:00+00:00 [queued]>
[2025-07-29T15:44:30.401+0000] {taskinstance.py:2306} INFO - Starting attempt 3 of 4
[2025-07-29T15:44:30.509+0000] {taskinstance.py:2330} INFO - Executing <Task(PythonOperator): fetch_data> on 2023-01-16 00:00:00+00:00
[2025-07-29T15:44:30.520+0000] {standard_task_runner.py:63} INFO - Started process 3013 to run task
[2025-07-29T15:44:30.528+0000] {standard_task_runner.py:90} INFO - Running: ['airflow', 'tasks', 'run', 'solar_ai_pipeline_2', 'fetch_data', 'scheduled__2023-01-16T00:00:00+00:00', '--job-id', '1442', '--raw', '--subdir', 'DAGS_FOLDER/prophet_pipeline.py', '--cfg-path', '/tmp/tmp1z359j7y']
[2025-07-29T15:44:30.534+0000] {standard_task_runner.py:91} INFO - Job 1442: Subtask fetch_data
[2025-07-29T15:44:30.757+0000] {task_command.py:426} INFO - Running <TaskInstance: solar_ai_pipeline_2.fetch_data scheduled__2023-01-16T00:00:00+00:00 [running]> on host 4c586ddbbbe9
[2025-07-29T15:44:31.291+0000] {taskinstance.py:2648} INFO - Exporting env vars: AIRFLOW_CTX_DAG_OWNER='ensam' AIRFLOW_CTX_DAG_ID='solar_ai_pipeline_2' AIRFLOW_CTX_TASK_ID='fetch_data' AIRFLOW_CTX_EXECUTION_DATE='2023-01-16T00:00:00+00:00' AIRFLOW_CTX_TRY_NUMBER='3' AIRFLOW_CTX_DAG_RUN_ID='scheduled__2023-01-16T00:00:00+00:00'
[2025-07-29T15:44:31.294+0000] {taskinstance.py:430} INFO - ::endgroup::
[2025-07-29T15:44:42.983+0000] {logging_mixin.py:188} INFO - Données simulées pour 2023-01-16 sauvegardées dans dags/data/processed/simulated_solar_heating_2023-01-16.csv
[2025-07-29T15:44:42.987+0000] {logging_mixin.py:188} INFO - count     24.000000
mean      52.452621
std       78.617527
min        0.000000
25%        0.000000
50%        0.000000
75%       96.114000
max      231.865200
Name: solar_irradiance, dtype: float64
[2025-07-29T15:44:42.988+0000] {logging_mixin.py:188} INFO - 2023-01-16 00:00:00+01:00 → Altitude: -64.62
[2025-07-29T15:44:42.989+0000] {logging_mixin.py:188} INFO - NASA GHI response keys: ['2023011600', '2023011601', '2023011602', '2023011603', '2023011604', '2023011605', '2023011606', '2023011607', '2023011608', '2023011609', '2023011610', '2023011611', '2023011612', '2023011613', '2023011614', '2023011615', '2023011616', '2023011617', '2023011618', '2023011619', '2023011620', '2023011621', '2023011622', '2023011623']
[2025-07-29T15:44:42.990+0000] {logging_mixin.py:188} INFO - 2023-01-16 01:00:00+01:00 → Altitude: -74.66
[2025-07-29T15:44:42.990+0000] {logging_mixin.py:188} INFO - NASA GHI response keys: ['2023011600', '2023011601', '2023011602', '2023011603', '2023011604', '2023011605', '2023011606', '2023011607', '2023011608', '2023011609', '2023011610', '2023011611', '2023011612', '2023011613', '2023011614', '2023011615', '2023011616', '2023011617', '2023011618', '2023011619', '2023011620', '2023011621', '2023011622', '2023011623']
[2025-07-29T15:44:42.991+0000] {logging_mixin.py:188} INFO - 2023-01-16 02:00:00+01:00 → Altitude: -76.68
[2025-07-29T15:44:42.992+0000] {logging_mixin.py:188} INFO - NASA GHI response keys: ['2023011600', '2023011601', '2023011602', '2023011603', '2023011604', '2023011605', '2023011606', '2023011607', '2023011608', '2023011609', '2023011610', '2023011611', '2023011612', '2023011613', '2023011614', '2023011615', '2023011616', '2023011617', '2023011618', '2023011619', '2023011620', '2023011621', '2023011622', '2023011623']
[2025-07-29T15:44:42.992+0000] {logging_mixin.py:188} INFO - 2023-01-16 03:00:00+01:00 → Altitude: -68.28
[2025-07-29T15:44:42.993+0000] {logging_mixin.py:188} INFO - NASA GHI response keys: ['2023011600', '2023011601', '2023011602', '2023011603', '2023011604', '2023011605', '2023011606', '2023011607', '2023011608', '2023011609', '2023011610', '2023011611', '2023011612', '2023011613', '2023011614', '2023011615', '2023011616', '2023011617', '2023011618', '2023011619', '2023011620', '2023011621', '2023011622', '2023011623']
[2025-07-29T15:44:42.994+0000] {logging_mixin.py:188} INFO - 2023-01-16 04:00:00+01:00 → Altitude: -56.63
[2025-07-29T15:44:42.994+0000] {logging_mixin.py:188} INFO - NASA GHI response keys: ['2023011600', '2023011601', '2023011602', '2023011603', '2023011604', '2023011605', '2023011606', '2023011607', '2023011608', '2023011609', '2023011610', '2023011611', '2023011612', '2023011613', '2023011614', '2023011615', '2023011616', '2023011617', '2023011618', '2023011619', '2023011620', '2023011621', '2023011622', '2023011623']
[2025-07-29T15:44:42.995+0000] {logging_mixin.py:188} INFO - 2023-01-16 05:00:00+01:00 → Altitude: -44.25
[2025-07-29T15:44:42.996+0000] {logging_mixin.py:188} INFO - NASA GHI response keys: ['2023011600', '2023011601', '2023011602', '2023011603', '2023011604', '2023011605', '2023011606', '2023011607', '2023011608', '2023011609', '2023011610', '2023011611', '2023011612', '2023011613', '2023011614', '2023011615', '2023011616', '2023011617', '2023011618', '2023011619', '2023011620', '2023011621', '2023011622', '2023011623']
[2025-07-29T15:44:42.996+0000] {logging_mixin.py:188} INFO - 2023-01-16 06:00:00+01:00 → Altitude: -31.77
[2025-07-29T15:44:42.997+0000] {logging_mixin.py:188} INFO - NASA GHI response keys: ['2023011600', '2023011601', '2023011602', '2023011603', '2023011604', '2023011605', '2023011606', '2023011607', '2023011608', '2023011609', '2023011610', '2023011611', '2023011612', '2023011613', '2023011614', '2023011615', '2023011616', '2023011617', '2023011618', '2023011619', '2023011620', '2023011621', '2023011622', '2023011623']
[2025-07-29T15:44:42.998+0000] {logging_mixin.py:188} INFO - 2023-01-16 07:00:00+01:00 → Altitude: -19.43
[2025-07-29T15:44:42.998+0000] {logging_mixin.py:188} INFO - NASA GHI response keys: ['2023011600', '2023011601', '2023011602', '2023011603', '2023011604', '2023011605', '2023011606', '2023011607', '2023011608', '2023011609', '2023011610', '2023011611', '2023011612', '2023011613', '2023011614', '2023011615', '2023011616', '2023011617', '2023011618', '2023011619', '2023011620', '2023011621', '2023011622', '2023011623']
[2025-07-29T15:44:42.999+0000] {logging_mixin.py:188} INFO - 2023-01-16 08:00:00+01:00 → Altitude: -7.42
[2025-07-29T15:44:43.000+0000] {logging_mixin.py:188} INFO - NASA GHI response keys: ['2023011600', '2023011601', '2023011602', '2023011603', '2023011604', '2023011605', '2023011606', '2023011607', '2023011608', '2023011609', '2023011610', '2023011611', '2023011612', '2023011613', '2023011614', '2023011615', '2023011616', '2023011617', '2023011618', '2023011619', '2023011620', '2023011621', '2023011622', '2023011623']
[2025-07-29T15:44:43.000+0000] {logging_mixin.py:188} INFO - 2023-01-16 09:00:00+01:00 → Altitude: 4.11
[2025-07-29T15:44:43.001+0000] {logging_mixin.py:188} INFO - NASA GHI response keys: ['2023011600', '2023011601', '2023011602', '2023011603', '2023011604', '2023011605', '2023011606', '2023011607', '2023011608', '2023011609', '2023011610', '2023011611', '2023011612', '2023011613', '2023011614', '2023011615', '2023011616', '2023011617', '2023011618', '2023011619', '2023011620', '2023011621', '2023011622', '2023011623']
[2025-07-29T15:44:43.002+0000] {logging_mixin.py:188} INFO - 2023-01-16 10:00:00+01:00 → Altitude: 14.46
[2025-07-29T15:44:43.002+0000] {logging_mixin.py:188} INFO - NASA GHI response keys: ['2023011600', '2023011601', '2023011602', '2023011603', '2023011604', '2023011605', '2023011606', '2023011607', '2023011608', '2023011609', '2023011610', '2023011611', '2023011612', '2023011613', '2023011614', '2023011615', '2023011616', '2023011617', '2023011618', '2023011619', '2023011620', '2023011621', '2023011622', '2023011623']
[2025-07-29T15:44:43.003+0000] {logging_mixin.py:188} INFO - 2023-01-16 11:00:00+01:00 → Altitude: 23.52
[2025-07-29T15:44:43.004+0000] {logging_mixin.py:188} INFO - NASA GHI response keys: ['2023011600', '2023011601', '2023011602', '2023011603', '2023011604', '2023011605', '2023011606', '2023011607', '2023011608', '2023011609', '2023011610', '2023011611', '2023011612', '2023011613', '2023011614', '2023011615', '2023011616', '2023011617', '2023011618', '2023011619', '2023011620', '2023011621', '2023011622', '2023011623']
[2025-07-29T15:44:43.005+0000] {logging_mixin.py:188} INFO - 2023-01-16 12:00:00+01:00 → Altitude: 30.53
[2025-07-29T15:44:43.006+0000] {logging_mixin.py:188} INFO - NASA GHI response keys: ['2023011600', '2023011601', '2023011602', '2023011603', '2023011604', '2023011605', '2023011606', '2023011607', '2023011608', '2023011609', '2023011610', '2023011611', '2023011612', '2023011613', '2023011614', '2023011615', '2023011616', '2023011617', '2023011618', '2023011619', '2023011620', '2023011621', '2023011622', '2023011623']
[2025-07-29T15:44:43.006+0000] {logging_mixin.py:188} INFO - 2023-01-16 13:00:00+01:00 → Altitude: 34.69
[2025-07-29T15:44:43.007+0000] {logging_mixin.py:188} INFO - NASA GHI response keys: ['2023011600', '2023011601', '2023011602', '2023011603', '2023011604', '2023011605', '2023011606', '2023011607', '2023011608', '2023011609', '2023011610', '2023011611', '2023011612', '2023011613', '2023011614', '2023011615', '2023011616', '2023011617', '2023011618', '2023011619', '2023011620', '2023011621', '2023011622', '2023011623']
[2025-07-29T15:44:43.008+0000] {logging_mixin.py:188} INFO - 2023-01-16 14:00:00+01:00 → Altitude: 35.32
[2025-07-29T15:44:43.008+0000] {logging_mixin.py:188} INFO - NASA GHI response keys: ['2023011600', '2023011601', '2023011602', '2023011603', '2023011604', '2023011605', '2023011606', '2023011607', '2023011608', '2023011609', '2023011610', '2023011611', '2023011612', '2023011613', '2023011614', '2023011615', '2023011616', '2023011617', '2023011618', '2023011619', '2023011620', '2023011621', '2023011622', '2023011623']
[2025-07-29T15:44:43.009+0000] {logging_mixin.py:188} INFO - 2023-01-16 15:00:00+01:00 → Altitude: 32.30
[2025-07-29T15:44:43.010+0000] {logging_mixin.py:188} INFO - NASA GHI response keys: ['2023011600', '2023011601', '2023011602', '2023011603', '2023011604', '2023011605', '2023011606', '2023011607', '2023011608', '2023011609', '2023011610', '2023011611', '2023011612', '2023011613', '2023011614', '2023011615', '2023011616', '2023011617', '2023011618', '2023011619', '2023011620', '2023011621', '2023011622', '2023011623']
[2025-07-29T15:44:43.010+0000] {logging_mixin.py:188} INFO - 2023-01-16 16:00:00+01:00 → Altitude: 26.16
[2025-07-29T15:44:43.011+0000] {logging_mixin.py:188} INFO - NASA GHI response keys: ['2023011600', '2023011601', '2023011602', '2023011603', '2023011604', '2023011605', '2023011606', '2023011607', '2023011608', '2023011609', '2023011610', '2023011611', '2023011612', '2023011613', '2023011614', '2023011615', '2023011616', '2023011617', '2023011618', '2023011619', '2023011620', '2023011621', '2023011622', '2023011623']
[2025-07-29T15:44:43.012+0000] {logging_mixin.py:188} INFO - 2023-01-16 17:00:00+01:00 → Altitude: 17.71
[2025-07-29T15:44:43.013+0000] {logging_mixin.py:188} INFO - NASA GHI response keys: ['2023011600', '2023011601', '2023011602', '2023011603', '2023011604', '2023011605', '2023011606', '2023011607', '2023011608', '2023011609', '2023011610', '2023011611', '2023011612', '2023011613', '2023011614', '2023011615', '2023011616', '2023011617', '2023011618', '2023011619', '2023011620', '2023011621', '2023011622', '2023011623']
[2025-07-29T15:44:43.013+0000] {logging_mixin.py:188} INFO - 2023-01-16 18:00:00+01:00 → Altitude: 7.70
[2025-07-29T15:44:43.014+0000] {logging_mixin.py:188} INFO - NASA GHI response keys: ['2023011600', '2023011601', '2023011602', '2023011603', '2023011604', '2023011605', '2023011606', '2023011607', '2023011608', '2023011609', '2023011610', '2023011611', '2023011612', '2023011613', '2023011614', '2023011615', '2023011616', '2023011617', '2023011618', '2023011619', '2023011620', '2023011621', '2023011622', '2023011623']
[2025-07-29T15:44:43.015+0000] {logging_mixin.py:188} INFO - 2023-01-16 19:00:00+01:00 → Altitude: -3.44
[2025-07-29T15:44:43.015+0000] {logging_mixin.py:188} INFO - NASA GHI response keys: ['2023011600', '2023011601', '2023011602', '2023011603', '2023011604', '2023011605', '2023011606', '2023011607', '2023011608', '2023011609', '2023011610', '2023011611', '2023011612', '2023011613', '2023011614', '2023011615', '2023011616', '2023011617', '2023011618', '2023011619', '2023011620', '2023011621', '2023011622', '2023011623']
[2025-07-29T15:44:43.016+0000] {logging_mixin.py:188} INFO - 2023-01-16 20:00:00+01:00 → Altitude: -15.31
[2025-07-29T15:44:43.017+0000] {logging_mixin.py:188} INFO - NASA GHI response keys: ['2023011600', '2023011601', '2023011602', '2023011603', '2023011604', '2023011605', '2023011606', '2023011607', '2023011608', '2023011609', '2023011610', '2023011611', '2023011612', '2023011613', '2023011614', '2023011615', '2023011616', '2023011617', '2023011618', '2023011619', '2023011620', '2023011621', '2023011622', '2023011623']
[2025-07-29T15:44:43.018+0000] {logging_mixin.py:188} INFO - 2023-01-16 21:00:00+01:00 → Altitude: -27.56
[2025-07-29T15:44:43.018+0000] {logging_mixin.py:188} INFO - NASA GHI response keys: ['2023011600', '2023011601', '2023011602', '2023011603', '2023011604', '2023011605', '2023011606', '2023011607', '2023011608', '2023011609', '2023011610', '2023011611', '2023011612', '2023011613', '2023011614', '2023011615', '2023011616', '2023011617', '2023011618', '2023011619', '2023011620', '2023011621', '2023011622', '2023011623']
[2025-07-29T15:44:43.019+0000] {logging_mixin.py:188} INFO - 2023-01-16 22:00:00+01:00 → Altitude: -40.01
[2025-07-29T15:44:43.020+0000] {logging_mixin.py:188} INFO - NASA GHI response keys: ['2023011600', '2023011601', '2023011602', '2023011603', '2023011604', '2023011605', '2023011606', '2023011607', '2023011608', '2023011609', '2023011610', '2023011611', '2023011612', '2023011613', '2023011614', '2023011615', '2023011616', '2023011617', '2023011618', '2023011619', '2023011620', '2023011621', '2023011622', '2023011623']
[2025-07-29T15:44:43.020+0000] {logging_mixin.py:188} INFO - 2023-01-16 23:00:00+01:00 → Altitude: -52.46
[2025-07-29T15:44:43.021+0000] {logging_mixin.py:188} INFO - NASA GHI response keys: ['2023011600', '2023011601', '2023011602', '2023011603', '2023011604', '2023011605', '2023011606', '2023011607', '2023011608', '2023011609', '2023011610', '2023011611', '2023011612', '2023011613', '2023011614', '2023011615', '2023011616', '2023011617', '2023011618', '2023011619', '2023011620', '2023011621', '2023011622', '2023011623']
[2025-07-29T15:44:43.023+0000] {python.py:237} INFO - Done. Returned value was: None
[2025-07-29T15:44:43.024+0000] {taskinstance.py:441} INFO - ::group::Post task execution logs
[2025-07-29T15:44:43.045+0000] {taskinstance.py:1206} INFO - Marking task as SUCCESS. dag_id=solar_ai_pipeline_2, task_id=fetch_data, run_id=scheduled__2023-01-16T00:00:00+00:00, execution_date=20230116T000000, start_date=20250729T154430, end_date=20250729T154443
[2025-07-29T15:44:43.147+0000] {local_task_job_runner.py:240} INFO - Task exited with return code 0
[2025-07-29T15:44:43.215+0000] {taskinstance.py:3503} INFO - 1 downstream tasks scheduled from follow-on schedule check
[2025-07-29T15:44:43.239+0000] {local_task_job_runner.py:222} INFO - ::endgroup::
