[2025-07-29T15:45:37.177+0000] {local_task_job_runner.py:120} INFO - ::group::Pre task execution logs
[2025-07-29T15:45:37.252+0000] {taskinstance.py:2076} INFO - Dependencies all met for dep_context=non-requeueable deps ti=<TaskInstance: solar_ai_pipeline_2.fetch_data scheduled__2023-01-31T00:00:00+00:00 [queued]>
[2025-07-29T15:45:37.295+0000] {taskinstance.py:2076} INFO - Dependencies all met for dep_context=requeueable deps ti=<TaskInstance: solar_ai_pipeline_2.fetch_data scheduled__2023-01-31T00:00:00+00:00 [queued]>
[2025-07-29T15:45:37.297+0000] {taskinstance.py:2306} INFO - Starting attempt 1 of 2
[2025-07-29T15:45:37.410+0000] {taskinstance.py:2330} INFO - Executing <Task(PythonOperator): fetch_data> on 2023-01-31 00:00:00+00:00
[2025-07-29T15:45:37.422+0000] {standard_task_runner.py:63} INFO - Started process 3108 to run task
[2025-07-29T15:45:37.433+0000] {standard_task_runner.py:90} INFO - Running: ['airflow', 'tasks', 'run', 'solar_ai_pipeline_2', 'fetch_data', 'scheduled__2023-01-31T00:00:00+00:00', '--job-id', '1447', '--raw', '--subdir', 'DAGS_FOLDER/prophet_pipeline.py', '--cfg-path', '/tmp/tmpaqtqa30r']
[2025-07-29T15:45:37.439+0000] {standard_task_runner.py:91} INFO - Job 1447: Subtask fetch_data
[2025-07-29T15:45:37.715+0000] {task_command.py:426} INFO - Running <TaskInstance: solar_ai_pipeline_2.fetch_data scheduled__2023-01-31T00:00:00+00:00 [running]> on host 4c586ddbbbe9
[2025-07-29T15:45:38.050+0000] {taskinstance.py:2648} INFO - Exporting env vars: AIRFLOW_CTX_DAG_OWNER='ensam' AIRFLOW_CTX_DAG_ID='solar_ai_pipeline_2' AIRFLOW_CTX_TASK_ID='fetch_data' AIRFLOW_CTX_EXECUTION_DATE='2023-01-31T00:00:00+00:00' AIRFLOW_CTX_TRY_NUMBER='1' AIRFLOW_CTX_DAG_RUN_ID='scheduled__2023-01-31T00:00:00+00:00'
[2025-07-29T15:45:38.052+0000] {taskinstance.py:430} INFO - ::endgroup::
[2025-07-29T15:45:48.576+0000] {logging_mixin.py:188} INFO - Données simulées pour 2023-01-31 sauvegardées dans dags/data/processed/simulated_solar_heating_2023-01-31.csv
[2025-07-29T15:45:48.580+0000] {logging_mixin.py:188} INFO - count     24.000000
mean      97.866254
std      147.984762
min        0.000000
25%        0.000000
50%        0.000000
75%      183.541750
max      418.450500
Name: solar_irradiance, dtype: float64
[2025-07-29T15:45:48.581+0000] {logging_mixin.py:188} INFO - 2023-01-31 00:00:00+01:00 → Altitude: -61.77
[2025-07-29T15:45:48.582+0000] {logging_mixin.py:188} INFO - NASA GHI response keys: ['2023013100', '2023013101', '2023013102', '2023013103', '2023013104', '2023013105', '2023013106', '2023013107', '2023013108', '2023013109', '2023013110', '2023013111', '2023013112', '2023013113', '2023013114', '2023013115', '2023013116', '2023013117', '2023013118', '2023013119', '2023013120', '2023013121', '2023013122', '2023013123']
[2025-07-29T15:45:48.582+0000] {logging_mixin.py:188} INFO - 2023-01-31 01:00:00+01:00 → Altitude: -71.19
[2025-07-29T15:45:48.583+0000] {logging_mixin.py:188} INFO - NASA GHI response keys: ['2023013100', '2023013101', '2023013102', '2023013103', '2023013104', '2023013105', '2023013106', '2023013107', '2023013108', '2023013109', '2023013110', '2023013111', '2023013112', '2023013113', '2023013114', '2023013115', '2023013116', '2023013117', '2023013118', '2023013119', '2023013120', '2023013121', '2023013122', '2023013123']
[2025-07-29T15:45:48.583+0000] {logging_mixin.py:188} INFO - 2023-01-31 02:00:00+01:00 → Altitude: -73.52
[2025-07-29T15:45:48.584+0000] {logging_mixin.py:188} INFO - NASA GHI response keys: ['2023013100', '2023013101', '2023013102', '2023013103', '2023013104', '2023013105', '2023013106', '2023013107', '2023013108', '2023013109', '2023013110', '2023013111', '2023013112', '2023013113', '2023013114', '2023013115', '2023013116', '2023013117', '2023013118', '2023013119', '2023013120', '2023013121', '2023013122', '2023013123']
[2025-07-29T15:45:48.585+0000] {logging_mixin.py:188} INFO - 2023-01-31 03:00:00+01:00 → Altitude: -66.53
[2025-07-29T15:45:48.585+0000] {logging_mixin.py:188} INFO - NASA GHI response keys: ['2023013100', '2023013101', '2023013102', '2023013103', '2023013104', '2023013105', '2023013106', '2023013107', '2023013108', '2023013109', '2023013110', '2023013111', '2023013112', '2023013113', '2023013114', '2023013115', '2023013116', '2023013117', '2023013118', '2023013119', '2023013120', '2023013121', '2023013122', '2023013123']
[2025-07-29T15:45:48.586+0000] {logging_mixin.py:188} INFO - 2023-01-31 04:00:00+01:00 → Altitude: -55.52
[2025-07-29T15:45:48.586+0000] {logging_mixin.py:188} INFO - NASA GHI response keys: ['2023013100', '2023013101', '2023013102', '2023013103', '2023013104', '2023013105', '2023013106', '2023013107', '2023013108', '2023013109', '2023013110', '2023013111', '2023013112', '2023013113', '2023013114', '2023013115', '2023013116', '2023013117', '2023013118', '2023013119', '2023013120', '2023013121', '2023013122', '2023013123']
[2025-07-29T15:45:48.587+0000] {logging_mixin.py:188} INFO - 2023-01-31 05:00:00+01:00 → Altitude: -43.36
[2025-07-29T15:45:48.588+0000] {logging_mixin.py:188} INFO - NASA GHI response keys: ['2023013100', '2023013101', '2023013102', '2023013103', '2023013104', '2023013105', '2023013106', '2023013107', '2023013108', '2023013109', '2023013110', '2023013111', '2023013112', '2023013113', '2023013114', '2023013115', '2023013116', '2023013117', '2023013118', '2023013119', '2023013120', '2023013121', '2023013122', '2023013123']
[2025-07-29T15:45:48.588+0000] {logging_mixin.py:188} INFO - 2023-01-31 06:00:00+01:00 → Altitude: -30.88
[2025-07-29T15:45:48.589+0000] {logging_mixin.py:188} INFO - NASA GHI response keys: ['2023013100', '2023013101', '2023013102', '2023013103', '2023013104', '2023013105', '2023013106', '2023013107', '2023013108', '2023013109', '2023013110', '2023013111', '2023013112', '2023013113', '2023013114', '2023013115', '2023013116', '2023013117', '2023013118', '2023013119', '2023013120', '2023013121', '2023013122', '2023013123']
[2025-07-29T15:45:48.590+0000] {logging_mixin.py:188} INFO - 2023-01-31 07:00:00+01:00 → Altitude: -18.44
[2025-07-29T15:45:48.590+0000] {logging_mixin.py:188} INFO - NASA GHI response keys: ['2023013100', '2023013101', '2023013102', '2023013103', '2023013104', '2023013105', '2023013106', '2023013107', '2023013108', '2023013109', '2023013110', '2023013111', '2023013112', '2023013113', '2023013114', '2023013115', '2023013116', '2023013117', '2023013118', '2023013119', '2023013120', '2023013121', '2023013122', '2023013123']
[2025-07-29T15:45:48.591+0000] {logging_mixin.py:188} INFO - 2023-01-31 08:00:00+01:00 → Altitude: -6.22
[2025-07-29T15:45:48.592+0000] {logging_mixin.py:188} INFO - NASA GHI response keys: ['2023013100', '2023013101', '2023013102', '2023013103', '2023013104', '2023013105', '2023013106', '2023013107', '2023013108', '2023013109', '2023013110', '2023013111', '2023013112', '2023013113', '2023013114', '2023013115', '2023013116', '2023013117', '2023013118', '2023013119', '2023013120', '2023013121', '2023013122', '2023013123']
[2025-07-29T15:45:48.592+0000] {logging_mixin.py:188} INFO - 2023-01-31 09:00:00+01:00 → Altitude: 5.55
[2025-07-29T15:45:48.593+0000] {logging_mixin.py:188} INFO - NASA GHI response keys: ['2023013100', '2023013101', '2023013102', '2023013103', '2023013104', '2023013105', '2023013106', '2023013107', '2023013108', '2023013109', '2023013110', '2023013111', '2023013112', '2023013113', '2023013114', '2023013115', '2023013116', '2023013117', '2023013118', '2023013119', '2023013120', '2023013121', '2023013122', '2023013123']
[2025-07-29T15:45:48.594+0000] {logging_mixin.py:188} INFO - 2023-01-31 10:00:00+01:00 → Altitude: 16.31
[2025-07-29T15:45:48.594+0000] {logging_mixin.py:188} INFO - NASA GHI response keys: ['2023013100', '2023013101', '2023013102', '2023013103', '2023013104', '2023013105', '2023013106', '2023013107', '2023013108', '2023013109', '2023013110', '2023013111', '2023013112', '2023013113', '2023013114', '2023013115', '2023013116', '2023013117', '2023013118', '2023013119', '2023013120', '2023013121', '2023013122', '2023013123']
[2025-07-29T15:45:48.595+0000] {logging_mixin.py:188} INFO - 2023-01-31 11:00:00+01:00 → Altitude: 25.84
[2025-07-29T15:45:48.595+0000] {logging_mixin.py:188} INFO - NASA GHI response keys: ['2023013100', '2023013101', '2023013102', '2023013103', '2023013104', '2023013105', '2023013106', '2023013107', '2023013108', '2023013109', '2023013110', '2023013111', '2023013112', '2023013113', '2023013114', '2023013115', '2023013116', '2023013117', '2023013118', '2023013119', '2023013120', '2023013121', '2023013122', '2023013123']
[2025-07-29T15:45:48.596+0000] {logging_mixin.py:188} INFO - 2023-01-31 12:00:00+01:00 → Altitude: 33.38
[2025-07-29T15:45:48.597+0000] {logging_mixin.py:188} INFO - NASA GHI response keys: ['2023013100', '2023013101', '2023013102', '2023013103', '2023013104', '2023013105', '2023013106', '2023013107', '2023013108', '2023013109', '2023013110', '2023013111', '2023013112', '2023013113', '2023013114', '2023013115', '2023013116', '2023013117', '2023013118', '2023013119', '2023013120', '2023013121', '2023013122', '2023013123']
[2025-07-29T15:45:48.597+0000] {logging_mixin.py:188} INFO - 2023-01-31 13:00:00+01:00 → Altitude: 38.02
[2025-07-29T15:45:48.598+0000] {logging_mixin.py:188} INFO - NASA GHI response keys: ['2023013100', '2023013101', '2023013102', '2023013103', '2023013104', '2023013105', '2023013106', '2023013107', '2023013108', '2023013109', '2023013110', '2023013111', '2023013112', '2023013113', '2023013114', '2023013115', '2023013116', '2023013117', '2023013118', '2023013119', '2023013120', '2023013121', '2023013122', '2023013123']
[2025-07-29T15:45:48.598+0000] {logging_mixin.py:188} INFO - 2023-01-31 14:00:00+01:00 → Altitude: 38.94
[2025-07-29T15:45:48.599+0000] {logging_mixin.py:188} INFO - NASA GHI response keys: ['2023013100', '2023013101', '2023013102', '2023013103', '2023013104', '2023013105', '2023013106', '2023013107', '2023013108', '2023013109', '2023013110', '2023013111', '2023013112', '2023013113', '2023013114', '2023013115', '2023013116', '2023013117', '2023013118', '2023013119', '2023013120', '2023013121', '2023013122', '2023013123']
[2025-07-29T15:45:48.599+0000] {logging_mixin.py:188} INFO - 2023-01-31 15:00:00+01:00 → Altitude: 35.95
[2025-07-29T15:45:48.600+0000] {logging_mixin.py:188} INFO - NASA GHI response keys: ['2023013100', '2023013101', '2023013102', '2023013103', '2023013104', '2023013105', '2023013106', '2023013107', '2023013108', '2023013109', '2023013110', '2023013111', '2023013112', '2023013113', '2023013114', '2023013115', '2023013116', '2023013117', '2023013118', '2023013119', '2023013120', '2023013121', '2023013122', '2023013123']
[2025-07-29T15:45:48.601+0000] {logging_mixin.py:188} INFO - 2023-01-31 16:00:00+01:00 → Altitude: 29.64
[2025-07-29T15:45:48.601+0000] {logging_mixin.py:188} INFO - NASA GHI response keys: ['2023013100', '2023013101', '2023013102', '2023013103', '2023013104', '2023013105', '2023013106', '2023013107', '2023013108', '2023013109', '2023013110', '2023013111', '2023013112', '2023013113', '2023013114', '2023013115', '2023013116', '2023013117', '2023013118', '2023013119', '2023013120', '2023013121', '2023013122', '2023013123']
[2025-07-29T15:45:48.602+0000] {logging_mixin.py:188} INFO - 2023-01-31 17:00:00+01:00 → Altitude: 20.93
[2025-07-29T15:45:48.602+0000] {logging_mixin.py:188} INFO - NASA GHI response keys: ['2023013100', '2023013101', '2023013102', '2023013103', '2023013104', '2023013105', '2023013106', '2023013107', '2023013108', '2023013109', '2023013110', '2023013111', '2023013112', '2023013113', '2023013114', '2023013115', '2023013116', '2023013117', '2023013118', '2023013119', '2023013120', '2023013121', '2023013122', '2023013123']
[2025-07-29T15:45:48.603+0000] {logging_mixin.py:188} INFO - 2023-01-31 18:00:00+01:00 → Altitude: 10.66
[2025-07-29T15:45:48.603+0000] {logging_mixin.py:188} INFO - NASA GHI response keys: ['2023013100', '2023013101', '2023013102', '2023013103', '2023013104', '2023013105', '2023013106', '2023013107', '2023013108', '2023013109', '2023013110', '2023013111', '2023013112', '2023013113', '2023013114', '2023013115', '2023013116', '2023013117', '2023013118', '2023013119', '2023013120', '2023013121', '2023013122', '2023013123']
[2025-07-29T15:45:48.604+0000] {logging_mixin.py:188} INFO - 2023-01-31 19:00:00+01:00 → Altitude: -0.33
[2025-07-29T15:45:48.605+0000] {logging_mixin.py:188} INFO - NASA GHI response keys: ['2023013100', '2023013101', '2023013102', '2023013103', '2023013104', '2023013105', '2023013106', '2023013107', '2023013108', '2023013109', '2023013110', '2023013111', '2023013112', '2023013113', '2023013114', '2023013115', '2023013116', '2023013117', '2023013118', '2023013119', '2023013120', '2023013121', '2023013122', '2023013123']
[2025-07-29T15:45:48.606+0000] {logging_mixin.py:188} INFO - 2023-01-31 20:00:00+01:00 → Altitude: -12.71
[2025-07-29T15:45:48.606+0000] {logging_mixin.py:188} INFO - NASA GHI response keys: ['2023013100', '2023013101', '2023013102', '2023013103', '2023013104', '2023013105', '2023013106', '2023013107', '2023013108', '2023013109', '2023013110', '2023013111', '2023013112', '2023013113', '2023013114', '2023013115', '2023013116', '2023013117', '2023013118', '2023013119', '2023013120', '2023013121', '2023013122', '2023013123']
[2025-07-29T15:45:48.607+0000] {logging_mixin.py:188} INFO - 2023-01-31 21:00:00+01:00 → Altitude: -25.07
[2025-07-29T15:45:48.607+0000] {logging_mixin.py:188} INFO - NASA GHI response keys: ['2023013100', '2023013101', '2023013102', '2023013103', '2023013104', '2023013105', '2023013106', '2023013107', '2023013108', '2023013109', '2023013110', '2023013111', '2023013112', '2023013113', '2023013114', '2023013115', '2023013116', '2023013117', '2023013118', '2023013119', '2023013120', '2023013121', '2023013122', '2023013123']
[2025-07-29T15:45:48.608+0000] {logging_mixin.py:188} INFO - 2023-01-31 22:00:00+01:00 → Altitude: -37.55
[2025-07-29T15:45:48.609+0000] {logging_mixin.py:188} INFO - NASA GHI response keys: ['2023013100', '2023013101', '2023013102', '2023013103', '2023013104', '2023013105', '2023013106', '2023013107', '2023013108', '2023013109', '2023013110', '2023013111', '2023013112', '2023013113', '2023013114', '2023013115', '2023013116', '2023013117', '2023013118', '2023013119', '2023013120', '2023013121', '2023013122', '2023013123']
[2025-07-29T15:45:48.610+0000] {logging_mixin.py:188} INFO - 2023-01-31 23:00:00+01:00 → Altitude: -49.90
[2025-07-29T15:45:48.610+0000] {logging_mixin.py:188} INFO - NASA GHI response keys: ['2023013100', '2023013101', '2023013102', '2023013103', '2023013104', '2023013105', '2023013106', '2023013107', '2023013108', '2023013109', '2023013110', '2023013111', '2023013112', '2023013113', '2023013114', '2023013115', '2023013116', '2023013117', '2023013118', '2023013119', '2023013120', '2023013121', '2023013122', '2023013123']
[2025-07-29T15:45:48.613+0000] {python.py:237} INFO - Done. Returned value was: None
[2025-07-29T15:45:48.615+0000] {taskinstance.py:441} INFO - ::group::Post task execution logs
[2025-07-29T15:45:48.635+0000] {taskinstance.py:1206} INFO - Marking task as SUCCESS. dag_id=solar_ai_pipeline_2, task_id=fetch_data, run_id=scheduled__2023-01-31T00:00:00+00:00, execution_date=20230131T000000, start_date=20250729T154537, end_date=20250729T154548
[2025-07-29T15:45:48.764+0000] {local_task_job_runner.py:240} INFO - Task exited with return code 0
[2025-07-29T15:45:48.822+0000] {taskinstance.py:3503} INFO - 1 downstream tasks scheduled from follow-on schedule check
[2025-07-29T15:45:48.864+0000] {local_task_job_runner.py:222} INFO - ::endgroup::
