[2025-07-31T14:08:05.570+0000] {local_task_job_runner.py:120} INFO - ::group::Pre task execution logs
[2025-07-31T14:08:05.644+0000] {taskinstance.py:2076} INFO - Dependencies all met for dep_context=non-requeueable deps ti=<TaskInstance: solar_ai_pipeline_2.predict_prophet scheduled__2023-10-19T00:00:00+00:00 [queued]>
[2025-07-31T14:08:05.673+0000] {taskinstance.py:2076} INFO - Dependencies all met for dep_context=requeueable deps ti=<TaskInstance: solar_ai_pipeline_2.predict_prophet scheduled__2023-10-19T00:00:00+00:00 [queued]>
[2025-07-31T14:08:05.673+0000] {taskinstance.py:2306} INFO - Starting attempt 2 of 2
[2025-07-31T14:08:05.725+0000] {taskinstance.py:2330} INFO - Executing <Task(PythonOperator): predict_prophet> on 2023-10-19 00:00:00+00:00
[2025-07-31T14:08:05.730+0000] {standard_task_runner.py:63} INFO - Started process 45869 to run task
[2025-07-31T14:08:05.733+0000] {standard_task_runner.py:90} INFO - Running: ['airflow', 'tasks', 'run', 'solar_ai_pipeline_2', 'predict_prophet', 'scheduled__2023-10-19T00:00:00+00:00', '--job-id', '3213', '--raw', '--subdir', 'DAGS_FOLDER/prophet_pipeline.py', '--cfg-path', '/tmp/tmpgzcjmy0h']
[2025-07-31T14:08:05.736+0000] {standard_task_runner.py:91} INFO - Job 3213: Subtask predict_prophet
[2025-07-31T14:08:05.882+0000] {task_command.py:426} INFO - Running <TaskInstance: solar_ai_pipeline_2.predict_prophet scheduled__2023-10-19T00:00:00+00:00 [running]> on host a2a0dd314bdc
[2025-07-31T14:08:06.111+0000] {taskinstance.py:2648} INFO - Exporting env vars: AIRFLOW_CTX_DAG_OWNER='ensam' AIRFLOW_CTX_DAG_ID='solar_ai_pipeline_2' AIRFLOW_CTX_TASK_ID='predict_prophet' AIRFLOW_CTX_EXECUTION_DATE='2023-10-19T00:00:00+00:00' AIRFLOW_CTX_TRY_NUMBER='2' AIRFLOW_CTX_DAG_RUN_ID='scheduled__2023-10-19T00:00:00+00:00'
[2025-07-31T14:08:06.112+0000] {taskinstance.py:430} INFO - ::endgroup::
[2025-07-31T14:08:07.767+0000] {plot.py:39} ERROR - Importing plotly failed. Interactive plots will not work.
[2025-07-31T14:08:09.094+0000] {logging_mixin.py:188} INFO - [ERROR] Invalid datetime values found in prediction data:
[2025-07-31T14:08:09.108+0000] {logging_mixin.py:188} INFO -    datetime  solar_irradiance  ...  saison_printemps  saison_été
0       NaT               0.0  ...               1.0         NaN
1       NaT               0.0  ...               1.0         NaN
2       NaT               0.0  ...               1.0         NaN
3       NaT               0.0  ...               1.0         NaN
4       NaT               0.0  ...               1.0         NaN
..      ...               ...  ...               ...         ...
19      NaT               0.0  ...               NaN         NaN
20      NaT               0.0  ...               NaN         NaN
21      NaT               0.0  ...               NaN         NaN
22      NaT               0.0  ...               NaN         NaN
23      NaT               0.0  ...               NaN         NaN

[4296 rows x 14 columns]
[2025-07-31T14:08:09.108+0000] {taskinstance.py:441} INFO - ::group::Post task execution logs
[2025-07-31T14:08:09.109+0000] {taskinstance.py:2905} ERROR - Task failed with exception
Traceback (most recent call last):
  File "/home/airflow/.local/lib/python3.11/site-packages/airflow/models/taskinstance.py", line 465, in _execute_task
    result = _execute_callable(context=context, **execute_callable_kwargs)
             ^^^^^^^^^^^^^^^^^^^^^^^^^^^^^^^^^^^^^^^^^^^^^^^^^^^^^^^^^^^^^
  File "/home/airflow/.local/lib/python3.11/site-packages/airflow/models/taskinstance.py", line 432, in _execute_callable
    return execute_callable(context=context, **execute_callable_kwargs)
           ^^^^^^^^^^^^^^^^^^^^^^^^^^^^^^^^^^^^^^^^^^^^^^^^^^^^^^^^^^^^
  File "/home/airflow/.local/lib/python3.11/site-packages/airflow/models/baseoperator.py", line 401, in wrapper
    return func(self, *args, **kwargs)
           ^^^^^^^^^^^^^^^^^^^^^^^^^^^
  File "/home/airflow/.local/lib/python3.11/site-packages/airflow/operators/python.py", line 235, in execute
    return_value = self.execute_callable()
                   ^^^^^^^^^^^^^^^^^^^^^^^
  File "/home/airflow/.local/lib/python3.11/site-packages/airflow/operators/python.py", line 252, in execute_callable
    return self.python_callable(*self.op_args, **self.op_kwargs)
           ^^^^^^^^^^^^^^^^^^^^^^^^^^^^^^^^^^^^^^^^^^^^^^^^^^^^^
  File "/opt/airflow/dags/scripts/predict_prophet.py", line 71, in predict_prophet
    raise ValueError("Found invalid datetime entries. Fix the input data before continuing.")
ValueError: Found invalid datetime entries. Fix the input data before continuing.
[2025-07-31T14:08:09.130+0000] {taskinstance.py:1206} INFO - Marking task as FAILED. dag_id=solar_ai_pipeline_2, task_id=predict_prophet, run_id=scheduled__2023-10-19T00:00:00+00:00, execution_date=20231019T000000, start_date=20250731T140805, end_date=20250731T140809
[2025-07-31T14:08:09.215+0000] {standard_task_runner.py:110} ERROR - Failed to execute job 3213 for task predict_prophet (Found invalid datetime entries. Fix the input data before continuing.; 45869)
[2025-07-31T14:08:09.244+0000] {local_task_job_runner.py:240} INFO - Task exited with return code 1
[2025-07-31T14:08:09.282+0000] {taskinstance.py:3503} INFO - 0 downstream tasks scheduled from follow-on schedule check
[2025-07-31T14:08:09.321+0000] {local_task_job_runner.py:222} INFO - ::endgroup::
