[2025-07-31T12:03:03.601+0000] {local_task_job_runner.py:120} INFO - ::group::Pre task execution logs
[2025-07-31T12:03:03.699+0000] {taskinstance.py:2076} INFO - Dependencies all met for dep_context=non-requeueable deps ti=<TaskInstance: solar_ai_pipeline_2.train_prophet scheduled__2023-07-27T00:00:00+00:00 [queued]>
[2025-07-31T12:03:03.760+0000] {taskinstance.py:2076} INFO - Dependencies all met for dep_context=requeueable deps ti=<TaskInstance: solar_ai_pipeline_2.train_prophet scheduled__2023-07-27T00:00:00+00:00 [queued]>
[2025-07-31T12:03:03.764+0000] {taskinstance.py:2306} INFO - Starting attempt 3 of 4
[2025-07-31T12:03:03.889+0000] {taskinstance.py:2330} INFO - Executing <Task(PythonOperator): train_prophet> on 2023-07-27 00:00:00+00:00
[2025-07-31T12:03:03.901+0000] {standard_task_runner.py:63} INFO - Started process 4531 to run task
[2025-07-31T12:03:03.909+0000] {standard_task_runner.py:90} INFO - Running: ['airflow', 'tasks', 'run', 'solar_ai_pipeline_2', 'train_prophet', 'scheduled__2023-07-27T00:00:00+00:00', '--job-id', '2934', '--raw', '--subdir', 'DAGS_FOLDER/prophet_pipeline.py', '--cfg-path', '/tmp/tmpba8_cfrg']
[2025-07-31T12:03:03.914+0000] {standard_task_runner.py:91} INFO - Job 2934: Subtask train_prophet
[2025-07-31T12:03:04.225+0000] {task_command.py:426} INFO - Running <TaskInstance: solar_ai_pipeline_2.train_prophet scheduled__2023-07-27T00:00:00+00:00 [running]> on host a2a0dd314bdc
[2025-07-31T12:03:04.661+0000] {taskinstance.py:2648} INFO - Exporting env vars: AIRFLOW_CTX_DAG_OWNER='ensam' AIRFLOW_CTX_DAG_ID='solar_ai_pipeline_2' AIRFLOW_CTX_TASK_ID='train_prophet' AIRFLOW_CTX_EXECUTION_DATE='2023-07-27T00:00:00+00:00' AIRFLOW_CTX_TRY_NUMBER='3' AIRFLOW_CTX_DAG_RUN_ID='scheduled__2023-07-27T00:00:00+00:00'
[2025-07-31T12:03:04.663+0000] {taskinstance.py:430} INFO - ::endgroup::
[2025-07-31T12:03:05.621+0000] {plot.py:39} ERROR - Importing plotly failed. Interactive plots will not work.
[2025-07-31T12:03:05.629+0000] {logging_mixin.py:188} INFO - Training from 2023-01-01 to 2023-01-28
[2025-07-31T12:03:06.274+0000] {logging_mixin.py:188} INFO - Test 1/18: {'changepoint_prior_scale': 0.01, 'seasonality_prior_scale': 1.0, 'seasonality_mode': 'additive'}
[2025-07-31T12:03:06.344+0000] {filesystem.py:118} DEBUG - input tempfile: /tmp/tmp2bxicgqh/5d3cc235.json
[2025-07-31T12:03:06.430+0000] {filesystem.py:118} DEBUG - input tempfile: /tmp/tmp2bxicgqh/viv111pt.json
[2025-07-31T12:03:06.435+0000] {model.py:2042} DEBUG - idx 0
[2025-07-31T12:03:06.437+0000] {model.py:2043} DEBUG - running CmdStan, num_threads: None
[2025-07-31T12:03:06.437+0000] {model.py:2055} DEBUG - CmdStan args: ['/home/airflow/.local/lib/python3.11/site-packages/prophet/stan_model/prophet_model.bin', 'random', 'seed=15424', 'data', 'file=/tmp/tmp2bxicgqh/5d3cc235.json', 'init=/tmp/tmp2bxicgqh/viv111pt.json', 'output', 'file=/tmp/tmp2bxicgqh/prophet_modeleoyosyw2/prophet_model-20250731120306.csv', 'method=optimize', 'algorithm=lbfgs', 'iter=10000']
[2025-07-31T12:03:06.438+0000] {logging_mixin.py:188} WARNING - 12:03:06 - cmdstanpy - INFO - Chain [1] start processing
[2025-07-31T12:03:06.438+0000] {model.py:2058} INFO - Chain [1] start processing
[2025-07-31T12:03:06.488+0000] {logging_mixin.py:188} WARNING - 12:03:06 - cmdstanpy - INFO - Chain [1] done processing
[2025-07-31T12:03:06.488+0000] {model.py:2115} INFO - Chain [1] done processing
[2025-07-31T12:03:06.493+0000] {logging_mixin.py:188} INFO - Erreur pour {'changepoint_prior_scale': 0.01, 'seasonality_prior_scale': 1.0, 'seasonality_mode': 'additive'}: Less data than horizon after initial window. Make horizon or initial shorter.
[2025-07-31T12:03:06.494+0000] {logging_mixin.py:188} INFO - Test 2/18: {'changepoint_prior_scale': 0.01, 'seasonality_prior_scale': 1.0, 'seasonality_mode': 'multiplicative'}
[2025-07-31T12:03:06.516+0000] {filesystem.py:118} DEBUG - input tempfile: /tmp/tmp2bxicgqh/vt7carbn.json
[2025-07-31T12:03:06.604+0000] {filesystem.py:118} DEBUG - input tempfile: /tmp/tmp2bxicgqh/h_ud6ii9.json
[2025-07-31T12:03:06.607+0000] {model.py:2042} DEBUG - idx 0
[2025-07-31T12:03:06.608+0000] {model.py:2043} DEBUG - running CmdStan, num_threads: None
[2025-07-31T12:03:06.609+0000] {model.py:2055} DEBUG - CmdStan args: ['/home/airflow/.local/lib/python3.11/site-packages/prophet/stan_model/prophet_model.bin', 'random', 'seed=18160', 'data', 'file=/tmp/tmp2bxicgqh/vt7carbn.json', 'init=/tmp/tmp2bxicgqh/h_ud6ii9.json', 'output', 'file=/tmp/tmp2bxicgqh/prophet_model_igr8h3d/prophet_model-20250731120306.csv', 'method=optimize', 'algorithm=lbfgs', 'iter=10000']
[2025-07-31T12:03:06.610+0000] {logging_mixin.py:188} WARNING - 12:03:06 - cmdstanpy - INFO - Chain [1] start processing
[2025-07-31T12:03:06.610+0000] {model.py:2058} INFO - Chain [1] start processing
[2025-07-31T12:03:06.681+0000] {logging_mixin.py:188} WARNING - 12:03:06 - cmdstanpy - INFO - Chain [1] done processing
[2025-07-31T12:03:06.681+0000] {model.py:2115} INFO - Chain [1] done processing
[2025-07-31T12:03:06.686+0000] {logging_mixin.py:188} INFO - Erreur pour {'changepoint_prior_scale': 0.01, 'seasonality_prior_scale': 1.0, 'seasonality_mode': 'multiplicative'}: Less data than horizon after initial window. Make horizon or initial shorter.
[2025-07-31T12:03:06.687+0000] {logging_mixin.py:188} INFO - Test 3/18: {'changepoint_prior_scale': 0.01, 'seasonality_prior_scale': 5.0, 'seasonality_mode': 'additive'}
[2025-07-31T12:03:06.708+0000] {filesystem.py:118} DEBUG - input tempfile: /tmp/tmp2bxicgqh/rs2gau5r.json
[2025-07-31T12:03:06.793+0000] {filesystem.py:118} DEBUG - input tempfile: /tmp/tmp2bxicgqh/lwgq_46m.json
[2025-07-31T12:03:06.798+0000] {model.py:2042} DEBUG - idx 0
[2025-07-31T12:03:06.798+0000] {model.py:2043} DEBUG - running CmdStan, num_threads: None
[2025-07-31T12:03:06.799+0000] {model.py:2055} DEBUG - CmdStan args: ['/home/airflow/.local/lib/python3.11/site-packages/prophet/stan_model/prophet_model.bin', 'random', 'seed=94535', 'data', 'file=/tmp/tmp2bxicgqh/rs2gau5r.json', 'init=/tmp/tmp2bxicgqh/lwgq_46m.json', 'output', 'file=/tmp/tmp2bxicgqh/prophet_modeln1_s7g8a/prophet_model-20250731120306.csv', 'method=optimize', 'algorithm=lbfgs', 'iter=10000']
[2025-07-31T12:03:06.799+0000] {logging_mixin.py:188} WARNING - 12:03:06 - cmdstanpy - INFO - Chain [1] start processing
[2025-07-31T12:03:06.799+0000] {model.py:2058} INFO - Chain [1] start processing
[2025-07-31T12:03:06.855+0000] {logging_mixin.py:188} WARNING - 12:03:06 - cmdstanpy - INFO - Chain [1] done processing
[2025-07-31T12:03:06.855+0000] {model.py:2115} INFO - Chain [1] done processing
[2025-07-31T12:03:06.859+0000] {logging_mixin.py:188} INFO - Erreur pour {'changepoint_prior_scale': 0.01, 'seasonality_prior_scale': 5.0, 'seasonality_mode': 'additive'}: Less data than horizon after initial window. Make horizon or initial shorter.
[2025-07-31T12:03:06.860+0000] {logging_mixin.py:188} INFO - Test 4/18: {'changepoint_prior_scale': 0.01, 'seasonality_prior_scale': 5.0, 'seasonality_mode': 'multiplicative'}
[2025-07-31T12:03:06.882+0000] {filesystem.py:118} DEBUG - input tempfile: /tmp/tmp2bxicgqh/yk3_209o.json
[2025-07-31T12:03:06.950+0000] {filesystem.py:118} DEBUG - input tempfile: /tmp/tmp2bxicgqh/1m51ksg1.json
[2025-07-31T12:03:06.952+0000] {model.py:2042} DEBUG - idx 0
[2025-07-31T12:03:06.952+0000] {model.py:2043} DEBUG - running CmdStan, num_threads: None
[2025-07-31T12:03:06.953+0000] {model.py:2055} DEBUG - CmdStan args: ['/home/airflow/.local/lib/python3.11/site-packages/prophet/stan_model/prophet_model.bin', 'random', 'seed=2728', 'data', 'file=/tmp/tmp2bxicgqh/yk3_209o.json', 'init=/tmp/tmp2bxicgqh/1m51ksg1.json', 'output', 'file=/tmp/tmp2bxicgqh/prophet_modelte1pscuo/prophet_model-20250731120306.csv', 'method=optimize', 'algorithm=lbfgs', 'iter=10000']
[2025-07-31T12:03:06.953+0000] {logging_mixin.py:188} WARNING - 12:03:06 - cmdstanpy - INFO - Chain [1] start processing
[2025-07-31T12:03:06.953+0000] {model.py:2058} INFO - Chain [1] start processing
[2025-07-31T12:03:07.009+0000] {logging_mixin.py:188} WARNING - 12:03:07 - cmdstanpy - INFO - Chain [1] done processing
[2025-07-31T12:03:07.009+0000] {model.py:2115} INFO - Chain [1] done processing
[2025-07-31T12:03:07.013+0000] {logging_mixin.py:188} INFO - Erreur pour {'changepoint_prior_scale': 0.01, 'seasonality_prior_scale': 5.0, 'seasonality_mode': 'multiplicative'}: Less data than horizon after initial window. Make horizon or initial shorter.
[2025-07-31T12:03:07.015+0000] {logging_mixin.py:188} INFO - Test 5/18: {'changepoint_prior_scale': 0.01, 'seasonality_prior_scale': 10.0, 'seasonality_mode': 'additive'}
[2025-07-31T12:03:07.031+0000] {filesystem.py:118} DEBUG - input tempfile: /tmp/tmp2bxicgqh/6fdbjhzt.json
[2025-07-31T12:03:07.106+0000] {filesystem.py:118} DEBUG - input tempfile: /tmp/tmp2bxicgqh/qlcyvasn.json
[2025-07-31T12:03:07.108+0000] {model.py:2042} DEBUG - idx 0
[2025-07-31T12:03:07.109+0000] {model.py:2043} DEBUG - running CmdStan, num_threads: None
[2025-07-31T12:03:07.110+0000] {model.py:2055} DEBUG - CmdStan args: ['/home/airflow/.local/lib/python3.11/site-packages/prophet/stan_model/prophet_model.bin', 'random', 'seed=22362', 'data', 'file=/tmp/tmp2bxicgqh/6fdbjhzt.json', 'init=/tmp/tmp2bxicgqh/qlcyvasn.json', 'output', 'file=/tmp/tmp2bxicgqh/prophet_model3rm9i4u6/prophet_model-20250731120307.csv', 'method=optimize', 'algorithm=lbfgs', 'iter=10000']
[2025-07-31T12:03:07.111+0000] {logging_mixin.py:188} WARNING - 12:03:07 - cmdstanpy - INFO - Chain [1] start processing
[2025-07-31T12:03:07.111+0000] {model.py:2058} INFO - Chain [1] start processing
[2025-07-31T12:03:07.165+0000] {logging_mixin.py:188} WARNING - 12:03:07 - cmdstanpy - INFO - Chain [1] done processing
[2025-07-31T12:03:07.165+0000] {model.py:2115} INFO - Chain [1] done processing
[2025-07-31T12:03:07.171+0000] {logging_mixin.py:188} INFO - Erreur pour {'changepoint_prior_scale': 0.01, 'seasonality_prior_scale': 10.0, 'seasonality_mode': 'additive'}: Less data than horizon after initial window. Make horizon or initial shorter.
[2025-07-31T12:03:07.172+0000] {logging_mixin.py:188} INFO - Test 6/18: {'changepoint_prior_scale': 0.01, 'seasonality_prior_scale': 10.0, 'seasonality_mode': 'multiplicative'}
[2025-07-31T12:03:07.194+0000] {filesystem.py:118} DEBUG - input tempfile: /tmp/tmp2bxicgqh/eykefkux.json
[2025-07-31T12:03:07.271+0000] {filesystem.py:118} DEBUG - input tempfile: /tmp/tmp2bxicgqh/r9gqullc.json
[2025-07-31T12:03:07.274+0000] {model.py:2042} DEBUG - idx 0
[2025-07-31T12:03:07.274+0000] {model.py:2043} DEBUG - running CmdStan, num_threads: None
[2025-07-31T12:03:07.275+0000] {model.py:2055} DEBUG - CmdStan args: ['/home/airflow/.local/lib/python3.11/site-packages/prophet/stan_model/prophet_model.bin', 'random', 'seed=72762', 'data', 'file=/tmp/tmp2bxicgqh/eykefkux.json', 'init=/tmp/tmp2bxicgqh/r9gqullc.json', 'output', 'file=/tmp/tmp2bxicgqh/prophet_modelki5nw5ax/prophet_model-20250731120307.csv', 'method=optimize', 'algorithm=lbfgs', 'iter=10000']
[2025-07-31T12:03:07.276+0000] {logging_mixin.py:188} WARNING - 12:03:07 - cmdstanpy - INFO - Chain [1] start processing
[2025-07-31T12:03:07.276+0000] {model.py:2058} INFO - Chain [1] start processing
[2025-07-31T12:03:07.331+0000] {logging_mixin.py:188} WARNING - 12:03:07 - cmdstanpy - INFO - Chain [1] done processing
[2025-07-31T12:03:07.331+0000] {model.py:2115} INFO - Chain [1] done processing
[2025-07-31T12:03:07.336+0000] {logging_mixin.py:188} INFO - Erreur pour {'changepoint_prior_scale': 0.01, 'seasonality_prior_scale': 10.0, 'seasonality_mode': 'multiplicative'}: Less data than horizon after initial window. Make horizon or initial shorter.
[2025-07-31T12:03:07.337+0000] {logging_mixin.py:188} INFO - Test 7/18: {'changepoint_prior_scale': 0.05, 'seasonality_prior_scale': 1.0, 'seasonality_mode': 'additive'}
[2025-07-31T12:03:07.356+0000] {filesystem.py:118} DEBUG - input tempfile: /tmp/tmp2bxicgqh/a4knyr2c.json
[2025-07-31T12:03:07.436+0000] {filesystem.py:118} DEBUG - input tempfile: /tmp/tmp2bxicgqh/bj1cuehj.json
[2025-07-31T12:03:07.438+0000] {model.py:2042} DEBUG - idx 0
[2025-07-31T12:03:07.439+0000] {model.py:2043} DEBUG - running CmdStan, num_threads: None
[2025-07-31T12:03:07.439+0000] {model.py:2055} DEBUG - CmdStan args: ['/home/airflow/.local/lib/python3.11/site-packages/prophet/stan_model/prophet_model.bin', 'random', 'seed=19625', 'data', 'file=/tmp/tmp2bxicgqh/a4knyr2c.json', 'init=/tmp/tmp2bxicgqh/bj1cuehj.json', 'output', 'file=/tmp/tmp2bxicgqh/prophet_modelaif5l8rx/prophet_model-20250731120307.csv', 'method=optimize', 'algorithm=lbfgs', 'iter=10000']
[2025-07-31T12:03:07.440+0000] {logging_mixin.py:188} WARNING - 12:03:07 - cmdstanpy - INFO - Chain [1] start processing
[2025-07-31T12:03:07.440+0000] {model.py:2058} INFO - Chain [1] start processing
[2025-07-31T12:03:07.508+0000] {logging_mixin.py:188} WARNING - 12:03:07 - cmdstanpy - INFO - Chain [1] done processing
[2025-07-31T12:03:07.507+0000] {model.py:2115} INFO - Chain [1] done processing
[2025-07-31T12:03:07.513+0000] {logging_mixin.py:188} INFO - Erreur pour {'changepoint_prior_scale': 0.05, 'seasonality_prior_scale': 1.0, 'seasonality_mode': 'additive'}: Less data than horizon after initial window. Make horizon or initial shorter.
[2025-07-31T12:03:07.514+0000] {logging_mixin.py:188} INFO - Test 8/18: {'changepoint_prior_scale': 0.05, 'seasonality_prior_scale': 1.0, 'seasonality_mode': 'multiplicative'}
[2025-07-31T12:03:07.535+0000] {filesystem.py:118} DEBUG - input tempfile: /tmp/tmp2bxicgqh/ar3bbuv4.json
[2025-07-31T12:03:07.617+0000] {filesystem.py:118} DEBUG - input tempfile: /tmp/tmp2bxicgqh/fbhx2om5.json
[2025-07-31T12:03:07.619+0000] {model.py:2042} DEBUG - idx 0
[2025-07-31T12:03:07.620+0000] {model.py:2043} DEBUG - running CmdStan, num_threads: None
[2025-07-31T12:03:07.621+0000] {model.py:2055} DEBUG - CmdStan args: ['/home/airflow/.local/lib/python3.11/site-packages/prophet/stan_model/prophet_model.bin', 'random', 'seed=67550', 'data', 'file=/tmp/tmp2bxicgqh/ar3bbuv4.json', 'init=/tmp/tmp2bxicgqh/fbhx2om5.json', 'output', 'file=/tmp/tmp2bxicgqh/prophet_modellfhu7wtz/prophet_model-20250731120307.csv', 'method=optimize', 'algorithm=lbfgs', 'iter=10000']
[2025-07-31T12:03:07.621+0000] {logging_mixin.py:188} WARNING - 12:03:07 - cmdstanpy - INFO - Chain [1] start processing
[2025-07-31T12:03:07.621+0000] {model.py:2058} INFO - Chain [1] start processing
[2025-07-31T12:03:07.702+0000] {logging_mixin.py:188} WARNING - 12:03:07 - cmdstanpy - INFO - Chain [1] done processing
[2025-07-31T12:03:07.702+0000] {model.py:2115} INFO - Chain [1] done processing
[2025-07-31T12:03:07.707+0000] {logging_mixin.py:188} INFO - Erreur pour {'changepoint_prior_scale': 0.05, 'seasonality_prior_scale': 1.0, 'seasonality_mode': 'multiplicative'}: Less data than horizon after initial window. Make horizon or initial shorter.
[2025-07-31T12:03:07.708+0000] {logging_mixin.py:188} INFO - Test 9/18: {'changepoint_prior_scale': 0.05, 'seasonality_prior_scale': 5.0, 'seasonality_mode': 'additive'}
[2025-07-31T12:03:07.727+0000] {filesystem.py:118} DEBUG - input tempfile: /tmp/tmp2bxicgqh/9774iipn.json
[2025-07-31T12:03:07.801+0000] {filesystem.py:118} DEBUG - input tempfile: /tmp/tmp2bxicgqh/eegkzwww.json
[2025-07-31T12:03:07.803+0000] {model.py:2042} DEBUG - idx 0
[2025-07-31T12:03:07.804+0000] {model.py:2043} DEBUG - running CmdStan, num_threads: None
[2025-07-31T12:03:07.804+0000] {model.py:2055} DEBUG - CmdStan args: ['/home/airflow/.local/lib/python3.11/site-packages/prophet/stan_model/prophet_model.bin', 'random', 'seed=16091', 'data', 'file=/tmp/tmp2bxicgqh/9774iipn.json', 'init=/tmp/tmp2bxicgqh/eegkzwww.json', 'output', 'file=/tmp/tmp2bxicgqh/prophet_modelnzilhn2m/prophet_model-20250731120307.csv', 'method=optimize', 'algorithm=lbfgs', 'iter=10000']
[2025-07-31T12:03:07.805+0000] {logging_mixin.py:188} WARNING - 12:03:07 - cmdstanpy - INFO - Chain [1] start processing
[2025-07-31T12:03:07.805+0000] {model.py:2058} INFO - Chain [1] start processing
[2025-07-31T12:03:07.859+0000] {logging_mixin.py:188} WARNING - 12:03:07 - cmdstanpy - INFO - Chain [1] done processing
[2025-07-31T12:03:07.859+0000] {model.py:2115} INFO - Chain [1] done processing
[2025-07-31T12:03:07.867+0000] {logging_mixin.py:188} INFO - Erreur pour {'changepoint_prior_scale': 0.05, 'seasonality_prior_scale': 5.0, 'seasonality_mode': 'additive'}: Less data than horizon after initial window. Make horizon or initial shorter.
[2025-07-31T12:03:07.868+0000] {logging_mixin.py:188} INFO - Test 10/18: {'changepoint_prior_scale': 0.05, 'seasonality_prior_scale': 5.0, 'seasonality_mode': 'multiplicative'}
[2025-07-31T12:03:07.899+0000] {filesystem.py:118} DEBUG - input tempfile: /tmp/tmp2bxicgqh/ranniolu.json
[2025-07-31T12:03:07.968+0000] {filesystem.py:118} DEBUG - input tempfile: /tmp/tmp2bxicgqh/i61fz6aq.json
[2025-07-31T12:03:07.970+0000] {model.py:2042} DEBUG - idx 0
[2025-07-31T12:03:07.971+0000] {model.py:2043} DEBUG - running CmdStan, num_threads: None
[2025-07-31T12:03:07.971+0000] {model.py:2055} DEBUG - CmdStan args: ['/home/airflow/.local/lib/python3.11/site-packages/prophet/stan_model/prophet_model.bin', 'random', 'seed=21173', 'data', 'file=/tmp/tmp2bxicgqh/ranniolu.json', 'init=/tmp/tmp2bxicgqh/i61fz6aq.json', 'output', 'file=/tmp/tmp2bxicgqh/prophet_model8kiervkz/prophet_model-20250731120307.csv', 'method=optimize', 'algorithm=lbfgs', 'iter=10000']
[2025-07-31T12:03:07.972+0000] {logging_mixin.py:188} WARNING - 12:03:07 - cmdstanpy - INFO - Chain [1] start processing
[2025-07-31T12:03:07.972+0000] {model.py:2058} INFO - Chain [1] start processing
[2025-07-31T12:03:08.048+0000] {logging_mixin.py:188} WARNING - 12:03:08 - cmdstanpy - INFO - Chain [1] done processing
[2025-07-31T12:03:08.048+0000] {model.py:2115} INFO - Chain [1] done processing
[2025-07-31T12:03:08.053+0000] {logging_mixin.py:188} INFO - Erreur pour {'changepoint_prior_scale': 0.05, 'seasonality_prior_scale': 5.0, 'seasonality_mode': 'multiplicative'}: Less data than horizon after initial window. Make horizon or initial shorter.
[2025-07-31T12:03:08.054+0000] {logging_mixin.py:188} INFO - Test 11/18: {'changepoint_prior_scale': 0.05, 'seasonality_prior_scale': 10.0, 'seasonality_mode': 'additive'}
[2025-07-31T12:03:08.070+0000] {filesystem.py:118} DEBUG - input tempfile: /tmp/tmp2bxicgqh/cqfmsup8.json
[2025-07-31T12:03:08.146+0000] {filesystem.py:118} DEBUG - input tempfile: /tmp/tmp2bxicgqh/r1c7awqd.json
[2025-07-31T12:03:08.148+0000] {model.py:2042} DEBUG - idx 0
[2025-07-31T12:03:08.149+0000] {model.py:2043} DEBUG - running CmdStan, num_threads: None
[2025-07-31T12:03:08.149+0000] {model.py:2055} DEBUG - CmdStan args: ['/home/airflow/.local/lib/python3.11/site-packages/prophet/stan_model/prophet_model.bin', 'random', 'seed=89466', 'data', 'file=/tmp/tmp2bxicgqh/cqfmsup8.json', 'init=/tmp/tmp2bxicgqh/r1c7awqd.json', 'output', 'file=/tmp/tmp2bxicgqh/prophet_modeltzehxxmt/prophet_model-20250731120308.csv', 'method=optimize', 'algorithm=lbfgs', 'iter=10000']
[2025-07-31T12:03:08.150+0000] {logging_mixin.py:188} WARNING - 12:03:08 - cmdstanpy - INFO - Chain [1] start processing
[2025-07-31T12:03:08.150+0000] {model.py:2058} INFO - Chain [1] start processing
[2025-07-31T12:03:08.214+0000] {logging_mixin.py:188} WARNING - 12:03:08 - cmdstanpy - INFO - Chain [1] done processing
[2025-07-31T12:03:08.214+0000] {model.py:2115} INFO - Chain [1] done processing
[2025-07-31T12:03:08.220+0000] {logging_mixin.py:188} INFO - Erreur pour {'changepoint_prior_scale': 0.05, 'seasonality_prior_scale': 10.0, 'seasonality_mode': 'additive'}: Less data than horizon after initial window. Make horizon or initial shorter.
[2025-07-31T12:03:08.221+0000] {logging_mixin.py:188} INFO - Test 12/18: {'changepoint_prior_scale': 0.05, 'seasonality_prior_scale': 10.0, 'seasonality_mode': 'multiplicative'}
[2025-07-31T12:03:08.257+0000] {filesystem.py:118} DEBUG - input tempfile: /tmp/tmp2bxicgqh/bot9s43t.json
[2025-07-31T12:03:08.346+0000] {filesystem.py:118} DEBUG - input tempfile: /tmp/tmp2bxicgqh/cyb14cem.json
[2025-07-31T12:03:08.349+0000] {model.py:2042} DEBUG - idx 0
[2025-07-31T12:03:08.349+0000] {model.py:2043} DEBUG - running CmdStan, num_threads: None
[2025-07-31T12:03:08.350+0000] {model.py:2055} DEBUG - CmdStan args: ['/home/airflow/.local/lib/python3.11/site-packages/prophet/stan_model/prophet_model.bin', 'random', 'seed=1200', 'data', 'file=/tmp/tmp2bxicgqh/bot9s43t.json', 'init=/tmp/tmp2bxicgqh/cyb14cem.json', 'output', 'file=/tmp/tmp2bxicgqh/prophet_model1_1aeh0_/prophet_model-20250731120308.csv', 'method=optimize', 'algorithm=lbfgs', 'iter=10000']
[2025-07-31T12:03:08.351+0000] {logging_mixin.py:188} WARNING - 12:03:08 - cmdstanpy - INFO - Chain [1] start processing
[2025-07-31T12:03:08.350+0000] {model.py:2058} INFO - Chain [1] start processing
[2025-07-31T12:03:08.434+0000] {logging_mixin.py:188} WARNING - 12:03:08 - cmdstanpy - INFO - Chain [1] done processing
[2025-07-31T12:03:08.434+0000] {model.py:2115} INFO - Chain [1] done processing
[2025-07-31T12:03:08.439+0000] {logging_mixin.py:188} INFO - Erreur pour {'changepoint_prior_scale': 0.05, 'seasonality_prior_scale': 10.0, 'seasonality_mode': 'multiplicative'}: Less data than horizon after initial window. Make horizon or initial shorter.
[2025-07-31T12:03:08.440+0000] {logging_mixin.py:188} INFO - Test 13/18: {'changepoint_prior_scale': 0.1, 'seasonality_prior_scale': 1.0, 'seasonality_mode': 'additive'}
[2025-07-31T12:03:08.465+0000] {filesystem.py:118} DEBUG - input tempfile: /tmp/tmp2bxicgqh/l_gcmorx.json
[2025-07-31T12:03:08.545+0000] {filesystem.py:118} DEBUG - input tempfile: /tmp/tmp2bxicgqh/c3vqdxgi.json
[2025-07-31T12:03:08.547+0000] {model.py:2042} DEBUG - idx 0
[2025-07-31T12:03:08.548+0000] {model.py:2043} DEBUG - running CmdStan, num_threads: None
[2025-07-31T12:03:08.548+0000] {model.py:2055} DEBUG - CmdStan args: ['/home/airflow/.local/lib/python3.11/site-packages/prophet/stan_model/prophet_model.bin', 'random', 'seed=83710', 'data', 'file=/tmp/tmp2bxicgqh/l_gcmorx.json', 'init=/tmp/tmp2bxicgqh/c3vqdxgi.json', 'output', 'file=/tmp/tmp2bxicgqh/prophet_model_5ujyecs/prophet_model-20250731120308.csv', 'method=optimize', 'algorithm=lbfgs', 'iter=10000']
[2025-07-31T12:03:08.549+0000] {logging_mixin.py:188} WARNING - 12:03:08 - cmdstanpy - INFO - Chain [1] start processing
[2025-07-31T12:03:08.549+0000] {model.py:2058} INFO - Chain [1] start processing
[2025-07-31T12:03:08.610+0000] {logging_mixin.py:188} WARNING - 12:03:08 - cmdstanpy - INFO - Chain [1] done processing
[2025-07-31T12:03:08.610+0000] {model.py:2115} INFO - Chain [1] done processing
[2025-07-31T12:03:08.615+0000] {logging_mixin.py:188} INFO - Erreur pour {'changepoint_prior_scale': 0.1, 'seasonality_prior_scale': 1.0, 'seasonality_mode': 'additive'}: Less data than horizon after initial window. Make horizon or initial shorter.
[2025-07-31T12:03:08.615+0000] {logging_mixin.py:188} INFO - Test 14/18: {'changepoint_prior_scale': 0.1, 'seasonality_prior_scale': 1.0, 'seasonality_mode': 'multiplicative'}
[2025-07-31T12:03:08.635+0000] {filesystem.py:118} DEBUG - input tempfile: /tmp/tmp2bxicgqh/4_5ig6q9.json
[2025-07-31T12:03:08.704+0000] {filesystem.py:118} DEBUG - input tempfile: /tmp/tmp2bxicgqh/tt5df76z.json
[2025-07-31T12:03:08.708+0000] {model.py:2042} DEBUG - idx 0
[2025-07-31T12:03:08.709+0000] {model.py:2043} DEBUG - running CmdStan, num_threads: None
[2025-07-31T12:03:08.710+0000] {model.py:2055} DEBUG - CmdStan args: ['/home/airflow/.local/lib/python3.11/site-packages/prophet/stan_model/prophet_model.bin', 'random', 'seed=81977', 'data', 'file=/tmp/tmp2bxicgqh/4_5ig6q9.json', 'init=/tmp/tmp2bxicgqh/tt5df76z.json', 'output', 'file=/tmp/tmp2bxicgqh/prophet_modelow2sz9ze/prophet_model-20250731120308.csv', 'method=optimize', 'algorithm=lbfgs', 'iter=10000']
[2025-07-31T12:03:08.711+0000] {logging_mixin.py:188} WARNING - 12:03:08 - cmdstanpy - INFO - Chain [1] start processing
[2025-07-31T12:03:08.711+0000] {model.py:2058} INFO - Chain [1] start processing
[2025-07-31T12:03:08.809+0000] {logging_mixin.py:188} WARNING - 12:03:08 - cmdstanpy - INFO - Chain [1] done processing
[2025-07-31T12:03:08.809+0000] {model.py:2115} INFO - Chain [1] done processing
[2025-07-31T12:03:08.813+0000] {logging_mixin.py:188} INFO - Erreur pour {'changepoint_prior_scale': 0.1, 'seasonality_prior_scale': 1.0, 'seasonality_mode': 'multiplicative'}: Less data than horizon after initial window. Make horizon or initial shorter.
[2025-07-31T12:03:08.814+0000] {logging_mixin.py:188} INFO - Test 15/18: {'changepoint_prior_scale': 0.1, 'seasonality_prior_scale': 5.0, 'seasonality_mode': 'additive'}
[2025-07-31T12:03:08.832+0000] {filesystem.py:118} DEBUG - input tempfile: /tmp/tmp2bxicgqh/1mf6zn9g.json
[2025-07-31T12:03:08.922+0000] {filesystem.py:118} DEBUG - input tempfile: /tmp/tmp2bxicgqh/4mczyj23.json
[2025-07-31T12:03:08.924+0000] {model.py:2042} DEBUG - idx 0
[2025-07-31T12:03:08.925+0000] {model.py:2043} DEBUG - running CmdStan, num_threads: None
[2025-07-31T12:03:08.926+0000] {model.py:2055} DEBUG - CmdStan args: ['/home/airflow/.local/lib/python3.11/site-packages/prophet/stan_model/prophet_model.bin', 'random', 'seed=14720', 'data', 'file=/tmp/tmp2bxicgqh/1mf6zn9g.json', 'init=/tmp/tmp2bxicgqh/4mczyj23.json', 'output', 'file=/tmp/tmp2bxicgqh/prophet_modelxrfrkvze/prophet_model-20250731120308.csv', 'method=optimize', 'algorithm=lbfgs', 'iter=10000']
[2025-07-31T12:03:08.927+0000] {logging_mixin.py:188} WARNING - 12:03:08 - cmdstanpy - INFO - Chain [1] start processing
[2025-07-31T12:03:08.927+0000] {model.py:2058} INFO - Chain [1] start processing
[2025-07-31T12:03:08.988+0000] {logging_mixin.py:188} WARNING - 12:03:08 - cmdstanpy - INFO - Chain [1] done processing
[2025-07-31T12:03:08.988+0000] {model.py:2115} INFO - Chain [1] done processing
[2025-07-31T12:03:08.993+0000] {logging_mixin.py:188} INFO - Erreur pour {'changepoint_prior_scale': 0.1, 'seasonality_prior_scale': 5.0, 'seasonality_mode': 'additive'}: Less data than horizon after initial window. Make horizon or initial shorter.
[2025-07-31T12:03:08.994+0000] {logging_mixin.py:188} INFO - Test 16/18: {'changepoint_prior_scale': 0.1, 'seasonality_prior_scale': 5.0, 'seasonality_mode': 'multiplicative'}
[2025-07-31T12:03:09.016+0000] {filesystem.py:118} DEBUG - input tempfile: /tmp/tmp2bxicgqh/gugywat6.json
[2025-07-31T12:03:09.091+0000] {filesystem.py:118} DEBUG - input tempfile: /tmp/tmp2bxicgqh/4cw_ncxl.json
[2025-07-31T12:03:09.092+0000] {model.py:2042} DEBUG - idx 0
[2025-07-31T12:03:09.093+0000] {model.py:2043} DEBUG - running CmdStan, num_threads: None
[2025-07-31T12:03:09.094+0000] {model.py:2055} DEBUG - CmdStan args: ['/home/airflow/.local/lib/python3.11/site-packages/prophet/stan_model/prophet_model.bin', 'random', 'seed=18651', 'data', 'file=/tmp/tmp2bxicgqh/gugywat6.json', 'init=/tmp/tmp2bxicgqh/4cw_ncxl.json', 'output', 'file=/tmp/tmp2bxicgqh/prophet_model5xly33zd/prophet_model-20250731120309.csv', 'method=optimize', 'algorithm=lbfgs', 'iter=10000']
[2025-07-31T12:03:09.095+0000] {logging_mixin.py:188} WARNING - 12:03:09 - cmdstanpy - INFO - Chain [1] start processing
[2025-07-31T12:03:09.095+0000] {model.py:2058} INFO - Chain [1] start processing
[2025-07-31T12:03:09.177+0000] {logging_mixin.py:188} WARNING - 12:03:09 - cmdstanpy - INFO - Chain [1] done processing
[2025-07-31T12:03:09.177+0000] {model.py:2115} INFO - Chain [1] done processing
[2025-07-31T12:03:09.182+0000] {logging_mixin.py:188} INFO - Erreur pour {'changepoint_prior_scale': 0.1, 'seasonality_prior_scale': 5.0, 'seasonality_mode': 'multiplicative'}: Less data than horizon after initial window. Make horizon or initial shorter.
[2025-07-31T12:03:09.183+0000] {logging_mixin.py:188} INFO - Test 17/18: {'changepoint_prior_scale': 0.1, 'seasonality_prior_scale': 10.0, 'seasonality_mode': 'additive'}
[2025-07-31T12:03:09.206+0000] {filesystem.py:118} DEBUG - input tempfile: /tmp/tmp2bxicgqh/ssvn1brh.json
[2025-07-31T12:03:09.290+0000] {filesystem.py:118} DEBUG - input tempfile: /tmp/tmp2bxicgqh/fls29npr.json
[2025-07-31T12:03:09.292+0000] {model.py:2042} DEBUG - idx 0
[2025-07-31T12:03:09.293+0000] {model.py:2043} DEBUG - running CmdStan, num_threads: None
[2025-07-31T12:03:09.294+0000] {model.py:2055} DEBUG - CmdStan args: ['/home/airflow/.local/lib/python3.11/site-packages/prophet/stan_model/prophet_model.bin', 'random', 'seed=63339', 'data', 'file=/tmp/tmp2bxicgqh/ssvn1brh.json', 'init=/tmp/tmp2bxicgqh/fls29npr.json', 'output', 'file=/tmp/tmp2bxicgqh/prophet_modelr3i_w24s/prophet_model-20250731120309.csv', 'method=optimize', 'algorithm=lbfgs', 'iter=10000']
[2025-07-31T12:03:09.295+0000] {logging_mixin.py:188} WARNING - 12:03:09 - cmdstanpy - INFO - Chain [1] start processing
[2025-07-31T12:03:09.295+0000] {model.py:2058} INFO - Chain [1] start processing
[2025-07-31T12:03:09.368+0000] {logging_mixin.py:188} WARNING - 12:03:09 - cmdstanpy - INFO - Chain [1] done processing
[2025-07-31T12:03:09.368+0000] {model.py:2115} INFO - Chain [1] done processing
[2025-07-31T12:03:09.373+0000] {logging_mixin.py:188} INFO - Erreur pour {'changepoint_prior_scale': 0.1, 'seasonality_prior_scale': 10.0, 'seasonality_mode': 'additive'}: Less data than horizon after initial window. Make horizon or initial shorter.
[2025-07-31T12:03:09.373+0000] {logging_mixin.py:188} INFO - Test 18/18: {'changepoint_prior_scale': 0.1, 'seasonality_prior_scale': 10.0, 'seasonality_mode': 'multiplicative'}
[2025-07-31T12:03:09.391+0000] {filesystem.py:118} DEBUG - input tempfile: /tmp/tmp2bxicgqh/z4o0mydj.json
[2025-07-31T12:03:09.462+0000] {filesystem.py:118} DEBUG - input tempfile: /tmp/tmp2bxicgqh/kartibtk.json
[2025-07-31T12:03:09.464+0000] {model.py:2042} DEBUG - idx 0
[2025-07-31T12:03:09.465+0000] {model.py:2043} DEBUG - running CmdStan, num_threads: None
[2025-07-31T12:03:09.466+0000] {model.py:2055} DEBUG - CmdStan args: ['/home/airflow/.local/lib/python3.11/site-packages/prophet/stan_model/prophet_model.bin', 'random', 'seed=98009', 'data', 'file=/tmp/tmp2bxicgqh/z4o0mydj.json', 'init=/tmp/tmp2bxicgqh/kartibtk.json', 'output', 'file=/tmp/tmp2bxicgqh/prophet_modelwldeb_bg/prophet_model-20250731120309.csv', 'method=optimize', 'algorithm=lbfgs', 'iter=10000']
[2025-07-31T12:03:09.467+0000] {logging_mixin.py:188} WARNING - 12:03:09 - cmdstanpy - INFO - Chain [1] start processing
[2025-07-31T12:03:09.467+0000] {model.py:2058} INFO - Chain [1] start processing
[2025-07-31T12:03:09.554+0000] {logging_mixin.py:188} WARNING - 12:03:09 - cmdstanpy - INFO - Chain [1] done processing
[2025-07-31T12:03:09.554+0000] {model.py:2115} INFO - Chain [1] done processing
[2025-07-31T12:03:09.559+0000] {logging_mixin.py:188} INFO - Erreur pour {'changepoint_prior_scale': 0.1, 'seasonality_prior_scale': 10.0, 'seasonality_mode': 'multiplicative'}: Less data than horizon after initial window. Make horizon or initial shorter.
[2025-07-31T12:03:09.560+0000] {taskinstance.py:441} INFO - ::group::Post task execution logs
[2025-07-31T12:03:09.561+0000] {taskinstance.py:2905} ERROR - Task failed with exception
Traceback (most recent call last):
  File "/home/airflow/.local/lib/python3.11/site-packages/airflow/models/taskinstance.py", line 465, in _execute_task
    result = _execute_callable(context=context, **execute_callable_kwargs)
             ^^^^^^^^^^^^^^^^^^^^^^^^^^^^^^^^^^^^^^^^^^^^^^^^^^^^^^^^^^^^^
  File "/home/airflow/.local/lib/python3.11/site-packages/airflow/models/taskinstance.py", line 432, in _execute_callable
    return execute_callable(context=context, **execute_callable_kwargs)
           ^^^^^^^^^^^^^^^^^^^^^^^^^^^^^^^^^^^^^^^^^^^^^^^^^^^^^^^^^^^^
  File "/home/airflow/.local/lib/python3.11/site-packages/airflow/models/baseoperator.py", line 401, in wrapper
    return func(self, *args, **kwargs)
           ^^^^^^^^^^^^^^^^^^^^^^^^^^^
  File "/home/airflow/.local/lib/python3.11/site-packages/airflow/operators/python.py", line 235, in execute
    return_value = self.execute_callable()
                   ^^^^^^^^^^^^^^^^^^^^^^^
  File "/home/airflow/.local/lib/python3.11/site-packages/airflow/operators/python.py", line 252, in execute_callable
    return self.python_callable(*self.op_args, **self.op_kwargs)
           ^^^^^^^^^^^^^^^^^^^^^^^^^^^^^^^^^^^^^^^^^^^^^^^^^^^^^
  File "/opt/airflow/dags/scripts/train_prophet.py", line 92, in train_prophet
    best_model_temp, scores_temp = optimize_prophet_model(temp_df)
                                   ^^^^^^^^^^^^^^^^^^^^^^^^^^^^^^^
  File "/opt/airflow/dags/scripts/train_prophet.py", line 44, in optimize_prophet_model
    best = min(results, key=lambda x: x[1])
           ^^^^^^^^^^^^^^^^^^^^^^^^^^^^^^^^
ValueError: min() arg is an empty sequence
[2025-07-31T12:03:09.601+0000] {taskinstance.py:1206} INFO - Marking task as UP_FOR_RETRY. dag_id=solar_ai_pipeline_2, task_id=train_prophet, run_id=scheduled__2023-07-27T00:00:00+00:00, execution_date=20230727T000000, start_date=20250731T120303, end_date=20250731T120309
[2025-07-31T12:03:09.717+0000] {standard_task_runner.py:110} ERROR - Failed to execute job 2934 for task train_prophet (min() arg is an empty sequence; 4531)
[2025-07-31T12:03:09.775+0000] {local_task_job_runner.py:240} INFO - Task exited with return code 1
[2025-07-31T12:03:09.856+0000] {taskinstance.py:3503} INFO - 0 downstream tasks scheduled from follow-on schedule check
[2025-07-31T12:03:09.861+0000] {local_task_job_runner.py:222} INFO - ::endgroup::
