[2025-07-31T12:49:53.495+0000] {local_task_job_runner.py:120} INFO - ::group::Pre task execution logs
[2025-07-31T12:49:53.593+0000] {taskinstance.py:2076} INFO - Dependencies all met for dep_context=non-requeueable deps ti=<TaskInstance: solar_ai_pipeline_2.train_prophet scheduled__2023-07-27T00:00:00+00:00 [queued]>
[2025-07-31T12:49:53.638+0000] {taskinstance.py:2076} INFO - Dependencies all met for dep_context=requeueable deps ti=<TaskInstance: solar_ai_pipeline_2.train_prophet scheduled__2023-07-27T00:00:00+00:00 [queued]>
[2025-07-31T12:49:53.642+0000] {taskinstance.py:2306} INFO - Starting attempt 4 of 4
[2025-07-31T12:49:53.735+0000] {taskinstance.py:2330} INFO - Executing <Task(PythonOperator): train_prophet> on 2023-07-27 00:00:00+00:00
[2025-07-31T12:49:53.742+0000] {standard_task_runner.py:63} INFO - Started process 9991 to run task
[2025-07-31T12:49:53.746+0000] {standard_task_runner.py:90} INFO - Running: ['airflow', 'tasks', 'run', 'solar_ai_pipeline_2', 'train_prophet', 'scheduled__2023-07-27T00:00:00+00:00', '--job-id', '2964', '--raw', '--subdir', 'DAGS_FOLDER/prophet_pipeline.py', '--cfg-path', '/tmp/tmpq3631ngu']
[2025-07-31T12:49:53.748+0000] {standard_task_runner.py:91} INFO - Job 2964: Subtask train_prophet
[2025-07-31T12:49:53.896+0000] {task_command.py:426} INFO - Running <TaskInstance: solar_ai_pipeline_2.train_prophet scheduled__2023-07-27T00:00:00+00:00 [running]> on host a2a0dd314bdc
[2025-07-31T12:49:54.108+0000] {taskinstance.py:2648} INFO - Exporting env vars: AIRFLOW_CTX_DAG_OWNER='ensam' AIRFLOW_CTX_DAG_ID='solar_ai_pipeline_2' AIRFLOW_CTX_TASK_ID='train_prophet' AIRFLOW_CTX_EXECUTION_DATE='2023-07-27T00:00:00+00:00' AIRFLOW_CTX_TRY_NUMBER='4' AIRFLOW_CTX_DAG_RUN_ID='scheduled__2023-07-27T00:00:00+00:00'
[2025-07-31T12:49:54.109+0000] {taskinstance.py:430} INFO - ::endgroup::
[2025-07-31T12:49:55.030+0000] {plot.py:39} ERROR - Importing plotly failed. Interactive plots will not work.
[2025-07-31T12:49:55.039+0000] {logging_mixin.py:188} INFO - Training from 2023-01-01 to 2023-01-28
[2025-07-31T12:49:55.377+0000] {logging_mixin.py:188} INFO - Test 1/18: {'changepoint_prior_scale': 0.01, 'seasonality_prior_scale': 1.0, 'seasonality_mode': 'additive'}
[2025-07-31T12:49:55.429+0000] {filesystem.py:118} DEBUG - input tempfile: /tmp/tmpv4c9qwup/fd4nsdic.json
[2025-07-31T12:49:55.501+0000] {filesystem.py:118} DEBUG - input tempfile: /tmp/tmpv4c9qwup/y498o358.json
[2025-07-31T12:49:55.502+0000] {model.py:2042} DEBUG - idx 0
[2025-07-31T12:49:55.503+0000] {model.py:2043} DEBUG - running CmdStan, num_threads: None
[2025-07-31T12:49:55.504+0000] {model.py:2055} DEBUG - CmdStan args: ['/home/airflow/.local/lib/python3.11/site-packages/prophet/stan_model/prophet_model.bin', 'random', 'seed=33014', 'data', 'file=/tmp/tmpv4c9qwup/fd4nsdic.json', 'init=/tmp/tmpv4c9qwup/y498o358.json', 'output', 'file=/tmp/tmpv4c9qwup/prophet_modelbd4wdltb/prophet_model-20250731124955.csv', 'method=optimize', 'algorithm=lbfgs', 'iter=10000']
[2025-07-31T12:49:55.504+0000] {logging_mixin.py:188} WARNING - 12:49:55 - cmdstanpy - INFO - Chain [1] start processing
[2025-07-31T12:49:55.504+0000] {model.py:2058} INFO - Chain [1] start processing
[2025-07-31T12:49:55.553+0000] {logging_mixin.py:188} WARNING - 12:49:55 - cmdstanpy - INFO - Chain [1] done processing
[2025-07-31T12:49:55.553+0000] {model.py:2115} INFO - Chain [1] done processing
[2025-07-31T12:49:55.558+0000] {logging_mixin.py:188} INFO - Erreur pour {'changepoint_prior_scale': 0.01, 'seasonality_prior_scale': 1.0, 'seasonality_mode': 'additive'}: Less data than horizon after initial window. Make horizon or initial shorter.
[2025-07-31T12:49:55.559+0000] {logging_mixin.py:188} INFO - Test 2/18: {'changepoint_prior_scale': 0.01, 'seasonality_prior_scale': 1.0, 'seasonality_mode': 'multiplicative'}
[2025-07-31T12:49:55.578+0000] {filesystem.py:118} DEBUG - input tempfile: /tmp/tmpv4c9qwup/zkdwz9ro.json
[2025-07-31T12:49:55.652+0000] {filesystem.py:118} DEBUG - input tempfile: /tmp/tmpv4c9qwup/5xwm2trw.json
[2025-07-31T12:49:55.656+0000] {model.py:2042} DEBUG - idx 0
[2025-07-31T12:49:55.657+0000] {model.py:2043} DEBUG - running CmdStan, num_threads: None
[2025-07-31T12:49:55.658+0000] {model.py:2055} DEBUG - CmdStan args: ['/home/airflow/.local/lib/python3.11/site-packages/prophet/stan_model/prophet_model.bin', 'random', 'seed=53020', 'data', 'file=/tmp/tmpv4c9qwup/zkdwz9ro.json', 'init=/tmp/tmpv4c9qwup/5xwm2trw.json', 'output', 'file=/tmp/tmpv4c9qwup/prophet_modeldrqeoitp/prophet_model-20250731124955.csv', 'method=optimize', 'algorithm=lbfgs', 'iter=10000']
[2025-07-31T12:49:55.658+0000] {logging_mixin.py:188} WARNING - 12:49:55 - cmdstanpy - INFO - Chain [1] start processing
[2025-07-31T12:49:55.658+0000] {model.py:2058} INFO - Chain [1] start processing
[2025-07-31T12:49:55.713+0000] {logging_mixin.py:188} WARNING - 12:49:55 - cmdstanpy - INFO - Chain [1] done processing
[2025-07-31T12:49:55.713+0000] {model.py:2115} INFO - Chain [1] done processing
[2025-07-31T12:49:55.717+0000] {logging_mixin.py:188} INFO - Erreur pour {'changepoint_prior_scale': 0.01, 'seasonality_prior_scale': 1.0, 'seasonality_mode': 'multiplicative'}: Less data than horizon after initial window. Make horizon or initial shorter.
[2025-07-31T12:49:55.718+0000] {logging_mixin.py:188} INFO - Test 3/18: {'changepoint_prior_scale': 0.01, 'seasonality_prior_scale': 5.0, 'seasonality_mode': 'additive'}
[2025-07-31T12:49:55.737+0000] {filesystem.py:118} DEBUG - input tempfile: /tmp/tmpv4c9qwup/9s5buzis.json
[2025-07-31T12:49:55.806+0000] {filesystem.py:118} DEBUG - input tempfile: /tmp/tmpv4c9qwup/u1e50vw5.json
[2025-07-31T12:49:55.808+0000] {model.py:2042} DEBUG - idx 0
[2025-07-31T12:49:55.808+0000] {model.py:2043} DEBUG - running CmdStan, num_threads: None
[2025-07-31T12:49:55.809+0000] {model.py:2055} DEBUG - CmdStan args: ['/home/airflow/.local/lib/python3.11/site-packages/prophet/stan_model/prophet_model.bin', 'random', 'seed=68820', 'data', 'file=/tmp/tmpv4c9qwup/9s5buzis.json', 'init=/tmp/tmpv4c9qwup/u1e50vw5.json', 'output', 'file=/tmp/tmpv4c9qwup/prophet_modeleuor2k0g/prophet_model-20250731124955.csv', 'method=optimize', 'algorithm=lbfgs', 'iter=10000']
[2025-07-31T12:49:55.809+0000] {logging_mixin.py:188} WARNING - 12:49:55 - cmdstanpy - INFO - Chain [1] start processing
[2025-07-31T12:49:55.809+0000] {model.py:2058} INFO - Chain [1] start processing
[2025-07-31T12:49:55.858+0000] {logging_mixin.py:188} WARNING - 12:49:55 - cmdstanpy - INFO - Chain [1] done processing
[2025-07-31T12:49:55.857+0000] {model.py:2115} INFO - Chain [1] done processing
[2025-07-31T12:49:55.862+0000] {logging_mixin.py:188} INFO - Erreur pour {'changepoint_prior_scale': 0.01, 'seasonality_prior_scale': 5.0, 'seasonality_mode': 'additive'}: Less data than horizon after initial window. Make horizon or initial shorter.
[2025-07-31T12:49:55.862+0000] {logging_mixin.py:188} INFO - Test 4/18: {'changepoint_prior_scale': 0.01, 'seasonality_prior_scale': 5.0, 'seasonality_mode': 'multiplicative'}
[2025-07-31T12:49:55.880+0000] {filesystem.py:118} DEBUG - input tempfile: /tmp/tmpv4c9qwup/tpbwa3ag.json
[2025-07-31T12:49:55.948+0000] {filesystem.py:118} DEBUG - input tempfile: /tmp/tmpv4c9qwup/crm49drd.json
[2025-07-31T12:49:55.950+0000] {model.py:2042} DEBUG - idx 0
[2025-07-31T12:49:55.950+0000] {model.py:2043} DEBUG - running CmdStan, num_threads: None
[2025-07-31T12:49:55.951+0000] {model.py:2055} DEBUG - CmdStan args: ['/home/airflow/.local/lib/python3.11/site-packages/prophet/stan_model/prophet_model.bin', 'random', 'seed=2165', 'data', 'file=/tmp/tmpv4c9qwup/tpbwa3ag.json', 'init=/tmp/tmpv4c9qwup/crm49drd.json', 'output', 'file=/tmp/tmpv4c9qwup/prophet_modelx95znyv4/prophet_model-20250731124955.csv', 'method=optimize', 'algorithm=lbfgs', 'iter=10000']
[2025-07-31T12:49:55.952+0000] {logging_mixin.py:188} WARNING - 12:49:55 - cmdstanpy - INFO - Chain [1] start processing
[2025-07-31T12:49:55.951+0000] {model.py:2058} INFO - Chain [1] start processing
[2025-07-31T12:49:56.008+0000] {logging_mixin.py:188} WARNING - 12:49:56 - cmdstanpy - INFO - Chain [1] done processing
[2025-07-31T12:49:56.008+0000] {model.py:2115} INFO - Chain [1] done processing
[2025-07-31T12:49:56.013+0000] {logging_mixin.py:188} INFO - Erreur pour {'changepoint_prior_scale': 0.01, 'seasonality_prior_scale': 5.0, 'seasonality_mode': 'multiplicative'}: Less data than horizon after initial window. Make horizon or initial shorter.
[2025-07-31T12:49:56.014+0000] {logging_mixin.py:188} INFO - Test 5/18: {'changepoint_prior_scale': 0.01, 'seasonality_prior_scale': 10.0, 'seasonality_mode': 'additive'}
[2025-07-31T12:49:56.030+0000] {filesystem.py:118} DEBUG - input tempfile: /tmp/tmpv4c9qwup/kygh_tpc.json
[2025-07-31T12:49:56.099+0000] {filesystem.py:118} DEBUG - input tempfile: /tmp/tmpv4c9qwup/hrj8ru2o.json
[2025-07-31T12:49:56.101+0000] {model.py:2042} DEBUG - idx 0
[2025-07-31T12:49:56.101+0000] {model.py:2043} DEBUG - running CmdStan, num_threads: None
[2025-07-31T12:49:56.102+0000] {model.py:2055} DEBUG - CmdStan args: ['/home/airflow/.local/lib/python3.11/site-packages/prophet/stan_model/prophet_model.bin', 'random', 'seed=69314', 'data', 'file=/tmp/tmpv4c9qwup/kygh_tpc.json', 'init=/tmp/tmpv4c9qwup/hrj8ru2o.json', 'output', 'file=/tmp/tmpv4c9qwup/prophet_modelqamsr7vm/prophet_model-20250731124956.csv', 'method=optimize', 'algorithm=lbfgs', 'iter=10000']
[2025-07-31T12:49:56.103+0000] {logging_mixin.py:188} WARNING - 12:49:56 - cmdstanpy - INFO - Chain [1] start processing
[2025-07-31T12:49:56.103+0000] {model.py:2058} INFO - Chain [1] start processing
[2025-07-31T12:49:56.149+0000] {logging_mixin.py:188} WARNING - 12:49:56 - cmdstanpy - INFO - Chain [1] done processing
[2025-07-31T12:49:56.149+0000] {model.py:2115} INFO - Chain [1] done processing
[2025-07-31T12:49:56.153+0000] {logging_mixin.py:188} INFO - Erreur pour {'changepoint_prior_scale': 0.01, 'seasonality_prior_scale': 10.0, 'seasonality_mode': 'additive'}: Less data than horizon after initial window. Make horizon or initial shorter.
[2025-07-31T12:49:56.154+0000] {logging_mixin.py:188} INFO - Test 6/18: {'changepoint_prior_scale': 0.01, 'seasonality_prior_scale': 10.0, 'seasonality_mode': 'multiplicative'}
[2025-07-31T12:49:56.174+0000] {filesystem.py:118} DEBUG - input tempfile: /tmp/tmpv4c9qwup/ladshe1b.json
[2025-07-31T12:49:56.247+0000] {filesystem.py:118} DEBUG - input tempfile: /tmp/tmpv4c9qwup/3g93kzcj.json
[2025-07-31T12:49:56.249+0000] {model.py:2042} DEBUG - idx 0
[2025-07-31T12:49:56.250+0000] {model.py:2043} DEBUG - running CmdStan, num_threads: None
[2025-07-31T12:49:56.250+0000] {model.py:2055} DEBUG - CmdStan args: ['/home/airflow/.local/lib/python3.11/site-packages/prophet/stan_model/prophet_model.bin', 'random', 'seed=38944', 'data', 'file=/tmp/tmpv4c9qwup/ladshe1b.json', 'init=/tmp/tmpv4c9qwup/3g93kzcj.json', 'output', 'file=/tmp/tmpv4c9qwup/prophet_modelinsjjn94/prophet_model-20250731124956.csv', 'method=optimize', 'algorithm=lbfgs', 'iter=10000']
[2025-07-31T12:49:56.251+0000] {logging_mixin.py:188} WARNING - 12:49:56 - cmdstanpy - INFO - Chain [1] start processing
[2025-07-31T12:49:56.251+0000] {model.py:2058} INFO - Chain [1] start processing
[2025-07-31T12:49:56.303+0000] {logging_mixin.py:188} WARNING - 12:49:56 - cmdstanpy - INFO - Chain [1] done processing
[2025-07-31T12:49:56.303+0000] {model.py:2115} INFO - Chain [1] done processing
[2025-07-31T12:49:56.309+0000] {logging_mixin.py:188} INFO - Erreur pour {'changepoint_prior_scale': 0.01, 'seasonality_prior_scale': 10.0, 'seasonality_mode': 'multiplicative'}: Less data than horizon after initial window. Make horizon or initial shorter.
[2025-07-31T12:49:56.309+0000] {logging_mixin.py:188} INFO - Test 7/18: {'changepoint_prior_scale': 0.05, 'seasonality_prior_scale': 1.0, 'seasonality_mode': 'additive'}
[2025-07-31T12:49:56.331+0000] {filesystem.py:118} DEBUG - input tempfile: /tmp/tmpv4c9qwup/fnc5e_up.json
[2025-07-31T12:49:56.410+0000] {filesystem.py:118} DEBUG - input tempfile: /tmp/tmpv4c9qwup/5b4xzxuv.json
[2025-07-31T12:49:56.411+0000] {model.py:2042} DEBUG - idx 0
[2025-07-31T12:49:56.412+0000] {model.py:2043} DEBUG - running CmdStan, num_threads: None
[2025-07-31T12:49:56.412+0000] {model.py:2055} DEBUG - CmdStan args: ['/home/airflow/.local/lib/python3.11/site-packages/prophet/stan_model/prophet_model.bin', 'random', 'seed=46906', 'data', 'file=/tmp/tmpv4c9qwup/fnc5e_up.json', 'init=/tmp/tmpv4c9qwup/5b4xzxuv.json', 'output', 'file=/tmp/tmpv4c9qwup/prophet_model90b9ja05/prophet_model-20250731124956.csv', 'method=optimize', 'algorithm=lbfgs', 'iter=10000']
[2025-07-31T12:49:56.413+0000] {logging_mixin.py:188} WARNING - 12:49:56 - cmdstanpy - INFO - Chain [1] start processing
[2025-07-31T12:49:56.413+0000] {model.py:2058} INFO - Chain [1] start processing
[2025-07-31T12:49:56.467+0000] {logging_mixin.py:188} WARNING - 12:49:56 - cmdstanpy - INFO - Chain [1] done processing
[2025-07-31T12:49:56.467+0000] {model.py:2115} INFO - Chain [1] done processing
[2025-07-31T12:49:56.471+0000] {logging_mixin.py:188} INFO - Erreur pour {'changepoint_prior_scale': 0.05, 'seasonality_prior_scale': 1.0, 'seasonality_mode': 'additive'}: Less data than horizon after initial window. Make horizon or initial shorter.
[2025-07-31T12:49:56.472+0000] {logging_mixin.py:188} INFO - Test 8/18: {'changepoint_prior_scale': 0.05, 'seasonality_prior_scale': 1.0, 'seasonality_mode': 'multiplicative'}
[2025-07-31T12:49:56.490+0000] {filesystem.py:118} DEBUG - input tempfile: /tmp/tmpv4c9qwup/89k7w5pv.json
[2025-07-31T12:49:56.561+0000] {filesystem.py:118} DEBUG - input tempfile: /tmp/tmpv4c9qwup/uujow43m.json
[2025-07-31T12:49:56.562+0000] {model.py:2042} DEBUG - idx 0
[2025-07-31T12:49:56.563+0000] {model.py:2043} DEBUG - running CmdStan, num_threads: None
[2025-07-31T12:49:56.563+0000] {model.py:2055} DEBUG - CmdStan args: ['/home/airflow/.local/lib/python3.11/site-packages/prophet/stan_model/prophet_model.bin', 'random', 'seed=86566', 'data', 'file=/tmp/tmpv4c9qwup/89k7w5pv.json', 'init=/tmp/tmpv4c9qwup/uujow43m.json', 'output', 'file=/tmp/tmpv4c9qwup/prophet_modellokw04dc/prophet_model-20250731124956.csv', 'method=optimize', 'algorithm=lbfgs', 'iter=10000']
[2025-07-31T12:49:56.564+0000] {logging_mixin.py:188} WARNING - 12:49:56 - cmdstanpy - INFO - Chain [1] start processing
[2025-07-31T12:49:56.564+0000] {model.py:2058} INFO - Chain [1] start processing
[2025-07-31T12:49:56.633+0000] {logging_mixin.py:188} WARNING - 12:49:56 - cmdstanpy - INFO - Chain [1] done processing
[2025-07-31T12:49:56.633+0000] {model.py:2115} INFO - Chain [1] done processing
[2025-07-31T12:49:56.638+0000] {logging_mixin.py:188} INFO - Erreur pour {'changepoint_prior_scale': 0.05, 'seasonality_prior_scale': 1.0, 'seasonality_mode': 'multiplicative'}: Less data than horizon after initial window. Make horizon or initial shorter.
[2025-07-31T12:49:56.639+0000] {logging_mixin.py:188} INFO - Test 9/18: {'changepoint_prior_scale': 0.05, 'seasonality_prior_scale': 5.0, 'seasonality_mode': 'additive'}
[2025-07-31T12:49:56.656+0000] {filesystem.py:118} DEBUG - input tempfile: /tmp/tmpv4c9qwup/947dmhnc.json
[2025-07-31T12:49:56.725+0000] {filesystem.py:118} DEBUG - input tempfile: /tmp/tmpv4c9qwup/w_hio_q4.json
[2025-07-31T12:49:56.727+0000] {model.py:2042} DEBUG - idx 0
[2025-07-31T12:49:56.727+0000] {model.py:2043} DEBUG - running CmdStan, num_threads: None
[2025-07-31T12:49:56.728+0000] {model.py:2055} DEBUG - CmdStan args: ['/home/airflow/.local/lib/python3.11/site-packages/prophet/stan_model/prophet_model.bin', 'random', 'seed=50361', 'data', 'file=/tmp/tmpv4c9qwup/947dmhnc.json', 'init=/tmp/tmpv4c9qwup/w_hio_q4.json', 'output', 'file=/tmp/tmpv4c9qwup/prophet_modelvq8jnk5j/prophet_model-20250731124956.csv', 'method=optimize', 'algorithm=lbfgs', 'iter=10000']
[2025-07-31T12:49:56.729+0000] {logging_mixin.py:188} WARNING - 12:49:56 - cmdstanpy - INFO - Chain [1] start processing
[2025-07-31T12:49:56.728+0000] {model.py:2058} INFO - Chain [1] start processing
[2025-07-31T12:49:56.775+0000] {logging_mixin.py:188} WARNING - 12:49:56 - cmdstanpy - INFO - Chain [1] done processing
[2025-07-31T12:49:56.775+0000] {model.py:2115} INFO - Chain [1] done processing
[2025-07-31T12:49:56.779+0000] {logging_mixin.py:188} INFO - Erreur pour {'changepoint_prior_scale': 0.05, 'seasonality_prior_scale': 5.0, 'seasonality_mode': 'additive'}: Less data than horizon after initial window. Make horizon or initial shorter.
[2025-07-31T12:49:56.780+0000] {logging_mixin.py:188} INFO - Test 10/18: {'changepoint_prior_scale': 0.05, 'seasonality_prior_scale': 5.0, 'seasonality_mode': 'multiplicative'}
[2025-07-31T12:49:56.796+0000] {filesystem.py:118} DEBUG - input tempfile: /tmp/tmpv4c9qwup/fzwb9br7.json
[2025-07-31T12:49:56.864+0000] {filesystem.py:118} DEBUG - input tempfile: /tmp/tmpv4c9qwup/a9nwwy6s.json
[2025-07-31T12:49:56.866+0000] {model.py:2042} DEBUG - idx 0
[2025-07-31T12:49:56.866+0000] {model.py:2043} DEBUG - running CmdStan, num_threads: None
[2025-07-31T12:49:56.867+0000] {model.py:2055} DEBUG - CmdStan args: ['/home/airflow/.local/lib/python3.11/site-packages/prophet/stan_model/prophet_model.bin', 'random', 'seed=80964', 'data', 'file=/tmp/tmpv4c9qwup/fzwb9br7.json', 'init=/tmp/tmpv4c9qwup/a9nwwy6s.json', 'output', 'file=/tmp/tmpv4c9qwup/prophet_modelgjkpq0j7/prophet_model-20250731124956.csv', 'method=optimize', 'algorithm=lbfgs', 'iter=10000']
[2025-07-31T12:49:56.868+0000] {logging_mixin.py:188} WARNING - 12:49:56 - cmdstanpy - INFO - Chain [1] start processing
[2025-07-31T12:49:56.867+0000] {model.py:2058} INFO - Chain [1] start processing
[2025-07-31T12:49:56.930+0000] {logging_mixin.py:188} WARNING - 12:49:56 - cmdstanpy - INFO - Chain [1] done processing
[2025-07-31T12:49:56.929+0000] {model.py:2115} INFO - Chain [1] done processing
[2025-07-31T12:49:56.934+0000] {logging_mixin.py:188} INFO - Erreur pour {'changepoint_prior_scale': 0.05, 'seasonality_prior_scale': 5.0, 'seasonality_mode': 'multiplicative'}: Less data than horizon after initial window. Make horizon or initial shorter.
[2025-07-31T12:49:56.935+0000] {logging_mixin.py:188} INFO - Test 11/18: {'changepoint_prior_scale': 0.05, 'seasonality_prior_scale': 10.0, 'seasonality_mode': 'additive'}
[2025-07-31T12:49:56.951+0000] {filesystem.py:118} DEBUG - input tempfile: /tmp/tmpv4c9qwup/m8iposif.json
[2025-07-31T12:49:57.020+0000] {filesystem.py:118} DEBUG - input tempfile: /tmp/tmpv4c9qwup/gzp0bwmb.json
[2025-07-31T12:49:57.022+0000] {model.py:2042} DEBUG - idx 0
[2025-07-31T12:49:57.023+0000] {model.py:2043} DEBUG - running CmdStan, num_threads: None
[2025-07-31T12:49:57.023+0000] {model.py:2055} DEBUG - CmdStan args: ['/home/airflow/.local/lib/python3.11/site-packages/prophet/stan_model/prophet_model.bin', 'random', 'seed=46701', 'data', 'file=/tmp/tmpv4c9qwup/m8iposif.json', 'init=/tmp/tmpv4c9qwup/gzp0bwmb.json', 'output', 'file=/tmp/tmpv4c9qwup/prophet_modelij5ljgqc/prophet_model-20250731124957.csv', 'method=optimize', 'algorithm=lbfgs', 'iter=10000']
[2025-07-31T12:49:57.024+0000] {logging_mixin.py:188} WARNING - 12:49:57 - cmdstanpy - INFO - Chain [1] start processing
[2025-07-31T12:49:57.024+0000] {model.py:2058} INFO - Chain [1] start processing
[2025-07-31T12:49:57.063+0000] {logging_mixin.py:188} WARNING - 12:49:57 - cmdstanpy - INFO - Chain [1] done processing
[2025-07-31T12:49:57.063+0000] {model.py:2115} INFO - Chain [1] done processing
[2025-07-31T12:49:57.067+0000] {logging_mixin.py:188} INFO - Erreur pour {'changepoint_prior_scale': 0.05, 'seasonality_prior_scale': 10.0, 'seasonality_mode': 'additive'}: Less data than horizon after initial window. Make horizon or initial shorter.
[2025-07-31T12:49:57.068+0000] {logging_mixin.py:188} INFO - Test 12/18: {'changepoint_prior_scale': 0.05, 'seasonality_prior_scale': 10.0, 'seasonality_mode': 'multiplicative'}
[2025-07-31T12:49:57.085+0000] {filesystem.py:118} DEBUG - input tempfile: /tmp/tmpv4c9qwup/6_tlsl4b.json
[2025-07-31T12:49:57.153+0000] {filesystem.py:118} DEBUG - input tempfile: /tmp/tmpv4c9qwup/hmqftefk.json
[2025-07-31T12:49:57.154+0000] {model.py:2042} DEBUG - idx 0
[2025-07-31T12:49:57.155+0000] {model.py:2043} DEBUG - running CmdStan, num_threads: None
[2025-07-31T12:49:57.156+0000] {model.py:2055} DEBUG - CmdStan args: ['/home/airflow/.local/lib/python3.11/site-packages/prophet/stan_model/prophet_model.bin', 'random', 'seed=16046', 'data', 'file=/tmp/tmpv4c9qwup/6_tlsl4b.json', 'init=/tmp/tmpv4c9qwup/hmqftefk.json', 'output', 'file=/tmp/tmpv4c9qwup/prophet_modelfzoz4zwd/prophet_model-20250731124957.csv', 'method=optimize', 'algorithm=lbfgs', 'iter=10000']
[2025-07-31T12:49:57.156+0000] {logging_mixin.py:188} WARNING - 12:49:57 - cmdstanpy - INFO - Chain [1] start processing
[2025-07-31T12:49:57.156+0000] {model.py:2058} INFO - Chain [1] start processing
[2025-07-31T12:49:57.229+0000] {logging_mixin.py:188} WARNING - 12:49:57 - cmdstanpy - INFO - Chain [1] done processing
[2025-07-31T12:49:57.229+0000] {model.py:2115} INFO - Chain [1] done processing
[2025-07-31T12:49:57.234+0000] {logging_mixin.py:188} INFO - Erreur pour {'changepoint_prior_scale': 0.05, 'seasonality_prior_scale': 10.0, 'seasonality_mode': 'multiplicative'}: Less data than horizon after initial window. Make horizon or initial shorter.
[2025-07-31T12:49:57.234+0000] {logging_mixin.py:188} INFO - Test 13/18: {'changepoint_prior_scale': 0.1, 'seasonality_prior_scale': 1.0, 'seasonality_mode': 'additive'}
[2025-07-31T12:49:57.251+0000] {filesystem.py:118} DEBUG - input tempfile: /tmp/tmpv4c9qwup/z1nvntkp.json
[2025-07-31T12:49:57.319+0000] {filesystem.py:118} DEBUG - input tempfile: /tmp/tmpv4c9qwup/bd7ozkfv.json
[2025-07-31T12:49:57.321+0000] {model.py:2042} DEBUG - idx 0
[2025-07-31T12:49:57.321+0000] {model.py:2043} DEBUG - running CmdStan, num_threads: None
[2025-07-31T12:49:57.322+0000] {model.py:2055} DEBUG - CmdStan args: ['/home/airflow/.local/lib/python3.11/site-packages/prophet/stan_model/prophet_model.bin', 'random', 'seed=95639', 'data', 'file=/tmp/tmpv4c9qwup/z1nvntkp.json', 'init=/tmp/tmpv4c9qwup/bd7ozkfv.json', 'output', 'file=/tmp/tmpv4c9qwup/prophet_modeldt4pn3cd/prophet_model-20250731124957.csv', 'method=optimize', 'algorithm=lbfgs', 'iter=10000']
[2025-07-31T12:49:57.322+0000] {logging_mixin.py:188} WARNING - 12:49:57 - cmdstanpy - INFO - Chain [1] start processing
[2025-07-31T12:49:57.322+0000] {model.py:2058} INFO - Chain [1] start processing
[2025-07-31T12:49:57.376+0000] {logging_mixin.py:188} WARNING - 12:49:57 - cmdstanpy - INFO - Chain [1] done processing
[2025-07-31T12:49:57.376+0000] {model.py:2115} INFO - Chain [1] done processing
[2025-07-31T12:49:57.380+0000] {logging_mixin.py:188} INFO - Erreur pour {'changepoint_prior_scale': 0.1, 'seasonality_prior_scale': 1.0, 'seasonality_mode': 'additive'}: Less data than horizon after initial window. Make horizon or initial shorter.
[2025-07-31T12:49:57.381+0000] {logging_mixin.py:188} INFO - Test 14/18: {'changepoint_prior_scale': 0.1, 'seasonality_prior_scale': 1.0, 'seasonality_mode': 'multiplicative'}
[2025-07-31T12:49:57.401+0000] {filesystem.py:118} DEBUG - input tempfile: /tmp/tmpv4c9qwup/a72apez8.json
[2025-07-31T12:49:57.478+0000] {filesystem.py:118} DEBUG - input tempfile: /tmp/tmpv4c9qwup/5pjg472d.json
[2025-07-31T12:49:57.480+0000] {model.py:2042} DEBUG - idx 0
[2025-07-31T12:49:57.481+0000] {model.py:2043} DEBUG - running CmdStan, num_threads: None
[2025-07-31T12:49:57.481+0000] {model.py:2055} DEBUG - CmdStan args: ['/home/airflow/.local/lib/python3.11/site-packages/prophet/stan_model/prophet_model.bin', 'random', 'seed=10468', 'data', 'file=/tmp/tmpv4c9qwup/a72apez8.json', 'init=/tmp/tmpv4c9qwup/5pjg472d.json', 'output', 'file=/tmp/tmpv4c9qwup/prophet_modelp8ifi_ll/prophet_model-20250731124957.csv', 'method=optimize', 'algorithm=lbfgs', 'iter=10000']
[2025-07-31T12:49:57.482+0000] {logging_mixin.py:188} WARNING - 12:49:57 - cmdstanpy - INFO - Chain [1] start processing
[2025-07-31T12:49:57.482+0000] {model.py:2058} INFO - Chain [1] start processing
[2025-07-31T12:49:57.551+0000] {logging_mixin.py:188} WARNING - 12:49:57 - cmdstanpy - INFO - Chain [1] done processing
[2025-07-31T12:49:57.551+0000] {model.py:2115} INFO - Chain [1] done processing
[2025-07-31T12:49:57.556+0000] {logging_mixin.py:188} INFO - Erreur pour {'changepoint_prior_scale': 0.1, 'seasonality_prior_scale': 1.0, 'seasonality_mode': 'multiplicative'}: Less data than horizon after initial window. Make horizon or initial shorter.
[2025-07-31T12:49:57.557+0000] {logging_mixin.py:188} INFO - Test 15/18: {'changepoint_prior_scale': 0.1, 'seasonality_prior_scale': 5.0, 'seasonality_mode': 'additive'}
[2025-07-31T12:49:57.575+0000] {filesystem.py:118} DEBUG - input tempfile: /tmp/tmpv4c9qwup/8oxmztdc.json
[2025-07-31T12:49:57.680+0000] {filesystem.py:118} DEBUG - input tempfile: /tmp/tmpv4c9qwup/7bvkjki7.json
[2025-07-31T12:49:57.683+0000] {model.py:2042} DEBUG - idx 0
[2025-07-31T12:49:57.684+0000] {model.py:2043} DEBUG - running CmdStan, num_threads: None
[2025-07-31T12:49:57.685+0000] {model.py:2055} DEBUG - CmdStan args: ['/home/airflow/.local/lib/python3.11/site-packages/prophet/stan_model/prophet_model.bin', 'random', 'seed=60736', 'data', 'file=/tmp/tmpv4c9qwup/8oxmztdc.json', 'init=/tmp/tmpv4c9qwup/7bvkjki7.json', 'output', 'file=/tmp/tmpv4c9qwup/prophet_modelaluharbc/prophet_model-20250731124957.csv', 'method=optimize', 'algorithm=lbfgs', 'iter=10000']
[2025-07-31T12:49:57.686+0000] {logging_mixin.py:188} WARNING - 12:49:57 - cmdstanpy - INFO - Chain [1] start processing
[2025-07-31T12:49:57.686+0000] {model.py:2058} INFO - Chain [1] start processing
[2025-07-31T12:49:57.757+0000] {logging_mixin.py:188} WARNING - 12:49:57 - cmdstanpy - INFO - Chain [1] done processing
[2025-07-31T12:49:57.757+0000] {model.py:2115} INFO - Chain [1] done processing
[2025-07-31T12:49:57.762+0000] {logging_mixin.py:188} INFO - Erreur pour {'changepoint_prior_scale': 0.1, 'seasonality_prior_scale': 5.0, 'seasonality_mode': 'additive'}: Less data than horizon after initial window. Make horizon or initial shorter.
[2025-07-31T12:49:57.763+0000] {logging_mixin.py:188} INFO - Test 16/18: {'changepoint_prior_scale': 0.1, 'seasonality_prior_scale': 5.0, 'seasonality_mode': 'multiplicative'}
[2025-07-31T12:49:57.780+0000] {filesystem.py:118} DEBUG - input tempfile: /tmp/tmpv4c9qwup/ei6q4fzk.json
[2025-07-31T12:49:57.849+0000] {filesystem.py:118} DEBUG - input tempfile: /tmp/tmpv4c9qwup/ilc12o8t.json
[2025-07-31T12:49:57.850+0000] {model.py:2042} DEBUG - idx 0
[2025-07-31T12:49:57.851+0000] {model.py:2043} DEBUG - running CmdStan, num_threads: None
[2025-07-31T12:49:57.851+0000] {model.py:2055} DEBUG - CmdStan args: ['/home/airflow/.local/lib/python3.11/site-packages/prophet/stan_model/prophet_model.bin', 'random', 'seed=24407', 'data', 'file=/tmp/tmpv4c9qwup/ei6q4fzk.json', 'init=/tmp/tmpv4c9qwup/ilc12o8t.json', 'output', 'file=/tmp/tmpv4c9qwup/prophet_model0meow131/prophet_model-20250731124957.csv', 'method=optimize', 'algorithm=lbfgs', 'iter=10000']
[2025-07-31T12:49:57.852+0000] {logging_mixin.py:188} WARNING - 12:49:57 - cmdstanpy - INFO - Chain [1] start processing
[2025-07-31T12:49:57.852+0000] {model.py:2058} INFO - Chain [1] start processing
[2025-07-31T12:49:57.921+0000] {logging_mixin.py:188} WARNING - 12:49:57 - cmdstanpy - INFO - Chain [1] done processing
[2025-07-31T12:49:57.921+0000] {model.py:2115} INFO - Chain [1] done processing
[2025-07-31T12:49:57.925+0000] {logging_mixin.py:188} INFO - Erreur pour {'changepoint_prior_scale': 0.1, 'seasonality_prior_scale': 5.0, 'seasonality_mode': 'multiplicative'}: Less data than horizon after initial window. Make horizon or initial shorter.
[2025-07-31T12:49:57.926+0000] {logging_mixin.py:188} INFO - Test 17/18: {'changepoint_prior_scale': 0.1, 'seasonality_prior_scale': 10.0, 'seasonality_mode': 'additive'}
[2025-07-31T12:49:57.943+0000] {filesystem.py:118} DEBUG - input tempfile: /tmp/tmpv4c9qwup/oj65uh5h.json
[2025-07-31T12:49:58.010+0000] {filesystem.py:118} DEBUG - input tempfile: /tmp/tmpv4c9qwup/740sangv.json
[2025-07-31T12:49:58.012+0000] {model.py:2042} DEBUG - idx 0
[2025-07-31T12:49:58.012+0000] {model.py:2043} DEBUG - running CmdStan, num_threads: None
[2025-07-31T12:49:58.013+0000] {model.py:2055} DEBUG - CmdStan args: ['/home/airflow/.local/lib/python3.11/site-packages/prophet/stan_model/prophet_model.bin', 'random', 'seed=71734', 'data', 'file=/tmp/tmpv4c9qwup/oj65uh5h.json', 'init=/tmp/tmpv4c9qwup/740sangv.json', 'output', 'file=/tmp/tmpv4c9qwup/prophet_modelenmxrass/prophet_model-20250731124958.csv', 'method=optimize', 'algorithm=lbfgs', 'iter=10000']
[2025-07-31T12:49:58.014+0000] {logging_mixin.py:188} WARNING - 12:49:58 - cmdstanpy - INFO - Chain [1] start processing
[2025-07-31T12:49:58.013+0000] {model.py:2058} INFO - Chain [1] start processing
[2025-07-31T12:49:58.062+0000] {logging_mixin.py:188} WARNING - 12:49:58 - cmdstanpy - INFO - Chain [1] done processing
[2025-07-31T12:49:58.062+0000] {model.py:2115} INFO - Chain [1] done processing
[2025-07-31T12:49:58.068+0000] {logging_mixin.py:188} INFO - Erreur pour {'changepoint_prior_scale': 0.1, 'seasonality_prior_scale': 10.0, 'seasonality_mode': 'additive'}: Less data than horizon after initial window. Make horizon or initial shorter.
[2025-07-31T12:49:58.068+0000] {logging_mixin.py:188} INFO - Test 18/18: {'changepoint_prior_scale': 0.1, 'seasonality_prior_scale': 10.0, 'seasonality_mode': 'multiplicative'}
[2025-07-31T12:49:58.089+0000] {filesystem.py:118} DEBUG - input tempfile: /tmp/tmpv4c9qwup/kd_i99p1.json
[2025-07-31T12:49:58.157+0000] {filesystem.py:118} DEBUG - input tempfile: /tmp/tmpv4c9qwup/x_pzjjgn.json
[2025-07-31T12:49:58.158+0000] {model.py:2042} DEBUG - idx 0
[2025-07-31T12:49:58.159+0000] {model.py:2043} DEBUG - running CmdStan, num_threads: None
[2025-07-31T12:49:58.160+0000] {model.py:2055} DEBUG - CmdStan args: ['/home/airflow/.local/lib/python3.11/site-packages/prophet/stan_model/prophet_model.bin', 'random', 'seed=4172', 'data', 'file=/tmp/tmpv4c9qwup/kd_i99p1.json', 'init=/tmp/tmpv4c9qwup/x_pzjjgn.json', 'output', 'file=/tmp/tmpv4c9qwup/prophet_modelo1c0x7y5/prophet_model-20250731124958.csv', 'method=optimize', 'algorithm=lbfgs', 'iter=10000']
[2025-07-31T12:49:58.160+0000] {logging_mixin.py:188} WARNING - 12:49:58 - cmdstanpy - INFO - Chain [1] start processing
[2025-07-31T12:49:58.160+0000] {model.py:2058} INFO - Chain [1] start processing
[2025-07-31T12:49:58.221+0000] {logging_mixin.py:188} WARNING - 12:49:58 - cmdstanpy - INFO - Chain [1] done processing
[2025-07-31T12:49:58.221+0000] {model.py:2115} INFO - Chain [1] done processing
[2025-07-31T12:49:58.225+0000] {logging_mixin.py:188} INFO - Erreur pour {'changepoint_prior_scale': 0.1, 'seasonality_prior_scale': 10.0, 'seasonality_mode': 'multiplicative'}: Less data than horizon after initial window. Make horizon or initial shorter.
[2025-07-31T12:49:58.226+0000] {taskinstance.py:441} INFO - ::group::Post task execution logs
[2025-07-31T12:49:58.227+0000] {taskinstance.py:2905} ERROR - Task failed with exception
Traceback (most recent call last):
  File "/home/airflow/.local/lib/python3.11/site-packages/airflow/models/taskinstance.py", line 465, in _execute_task
    result = _execute_callable(context=context, **execute_callable_kwargs)
             ^^^^^^^^^^^^^^^^^^^^^^^^^^^^^^^^^^^^^^^^^^^^^^^^^^^^^^^^^^^^^
  File "/home/airflow/.local/lib/python3.11/site-packages/airflow/models/taskinstance.py", line 432, in _execute_callable
    return execute_callable(context=context, **execute_callable_kwargs)
           ^^^^^^^^^^^^^^^^^^^^^^^^^^^^^^^^^^^^^^^^^^^^^^^^^^^^^^^^^^^^
  File "/home/airflow/.local/lib/python3.11/site-packages/airflow/models/baseoperator.py", line 401, in wrapper
    return func(self, *args, **kwargs)
           ^^^^^^^^^^^^^^^^^^^^^^^^^^^
  File "/home/airflow/.local/lib/python3.11/site-packages/airflow/operators/python.py", line 235, in execute
    return_value = self.execute_callable()
                   ^^^^^^^^^^^^^^^^^^^^^^^
  File "/home/airflow/.local/lib/python3.11/site-packages/airflow/operators/python.py", line 252, in execute_callable
    return self.python_callable(*self.op_args, **self.op_kwargs)
           ^^^^^^^^^^^^^^^^^^^^^^^^^^^^^^^^^^^^^^^^^^^^^^^^^^^^^
  File "/opt/airflow/dags/scripts/train_prophet.py", line 92, in train_prophet
    best_model_temp, scores_temp = optimize_prophet_model(temp_df)
                                   ^^^^^^^^^^^^^^^^^^^^^^^^^^^^^^^
  File "/opt/airflow/dags/scripts/train_prophet.py", line 44, in optimize_prophet_model
    best = min(results, key=lambda x: x[1])
           ^^^^^^^^^^^^^^^^^^^^^^^^^^^^^^^^
ValueError: min() arg is an empty sequence
[2025-07-31T12:49:58.252+0000] {taskinstance.py:1206} INFO - Marking task as FAILED. dag_id=solar_ai_pipeline_2, task_id=train_prophet, run_id=scheduled__2023-07-27T00:00:00+00:00, execution_date=20230727T000000, start_date=20250731T124953, end_date=20250731T124958
[2025-07-31T12:49:58.306+0000] {standard_task_runner.py:110} ERROR - Failed to execute job 2964 for task train_prophet (min() arg is an empty sequence; 9991)
[2025-07-31T12:49:58.339+0000] {local_task_job_runner.py:240} INFO - Task exited with return code 1
[2025-07-31T12:49:58.383+0000] {taskinstance.py:3503} INFO - 0 downstream tasks scheduled from follow-on schedule check
[2025-07-31T12:49:58.421+0000] {local_task_job_runner.py:222} INFO - ::endgroup::
