[2025-07-29T15:47:50.871+0000] {local_task_job_runner.py:120} INFO - ::group::Pre task execution logs
[2025-07-29T15:47:50.930+0000] {taskinstance.py:2076} INFO - Dependencies all met for dep_context=non-requeueable deps ti=<TaskInstance: solar_ai_pipeline_2.fetch_data scheduled__2023-02-02T00:00:00+00:00 [queued]>
[2025-07-29T15:47:50.996+0000] {taskinstance.py:2076} INFO - Dependencies all met for dep_context=requeueable deps ti=<TaskInstance: solar_ai_pipeline_2.fetch_data scheduled__2023-02-02T00:00:00+00:00 [queued]>
[2025-07-29T15:47:50.997+0000] {taskinstance.py:2306} INFO - Starting attempt 1 of 2
[2025-07-29T15:47:51.119+0000] {taskinstance.py:2330} INFO - Executing <Task(PythonOperator): fetch_data> on 2023-02-02 00:00:00+00:00
[2025-07-29T15:47:51.129+0000] {standard_task_runner.py:63} INFO - Started process 3305 to run task
[2025-07-29T15:47:51.137+0000] {standard_task_runner.py:90} INFO - Running: ['airflow', 'tasks', 'run', 'solar_ai_pipeline_2', 'fetch_data', 'scheduled__2023-02-02T00:00:00+00:00', '--job-id', '1458', '--raw', '--subdir', 'DAGS_FOLDER/prophet_pipeline.py', '--cfg-path', '/tmp/tmptseb7j55']
[2025-07-29T15:47:51.143+0000] {standard_task_runner.py:91} INFO - Job 1458: Subtask fetch_data
[2025-07-29T15:47:51.423+0000] {task_command.py:426} INFO - Running <TaskInstance: solar_ai_pipeline_2.fetch_data scheduled__2023-02-02T00:00:00+00:00 [running]> on host 4c586ddbbbe9
[2025-07-29T15:47:51.841+0000] {taskinstance.py:2648} INFO - Exporting env vars: AIRFLOW_CTX_DAG_OWNER='ensam' AIRFLOW_CTX_DAG_ID='solar_ai_pipeline_2' AIRFLOW_CTX_TASK_ID='fetch_data' AIRFLOW_CTX_EXECUTION_DATE='2023-02-02T00:00:00+00:00' AIRFLOW_CTX_TRY_NUMBER='1' AIRFLOW_CTX_DAG_RUN_ID='scheduled__2023-02-02T00:00:00+00:00'
[2025-07-29T15:47:51.845+0000] {taskinstance.py:430} INFO - ::endgroup::
[2025-07-29T15:48:03.797+0000] {logging_mixin.py:188} INFO - Données simulées pour 2023-02-02 sauvegardées dans dags/data/processed/simulated_solar_heating_2023-02-02.csv
[2025-07-29T15:48:03.803+0000] {logging_mixin.py:188} INFO - count     24.000000
mean     133.016083
std      195.459482
min        0.000000
25%        0.000000
50%        0.000000
75%      263.746125
max      525.409500
Name: solar_irradiance, dtype: float64
[2025-07-29T15:48:03.805+0000] {logging_mixin.py:188} INFO - 2023-02-02 00:00:00+01:00 → Altitude: -61.36
[2025-07-29T15:48:03.806+0000] {logging_mixin.py:188} INFO - NASA GHI response keys: ['2023020200', '2023020201', '2023020202', '2023020203', '2023020204', '2023020205', '2023020206', '2023020207', '2023020208', '2023020209', '2023020210', '2023020211', '2023020212', '2023020213', '2023020214', '2023020215', '2023020216', '2023020217', '2023020218', '2023020219', '2023020220', '2023020221', '2023020222', '2023020223']
[2025-07-29T15:48:03.807+0000] {logging_mixin.py:188} INFO - 2023-02-02 01:00:00+01:00 → Altitude: -70.66
[2025-07-29T15:48:03.808+0000] {logging_mixin.py:188} INFO - NASA GHI response keys: ['2023020200', '2023020201', '2023020202', '2023020203', '2023020204', '2023020205', '2023020206', '2023020207', '2023020208', '2023020209', '2023020210', '2023020211', '2023020212', '2023020213', '2023020214', '2023020215', '2023020216', '2023020217', '2023020218', '2023020219', '2023020220', '2023020221', '2023020222', '2023020223']
[2025-07-29T15:48:03.809+0000] {logging_mixin.py:188} INFO - 2023-02-02 02:00:00+01:00 → Altitude: -72.98
[2025-07-29T15:48:03.810+0000] {logging_mixin.py:188} INFO - NASA GHI response keys: ['2023020200', '2023020201', '2023020202', '2023020203', '2023020204', '2023020205', '2023020206', '2023020207', '2023020208', '2023020209', '2023020210', '2023020211', '2023020212', '2023020213', '2023020214', '2023020215', '2023020216', '2023020217', '2023020218', '2023020219', '2023020220', '2023020221', '2023020222', '2023020223']
[2025-07-29T15:48:03.811+0000] {logging_mixin.py:188} INFO - 2023-02-02 03:00:00+01:00 → Altitude: -66.16
[2025-07-29T15:48:03.812+0000] {logging_mixin.py:188} INFO - NASA GHI response keys: ['2023020200', '2023020201', '2023020202', '2023020203', '2023020204', '2023020205', '2023020206', '2023020207', '2023020208', '2023020209', '2023020210', '2023020211', '2023020212', '2023020213', '2023020214', '2023020215', '2023020216', '2023020217', '2023020218', '2023020219', '2023020220', '2023020221', '2023020222', '2023020223']
[2025-07-29T15:48:03.814+0000] {logging_mixin.py:188} INFO - 2023-02-02 04:00:00+01:00 → Altitude: -55.26
[2025-07-29T15:48:03.815+0000] {logging_mixin.py:188} INFO - NASA GHI response keys: ['2023020200', '2023020201', '2023020202', '2023020203', '2023020204', '2023020205', '2023020206', '2023020207', '2023020208', '2023020209', '2023020210', '2023020211', '2023020212', '2023020213', '2023020214', '2023020215', '2023020216', '2023020217', '2023020218', '2023020219', '2023020220', '2023020221', '2023020222', '2023020223']
[2025-07-29T15:48:03.816+0000] {logging_mixin.py:188} INFO - 2023-02-02 05:00:00+01:00 → Altitude: -43.13
[2025-07-29T15:48:03.817+0000] {logging_mixin.py:188} INFO - NASA GHI response keys: ['2023020200', '2023020201', '2023020202', '2023020203', '2023020204', '2023020205', '2023020206', '2023020207', '2023020208', '2023020209', '2023020210', '2023020211', '2023020212', '2023020213', '2023020214', '2023020215', '2023020216', '2023020217', '2023020218', '2023020219', '2023020220', '2023020221', '2023020222', '2023020223']
[2025-07-29T15:48:03.818+0000] {logging_mixin.py:188} INFO - 2023-02-02 06:00:00+01:00 → Altitude: -30.67
[2025-07-29T15:48:03.819+0000] {logging_mixin.py:188} INFO - NASA GHI response keys: ['2023020200', '2023020201', '2023020202', '2023020203', '2023020204', '2023020205', '2023020206', '2023020207', '2023020208', '2023020209', '2023020210', '2023020211', '2023020212', '2023020213', '2023020214', '2023020215', '2023020216', '2023020217', '2023020218', '2023020219', '2023020220', '2023020221', '2023020222', '2023020223']
[2025-07-29T15:48:03.820+0000] {logging_mixin.py:188} INFO - 2023-02-02 07:00:00+01:00 → Altitude: -18.21
[2025-07-29T15:48:03.821+0000] {logging_mixin.py:188} INFO - NASA GHI response keys: ['2023020200', '2023020201', '2023020202', '2023020203', '2023020204', '2023020205', '2023020206', '2023020207', '2023020208', '2023020209', '2023020210', '2023020211', '2023020212', '2023020213', '2023020214', '2023020215', '2023020216', '2023020217', '2023020218', '2023020219', '2023020220', '2023020221', '2023020222', '2023020223']
[2025-07-29T15:48:03.821+0000] {logging_mixin.py:188} INFO - 2023-02-02 08:00:00+01:00 → Altitude: -5.96
[2025-07-29T15:48:03.822+0000] {logging_mixin.py:188} INFO - NASA GHI response keys: ['2023020200', '2023020201', '2023020202', '2023020203', '2023020204', '2023020205', '2023020206', '2023020207', '2023020208', '2023020209', '2023020210', '2023020211', '2023020212', '2023020213', '2023020214', '2023020215', '2023020216', '2023020217', '2023020218', '2023020219', '2023020220', '2023020221', '2023020222', '2023020223']
[2025-07-29T15:48:03.823+0000] {logging_mixin.py:188} INFO - 2023-02-02 09:00:00+01:00 → Altitude: 5.84
[2025-07-29T15:48:03.824+0000] {logging_mixin.py:188} INFO - NASA GHI response keys: ['2023020200', '2023020201', '2023020202', '2023020203', '2023020204', '2023020205', '2023020206', '2023020207', '2023020208', '2023020209', '2023020210', '2023020211', '2023020212', '2023020213', '2023020214', '2023020215', '2023020216', '2023020217', '2023020218', '2023020219', '2023020220', '2023020221', '2023020222', '2023020223']
[2025-07-29T15:48:03.825+0000] {logging_mixin.py:188} INFO - 2023-02-02 10:00:00+01:00 → Altitude: 16.65
[2025-07-29T15:48:03.826+0000] {logging_mixin.py:188} INFO - NASA GHI response keys: ['2023020200', '2023020201', '2023020202', '2023020203', '2023020204', '2023020205', '2023020206', '2023020207', '2023020208', '2023020209', '2023020210', '2023020211', '2023020212', '2023020213', '2023020214', '2023020215', '2023020216', '2023020217', '2023020218', '2023020219', '2023020220', '2023020221', '2023020222', '2023020223']
[2025-07-29T15:48:03.826+0000] {logging_mixin.py:188} INFO - 2023-02-02 11:00:00+01:00 → Altitude: 26.25
[2025-07-29T15:48:03.827+0000] {logging_mixin.py:188} INFO - NASA GHI response keys: ['2023020200', '2023020201', '2023020202', '2023020203', '2023020204', '2023020205', '2023020206', '2023020207', '2023020208', '2023020209', '2023020210', '2023020211', '2023020212', '2023020213', '2023020214', '2023020215', '2023020216', '2023020217', '2023020218', '2023020219', '2023020220', '2023020221', '2023020222', '2023020223']
[2025-07-29T15:48:03.828+0000] {logging_mixin.py:188} INFO - 2023-02-02 12:00:00+01:00 → Altitude: 33.86
[2025-07-29T15:48:03.828+0000] {logging_mixin.py:188} INFO - NASA GHI response keys: ['2023020200', '2023020201', '2023020202', '2023020203', '2023020204', '2023020205', '2023020206', '2023020207', '2023020208', '2023020209', '2023020210', '2023020211', '2023020212', '2023020213', '2023020214', '2023020215', '2023020216', '2023020217', '2023020218', '2023020219', '2023020220', '2023020221', '2023020222', '2023020223']
[2025-07-29T15:48:03.829+0000] {logging_mixin.py:188} INFO - 2023-02-02 13:00:00+01:00 → Altitude: 38.56
[2025-07-29T15:48:03.830+0000] {logging_mixin.py:188} INFO - NASA GHI response keys: ['2023020200', '2023020201', '2023020202', '2023020203', '2023020204', '2023020205', '2023020206', '2023020207', '2023020208', '2023020209', '2023020210', '2023020211', '2023020212', '2023020213', '2023020214', '2023020215', '2023020216', '2023020217', '2023020218', '2023020219', '2023020220', '2023020221', '2023020222', '2023020223']
[2025-07-29T15:48:03.831+0000] {logging_mixin.py:188} INFO - 2023-02-02 14:00:00+01:00 → Altitude: 39.51
[2025-07-29T15:48:03.831+0000] {logging_mixin.py:188} INFO - NASA GHI response keys: ['2023020200', '2023020201', '2023020202', '2023020203', '2023020204', '2023020205', '2023020206', '2023020207', '2023020208', '2023020209', '2023020210', '2023020211', '2023020212', '2023020213', '2023020214', '2023020215', '2023020216', '2023020217', '2023020218', '2023020219', '2023020220', '2023020221', '2023020222', '2023020223']
[2025-07-29T15:48:03.833+0000] {logging_mixin.py:188} INFO - 2023-02-02 15:00:00+01:00 → Altitude: 36.51
[2025-07-29T15:48:03.834+0000] {logging_mixin.py:188} INFO - NASA GHI response keys: ['2023020200', '2023020201', '2023020202', '2023020203', '2023020204', '2023020205', '2023020206', '2023020207', '2023020208', '2023020209', '2023020210', '2023020211', '2023020212', '2023020213', '2023020214', '2023020215', '2023020216', '2023020217', '2023020218', '2023020219', '2023020220', '2023020221', '2023020222', '2023020223']
[2025-07-29T15:48:03.835+0000] {logging_mixin.py:188} INFO - 2023-02-02 16:00:00+01:00 → Altitude: 30.16
[2025-07-29T15:48:03.836+0000] {logging_mixin.py:188} INFO - NASA GHI response keys: ['2023020200', '2023020201', '2023020202', '2023020203', '2023020204', '2023020205', '2023020206', '2023020207', '2023020208', '2023020209', '2023020210', '2023020211', '2023020212', '2023020213', '2023020214', '2023020215', '2023020216', '2023020217', '2023020218', '2023020219', '2023020220', '2023020221', '2023020222', '2023020223']
[2025-07-29T15:48:03.837+0000] {logging_mixin.py:188} INFO - 2023-02-02 17:00:00+01:00 → Altitude: 21.40
[2025-07-29T15:48:03.839+0000] {logging_mixin.py:188} INFO - NASA GHI response keys: ['2023020200', '2023020201', '2023020202', '2023020203', '2023020204', '2023020205', '2023020206', '2023020207', '2023020208', '2023020209', '2023020210', '2023020211', '2023020212', '2023020213', '2023020214', '2023020215', '2023020216', '2023020217', '2023020218', '2023020219', '2023020220', '2023020221', '2023020222', '2023020223']
[2025-07-29T15:48:03.840+0000] {logging_mixin.py:188} INFO - 2023-02-02 18:00:00+01:00 → Altitude: 11.07
[2025-07-29T15:48:03.841+0000] {logging_mixin.py:188} INFO - NASA GHI response keys: ['2023020200', '2023020201', '2023020202', '2023020203', '2023020204', '2023020205', '2023020206', '2023020207', '2023020208', '2023020209', '2023020210', '2023020211', '2023020212', '2023020213', '2023020214', '2023020215', '2023020216', '2023020217', '2023020218', '2023020219', '2023020220', '2023020221', '2023020222', '2023020223']
[2025-07-29T15:48:03.842+0000] {logging_mixin.py:188} INFO - 2023-02-02 19:00:00+01:00 → Altitude: 0.16
[2025-07-29T15:48:03.843+0000] {logging_mixin.py:188} INFO - NASA GHI response keys: ['2023020200', '2023020201', '2023020202', '2023020203', '2023020204', '2023020205', '2023020206', '2023020207', '2023020208', '2023020209', '2023020210', '2023020211', '2023020212', '2023020213', '2023020214', '2023020215', '2023020216', '2023020217', '2023020218', '2023020219', '2023020220', '2023020221', '2023020222', '2023020223']
[2025-07-29T15:48:03.844+0000] {logging_mixin.py:188} INFO - 2023-02-02 20:00:00+01:00 → Altitude: -12.36
[2025-07-29T15:48:03.846+0000] {logging_mixin.py:188} INFO - NASA GHI response keys: ['2023020200', '2023020201', '2023020202', '2023020203', '2023020204', '2023020205', '2023020206', '2023020207', '2023020208', '2023020209', '2023020210', '2023020211', '2023020212', '2023020213', '2023020214', '2023020215', '2023020216', '2023020217', '2023020218', '2023020219', '2023020220', '2023020221', '2023020222', '2023020223']
[2025-07-29T15:48:03.847+0000] {logging_mixin.py:188} INFO - 2023-02-02 21:00:00+01:00 → Altitude: -24.73
[2025-07-29T15:48:03.848+0000] {logging_mixin.py:188} INFO - NASA GHI response keys: ['2023020200', '2023020201', '2023020202', '2023020203', '2023020204', '2023020205', '2023020206', '2023020207', '2023020208', '2023020209', '2023020210', '2023020211', '2023020212', '2023020213', '2023020214', '2023020215', '2023020216', '2023020217', '2023020218', '2023020219', '2023020220', '2023020221', '2023020222', '2023020223']
[2025-07-29T15:48:03.849+0000] {logging_mixin.py:188} INFO - 2023-02-02 22:00:00+01:00 → Altitude: -37.22
[2025-07-29T15:48:03.850+0000] {logging_mixin.py:188} INFO - NASA GHI response keys: ['2023020200', '2023020201', '2023020202', '2023020203', '2023020204', '2023020205', '2023020206', '2023020207', '2023020208', '2023020209', '2023020210', '2023020211', '2023020212', '2023020213', '2023020214', '2023020215', '2023020216', '2023020217', '2023020218', '2023020219', '2023020220', '2023020221', '2023020222', '2023020223']
[2025-07-29T15:48:03.851+0000] {logging_mixin.py:188} INFO - 2023-02-02 23:00:00+01:00 → Altitude: -49.54
[2025-07-29T15:48:03.853+0000] {logging_mixin.py:188} INFO - NASA GHI response keys: ['2023020200', '2023020201', '2023020202', '2023020203', '2023020204', '2023020205', '2023020206', '2023020207', '2023020208', '2023020209', '2023020210', '2023020211', '2023020212', '2023020213', '2023020214', '2023020215', '2023020216', '2023020217', '2023020218', '2023020219', '2023020220', '2023020221', '2023020222', '2023020223']
[2025-07-29T15:48:03.856+0000] {python.py:237} INFO - Done. Returned value was: None
[2025-07-29T15:48:03.858+0000] {taskinstance.py:441} INFO - ::group::Post task execution logs
[2025-07-29T15:48:03.895+0000] {taskinstance.py:1206} INFO - Marking task as SUCCESS. dag_id=solar_ai_pipeline_2, task_id=fetch_data, run_id=scheduled__2023-02-02T00:00:00+00:00, execution_date=20230202T000000, start_date=20250729T154750, end_date=20250729T154803
[2025-07-29T15:48:04.100+0000] {local_task_job_runner.py:240} INFO - Task exited with return code 0
[2025-07-29T15:48:04.226+0000] {taskinstance.py:3503} INFO - 1 downstream tasks scheduled from follow-on schedule check
[2025-07-29T15:48:04.268+0000] {local_task_job_runner.py:222} INFO - ::endgroup::
