[2025-07-29T15:43:05.013+0000] {local_task_job_runner.py:120} INFO - ::group::Pre task execution logs
[2025-07-29T15:43:05.085+0000] {taskinstance.py:2076} INFO - Dependencies all met for dep_context=non-requeueable deps ti=<TaskInstance: solar_ai_pipeline_2.fetch_data scheduled__2023-01-14T00:00:00+00:00 [queued]>
[2025-07-29T15:43:05.126+0000] {taskinstance.py:2076} INFO - Dependencies all met for dep_context=requeueable deps ti=<TaskInstance: solar_ai_pipeline_2.fetch_data scheduled__2023-01-14T00:00:00+00:00 [queued]>
[2025-07-29T15:43:05.128+0000] {taskinstance.py:2306} INFO - Starting attempt 3 of 4
[2025-07-29T15:43:05.236+0000] {taskinstance.py:2330} INFO - Executing <Task(PythonOperator): fetch_data> on 2023-01-14 00:00:00+00:00
[2025-07-29T15:43:05.247+0000] {standard_task_runner.py:63} INFO - Started process 2868 to run task
[2025-07-29T15:43:05.255+0000] {standard_task_runner.py:90} INFO - Running: ['airflow', 'tasks', 'run', 'solar_ai_pipeline_2', 'fetch_data', 'scheduled__2023-01-14T00:00:00+00:00', '--job-id', '1433', '--raw', '--subdir', 'DAGS_FOLDER/prophet_pipeline.py', '--cfg-path', '/tmp/tmpl0rjhufe']
[2025-07-29T15:43:05.261+0000] {standard_task_runner.py:91} INFO - Job 1433: Subtask fetch_data
[2025-07-29T15:43:05.664+0000] {task_command.py:426} INFO - Running <TaskInstance: solar_ai_pipeline_2.fetch_data scheduled__2023-01-14T00:00:00+00:00 [running]> on host 4c586ddbbbe9
[2025-07-29T15:43:06.217+0000] {taskinstance.py:2648} INFO - Exporting env vars: AIRFLOW_CTX_DAG_OWNER='ensam' AIRFLOW_CTX_DAG_ID='solar_ai_pipeline_2' AIRFLOW_CTX_TASK_ID='fetch_data' AIRFLOW_CTX_EXECUTION_DATE='2023-01-14T00:00:00+00:00' AIRFLOW_CTX_TRY_NUMBER='3' AIRFLOW_CTX_DAG_RUN_ID='scheduled__2023-01-14T00:00:00+00:00'
[2025-07-29T15:43:06.219+0000] {taskinstance.py:430} INFO - ::endgroup::
[2025-07-29T15:43:16.328+0000] {logging_mixin.py:188} INFO - Données simulées pour 2023-01-14 sauvegardées dans dags/data/processed/simulated_solar_heating_2023-01-14.csv
[2025-07-29T15:43:16.331+0000] {logging_mixin.py:188} INFO - count     24.000000
mean     103.163442
std      157.685990
min        0.000000
25%        0.000000
50%        0.000000
75%      192.215500
max      430.393400
Name: solar_irradiance, dtype: float64
[2025-07-29T15:43:16.332+0000] {logging_mixin.py:188} INFO - 2023-01-14 00:00:00+01:00 → Altitude: -64.97
[2025-07-29T15:43:16.332+0000] {logging_mixin.py:188} INFO - NASA GHI response keys: ['2023011400', '2023011401', '2023011402', '2023011403', '2023011404', '2023011405', '2023011406', '2023011407', '2023011408', '2023011409', '2023011410', '2023011411', '2023011412', '2023011413', '2023011414', '2023011415', '2023011416', '2023011417', '2023011418', '2023011419', '2023011420', '2023011421', '2023011422', '2023011423']
[2025-07-29T15:43:16.333+0000] {logging_mixin.py:188} INFO - 2023-01-14 01:00:00+01:00 → Altitude: -75.06
[2025-07-29T15:43:16.333+0000] {logging_mixin.py:188} INFO - NASA GHI response keys: ['2023011400', '2023011401', '2023011402', '2023011403', '2023011404', '2023011405', '2023011406', '2023011407', '2023011408', '2023011409', '2023011410', '2023011411', '2023011412', '2023011413', '2023011414', '2023011415', '2023011416', '2023011417', '2023011418', '2023011419', '2023011420', '2023011421', '2023011422', '2023011423']
[2025-07-29T15:43:16.334+0000] {logging_mixin.py:188} INFO - 2023-01-14 02:00:00+01:00 → Altitude: -76.97
[2025-07-29T15:43:16.335+0000] {logging_mixin.py:188} INFO - NASA GHI response keys: ['2023011400', '2023011401', '2023011402', '2023011403', '2023011404', '2023011405', '2023011406', '2023011407', '2023011408', '2023011409', '2023011410', '2023011411', '2023011412', '2023011413', '2023011414', '2023011415', '2023011416', '2023011417', '2023011418', '2023011419', '2023011420', '2023011421', '2023011422', '2023011423']
[2025-07-29T15:43:16.335+0000] {logging_mixin.py:188} INFO - 2023-01-14 03:00:00+01:00 → Altitude: -68.38
[2025-07-29T15:43:16.336+0000] {logging_mixin.py:188} INFO - NASA GHI response keys: ['2023011400', '2023011401', '2023011402', '2023011403', '2023011404', '2023011405', '2023011406', '2023011407', '2023011408', '2023011409', '2023011410', '2023011411', '2023011412', '2023011413', '2023011414', '2023011415', '2023011416', '2023011417', '2023011418', '2023011419', '2023011420', '2023011421', '2023011422', '2023011423']
[2025-07-29T15:43:16.336+0000] {logging_mixin.py:188} INFO - 2023-01-14 04:00:00+01:00 → Altitude: -56.66
[2025-07-29T15:43:16.337+0000] {logging_mixin.py:188} INFO - NASA GHI response keys: ['2023011400', '2023011401', '2023011402', '2023011403', '2023011404', '2023011405', '2023011406', '2023011407', '2023011408', '2023011409', '2023011410', '2023011411', '2023011412', '2023011413', '2023011414', '2023011415', '2023011416', '2023011417', '2023011418', '2023011419', '2023011420', '2023011421', '2023011422', '2023011423']
[2025-07-29T15:43:16.337+0000] {logging_mixin.py:188} INFO - 2023-01-14 05:00:00+01:00 → Altitude: -44.27
[2025-07-29T15:43:16.338+0000] {logging_mixin.py:188} INFO - NASA GHI response keys: ['2023011400', '2023011401', '2023011402', '2023011403', '2023011404', '2023011405', '2023011406', '2023011407', '2023011408', '2023011409', '2023011410', '2023011411', '2023011412', '2023011413', '2023011414', '2023011415', '2023011416', '2023011417', '2023011418', '2023011419', '2023011420', '2023011421', '2023011422', '2023011423']
[2025-07-29T15:43:16.339+0000] {logging_mixin.py:188} INFO - 2023-01-14 06:00:00+01:00 → Altitude: -31.78
[2025-07-29T15:43:16.339+0000] {logging_mixin.py:188} INFO - NASA GHI response keys: ['2023011400', '2023011401', '2023011402', '2023011403', '2023011404', '2023011405', '2023011406', '2023011407', '2023011408', '2023011409', '2023011410', '2023011411', '2023011412', '2023011413', '2023011414', '2023011415', '2023011416', '2023011417', '2023011418', '2023011419', '2023011420', '2023011421', '2023011422', '2023011423']
[2025-07-29T15:43:16.340+0000] {logging_mixin.py:188} INFO - 2023-01-14 07:00:00+01:00 → Altitude: -19.46
[2025-07-29T15:43:16.340+0000] {logging_mixin.py:188} INFO - NASA GHI response keys: ['2023011400', '2023011401', '2023011402', '2023011403', '2023011404', '2023011405', '2023011406', '2023011407', '2023011408', '2023011409', '2023011410', '2023011411', '2023011412', '2023011413', '2023011414', '2023011415', '2023011416', '2023011417', '2023011418', '2023011419', '2023011420', '2023011421', '2023011422', '2023011423']
[2025-07-29T15:43:16.341+0000] {logging_mixin.py:188} INFO - 2023-01-14 08:00:00+01:00 → Altitude: -7.48
[2025-07-29T15:43:16.342+0000] {logging_mixin.py:188} INFO - NASA GHI response keys: ['2023011400', '2023011401', '2023011402', '2023011403', '2023011404', '2023011405', '2023011406', '2023011407', '2023011408', '2023011409', '2023011410', '2023011411', '2023011412', '2023011413', '2023011414', '2023011415', '2023011416', '2023011417', '2023011418', '2023011419', '2023011420', '2023011421', '2023011422', '2023011423']
[2025-07-29T15:43:16.342+0000] {logging_mixin.py:188} INFO - 2023-01-14 09:00:00+01:00 → Altitude: 4.02
[2025-07-29T15:43:16.343+0000] {logging_mixin.py:188} INFO - NASA GHI response keys: ['2023011400', '2023011401', '2023011402', '2023011403', '2023011404', '2023011405', '2023011406', '2023011407', '2023011408', '2023011409', '2023011410', '2023011411', '2023011412', '2023011413', '2023011414', '2023011415', '2023011416', '2023011417', '2023011418', '2023011419', '2023011420', '2023011421', '2023011422', '2023011423']
[2025-07-29T15:43:16.343+0000] {logging_mixin.py:188} INFO - 2023-01-14 10:00:00+01:00 → Altitude: 14.31
[2025-07-29T15:43:16.344+0000] {logging_mixin.py:188} INFO - NASA GHI response keys: ['2023011400', '2023011401', '2023011402', '2023011403', '2023011404', '2023011405', '2023011406', '2023011407', '2023011408', '2023011409', '2023011410', '2023011411', '2023011412', '2023011413', '2023011414', '2023011415', '2023011416', '2023011417', '2023011418', '2023011419', '2023011420', '2023011421', '2023011422', '2023011423']
[2025-07-29T15:43:16.345+0000] {logging_mixin.py:188} INFO - 2023-01-14 11:00:00+01:00 → Altitude: 23.31
[2025-07-29T15:43:16.345+0000] {logging_mixin.py:188} INFO - NASA GHI response keys: ['2023011400', '2023011401', '2023011402', '2023011403', '2023011404', '2023011405', '2023011406', '2023011407', '2023011408', '2023011409', '2023011410', '2023011411', '2023011412', '2023011413', '2023011414', '2023011415', '2023011416', '2023011417', '2023011418', '2023011419', '2023011420', '2023011421', '2023011422', '2023011423']
[2025-07-29T15:43:16.346+0000] {logging_mixin.py:188} INFO - 2023-01-14 12:00:00+01:00 → Altitude: 30.27
[2025-07-29T15:43:16.346+0000] {logging_mixin.py:188} INFO - NASA GHI response keys: ['2023011400', '2023011401', '2023011402', '2023011403', '2023011404', '2023011405', '2023011406', '2023011407', '2023011408', '2023011409', '2023011410', '2023011411', '2023011412', '2023011413', '2023011414', '2023011415', '2023011416', '2023011417', '2023011418', '2023011419', '2023011420', '2023011421', '2023011422', '2023011423']
[2025-07-29T15:43:16.347+0000] {logging_mixin.py:188} INFO - 2023-01-14 13:00:00+01:00 → Altitude: 34.36
[2025-07-29T15:43:16.347+0000] {logging_mixin.py:188} INFO - NASA GHI response keys: ['2023011400', '2023011401', '2023011402', '2023011403', '2023011404', '2023011405', '2023011406', '2023011407', '2023011408', '2023011409', '2023011410', '2023011411', '2023011412', '2023011413', '2023011414', '2023011415', '2023011416', '2023011417', '2023011418', '2023011419', '2023011420', '2023011421', '2023011422', '2023011423']
[2025-07-29T15:43:16.348+0000] {logging_mixin.py:188} INFO - 2023-01-14 14:00:00+01:00 → Altitude: 34.94
[2025-07-29T15:43:16.348+0000] {logging_mixin.py:188} INFO - NASA GHI response keys: ['2023011400', '2023011401', '2023011402', '2023011403', '2023011404', '2023011405', '2023011406', '2023011407', '2023011408', '2023011409', '2023011410', '2023011411', '2023011412', '2023011413', '2023011414', '2023011415', '2023011416', '2023011417', '2023011418', '2023011419', '2023011420', '2023011421', '2023011422', '2023011423']
[2025-07-29T15:43:16.349+0000] {logging_mixin.py:188} INFO - 2023-01-14 15:00:00+01:00 → Altitude: 31.90
[2025-07-29T15:43:16.349+0000] {logging_mixin.py:188} INFO - NASA GHI response keys: ['2023011400', '2023011401', '2023011402', '2023011403', '2023011404', '2023011405', '2023011406', '2023011407', '2023011408', '2023011409', '2023011410', '2023011411', '2023011412', '2023011413', '2023011414', '2023011415', '2023011416', '2023011417', '2023011418', '2023011419', '2023011420', '2023011421', '2023011422', '2023011423']
[2025-07-29T15:43:16.350+0000] {logging_mixin.py:188} INFO - 2023-01-14 16:00:00+01:00 → Altitude: 25.76
[2025-07-29T15:43:16.350+0000] {logging_mixin.py:188} INFO - NASA GHI response keys: ['2023011400', '2023011401', '2023011402', '2023011403', '2023011404', '2023011405', '2023011406', '2023011407', '2023011408', '2023011409', '2023011410', '2023011411', '2023011412', '2023011413', '2023011414', '2023011415', '2023011416', '2023011417', '2023011418', '2023011419', '2023011420', '2023011421', '2023011422', '2023011423']
[2025-07-29T15:43:16.351+0000] {logging_mixin.py:188} INFO - 2023-01-14 17:00:00+01:00 → Altitude: 17.32
[2025-07-29T15:43:16.351+0000] {logging_mixin.py:188} INFO - NASA GHI response keys: ['2023011400', '2023011401', '2023011402', '2023011403', '2023011404', '2023011405', '2023011406', '2023011407', '2023011408', '2023011409', '2023011410', '2023011411', '2023011412', '2023011413', '2023011414', '2023011415', '2023011416', '2023011417', '2023011418', '2023011419', '2023011420', '2023011421', '2023011422', '2023011423']
[2025-07-29T15:43:16.352+0000] {logging_mixin.py:188} INFO - 2023-01-14 18:00:00+01:00 → Altitude: 7.34
[2025-07-29T15:43:16.352+0000] {logging_mixin.py:188} INFO - NASA GHI response keys: ['2023011400', '2023011401', '2023011402', '2023011403', '2023011404', '2023011405', '2023011406', '2023011407', '2023011408', '2023011409', '2023011410', '2023011411', '2023011412', '2023011413', '2023011414', '2023011415', '2023011416', '2023011417', '2023011418', '2023011419', '2023011420', '2023011421', '2023011422', '2023011423']
[2025-07-29T15:43:16.353+0000] {logging_mixin.py:188} INFO - 2023-01-14 19:00:00+01:00 → Altitude: -3.79
[2025-07-29T15:43:16.354+0000] {logging_mixin.py:188} INFO - NASA GHI response keys: ['2023011400', '2023011401', '2023011402', '2023011403', '2023011404', '2023011405', '2023011406', '2023011407', '2023011408', '2023011409', '2023011410', '2023011411', '2023011412', '2023011413', '2023011414', '2023011415', '2023011416', '2023011417', '2023011418', '2023011419', '2023011420', '2023011421', '2023011422', '2023011423']
[2025-07-29T15:43:16.354+0000] {logging_mixin.py:188} INFO - 2023-01-14 20:00:00+01:00 → Altitude: -15.64
[2025-07-29T15:43:16.355+0000] {logging_mixin.py:188} INFO - NASA GHI response keys: ['2023011400', '2023011401', '2023011402', '2023011403', '2023011404', '2023011405', '2023011406', '2023011407', '2023011408', '2023011409', '2023011410', '2023011411', '2023011412', '2023011413', '2023011414', '2023011415', '2023011416', '2023011417', '2023011418', '2023011419', '2023011420', '2023011421', '2023011422', '2023011423']
[2025-07-29T15:43:16.355+0000] {logging_mixin.py:188} INFO - 2023-01-14 21:00:00+01:00 → Altitude: -27.88
[2025-07-29T15:43:16.356+0000] {logging_mixin.py:188} INFO - NASA GHI response keys: ['2023011400', '2023011401', '2023011402', '2023011403', '2023011404', '2023011405', '2023011406', '2023011407', '2023011408', '2023011409', '2023011410', '2023011411', '2023011412', '2023011413', '2023011414', '2023011415', '2023011416', '2023011417', '2023011418', '2023011419', '2023011420', '2023011421', '2023011422', '2023011423']
[2025-07-29T15:43:16.356+0000] {logging_mixin.py:188} INFO - 2023-01-14 22:00:00+01:00 → Altitude: -40.33
[2025-07-29T15:43:16.357+0000] {logging_mixin.py:188} INFO - NASA GHI response keys: ['2023011400', '2023011401', '2023011402', '2023011403', '2023011404', '2023011405', '2023011406', '2023011407', '2023011408', '2023011409', '2023011410', '2023011411', '2023011412', '2023011413', '2023011414', '2023011415', '2023011416', '2023011417', '2023011418', '2023011419', '2023011420', '2023011421', '2023011422', '2023011423']
[2025-07-29T15:43:16.357+0000] {logging_mixin.py:188} INFO - 2023-01-14 23:00:00+01:00 → Altitude: -52.78
[2025-07-29T15:43:16.358+0000] {logging_mixin.py:188} INFO - NASA GHI response keys: ['2023011400', '2023011401', '2023011402', '2023011403', '2023011404', '2023011405', '2023011406', '2023011407', '2023011408', '2023011409', '2023011410', '2023011411', '2023011412', '2023011413', '2023011414', '2023011415', '2023011416', '2023011417', '2023011418', '2023011419', '2023011420', '2023011421', '2023011422', '2023011423']
[2025-07-29T15:43:16.360+0000] {python.py:237} INFO - Done. Returned value was: None
[2025-07-29T15:43:16.361+0000] {taskinstance.py:441} INFO - ::group::Post task execution logs
[2025-07-29T15:43:16.382+0000] {taskinstance.py:1206} INFO - Marking task as SUCCESS. dag_id=solar_ai_pipeline_2, task_id=fetch_data, run_id=scheduled__2023-01-14T00:00:00+00:00, execution_date=20230114T000000, start_date=20250729T154305, end_date=20250729T154316
[2025-07-29T15:43:16.490+0000] {local_task_job_runner.py:240} INFO - Task exited with return code 0
[2025-07-29T15:43:16.549+0000] {taskinstance.py:3503} INFO - 1 downstream tasks scheduled from follow-on schedule check
[2025-07-29T15:43:16.572+0000] {local_task_job_runner.py:222} INFO - ::endgroup::
