[2025-07-29T15:46:08.788+0000] {local_task_job_runner.py:120} INFO - ::group::Pre task execution logs
[2025-07-29T15:46:08.882+0000] {taskinstance.py:2076} INFO - Dependencies all met for dep_context=non-requeueable deps ti=<TaskInstance: solar_ai_pipeline_2.fetch_data scheduled__2023-02-01T00:00:00+00:00 [queued]>
[2025-07-29T15:46:08.923+0000] {taskinstance.py:2076} INFO - Dependencies all met for dep_context=requeueable deps ti=<TaskInstance: solar_ai_pipeline_2.fetch_data scheduled__2023-02-01T00:00:00+00:00 [queued]>
[2025-07-29T15:46:08.925+0000] {taskinstance.py:2306} INFO - Starting attempt 1 of 2
[2025-07-29T15:46:09.037+0000] {taskinstance.py:2330} INFO - Executing <Task(PythonOperator): fetch_data> on 2023-02-01 00:00:00+00:00
[2025-07-29T15:46:09.047+0000] {standard_task_runner.py:63} INFO - Started process 3163 to run task
[2025-07-29T15:46:09.056+0000] {standard_task_runner.py:90} INFO - Running: ['airflow', 'tasks', 'run', 'solar_ai_pipeline_2', 'fetch_data', 'scheduled__2023-02-01T00:00:00+00:00', '--job-id', '1450', '--raw', '--subdir', 'DAGS_FOLDER/prophet_pipeline.py', '--cfg-path', '/tmp/tmp9gmgpy5h']
[2025-07-29T15:46:09.061+0000] {standard_task_runner.py:91} INFO - Job 1450: Subtask fetch_data
[2025-07-29T15:46:09.438+0000] {task_command.py:426} INFO - Running <TaskInstance: solar_ai_pipeline_2.fetch_data scheduled__2023-02-01T00:00:00+00:00 [running]> on host 4c586ddbbbe9
[2025-07-29T15:46:09.869+0000] {taskinstance.py:2648} INFO - Exporting env vars: AIRFLOW_CTX_DAG_OWNER='ensam' AIRFLOW_CTX_DAG_ID='solar_ai_pipeline_2' AIRFLOW_CTX_TASK_ID='fetch_data' AIRFLOW_CTX_EXECUTION_DATE='2023-02-01T00:00:00+00:00' AIRFLOW_CTX_TRY_NUMBER='1' AIRFLOW_CTX_DAG_RUN_ID='scheduled__2023-02-01T00:00:00+00:00'
[2025-07-29T15:46:09.871+0000] {taskinstance.py:430} INFO - ::endgroup::
[2025-07-29T15:46:22.407+0000] {logging_mixin.py:188} INFO - Données simulées pour 2023-02-01 sauvegardées dans dags/data/processed/simulated_solar_heating_2023-02-01.csv
[2025-07-29T15:46:22.414+0000] {logging_mixin.py:188} INFO - count     24.000000
mean     124.291721
std      184.877614
min        0.000000
25%        0.000000
50%        0.000000
75%      241.909250
max      500.137500
Name: solar_irradiance, dtype: float64
[2025-07-29T15:46:22.415+0000] {logging_mixin.py:188} INFO - 2023-02-01 00:00:00+01:00 → Altitude: -61.57
[2025-07-29T15:46:22.417+0000] {logging_mixin.py:188} INFO - NASA GHI response keys: ['2023020100', '2023020101', '2023020102', '2023020103', '2023020104', '2023020105', '2023020106', '2023020107', '2023020108', '2023020109', '2023020110', '2023020111', '2023020112', '2023020113', '2023020114', '2023020115', '2023020116', '2023020117', '2023020118', '2023020119', '2023020120', '2023020121', '2023020122', '2023020123']
[2025-07-29T15:46:22.418+0000] {logging_mixin.py:188} INFO - 2023-02-01 01:00:00+01:00 → Altitude: -70.93
[2025-07-29T15:46:22.419+0000] {logging_mixin.py:188} INFO - NASA GHI response keys: ['2023020100', '2023020101', '2023020102', '2023020103', '2023020104', '2023020105', '2023020106', '2023020107', '2023020108', '2023020109', '2023020110', '2023020111', '2023020112', '2023020113', '2023020114', '2023020115', '2023020116', '2023020117', '2023020118', '2023020119', '2023020120', '2023020121', '2023020122', '2023020123']
[2025-07-29T15:46:22.420+0000] {logging_mixin.py:188} INFO - 2023-02-01 02:00:00+01:00 → Altitude: -73.25
[2025-07-29T15:46:22.421+0000] {logging_mixin.py:188} INFO - NASA GHI response keys: ['2023020100', '2023020101', '2023020102', '2023020103', '2023020104', '2023020105', '2023020106', '2023020107', '2023020108', '2023020109', '2023020110', '2023020111', '2023020112', '2023020113', '2023020114', '2023020115', '2023020116', '2023020117', '2023020118', '2023020119', '2023020120', '2023020121', '2023020122', '2023020123']
[2025-07-29T15:46:22.423+0000] {logging_mixin.py:188} INFO - 2023-02-01 03:00:00+01:00 → Altitude: -66.34
[2025-07-29T15:46:22.424+0000] {logging_mixin.py:188} INFO - NASA GHI response keys: ['2023020100', '2023020101', '2023020102', '2023020103', '2023020104', '2023020105', '2023020106', '2023020107', '2023020108', '2023020109', '2023020110', '2023020111', '2023020112', '2023020113', '2023020114', '2023020115', '2023020116', '2023020117', '2023020118', '2023020119', '2023020120', '2023020121', '2023020122', '2023020123']
[2025-07-29T15:46:22.425+0000] {logging_mixin.py:188} INFO - 2023-02-01 04:00:00+01:00 → Altitude: -55.39
[2025-07-29T15:46:22.426+0000] {logging_mixin.py:188} INFO - NASA GHI response keys: ['2023020100', '2023020101', '2023020102', '2023020103', '2023020104', '2023020105', '2023020106', '2023020107', '2023020108', '2023020109', '2023020110', '2023020111', '2023020112', '2023020113', '2023020114', '2023020115', '2023020116', '2023020117', '2023020118', '2023020119', '2023020120', '2023020121', '2023020122', '2023020123']
[2025-07-29T15:46:22.427+0000] {logging_mixin.py:188} INFO - 2023-02-01 05:00:00+01:00 → Altitude: -43.25
[2025-07-29T15:46:22.428+0000] {logging_mixin.py:188} INFO - NASA GHI response keys: ['2023020100', '2023020101', '2023020102', '2023020103', '2023020104', '2023020105', '2023020106', '2023020107', '2023020108', '2023020109', '2023020110', '2023020111', '2023020112', '2023020113', '2023020114', '2023020115', '2023020116', '2023020117', '2023020118', '2023020119', '2023020120', '2023020121', '2023020122', '2023020123']
[2025-07-29T15:46:22.429+0000] {logging_mixin.py:188} INFO - 2023-02-01 06:00:00+01:00 → Altitude: -30.78
[2025-07-29T15:46:22.431+0000] {logging_mixin.py:188} INFO - NASA GHI response keys: ['2023020100', '2023020101', '2023020102', '2023020103', '2023020104', '2023020105', '2023020106', '2023020107', '2023020108', '2023020109', '2023020110', '2023020111', '2023020112', '2023020113', '2023020114', '2023020115', '2023020116', '2023020117', '2023020118', '2023020119', '2023020120', '2023020121', '2023020122', '2023020123']
[2025-07-29T15:46:22.432+0000] {logging_mixin.py:188} INFO - 2023-02-01 07:00:00+01:00 → Altitude: -18.32
[2025-07-29T15:46:22.433+0000] {logging_mixin.py:188} INFO - NASA GHI response keys: ['2023020100', '2023020101', '2023020102', '2023020103', '2023020104', '2023020105', '2023020106', '2023020107', '2023020108', '2023020109', '2023020110', '2023020111', '2023020112', '2023020113', '2023020114', '2023020115', '2023020116', '2023020117', '2023020118', '2023020119', '2023020120', '2023020121', '2023020122', '2023020123']
[2025-07-29T15:46:22.434+0000] {logging_mixin.py:188} INFO - 2023-02-01 08:00:00+01:00 → Altitude: -6.10
[2025-07-29T15:46:22.434+0000] {logging_mixin.py:188} INFO - NASA GHI response keys: ['2023020100', '2023020101', '2023020102', '2023020103', '2023020104', '2023020105', '2023020106', '2023020107', '2023020108', '2023020109', '2023020110', '2023020111', '2023020112', '2023020113', '2023020114', '2023020115', '2023020116', '2023020117', '2023020118', '2023020119', '2023020120', '2023020121', '2023020122', '2023020123']
[2025-07-29T15:46:22.435+0000] {logging_mixin.py:188} INFO - 2023-02-01 09:00:00+01:00 → Altitude: 5.69
[2025-07-29T15:46:22.436+0000] {logging_mixin.py:188} INFO - NASA GHI response keys: ['2023020100', '2023020101', '2023020102', '2023020103', '2023020104', '2023020105', '2023020106', '2023020107', '2023020108', '2023020109', '2023020110', '2023020111', '2023020112', '2023020113', '2023020114', '2023020115', '2023020116', '2023020117', '2023020118', '2023020119', '2023020120', '2023020121', '2023020122', '2023020123']
[2025-07-29T15:46:22.437+0000] {logging_mixin.py:188} INFO - 2023-02-01 10:00:00+01:00 → Altitude: 16.48
[2025-07-29T15:46:22.438+0000] {logging_mixin.py:188} INFO - NASA GHI response keys: ['2023020100', '2023020101', '2023020102', '2023020103', '2023020104', '2023020105', '2023020106', '2023020107', '2023020108', '2023020109', '2023020110', '2023020111', '2023020112', '2023020113', '2023020114', '2023020115', '2023020116', '2023020117', '2023020118', '2023020119', '2023020120', '2023020121', '2023020122', '2023020123']
[2025-07-29T15:46:22.438+0000] {logging_mixin.py:188} INFO - 2023-02-01 11:00:00+01:00 → Altitude: 26.04
[2025-07-29T15:46:22.439+0000] {logging_mixin.py:188} INFO - NASA GHI response keys: ['2023020100', '2023020101', '2023020102', '2023020103', '2023020104', '2023020105', '2023020106', '2023020107', '2023020108', '2023020109', '2023020110', '2023020111', '2023020112', '2023020113', '2023020114', '2023020115', '2023020116', '2023020117', '2023020118', '2023020119', '2023020120', '2023020121', '2023020122', '2023020123']
[2025-07-29T15:46:22.440+0000] {logging_mixin.py:188} INFO - 2023-02-01 12:00:00+01:00 → Altitude: 33.62
[2025-07-29T15:46:22.441+0000] {logging_mixin.py:188} INFO - NASA GHI response keys: ['2023020100', '2023020101', '2023020102', '2023020103', '2023020104', '2023020105', '2023020106', '2023020107', '2023020108', '2023020109', '2023020110', '2023020111', '2023020112', '2023020113', '2023020114', '2023020115', '2023020116', '2023020117', '2023020118', '2023020119', '2023020120', '2023020121', '2023020122', '2023020123']
[2025-07-29T15:46:22.442+0000] {logging_mixin.py:188} INFO - 2023-02-01 13:00:00+01:00 → Altitude: 38.29
[2025-07-29T15:46:22.442+0000] {logging_mixin.py:188} INFO - NASA GHI response keys: ['2023020100', '2023020101', '2023020102', '2023020103', '2023020104', '2023020105', '2023020106', '2023020107', '2023020108', '2023020109', '2023020110', '2023020111', '2023020112', '2023020113', '2023020114', '2023020115', '2023020116', '2023020117', '2023020118', '2023020119', '2023020120', '2023020121', '2023020122', '2023020123']
[2025-07-29T15:46:22.443+0000] {logging_mixin.py:188} INFO - 2023-02-01 14:00:00+01:00 → Altitude: 39.22
[2025-07-29T15:46:22.444+0000] {logging_mixin.py:188} INFO - NASA GHI response keys: ['2023020100', '2023020101', '2023020102', '2023020103', '2023020104', '2023020105', '2023020106', '2023020107', '2023020108', '2023020109', '2023020110', '2023020111', '2023020112', '2023020113', '2023020114', '2023020115', '2023020116', '2023020117', '2023020118', '2023020119', '2023020120', '2023020121', '2023020122', '2023020123']
[2025-07-29T15:46:22.444+0000] {logging_mixin.py:188} INFO - 2023-02-01 15:00:00+01:00 → Altitude: 36.23
[2025-07-29T15:46:22.445+0000] {logging_mixin.py:188} INFO - NASA GHI response keys: ['2023020100', '2023020101', '2023020102', '2023020103', '2023020104', '2023020105', '2023020106', '2023020107', '2023020108', '2023020109', '2023020110', '2023020111', '2023020112', '2023020113', '2023020114', '2023020115', '2023020116', '2023020117', '2023020118', '2023020119', '2023020120', '2023020121', '2023020122', '2023020123']
[2025-07-29T15:46:22.446+0000] {logging_mixin.py:188} INFO - 2023-02-01 16:00:00+01:00 → Altitude: 29.90
[2025-07-29T15:46:22.446+0000] {logging_mixin.py:188} INFO - NASA GHI response keys: ['2023020100', '2023020101', '2023020102', '2023020103', '2023020104', '2023020105', '2023020106', '2023020107', '2023020108', '2023020109', '2023020110', '2023020111', '2023020112', '2023020113', '2023020114', '2023020115', '2023020116', '2023020117', '2023020118', '2023020119', '2023020120', '2023020121', '2023020122', '2023020123']
[2025-07-29T15:46:22.447+0000] {logging_mixin.py:188} INFO - 2023-02-01 17:00:00+01:00 → Altitude: 21.16
[2025-07-29T15:46:22.448+0000] {logging_mixin.py:188} INFO - NASA GHI response keys: ['2023020100', '2023020101', '2023020102', '2023020103', '2023020104', '2023020105', '2023020106', '2023020107', '2023020108', '2023020109', '2023020110', '2023020111', '2023020112', '2023020113', '2023020114', '2023020115', '2023020116', '2023020117', '2023020118', '2023020119', '2023020120', '2023020121', '2023020122', '2023020123']
[2025-07-29T15:46:22.449+0000] {logging_mixin.py:188} INFO - 2023-02-01 18:00:00+01:00 → Altitude: 10.86
[2025-07-29T15:46:22.449+0000] {logging_mixin.py:188} INFO - NASA GHI response keys: ['2023020100', '2023020101', '2023020102', '2023020103', '2023020104', '2023020105', '2023020106', '2023020107', '2023020108', '2023020109', '2023020110', '2023020111', '2023020112', '2023020113', '2023020114', '2023020115', '2023020116', '2023020117', '2023020118', '2023020119', '2023020120', '2023020121', '2023020122', '2023020123']
[2025-07-29T15:46:22.450+0000] {logging_mixin.py:188} INFO - 2023-02-01 19:00:00+01:00 → Altitude: -0.00
[2025-07-29T15:46:22.451+0000] {logging_mixin.py:188} INFO - NASA GHI response keys: ['2023020100', '2023020101', '2023020102', '2023020103', '2023020104', '2023020105', '2023020106', '2023020107', '2023020108', '2023020109', '2023020110', '2023020111', '2023020112', '2023020113', '2023020114', '2023020115', '2023020116', '2023020117', '2023020118', '2023020119', '2023020120', '2023020121', '2023020122', '2023020123']
[2025-07-29T15:46:22.451+0000] {logging_mixin.py:188} INFO - 2023-02-01 20:00:00+01:00 → Altitude: -12.54
[2025-07-29T15:46:22.452+0000] {logging_mixin.py:188} INFO - NASA GHI response keys: ['2023020100', '2023020101', '2023020102', '2023020103', '2023020104', '2023020105', '2023020106', '2023020107', '2023020108', '2023020109', '2023020110', '2023020111', '2023020112', '2023020113', '2023020114', '2023020115', '2023020116', '2023020117', '2023020118', '2023020119', '2023020120', '2023020121', '2023020122', '2023020123']
[2025-07-29T15:46:22.453+0000] {logging_mixin.py:188} INFO - 2023-02-01 21:00:00+01:00 → Altitude: -24.90
[2025-07-29T15:46:22.453+0000] {logging_mixin.py:188} INFO - NASA GHI response keys: ['2023020100', '2023020101', '2023020102', '2023020103', '2023020104', '2023020105', '2023020106', '2023020107', '2023020108', '2023020109', '2023020110', '2023020111', '2023020112', '2023020113', '2023020114', '2023020115', '2023020116', '2023020117', '2023020118', '2023020119', '2023020120', '2023020121', '2023020122', '2023020123']
[2025-07-29T15:46:22.454+0000] {logging_mixin.py:188} INFO - 2023-02-01 22:00:00+01:00 → Altitude: -37.38
[2025-07-29T15:46:22.454+0000] {logging_mixin.py:188} INFO - NASA GHI response keys: ['2023020100', '2023020101', '2023020102', '2023020103', '2023020104', '2023020105', '2023020106', '2023020107', '2023020108', '2023020109', '2023020110', '2023020111', '2023020112', '2023020113', '2023020114', '2023020115', '2023020116', '2023020117', '2023020118', '2023020119', '2023020120', '2023020121', '2023020122', '2023020123']
[2025-07-29T15:46:22.455+0000] {logging_mixin.py:188} INFO - 2023-02-01 23:00:00+01:00 → Altitude: -49.72
[2025-07-29T15:46:22.456+0000] {logging_mixin.py:188} INFO - NASA GHI response keys: ['2023020100', '2023020101', '2023020102', '2023020103', '2023020104', '2023020105', '2023020106', '2023020107', '2023020108', '2023020109', '2023020110', '2023020111', '2023020112', '2023020113', '2023020114', '2023020115', '2023020116', '2023020117', '2023020118', '2023020119', '2023020120', '2023020121', '2023020122', '2023020123']
[2025-07-29T15:46:22.457+0000] {python.py:237} INFO - Done. Returned value was: None
[2025-07-29T15:46:22.458+0000] {taskinstance.py:441} INFO - ::group::Post task execution logs
[2025-07-29T15:46:22.483+0000] {taskinstance.py:1206} INFO - Marking task as SUCCESS. dag_id=solar_ai_pipeline_2, task_id=fetch_data, run_id=scheduled__2023-02-01T00:00:00+00:00, execution_date=20230201T000000, start_date=20250729T154608, end_date=20250729T154622
[2025-07-29T15:46:22.653+0000] {local_task_job_runner.py:240} INFO - Task exited with return code 0
[2025-07-29T15:46:22.733+0000] {taskinstance.py:3503} INFO - 1 downstream tasks scheduled from follow-on schedule check
[2025-07-29T15:46:22.870+0000] {local_task_job_runner.py:222} INFO - ::endgroup::
